<?xml version="1.0" encoding="UTF-8"?>
<testsuite name="com.roadmap.security.SecurityTest" tests="7" skipped="0" failures="0" errors="0" timestamp="2021-03-12T05:35:51" hostname="DESKTOP-MRB3AOK" time="1.51">
  <properties/>
  <testcase name="권한 페이지 화면 테스트 - 비회원" classname="com.roadmap.security.SecurityTest" time="0.013"/>
  <testcase name="메인 페이지 화면 테스트 - 비회원" classname="com.roadmap.security.SecurityTest" time="0.015"/>
  <testcase name="로그인 페이지 화면 테스트 - 비회원" classname="com.roadmap.security.SecurityTest" time="0.016"/>
  <testcase name="패스워드 인코딩 테스트" classname="com.roadmap.security.SecurityTest" time="0.135"/>
  <testcase name="권한 페이지 화면 테스트 - 회원" classname="com.roadmap.security.SecurityTest" time="0.421"/>
  <testcase name="로그인 페이지 화면 테스트 - 회원" classname="com.roadmap.security.SecurityTest" time="0.368"/>
  <testcase name="WithMember 테스트" classname="com.roadmap.security.SecurityTest" time="0.538"/>
  <system-out><![CDATA[2021-03-12 14:35:51.242  INFO 43004 --- [    Test worker] .b.t.c.SpringBootTestContextBootstrapper : Neither @ContextConfiguration nor @ContextHierarchy found for test class [com.roadmap.security.SecurityTest], using SpringBootContextLoader
2021-03-12 14:35:51.243  INFO 43004 --- [    Test worker] o.s.t.c.support.AbstractContextLoader    : Could not detect default resource locations for test class [com.roadmap.security.SecurityTest]: no resource found for suffixes {-context.xml, Context.groovy}.
2021-03-12 14:35:51.243  INFO 43004 --- [    Test worker] t.c.s.AnnotationConfigContextLoaderUtils : Could not detect default configuration classes for test class [com.roadmap.security.SecurityTest]: SecurityTest does not declare any static, non-private, non-final, nested classes annotated with @Configuration.
2021-03-12 14:35:51.252  INFO 43004 --- [    Test worker] .b.t.c.SpringBootTestContextBootstrapper : Found @SpringBootConfiguration com.roadmap.CoreApplication for test class com.roadmap.security.SecurityTest
2021-03-12 14:35:51.254  INFO 43004 --- [    Test worker] .b.t.c.SpringBootTestContextBootstrapper : Loaded default TestExecutionListener class names from location [META-INF/spring.factories]: [org.springframework.security.test.context.support.WithSecurityContextTestExecutionListener, org.springframework.security.test.context.support.ReactorContextTestExecutionListener, org.springframework.boot.test.autoconfigure.restdocs.RestDocsTestExecutionListener, org.springframework.boot.test.autoconfigure.web.client.MockRestServiceServerResetTestExecutionListener, org.springframework.boot.test.autoconfigure.web.servlet.MockMvcPrintOnlyOnFailureTestExecutionListener, org.springframework.boot.test.autoconfigure.web.servlet.WebDriverTestExecutionListener, org.springframework.boot.test.autoconfigure.webservices.client.MockWebServiceServerTestExecutionListener, org.springframework.boot.test.mock.mockito.MockitoTestExecutionListener, org.springframework.boot.test.mock.mockito.ResetMocksTestExecutionListener, org.springframework.test.context.web.ServletTestExecutionListener, org.springframework.test.context.support.DirtiesContextBeforeModesTestExecutionListener, org.springframework.test.context.support.DependencyInjectionTestExecutionListener, org.springframework.test.context.support.DirtiesContextTestExecutionListener, org.springframework.test.context.transaction.TransactionalTestExecutionListener, org.springframework.test.context.jdbc.SqlScriptsTestExecutionListener, org.springframework.test.context.event.EventPublishingTestExecutionListener]
2021-03-12 14:35:51.255  INFO 43004 --- [    Test worker] .b.t.c.SpringBootTestContextBootstrapper : Using TestExecutionListeners: [org.springframework.test.context.web.ServletTestExecutionListener@34286609, org.springframework.test.context.support.DirtiesContextBeforeModesTestExecutionListener@79c073b8, org.springframework.boot.test.mock.mockito.MockitoTestExecutionListener@7c0e7675, org.springframework.boot.test.autoconfigure.SpringBootDependencyInjectionTestExecutionListener@6b563261, org.springframework.test.context.support.DirtiesContextTestExecutionListener@1c39092c, org.springframework.test.context.transaction.TransactionalTestExecutionListener@661ee4a0, org.springframework.test.context.jdbc.SqlScriptsTestExecutionListener@69ac8bc8, org.springframework.security.test.context.support.WithSecurityContextTestExecutionListener@33b379a6, org.springframework.test.context.event.EventPublishingTestExecutionListener@67177695, org.springframework.security.test.context.support.ReactorContextTestExecutionListener@76bda533, org.springframework.boot.test.autoconfigure.restdocs.RestDocsTestExecutionListener@7b4282e7, org.springframework.boot.test.autoconfigure.web.client.MockRestServiceServerResetTestExecutionListener@5314aa60, org.springframework.boot.test.autoconfigure.web.servlet.MockMvcPrintOnlyOnFailureTestExecutionListener@f6bcd49, org.springframework.boot.test.autoconfigure.web.servlet.WebDriverTestExecutionListener@14e465aa, org.springframework.boot.test.autoconfigure.webservices.client.MockWebServiceServerTestExecutionListener@7b5e886b, org.springframework.boot.test.mock.mockito.ResetMocksTestExecutionListener@d6f7aca]
2021-03-12 14:35:51.259  INFO 43004 --- [    Test worker] o.s.t.c.transaction.TransactionContext   : Began transaction (1) for test context [DefaultTestContext@129c570a testClass = SecurityTest, testInstance = com.roadmap.security.SecurityTest@31fda045, testMethod = unauthTest@SecurityTest, testException = [null], mergedContextConfiguration = [WebMergedContextConfiguration@529ab259 testClass = SecurityTest, locations = '{}', classes = '{class com.roadmap.CoreApplication}', contextInitializerClasses = '[]', activeProfiles = '{}', propertySourceLocations = '{}', propertySourceProperties = '{org.springframework.boot.test.context.SpringBootTestContextBootstrapper=true}', contextCustomizers = set[org.springframework.boot.test.autoconfigure.properties.PropertyMappingContextCustomizer@4b3fa0b3, org.springframework.boot.test.autoconfigure.web.servlet.WebDriverContextCustomizerFactory$Customizer@36f3985, [ImportsContextCustomizer@28f0e022 key = [org.springframework.boot.test.autoconfigure.web.servlet.MockMvcAutoConfiguration, org.springframework.boot.test.autoconfigure.web.servlet.MockMvcWebClientAutoConfiguration, org.springframework.boot.test.autoconfigure.web.servlet.MockMvcWebDriverAutoConfiguration, org.springframework.boot.autoconfigure.security.oauth2.client.servlet.OAuth2ClientAutoConfiguration, org.springframework.boot.autoconfigure.security.oauth2.resource.servlet.OAuth2ResourceServerAutoConfiguration, org.springframework.boot.autoconfigure.security.servlet.SecurityAutoConfiguration, org.springframework.boot.autoconfigure.security.servlet.SecurityFilterAutoConfiguration, org.springframework.boot.autoconfigure.security.servlet.UserDetailsServiceAutoConfiguration, org.springframework.boot.test.autoconfigure.web.servlet.MockMvcSecurityConfiguration]], org.springframework.boot.test.context.filter.ExcludeFilterContextCustomizer@465bc06d, org.springframework.boot.test.json.DuplicateJsonObjectContextCustomizerFactory$DuplicateJsonObjectContextCustomizer@7bb6418b, org.springframework.boot.test.mock.mockito.MockitoContextCustomizer@0, org.springframework.boot.test.web.client.TestRestTemplateContextCustomizer@23d4aa12, org.springframework.boot.test.context.SpringBootTestArgs@1, org.springframework.boot.test.context.SpringBootTestWebEnvironment@3db94553], resourceBasePath = 'src/main/webapp', contextLoader = 'org.springframework.boot.test.context.SpringBootContextLoader', parent = [null]], attributes = map['org.springframework.test.context.web.ServletTestExecutionListener.activateListener' -> true, 'org.springframework.test.context.web.ServletTestExecutionListener.populatedRequestContextHolder' -> true, 'org.springframework.test.context.web.ServletTestExecutionListener.resetRequestContextHolder' -> true]]; transaction manager [org.springframework.orm.jpa.JpaTransactionManager@3a25d063]; rollback [true]
2021-03-12 14:35:51.261  INFO 43004 --- [    Test worker] com.roadmap.filter.ApiCheckFilter        : REQUESTURI : /check-email-token
2021-03-12 14:35:51.261  INFO 43004 --- [    Test worker] com.roadmap.filter.ApiCheckFilter        : false
2021-03-12 14:35:51.270  INFO 43004 --- [    Test worker] o.s.t.c.transaction.TransactionContext   : Rolled back transaction for test: [DefaultTestContext@129c570a testClass = SecurityTest, testInstance = com.roadmap.security.SecurityTest@31fda045, testMethod = unauthTest@SecurityTest, testException = [null], mergedContextConfiguration = [WebMergedContextConfiguration@529ab259 testClass = SecurityTest, locations = '{}', classes = '{class com.roadmap.CoreApplication}', contextInitializerClasses = '[]', activeProfiles = '{}', propertySourceLocations = '{}', propertySourceProperties = '{org.springframework.boot.test.context.SpringBootTestContextBootstrapper=true}', contextCustomizers = set[org.springframework.boot.test.autoconfigure.properties.PropertyMappingContextCustomizer@4b3fa0b3, org.springframework.boot.test.autoconfigure.web.servlet.WebDriverContextCustomizerFactory$Customizer@36f3985, [ImportsContextCustomizer@28f0e022 key = [org.springframework.boot.test.autoconfigure.web.servlet.MockMvcAutoConfiguration, org.springframework.boot.test.autoconfigure.web.servlet.MockMvcWebClientAutoConfiguration, org.springframework.boot.test.autoconfigure.web.servlet.MockMvcWebDriverAutoConfiguration, org.springframework.boot.autoconfigure.security.oauth2.client.servlet.OAuth2ClientAutoConfiguration, org.springframework.boot.autoconfigure.security.oauth2.resource.servlet.OAuth2ResourceServerAutoConfiguration, org.springframework.boot.autoconfigure.security.servlet.SecurityAutoConfiguration, org.springframework.boot.autoconfigure.security.servlet.SecurityFilterAutoConfiguration, org.springframework.boot.autoconfigure.security.servlet.UserDetailsServiceAutoConfiguration, org.springframework.boot.test.autoconfigure.web.servlet.MockMvcSecurityConfiguration]], org.springframework.boot.test.context.filter.ExcludeFilterContextCustomizer@465bc06d, org.springframework.boot.test.json.DuplicateJsonObjectContextCustomizerFactory$DuplicateJsonObjectContextCustomizer@7bb6418b, org.springframework.boot.test.mock.mockito.MockitoContextCustomizer@0, org.springframework.boot.test.web.client.TestRestTemplateContextCustomizer@23d4aa12, org.springframework.boot.test.context.SpringBootTestArgs@1, org.springframework.boot.test.context.SpringBootTestWebEnvironment@3db94553], resourceBasePath = 'src/main/webapp', contextLoader = 'org.springframework.boot.test.context.SpringBootContextLoader', parent = [null]], attributes = map['org.springframework.test.context.web.ServletTestExecutionListener.activateListener' -> true, 'org.springframework.test.context.web.ServletTestExecutionListener.populatedRequestContextHolder' -> true, 'org.springframework.test.context.web.ServletTestExecutionListener.resetRequestContextHolder' -> true]]
2021-03-12 14:35:51.271  INFO 43004 --- [    Test worker] o.s.t.c.transaction.TransactionContext   : Began transaction (1) for test context [DefaultTestContext@129c570a testClass = SecurityTest, testInstance = com.roadmap.security.SecurityTest@1bcc1f0, testMethod = mainGetTest@SecurityTest, testException = [null], mergedContextConfiguration = [WebMergedContextConfiguration@529ab259 testClass = SecurityTest, locations = '{}', classes = '{class com.roadmap.CoreApplication}', contextInitializerClasses = '[]', activeProfiles = '{}', propertySourceLocations = '{}', propertySourceProperties = '{org.springframework.boot.test.context.SpringBootTestContextBootstrapper=true}', contextCustomizers = set[org.springframework.boot.test.autoconfigure.properties.PropertyMappingContextCustomizer@4b3fa0b3, org.springframework.boot.test.autoconfigure.web.servlet.WebDriverContextCustomizerFactory$Customizer@36f3985, [ImportsContextCustomizer@28f0e022 key = [org.springframework.boot.test.autoconfigure.web.servlet.MockMvcAutoConfiguration, org.springframework.boot.test.autoconfigure.web.servlet.MockMvcWebClientAutoConfiguration, org.springframework.boot.test.autoconfigure.web.servlet.MockMvcWebDriverAutoConfiguration, org.springframework.boot.autoconfigure.security.oauth2.client.servlet.OAuth2ClientAutoConfiguration, org.springframework.boot.autoconfigure.security.oauth2.resource.servlet.OAuth2ResourceServerAutoConfiguration, org.springframework.boot.autoconfigure.security.servlet.SecurityAutoConfiguration, org.springframework.boot.autoconfigure.security.servlet.SecurityFilterAutoConfiguration, org.springframework.boot.autoconfigure.security.servlet.UserDetailsServiceAutoConfiguration, org.springframework.boot.test.autoconfigure.web.servlet.MockMvcSecurityConfiguration]], org.springframework.boot.test.context.filter.ExcludeFilterContextCustomizer@465bc06d, org.springframework.boot.test.json.DuplicateJsonObjectContextCustomizerFactory$DuplicateJsonObjectContextCustomizer@7bb6418b, org.springframework.boot.test.mock.mockito.MockitoContextCustomizer@0, org.springframework.boot.test.web.client.TestRestTemplateContextCustomizer@23d4aa12, org.springframework.boot.test.context.SpringBootTestArgs@1, org.springframework.boot.test.context.SpringBootTestWebEnvironment@3db94553], resourceBasePath = 'src/main/webapp', contextLoader = 'org.springframework.boot.test.context.SpringBootContextLoader', parent = [null]], attributes = map['org.springframework.test.context.web.ServletTestExecutionListener.activateListener' -> true, 'org.springframework.test.context.web.ServletTestExecutionListener.populatedRequestContextHolder' -> true, 'org.springframework.test.context.web.ServletTestExecutionListener.resetRequestContextHolder' -> true]]; transaction manager [org.springframework.orm.jpa.JpaTransactionManager@3a25d063]; rollback [true]
2021-03-12 14:35:51.274  INFO 43004 --- [    Test worker] com.roadmap.filter.ApiCheckFilter        : REQUESTURI : /
2021-03-12 14:35:51.274  INFO 43004 --- [    Test worker] com.roadmap.filter.ApiCheckFilter        : false
2021-03-12 14:35:51.286  INFO 43004 --- [    Test worker] o.s.t.c.transaction.TransactionContext   : Rolled back transaction for test: [DefaultTestContext@129c570a testClass = SecurityTest, testInstance = com.roadmap.security.SecurityTest@1bcc1f0, testMethod = mainGetTest@SecurityTest, testException = [null], mergedContextConfiguration = [WebMergedContextConfiguration@529ab259 testClass = SecurityTest, locations = '{}', classes = '{class com.roadmap.CoreApplication}', contextInitializerClasses = '[]', activeProfiles = '{}', propertySourceLocations = '{}', propertySourceProperties = '{org.springframework.boot.test.context.SpringBootTestContextBootstrapper=true}', contextCustomizers = set[org.springframework.boot.test.autoconfigure.properties.PropertyMappingContextCustomizer@4b3fa0b3, org.springframework.boot.test.autoconfigure.web.servlet.WebDriverContextCustomizerFactory$Customizer@36f3985, [ImportsContextCustomizer@28f0e022 key = [org.springframework.boot.test.autoconfigure.web.servlet.MockMvcAutoConfiguration, org.springframework.boot.test.autoconfigure.web.servlet.MockMvcWebClientAutoConfiguration, org.springframework.boot.test.autoconfigure.web.servlet.MockMvcWebDriverAutoConfiguration, org.springframework.boot.autoconfigure.security.oauth2.client.servlet.OAuth2ClientAutoConfiguration, org.springframework.boot.autoconfigure.security.oauth2.resource.servlet.OAuth2ResourceServerAutoConfiguration, org.springframework.boot.autoconfigure.security.servlet.SecurityAutoConfiguration, org.springframework.boot.autoconfigure.security.servlet.SecurityFilterAutoConfiguration, org.springframework.boot.autoconfigure.security.servlet.UserDetailsServiceAutoConfiguration, org.springframework.boot.test.autoconfigure.web.servlet.MockMvcSecurityConfiguration]], org.springframework.boot.test.context.filter.ExcludeFilterContextCustomizer@465bc06d, org.springframework.boot.test.json.DuplicateJsonObjectContextCustomizerFactory$DuplicateJsonObjectContextCustomizer@7bb6418b, org.springframework.boot.test.mock.mockito.MockitoContextCustomizer@0, org.springframework.boot.test.web.client.TestRestTemplateContextCustomizer@23d4aa12, org.springframework.boot.test.context.SpringBootTestArgs@1, org.springframework.boot.test.context.SpringBootTestWebEnvironment@3db94553], resourceBasePath = 'src/main/webapp', contextLoader = 'org.springframework.boot.test.context.SpringBootContextLoader', parent = [null]], attributes = map['org.springframework.test.context.web.ServletTestExecutionListener.activateListener' -> true, 'org.springframework.test.context.web.ServletTestExecutionListener.populatedRequestContextHolder' -> true, 'org.springframework.test.context.web.ServletTestExecutionListener.resetRequestContextHolder' -> true]]
2021-03-12 14:35:51.287  INFO 43004 --- [    Test worker] o.s.t.c.transaction.TransactionContext   : Began transaction (1) for test context [DefaultTestContext@129c570a testClass = SecurityTest, testInstance = com.roadmap.security.SecurityTest@2b543057, testMethod = loginGetTest@SecurityTest, testException = [null], mergedContextConfiguration = [WebMergedContextConfiguration@529ab259 testClass = SecurityTest, locations = '{}', classes = '{class com.roadmap.CoreApplication}', contextInitializerClasses = '[]', activeProfiles = '{}', propertySourceLocations = '{}', propertySourceProperties = '{org.springframework.boot.test.context.SpringBootTestContextBootstrapper=true}', contextCustomizers = set[org.springframework.boot.test.autoconfigure.properties.PropertyMappingContextCustomizer@4b3fa0b3, org.springframework.boot.test.autoconfigure.web.servlet.WebDriverContextCustomizerFactory$Customizer@36f3985, [ImportsContextCustomizer@28f0e022 key = [org.springframework.boot.test.autoconfigure.web.servlet.MockMvcAutoConfiguration, org.springframework.boot.test.autoconfigure.web.servlet.MockMvcWebClientAutoConfiguration, org.springframework.boot.test.autoconfigure.web.servlet.MockMvcWebDriverAutoConfiguration, org.springframework.boot.autoconfigure.security.oauth2.client.servlet.OAuth2ClientAutoConfiguration, org.springframework.boot.autoconfigure.security.oauth2.resource.servlet.OAuth2ResourceServerAutoConfiguration, org.springframework.boot.autoconfigure.security.servlet.SecurityAutoConfiguration, org.springframework.boot.autoconfigure.security.servlet.SecurityFilterAutoConfiguration, org.springframework.boot.autoconfigure.security.servlet.UserDetailsServiceAutoConfiguration, org.springframework.boot.test.autoconfigure.web.servlet.MockMvcSecurityConfiguration]], org.springframework.boot.test.context.filter.ExcludeFilterContextCustomizer@465bc06d, org.springframework.boot.test.json.DuplicateJsonObjectContextCustomizerFactory$DuplicateJsonObjectContextCustomizer@7bb6418b, org.springframework.boot.test.mock.mockito.MockitoContextCustomizer@0, org.springframework.boot.test.web.client.TestRestTemplateContextCustomizer@23d4aa12, org.springframework.boot.test.context.SpringBootTestArgs@1, org.springframework.boot.test.context.SpringBootTestWebEnvironment@3db94553], resourceBasePath = 'src/main/webapp', contextLoader = 'org.springframework.boot.test.context.SpringBootContextLoader', parent = [null]], attributes = map['org.springframework.test.context.web.ServletTestExecutionListener.activateListener' -> true, 'org.springframework.test.context.web.ServletTestExecutionListener.populatedRequestContextHolder' -> true, 'org.springframework.test.context.web.ServletTestExecutionListener.resetRequestContextHolder' -> true]]; transaction manager [org.springframework.orm.jpa.JpaTransactionManager@3a25d063]; rollback [true]
2021-03-12 14:35:51.289  INFO 43004 --- [    Test worker] com.roadmap.filter.ApiCheckFilter        : REQUESTURI : /login
2021-03-12 14:35:51.289  INFO 43004 --- [    Test worker] com.roadmap.filter.ApiCheckFilter        : false
2021-03-12 14:35:51.303  INFO 43004 --- [    Test worker] o.s.t.c.transaction.TransactionContext   : Rolled back transaction for test: [DefaultTestContext@129c570a testClass = SecurityTest, testInstance = com.roadmap.security.SecurityTest@2b543057, testMethod = loginGetTest@SecurityTest, testException = [null], mergedContextConfiguration = [WebMergedContextConfiguration@529ab259 testClass = SecurityTest, locations = '{}', classes = '{class com.roadmap.CoreApplication}', contextInitializerClasses = '[]', activeProfiles = '{}', propertySourceLocations = '{}', propertySourceProperties = '{org.springframework.boot.test.context.SpringBootTestContextBootstrapper=true}', contextCustomizers = set[org.springframework.boot.test.autoconfigure.properties.PropertyMappingContextCustomizer@4b3fa0b3, org.springframework.boot.test.autoconfigure.web.servlet.WebDriverContextCustomizerFactory$Customizer@36f3985, [ImportsContextCustomizer@28f0e022 key = [org.springframework.boot.test.autoconfigure.web.servlet.MockMvcAutoConfiguration, org.springframework.boot.test.autoconfigure.web.servlet.MockMvcWebClientAutoConfiguration, org.springframework.boot.test.autoconfigure.web.servlet.MockMvcWebDriverAutoConfiguration, org.springframework.boot.autoconfigure.security.oauth2.client.servlet.OAuth2ClientAutoConfiguration, org.springframework.boot.autoconfigure.security.oauth2.resource.servlet.OAuth2ResourceServerAutoConfiguration, org.springframework.boot.autoconfigure.security.servlet.SecurityAutoConfiguration, org.springframework.boot.autoconfigure.security.servlet.SecurityFilterAutoConfiguration, org.springframework.boot.autoconfigure.security.servlet.UserDetailsServiceAutoConfiguration, org.springframework.boot.test.autoconfigure.web.servlet.MockMvcSecurityConfiguration]], org.springframework.boot.test.context.filter.ExcludeFilterContextCustomizer@465bc06d, org.springframework.boot.test.json.DuplicateJsonObjectContextCustomizerFactory$DuplicateJsonObjectContextCustomizer@7bb6418b, org.springframework.boot.test.mock.mockito.MockitoContextCustomizer@0, org.springframework.boot.test.web.client.TestRestTemplateContextCustomizer@23d4aa12, org.springframework.boot.test.context.SpringBootTestArgs@1, org.springframework.boot.test.context.SpringBootTestWebEnvironment@3db94553], resourceBasePath = 'src/main/webapp', contextLoader = 'org.springframework.boot.test.context.SpringBootContextLoader', parent = [null]], attributes = map['org.springframework.test.context.web.ServletTestExecutionListener.activateListener' -> true, 'org.springframework.test.context.web.ServletTestExecutionListener.populatedRequestContextHolder' -> true, 'org.springframework.test.context.web.ServletTestExecutionListener.resetRequestContextHolder' -> true]]
2021-03-12 14:35:51.304  INFO 43004 --- [    Test worker] o.s.t.c.transaction.TransactionContext   : Began transaction (1) for test context [DefaultTestContext@129c570a testClass = SecurityTest, testInstance = com.roadmap.security.SecurityTest@675b555d, testMethod = passwordTest@SecurityTest, testException = [null], mergedContextConfiguration = [WebMergedContextConfiguration@529ab259 testClass = SecurityTest, locations = '{}', classes = '{class com.roadmap.CoreApplication}', contextInitializerClasses = '[]', activeProfiles = '{}', propertySourceLocations = '{}', propertySourceProperties = '{org.springframework.boot.test.context.SpringBootTestContextBootstrapper=true}', contextCustomizers = set[org.springframework.boot.test.autoconfigure.properties.PropertyMappingContextCustomizer@4b3fa0b3, org.springframework.boot.test.autoconfigure.web.servlet.WebDriverContextCustomizerFactory$Customizer@36f3985, [ImportsContextCustomizer@28f0e022 key = [org.springframework.boot.test.autoconfigure.web.servlet.MockMvcAutoConfiguration, org.springframework.boot.test.autoconfigure.web.servlet.MockMvcWebClientAutoConfiguration, org.springframework.boot.test.autoconfigure.web.servlet.MockMvcWebDriverAutoConfiguration, org.springframework.boot.autoconfigure.security.oauth2.client.servlet.OAuth2ClientAutoConfiguration, org.springframework.boot.autoconfigure.security.oauth2.resource.servlet.OAuth2ResourceServerAutoConfiguration, org.springframework.boot.autoconfigure.security.servlet.SecurityAutoConfiguration, org.springframework.boot.autoconfigure.security.servlet.SecurityFilterAutoConfiguration, org.springframework.boot.autoconfigure.security.servlet.UserDetailsServiceAutoConfiguration, org.springframework.boot.test.autoconfigure.web.servlet.MockMvcSecurityConfiguration]], org.springframework.boot.test.context.filter.ExcludeFilterContextCustomizer@465bc06d, org.springframework.boot.test.json.DuplicateJsonObjectContextCustomizerFactory$DuplicateJsonObjectContextCustomizer@7bb6418b, org.springframework.boot.test.mock.mockito.MockitoContextCustomizer@0, org.springframework.boot.test.web.client.TestRestTemplateContextCustomizer@23d4aa12, org.springframework.boot.test.context.SpringBootTestArgs@1, org.springframework.boot.test.context.SpringBootTestWebEnvironment@3db94553], resourceBasePath = 'src/main/webapp', contextLoader = 'org.springframework.boot.test.context.SpringBootContextLoader', parent = [null]], attributes = map['org.springframework.test.context.web.ServletTestExecutionListener.activateListener' -> true, 'org.springframework.test.context.web.ServletTestExecutionListener.populatedRequestContextHolder' -> true, 'org.springframework.test.context.web.ServletTestExecutionListener.resetRequestContextHolder' -> true]]; transaction manager [org.springframework.orm.jpa.JpaTransactionManager@3a25d063]; rollback [true]
2021-03-12 14:35:51.437  INFO 43004 --- [    Test worker] com.roadmap.security.SecurityTest        : encoded password : {bcrypt}$2a$10$v8i7Cilhxmu.mwR7Q8I.C.15vLuVKo.l9/FcBN/i1JMlVyQZ7k9F.
2021-03-12 14:35:51.439  INFO 43004 --- [    Test worker] o.s.t.c.transaction.TransactionContext   : Rolled back transaction for test: [DefaultTestContext@129c570a testClass = SecurityTest, testInstance = com.roadmap.security.SecurityTest@675b555d, testMethod = passwordTest@SecurityTest, testException = [null], mergedContextConfiguration = [WebMergedContextConfiguration@529ab259 testClass = SecurityTest, locations = '{}', classes = '{class com.roadmap.CoreApplication}', contextInitializerClasses = '[]', activeProfiles = '{}', propertySourceLocations = '{}', propertySourceProperties = '{org.springframework.boot.test.context.SpringBootTestContextBootstrapper=true}', contextCustomizers = set[org.springframework.boot.test.autoconfigure.properties.PropertyMappingContextCustomizer@4b3fa0b3, org.springframework.boot.test.autoconfigure.web.servlet.WebDriverContextCustomizerFactory$Customizer@36f3985, [ImportsContextCustomizer@28f0e022 key = [org.springframework.boot.test.autoconfigure.web.servlet.MockMvcAutoConfiguration, org.springframework.boot.test.autoconfigure.web.servlet.MockMvcWebClientAutoConfiguration, org.springframework.boot.test.autoconfigure.web.servlet.MockMvcWebDriverAutoConfiguration, org.springframework.boot.autoconfigure.security.oauth2.client.servlet.OAuth2ClientAutoConfiguration, org.springframework.boot.autoconfigure.security.oauth2.resource.servlet.OAuth2ResourceServerAutoConfiguration, org.springframework.boot.autoconfigure.security.servlet.SecurityAutoConfiguration, org.springframework.boot.autoconfigure.security.servlet.SecurityFilterAutoConfiguration, org.springframework.boot.autoconfigure.security.servlet.UserDetailsServiceAutoConfiguration, org.springframework.boot.test.autoconfigure.web.servlet.MockMvcSecurityConfiguration]], org.springframework.boot.test.context.filter.ExcludeFilterContextCustomizer@465bc06d, org.springframework.boot.test.json.DuplicateJsonObjectContextCustomizerFactory$DuplicateJsonObjectContextCustomizer@7bb6418b, org.springframework.boot.test.mock.mockito.MockitoContextCustomizer@0, org.springframework.boot.test.web.client.TestRestTemplateContextCustomizer@23d4aa12, org.springframework.boot.test.context.SpringBootTestArgs@1, org.springframework.boot.test.context.SpringBootTestWebEnvironment@3db94553], resourceBasePath = 'src/main/webapp', contextLoader = 'org.springframework.boot.test.context.SpringBootContextLoader', parent = [null]], attributes = map['org.springframework.test.context.web.ServletTestExecutionListener.activateListener' -> true, 'org.springframework.test.context.web.ServletTestExecutionListener.populatedRequestContextHolder' -> true, 'org.springframework.test.context.web.ServletTestExecutionListener.resetRequestContextHolder' -> true]]
2021-03-12 14:35:51.440  INFO 43004 --- [    Test worker] o.s.t.c.transaction.TransactionContext   : Began transaction (1) for test context [DefaultTestContext@129c570a testClass = SecurityTest, testInstance = com.roadmap.security.SecurityTest@49e526ae, testMethod = authTest@SecurityTest, testException = [null], mergedContextConfiguration = [WebMergedContextConfiguration@529ab259 testClass = SecurityTest, locations = '{}', classes = '{class com.roadmap.CoreApplication}', contextInitializerClasses = '[]', activeProfiles = '{}', propertySourceLocations = '{}', propertySourceProperties = '{org.springframework.boot.test.context.SpringBootTestContextBootstrapper=true}', contextCustomizers = set[org.springframework.boot.test.autoconfigure.properties.PropertyMappingContextCustomizer@4b3fa0b3, org.springframework.boot.test.autoconfigure.web.servlet.WebDriverContextCustomizerFactory$Customizer@36f3985, [ImportsContextCustomizer@28f0e022 key = [org.springframework.boot.test.autoconfigure.web.servlet.MockMvcAutoConfiguration, org.springframework.boot.test.autoconfigure.web.servlet.MockMvcWebClientAutoConfiguration, org.springframework.boot.test.autoconfigure.web.servlet.MockMvcWebDriverAutoConfiguration, org.springframework.boot.autoconfigure.security.oauth2.client.servlet.OAuth2ClientAutoConfiguration, org.springframework.boot.autoconfigure.security.oauth2.resource.servlet.OAuth2ResourceServerAutoConfiguration, org.springframework.boot.autoconfigure.security.servlet.SecurityAutoConfiguration, org.springframework.boot.autoconfigure.security.servlet.SecurityFilterAutoConfiguration, org.springframework.boot.autoconfigure.security.servlet.UserDetailsServiceAutoConfiguration, org.springframework.boot.test.autoconfigure.web.servlet.MockMvcSecurityConfiguration]], org.springframework.boot.test.context.filter.ExcludeFilterContextCustomizer@465bc06d, org.springframework.boot.test.json.DuplicateJsonObjectContextCustomizerFactory$DuplicateJsonObjectContextCustomizer@7bb6418b, org.springframework.boot.test.mock.mockito.MockitoContextCustomizer@0, org.springframework.boot.test.web.client.TestRestTemplateContextCustomizer@23d4aa12, org.springframework.boot.test.context.SpringBootTestArgs@1, org.springframework.boot.test.context.SpringBootTestWebEnvironment@3db94553], resourceBasePath = 'src/main/webapp', contextLoader = 'org.springframework.boot.test.context.SpringBootContextLoader', parent = [null]], attributes = map['org.springframework.test.context.web.ServletTestExecutionListener.activateListener' -> true, 'org.springframework.test.context.web.ServletTestExecutionListener.populatedRequestContextHolder' -> true, 'org.springframework.test.context.web.ServletTestExecutionListener.resetRequestContextHolder' -> true]]; transaction manager [org.springframework.orm.jpa.JpaTransactionManager@3a25d063]; rollback [true]
2021-03-12 14:35:51.504  INFO 43004 --- [    Test worker] com.roadmap.service.MemberService        : email send signup confirm Email link : /check-email-token?token=a55b115b-9a41-4b94-ad01-7bc0cbfef69e&email=epepep@email.com
2021-03-12 14:35:51.505 DEBUG 43004 --- [    Test worker] org.hibernate.SQL                        : 
    select
        nextval ('hibernate_sequence')
2021-03-12 14:35:51.554 DEBUG 43004 --- [    Test worker] org.hibernate.SQL                        : 
    insert 
    into
        member
        (moddate, regdate, bio, email, email_check_token, email_check_token_generated_at, email_verified, from_social, joined_at, loc_id, nickname, occupation, password, profile_image, roadmap_created_by_email, roadmap_created_by_web, roadmap_enrollment_result_by_email, roadmap_enrollment_result_by_web, roadmap_updated_by_email, roadmap_updated_by_web, url, id) 
    values
        (?, ?, ?, ?, ?, ?, ?, ?, ?, ?, ?, ?, ?, ?, ?, ?, ?, ?, ?, ?, ?, ?)
2021-03-12 14:35:51.554 TRACE 43004 --- [    Test worker] o.h.type.descriptor.sql.BasicBinder      : binding parameter [1] as [TIMESTAMP] - [2021-03-12T14:35:51.504539800]
2021-03-12 14:35:51.554 TRACE 43004 --- [    Test worker] o.h.type.descriptor.sql.BasicBinder      : binding parameter [2] as [TIMESTAMP] - [2021-03-12T14:35:51.504539800]
2021-03-12 14:35:51.554 TRACE 43004 --- [    Test worker] o.h.type.descriptor.sql.BasicBinder      : binding parameter [3] as [VARCHAR] - [null]
2021-03-12 14:35:51.554 TRACE 43004 --- [    Test worker] o.h.type.descriptor.sql.BasicBinder      : binding parameter [4] as [VARCHAR] - [epepep@email.com]
2021-03-12 14:35:51.554 TRACE 43004 --- [    Test worker] o.h.type.descriptor.sql.BasicBinder      : binding parameter [5] as [VARCHAR] - [a55b115b-9a41-4b94-ad01-7bc0cbfef69e]
2021-03-12 14:35:51.554 TRACE 43004 --- [    Test worker] o.h.type.descriptor.sql.BasicBinder      : binding parameter [6] as [TIMESTAMP] - [2021-03-12T14:35:51.504539800]
2021-03-12 14:35:51.554 TRACE 43004 --- [    Test worker] o.h.type.descriptor.sql.BasicBinder      : binding parameter [7] as [BOOLEAN] - [false]
2021-03-12 14:35:51.554 TRACE 43004 --- [    Test worker] o.h.type.descriptor.sql.BasicBinder      : binding parameter [8] as [BOOLEAN] - [false]
2021-03-12 14:35:51.554 TRACE 43004 --- [    Test worker] o.h.type.descriptor.sql.BasicBinder      : binding parameter [9] as [TIMESTAMP] - [2021-03-12T14:35:51.504539800]
2021-03-12 14:35:51.554 TRACE 43004 --- [    Test worker] o.h.type.descriptor.sql.BasicBinder      : binding parameter [10] as [BIGINT] - [null]
2021-03-12 14:35:51.554 TRACE 43004 --- [    Test worker] o.h.type.descriptor.sql.BasicBinder      : binding parameter [11] as [VARCHAR] - [epepep]
2021-03-12 14:35:51.554 TRACE 43004 --- [    Test worker] o.h.type.descriptor.sql.BasicBinder      : binding parameter [12] as [VARCHAR] - [null]
2021-03-12 14:35:51.554 TRACE 43004 --- [    Test worker] o.h.type.descriptor.sql.BasicBinder      : binding parameter [13] as [VARCHAR] - [{bcrypt}$2a$10$IIMe4.lNCQO8YVDa8K9Iz.L.QhMlxytIQx.LdHoHBU1Z2NtYjgWLy]
2021-03-12 14:35:51.554 TRACE 43004 --- [    Test worker] o.h.type.descriptor.sql.BasicBinder      : binding parameter [14] as [CLOB] - [null]
2021-03-12 14:35:51.554 TRACE 43004 --- [    Test worker] o.h.type.descriptor.sql.BasicBinder      : binding parameter [15] as [BOOLEAN] - [false]
2021-03-12 14:35:51.554 TRACE 43004 --- [    Test worker] o.h.type.descriptor.sql.BasicBinder      : binding parameter [16] as [BOOLEAN] - [true]
2021-03-12 14:35:51.554 TRACE 43004 --- [    Test worker] o.h.type.descriptor.sql.BasicBinder      : binding parameter [17] as [BOOLEAN] - [false]
2021-03-12 14:35:51.554 TRACE 43004 --- [    Test worker] o.h.type.descriptor.sql.BasicBinder      : binding parameter [18] as [BOOLEAN] - [true]
2021-03-12 14:35:51.554 TRACE 43004 --- [    Test worker] o.h.type.descriptor.sql.BasicBinder      : binding parameter [19] as [BOOLEAN] - [false]
2021-03-12 14:35:51.554 TRACE 43004 --- [    Test worker] o.h.type.descriptor.sql.BasicBinder      : binding parameter [20] as [BOOLEAN] - [true]
2021-03-12 14:35:51.554 TRACE 43004 --- [    Test worker] o.h.type.descriptor.sql.BasicBinder      : binding parameter [21] as [VARCHAR] - [null]
2021-03-12 14:35:51.554 TRACE 43004 --- [    Test worker] o.h.type.descriptor.sql.BasicBinder      : binding parameter [22] as [BIGINT] - [109]
2021-03-12 14:35:51.603 DEBUG 43004 --- [    Test worker] org.hibernate.SQL                        : 
    insert 
    into
        member_role_set
        (member_id, role_set) 
    values
        (?, ?)
2021-03-12 14:35:51.603 TRACE 43004 --- [    Test worker] o.h.type.descriptor.sql.BasicBinder      : binding parameter [1] as [BIGINT] - [109]
2021-03-12 14:35:51.603 TRACE 43004 --- [    Test worker] o.h.type.descriptor.sql.BasicBinder      : binding parameter [2] as [VARCHAR] - [USER]
2021-03-12 14:35:51.651 DEBUG 43004 --- [    Test worker] org.hibernate.SQL                        : 
    select
        member0_.id as id1_3_,
        member0_.moddate as moddate2_3_,
        member0_.regdate as regdate3_3_,
        member0_.bio as bio4_3_,
        member0_.email as email5_3_,
        member0_.email_check_token as email_ch6_3_,
        member0_.email_check_token_generated_at as email_ch7_3_,
        member0_.email_verified as email_ve8_3_,
        member0_.from_social as from_soc9_3_,
        member0_.joined_at as joined_10_3_,
        member0_.loc_id as loc_id22_3_,
        member0_.nickname as nicknam11_3_,
        member0_.occupation as occupat12_3_,
        member0_.password as passwor13_3_,
        member0_.profile_image as profile14_3_,
        member0_.roadmap_created_by_email as roadmap15_3_,
        member0_.roadmap_created_by_web as roadmap16_3_,
        member0_.roadmap_enrollment_result_by_email as roadmap17_3_,
        member0_.roadmap_enrollment_result_by_web as roadmap18_3_,
        member0_.roadmap_updated_by_email as roadmap19_3_,
        member0_.roadmap_updated_by_web as roadmap20_3_,
        member0_.url as url21_3_ 
    from
        member member0_ 
    where
        member0_.email=?
2021-03-12 14:35:51.651 TRACE 43004 --- [    Test worker] o.h.type.descriptor.sql.BasicBinder      : binding parameter [1] as [VARCHAR] - [epepep]
2021-03-12 14:35:51.694 DEBUG 43004 --- [    Test worker] org.hibernate.SQL                        : 
    select
        member0_.id as id1_3_,
        member0_.moddate as moddate2_3_,
        member0_.regdate as regdate3_3_,
        member0_.bio as bio4_3_,
        member0_.email as email5_3_,
        member0_.email_check_token as email_ch6_3_,
        member0_.email_check_token_generated_at as email_ch7_3_,
        member0_.email_verified as email_ve8_3_,
        member0_.from_social as from_soc9_3_,
        member0_.joined_at as joined_10_3_,
        member0_.loc_id as loc_id22_3_,
        member0_.nickname as nicknam11_3_,
        member0_.occupation as occupat12_3_,
        member0_.password as passwor13_3_,
        member0_.profile_image as profile14_3_,
        member0_.roadmap_created_by_email as roadmap15_3_,
        member0_.roadmap_created_by_web as roadmap16_3_,
        member0_.roadmap_enrollment_result_by_email as roadmap17_3_,
        member0_.roadmap_enrollment_result_by_web as roadmap18_3_,
        member0_.roadmap_updated_by_email as roadmap19_3_,
        member0_.roadmap_updated_by_web as roadmap20_3_,
        member0_.url as url21_3_ 
    from
        member member0_ 
    where
        member0_.nickname=?
2021-03-12 14:35:51.694 TRACE 43004 --- [    Test worker] o.h.type.descriptor.sql.BasicBinder      : binding parameter [1] as [VARCHAR] - [epepep]
2021-03-12 14:35:51.750  INFO 43004 --- [    Test worker] com.roadmap.filter.ApiCheckFilter        : REQUESTURI : /check-email-token
2021-03-12 14:35:51.750  INFO 43004 --- [    Test worker] com.roadmap.filter.ApiCheckFilter        : false
2021-03-12 14:35:51.760 DEBUG 43004 --- [    Test worker] org.hibernate.SQL                        : 
    select
        member0_.id as id1_3_,
        member0_.moddate as moddate2_3_,
        member0_.regdate as regdate3_3_,
        member0_.bio as bio4_3_,
        member0_.email as email5_3_,
        member0_.email_check_token as email_ch6_3_,
        member0_.email_check_token_generated_at as email_ch7_3_,
        member0_.email_verified as email_ve8_3_,
        member0_.from_social as from_soc9_3_,
        member0_.joined_at as joined_10_3_,
        member0_.loc_id as loc_id22_3_,
        member0_.nickname as nicknam11_3_,
        member0_.occupation as occupat12_3_,
        member0_.password as passwor13_3_,
        member0_.profile_image as profile14_3_,
        member0_.roadmap_created_by_email as roadmap15_3_,
        member0_.roadmap_created_by_web as roadmap16_3_,
        member0_.roadmap_enrollment_result_by_email as roadmap17_3_,
        member0_.roadmap_enrollment_result_by_web as roadmap18_3_,
        member0_.roadmap_updated_by_email as roadmap19_3_,
        member0_.roadmap_updated_by_web as roadmap20_3_,
        member0_.url as url21_3_ 
    from
        member member0_ 
    where
        member0_.email is null
2021-03-12 14:35:51.859  INFO 43004 --- [    Test worker] o.s.t.c.transaction.TransactionContext   : Rolled back transaction for test: [DefaultTestContext@129c570a testClass = SecurityTest, testInstance = com.roadmap.security.SecurityTest@49e526ae, testMethod = authTest@SecurityTest, testException = [null], mergedContextConfiguration = [WebMergedContextConfiguration@529ab259 testClass = SecurityTest, locations = '{}', classes = '{class com.roadmap.CoreApplication}', contextInitializerClasses = '[]', activeProfiles = '{}', propertySourceLocations = '{}', propertySourceProperties = '{org.springframework.boot.test.context.SpringBootTestContextBootstrapper=true}', contextCustomizers = set[org.springframework.boot.test.autoconfigure.properties.PropertyMappingContextCustomizer@4b3fa0b3, org.springframework.boot.test.autoconfigure.web.servlet.WebDriverContextCustomizerFactory$Customizer@36f3985, [ImportsContextCustomizer@28f0e022 key = [org.springframework.boot.test.autoconfigure.web.servlet.MockMvcAutoConfiguration, org.springframework.boot.test.autoconfigure.web.servlet.MockMvcWebClientAutoConfiguration, org.springframework.boot.test.autoconfigure.web.servlet.MockMvcWebDriverAutoConfiguration, org.springframework.boot.autoconfigure.security.oauth2.client.servlet.OAuth2ClientAutoConfiguration, org.springframework.boot.autoconfigure.security.oauth2.resource.servlet.OAuth2ResourceServerAutoConfiguration, org.springframework.boot.autoconfigure.security.servlet.SecurityAutoConfiguration, org.springframework.boot.autoconfigure.security.servlet.SecurityFilterAutoConfiguration, org.springframework.boot.autoconfigure.security.servlet.UserDetailsServiceAutoConfiguration, org.springframework.boot.test.autoconfigure.web.servlet.MockMvcSecurityConfiguration]], org.springframework.boot.test.context.filter.ExcludeFilterContextCustomizer@465bc06d, org.springframework.boot.test.json.DuplicateJsonObjectContextCustomizerFactory$DuplicateJsonObjectContextCustomizer@7bb6418b, org.springframework.boot.test.mock.mockito.MockitoContextCustomizer@0, org.springframework.boot.test.web.client.TestRestTemplateContextCustomizer@23d4aa12, org.springframework.boot.test.context.SpringBootTestArgs@1, org.springframework.boot.test.context.SpringBootTestWebEnvironment@3db94553], resourceBasePath = 'src/main/webapp', contextLoader = 'org.springframework.boot.test.context.SpringBootContextLoader', parent = [null]], attributes = map['org.springframework.test.context.web.ServletTestExecutionListener.activateListener' -> true, 'org.springframework.test.context.web.ServletTestExecutionListener.populatedRequestContextHolder' -> true, 'org.springframework.test.context.web.ServletTestExecutionListener.resetRequestContextHolder' -> true]]
2021-03-12 14:35:51.860  INFO 43004 --- [    Test worker] o.s.t.c.transaction.TransactionContext   : Began transaction (1) for test context [DefaultTestContext@129c570a testClass = SecurityTest, testInstance = com.roadmap.security.SecurityTest@8da6c2e, testMethod = loginGetAuthTest@SecurityTest, testException = [null], mergedContextConfiguration = [WebMergedContextConfiguration@529ab259 testClass = SecurityTest, locations = '{}', classes = '{class com.roadmap.CoreApplication}', contextInitializerClasses = '[]', activeProfiles = '{}', propertySourceLocations = '{}', propertySourceProperties = '{org.springframework.boot.test.context.SpringBootTestContextBootstrapper=true}', contextCustomizers = set[org.springframework.boot.test.autoconfigure.properties.PropertyMappingContextCustomizer@4b3fa0b3, org.springframework.boot.test.autoconfigure.web.servlet.WebDriverContextCustomizerFactory$Customizer@36f3985, [ImportsContextCustomizer@28f0e022 key = [org.springframework.boot.test.autoconfigure.web.servlet.MockMvcAutoConfiguration, org.springframework.boot.test.autoconfigure.web.servlet.MockMvcWebClientAutoConfiguration, org.springframework.boot.test.autoconfigure.web.servlet.MockMvcWebDriverAutoConfiguration, org.springframework.boot.autoconfigure.security.oauth2.client.servlet.OAuth2ClientAutoConfiguration, org.springframework.boot.autoconfigure.security.oauth2.resource.servlet.OAuth2ResourceServerAutoConfiguration, org.springframework.boot.autoconfigure.security.servlet.SecurityAutoConfiguration, org.springframework.boot.autoconfigure.security.servlet.SecurityFilterAutoConfiguration, org.springframework.boot.autoconfigure.security.servlet.UserDetailsServiceAutoConfiguration, org.springframework.boot.test.autoconfigure.web.servlet.MockMvcSecurityConfiguration]], org.springframework.boot.test.context.filter.ExcludeFilterContextCustomizer@465bc06d, org.springframework.boot.test.json.DuplicateJsonObjectContextCustomizerFactory$DuplicateJsonObjectContextCustomizer@7bb6418b, org.springframework.boot.test.mock.mockito.MockitoContextCustomizer@0, org.springframework.boot.test.web.client.TestRestTemplateContextCustomizer@23d4aa12, org.springframework.boot.test.context.SpringBootTestArgs@1, org.springframework.boot.test.context.SpringBootTestWebEnvironment@3db94553], resourceBasePath = 'src/main/webapp', contextLoader = 'org.springframework.boot.test.context.SpringBootContextLoader', parent = [null]], attributes = map['org.springframework.test.context.web.ServletTestExecutionListener.activateListener' -> true, 'org.springframework.test.context.web.ServletTestExecutionListener.populatedRequestContextHolder' -> true, 'org.springframework.test.context.web.ServletTestExecutionListener.resetRequestContextHolder' -> true]]; transaction manager [org.springframework.orm.jpa.JpaTransactionManager@3a25d063]; rollback [true]
2021-03-12 14:35:51.924  INFO 43004 --- [    Test worker] com.roadmap.service.MemberService        : email send signup confirm Email link : /check-email-token?token=d2cf7110-b6e6-44c2-ac2b-7a8dd46fff93&email=epepep@email.com
2021-03-12 14:35:51.924 DEBUG 43004 --- [    Test worker] org.hibernate.SQL                        : 
    select
        nextval ('hibernate_sequence')
2021-03-12 14:35:51.979 DEBUG 43004 --- [    Test worker] org.hibernate.SQL                        : 
    insert 
    into
        member
        (moddate, regdate, bio, email, email_check_token, email_check_token_generated_at, email_verified, from_social, joined_at, loc_id, nickname, occupation, password, profile_image, roadmap_created_by_email, roadmap_created_by_web, roadmap_enrollment_result_by_email, roadmap_enrollment_result_by_web, roadmap_updated_by_email, roadmap_updated_by_web, url, id) 
    values
        (?, ?, ?, ?, ?, ?, ?, ?, ?, ?, ?, ?, ?, ?, ?, ?, ?, ?, ?, ?, ?, ?)
2021-03-12 14:35:51.979 TRACE 43004 --- [    Test worker] o.h.type.descriptor.sql.BasicBinder      : binding parameter [1] as [TIMESTAMP] - [2021-03-12T14:35:51.924576100]
2021-03-12 14:35:51.979 TRACE 43004 --- [    Test worker] o.h.type.descriptor.sql.BasicBinder      : binding parameter [2] as [TIMESTAMP] - [2021-03-12T14:35:51.924576100]
2021-03-12 14:35:51.979 TRACE 43004 --- [    Test worker] o.h.type.descriptor.sql.BasicBinder      : binding parameter [3] as [VARCHAR] - [null]
2021-03-12 14:35:51.979 TRACE 43004 --- [    Test worker] o.h.type.descriptor.sql.BasicBinder      : binding parameter [4] as [VARCHAR] - [epepep@email.com]
2021-03-12 14:35:51.979 TRACE 43004 --- [    Test worker] o.h.type.descriptor.sql.BasicBinder      : binding parameter [5] as [VARCHAR] - [d2cf7110-b6e6-44c2-ac2b-7a8dd46fff93]
2021-03-12 14:35:51.979 TRACE 43004 --- [    Test worker] o.h.type.descriptor.sql.BasicBinder      : binding parameter [6] as [TIMESTAMP] - [2021-03-12T14:35:51.923541]
2021-03-12 14:35:51.979 TRACE 43004 --- [    Test worker] o.h.type.descriptor.sql.BasicBinder      : binding parameter [7] as [BOOLEAN] - [false]
2021-03-12 14:35:51.979 TRACE 43004 --- [    Test worker] o.h.type.descriptor.sql.BasicBinder      : binding parameter [8] as [BOOLEAN] - [false]
2021-03-12 14:35:51.979 TRACE 43004 --- [    Test worker] o.h.type.descriptor.sql.BasicBinder      : binding parameter [9] as [TIMESTAMP] - [2021-03-12T14:35:51.923541]
2021-03-12 14:35:51.979 TRACE 43004 --- [    Test worker] o.h.type.descriptor.sql.BasicBinder      : binding parameter [10] as [BIGINT] - [null]
2021-03-12 14:35:51.979 TRACE 43004 --- [    Test worker] o.h.type.descriptor.sql.BasicBinder      : binding parameter [11] as [VARCHAR] - [epepep]
2021-03-12 14:35:51.979 TRACE 43004 --- [    Test worker] o.h.type.descriptor.sql.BasicBinder      : binding parameter [12] as [VARCHAR] - [null]
2021-03-12 14:35:51.979 TRACE 43004 --- [    Test worker] o.h.type.descriptor.sql.BasicBinder      : binding parameter [13] as [VARCHAR] - [{bcrypt}$2a$10$uNjkS0vsF78rVzc/s9ojMuLjb3Bc36QmEEUS.6ywMq1oORcUtyVm.]
2021-03-12 14:35:51.979 TRACE 43004 --- [    Test worker] o.h.type.descriptor.sql.BasicBinder      : binding parameter [14] as [CLOB] - [null]
2021-03-12 14:35:51.979 TRACE 43004 --- [    Test worker] o.h.type.descriptor.sql.BasicBinder      : binding parameter [15] as [BOOLEAN] - [false]
2021-03-12 14:35:51.979 TRACE 43004 --- [    Test worker] o.h.type.descriptor.sql.BasicBinder      : binding parameter [16] as [BOOLEAN] - [true]
2021-03-12 14:35:51.979 TRACE 43004 --- [    Test worker] o.h.type.descriptor.sql.BasicBinder      : binding parameter [17] as [BOOLEAN] - [false]
2021-03-12 14:35:51.979 TRACE 43004 --- [    Test worker] o.h.type.descriptor.sql.BasicBinder      : binding parameter [18] as [BOOLEAN] - [true]
2021-03-12 14:35:51.979 TRACE 43004 --- [    Test worker] o.h.type.descriptor.sql.BasicBinder      : binding parameter [19] as [BOOLEAN] - [false]
2021-03-12 14:35:51.979 TRACE 43004 --- [    Test worker] o.h.type.descriptor.sql.BasicBinder      : binding parameter [20] as [BOOLEAN] - [true]
2021-03-12 14:35:51.979 TRACE 43004 --- [    Test worker] o.h.type.descriptor.sql.BasicBinder      : binding parameter [21] as [VARCHAR] - [null]
2021-03-12 14:35:51.979 TRACE 43004 --- [    Test worker] o.h.type.descriptor.sql.BasicBinder      : binding parameter [22] as [BIGINT] - [110]
2021-03-12 14:35:52.039 DEBUG 43004 --- [    Test worker] org.hibernate.SQL                        : 
    insert 
    into
        member_role_set
        (member_id, role_set) 
    values
        (?, ?)
2021-03-12 14:35:52.039 TRACE 43004 --- [    Test worker] o.h.type.descriptor.sql.BasicBinder      : binding parameter [1] as [BIGINT] - [110]
2021-03-12 14:35:52.039 TRACE 43004 --- [    Test worker] o.h.type.descriptor.sql.BasicBinder      : binding parameter [2] as [VARCHAR] - [USER]
2021-03-12 14:35:52.084 DEBUG 43004 --- [    Test worker] org.hibernate.SQL                        : 
    select
        member0_.id as id1_3_,
        member0_.moddate as moddate2_3_,
        member0_.regdate as regdate3_3_,
        member0_.bio as bio4_3_,
        member0_.email as email5_3_,
        member0_.email_check_token as email_ch6_3_,
        member0_.email_check_token_generated_at as email_ch7_3_,
        member0_.email_verified as email_ve8_3_,
        member0_.from_social as from_soc9_3_,
        member0_.joined_at as joined_10_3_,
        member0_.loc_id as loc_id22_3_,
        member0_.nickname as nicknam11_3_,
        member0_.occupation as occupat12_3_,
        member0_.password as passwor13_3_,
        member0_.profile_image as profile14_3_,
        member0_.roadmap_created_by_email as roadmap15_3_,
        member0_.roadmap_created_by_web as roadmap16_3_,
        member0_.roadmap_enrollment_result_by_email as roadmap17_3_,
        member0_.roadmap_enrollment_result_by_web as roadmap18_3_,
        member0_.roadmap_updated_by_email as roadmap19_3_,
        member0_.roadmap_updated_by_web as roadmap20_3_,
        member0_.url as url21_3_ 
    from
        member member0_ 
    where
        member0_.email=?
2021-03-12 14:35:52.084 TRACE 43004 --- [    Test worker] o.h.type.descriptor.sql.BasicBinder      : binding parameter [1] as [VARCHAR] - [epepep]
2021-03-12 14:35:52.129 DEBUG 43004 --- [    Test worker] org.hibernate.SQL                        : 
    select
        member0_.id as id1_3_,
        member0_.moddate as moddate2_3_,
        member0_.regdate as regdate3_3_,
        member0_.bio as bio4_3_,
        member0_.email as email5_3_,
        member0_.email_check_token as email_ch6_3_,
        member0_.email_check_token_generated_at as email_ch7_3_,
        member0_.email_verified as email_ve8_3_,
        member0_.from_social as from_soc9_3_,
        member0_.joined_at as joined_10_3_,
        member0_.loc_id as loc_id22_3_,
        member0_.nickname as nicknam11_3_,
        member0_.occupation as occupat12_3_,
        member0_.password as passwor13_3_,
        member0_.profile_image as profile14_3_,
        member0_.roadmap_created_by_email as roadmap15_3_,
        member0_.roadmap_created_by_web as roadmap16_3_,
        member0_.roadmap_enrollment_result_by_email as roadmap17_3_,
        member0_.roadmap_enrollment_result_by_web as roadmap18_3_,
        member0_.roadmap_updated_by_email as roadmap19_3_,
        member0_.roadmap_updated_by_web as roadmap20_3_,
        member0_.url as url21_3_ 
    from
        member member0_ 
    where
        member0_.nickname=?
2021-03-12 14:35:52.129 TRACE 43004 --- [    Test worker] o.h.type.descriptor.sql.BasicBinder      : binding parameter [1] as [VARCHAR] - [epepep]
2021-03-12 14:35:52.181  INFO 43004 --- [    Test worker] com.roadmap.filter.ApiCheckFilter        : REQUESTURI : /login
2021-03-12 14:35:52.181  INFO 43004 --- [    Test worker] com.roadmap.filter.ApiCheckFilter        : false
2021-03-12 14:35:52.228  INFO 43004 --- [    Test worker] o.s.t.c.transaction.TransactionContext   : Rolled back transaction for test: [DefaultTestContext@129c570a testClass = SecurityTest, testInstance = com.roadmap.security.SecurityTest@8da6c2e, testMethod = loginGetAuthTest@SecurityTest, testException = [null], mergedContextConfiguration = [WebMergedContextConfiguration@529ab259 testClass = SecurityTest, locations = '{}', classes = '{class com.roadmap.CoreApplication}', contextInitializerClasses = '[]', activeProfiles = '{}', propertySourceLocations = '{}', propertySourceProperties = '{org.springframework.boot.test.context.SpringBootTestContextBootstrapper=true}', contextCustomizers = set[org.springframework.boot.test.autoconfigure.properties.PropertyMappingContextCustomizer@4b3fa0b3, org.springframework.boot.test.autoconfigure.web.servlet.WebDriverContextCustomizerFactory$Customizer@36f3985, [ImportsContextCustomizer@28f0e022 key = [org.springframework.boot.test.autoconfigure.web.servlet.MockMvcAutoConfiguration, org.springframework.boot.test.autoconfigure.web.servlet.MockMvcWebClientAutoConfiguration, org.springframework.boot.test.autoconfigure.web.servlet.MockMvcWebDriverAutoConfiguration, org.springframework.boot.autoconfigure.security.oauth2.client.servlet.OAuth2ClientAutoConfiguration, org.springframework.boot.autoconfigure.security.oauth2.resource.servlet.OAuth2ResourceServerAutoConfiguration, org.springframework.boot.autoconfigure.security.servlet.SecurityAutoConfiguration, org.springframework.boot.autoconfigure.security.servlet.SecurityFilterAutoConfiguration, org.springframework.boot.autoconfigure.security.servlet.UserDetailsServiceAutoConfiguration, org.springframework.boot.test.autoconfigure.web.servlet.MockMvcSecurityConfiguration]], org.springframework.boot.test.context.filter.ExcludeFilterContextCustomizer@465bc06d, org.springframework.boot.test.json.DuplicateJsonObjectContextCustomizerFactory$DuplicateJsonObjectContextCustomizer@7bb6418b, org.springframework.boot.test.mock.mockito.MockitoContextCustomizer@0, org.springframework.boot.test.web.client.TestRestTemplateContextCustomizer@23d4aa12, org.springframework.boot.test.context.SpringBootTestArgs@1, org.springframework.boot.test.context.SpringBootTestWebEnvironment@3db94553], resourceBasePath = 'src/main/webapp', contextLoader = 'org.springframework.boot.test.context.SpringBootContextLoader', parent = [null]], attributes = map['org.springframework.test.context.web.ServletTestExecutionListener.activateListener' -> true, 'org.springframework.test.context.web.ServletTestExecutionListener.populatedRequestContextHolder' -> true, 'org.springframework.test.context.web.ServletTestExecutionListener.resetRequestContextHolder' -> true]]
2021-03-12 14:35:52.229  INFO 43004 --- [    Test worker] o.s.t.c.transaction.TransactionContext   : Began transaction (1) for test context [DefaultTestContext@129c570a testClass = SecurityTest, testInstance = com.roadmap.security.SecurityTest@2521ec0d, testMethod = withMember@SecurityTest, testException = [null], mergedContextConfiguration = [WebMergedContextConfiguration@529ab259 testClass = SecurityTest, locations = '{}', classes = '{class com.roadmap.CoreApplication}', contextInitializerClasses = '[]', activeProfiles = '{}', propertySourceLocations = '{}', propertySourceProperties = '{org.springframework.boot.test.context.SpringBootTestContextBootstrapper=true}', contextCustomizers = set[org.springframework.boot.test.autoconfigure.properties.PropertyMappingContextCustomizer@4b3fa0b3, org.springframework.boot.test.autoconfigure.web.servlet.WebDriverContextCustomizerFactory$Customizer@36f3985, [ImportsContextCustomizer@28f0e022 key = [org.springframework.boot.test.autoconfigure.web.servlet.MockMvcAutoConfiguration, org.springframework.boot.test.autoconfigure.web.servlet.MockMvcWebClientAutoConfiguration, org.springframework.boot.test.autoconfigure.web.servlet.MockMvcWebDriverAutoConfiguration, org.springframework.boot.autoconfigure.security.oauth2.client.servlet.OAuth2ClientAutoConfiguration, org.springframework.boot.autoconfigure.security.oauth2.resource.servlet.OAuth2ResourceServerAutoConfiguration, org.springframework.boot.autoconfigure.security.servlet.SecurityAutoConfiguration, org.springframework.boot.autoconfigure.security.servlet.SecurityFilterAutoConfiguration, org.springframework.boot.autoconfigure.security.servlet.UserDetailsServiceAutoConfiguration, org.springframework.boot.test.autoconfigure.web.servlet.MockMvcSecurityConfiguration]], org.springframework.boot.test.context.filter.ExcludeFilterContextCustomizer@465bc06d, org.springframework.boot.test.json.DuplicateJsonObjectContextCustomizerFactory$DuplicateJsonObjectContextCustomizer@7bb6418b, org.springframework.boot.test.mock.mockito.MockitoContextCustomizer@0, org.springframework.boot.test.web.client.TestRestTemplateContextCustomizer@23d4aa12, org.springframework.boot.test.context.SpringBootTestArgs@1, org.springframework.boot.test.context.SpringBootTestWebEnvironment@3db94553], resourceBasePath = 'src/main/webapp', contextLoader = 'org.springframework.boot.test.context.SpringBootContextLoader', parent = [null]], attributes = map['org.springframework.test.context.web.ServletTestExecutionListener.activateListener' -> true, 'org.springframework.test.context.web.ServletTestExecutionListener.populatedRequestContextHolder' -> true, 'org.springframework.test.context.web.ServletTestExecutionListener.resetRequestContextHolder' -> true]]; transaction manager [org.springframework.orm.jpa.JpaTransactionManager@3a25d063]; rollback [true]
2021-03-12 14:35:52.295  INFO 43004 --- [    Test worker] com.roadmap.service.MemberService        : email send signup confirm Email link : /check-email-token?token=a0fc51d9-881f-474a-915a-c05ad3f46f34&email=epepep@email.com
2021-03-12 14:35:52.295 DEBUG 43004 --- [    Test worker] org.hibernate.SQL                        : 
    select
        nextval ('hibernate_sequence')
2021-03-12 14:35:52.334 DEBUG 43004 --- [    Test worker] org.hibernate.SQL                        : 
    insert 
    into
        member
        (moddate, regdate, bio, email, email_check_token, email_check_token_generated_at, email_verified, from_social, joined_at, loc_id, nickname, occupation, password, profile_image, roadmap_created_by_email, roadmap_created_by_web, roadmap_enrollment_result_by_email, roadmap_enrollment_result_by_web, roadmap_updated_by_email, roadmap_updated_by_web, url, id) 
    values
        (?, ?, ?, ?, ?, ?, ?, ?, ?, ?, ?, ?, ?, ?, ?, ?, ?, ?, ?, ?, ?, ?)
2021-03-12 14:35:52.334 TRACE 43004 --- [    Test worker] o.h.type.descriptor.sql.BasicBinder      : binding parameter [1] as [TIMESTAMP] - [2021-03-12T14:35:52.295544]
2021-03-12 14:35:52.334 TRACE 43004 --- [    Test worker] o.h.type.descriptor.sql.BasicBinder      : binding parameter [2] as [TIMESTAMP] - [2021-03-12T14:35:52.295544]
2021-03-12 14:35:52.334 TRACE 43004 --- [    Test worker] o.h.type.descriptor.sql.BasicBinder      : binding parameter [3] as [VARCHAR] - [null]
2021-03-12 14:35:52.334 TRACE 43004 --- [    Test worker] o.h.type.descriptor.sql.BasicBinder      : binding parameter [4] as [VARCHAR] - [epepep@email.com]
2021-03-12 14:35:52.334 TRACE 43004 --- [    Test worker] o.h.type.descriptor.sql.BasicBinder      : binding parameter [5] as [VARCHAR] - [a0fc51d9-881f-474a-915a-c05ad3f46f34]
2021-03-12 14:35:52.334 TRACE 43004 --- [    Test worker] o.h.type.descriptor.sql.BasicBinder      : binding parameter [6] as [TIMESTAMP] - [2021-03-12T14:35:52.294540400]
2021-03-12 14:35:52.334 TRACE 43004 --- [    Test worker] o.h.type.descriptor.sql.BasicBinder      : binding parameter [7] as [BOOLEAN] - [false]
2021-03-12 14:35:52.334 TRACE 43004 --- [    Test worker] o.h.type.descriptor.sql.BasicBinder      : binding parameter [8] as [BOOLEAN] - [false]
2021-03-12 14:35:52.334 TRACE 43004 --- [    Test worker] o.h.type.descriptor.sql.BasicBinder      : binding parameter [9] as [TIMESTAMP] - [2021-03-12T14:35:52.294540400]
2021-03-12 14:35:52.334 TRACE 43004 --- [    Test worker] o.h.type.descriptor.sql.BasicBinder      : binding parameter [10] as [BIGINT] - [null]
2021-03-12 14:35:52.334 TRACE 43004 --- [    Test worker] o.h.type.descriptor.sql.BasicBinder      : binding parameter [11] as [VARCHAR] - [epepep]
2021-03-12 14:35:52.334 TRACE 43004 --- [    Test worker] o.h.type.descriptor.sql.BasicBinder      : binding parameter [12] as [VARCHAR] - [null]
2021-03-12 14:35:52.334 TRACE 43004 --- [    Test worker] o.h.type.descriptor.sql.BasicBinder      : binding parameter [13] as [VARCHAR] - [{bcrypt}$2a$10$DAPo9c2sA0YYaufX6NRXSeI7/3RfDOtKRFjO/v.b1ihWb7wfgldDi]
2021-03-12 14:35:52.334 TRACE 43004 --- [    Test worker] o.h.type.descriptor.sql.BasicBinder      : binding parameter [14] as [CLOB] - [null]
2021-03-12 14:35:52.334 TRACE 43004 --- [    Test worker] o.h.type.descriptor.sql.BasicBinder      : binding parameter [15] as [BOOLEAN] - [false]
2021-03-12 14:35:52.334 TRACE 43004 --- [    Test worker] o.h.type.descriptor.sql.BasicBinder      : binding parameter [16] as [BOOLEAN] - [true]
2021-03-12 14:35:52.334 TRACE 43004 --- [    Test worker] o.h.type.descriptor.sql.BasicBinder      : binding parameter [17] as [BOOLEAN] - [false]
2021-03-12 14:35:52.334 TRACE 43004 --- [    Test worker] o.h.type.descriptor.sql.BasicBinder      : binding parameter [18] as [BOOLEAN] - [true]
2021-03-12 14:35:52.334 TRACE 43004 --- [    Test worker] o.h.type.descriptor.sql.BasicBinder      : binding parameter [19] as [BOOLEAN] - [false]
2021-03-12 14:35:52.334 TRACE 43004 --- [    Test worker] o.h.type.descriptor.sql.BasicBinder      : binding parameter [20] as [BOOLEAN] - [true]
2021-03-12 14:35:52.334 TRACE 43004 --- [    Test worker] o.h.type.descriptor.sql.BasicBinder      : binding parameter [21] as [VARCHAR] - [null]
2021-03-12 14:35:52.334 TRACE 43004 --- [    Test worker] o.h.type.descriptor.sql.BasicBinder      : binding parameter [22] as [BIGINT] - [111]
2021-03-12 14:35:52.384 DEBUG 43004 --- [    Test worker] org.hibernate.SQL                        : 
    insert 
    into
        member_role_set
        (member_id, role_set) 
    values
        (?, ?)
2021-03-12 14:35:52.384 TRACE 43004 --- [    Test worker] o.h.type.descriptor.sql.BasicBinder      : binding parameter [1] as [BIGINT] - [111]
2021-03-12 14:35:52.384 TRACE 43004 --- [    Test worker] o.h.type.descriptor.sql.BasicBinder      : binding parameter [2] as [VARCHAR] - [USER]
2021-03-12 14:35:52.429 DEBUG 43004 --- [    Test worker] org.hibernate.SQL                        : 
    select
        member0_.id as id1_3_,
        member0_.moddate as moddate2_3_,
        member0_.regdate as regdate3_3_,
        member0_.bio as bio4_3_,
        member0_.email as email5_3_,
        member0_.email_check_token as email_ch6_3_,
        member0_.email_check_token_generated_at as email_ch7_3_,
        member0_.email_verified as email_ve8_3_,
        member0_.from_social as from_soc9_3_,
        member0_.joined_at as joined_10_3_,
        member0_.loc_id as loc_id22_3_,
        member0_.nickname as nicknam11_3_,
        member0_.occupation as occupat12_3_,
        member0_.password as passwor13_3_,
        member0_.profile_image as profile14_3_,
        member0_.roadmap_created_by_email as roadmap15_3_,
        member0_.roadmap_created_by_web as roadmap16_3_,
        member0_.roadmap_enrollment_result_by_email as roadmap17_3_,
        member0_.roadmap_enrollment_result_by_web as roadmap18_3_,
        member0_.roadmap_updated_by_email as roadmap19_3_,
        member0_.roadmap_updated_by_web as roadmap20_3_,
        member0_.url as url21_3_ 
    from
        member member0_ 
    where
        member0_.email=?
2021-03-12 14:35:52.429 TRACE 43004 --- [    Test worker] o.h.type.descriptor.sql.BasicBinder      : binding parameter [1] as [VARCHAR] - [epepep]
2021-03-12 14:35:52.492 DEBUG 43004 --- [    Test worker] org.hibernate.SQL                        : 
    select
        member0_.id as id1_3_,
        member0_.moddate as moddate2_3_,
        member0_.regdate as regdate3_3_,
        member0_.bio as bio4_3_,
        member0_.email as email5_3_,
        member0_.email_check_token as email_ch6_3_,
        member0_.email_check_token_generated_at as email_ch7_3_,
        member0_.email_verified as email_ve8_3_,
        member0_.from_social as from_soc9_3_,
        member0_.joined_at as joined_10_3_,
        member0_.loc_id as loc_id22_3_,
        member0_.nickname as nicknam11_3_,
        member0_.occupation as occupat12_3_,
        member0_.password as passwor13_3_,
        member0_.profile_image as profile14_3_,
        member0_.roadmap_created_by_email as roadmap15_3_,
        member0_.roadmap_created_by_web as roadmap16_3_,
        member0_.roadmap_enrollment_result_by_email as roadmap17_3_,
        member0_.roadmap_enrollment_result_by_web as roadmap18_3_,
        member0_.roadmap_updated_by_email as roadmap19_3_,
        member0_.roadmap_updated_by_web as roadmap20_3_,
        member0_.url as url21_3_ 
    from
        member member0_ 
    where
        member0_.nickname=?
2021-03-12 14:35:52.492 TRACE 43004 --- [    Test worker] o.h.type.descriptor.sql.BasicBinder      : binding parameter [1] as [VARCHAR] - [epepep]
2021-03-12 14:35:52.591 DEBUG 43004 --- [    Test worker] org.hibernate.SQL                        : 
    select
        member0_.id as id1_3_,
        member0_.moddate as moddate2_3_,
        member0_.regdate as regdate3_3_,
        member0_.bio as bio4_3_,
        member0_.email as email5_3_,
        member0_.email_check_token as email_ch6_3_,
        member0_.email_check_token_generated_at as email_ch7_3_,
        member0_.email_verified as email_ve8_3_,
        member0_.from_social as from_soc9_3_,
        member0_.joined_at as joined_10_3_,
        member0_.loc_id as loc_id22_3_,
        member0_.nickname as nicknam11_3_,
        member0_.occupation as occupat12_3_,
        member0_.password as passwor13_3_,
        member0_.profile_image as profile14_3_,
        member0_.roadmap_created_by_email as roadmap15_3_,
        member0_.roadmap_created_by_web as roadmap16_3_,
        member0_.roadmap_enrollment_result_by_email as roadmap17_3_,
        member0_.roadmap_enrollment_result_by_web as roadmap18_3_,
        member0_.roadmap_updated_by_email as roadmap19_3_,
        member0_.roadmap_updated_by_web as roadmap20_3_,
        member0_.url as url21_3_ 
    from
        member member0_ 
    where
        member0_.nickname=?
2021-03-12 14:35:52.591 TRACE 43004 --- [    Test worker] o.h.type.descriptor.sql.BasicBinder      : binding parameter [1] as [VARCHAR] - [epepep]
2021-03-12 14:35:52.766  INFO 43004 --- [    Test worker] o.s.t.c.transaction.TransactionContext   : Rolled back transaction for test: [DefaultTestContext@129c570a testClass = SecurityTest, testInstance = com.roadmap.security.SecurityTest@2521ec0d, testMethod = withMember@SecurityTest, testException = [null], mergedContextConfiguration = [WebMergedContextConfiguration@529ab259 testClass = SecurityTest, locations = '{}', classes = '{class com.roadmap.CoreApplication}', contextInitializerClasses = '[]', activeProfiles = '{}', propertySourceLocations = '{}', propertySourceProperties = '{org.springframework.boot.test.context.SpringBootTestContextBootstrapper=true}', contextCustomizers = set[org.springframework.boot.test.autoconfigure.properties.PropertyMappingContextCustomizer@4b3fa0b3, org.springframework.boot.test.autoconfigure.web.servlet.WebDriverContextCustomizerFactory$Customizer@36f3985, [ImportsContextCustomizer@28f0e022 key = [org.springframework.boot.test.autoconfigure.web.servlet.MockMvcAutoConfiguration, org.springframework.boot.test.autoconfigure.web.servlet.MockMvcWebClientAutoConfiguration, org.springframework.boot.test.autoconfigure.web.servlet.MockMvcWebDriverAutoConfiguration, org.springframework.boot.autoconfigure.security.oauth2.client.servlet.OAuth2ClientAutoConfiguration, org.springframework.boot.autoconfigure.security.oauth2.resource.servlet.OAuth2ResourceServerAutoConfiguration, org.springframework.boot.autoconfigure.security.servlet.SecurityAutoConfiguration, org.springframework.boot.autoconfigure.security.servlet.SecurityFilterAutoConfiguration, org.springframework.boot.autoconfigure.security.servlet.UserDetailsServiceAutoConfiguration, org.springframework.boot.test.autoconfigure.web.servlet.MockMvcSecurityConfiguration]], org.springframework.boot.test.context.filter.ExcludeFilterContextCustomizer@465bc06d, org.springframework.boot.test.json.DuplicateJsonObjectContextCustomizerFactory$DuplicateJsonObjectContextCustomizer@7bb6418b, org.springframework.boot.test.mock.mockito.MockitoContextCustomizer@0, org.springframework.boot.test.web.client.TestRestTemplateContextCustomizer@23d4aa12, org.springframework.boot.test.context.SpringBootTestArgs@1, org.springframework.boot.test.context.SpringBootTestWebEnvironment@3db94553], resourceBasePath = 'src/main/webapp', contextLoader = 'org.springframework.boot.test.context.SpringBootContextLoader', parent = [null]], attributes = map['org.springframework.test.context.web.ServletTestExecutionListener.activateListener' -> true, 'org.springframework.test.context.web.ServletTestExecutionListener.populatedRequestContextHolder' -> true, 'org.springframework.test.context.web.ServletTestExecutionListener.resetRequestContextHolder' -> true]]
]]></system-out>
  <system-err><![CDATA[]]></system-err>
</testsuite>
