<?xml version="1.0" encoding="UTF-8"?>
<testsuite name="com.roadmap.admin.AdminControllerTest" tests="7" skipped="0" failures="0" errors="0" timestamp="2021-03-12T05:34:09" hostname="DESKTOP-MRB3AOK" time="13.814">
  <properties/>
  <testcase name="어드민 회원 관리 수정 화면" classname="com.roadmap.admin.AdminControllerTest" time="0.563"/>
  <testcase name="어드민 대시보드" classname="com.roadmap.admin.AdminControllerTest" time="0.437"/>
  <testcase name="어드민 회원 관리 정보 화면" classname="com.roadmap.admin.AdminControllerTest" time="0.48"/>
  <testcase name="어드민 회원 관리 리스트 화면 페이징" classname="com.roadmap.admin.AdminControllerTest" time="5.689"/>
  <testcase name="어드민 회원 관리 수정 하기 - 입력값 오류" classname="com.roadmap.admin.AdminControllerTest" time="0.613"/>
  <testcase name="어드민 회원 관리 리스트 화면" classname="com.roadmap.admin.AdminControllerTest" time="5.495"/>
  <testcase name="어드민 회원 관리 수정 하기 - 입력값 정상" classname="com.roadmap.admin.AdminControllerTest" time="0.533"/>
  <system-out><![CDATA[2021-03-12 14:34:09.214  INFO 43004 --- [    Test worker] .b.t.c.SpringBootTestContextBootstrapper : Neither @ContextConfiguration nor @ContextHierarchy found for test class [com.roadmap.admin.AdminControllerTest], using SpringBootContextLoader
2021-03-12 14:34:09.215  INFO 43004 --- [    Test worker] o.s.t.c.support.AbstractContextLoader    : Could not detect default resource locations for test class [com.roadmap.admin.AdminControllerTest]: no resource found for suffixes {-context.xml, Context.groovy}.
2021-03-12 14:34:09.215  INFO 43004 --- [    Test worker] t.c.s.AnnotationConfigContextLoaderUtils : Could not detect default configuration classes for test class [com.roadmap.admin.AdminControllerTest]: AdminControllerTest does not declare any static, non-private, non-final, nested classes annotated with @Configuration.
2021-03-12 14:34:09.224  INFO 43004 --- [    Test worker] .b.t.c.SpringBootTestContextBootstrapper : Found @SpringBootConfiguration com.roadmap.CoreApplication for test class com.roadmap.admin.AdminControllerTest
2021-03-12 14:34:09.227  INFO 43004 --- [    Test worker] .b.t.c.SpringBootTestContextBootstrapper : Loaded default TestExecutionListener class names from location [META-INF/spring.factories]: [org.springframework.security.test.context.support.WithSecurityContextTestExecutionListener, org.springframework.security.test.context.support.ReactorContextTestExecutionListener, org.springframework.boot.test.autoconfigure.restdocs.RestDocsTestExecutionListener, org.springframework.boot.test.autoconfigure.web.client.MockRestServiceServerResetTestExecutionListener, org.springframework.boot.test.autoconfigure.web.servlet.MockMvcPrintOnlyOnFailureTestExecutionListener, org.springframework.boot.test.autoconfigure.web.servlet.WebDriverTestExecutionListener, org.springframework.boot.test.autoconfigure.webservices.client.MockWebServiceServerTestExecutionListener, org.springframework.boot.test.mock.mockito.MockitoTestExecutionListener, org.springframework.boot.test.mock.mockito.ResetMocksTestExecutionListener, org.springframework.test.context.web.ServletTestExecutionListener, org.springframework.test.context.support.DirtiesContextBeforeModesTestExecutionListener, org.springframework.test.context.support.DependencyInjectionTestExecutionListener, org.springframework.test.context.support.DirtiesContextTestExecutionListener, org.springframework.test.context.transaction.TransactionalTestExecutionListener, org.springframework.test.context.jdbc.SqlScriptsTestExecutionListener, org.springframework.test.context.event.EventPublishingTestExecutionListener]
2021-03-12 14:34:09.228  INFO 43004 --- [    Test worker] .b.t.c.SpringBootTestContextBootstrapper : Using TestExecutionListeners: [org.springframework.test.context.web.ServletTestExecutionListener@2cabad1, org.springframework.test.context.support.DirtiesContextBeforeModesTestExecutionListener@1ea4f7c4, org.springframework.boot.test.mock.mockito.MockitoTestExecutionListener@4ac4d0fd, org.springframework.boot.test.autoconfigure.SpringBootDependencyInjectionTestExecutionListener@15f792f1, org.springframework.test.context.support.DirtiesContextTestExecutionListener@42bcaeac, org.springframework.test.context.transaction.TransactionalTestExecutionListener@7b9f7be8, org.springframework.test.context.jdbc.SqlScriptsTestExecutionListener@17b01f5e, org.springframework.security.test.context.support.WithSecurityContextTestExecutionListener@3ef97743, org.springframework.test.context.event.EventPublishingTestExecutionListener@191767fe, org.springframework.security.test.context.support.ReactorContextTestExecutionListener@19570f0f, org.springframework.boot.test.autoconfigure.restdocs.RestDocsTestExecutionListener@e0ab994, org.springframework.boot.test.autoconfigure.web.client.MockRestServiceServerResetTestExecutionListener@7b3c8479, org.springframework.boot.test.autoconfigure.web.servlet.MockMvcPrintOnlyOnFailureTestExecutionListener@59362477, org.springframework.boot.test.autoconfigure.web.servlet.WebDriverTestExecutionListener@78386729, org.springframework.boot.test.autoconfigure.webservices.client.MockWebServiceServerTestExecutionListener@2325a7a3, org.springframework.boot.test.mock.mockito.ResetMocksTestExecutionListener@3c25f0f2]
2021-03-12 14:34:09.232  INFO 43004 --- [    Test worker] o.s.t.c.transaction.TransactionContext   : Began transaction (1) for test context [DefaultTestContext@65fe0a0f testClass = AdminControllerTest, testInstance = com.roadmap.admin.AdminControllerTest@18317e7a, testMethod = admin_memberModify_submit@AdminControllerTest, testException = [null], mergedContextConfiguration = [WebMergedContextConfiguration@5e046e6c testClass = AdminControllerTest, locations = '{}', classes = '{class com.roadmap.CoreApplication}', contextInitializerClasses = '[]', activeProfiles = '{}', propertySourceLocations = '{}', propertySourceProperties = '{org.springframework.boot.test.context.SpringBootTestContextBootstrapper=true}', contextCustomizers = set[org.springframework.boot.test.autoconfigure.properties.PropertyMappingContextCustomizer@4b3fa0b3, org.springframework.boot.test.autoconfigure.web.servlet.WebDriverContextCustomizerFactory$Customizer@36f3985, [ImportsContextCustomizer@5688c2e key = [org.springframework.boot.test.autoconfigure.web.servlet.MockMvcAutoConfiguration, org.springframework.boot.test.autoconfigure.web.servlet.MockMvcWebClientAutoConfiguration, org.springframework.boot.test.autoconfigure.web.servlet.MockMvcWebDriverAutoConfiguration, org.springframework.boot.autoconfigure.security.oauth2.client.servlet.OAuth2ClientAutoConfiguration, org.springframework.boot.autoconfigure.security.oauth2.resource.servlet.OAuth2ResourceServerAutoConfiguration, org.springframework.boot.autoconfigure.security.servlet.SecurityAutoConfiguration, org.springframework.boot.autoconfigure.security.servlet.SecurityFilterAutoConfiguration, org.springframework.boot.autoconfigure.security.servlet.UserDetailsServiceAutoConfiguration, org.springframework.boot.test.autoconfigure.web.servlet.MockMvcSecurityConfiguration]], org.springframework.boot.test.context.filter.ExcludeFilterContextCustomizer@465bc06d, org.springframework.boot.test.json.DuplicateJsonObjectContextCustomizerFactory$DuplicateJsonObjectContextCustomizer@7bb6418b, org.springframework.boot.test.mock.mockito.MockitoContextCustomizer@0, org.springframework.boot.test.web.client.TestRestTemplateContextCustomizer@23d4aa12, org.springframework.boot.test.context.SpringBootTestArgs@1, org.springframework.boot.test.context.SpringBootTestWebEnvironment@3db94553], resourceBasePath = 'src/main/webapp', contextLoader = 'org.springframework.boot.test.context.SpringBootContextLoader', parent = [null]], attributes = map['org.springframework.test.context.web.ServletTestExecutionListener.activateListener' -> true, 'org.springframework.test.context.web.ServletTestExecutionListener.populatedRequestContextHolder' -> true, 'org.springframework.test.context.web.ServletTestExecutionListener.resetRequestContextHolder' -> true]]; transaction manager [org.springframework.orm.jpa.JpaTransactionManager@3a25d063]; rollback [true]
2021-03-12 14:34:09.300  INFO 43004 --- [    Test worker] com.roadmap.service.MemberService        : email send signup confirm Email link : /check-email-token?token=97633c41-5992-4087-9760-aa0fa3577ac7&email=epepep@email.com
2021-03-12 14:34:09.300 DEBUG 43004 --- [    Test worker] org.hibernate.SQL                        : 
    select
        nextval ('hibernate_sequence')
2021-03-12 14:34:09.354 DEBUG 43004 --- [    Test worker] org.hibernate.SQL                        : 
    insert 
    into
        member
        (moddate, regdate, bio, email, email_check_token, email_check_token_generated_at, email_verified, from_social, joined_at, loc_id, nickname, occupation, password, profile_image, roadmap_created_by_email, roadmap_created_by_web, roadmap_enrollment_result_by_email, roadmap_enrollment_result_by_web, roadmap_updated_by_email, roadmap_updated_by_web, url, id) 
    values
        (?, ?, ?, ?, ?, ?, ?, ?, ?, ?, ?, ?, ?, ?, ?, ?, ?, ?, ?, ?, ?, ?)
2021-03-12 14:34:09.354 TRACE 43004 --- [    Test worker] o.h.type.descriptor.sql.BasicBinder      : binding parameter [1] as [TIMESTAMP] - [2021-03-12T14:34:09.300986200]
2021-03-12 14:34:09.354 TRACE 43004 --- [    Test worker] o.h.type.descriptor.sql.BasicBinder      : binding parameter [2] as [TIMESTAMP] - [2021-03-12T14:34:09.300986200]
2021-03-12 14:34:09.354 TRACE 43004 --- [    Test worker] o.h.type.descriptor.sql.BasicBinder      : binding parameter [3] as [VARCHAR] - [null]
2021-03-12 14:34:09.355 TRACE 43004 --- [    Test worker] o.h.type.descriptor.sql.BasicBinder      : binding parameter [4] as [VARCHAR] - [epepep@email.com]
2021-03-12 14:34:09.355 TRACE 43004 --- [    Test worker] o.h.type.descriptor.sql.BasicBinder      : binding parameter [5] as [VARCHAR] - [97633c41-5992-4087-9760-aa0fa3577ac7]
2021-03-12 14:34:09.355 TRACE 43004 --- [    Test worker] o.h.type.descriptor.sql.BasicBinder      : binding parameter [6] as [TIMESTAMP] - [2021-03-12T14:34:09.299982600]
2021-03-12 14:34:09.355 TRACE 43004 --- [    Test worker] o.h.type.descriptor.sql.BasicBinder      : binding parameter [7] as [BOOLEAN] - [false]
2021-03-12 14:34:09.355 TRACE 43004 --- [    Test worker] o.h.type.descriptor.sql.BasicBinder      : binding parameter [8] as [BOOLEAN] - [false]
2021-03-12 14:34:09.355 TRACE 43004 --- [    Test worker] o.h.type.descriptor.sql.BasicBinder      : binding parameter [9] as [TIMESTAMP] - [2021-03-12T14:34:09.299982600]
2021-03-12 14:34:09.355 TRACE 43004 --- [    Test worker] o.h.type.descriptor.sql.BasicBinder      : binding parameter [10] as [BIGINT] - [null]
2021-03-12 14:34:09.355 TRACE 43004 --- [    Test worker] o.h.type.descriptor.sql.BasicBinder      : binding parameter [11] as [VARCHAR] - [epepep]
2021-03-12 14:34:09.355 TRACE 43004 --- [    Test worker] o.h.type.descriptor.sql.BasicBinder      : binding parameter [12] as [VARCHAR] - [null]
2021-03-12 14:34:09.355 TRACE 43004 --- [    Test worker] o.h.type.descriptor.sql.BasicBinder      : binding parameter [13] as [VARCHAR] - [{bcrypt}$2a$10$TkA/YjZw2Pg09U8.OCG1aO.delcaqLUash2uD5gXKjIOGyXEKbSr.]
2021-03-12 14:34:09.355 TRACE 43004 --- [    Test worker] o.h.type.descriptor.sql.BasicBinder      : binding parameter [14] as [CLOB] - [null]
2021-03-12 14:34:09.355 TRACE 43004 --- [    Test worker] o.h.type.descriptor.sql.BasicBinder      : binding parameter [15] as [BOOLEAN] - [false]
2021-03-12 14:34:09.355 TRACE 43004 --- [    Test worker] o.h.type.descriptor.sql.BasicBinder      : binding parameter [16] as [BOOLEAN] - [true]
2021-03-12 14:34:09.355 TRACE 43004 --- [    Test worker] o.h.type.descriptor.sql.BasicBinder      : binding parameter [17] as [BOOLEAN] - [false]
2021-03-12 14:34:09.355 TRACE 43004 --- [    Test worker] o.h.type.descriptor.sql.BasicBinder      : binding parameter [18] as [BOOLEAN] - [true]
2021-03-12 14:34:09.355 TRACE 43004 --- [    Test worker] o.h.type.descriptor.sql.BasicBinder      : binding parameter [19] as [BOOLEAN] - [false]
2021-03-12 14:34:09.355 TRACE 43004 --- [    Test worker] o.h.type.descriptor.sql.BasicBinder      : binding parameter [20] as [BOOLEAN] - [true]
2021-03-12 14:34:09.355 TRACE 43004 --- [    Test worker] o.h.type.descriptor.sql.BasicBinder      : binding parameter [21] as [VARCHAR] - [null]
2021-03-12 14:34:09.355 TRACE 43004 --- [    Test worker] o.h.type.descriptor.sql.BasicBinder      : binding parameter [22] as [BIGINT] - [23]
2021-03-12 14:34:09.390 DEBUG 43004 --- [    Test worker] org.hibernate.SQL                        : 
    insert 
    into
        member_role_set
        (member_id, role_set) 
    values
        (?, ?)
2021-03-12 14:34:09.390 TRACE 43004 --- [    Test worker] o.h.type.descriptor.sql.BasicBinder      : binding parameter [1] as [BIGINT] - [23]
2021-03-12 14:34:09.390 TRACE 43004 --- [    Test worker] o.h.type.descriptor.sql.BasicBinder      : binding parameter [2] as [VARCHAR] - [USER]
2021-03-12 14:34:09.434 DEBUG 43004 --- [    Test worker] org.hibernate.SQL                        : 
    select
        member0_.id as id1_3_,
        member0_.moddate as moddate2_3_,
        member0_.regdate as regdate3_3_,
        member0_.bio as bio4_3_,
        member0_.email as email5_3_,
        member0_.email_check_token as email_ch6_3_,
        member0_.email_check_token_generated_at as email_ch7_3_,
        member0_.email_verified as email_ve8_3_,
        member0_.from_social as from_soc9_3_,
        member0_.joined_at as joined_10_3_,
        member0_.loc_id as loc_id22_3_,
        member0_.nickname as nicknam11_3_,
        member0_.occupation as occupat12_3_,
        member0_.password as passwor13_3_,
        member0_.profile_image as profile14_3_,
        member0_.roadmap_created_by_email as roadmap15_3_,
        member0_.roadmap_created_by_web as roadmap16_3_,
        member0_.roadmap_enrollment_result_by_email as roadmap17_3_,
        member0_.roadmap_enrollment_result_by_web as roadmap18_3_,
        member0_.roadmap_updated_by_email as roadmap19_3_,
        member0_.roadmap_updated_by_web as roadmap20_3_,
        member0_.url as url21_3_ 
    from
        member member0_ 
    where
        member0_.email=?
2021-03-12 14:34:09.435 TRACE 43004 --- [    Test worker] o.h.type.descriptor.sql.BasicBinder      : binding parameter [1] as [VARCHAR] - [epepep]
2021-03-12 14:34:09.490 DEBUG 43004 --- [    Test worker] org.hibernate.SQL                        : 
    select
        member0_.id as id1_3_,
        member0_.moddate as moddate2_3_,
        member0_.regdate as regdate3_3_,
        member0_.bio as bio4_3_,
        member0_.email as email5_3_,
        member0_.email_check_token as email_ch6_3_,
        member0_.email_check_token_generated_at as email_ch7_3_,
        member0_.email_verified as email_ve8_3_,
        member0_.from_social as from_soc9_3_,
        member0_.joined_at as joined_10_3_,
        member0_.loc_id as loc_id22_3_,
        member0_.nickname as nicknam11_3_,
        member0_.occupation as occupat12_3_,
        member0_.password as passwor13_3_,
        member0_.profile_image as profile14_3_,
        member0_.roadmap_created_by_email as roadmap15_3_,
        member0_.roadmap_created_by_web as roadmap16_3_,
        member0_.roadmap_enrollment_result_by_email as roadmap17_3_,
        member0_.roadmap_enrollment_result_by_web as roadmap18_3_,
        member0_.roadmap_updated_by_email as roadmap19_3_,
        member0_.roadmap_updated_by_web as roadmap20_3_,
        member0_.url as url21_3_ 
    from
        member member0_ 
    where
        member0_.nickname=?
2021-03-12 14:34:09.491 TRACE 43004 --- [    Test worker] o.h.type.descriptor.sql.BasicBinder      : binding parameter [1] as [VARCHAR] - [epepep]
2021-03-12 14:34:09.541 DEBUG 43004 --- [    Test worker] org.hibernate.SQL                        : 
    select
        member0_.id as id1_3_,
        member0_.moddate as moddate2_3_,
        member0_.regdate as regdate3_3_,
        member0_.bio as bio4_3_,
        member0_.email as email5_3_,
        member0_.email_check_token as email_ch6_3_,
        member0_.email_check_token_generated_at as email_ch7_3_,
        member0_.email_verified as email_ve8_3_,
        member0_.from_social as from_soc9_3_,
        member0_.joined_at as joined_10_3_,
        member0_.loc_id as loc_id22_3_,
        member0_.nickname as nicknam11_3_,
        member0_.occupation as occupat12_3_,
        member0_.password as passwor13_3_,
        member0_.profile_image as profile14_3_,
        member0_.roadmap_created_by_email as roadmap15_3_,
        member0_.roadmap_created_by_web as roadmap16_3_,
        member0_.roadmap_enrollment_result_by_email as roadmap17_3_,
        member0_.roadmap_enrollment_result_by_web as roadmap18_3_,
        member0_.roadmap_updated_by_email as roadmap19_3_,
        member0_.roadmap_updated_by_web as roadmap20_3_,
        member0_.url as url21_3_ 
    from
        member member0_ 
    where
        member0_.nickname=?
2021-03-12 14:34:09.541 TRACE 43004 --- [    Test worker] o.h.type.descriptor.sql.BasicBinder      : binding parameter [1] as [VARCHAR] - [epepep]
2021-03-12 14:34:09.615  INFO 43004 --- [    Test worker] com.roadmap.filter.ApiCheckFilter        : REQUESTURI : /admin/member/23/modify
2021-03-12 14:34:09.615  INFO 43004 --- [    Test worker] com.roadmap.filter.ApiCheckFilter        : false
2021-03-12 14:34:09.622 DEBUG 43004 --- [    Test worker] org.hibernate.SQL                        : 
    select
        tag0_.id as id1_21_,
        tag0_.moddate as moddate2_21_,
        tag0_.regdate as regdate3_21_,
        tag0_.title as title4_21_ 
    from
        tag tag0_
2021-03-12 14:34:09.794  INFO 43004 --- [    Test worker] o.s.t.c.transaction.TransactionContext   : Rolled back transaction for test: [DefaultTestContext@65fe0a0f testClass = AdminControllerTest, testInstance = com.roadmap.admin.AdminControllerTest@18317e7a, testMethod = admin_memberModify_submit@AdminControllerTest, testException = [null], mergedContextConfiguration = [WebMergedContextConfiguration@5e046e6c testClass = AdminControllerTest, locations = '{}', classes = '{class com.roadmap.CoreApplication}', contextInitializerClasses = '[]', activeProfiles = '{}', propertySourceLocations = '{}', propertySourceProperties = '{org.springframework.boot.test.context.SpringBootTestContextBootstrapper=true}', contextCustomizers = set[org.springframework.boot.test.autoconfigure.properties.PropertyMappingContextCustomizer@4b3fa0b3, org.springframework.boot.test.autoconfigure.web.servlet.WebDriverContextCustomizerFactory$Customizer@36f3985, [ImportsContextCustomizer@5688c2e key = [org.springframework.boot.test.autoconfigure.web.servlet.MockMvcAutoConfiguration, org.springframework.boot.test.autoconfigure.web.servlet.MockMvcWebClientAutoConfiguration, org.springframework.boot.test.autoconfigure.web.servlet.MockMvcWebDriverAutoConfiguration, org.springframework.boot.autoconfigure.security.oauth2.client.servlet.OAuth2ClientAutoConfiguration, org.springframework.boot.autoconfigure.security.oauth2.resource.servlet.OAuth2ResourceServerAutoConfiguration, org.springframework.boot.autoconfigure.security.servlet.SecurityAutoConfiguration, org.springframework.boot.autoconfigure.security.servlet.SecurityFilterAutoConfiguration, org.springframework.boot.autoconfigure.security.servlet.UserDetailsServiceAutoConfiguration, org.springframework.boot.test.autoconfigure.web.servlet.MockMvcSecurityConfiguration]], org.springframework.boot.test.context.filter.ExcludeFilterContextCustomizer@465bc06d, org.springframework.boot.test.json.DuplicateJsonObjectContextCustomizerFactory$DuplicateJsonObjectContextCustomizer@7bb6418b, org.springframework.boot.test.mock.mockito.MockitoContextCustomizer@0, org.springframework.boot.test.web.client.TestRestTemplateContextCustomizer@23d4aa12, org.springframework.boot.test.context.SpringBootTestArgs@1, org.springframework.boot.test.context.SpringBootTestWebEnvironment@3db94553], resourceBasePath = 'src/main/webapp', contextLoader = 'org.springframework.boot.test.context.SpringBootContextLoader', parent = [null]], attributes = map['org.springframework.test.context.web.ServletTestExecutionListener.activateListener' -> true, 'org.springframework.test.context.web.ServletTestExecutionListener.populatedRequestContextHolder' -> true, 'org.springframework.test.context.web.ServletTestExecutionListener.resetRequestContextHolder' -> true]]
2021-03-12 14:34:09.795  INFO 43004 --- [    Test worker] o.s.t.c.transaction.TransactionContext   : Began transaction (1) for test context [DefaultTestContext@65fe0a0f testClass = AdminControllerTest, testInstance = com.roadmap.admin.AdminControllerTest@6b35d142, testMethod = dashboard@AdminControllerTest, testException = [null], mergedContextConfiguration = [WebMergedContextConfiguration@5e046e6c testClass = AdminControllerTest, locations = '{}', classes = '{class com.roadmap.CoreApplication}', contextInitializerClasses = '[]', activeProfiles = '{}', propertySourceLocations = '{}', propertySourceProperties = '{org.springframework.boot.test.context.SpringBootTestContextBootstrapper=true}', contextCustomizers = set[org.springframework.boot.test.autoconfigure.properties.PropertyMappingContextCustomizer@4b3fa0b3, org.springframework.boot.test.autoconfigure.web.servlet.WebDriverContextCustomizerFactory$Customizer@36f3985, [ImportsContextCustomizer@5688c2e key = [org.springframework.boot.test.autoconfigure.web.servlet.MockMvcAutoConfiguration, org.springframework.boot.test.autoconfigure.web.servlet.MockMvcWebClientAutoConfiguration, org.springframework.boot.test.autoconfigure.web.servlet.MockMvcWebDriverAutoConfiguration, org.springframework.boot.autoconfigure.security.oauth2.client.servlet.OAuth2ClientAutoConfiguration, org.springframework.boot.autoconfigure.security.oauth2.resource.servlet.OAuth2ResourceServerAutoConfiguration, org.springframework.boot.autoconfigure.security.servlet.SecurityAutoConfiguration, org.springframework.boot.autoconfigure.security.servlet.SecurityFilterAutoConfiguration, org.springframework.boot.autoconfigure.security.servlet.UserDetailsServiceAutoConfiguration, org.springframework.boot.test.autoconfigure.web.servlet.MockMvcSecurityConfiguration]], org.springframework.boot.test.context.filter.ExcludeFilterContextCustomizer@465bc06d, org.springframework.boot.test.json.DuplicateJsonObjectContextCustomizerFactory$DuplicateJsonObjectContextCustomizer@7bb6418b, org.springframework.boot.test.mock.mockito.MockitoContextCustomizer@0, org.springframework.boot.test.web.client.TestRestTemplateContextCustomizer@23d4aa12, org.springframework.boot.test.context.SpringBootTestArgs@1, org.springframework.boot.test.context.SpringBootTestWebEnvironment@3db94553], resourceBasePath = 'src/main/webapp', contextLoader = 'org.springframework.boot.test.context.SpringBootContextLoader', parent = [null]], attributes = map['org.springframework.test.context.web.ServletTestExecutionListener.activateListener' -> true, 'org.springframework.test.context.web.ServletTestExecutionListener.populatedRequestContextHolder' -> true, 'org.springframework.test.context.web.ServletTestExecutionListener.resetRequestContextHolder' -> true]]; transaction manager [org.springframework.orm.jpa.JpaTransactionManager@3a25d063]; rollback [true]
2021-03-12 14:34:09.860  INFO 43004 --- [    Test worker] com.roadmap.service.MemberService        : email send signup confirm Email link : /check-email-token?token=eb7a843a-a3db-4a52-9e92-9b0d3332cb86&email=epepep@email.com
2021-03-12 14:34:09.861 DEBUG 43004 --- [    Test worker] org.hibernate.SQL                        : 
    select
        nextval ('hibernate_sequence')
2021-03-12 14:34:09.908 DEBUG 43004 --- [    Test worker] org.hibernate.SQL                        : 
    insert 
    into
        member
        (moddate, regdate, bio, email, email_check_token, email_check_token_generated_at, email_verified, from_social, joined_at, loc_id, nickname, occupation, password, profile_image, roadmap_created_by_email, roadmap_created_by_web, roadmap_enrollment_result_by_email, roadmap_enrollment_result_by_web, roadmap_updated_by_email, roadmap_updated_by_web, url, id) 
    values
        (?, ?, ?, ?, ?, ?, ?, ?, ?, ?, ?, ?, ?, ?, ?, ?, ?, ?, ?, ?, ?, ?)
2021-03-12 14:34:09.909 TRACE 43004 --- [    Test worker] o.h.type.descriptor.sql.BasicBinder      : binding parameter [1] as [TIMESTAMP] - [2021-03-12T14:34:09.861048100]
2021-03-12 14:34:09.909 TRACE 43004 --- [    Test worker] o.h.type.descriptor.sql.BasicBinder      : binding parameter [2] as [TIMESTAMP] - [2021-03-12T14:34:09.861048100]
2021-03-12 14:34:09.909 TRACE 43004 --- [    Test worker] o.h.type.descriptor.sql.BasicBinder      : binding parameter [3] as [VARCHAR] - [null]
2021-03-12 14:34:09.909 TRACE 43004 --- [    Test worker] o.h.type.descriptor.sql.BasicBinder      : binding parameter [4] as [VARCHAR] - [epepep@email.com]
2021-03-12 14:34:09.909 TRACE 43004 --- [    Test worker] o.h.type.descriptor.sql.BasicBinder      : binding parameter [5] as [VARCHAR] - [eb7a843a-a3db-4a52-9e92-9b0d3332cb86]
2021-03-12 14:34:09.909 TRACE 43004 --- [    Test worker] o.h.type.descriptor.sql.BasicBinder      : binding parameter [6] as [TIMESTAMP] - [2021-03-12T14:34:09.860044200]
2021-03-12 14:34:09.909 TRACE 43004 --- [    Test worker] o.h.type.descriptor.sql.BasicBinder      : binding parameter [7] as [BOOLEAN] - [false]
2021-03-12 14:34:09.909 TRACE 43004 --- [    Test worker] o.h.type.descriptor.sql.BasicBinder      : binding parameter [8] as [BOOLEAN] - [false]
2021-03-12 14:34:09.909 TRACE 43004 --- [    Test worker] o.h.type.descriptor.sql.BasicBinder      : binding parameter [9] as [TIMESTAMP] - [2021-03-12T14:34:09.860044200]
2021-03-12 14:34:09.909 TRACE 43004 --- [    Test worker] o.h.type.descriptor.sql.BasicBinder      : binding parameter [10] as [BIGINT] - [null]
2021-03-12 14:34:09.909 TRACE 43004 --- [    Test worker] o.h.type.descriptor.sql.BasicBinder      : binding parameter [11] as [VARCHAR] - [epepep]
2021-03-12 14:34:09.909 TRACE 43004 --- [    Test worker] o.h.type.descriptor.sql.BasicBinder      : binding parameter [12] as [VARCHAR] - [null]
2021-03-12 14:34:09.909 TRACE 43004 --- [    Test worker] o.h.type.descriptor.sql.BasicBinder      : binding parameter [13] as [VARCHAR] - [{bcrypt}$2a$10$.7TFNzOsLise/8GuINEub.YqmJWfTt7mI/7Y52gxjMbfXQiaPFJwG]
2021-03-12 14:34:09.909 TRACE 43004 --- [    Test worker] o.h.type.descriptor.sql.BasicBinder      : binding parameter [14] as [CLOB] - [null]
2021-03-12 14:34:09.909 TRACE 43004 --- [    Test worker] o.h.type.descriptor.sql.BasicBinder      : binding parameter [15] as [BOOLEAN] - [false]
2021-03-12 14:34:09.910 TRACE 43004 --- [    Test worker] o.h.type.descriptor.sql.BasicBinder      : binding parameter [16] as [BOOLEAN] - [true]
2021-03-12 14:34:09.910 TRACE 43004 --- [    Test worker] o.h.type.descriptor.sql.BasicBinder      : binding parameter [17] as [BOOLEAN] - [false]
2021-03-12 14:34:09.910 TRACE 43004 --- [    Test worker] o.h.type.descriptor.sql.BasicBinder      : binding parameter [18] as [BOOLEAN] - [true]
2021-03-12 14:34:09.910 TRACE 43004 --- [    Test worker] o.h.type.descriptor.sql.BasicBinder      : binding parameter [19] as [BOOLEAN] - [false]
2021-03-12 14:34:09.910 TRACE 43004 --- [    Test worker] o.h.type.descriptor.sql.BasicBinder      : binding parameter [20] as [BOOLEAN] - [true]
2021-03-12 14:34:09.910 TRACE 43004 --- [    Test worker] o.h.type.descriptor.sql.BasicBinder      : binding parameter [21] as [VARCHAR] - [null]
2021-03-12 14:34:09.910 TRACE 43004 --- [    Test worker] o.h.type.descriptor.sql.BasicBinder      : binding parameter [22] as [BIGINT] - [24]
2021-03-12 14:34:09.968 DEBUG 43004 --- [    Test worker] org.hibernate.SQL                        : 
    insert 
    into
        member_role_set
        (member_id, role_set) 
    values
        (?, ?)
2021-03-12 14:34:09.968 TRACE 43004 --- [    Test worker] o.h.type.descriptor.sql.BasicBinder      : binding parameter [1] as [BIGINT] - [24]
2021-03-12 14:34:09.968 TRACE 43004 --- [    Test worker] o.h.type.descriptor.sql.BasicBinder      : binding parameter [2] as [VARCHAR] - [USER]
2021-03-12 14:34:10.025 DEBUG 43004 --- [    Test worker] org.hibernate.SQL                        : 
    select
        member0_.id as id1_3_,
        member0_.moddate as moddate2_3_,
        member0_.regdate as regdate3_3_,
        member0_.bio as bio4_3_,
        member0_.email as email5_3_,
        member0_.email_check_token as email_ch6_3_,
        member0_.email_check_token_generated_at as email_ch7_3_,
        member0_.email_verified as email_ve8_3_,
        member0_.from_social as from_soc9_3_,
        member0_.joined_at as joined_10_3_,
        member0_.loc_id as loc_id22_3_,
        member0_.nickname as nicknam11_3_,
        member0_.occupation as occupat12_3_,
        member0_.password as passwor13_3_,
        member0_.profile_image as profile14_3_,
        member0_.roadmap_created_by_email as roadmap15_3_,
        member0_.roadmap_created_by_web as roadmap16_3_,
        member0_.roadmap_enrollment_result_by_email as roadmap17_3_,
        member0_.roadmap_enrollment_result_by_web as roadmap18_3_,
        member0_.roadmap_updated_by_email as roadmap19_3_,
        member0_.roadmap_updated_by_web as roadmap20_3_,
        member0_.url as url21_3_ 
    from
        member member0_ 
    where
        member0_.email=?
2021-03-12 14:34:10.025 TRACE 43004 --- [    Test worker] o.h.type.descriptor.sql.BasicBinder      : binding parameter [1] as [VARCHAR] - [epepep]
2021-03-12 14:34:10.065 DEBUG 43004 --- [    Test worker] org.hibernate.SQL                        : 
    select
        member0_.id as id1_3_,
        member0_.moddate as moddate2_3_,
        member0_.regdate as regdate3_3_,
        member0_.bio as bio4_3_,
        member0_.email as email5_3_,
        member0_.email_check_token as email_ch6_3_,
        member0_.email_check_token_generated_at as email_ch7_3_,
        member0_.email_verified as email_ve8_3_,
        member0_.from_social as from_soc9_3_,
        member0_.joined_at as joined_10_3_,
        member0_.loc_id as loc_id22_3_,
        member0_.nickname as nicknam11_3_,
        member0_.occupation as occupat12_3_,
        member0_.password as passwor13_3_,
        member0_.profile_image as profile14_3_,
        member0_.roadmap_created_by_email as roadmap15_3_,
        member0_.roadmap_created_by_web as roadmap16_3_,
        member0_.roadmap_enrollment_result_by_email as roadmap17_3_,
        member0_.roadmap_enrollment_result_by_web as roadmap18_3_,
        member0_.roadmap_updated_by_email as roadmap19_3_,
        member0_.roadmap_updated_by_web as roadmap20_3_,
        member0_.url as url21_3_ 
    from
        member member0_ 
    where
        member0_.nickname=?
2021-03-12 14:34:10.065 TRACE 43004 --- [    Test worker] o.h.type.descriptor.sql.BasicBinder      : binding parameter [1] as [VARCHAR] - [epepep]
2021-03-12 14:34:10.112  INFO 43004 --- [    Test worker] com.roadmap.filter.ApiCheckFilter        : REQUESTURI : /admin
2021-03-12 14:34:10.112  INFO 43004 --- [    Test worker] com.roadmap.filter.ApiCheckFilter        : false
2021-03-12 14:34:10.115 DEBUG 43004 --- [    Test worker] org.hibernate.SQL                        : 
    select
        count(*) as col_0_0_ 
    from
        member member0_
2021-03-12 14:34:10.231  INFO 43004 --- [    Test worker] o.s.t.c.transaction.TransactionContext   : Rolled back transaction for test: [DefaultTestContext@65fe0a0f testClass = AdminControllerTest, testInstance = com.roadmap.admin.AdminControllerTest@6b35d142, testMethod = dashboard@AdminControllerTest, testException = [null], mergedContextConfiguration = [WebMergedContextConfiguration@5e046e6c testClass = AdminControllerTest, locations = '{}', classes = '{class com.roadmap.CoreApplication}', contextInitializerClasses = '[]', activeProfiles = '{}', propertySourceLocations = '{}', propertySourceProperties = '{org.springframework.boot.test.context.SpringBootTestContextBootstrapper=true}', contextCustomizers = set[org.springframework.boot.test.autoconfigure.properties.PropertyMappingContextCustomizer@4b3fa0b3, org.springframework.boot.test.autoconfigure.web.servlet.WebDriverContextCustomizerFactory$Customizer@36f3985, [ImportsContextCustomizer@5688c2e key = [org.springframework.boot.test.autoconfigure.web.servlet.MockMvcAutoConfiguration, org.springframework.boot.test.autoconfigure.web.servlet.MockMvcWebClientAutoConfiguration, org.springframework.boot.test.autoconfigure.web.servlet.MockMvcWebDriverAutoConfiguration, org.springframework.boot.autoconfigure.security.oauth2.client.servlet.OAuth2ClientAutoConfiguration, org.springframework.boot.autoconfigure.security.oauth2.resource.servlet.OAuth2ResourceServerAutoConfiguration, org.springframework.boot.autoconfigure.security.servlet.SecurityAutoConfiguration, org.springframework.boot.autoconfigure.security.servlet.SecurityFilterAutoConfiguration, org.springframework.boot.autoconfigure.security.servlet.UserDetailsServiceAutoConfiguration, org.springframework.boot.test.autoconfigure.web.servlet.MockMvcSecurityConfiguration]], org.springframework.boot.test.context.filter.ExcludeFilterContextCustomizer@465bc06d, org.springframework.boot.test.json.DuplicateJsonObjectContextCustomizerFactory$DuplicateJsonObjectContextCustomizer@7bb6418b, org.springframework.boot.test.mock.mockito.MockitoContextCustomizer@0, org.springframework.boot.test.web.client.TestRestTemplateContextCustomizer@23d4aa12, org.springframework.boot.test.context.SpringBootTestArgs@1, org.springframework.boot.test.context.SpringBootTestWebEnvironment@3db94553], resourceBasePath = 'src/main/webapp', contextLoader = 'org.springframework.boot.test.context.SpringBootContextLoader', parent = [null]], attributes = map['org.springframework.test.context.web.ServletTestExecutionListener.activateListener' -> true, 'org.springframework.test.context.web.ServletTestExecutionListener.populatedRequestContextHolder' -> true, 'org.springframework.test.context.web.ServletTestExecutionListener.resetRequestContextHolder' -> true]]
2021-03-12 14:34:10.233  INFO 43004 --- [    Test worker] o.s.t.c.transaction.TransactionContext   : Began transaction (1) for test context [DefaultTestContext@65fe0a0f testClass = AdminControllerTest, testInstance = com.roadmap.admin.AdminControllerTest@451b3ba7, testMethod = admin_memberView@AdminControllerTest, testException = [null], mergedContextConfiguration = [WebMergedContextConfiguration@5e046e6c testClass = AdminControllerTest, locations = '{}', classes = '{class com.roadmap.CoreApplication}', contextInitializerClasses = '[]', activeProfiles = '{}', propertySourceLocations = '{}', propertySourceProperties = '{org.springframework.boot.test.context.SpringBootTestContextBootstrapper=true}', contextCustomizers = set[org.springframework.boot.test.autoconfigure.properties.PropertyMappingContextCustomizer@4b3fa0b3, org.springframework.boot.test.autoconfigure.web.servlet.WebDriverContextCustomizerFactory$Customizer@36f3985, [ImportsContextCustomizer@5688c2e key = [org.springframework.boot.test.autoconfigure.web.servlet.MockMvcAutoConfiguration, org.springframework.boot.test.autoconfigure.web.servlet.MockMvcWebClientAutoConfiguration, org.springframework.boot.test.autoconfigure.web.servlet.MockMvcWebDriverAutoConfiguration, org.springframework.boot.autoconfigure.security.oauth2.client.servlet.OAuth2ClientAutoConfiguration, org.springframework.boot.autoconfigure.security.oauth2.resource.servlet.OAuth2ResourceServerAutoConfiguration, org.springframework.boot.autoconfigure.security.servlet.SecurityAutoConfiguration, org.springframework.boot.autoconfigure.security.servlet.SecurityFilterAutoConfiguration, org.springframework.boot.autoconfigure.security.servlet.UserDetailsServiceAutoConfiguration, org.springframework.boot.test.autoconfigure.web.servlet.MockMvcSecurityConfiguration]], org.springframework.boot.test.context.filter.ExcludeFilterContextCustomizer@465bc06d, org.springframework.boot.test.json.DuplicateJsonObjectContextCustomizerFactory$DuplicateJsonObjectContextCustomizer@7bb6418b, org.springframework.boot.test.mock.mockito.MockitoContextCustomizer@0, org.springframework.boot.test.web.client.TestRestTemplateContextCustomizer@23d4aa12, org.springframework.boot.test.context.SpringBootTestArgs@1, org.springframework.boot.test.context.SpringBootTestWebEnvironment@3db94553], resourceBasePath = 'src/main/webapp', contextLoader = 'org.springframework.boot.test.context.SpringBootContextLoader', parent = [null]], attributes = map['org.springframework.test.context.web.ServletTestExecutionListener.activateListener' -> true, 'org.springframework.test.context.web.ServletTestExecutionListener.populatedRequestContextHolder' -> true, 'org.springframework.test.context.web.ServletTestExecutionListener.resetRequestContextHolder' -> true]]; transaction manager [org.springframework.orm.jpa.JpaTransactionManager@3a25d063]; rollback [true]
2021-03-12 14:34:10.298  INFO 43004 --- [    Test worker] com.roadmap.service.MemberService        : email send signup confirm Email link : /check-email-token?token=c5264523-4799-4e0f-be3e-60794ba10476&email=epepep@email.com
2021-03-12 14:34:10.299 DEBUG 43004 --- [    Test worker] org.hibernate.SQL                        : 
    select
        nextval ('hibernate_sequence')
2021-03-12 14:34:10.344 DEBUG 43004 --- [    Test worker] org.hibernate.SQL                        : 
    insert 
    into
        member
        (moddate, regdate, bio, email, email_check_token, email_check_token_generated_at, email_verified, from_social, joined_at, loc_id, nickname, occupation, password, profile_image, roadmap_created_by_email, roadmap_created_by_web, roadmap_enrollment_result_by_email, roadmap_enrollment_result_by_web, roadmap_updated_by_email, roadmap_updated_by_web, url, id) 
    values
        (?, ?, ?, ?, ?, ?, ?, ?, ?, ?, ?, ?, ?, ?, ?, ?, ?, ?, ?, ?, ?, ?)
2021-03-12 14:34:10.345 TRACE 43004 --- [    Test worker] o.h.type.descriptor.sql.BasicBinder      : binding parameter [1] as [TIMESTAMP] - [2021-03-12T14:34:10.298047900]
2021-03-12 14:34:10.345 TRACE 43004 --- [    Test worker] o.h.type.descriptor.sql.BasicBinder      : binding parameter [2] as [TIMESTAMP] - [2021-03-12T14:34:10.298047900]
2021-03-12 14:34:10.345 TRACE 43004 --- [    Test worker] o.h.type.descriptor.sql.BasicBinder      : binding parameter [3] as [VARCHAR] - [null]
2021-03-12 14:34:10.345 TRACE 43004 --- [    Test worker] o.h.type.descriptor.sql.BasicBinder      : binding parameter [4] as [VARCHAR] - [epepep@email.com]
2021-03-12 14:34:10.345 TRACE 43004 --- [    Test worker] o.h.type.descriptor.sql.BasicBinder      : binding parameter [5] as [VARCHAR] - [c5264523-4799-4e0f-be3e-60794ba10476]
2021-03-12 14:34:10.345 TRACE 43004 --- [    Test worker] o.h.type.descriptor.sql.BasicBinder      : binding parameter [6] as [TIMESTAMP] - [2021-03-12T14:34:10.297045900]
2021-03-12 14:34:10.345 TRACE 43004 --- [    Test worker] o.h.type.descriptor.sql.BasicBinder      : binding parameter [7] as [BOOLEAN] - [false]
2021-03-12 14:34:10.345 TRACE 43004 --- [    Test worker] o.h.type.descriptor.sql.BasicBinder      : binding parameter [8] as [BOOLEAN] - [false]
2021-03-12 14:34:10.345 TRACE 43004 --- [    Test worker] o.h.type.descriptor.sql.BasicBinder      : binding parameter [9] as [TIMESTAMP] - [2021-03-12T14:34:10.297045900]
2021-03-12 14:34:10.345 TRACE 43004 --- [    Test worker] o.h.type.descriptor.sql.BasicBinder      : binding parameter [10] as [BIGINT] - [null]
2021-03-12 14:34:10.345 TRACE 43004 --- [    Test worker] o.h.type.descriptor.sql.BasicBinder      : binding parameter [11] as [VARCHAR] - [epepep]
2021-03-12 14:34:10.345 TRACE 43004 --- [    Test worker] o.h.type.descriptor.sql.BasicBinder      : binding parameter [12] as [VARCHAR] - [null]
2021-03-12 14:34:10.345 TRACE 43004 --- [    Test worker] o.h.type.descriptor.sql.BasicBinder      : binding parameter [13] as [VARCHAR] - [{bcrypt}$2a$10$a4IF3jdvCUeSs6nY.EwT7eHOuTSVuip32OKcpBO2WTqg/bcjv3vA2]
2021-03-12 14:34:10.345 TRACE 43004 --- [    Test worker] o.h.type.descriptor.sql.BasicBinder      : binding parameter [14] as [CLOB] - [null]
2021-03-12 14:34:10.345 TRACE 43004 --- [    Test worker] o.h.type.descriptor.sql.BasicBinder      : binding parameter [15] as [BOOLEAN] - [false]
2021-03-12 14:34:10.346 TRACE 43004 --- [    Test worker] o.h.type.descriptor.sql.BasicBinder      : binding parameter [16] as [BOOLEAN] - [true]
2021-03-12 14:34:10.346 TRACE 43004 --- [    Test worker] o.h.type.descriptor.sql.BasicBinder      : binding parameter [17] as [BOOLEAN] - [false]
2021-03-12 14:34:10.346 TRACE 43004 --- [    Test worker] o.h.type.descriptor.sql.BasicBinder      : binding parameter [18] as [BOOLEAN] - [true]
2021-03-12 14:34:10.346 TRACE 43004 --- [    Test worker] o.h.type.descriptor.sql.BasicBinder      : binding parameter [19] as [BOOLEAN] - [false]
2021-03-12 14:34:10.346 TRACE 43004 --- [    Test worker] o.h.type.descriptor.sql.BasicBinder      : binding parameter [20] as [BOOLEAN] - [true]
2021-03-12 14:34:10.346 TRACE 43004 --- [    Test worker] o.h.type.descriptor.sql.BasicBinder      : binding parameter [21] as [VARCHAR] - [null]
2021-03-12 14:34:10.346 TRACE 43004 --- [    Test worker] o.h.type.descriptor.sql.BasicBinder      : binding parameter [22] as [BIGINT] - [25]
2021-03-12 14:34:10.390 DEBUG 43004 --- [    Test worker] org.hibernate.SQL                        : 
    insert 
    into
        member_role_set
        (member_id, role_set) 
    values
        (?, ?)
2021-03-12 14:34:10.391 TRACE 43004 --- [    Test worker] o.h.type.descriptor.sql.BasicBinder      : binding parameter [1] as [BIGINT] - [25]
2021-03-12 14:34:10.391 TRACE 43004 --- [    Test worker] o.h.type.descriptor.sql.BasicBinder      : binding parameter [2] as [VARCHAR] - [USER]
2021-03-12 14:34:10.445 DEBUG 43004 --- [    Test worker] org.hibernate.SQL                        : 
    select
        member0_.id as id1_3_,
        member0_.moddate as moddate2_3_,
        member0_.regdate as regdate3_3_,
        member0_.bio as bio4_3_,
        member0_.email as email5_3_,
        member0_.email_check_token as email_ch6_3_,
        member0_.email_check_token_generated_at as email_ch7_3_,
        member0_.email_verified as email_ve8_3_,
        member0_.from_social as from_soc9_3_,
        member0_.joined_at as joined_10_3_,
        member0_.loc_id as loc_id22_3_,
        member0_.nickname as nicknam11_3_,
        member0_.occupation as occupat12_3_,
        member0_.password as passwor13_3_,
        member0_.profile_image as profile14_3_,
        member0_.roadmap_created_by_email as roadmap15_3_,
        member0_.roadmap_created_by_web as roadmap16_3_,
        member0_.roadmap_enrollment_result_by_email as roadmap17_3_,
        member0_.roadmap_enrollment_result_by_web as roadmap18_3_,
        member0_.roadmap_updated_by_email as roadmap19_3_,
        member0_.roadmap_updated_by_web as roadmap20_3_,
        member0_.url as url21_3_ 
    from
        member member0_ 
    where
        member0_.email=?
2021-03-12 14:34:10.445 TRACE 43004 --- [    Test worker] o.h.type.descriptor.sql.BasicBinder      : binding parameter [1] as [VARCHAR] - [epepep]
2021-03-12 14:34:10.491 DEBUG 43004 --- [    Test worker] org.hibernate.SQL                        : 
    select
        member0_.id as id1_3_,
        member0_.moddate as moddate2_3_,
        member0_.regdate as regdate3_3_,
        member0_.bio as bio4_3_,
        member0_.email as email5_3_,
        member0_.email_check_token as email_ch6_3_,
        member0_.email_check_token_generated_at as email_ch7_3_,
        member0_.email_verified as email_ve8_3_,
        member0_.from_social as from_soc9_3_,
        member0_.joined_at as joined_10_3_,
        member0_.loc_id as loc_id22_3_,
        member0_.nickname as nicknam11_3_,
        member0_.occupation as occupat12_3_,
        member0_.password as passwor13_3_,
        member0_.profile_image as profile14_3_,
        member0_.roadmap_created_by_email as roadmap15_3_,
        member0_.roadmap_created_by_web as roadmap16_3_,
        member0_.roadmap_enrollment_result_by_email as roadmap17_3_,
        member0_.roadmap_enrollment_result_by_web as roadmap18_3_,
        member0_.roadmap_updated_by_email as roadmap19_3_,
        member0_.roadmap_updated_by_web as roadmap20_3_,
        member0_.url as url21_3_ 
    from
        member member0_ 
    where
        member0_.nickname=?
2021-03-12 14:34:10.492 TRACE 43004 --- [    Test worker] o.h.type.descriptor.sql.BasicBinder      : binding parameter [1] as [VARCHAR] - [epepep]
2021-03-12 14:34:10.543 DEBUG 43004 --- [    Test worker] org.hibernate.SQL                        : 
    select
        member0_.id as id1_3_,
        member0_.moddate as moddate2_3_,
        member0_.regdate as regdate3_3_,
        member0_.bio as bio4_3_,
        member0_.email as email5_3_,
        member0_.email_check_token as email_ch6_3_,
        member0_.email_check_token_generated_at as email_ch7_3_,
        member0_.email_verified as email_ve8_3_,
        member0_.from_social as from_soc9_3_,
        member0_.joined_at as joined_10_3_,
        member0_.loc_id as loc_id22_3_,
        member0_.nickname as nicknam11_3_,
        member0_.occupation as occupat12_3_,
        member0_.password as passwor13_3_,
        member0_.profile_image as profile14_3_,
        member0_.roadmap_created_by_email as roadmap15_3_,
        member0_.roadmap_created_by_web as roadmap16_3_,
        member0_.roadmap_enrollment_result_by_email as roadmap17_3_,
        member0_.roadmap_enrollment_result_by_web as roadmap18_3_,
        member0_.roadmap_updated_by_email as roadmap19_3_,
        member0_.roadmap_updated_by_web as roadmap20_3_,
        member0_.url as url21_3_ 
    from
        member member0_ 
    where
        member0_.nickname=?
2021-03-12 14:34:10.543 TRACE 43004 --- [    Test worker] o.h.type.descriptor.sql.BasicBinder      : binding parameter [1] as [VARCHAR] - [epepep]
2021-03-12 14:34:10.591  INFO 43004 --- [    Test worker] com.roadmap.filter.ApiCheckFilter        : REQUESTURI : /admin/member/25
2021-03-12 14:34:10.591  INFO 43004 --- [    Test worker] com.roadmap.filter.ApiCheckFilter        : false
2021-03-12 14:34:10.595 DEBUG 43004 --- [    Test worker] org.hibernate.SQL                        : 
    select
        tag0_.id as id1_21_,
        tag0_.moddate as moddate2_21_,
        tag0_.regdate as regdate3_21_,
        tag0_.title as title4_21_ 
    from
        tag tag0_
2021-03-12 14:34:10.709  INFO 43004 --- [    Test worker] o.s.t.c.transaction.TransactionContext   : Rolled back transaction for test: [DefaultTestContext@65fe0a0f testClass = AdminControllerTest, testInstance = com.roadmap.admin.AdminControllerTest@451b3ba7, testMethod = admin_memberView@AdminControllerTest, testException = [null], mergedContextConfiguration = [WebMergedContextConfiguration@5e046e6c testClass = AdminControllerTest, locations = '{}', classes = '{class com.roadmap.CoreApplication}', contextInitializerClasses = '[]', activeProfiles = '{}', propertySourceLocations = '{}', propertySourceProperties = '{org.springframework.boot.test.context.SpringBootTestContextBootstrapper=true}', contextCustomizers = set[org.springframework.boot.test.autoconfigure.properties.PropertyMappingContextCustomizer@4b3fa0b3, org.springframework.boot.test.autoconfigure.web.servlet.WebDriverContextCustomizerFactory$Customizer@36f3985, [ImportsContextCustomizer@5688c2e key = [org.springframework.boot.test.autoconfigure.web.servlet.MockMvcAutoConfiguration, org.springframework.boot.test.autoconfigure.web.servlet.MockMvcWebClientAutoConfiguration, org.springframework.boot.test.autoconfigure.web.servlet.MockMvcWebDriverAutoConfiguration, org.springframework.boot.autoconfigure.security.oauth2.client.servlet.OAuth2ClientAutoConfiguration, org.springframework.boot.autoconfigure.security.oauth2.resource.servlet.OAuth2ResourceServerAutoConfiguration, org.springframework.boot.autoconfigure.security.servlet.SecurityAutoConfiguration, org.springframework.boot.autoconfigure.security.servlet.SecurityFilterAutoConfiguration, org.springframework.boot.autoconfigure.security.servlet.UserDetailsServiceAutoConfiguration, org.springframework.boot.test.autoconfigure.web.servlet.MockMvcSecurityConfiguration]], org.springframework.boot.test.context.filter.ExcludeFilterContextCustomizer@465bc06d, org.springframework.boot.test.json.DuplicateJsonObjectContextCustomizerFactory$DuplicateJsonObjectContextCustomizer@7bb6418b, org.springframework.boot.test.mock.mockito.MockitoContextCustomizer@0, org.springframework.boot.test.web.client.TestRestTemplateContextCustomizer@23d4aa12, org.springframework.boot.test.context.SpringBootTestArgs@1, org.springframework.boot.test.context.SpringBootTestWebEnvironment@3db94553], resourceBasePath = 'src/main/webapp', contextLoader = 'org.springframework.boot.test.context.SpringBootContextLoader', parent = [null]], attributes = map['org.springframework.test.context.web.ServletTestExecutionListener.activateListener' -> true, 'org.springframework.test.context.web.ServletTestExecutionListener.populatedRequestContextHolder' -> true, 'org.springframework.test.context.web.ServletTestExecutionListener.resetRequestContextHolder' -> true]]
2021-03-12 14:34:10.713  INFO 43004 --- [    Test worker] o.s.t.c.transaction.TransactionContext   : Began transaction (1) for test context [DefaultTestContext@65fe0a0f testClass = AdminControllerTest, testInstance = com.roadmap.admin.AdminControllerTest@2856b5dd, testMethod = admin_memberListView_Paging@AdminControllerTest, testException = [null], mergedContextConfiguration = [WebMergedContextConfiguration@5e046e6c testClass = AdminControllerTest, locations = '{}', classes = '{class com.roadmap.CoreApplication}', contextInitializerClasses = '[]', activeProfiles = '{}', propertySourceLocations = '{}', propertySourceProperties = '{org.springframework.boot.test.context.SpringBootTestContextBootstrapper=true}', contextCustomizers = set[org.springframework.boot.test.autoconfigure.properties.PropertyMappingContextCustomizer@4b3fa0b3, org.springframework.boot.test.autoconfigure.web.servlet.WebDriverContextCustomizerFactory$Customizer@36f3985, [ImportsContextCustomizer@5688c2e key = [org.springframework.boot.test.autoconfigure.web.servlet.MockMvcAutoConfiguration, org.springframework.boot.test.autoconfigure.web.servlet.MockMvcWebClientAutoConfiguration, org.springframework.boot.test.autoconfigure.web.servlet.MockMvcWebDriverAutoConfiguration, org.springframework.boot.autoconfigure.security.oauth2.client.servlet.OAuth2ClientAutoConfiguration, org.springframework.boot.autoconfigure.security.oauth2.resource.servlet.OAuth2ResourceServerAutoConfiguration, org.springframework.boot.autoconfigure.security.servlet.SecurityAutoConfiguration, org.springframework.boot.autoconfigure.security.servlet.SecurityFilterAutoConfiguration, org.springframework.boot.autoconfigure.security.servlet.UserDetailsServiceAutoConfiguration, org.springframework.boot.test.autoconfigure.web.servlet.MockMvcSecurityConfiguration]], org.springframework.boot.test.context.filter.ExcludeFilterContextCustomizer@465bc06d, org.springframework.boot.test.json.DuplicateJsonObjectContextCustomizerFactory$DuplicateJsonObjectContextCustomizer@7bb6418b, org.springframework.boot.test.mock.mockito.MockitoContextCustomizer@0, org.springframework.boot.test.web.client.TestRestTemplateContextCustomizer@23d4aa12, org.springframework.boot.test.context.SpringBootTestArgs@1, org.springframework.boot.test.context.SpringBootTestWebEnvironment@3db94553], resourceBasePath = 'src/main/webapp', contextLoader = 'org.springframework.boot.test.context.SpringBootContextLoader', parent = [null]], attributes = map['org.springframework.test.context.web.ServletTestExecutionListener.activateListener' -> true, 'org.springframework.test.context.web.ServletTestExecutionListener.populatedRequestContextHolder' -> true, 'org.springframework.test.context.web.ServletTestExecutionListener.resetRequestContextHolder' -> true]]; transaction manager [org.springframework.orm.jpa.JpaTransactionManager@3a25d063]; rollback [true]
2021-03-12 14:34:10.797  INFO 43004 --- [    Test worker] com.roadmap.service.MemberService        : email send signup confirm Email link : /check-email-token?token=8701af95-99a8-4773-aaf3-e79417bf46c4&email=epepep@email.com
2021-03-12 14:34:10.799 DEBUG 43004 --- [    Test worker] org.hibernate.SQL                        : 
    select
        nextval ('hibernate_sequence')
2021-03-12 14:34:10.846 DEBUG 43004 --- [    Test worker] org.hibernate.SQL                        : 
    insert 
    into
        member
        (moddate, regdate, bio, email, email_check_token, email_check_token_generated_at, email_verified, from_social, joined_at, loc_id, nickname, occupation, password, profile_image, roadmap_created_by_email, roadmap_created_by_web, roadmap_enrollment_result_by_email, roadmap_enrollment_result_by_web, roadmap_updated_by_email, roadmap_updated_by_web, url, id) 
    values
        (?, ?, ?, ?, ?, ?, ?, ?, ?, ?, ?, ?, ?, ?, ?, ?, ?, ?, ?, ?, ?, ?)
2021-03-12 14:34:10.846 TRACE 43004 --- [    Test worker] o.h.type.descriptor.sql.BasicBinder      : binding parameter [1] as [TIMESTAMP] - [2021-03-12T14:34:10.798046300]
2021-03-12 14:34:10.846 TRACE 43004 --- [    Test worker] o.h.type.descriptor.sql.BasicBinder      : binding parameter [2] as [TIMESTAMP] - [2021-03-12T14:34:10.798046300]
2021-03-12 14:34:10.846 TRACE 43004 --- [    Test worker] o.h.type.descriptor.sql.BasicBinder      : binding parameter [3] as [VARCHAR] - [null]
2021-03-12 14:34:10.846 TRACE 43004 --- [    Test worker] o.h.type.descriptor.sql.BasicBinder      : binding parameter [4] as [VARCHAR] - [epepep@email.com]
2021-03-12 14:34:10.846 TRACE 43004 --- [    Test worker] o.h.type.descriptor.sql.BasicBinder      : binding parameter [5] as [VARCHAR] - [8701af95-99a8-4773-aaf3-e79417bf46c4]
2021-03-12 14:34:10.846 TRACE 43004 --- [    Test worker] o.h.type.descriptor.sql.BasicBinder      : binding parameter [6] as [TIMESTAMP] - [2021-03-12T14:34:10.797045200]
2021-03-12 14:34:10.846 TRACE 43004 --- [    Test worker] o.h.type.descriptor.sql.BasicBinder      : binding parameter [7] as [BOOLEAN] - [false]
2021-03-12 14:34:10.846 TRACE 43004 --- [    Test worker] o.h.type.descriptor.sql.BasicBinder      : binding parameter [8] as [BOOLEAN] - [false]
2021-03-12 14:34:10.846 TRACE 43004 --- [    Test worker] o.h.type.descriptor.sql.BasicBinder      : binding parameter [9] as [TIMESTAMP] - [2021-03-12T14:34:10.797045200]
2021-03-12 14:34:10.846 TRACE 43004 --- [    Test worker] o.h.type.descriptor.sql.BasicBinder      : binding parameter [10] as [BIGINT] - [null]
2021-03-12 14:34:10.846 TRACE 43004 --- [    Test worker] o.h.type.descriptor.sql.BasicBinder      : binding parameter [11] as [VARCHAR] - [epepep]
2021-03-12 14:34:10.846 TRACE 43004 --- [    Test worker] o.h.type.descriptor.sql.BasicBinder      : binding parameter [12] as [VARCHAR] - [null]
2021-03-12 14:34:10.846 TRACE 43004 --- [    Test worker] o.h.type.descriptor.sql.BasicBinder      : binding parameter [13] as [VARCHAR] - [{bcrypt}$2a$10$roVfIjl3KoSB57tBI6IA6OB0rtOb6rX/rZQ5umi7YVTldi4Yznceq]
2021-03-12 14:34:10.846 TRACE 43004 --- [    Test worker] o.h.type.descriptor.sql.BasicBinder      : binding parameter [14] as [CLOB] - [null]
2021-03-12 14:34:10.846 TRACE 43004 --- [    Test worker] o.h.type.descriptor.sql.BasicBinder      : binding parameter [15] as [BOOLEAN] - [false]
2021-03-12 14:34:10.846 TRACE 43004 --- [    Test worker] o.h.type.descriptor.sql.BasicBinder      : binding parameter [16] as [BOOLEAN] - [true]
2021-03-12 14:34:10.846 TRACE 43004 --- [    Test worker] o.h.type.descriptor.sql.BasicBinder      : binding parameter [17] as [BOOLEAN] - [false]
2021-03-12 14:34:10.847 TRACE 43004 --- [    Test worker] o.h.type.descriptor.sql.BasicBinder      : binding parameter [18] as [BOOLEAN] - [true]
2021-03-12 14:34:10.847 TRACE 43004 --- [    Test worker] o.h.type.descriptor.sql.BasicBinder      : binding parameter [19] as [BOOLEAN] - [false]
2021-03-12 14:34:10.847 TRACE 43004 --- [    Test worker] o.h.type.descriptor.sql.BasicBinder      : binding parameter [20] as [BOOLEAN] - [true]
2021-03-12 14:34:10.847 TRACE 43004 --- [    Test worker] o.h.type.descriptor.sql.BasicBinder      : binding parameter [21] as [VARCHAR] - [null]
2021-03-12 14:34:10.847 TRACE 43004 --- [    Test worker] o.h.type.descriptor.sql.BasicBinder      : binding parameter [22] as [BIGINT] - [26]
2021-03-12 14:34:10.902 DEBUG 43004 --- [    Test worker] org.hibernate.SQL                        : 
    insert 
    into
        member_role_set
        (member_id, role_set) 
    values
        (?, ?)
2021-03-12 14:34:10.902 TRACE 43004 --- [    Test worker] o.h.type.descriptor.sql.BasicBinder      : binding parameter [1] as [BIGINT] - [26]
2021-03-12 14:34:10.902 TRACE 43004 --- [    Test worker] o.h.type.descriptor.sql.BasicBinder      : binding parameter [2] as [VARCHAR] - [USER]
2021-03-12 14:34:10.944 DEBUG 43004 --- [    Test worker] org.hibernate.SQL                        : 
    select
        member0_.id as id1_3_,
        member0_.moddate as moddate2_3_,
        member0_.regdate as regdate3_3_,
        member0_.bio as bio4_3_,
        member0_.email as email5_3_,
        member0_.email_check_token as email_ch6_3_,
        member0_.email_check_token_generated_at as email_ch7_3_,
        member0_.email_verified as email_ve8_3_,
        member0_.from_social as from_soc9_3_,
        member0_.joined_at as joined_10_3_,
        member0_.loc_id as loc_id22_3_,
        member0_.nickname as nicknam11_3_,
        member0_.occupation as occupat12_3_,
        member0_.password as passwor13_3_,
        member0_.profile_image as profile14_3_,
        member0_.roadmap_created_by_email as roadmap15_3_,
        member0_.roadmap_created_by_web as roadmap16_3_,
        member0_.roadmap_enrollment_result_by_email as roadmap17_3_,
        member0_.roadmap_enrollment_result_by_web as roadmap18_3_,
        member0_.roadmap_updated_by_email as roadmap19_3_,
        member0_.roadmap_updated_by_web as roadmap20_3_,
        member0_.url as url21_3_ 
    from
        member member0_ 
    where
        member0_.email=?
2021-03-12 14:34:10.945 TRACE 43004 --- [    Test worker] o.h.type.descriptor.sql.BasicBinder      : binding parameter [1] as [VARCHAR] - [epepep]
2021-03-12 14:34:10.991 DEBUG 43004 --- [    Test worker] org.hibernate.SQL                        : 
    select
        member0_.id as id1_3_,
        member0_.moddate as moddate2_3_,
        member0_.regdate as regdate3_3_,
        member0_.bio as bio4_3_,
        member0_.email as email5_3_,
        member0_.email_check_token as email_ch6_3_,
        member0_.email_check_token_generated_at as email_ch7_3_,
        member0_.email_verified as email_ve8_3_,
        member0_.from_social as from_soc9_3_,
        member0_.joined_at as joined_10_3_,
        member0_.loc_id as loc_id22_3_,
        member0_.nickname as nicknam11_3_,
        member0_.occupation as occupat12_3_,
        member0_.password as passwor13_3_,
        member0_.profile_image as profile14_3_,
        member0_.roadmap_created_by_email as roadmap15_3_,
        member0_.roadmap_created_by_web as roadmap16_3_,
        member0_.roadmap_enrollment_result_by_email as roadmap17_3_,
        member0_.roadmap_enrollment_result_by_web as roadmap18_3_,
        member0_.roadmap_updated_by_email as roadmap19_3_,
        member0_.roadmap_updated_by_web as roadmap20_3_,
        member0_.url as url21_3_ 
    from
        member member0_ 
    where
        member0_.nickname=?
2021-03-12 14:34:10.991 TRACE 43004 --- [    Test worker] o.h.type.descriptor.sql.BasicBinder      : binding parameter [1] as [VARCHAR] - [epepep]
2021-03-12 14:34:11.037  INFO 43004 --- [    Test worker] com.roadmap.filter.ApiCheckFilter        : REQUESTURI : /admin/member
2021-03-12 14:34:11.037  INFO 43004 --- [    Test worker] com.roadmap.filter.ApiCheckFilter        : false
2021-03-12 14:34:11.119 DEBUG 43004 --- [    Test worker] org.hibernate.SQL                        : 
    select
        member0_.id as id1_3_,
        member0_.moddate as moddate2_3_,
        member0_.regdate as regdate3_3_,
        member0_.bio as bio4_3_,
        member0_.email as email5_3_,
        member0_.email_check_token as email_ch6_3_,
        member0_.email_check_token_generated_at as email_ch7_3_,
        member0_.email_verified as email_ve8_3_,
        member0_.from_social as from_soc9_3_,
        member0_.joined_at as joined_10_3_,
        member0_.loc_id as loc_id22_3_,
        member0_.nickname as nicknam11_3_,
        member0_.occupation as occupat12_3_,
        member0_.password as passwor13_3_,
        member0_.profile_image as profile14_3_,
        member0_.roadmap_created_by_email as roadmap15_3_,
        member0_.roadmap_created_by_web as roadmap16_3_,
        member0_.roadmap_enrollment_result_by_email as roadmap17_3_,
        member0_.roadmap_enrollment_result_by_web as roadmap18_3_,
        member0_.roadmap_updated_by_email as roadmap19_3_,
        member0_.roadmap_updated_by_web as roadmap20_3_,
        member0_.url as url21_3_ 
    from
        member member0_ 
    where
        member0_.id>? 
    order by
        member0_.id desc limit ?
2021-03-12 14:34:11.119 TRACE 43004 --- [    Test worker] o.h.type.descriptor.sql.BasicBinder      : binding parameter [1] as [BIGINT] - [0]
2021-03-12 14:34:15.907 DEBUG 43004 --- [    Test worker] org.hibernate.SQL                        : 
    select
        tags0_.member_id as member_i1_7_0_,
        tags0_.tags_id as tags_id2_7_0_,
        tag1_.id as id1_21_1_,
        tag1_.moddate as moddate2_21_1_,
        tag1_.regdate as regdate3_21_1_,
        tag1_.title as title4_21_1_ 
    from
        member_tags tags0_ 
    inner join
        tag tag1_ 
            on tags0_.tags_id=tag1_.id 
    where
        tags0_.member_id=?
2021-03-12 14:34:15.907 TRACE 43004 --- [    Test worker] o.h.type.descriptor.sql.BasicBinder      : binding parameter [1] as [BIGINT] - [17]
2021-03-12 14:34:15.945 DEBUG 43004 --- [    Test worker] org.hibernate.SQL                        : 
    select
        tags0_.member_id as member_i1_7_0_,
        tags0_.tags_id as tags_id2_7_0_,
        tag1_.id as id1_21_1_,
        tag1_.moddate as moddate2_21_1_,
        tag1_.regdate as regdate3_21_1_,
        tag1_.title as title4_21_1_ 
    from
        member_tags tags0_ 
    inner join
        tag tag1_ 
            on tags0_.tags_id=tag1_.id 
    where
        tags0_.member_id=?
2021-03-12 14:34:15.946 TRACE 43004 --- [    Test worker] o.h.type.descriptor.sql.BasicBinder      : binding parameter [1] as [BIGINT] - [16]
2021-03-12 14:34:16.019 DEBUG 43004 --- [    Test worker] org.hibernate.SQL                        : 
    select
        tags0_.member_id as member_i1_7_0_,
        tags0_.tags_id as tags_id2_7_0_,
        tag1_.id as id1_21_1_,
        tag1_.moddate as moddate2_21_1_,
        tag1_.regdate as regdate3_21_1_,
        tag1_.title as title4_21_1_ 
    from
        member_tags tags0_ 
    inner join
        tag tag1_ 
            on tags0_.tags_id=tag1_.id 
    where
        tags0_.member_id=?
2021-03-12 14:34:16.020 TRACE 43004 --- [    Test worker] o.h.type.descriptor.sql.BasicBinder      : binding parameter [1] as [BIGINT] - [12]
2021-03-12 14:34:16.065 DEBUG 43004 --- [    Test worker] org.hibernate.SQL                        : 
    select
        tags0_.member_id as member_i1_7_0_,
        tags0_.tags_id as tags_id2_7_0_,
        tag1_.id as id1_21_1_,
        tag1_.moddate as moddate2_21_1_,
        tag1_.regdate as regdate3_21_1_,
        tag1_.title as title4_21_1_ 
    from
        member_tags tags0_ 
    inner join
        tag tag1_ 
            on tags0_.tags_id=tag1_.id 
    where
        tags0_.member_id=?
2021-03-12 14:34:16.066 TRACE 43004 --- [    Test worker] o.h.type.descriptor.sql.BasicBinder      : binding parameter [1] as [BIGINT] - [4]
2021-03-12 14:34:16.118 DEBUG 43004 --- [    Test worker] org.hibernate.SQL                        : 
    select
        tags0_.member_id as member_i1_7_0_,
        tags0_.tags_id as tags_id2_7_0_,
        tag1_.id as id1_21_1_,
        tag1_.moddate as moddate2_21_1_,
        tag1_.regdate as regdate3_21_1_,
        tag1_.title as title4_21_1_ 
    from
        member_tags tags0_ 
    inner join
        tag tag1_ 
            on tags0_.tags_id=tag1_.id 
    where
        tags0_.member_id=?
2021-03-12 14:34:16.118 TRACE 43004 --- [    Test worker] o.h.type.descriptor.sql.BasicBinder      : binding parameter [1] as [BIGINT] - [3]
2021-03-12 14:34:16.161 DEBUG 43004 --- [    Test worker] org.hibernate.SQL                        : 
    select
        tags0_.member_id as member_i1_7_0_,
        tags0_.tags_id as tags_id2_7_0_,
        tag1_.id as id1_21_1_,
        tag1_.moddate as moddate2_21_1_,
        tag1_.regdate as regdate3_21_1_,
        tag1_.title as title4_21_1_ 
    from
        member_tags tags0_ 
    inner join
        tag tag1_ 
            on tags0_.tags_id=tag1_.id 
    where
        tags0_.member_id=?
2021-03-12 14:34:16.161 TRACE 43004 --- [    Test worker] o.h.type.descriptor.sql.BasicBinder      : binding parameter [1] as [BIGINT] - [2]
2021-03-12 14:34:16.195 DEBUG 43004 --- [    Test worker] org.hibernate.SQL                        : 
    select
        tags0_.member_id as member_i1_7_0_,
        tags0_.tags_id as tags_id2_7_0_,
        tag1_.id as id1_21_1_,
        tag1_.moddate as moddate2_21_1_,
        tag1_.regdate as regdate3_21_1_,
        tag1_.title as title4_21_1_ 
    from
        member_tags tags0_ 
    inner join
        tag tag1_ 
            on tags0_.tags_id=tag1_.id 
    where
        tags0_.member_id=?
2021-03-12 14:34:16.195 TRACE 43004 --- [    Test worker] o.h.type.descriptor.sql.BasicBinder      : binding parameter [1] as [BIGINT] - [1]

MockHttpServletRequest:
      HTTP Method = GET
      Request URI = /admin/member
       Parameters = {page=[0]}
          Headers = []
             Body = null
    Session Attrs = {org.springframework.security.web.csrf.HttpSessionCsrfTokenRepository.CSRF_TOKEN=org.springframework.security.web.csrf.DefaultCsrfToken@1399021d, SPRING_SECURITY_CONTEXT=org.springframework.security.core.context.SecurityContextImpl@ba992ab8: Authentication: org.springframework.security.authentication.UsernamePasswordAuthenticationToken@ba992ab8: Principal: org.springframework.security.core.userdetails.User@b2b359c1: Username: epepep; Password: [PROTECTED]; Enabled: true; AccountNonExpired: true; credentialsNonExpired: true; AccountNonLocked: true; Granted Authorities: ROLE_ADMIN; Credentials: [PROTECTED]; Authenticated: true; Details: null; Granted Authorities: ROLE_ADMIN}

Handler:
             Type = com.roadmap.controller.AdminController
           Method = com.roadmap.controller.AdminController#memberList(Model, Integer, Integer, String, String)

Async:
    Async started = false
     Async result = null

Resolved Exception:
             Type = null

ModelAndView:
        View name = admin/member/list
             View = null
        Attribute = memberList
            value = [Member(id=26, bio=null, email=epepep@email.com, nickname=epepep, password={bcrypt}$2a$10$roVfIjl3KoSB57tBI6IA6OB0rtOb6rX/rZQ5umi7YVTldi4Yznceq, emailCheckToken=8701af95-99a8-4773-aaf3-e79417bf46c4, emailCheckTokenGeneratedAt=2021-03-12T14:34:10.797045200, emailVerified=false, joinedAt=2021-03-12T14:34:10.797045200, occupation=null, url=null, roadmapCreatedByEmail=false, roadmapCreatedByWeb=true, roadmapEnrollmentResultByEmail=false, roadmapEnrollmentResultByWeb=true, roadmapUpdatedByEmail=false, roadmapUpdatedByWeb=true, fromSocial=false, posts=[]), Member(id=17, bio=null, email=aaa@aaa.com, nickname=aaaa, password={bcrypt}$2a$10$A90XMkXHwJ04Ya7O/9filOxUHTFnpFCmy/UtKgJ.rMOamhiZy3ATq, emailCheckToken=c7c23797-c0d3-430b-96c7-b26a026fce0c, emailCheckTokenGeneratedAt=2021-03-11T16:02:56.257634, emailVerified=false, joinedAt=2021-03-11T16:02:56.257578, occupation=null, url=null, roadmapCreatedByEmail=false, roadmapCreatedByWeb=true, roadmapEnrollmentResultByEmail=false, roadmapEnrollmentResultByWeb=true, roadmapUpdatedByEmail=false, roadmapUpdatedByWeb=true, fromSocial=false, posts=[]), Member(id=16, bio=null, email=aaa@aaa, nickname=aaa, password={bcrypt}$2a$10$rQ3Mw1txa5ExcZuq5z9y7uGw7Fn1LGURZK8ma5QbMHeNNw.foXAY6, emailCheckToken=6a33170a-4a94-4c50-b89e-c16db2aac936, emailCheckTokenGeneratedAt=2021-03-08T18:44:50.562861, emailVerified=false, joinedAt=2021-03-08T18:44:50.562791, occupation=null, url=null, roadmapCreatedByEmail=false, roadmapCreatedByWeb=true, roadmapEnrollmentResultByEmail=false, roadmapEnrollmentResultByWeb=true, roadmapUpdatedByEmail=false, roadmapUpdatedByWeb=true, fromSocial=false, posts=[]), Member(id=12, bio=null, email=whddn528@naver.com, nickname=임종뚱, password={bcrypt}$2a$10$KNim5wCIHs0UE3ZtOqamYef9dDMNGfGjxi6DuR5HC.f/89PZFoXXm, emailCheckToken=7592bbc9-a96e-4910-8268-3cb33381e044, emailCheckTokenGeneratedAt=2021-02-25T14:14:33.385047, emailVerified=false, joinedAt=2021-02-25T14:14:33.384718, occupation=null, url=null, roadmapCreatedByEmail=false, roadmapCreatedByWeb=true, roadmapEnrollmentResultByEmail=false, roadmapEnrollmentResultByWeb=true, roadmapUpdatedByEmail=false, roadmapUpdatedByWeb=true, fromSocial=false, posts=[]), Member(id=4, bio=Spring Boot & JPA를 공부하고 있습니다., email=kjuioqqq@naver.com, nickname=kjuioqqq, password={bcrypt}$2a$10$4utPZyilersjCJ/5FbLd/.t9FFaKiAeCuwdqBLjtQkqJydR/AXghi, emailCheckToken=8f5eadcc-b234-41cb-9fab-6baaab482deb, emailCheckTokenGeneratedAt=2021-02-25T07:42:04.900712, emailVerified=false, joinedAt=2021-02-25T07:42:04.875190, occupation=백엔드 개발자, url=https://github.com/eastperson, roadmapCreatedByEmail=true, roadmapCreatedByWeb=true, roadmapEnrollmentResultByEmail=false, roadmapEnrollmentResultByWeb=true, roadmapUpdatedByEmail=false, roadmapUpdatedByWeb=true, fromSocial=true, posts=[]), Member(id=3, bio=null, email=kjuioq@nate.com, nickname=kjuioq@nate.com, password=1111, emailCheckToken=6d1037ea-7a9c-4ed3-a101-947d3a46fb59, emailCheckTokenGeneratedAt=2021-02-25T00:34:58.117814, emailVerified=false, joinedAt=2021-02-25T00:34:58.112823, occupation=null, url=null, roadmapCreatedByEmail=false, roadmapCreatedByWeb=true, roadmapEnrollmentResultByEmail=false, roadmapEnrollmentResultByWeb=true, roadmapUpdatedByEmail=false, roadmapUpdatedByWeb=true, fromSocial=true, posts=[]), Member(id=2, bio=null, email=kjuioq@naver.com, nickname=eastperson2, password={bcrypt}$2a$10$fiAzJ99QsZlQprWsmRGpDeky4lU1cI396Bcmvh8bmlnyoitByReBW, emailCheckToken=567e758e-3870-4762-8a55-ac94ec4049ad, emailCheckTokenGeneratedAt=2021-02-25T00:22:08.169630, emailVerified=false, joinedAt=2021-02-25T00:22:08.169539, occupation=null, url=null, roadmapCreatedByEmail=false, roadmapCreatedByWeb=true, roadmapEnrollmentResultByEmail=false, roadmapEnrollmentResultByWeb=true, roadmapUpdatedByEmail=false, roadmapUpdatedByWeb=true, fromSocial=false, posts=[]), Member(id=1, bio=김동인입니다, email=kjuioqq8@gmail.com, nickname=eastperson, password={bcrypt}$2a$10$P/PUDqJDw3haYBBHh0L/tuc5hfKbEtAK/KElXLLXnVFVWDOy/AZM., emailCheckToken=02d85159-6f70-4773-b47a-5182b71da455, emailCheckTokenGeneratedAt=2021-02-25T00:20:18.052638, emailVerified=false, joinedAt=2021-02-25T00:20:18.050949, occupation=백엔드 개발자, url=하하하, roadmapCreatedByEmail=false, roadmapCreatedByWeb=true, roadmapEnrollmentResultByEmail=false, roadmapEnrollmentResultByWeb=true, roadmapUpdatedByEmail=false, roadmapUpdatedByWeb=true, fromSocial=false, posts=[])]
        Attribute = pageResultDTO
            value = PageResultDTO(dtoList=[MemberDTO(id=26, bio=null, email=epepep@email.com, nickname=epepep, password={bcrypt}$2a$10$roVfIjl3KoSB57tBI6IA6OB0rtOb6rX/rZQ5umi7YVTldi4Yznceq, emailCheckToken=8701af95-99a8-4773-aaf3-e79417bf46c4, emailCheckTokenGeneratedAt=2021-03-12T14:34:10.797045200, emailVerified=false, joinedAt=2021-03-12T14:34:10.797045200, occupation=null, profileImage=null, url=null, roadmapCreatedByEmail=false, roadmapCreatedByWeb=true, roadmapEnrollmentResultByEmail=false, roadmapEnrollmentResultByWeb=true, roadmapUpdatedByEmail=false, roadmapUpdatedByWeb=true, tags=[], fromSocial=false, location=null), MemberDTO(id=17, bio=null, email=aaa@aaa.com, nickname=aaaa, password={bcrypt}$2a$10$A90XMkXHwJ04Ya7O/9filOxUHTFnpFCmy/UtKgJ.rMOamhiZy3ATq, emailCheckToken=c7c23797-c0d3-430b-96c7-b26a026fce0c, emailCheckTokenGeneratedAt=2021-03-11T16:02:56.257634, emailVerified=false, joinedAt=2021-03-11T16:02:56.257578, occupation=null, profileImage=null, url=null, roadmapCreatedByEmail=false, roadmapCreatedByWeb=true, roadmapEnrollmentResultByEmail=false, roadmapEnrollmentResultByWeb=true, roadmapUpdatedByEmail=false, roadmapUpdatedByWeb=true, tags=[], fromSocial=false, location=null), MemberDTO(id=16, bio=null, email=aaa@aaa, nickname=aaa, password={bcrypt}$2a$10$rQ3Mw1txa5ExcZuq5z9y7uGw7Fn1LGURZK8ma5QbMHeNNw.foXAY6, emailCheckToken=6a33170a-4a94-4c50-b89e-c16db2aac936, emailCheckTokenGeneratedAt=2021-03-08T18:44:50.562861, emailVerified=false, joinedAt=2021-03-08T18:44:50.562791, occupation=null, profileImage=null, url=null, roadmapCreatedByEmail=false, roadmapCreatedByWeb=true, roadmapEnrollmentResultByEmail=false, roadmapEnrollmentResultByWeb=true, roadmapUpdatedByEmail=false, roadmapUpdatedByWeb=true, tags=[], fromSocial=false, location=null), MemberDTO(id=12, bio=null, email=whddn528@naver.com, nickname=임종뚱, password={bcrypt}$2a$10$KNim5wCIHs0UE3ZtOqamYef9dDMNGfGjxi6DuR5HC.f/89PZFoXXm, emailCheckToken=7592bbc9-a96e-4910-8268-3cb33381e044, emailCheckTokenGeneratedAt=2021-02-25T14:14:33.385047, emailVerified=false, joinedAt=2021-02-25T14:14:33.384718, occupation=null, profileImage=null, url=null, roadmapCreatedByEmail=false, roadmapCreatedByWeb=true, roadmapEnrollmentResultByEmail=false, roadmapEnrollmentResultByWeb=true, roadmapUpdatedByEmail=false, roadmapUpdatedByWeb=true, tags=[], fromSocial=false, location=null), MemberDTO(id=4, bio=Spring Boot & JPA를 공부하고 있습니다., email=kjuioqqq@naver.com, nickname=kjuioqqq, password={bcrypt}$2a$10$4utPZyilersjCJ/5FbLd/.t9FFaKiAeCuwdqBLjtQkqJydR/AXghi, emailCheckToken=8f5eadcc-b234-41cb-9fab-6baaab482deb, emailCheckTokenGeneratedAt=2021-02-25T07:42:04.900712, emailVerified=false, joinedAt=2021-02-25T07:42:04.875190, occupation=백엔드 개발자, profileImage=data:image/png;base64,iVBORw0KGgoAAAANSUhEUgAAAJoAAACaCAYAAABR/1EXAAAgAElEQVR4Xuy9B5Rl6VUe+p18br6Vq7s6TE/3dJie0JNHAQ2CZYQQQmDZZD1s4CEDCyQksJ8A87AwGBZBWCCMHxIYYbIETyAQSTJCSDPS5NAzHaZzdVdXrptPPm99+7+n6tatW9XdGvxWzYirNaquuvmc7+zw7b2/reEl3M58wEqzp2uadkOvxMen6erT5bn6+l83vJ7Wd7+OBAnfVlc/9cRAmsofkGgRojiC45hIPCCFhUS34CEPTx/CiUs1PPXCVTz2QoKry0AjdGGV8kgAeM0mHMNE4kfQNcDJ6YjSBFFkIk4COE4MQ0tRLY1hfGQMp0+dxFA1D9eJsbzQxsQwkDcAJwVee98IDt1UwdSoA0trA2kLnc4iCnkHdqw+aySfP0WqJUAaw0j5KXQgtYBUR6rHABJoqQ5AQ8r7AKQp/77+tv6YZo9TB4739Z4nOXbdmzxPXl89jrfb3+3f2EndAgEv6YW+GKD1ftGXCjRNM0BcEVTQ1EHXEg1aYsi/TT0Fj1mYOEjNAnzLwYWFBI89H+Iv/2EWiz5QD3kKLaRpDoZuwzA0BEETCEMBmc430E15PSfnIohC6LoOXQdMA2jU6igUykijCIAP29TQaUUoukCx4MJreJgYAfZPWfjKLzuEPeMpyu4S/NoMqmaJlwRC0xewEUAEk56kMFLASPjddMS8KAm17pXGz8QTx7/1H8Pec712nz7wcbG8Qs+tC7TsL7e9y3tJ+Oh96Zf0Qv87gTbI4q23aDqgKUBBo0XgiVYHTo91ZR0TDTEcROYIZtspXphZwfPnWzhzwcbzF1poGi5S00XohdD4nNiQKz5JfVi2hjD0kdDIRDqKxRJ834Np2+j4MYolF2ncRhzHMPQcwiRBGgfQ9QQWraH83UEa+7CNBHHHR84A/tWbhvHQAxMoGw2U0wBW2kFsdJDoPO3KwvFzGIkGK01A+IWahZhWT4+hIYGRmNBSBb5eC9RvUJIk6VowZal6H0sQ9lo0defa4/jrtgHa+Q/Y13B2/V99/e/9X/TGXCcPio44oTswYNgGgsiDaepI/RAGDOipjXqQw4w/ir98+EX8zWMBQuIzdtDopIicAqIUsNIQSRDBSAxEcYrUspAYKVIjQhRFMFMDjmnDgE0HhlSn2w9hagF4MhPNRaIbCJMOTCNFEgWwTQumZiOJAUszYRoxEr+BxIuwcxL4pq/dg4duK8GNrwJhAwatr05XbSIMU7hWHnoYi3sMdR2xHiMyImhJCis2+e0EKL0noN+6yUXDK6XXaIlb1AWAmUVbfd4rBWj9VuqlAY1HzxQ3FkYxdMtElERyYnIWHZIDz6tgKRjGH37yFD75RBs1zUSQuMilDsIY8KMUMWJYiICIwDERpiligsYADEtZNZ5WWikjNSUGTHVa0gSmHiMMQ9oY6KaBGBE0M0HoB7ANGxpoeXQgBgxNh2loyDk6LKMNI2riO75uCK+7Yxi5ZAE22rBNXSxkqlmIIn4uXYUGjOMIVCNeBzQCpf9K7wXblyTQ+pOFQab7xiwa4ycTqZ4i0kKYpokwSGEKyAK04jJa8a34pd/4LJ6+DNQTHaFuItVsWIENx3Lh+e0uYFSsYxo2QkRgiMefjMNo0fRUgSQRIGvQNUfiKVM31GvECVzbFpARFH4QQ9dtsU6GqSGOOuLK0zgVYFqWibIboGpFeM/33oN9w5dQ1hehe7p8j3bsC3CzC1NiSCYKOoO2FGZCe01gb4iy1sVimwMNXYumIqdXlEUblJX2HyaejK2Shf6skwc7TEIYOQ1BGMLUXYSJjtSyEdr78P4PP4e/+McQScFBYhXQajfEauWdIsJ2AF1LoTFz02k5dBimrU6doSwjb0mkMjVNSyV2k3xQc8Va0QXRetEaOhZBBeiGhXaQIEkN6JaOIGwjZ6ewJW7T5XmdIIRjxjDCFu68Gfjh7zyCqWINWrsOR4vhJwHsvAM/CgXYSapcXZoy81QxqEG3qDGC23jLgHO9QFsF2yvBdV4LaLz/Ri0aD6jlmKi323BcQwL3VphDYewO/PbHnsVv/VkDQc4BbAu+H8JKLISeD5vZY+Ah5zgqxiJgUk2CerFsktLFKuvLAmo9RZgG4sp0Zru6IRluGidIA5UAmHoiLtxLgJBZqAHk8iaSsIUkjKBpFhzTRavTRt7NIQwCFPU29laB//SuezFZmIUWzCENI8T8HLa1zmbRsgrzwcyawKOV+2egrT8CWwEtu++GgaYxbY9hWin8OJEM06ocxu9//Ax+809qCMsO5tuAm7OQRDFc3QGDM5+uzNKRsx1ECRhZIYxScXcElq0ZQjGIpyLQDF1IviiNBGhykpkQROTTTMQBf9LqpLAsC5GmLCyBRitoaDHKpQJaTV9cnu2YWFmuw3KKcDUfTuThX37VML7+9aMYdhZR1CKkYYhQss4uh6YZ0FLyhEJqEO0KdJvcMs5scDKw3nV+yVi0LwZodHUEieNYSKMOIsZN7hT+7tEFfODDi2ibNuqxBj1flAC77XkCCtc0YEGD7/swLAsxg3tNFxeskSZJEpiaBT3WJAbjCZPYX9MkQ1VAo4NN5D5DNxEwYzX42BimYcCEizhK0Q7ayOdtIcTo5ug2CcpCLo92pymukAmAbQDt+SZ+5Lt34/V3lVEOL8NJmgJwJkwRiQ+x+HyPBLFBy0q+kITu1gzV9QJNwNaXnb0s6Y1BFi1LCL5YoGkM3iU2SwFnDBdbE3jnTzyKjmGhERbhoQPNMCQ4tyxH0QERs1IDURBK7EMXyMCbgb5GriqJGOYLpySuSsAj/hIR47+UDD5PfSKBOz97xw/k3wQBaQdbc1R1IkngRz5MW4MfBahUhlGv1yVeI/0RhB5SBl2pASuuYd8w8F1ffzNee0iDG1wBfXicRhIX8iafhymAHnYrIQRal0vcxLK9IoB24decdCtmOvvum5Wn+ksi2eP7aQ9DiMy17EjODRnzxERqmHLld+zd+Hc/+RQu1YFELyBKTETw5HlRyP834Jp5ydTId9HNaSkB1XOisphHguI18tIgjSDcWSrgoYWjBaPVEleZxGIhbdsmQwXDsOT+drstQOXjLdtGwJisWESn3ZYMlwC1bRN+0AaLY1oAfOubbsIbb4+wf5yJRwtJGspr8RgEXgjXNpEiQESCmL5ZkpK+W4+Vy87PoPOUles2O4e3bpfKwEsFWpZF9lv/6wYan2iWEBpV/L+fPof/5+MBPLuMNFEnWSUIEZKA9IQjwTgpCz9tCS1CekTMRV+2RZCJy+SDxWsq15UBjZUI3keg6bqJcrksNAjfk27acRwBIN+70WigUMyh0+nAdV0kZHDB/CQHz1cgTJMOotiDHqfYP5bge79+D+47SPZuAUg9ccekUJgIs0SGJFilJ5JubXcd1K4baOoie9kCLbNgvWn25mHrxnt6gbYuG03WJ/O0ZO24guVwH37w/34Y8wBid0jY+FarBSefQxhHAiZdI4FqievR9BApa6NdVzgIaL2fingjsPh9CKQMaFGYCHj492q1iuXlmlg8sUCGIaD2PE+ewwQgAy+tX84tiDUSGkULJQvW4gS5xMMb7we+6613oqhfhhEvw9QtVeoyLOH95N90q12fqixTz+1LEWibuc2tgHe9QNNNDYm7H7/8O6fxV48EiAt51Dq6WBfHcQHLQMdT8RP5MFofui+XpC5jn+750ZBlc9mnWt/F0As0yUJpDQm8Ls2grJ6GQqEklkviKV1loQQF35O/5/KO3M/PQ2tYKlXkflYfCN6o4yFvNTHpAt/zzTfhwVtiGMFV4czkojVpJVUSooCvrONmQOu1VFu5zs2s2rZxnYNqnf2E640AbWNJKisKdwHQ01ZEZj7VDHTsQ/jOH3sSc14eiWFLt0NtpY5iuQJ24Xix6rZgjBOzjhkr+oKWTYgCtmisvjy7PTKCVtUJs98zN5rxaqqDQ5WMJF7r/iwUCqjXmxKLSTlJrGAoSQsfJxaa7jJNkbNyArpGuyPxndeswYCHoVKIu/cB7/rmg6joV4AoEEsW8f1YmRAOj+y2dA5IPLkOSF2Ldn1A6zOGPcf41ncFL6npoveVX9ILXQtoN+Iu+dhrAU141OxAaBa82MSMtwff+h+egz60A3HQktgoDGOEUQLNZjEacqIdx0bQCSXbI8Eq4CAvpnfJT2aT3f9UJUBZkX73n/1OkEnZi1lv9ydjM4KLlorxGj8LXWe1Wsby8nLXyqlDTrCRPB6qjqDlhRIn+p0GDCNEPqdjxG7ix942hTt3x9CjOpIkgMBNZ91VvY/e5di+WKCR4N6MDeBn3LZAuxHrNQhYq46rh4nsfc1VoKUEkAs9twO/+bET+K1PAi1jFCMFBytLPKE2TJ7k2IdmM5ahNdGgRTos3UQUxApIXXBvBqbMpYgV6sZovY8lWAiyVrODXC6nTr6uC9AYI9JKMR5TbrWAWq2GfN4VELImG3Q85AolGGYezWYLRhrDdU20gjYmig28+Q7gO950AHnMAXETPj+zwcxWUSckO67Hog2ybKo8pY74ZmD7kgBaZlE2A1qgl+GZU/jZDz6FT54AEncMLoDAY7zjyAkPkrb0LGqmJpal6BQQeywFMY4jTWFI52yvu1yXXXaRz7/RAmbAW42RxKKwAXINUAQcCVxmonzOysqKxGXDw8PyWIKsUMiprNgy0Gx7qA5NYHl5BXnLFpfOVqaCPo8DhQQ/9c7bMWFdRRotIGWMphtI2OfJ9igJJa/tOv8ZaN2+KCls91xZDHKzE86TxSuPV7BwVhGBosE3RnHF24V3/+wjmGdtUR9G4sfSwMj2QNt14Htk18mBpbB0C4mvKAKWk+Tg66ayDKs0xlpcxvfN3CItVT6fF8DQPWbBPZMCAanwWerG55mmLZ9RVQvS1QRhaGgIzWZT7ouiAFEcgPSEbuZhGha8Wl3eJ9JiuEYDVb2F7//mm/G6QyGs6Ap8STJMqQmzB48hgbqtb1jMqgW9rn9QGPOlY9FuEGiSPXYD9I65E1+4WMWPv+9JxC5g2CNotcg52bByebFgKRMBLYVhGVIq0gIVtCcmTxABsvZ6BFsW6Gfg42P5nvyP4CLIMi5NgNoleC1TxUxrF4clj82eSzeaJQYEHy8W0iKNRk0qDppwfAY6y3WUK0W5MAx0YKcr+Kp7C/i+t0zBCs5AZ5Gd9Ar77zS2PGUx6xcHtN5sdRAVdeSHtsnMQH8ycKMxWtbpmaXpa/xbdtJUbJSBS/FIDO5jdJyb8OH/1cBv/PFllMoF6FYJ9TbrlyZyxZwQpeyukMYc24BBHs3XhVdj6zTrj9lsQRZbZQDLAEdAMM5SFkiBI2P8e11plgTw89EK8kbLxLJXZqkJVHb/8sYylHwvqIoCdFtiuPrSMvKODdbwLRvwgzoOjAb44I/fj3TlaWkEkBJZ0rXI3Vb2a9Ebg6iNzBIOsnpZMnT4ndtkZuD/D6CtxWpd9yT1xxRt9wDe/atP4wungUpuWDo3WkEg9UGSmXKLCDMW3h1osYY0NBFEPiKzI5NFrB3yERmw+q/qzE3zM9A6ERwEHt1fVufMwMjXcN28AId/Y6xGXo0AUxRHjFxOtSXxIpA4z9TktdhRyxiuubIsNIyuxYruSEOU02X8/k/fh0J4EkgDqQpYJgGnKhqKydia3rgW0LLYszd84Xd+xQFNqPx1MVq35NN1DbxixeVwUIS8pWliBXvxLT/+DOZ8E0VnROqeHieUHAbLbbE+bAnjSxfdHOIgBVtnoyREZPoyzKKAprouspt0wLKdgmF2olh4usYsASAAeJIJIBKy/DtjMt6y+I3JAN+fn5NxZafTWqVA+HfGehnh2vY6AjRmo167Ke1GltRx5QWh1afxi98/hbv3xUDaQEQKp1vMJ2H8UoC2OQDV0TjyQ+FLor9648KX9EL/VBbtWkCTySD2fXVPPk/o6aUyvvOnz6OW5lEpDEv3ajsM4LqMY9rQdQ0xXUsMlHMl+J2AtoKToAj0UCgPdtvyxNIdCVsfxxLbkXrojdl4QiWLDQLJJhlPqaBeFdX5u6oEkBSOhRjO4joSt1nZSEDbTWikQuHaaLc9AZXpcGbUlwZJR89L1SF1TLjBJbzjzXm85bWTCMN5JFFLSlJyIaz2166vZPQmA73Wqj8h2IrWeUUBjYMbyjUOtmjs4JK4LRts7cZrtpPDp59p4Uc/1MZyWsTo8JB00IYRpBtCjz1xjTEnohINw/lhdFptRdLqCYJUlYU4QMKeM9/vqK6KTkfFWJpqAcqA4XuhxFC8n7EXLSz/zc9GF8nnEPwyXyB8m4rpsqyTgCIws7poFme6lilAC5lXmBp0K0Wz3kDOqEiDJCygrF3C217n4FvesA+d9jQsPexaYTYqZZZ4I9D6rdVW1muz+14xFm0Q0LJMKiMUs5MlgTqzTgb3Vgkf/dQV/MJHgIZZwuTEiMQ9ppWT4Q0jjWC5BmodT8AwXBqG1/JkVlMzDWmz9rxATSaZBEEdo6OjEqTzoBM4UgTv1jL53rlcQeImeZ9uJYCWNiNgCThVY6WbVbEXQUkLycf0Zp38G4EbBypxYNmsHXRg5wy0Gm3kjJI0SLoFB3rrDL7x1cC/+YajSIIrMHQPSZgoS9xD2K6zXGzm7FMBGASm/upHxidmYczhd26TEtS5/8ah/2tLGfSb7LXf1ZWoQnZxMKo5kd2o5KHYbyY8FbmzBKmpw48MWM4U/vR/Xcb7PuqhZVUxVC3KSeYJJDDZos3SkhfFyOeKsE1T7nNtB7QibDjk72GcFafVT4KYr7OWIeqrnRjkygrkuLrvw8/LMtfwcHXV5TJbJBj5/MzK8X3oLlVs5gv4mq0W8pxlYOtPmqLWbqoBGQ7shQkKTl4aNB3LRlw/g294jYZ/+9Y7gOgStLguc6YbMk3pkF1/pHtd4yCgyehgT9mt99n8+7apDLx0oHVh1m2RZruzXJndn1piChVppCFSI0bMbgitAM3YhT/99Ax+5WN1NFDGUKWKMPLhdPkuw7bFGkVJinyxLCda+vt1HY5pwOs0BBwcFqaFoxuU/rEu0Agm/s7/pMXHcpWVMx0BDEtJtEgcMiFAR0ZGsLy8CIfvmzJGU6UoPiereZZKzECjbuOkIY/1WsqdLjVq0lYu1s9lfYMJZiQXDNrn8NDtwPd+251AcAFWWodlcJhZNQmsA8cmQNvsQs+Attn924ZHy4CWfdBrDZdsCEa7Xaurz5N6USJAk/71RJMWGbrCVE/gJxEMZwgRduIPPnEG/+0vPCTFUVRKZdQbKyh0eS7DMFFvtqVyXSyUhXZgrTOl+00TeO2OUCBqUkkXl6maEhUBSn0NoUQYKUlnhrJ4GWFLOQJaXC9gHRMS37GfLKuHElwE1vz8vPyUIeMkkeeruU62YKcIPRXzNTrKEmeVB7kIGPfpOgraHG6fCvGeH3gAun8WZrIiMRpLUP1WbZBFy9zjoESAFZStbkffuU0I25cOtK5WRhbs92hpSJzQjZH0JBRX2AkDGM4oNGsP3vc/HsdfPAd49k4Ucg5SEplCfRAcHCaO1fykm0c+X1Q8GNuhQw+RT5afI3gdaRYic58Bja6PlooxF8FON0g+jOCpVCoq9ul2PXR8T1wlqwy8f8eOHVhaWhD3SoCxzpmBLyN4xYW7ykKyaqHajejOQzntnk/qBfIZSzkXJXMRY2YL/+U998MNzsHCipTTFDe3tUXLQLRZvJYBrT9WywjbW9+xTQjbfqDdmGWTiKw73aPETWSgQyFMXor0g0wlMY5gzMUZTL2MXOEW/Ief+xyeXNJRSycEaBwgoXsUy2OzsB3I1BJPYi5PigES8xBUvOUc1k0DAZuKyUx5PK1To6mARqafACIwGNxXKtVV4PA1pFM2l5OfFICZmJiQZEGRszlpDaIVI7gy8K3Fb5ZQLOyPY6LRbLThmJbEa/yutJDVXA4lawVWu47/+lOvQik8AwcrkghIKazPIm02fvclCbTsS8uUdbcXX/h5aputtrwm3Xpft6FQRtwMhJqGMCmgWDmId//0P+LJRR01fVKufOk5Y91GTlwOtVoDuWJB3CHbpll6KvCENpvCsTGrZAGh3W6ulo2COBGr5VEkRtqxleXIykqmyZkDRclkwX6Wgaq/BeIKCSY+nwDMnkuwZbMEyhqFAj4mADlDFeylkZLWMQrUIItjo6QvwWw38Ws/81oM4TzseGGVSNZNxaetWq5N5jyvBbTN3Oe2dZ39H7g/Zuv9whL4d2vBjHk4KCJgo3HTWOtUbkEsms4mRYZsnGwqwM7dhJ/59UfwjxdtLGMcOdOWRsJSoSiBust2m267M9uAbFvRC8xAecJZyLYtQzJQ32uLuyJQ6GoZ5FPWgI/j8wgW11UWkq+R8W1ZJpkF/SpmIwmrKgKZJZRyU6xUidi9kRXYya21vA7i0IeV2ojJu+kmDNdG3eOQS4SCY8MOZ2B22nj/ex/EuHYBbrIscSVvcZ8Jux6L1nsOXrYx2lZA67+qMosmnrILNAGbaEpQ64ztOxnQONKWql4svYhEm8CHPvo0/ugLgDF0GIhVNpdzCQwlqJIRrnx9yhQQ1QSBdG+kKWzLQs42JOgmKAyhQAKYjo18oSRuT2ZBZdjEVMVvunPT7LpV1YXBoZRLly4JD0erVCyX5XEEGK0bgW/qamCZQGPiobqAfbHaTf6eUhBGg2O70GwTtU5LLkKTyUtwGeUowvvf+wDGjWlY4YLEcBJX9c+kXIdFW3+xd+dUu5xbFptlj9k2Fu3sr22tjzYoC806NDK+TAFNDetm3RQUWVEFFhXDUYWHonsxYxO9ABij+JNPXcIH/7aFpHCwG5ArPo5DJwQTT2xRNDaUlRELlXPFPTGIr5SKqBRYDWiJe9V0HSsrdaE73JyqAtBd83l0xWIJk1T+nZGzTAToDmdmZjA2MY5WS7Vv0youLS2tPa97BdK1qnnQAD7bjvKOANpOLFW/ZD7p2ghYJosCJGGAIXMJw1oHv/CjD6ISn4OVLMmshLjZHhMm4Nhiar0XYGvhS19Foc9SvHKA1v1ikgr0A42yA5nmKmkHdsgL4+FCM4bwd4+t4Bf/aAX22K0CJnFlTl4sBhsKeWPLjWR33XG5IFbFbmaVE2Pj0JNYZghoLWmpLl+5KtkikwLyFuS9pFRl22KZSKPwtUeGx+RnVjS/evkKRscnFR/nOAI+ukheJAQELV8UhQJ+RZskaHeY8aoLIm84qn5JApWdGdRJS2MBmuVdwKtuBt79nffCDc/DQV1EaQQsfYM11wO063GdmTHYNlnntSxadoH0WrZ1Fq37AOq1ihxTanbFj1khUEDjjTIDSgCPKoWcTM/jmfMW/v37L6Ow8zAiWrCIrTXs2IjQYdNjmmJ4qKJcl8YcIYTlqi4MUglD1arEdgQatWn5uFq9qfr8KYInXRd+tzvDFKpix/iElKvGxibERWe1y+XFJeQKKrMlCPgaUlxPVc2UYKULZps5La6Aj3ogPtu5LbHojCvjkNV1g91NAiICTW9ewLd/hYtvecN+mIzX0FLHQgk3ym0VPAMs2iBLlp2XzWK0VyDQ1JEiIavcZy/QpOFKtXB3VX5kTpIpveHicmsSP/JLJzEfjaFcGRKJAD9MZRag1W5L0F4qcuijKcQos8ww4fCHoioYW1XyRZGb4olfWlkWWoMWbbne6Ab9a3FZrbaMseERoR0qlSEEfkc6ORKxVKE8ly6z7TF5cFfdGxsxaVVJpZAwpqVTFYcQba8l7rXT8lDMFVX1IedK6YyBpsZEpnMJP/KNE3jojjyMdAFa6iGJ2B9HgZpsrrPLp/UBbTOQZX+n7kh/7NzrPbe16+ztsu3/Er1Ce0p/lSrUIoCuGCEqOEqzRlcKvZt1UjuWgRRdoHR6kPnX9+M97z+Ok3MlDI+Pi7xAuxMgjDW0Oz4K5RIsqjTypMWqDajjqel1dmNUSgVUi2UxpezXvzo3KyUpurZmR4GGrpOureDmhIitViryGYrFMvxOG5PjY11xF+Di9DScXB6tNmubjsR6pGv4erRiIu5CoeWOAheTBT9U5C0tJy2rxXlNFv0ZbqVKWkFbOYdf/+EjuKk6j1RrUToZnCFkhpr0y78PmOfMgLNVjNafxGW/v2KARmB1FVpFPZ+CK2tAY/qeSoJAdR+WXAydGSNVf3T47iG89zfP4ZmLJtx8GSvNNhLYIqhHq8aAmaQsXZgjE+qqk0OCcSgFxsnxEXndfLGE8+fPQzNMiZ2ExRcKQRdgVEtl1OrLUlOVTlrbQeB1sGtqh1hGnsRL01dEtMWniB7FXzgpz7FAWuVUaXCwwzaL0+iC6c45iUW+jhlvMV+Q+ynARwtNQCYL5/CXv3AfHP9ZBLongjZ6yoJ814r1ymBeJ9Ayd9vrOnsNxLZ3nb0fdl3s0HPJSIAsnJiyYASagVD9jd2uDPipbN0d9RchFqpQk9xFKFc064u+ewv+8LMmfufPj8Oy8whgwnRKqDU7SFMDpu1K3MOTzAJ1NtWkLFUgOBqqliQz1UxLssSVGgNtAloBNKNI8rmcfM5qmWRuR0hhusKJ8VGpBhAoTCSWVmrwghBeJxCwkPEndUKXLereXTFkxozk0ESCSmqgavyOKpDZEIwaWrEwZV/C777nHujNx+GJUjgrnS5SthurlH3t6A5oDxpk0bK/9Ql2r853Zudx27Ry9ycDNwS0dbJQ3R0BvRatOyRLBaCUMQkZ+V6gWbvw1Oxe/Mdf+DTMkgsvtpFSw5baLdRNoUUr5EUHjeJ75K0oxEeLQACxyE63WiwVxEUtLi5K1kiLxThNLJDNSSYdYeBhZKiy2l+Wtf7QAk3smISTK4hFY2xXrzXE5Wp6d3oqCrtbVxRlQ26NXbR0paZrSqsRUU8raHMK3VLURc5h/bON19+ex4++tQrbo0XTETDgSF35fgwJrhdogy78Qa1GvW5023RvnP2Au0Grt7dboB94g2IBlQ5sZBpX5T+lXaAAACAASURBVBGkr3/1Guz+I4GPYUSlu/DdP/xXWKZ6tjUOv82pJQcxA/QgRHVoBH7QgR774u7GR8ZVD5rDwWFuPVEUhNdpSldHElOcOMbk+LiAcGpiDBMjVdRrKygWVE1zdm4B7SCS9mvGV7liCZ0owsLSMhotH3GUoJjPo93yxGozGeDkObNMsebsyjVt4c/cchntwJdZBtHliEkOayhR3DlqAcESvuetd+Crb6ujhIuyQYUSqppGrV1q7nKSa+0UbBXYXytG670/O2/bJ0YbALTNAstBf2cL0PrbFqKsfY8MUIIzfBjv/ql/xHMLQCMdFwtEsJgU5mPbNbNDr41yzsJ4tYqhYlWyOj8Nsdyso77UlEwwCTpwbAuurUb7do5NYGx0GLvGxzA1OQrb0lHKF9Bot3Dh0hWcPHMeCyt1pe8hdISOq7MM1nXpjCX5SlASApLmWAzwEzSbitC1QP02D2aeKuKxJA28mFhgl84Or4NKMYYd1PHjP/Ag7piYR9o8q7p+mTpxnkDmKBjD/jPQtsScXN0bHnH9QAuRg5Hfhd/+2Av4yOc0tIw9Kt2n7CfrkkhRLJfEs+zZMYHRQhGWBnGDwxPDKJVzgBdKUlAoulianxNrQ36MvN5wtYLJ0VGMViuolIuqGhCnqLU6eO6F01hpNlFvd6BZJpZrKzA43Bsl0oFB10j3x361c5cvQ3fy0FwH0zNzSBMd9VpTmigNzmnqidRaaVEYCzI+ZOHWCOcwkQ/wU+98ADvdOVjhHFsdxeLS/fP7keQWkrdXZamvhbvfZfaXoAbFcK8Ii9brTl8K0GTfiVHCiZky3v2+k7BGbkcr5DhaG5U8yc8A7G4gm79v5y4UWBpybOyYnIDjapjaOYFKIS8dt6x7EmAMyEm2r8zPS/LBBIVujpycZIAUWY4TnDl7AU2vI3VJZo2swbKOSfqiWChI9yv5Mrrp5VYLZ6cvoxWEAtLLM/OYvbqApYUFOLYhrlNzFGlMPo2tSMuNJspmDTeXgf/87rtRTGaR11tAzDJYIIPE0h2sdasJWwBtKxByVmFQ7PayA1r2JQelzgPN3Sa6+YMeK/pohon54Gb8wM89h5Z9CF7SkL1K+8dHsHt8VLK+UqECtoRbhiH0BAHEborlpXnkirZYHhK8dJkHDx7EnqmdyNsmVhbmRe+f9U26s2p1WOKyThDg0vQ0/DBAuVIQCqY4NARNN/DY40/LR5UBk0IebS9AgzsFqhWYOUdUh0h7LC+uYGb6spC2MwtzmK03RCUo7xTQ9j0KUSKPFTw4BfzHH3wAUfs8zLiGnMl4lbXcUCyaprNLZb2+m0JO30aU/gHjLNLtPrU/tnvZAq0XKJslCPL3PqCt1jo3ccJs+V7BQfzgz5/EinEA7bgBBwGO7Z7APUcOSf2QJK4XAMPDI2jW6lheWsQdhw9jamoHnHJOOLl2V1WbmeeJ48/hzlsPirWLOx14FHaxc5iY2CFgJBk8tzgnn4jLNOiej79wGu2Oh7vuvU+yR2nXdlgdgADtxXNnce78eezcNQW/48Fr+zI7ymFmLwb+4lOfQaiZKBWGBWjcwJI2Z/C9X1PAW758L0JvBqbeoRCpLNqgpRUZwS7BvcEq9QFts+xSSPMBrvYVATQelE3B1tfuMSgTyjDHLJFjP2npGL79Jx5H3d6PgEGY38Ib7jiEvSND0C2beiiA5YrLi8IO7j56FKmnyFurWFbLLGLZGiA8mWNpePaJL2DnWBUlx0W7XkO5XMXU5E7huFYadVy5cllANDQ6gRdOn8Xem/ZhcnInZmZmV4eIWS5j8iAEK+cTwhAnT54UF8uaJxekBSz+Oy5OTi/jiWdOI1+oCjUSei2MmFfxiz90F8bcS0hRF3cfBamM2tmm6reT/7rT8uuuxR6gqWO4MUjh4zduklKv8rID2o1koOobrpcSvRbQjDRFlDuC//KHs/jMCwEitww7CfHVdx7CoakJ2QvASgGcnATuh44cRBz4CGtNHD9+HDNLdSyRLytUhFu7+9gduO/eu+DoMZ569GHsmRhDY2UFk2MT2DU1JUBrNOq4cOGcxGWtAJjctUdUG0nUPvH401hYWuy2hhtC5ro5GxW62ER1AJ86dRKVchle0JESlAcdK56Bh594Hr7INqTQwhaOTvn4me87Cr3zDMKkJR0musFSHPd5quEYGSDuW5AlXqALLFpgdVu/rzMD0isCaFuBZFDslgFtEDh7ubk1i8ZBbh1NYxf++jkHv/mx4/D0KgqmjW/+yvtRJfVvujBzRbw4PYsHv+x1qLXbUlD/y499XLpt73/1a/D7f/DHsHOq8+L2W4/grmNHcWDfLthahCcf/TxGSiUMVSrYs2uvZHwsHZ0996IIF7e8FLfedjfiVMejjz2Fc5cu49z5i2gHrF5oOHjoAC5Pn8eRQwdwy4Gb4HIu1Wtj/uoMiqU8Wl4bHQ7RaBY+/8SzWGp0oMVc2TOPt37FHvyrVzswgzNibdmLF4tWXAI90WCyN6+Hf1wtlNPKrap1Z9THYIu2YTFsn7d5WfBom4Kpi5SB8dcNJAMchTNTEx19B65iP77vRz+ByDYwOjyBt77+fuSpnG3lYThFNJsBDh29DbPzczh95pxc36bt4NDh2/DHf/xRdDw1I/Adb/t2nH7xBF714D3QEg/Hn34SRdvGrQePoN1s4YUXjmPPTXuhmymefPZ53HrnAxgd34Hz56YxfXkGR28/hv/+Gx9UyyviCG984xvw5OOPIo58jAxXsXf3TpTLRZx98QxGRodEH02z2Lod4PHnjuPS3BIM1GDU2vjJH7wdR8aWYAdXKSso+0M9Q40iGpEmQjCDMkpxpxtYosHZZT/Q+kOabQO0M7+qJtUHxVzXCuQHutVrAK33NbkzIA5tGPkptN2b8YH/+WnMe5OYX+rgax96QAZWTKeImZl53HHgVoSdtnBostCVZR7DxNW5JemmnZ9dkGQhX8zLrEKu5GCoUkR9aR5PPf4EDuzai1sOHBBd3ItXLuLsxQsyKHPXfa9DuTKC06dOidI39XOpRCRzC3mljcYSFtchBmEsdEt5eATzi0tS8to7NYXpK5dg5HK4vLiAC3OzmJ0+jkkT+MB/fg2wdAJGWIetFRDoMToG93im0EO2q3EX1MaMU8C3oeZ5fTHayx5om6XPG8C2BdB6LaS40oRrqkfwzIlF1OIizs7p+OtHLuPoXa/C/p0jaNXrOHbvg3js4UfxujvvRpmaGKEPTY8lNrJyLorlUZkH6DQ7qC2vyE6oYrWCxEhkOopisc8/9QzuP3Y3RodH5OPOLS5gemEW8ys13HTwiGSkZsJ11kDsE8hqSRmHT2jVWNOcm19EkTsFTAthoqHhh7h48aLIujeaNVkqNrtSx2yjAa85jW/9ynF83UN7YLTPQ48aMBNXxGl8vSNiMOwjUhZtc6Ctz0Sv33X2npNtZ9G2yiQ3pN59OmjrwNYHtN4rrB9oUTqOS3PjOHkxxO13P4jT0w380m/+KW69/W7cNFFFfWUBnTjG5PAoXnX4NpQsW4ZR4iTAcmMZuVIZHY/JhwEnVfr/ZPfZSm0V87g6PyfV+emz5/Hgncek1MPie93zMLuyjOmrM5jYuQM7JyahRwl8tm4DEsO57HljhaErBcq4iuUq6tW2olhI3CtXriBPeXpu1TMdLLR9PH3qHLRwCf/nm+7CLeMtDFeuwDVrSAOClz0uodp4x03LXbI1O369MdpmSVj/BZ8Rtps9/mUDtEEczZaZ6ACLloGtH2h+MoVT53fhjz72BO657wHc87qvwM/+2m+hOjaG+4/egjQOEBkaZqdncOe+AxjJF+DYJkqlPKI0RJCkCGJdmhR1n50VnH8xhaWvhwFm5mZFq+PqufP48vvvR6VYkjhuZnERV5ZXcObieezZswdD5RIKjos8qZBGQykFkqYx1JpsFsk5Wc5KQdPz0fIDdOIIJ0+ewIF9U0pr18xjdqWFzzz5FHaNVfEv7z+K+fP/gHvvMTE+FiLx68KtiTIl6w7RxsWwg471tf6mdsNvvgtqWwJtkFUblHluCb5NXGd/7MDfw3gPXjg5hU/87Ys4euwO3HTrEfzeJz6BQrmA+4/cAov9XPkcTp16EYd278dQoQTXoXCLgWq5KFWF0FB9ZxZJ1oCyVi58HTgzPS0T4yxfLV+ZwauO3obhYlGAtlBv4vzCAh554gkcu+8eDFeqsFINBY7KsUglIRLX+PCIqM7hNFQDwfVGS2QdGN89+eTjuHnvLthuDsvNAPUgwSc+82m89p578fpDhzF94jMYH1/GbbflgXgahtmRPQnyP7IgFI2mdskWQNkKRJI0dIG22eNedkC7nj61QfRGFvwPAloU7cETT47g4S/M466778beWw/iTz79txJ/3bH/ZpSLRWg5B+cuXMYdB4+qCXbbkXYf0hQ8we2u8Ar1ewgQwsILA1xcnFPtOIyxFhZx1y2HhObg51mq1bHY6eDR557F5K7dKBeK2L1jCo64NHaOcAUPXXQEy9ARBVxIq7pCOC1PEnd2YR61Zg0OF5MZNhYbHbTjFH/3D3+P7/y2t+GJv/4U2gtn8KpXjeE1r90JQzsLU6sDkSFJAN2mTLlfB9C2Alu/6+w3AtsGaC9+QGWdg279Lm/gY7pzm1u60wF38rWjaDfOXrwZn/rUebzxjW+EO1TF5154Ei+eP4djhw+r+ctiFWfPX8CdR45I8FzMK7Aw8wxjFt1t2ased+UK2KPGIvcKu2KR4PLlyyjncti7YwqjpYqAZXFlWVzg8dOnsHvfzfI+O8ZGEXPkT1dUKXvZ+D4ssnNdEP/NoWV2+3Ka/cy5F5Evcna0JXugfIrJRBEe/uzn8K+/9i2YPX0OLzz7D7j3wXG87nW7kNPPQ4uWALDhUbbbKpc3QA1oPVjWKJBBIUi2zyEDYz/Qto3i41ZAy1zpVq6S/VRfzC0D2oUr+3D1ag7V8jBGdu7EUtrBn//VX+LYrbehkC/BKZTVsq80wb7de0TuSeYBdKV9Ie6DS8gYm4muRyot2Asry9IyzerBLfv3I2c5mBwdk+ERZp21Rh1XFxZhOA4md+xAPueKRbNlzzn3g2bLN1j94nAKi/G+7OrkCN5zzz2DyZ0TkpFyEIbAZnvQY5/5HL7+TV8DsxPh1MmHsfuAgXvuGYIbvwg9rUFLXSFvU7ANqbvVbovJp1617hsFGh+/bRQfv1igZV+aMc0XcxOgxVOYmT+IlVoViC2M796DpGzjDz7yxzi0/wCq5SGYdl5G4i5dPI8jtxyUHjCZ2yS90V1OkXZnA4gGi4vJOE/AwRJNw9///d/jyOHDAqDh6pD0mpH/WlheEl5sZmUJdx47BsvkHnVV8OacQuirOc6YO91lGEYNJIdRIDMCL545hbGxEZlTaPkeml3J+DPPnsTXvfGroTV91FbOojC8gsNcEBucgqU3gdQSy6i0SdiHlrVfrG8g3UjkKmGaXjeqnq9eZzP3+s9AE6DtwMLyAVyatlEqjmNs5x4sJx387ac+ib27dmNkZIzULMbGxrE0P4+R6hDy+YJYscpwFa1WQ7pdM41c/p2/q/U7Jk6fPi1dsgz2yerLMgtoMktAsHGC6MS5s7j3gftlHI9dvYzJuG5IbUdha7gqXMesU+o6mu2mTFtN7dohVYGVxgoo/94JI+nouHr+Mr7qoYegeSGatfOojC1jz54IZnAWjtlGQhqGzplLbakvLtepan7svW30IutrnWveZk32ftAF/7IB2laxm3zZL9Ki8blxOo6F5X24OleApY9gx54DuFybx+efeBS7JnYK0KxcERbjMNcBZQtuu+12Je/O7NPhRpTugPLqjilDlIsaKzU8/PDDOHTwoHyFseEhNZ/JIWXfByfTwzhBJ01wcfoS7r33XtiWiULOVWqOFNSjRq5UA1R9klobnBPg87nphVKkfuSj3myI4iMX114+ex733X4MN+/YhbOnH8H4rjb27gphxedhGR3EiQ6Nrj/hiAqhzvfqW2Yh5mkjkbu+Xtyd1KB02IA2oey83fqObSKWfC3X+VKBNqiYnr1mnI6h0d6HKzM2/E4Ve/YfxcXFGbx4/ixK+SKGh0eRL1Zlk121pDYDLy0tY9+B/SgWC3Iu+Poij0X5AZEsCGVq6vOf/RxuuXm/ZKJcXkaWP1v0yscRaDLDiVRYf8ZLR289IlQJa5nZyh52XMiYXxQJyObm5kQVst1pikVteS002y0pwtOi1WcXsH/3Xty2/yDOvPgIxiZXcNPuCFYyDVNvrwItidtyGLi++0aAtuYiX+FA20BTXMOibQW0JB2CH9+Mc+c0tOoV3HTgGK42FjGzMIsoiDAyPIFSuSrSAVwKS4E96meQiD148BAKHLOzbLE8tDqMnVaWl/HkFx7DjrFxGeZl3FYoFVEdrshIXLY7oLawJFuGY+k1s3H5yiVoSYJjx46p1T2mWunDCSj+d+LECXG5R44cke6R+kpNSlzNdgPt0IcfxiIc6Kam8H0Hd9+Ey9NPYHxiHnt2hTCTq7KETBQeOWUX+DIAwy7jrAVooGXqqXkOitHo1vuz1N54bdvQG6d/1U4HFdQ3C/BvBGjXokfipIwwmcL8fAnnzxnYf/A+BFqMs5cvoNX0MDo+IXVIJgNZLJZtnDt/6ZIAgZaO9MRifUUNEC8tY3JsHJVcQVyoKIJbFg7eelCUs7Ph3sbSCubnF9EUPdq8bF6htVpaXMD4xARGx4bh5HISf80vLoh2GqsIrA5wsQY7Qdh7xxitFXhYWmmKLGrJykMLItx9xzGcOP5J7N1bx+6dPsx4HroerE7xxyIO6MjcwD8V0BRnuX4n6W0/tE1cZz/QestEGdi2AmJGb9xwqUpiNPbrj2NhsYgTzxs4cOjVUtlebKxgfrkm8wLsOeOwCKfTZTDXVMO57KgNOcS7tCQgUaNwTTlpIxX2tDmiBi5rqysVjE5NylwBO2JFXE+6L5YRhSrwJ4VCi9VuNmScjx0bHDbh2p1iqSTvT2AzPguYYfqBELdUE+LYX9uL4DU62L9zt2y4u+3wUZw4/nc4eKCBnZMd2OCijY64eEolMAuWdYo9zP7AZOAaemn9wyn99dJtBbQsg+lPnXu/+GZgeynJQJpyacUILl9xMTOzA2MTt8mJ68QBZpdXUKpW4FqulJE4eS7y7xrFkzkPqZaEseOCsVO901JzmIkG17SENytxswmlpzSgxKUV7M7ocm+NWk0oDFqAhG3gYSQxIOUSCDyC2i3kkS+SNCbIValL5KvCSOLARquJpWZd6A12dPjNNnaPTiDu+Jgcn8TlS4/gwL4F7Jxow0wp80BJVAjQHKO7Z3SAevu6sl9fZ63whr0TU31qQi97oPWCcR0AX0LWmZJT0vKYnS2g3rgdMzMaJneOIbY0XJqbF9Ugx3QEaHSfsitTU9uGLTMnZZxWownPb0uwzpYe0gUkb3mfxIeJ2iXgFF3kSqoLV4J37j8n/9SVh2fHq2h1ULDF4gZiXeRMuZrHya3t+xThZLafh4lkmyuM0zwfXhjBb3awszos432U0vI7p7Fv9zTGR+owOavKTJOyXaw4UGKVH7ZHiK/3Qr8eukOqFT1AXQeyrhz/be/aJvLvdJ3Xyiy3smwvyaIxrde4x2kcs7NHcPmKjqndkxieGMVTp04Js++ajlAOzBgdlwV1U9h9qhbJQgnRLYvkJ+kHWSNNvqvekJiNk+VMBtwCVSaVNL1MQrXbwuqz8bBULGJ0ZEw4NlHy1jWhTkxOMhksQ3EguLsKJ1Z7OyMvEpfJigBXPxJoZqphR2UYtqahXmMVgKWzRVSKS8LNkVyVeWGubcx0SYwBo3ZdemPrcKQrttyXDKw+p7sT9fZ3b5OFFpsBbVML1ieB8FKAJu+hm2i1JnDl6lFE8W7k8gZKI1U8d+G8jK2xiJ63HImRinlHwCayVQEF+9TuKAJrbfe5L2qQVAeiRSKg6O6klUdcZ4yO70t1gT1neVcRwI5piztk5YDdu6KjocXQbVpGdakp4We159P3A9RajM9aSAwNkR+hWihhvFhA0GFysAxbn8b9d9WRt2ZEw1e6NNjKnaYwEh0xi/4Z0DYhbNdClvWiyJn1E4nSvtnOXoDe8a5tArRTv2JtmnVuGpf1gO2lAY0HPUGc3ozTL+6Had2CfJ6t3SYurixjdmkBBcsRHdtyvoBczoXtKOG/NNYltuJuKXFnbGqkxBVH76JIZKwybk2qBewja7XUmkSWm7gtRdyWOoEOe9rkdRNRgCR4XdcUi5Ykaj2PiBvHqUoIGKN12qhzh6htolVvYXx4CBWqQ3qeWNdyYR63H5yBqV1AGmUChbRsmkxBSSVKFrQNJmjXe5qNpK5QG6uLZdWj+63gyxpovdbuWkBbF9gOEIRhN0Qudyu+8Ng4hkfuhWPpMEs2LnMk7so08qYptUduIHZzFrVWJPYyJb7TRaOMIi2cpqIsApvIWLTWbUfEV1jolgsmihF6SmaUfJpIX7nUzlBb80TygyYnZBctRY65tEwDTAbfqpDOkhHLUpQh9TnB3m6hwaEY7huoN7B7xyRcNjYmsbQTFXNXcXjfOejxJeXqqUre3c/JrX8koiW470FUf41z0OBwZgBk1RaXGm8yrc7XuvPd24TeOPUrbBNS7dD90lPX4tdUu8v6hbD98d61gMYuhjjaibPn9mFi4jUw7RyWGffYKZ5+4bhQFRwaYXmI6o+ODeHHuPoHuimt3nIyqOJjK2l4nlArrzRo+RmFEo1TcY3suOVke0QQuizOqxKTaOuGEdqNtgr2o0B2g+qcxDI1aeaRygPdcIcyCR5qjYZ0+XLghQvT9u3eDTMCCg4l51fgGpdwaM9laPEVbihFIkLRoSgWmYktWm9xt10oO27rs8aNVqz3eCohROU6+y1Z9vv2Adr7XSr6qsuiu25nPVjWujM2kLU9m4c3TRgGDR5mD5Zu3Bi6MYmrlyfhBbux75ZXY77mI7IjPPr0EygWS6KL5limiPGZRoxCnu7URZxqWGpyy50rWWQul4dp2ELAyoIy3ZRiuWwuJq3gBwI23hjz0c02pG5qI0xIP8QI/W4c12kgTHzkS1T91mHGpgCcC8+4nWWWCuAtbjum+reBjreCPbs4S1rCjqE8rk4/ismhJibLszC1JXmvWE8R6ix6cR+Do8SlVXqy2sWx3qJt9BebAarfbWbnatskA6cItJ5b37zEOis32MJt3iYkj78G0EgjBD77Y3fj4mUKDe/D2NQRWLkcPvP5R2G4RQFPzjJRzNmwLW5M0dXmOnCK3ZBaZc4tSq1xiK1FLO3EEI0MxlO0aCIF3+LSsSG5+hcWFkTwzw8iAVqhYotL9T31fVpeDXbegGHGkuU6IDfH5RoeGn4HV+sN1DxfLXiNuHisjakd4xgbHUXcmcX8lc/izkMV2PEMDK0tA8qcgooMSqvy+rIFaCJYI15h/dxm5jJ7j+5WIBsUn/H4bx+gietcu23uLtVXvpY77Xed1+qLZAeDbeXR9gHDnsDMvIb5JQujI7fi4kwLgVmG7RSQo4pisYC8S9eXIue4AsAgYhYZYmmpBlu3pTFyZWEZ87PzKvbqruSRRWIx90QVhWiVvQadAIangvxm2ERxqII9e/dLLRJGANPV4Ob4ikDeyMlW4Ua7gYV6HVeadXhhjDy1d2tNDBccjFYs1Oun4OaWccsBHWa6CCttQpe4zaKyLgJZ1KZWGkkmu3r019ykAlS2K2oj+7QZ7dH/95c10G4UbNcCWnfpoiyBaIcaYrOKFCOYnQaWG3kshUMoV3ZJUkBFx1IlL61JrBjQRa7U6xJjLSwsYXFuGcePv0BvjNe+5ssEQJNTOzG3MI/R0XGpeZ48fQrDoyO4+cBBnHjmOTiRLuSuWbDx1DPP4PEnn8H4jlHcdsd+VIdy0NJASNyyU0LBLWC5voz5eh0Lvq/CenZkd+pIW9PYOQLctMdBsdICjGVEwSJyDCXJyybUQTPUxhQt6Rp6SgqtlzxYi9EUEPv9xVbc2isEaP22Kvt9a0t3vUBjvMVMMaIr5aRQnIMXjeOzzwCV4aMoWorvGhorC4BszZKefXJlK7Wa1C1/73f/EMXqEL76zW/G17/1rfiLj38Cr3/963HmzBnsuXk/RsbH8PlHv4C77rpLAvFP/fXf4l889JX4+Mc/jpsP7MeTjz0pC8R+57c+hG/6pjdh145hkAVxDQvlXFm6e68uzItFa5JQM9X67bB1Bl9+n46Ks4jG0rwsrBVZdpMpYQt6GsFgTNYNI2RZm1yxvdIHgy3aVq5T3OWAykDvmdo+ycB1u86tgTboXhWjsaNgQEGv+4RVi6bbQiGE4MAJYFMXLRrHI8dz0J1DKLujwmFVhktyIi1dkbhUTmw0WuJGP/f5R/Hi+Qt4+/f/AKqjYwiSWGIyLigbHhmByS6P5WVpqKQlYU/a5MQ4jj/zHA7s3Y+nH38CrmbiJ97zI3jbt70FY2MlxBRssUw4Zk4C/ytXZ1Bv+xS7BwHTaS9huDiHew4vQeuQjmHclUcjYKsRpfCbsn/BjA0lI6pRP4i2UPXQrYm59FcINkpQD7Jmm1Eb2fl4BQFtMwCqv3NFzZbulvELmxe5wLWbputajDDykZhjODu/E9NzRQyV9wJaHoWiamLk5BM1/Ul8mqYtElSeH+Gxx57AyNgk7rn/AZkbGGGTYhwiz90EEbVjFXFKa8QBlXKxgNr8orjQU08/h1NPPS3CzFNTI7BzgA8fuk3A6KL2ePXqVSTskk25zrGBdvssDt8M7CxdQg7zyOk2Ws0QyJUha9O0QJJ6k7yZaNpHSLpmvpeo3SiNsJnW+Xoq45+B1sXftYDGCfAojWR0TrpavQSWFM8jdJISVuI9eOzZOoaG74Djjkqxu5h3pdUnb+VgddcRQrMQhIlknk89/ZxYv9nFJRy79z4Zu/sXX/XVkl0+d/x5HL71KKxcHs8+GY5OswAAIABJREFU/6xUHZ5+9HGUnBxefP4Exopl7Nw5gnyBreI64GhILO6oCqWsdPXqHEzNhZFyg8pVeJ1n8Jp7RlHGNJy0DoO8Hkz4hqN2kyacNE2k5ETrLct0ZQpq/UBJPzE7KOvsvaRXY7lNyNpta9GuJ5scZLqv9bx+oGWvsa6Gx6tcV5tXzNiBnjBoNhHoDgJjGE+frCPEUeSLu2XLHZfHsnuDyousNFFTwzZy8NoePC9CGCS4eHFaEoaoE0qf2vj4JPbt3498sSik68LcIi6eOy86uOzQYMkh0VOMTo7KHismBFygkXMtUf9pMdtkkb7jya6qMNIQBzMoO6dx50EHuWQFWrgM24RSnzRySHSrC7QIRpfYTqSrgisWFUJIbwzm0dYs2lYJQDfa29StbDvXOQgw/IKbAWkjYAZ/1+sFWmyE4mLckCsJLURkzTULsW5hZiWHZ18sYGj0dil6O5aLcqEiU01OQW1QSQPA1NjWHckiik6zjZCF7nxZgnASuiyws4gvkgScBdA4xwk0/RYYddlDBWg5CwbrrZYpOwCKLFNpbKpckcFjTr/HMGRfVG3xOdx1qIMdQ01YcQta1BZQMhFINFuEmTmVTglVkX1nAaMLtDRRnbAUTr4W0AYd2ez4bwa07Lxto1rnGo/WD6qtgLb25bee68yyzv627tXfhdNNkOixAM2JLAmaQ518E52NgVjfjU99IYKZP4BqqQJLz2OoPCzEbLFgS4koCBJZsxN22MDITSY6mo22gHFyfIcAq7lcQxLEauDYdmV8b3lpTvTNan4DuaEiYlvD8OS4BP7s8ODGliTyRP5AdqlraqVi6DfQWHkOb3goBzO+CCMJuQVLtrmw1MSqBEWXTZbBur1hkgboqmRGXk3FsGrsLnOVa9brxpKBzUzatgRaf9D+Twm07LX7X5NXudrNrva0WTEtGhCRfOKN3QnWbjxzrohLczZGhnbBMvMoFaoo5Jh5OpLF6YajumWp9h4DQYc11ESmyNlqxMI8F1EzVgqDWIDE8sHKyhKiNEBlqCxdI4GeSp00ijWZ8TTTEK22AhmjLfb4N1sr8NrzGCuv4K4jHlL/gky58+Lh/bJDk6qOmqm0ahO1/49/o+WWYyBAYykq29e5eda5JXe2eUIvh2/7AK2vBLV6ZXRN0bVisEE7oHqvrn4ebePrdQlM3VdKUYkjheLQSMSycTU7d0bNelN4/IVlOLndKOSHUXbzKBbzsIt51dJjF2S1js4FZ9Qwa7SlO5fvT7fJ9iC+N3vAeOKYLHCNDktubIpkyzZLRNLuzRWNpiMSWUFnRfTSWpTFYtdsnKBev4pm8wweuH0Ik7mrMnjimqbopEmoL3Ead1rZgE+IqaMkQBMXyqxV7aAfRG/w+F0rGVCPubYcxbYpQZ38r87gfrTrAtq15RC4z26zDg5l3biGUaX9wi2lpDkUuyY1ylRDEJcxG07g6RfbaPujKFemUHVtNeybd2TxBLcz0foxSfA8Lg5TQnehaNty5lM1LLIpkl0YYm3YtcG1nhT3o/SVY0pvGf/NPi9NC+G1lmT9TjtIEKUGwjhGs3UZkX8Kr39gFwrpFbhpTWqe7PhQ88ApPO6z4thez/K6rCIg/WiCkTWgbZztvPES1CD3ua2AtiXPtQFw68GlLJT626ArjJXCrYBGxYtMU0eu+NXyDK/4BKwQRmkFc/44Tk7rmFmqIl/cgSHHRSXnwHaAUqkoloxdtYbuoN3uyElWikCMl6gOlArQyOTL56FLNgHNNaRlnC6OCYAsgc02JSNAo35V+to6oQnPT6T7o1U/j5HCDB64exR2PA0r5fY97iRNpIOW2WuQhtKuZKS0Xj1usWutMksv8u/dtGD98VsPtOuxXq8IoPUG/73uT6bEB9yyA3NtoKnsSzWZrgGNbkUG0NMAAcpoYDdOXNRwab4IwxzFkFvAcKmAvEO5UBtujiJ7Ku7hGmzLUmIv7NogOKQTin1mgSJQqRLJ+mpkJCKsx+RA1Bi7VQz2oXXay2i2lqXnzEtdtFsBAq+J+vzzOHSTh7uPFqGF0zBTH7aWk3oQXTTbgTSDEOIuKg4eqH426R1b17KdSJOmulAHyCIIDbK5e8zi3a1AuG0sGtuE1lmcHk3e3sB9DVyDLNpmOY+Eu6sbQraynNrqFhGVsemc0GagTDeEApraXpw8H6EdTGBm1sOO8QnpUyvlldQBP59tubLSh12wBBq7ZEXGU5IKdcLIudE1sgOEE+rC3nPKPY3kP1ljbdtIAg/tVg0rrRp0p4ilZqz2QtWuQI8v46adK7j31hJKWIYRtZBSFIar4sFNx2zUbcGSlY7cJMCg35D/IBac2GOFoNcLrGlo9Geevd6CLj2zgOrn1uHLtgEaY7R1MNkkNtsMaFu63Z4tzlvxbjzp2cGUHZYwoHMLMQMrWgZzGFdbVVy4aiIxd6HeMLC83MDunUwMONqmo1gsK2sUq1419tX6nqfA122ZTqQbN5uLTKAbFnzyEaaGKPXJ28tAMbt5A47kdeqoteroxBq8yMbs/CKisIZS3kOlMIs3vf4Q0qUTsI260DOycSi0Bey6Fcn2YV3mEnjRqO6NjOqI9a4Q36qFGwQ0HpW+PrUbABq/6x0/vE1auU/8spJE2MBzsQokHbRdS3AdC2AHZajX7N6gi9RJCcTiRshG8WSYiQau7+GVHyQl+NiDJ0414I7ehnrHxcKVFdmNOTFSkRIPC+zM8qjOQ3epdyfASXlk6kDkv/rjRVIdBvc8RRRgUXwWvwerCa1OHZ2Qc5ucavLgdWKUCmVYJtBcvoS8NYdvfPPN0KOL8PxFuDpgx3mxqKnDQWFuie82MNNC07b2r+PpMUjZZ+PPtX7RzYC2/vz0Gove77htgLbBonU/8cZO2/6mx8EmewPYut0bvaDNXLL6m1IDIp/ORICbgHkVOwm3qvDEKKAtNCdwZbkIlPah1jKlE3Zhdg4Tw2UMVcti/XL5oozPcWCY3bMka5l9ZkDjnICcxO5+JdIiTBikzTtgW7YvAy+Uea83mmgGTfhRB/VmDUuLdRQLQ8i5VSSxKTOj//jpT+MNXwF80zccgxVehB41YXLaKTGE+I3TQJJQVkey2IwUCm/k83o8+qpFzyz7ZkBTcd5axaY/Puv/fdsBbUM8NsAUDebUrhGzXQtozLqyIFnXEFqq1dmKbNkizFX3PkaxGBzAmcsmysWbEMQ2WkmIxcUFwPexY3JcYjFmja7N5a8pHNvtShs4wrNlLlMGTGLltmTTcEQ7EyH2O7K7na6b8u61ticqQV7QxuLCHHKujVKugji1kaQ5zC408Fd/8wl0QuB97z2G23YswwquACEnrCyErHRwZjNmL9oaL3a9QOuPehWdrRKKzaxXbyyXPWZbAk0iArEo3aa8vlrn9QBtQ8y2VT+aVAR4FnQYbHWmAIoZIebgbkSxOpK5OTjVQ/gfH30e+w48hJ3Vm6RLYzloibTU7OVp6ekvlSrS/SHLLRxHxPs4BJzPF8VbidR6Nz4jmcrkgFq3zEjlvsiXBRYRxWI6HupBKJpntFwkPUarVUlsOKMQxjqmF9v487/6G7koHroX+Mm33wbUn4epu9097KGUxljukhBUTJQuhLBYNNX5qGRGu7de1/nFAG2QdbvzR8Jr1A7632nz31/SC2Wuc3CG2RPNZy71OmK17KNK7NeXna+LBQkyxmeUBJWeeh0B8cWSUsqOjhK00mH89w8/gsefB97+3d+DMbuIyPeR5FPU2y20Wh2sLNVkfpPZJ7cUE2AcvWPMRtkrjtj1rhEVQpaDwpww5+xA6AkH5nkdBFEoehqtMJAss9n0sGN0HCVXrdIO0gjNwEcj0vCRP/t7JJqJXBTh479+N5z2c92MlxLvsah0w1Q0DQv7jD05N7C2EnG9WuNgoPUvG1tv0Xrpj16gZf/eNkDLkoF+HGcJQu+avw3WSp60dXrdWxnoTTrEzLPPQcZJUyFMeQK4KCLmqh1SD8YOfP60jv/0c89jfCfw/d/1dgwbOnLsqo060DgVHicigLcwuyiWrJjPC3Dzbl65TsMWwNHq8bMwA5V9AWEopGpsaDKETA/OYZZ22JbFsZRjaLTb2L1jn9RKHdDlBrJjqh74WPZ9/N5HPgM/trCzEuLn33ETbp9qIWjWYejsDInFOnJtoniKhE0DZI4dqXyIfq0sbF7ToP2nAlov4LYN0F54X7bdbnBL0Kq77DNN2d8zwnYz0rC/e6MX0Mw2ZXA3pgXThT/j717swqzsxRMvxvi/fv44yAzkTeDfv+PfoYRAWnfYr+b5IdkMGQZeXlgRIT1aNCYBBBqrA4zZCDipoxqGTE/xsxJUsqY6ZYNQgnYzhB/FqDWWUG/WJRMeGRlBpVCFxdyRI3U6EKQxWlGIRgj81u9+AoFuYawU4u1vKePNr56A3pmVVd1KLktHJAYogUlxZBkt58Y8NXonYQMvsq7V7wXaxgn1jWLJvZf5IGvG+7cl0AZZrGsBbZBFWxfLZUTpJnMDSRQI78VtJ7pGzTANen4PPv7wDH799+ro2DZMZwgVx8f3/tt/jWGHBEYKQycTr8OPfenNb9RbIqQ3PzsrJ9nQTQxVq/IYafehEAzlriwlkSAMfhqhFbTEBbc7CWr1unT7cmfT2MgQysxi2cWrmyKTQKPrJxHaYYxGB/jg//wzwM3DNtr4mlfb+MFvvR9YeBp5vQVNt5HwfcihsZMjZXWCLtwSAjcyItEdYXmqF2i9ZO36i7ffhapLNvMnLwug9Qf5vfXLzbo3MvpDDb+upz6uF2g8dLap5NpZsglgQ3dG8fy0gR/9xXPYd8ftGJ04LG7u8c9/Au/4nrdhvGCjYFGDg735HWkBZ5bJEpIsBWs2MTMzI6/JAjhXLBJoojbEwSQOF3flrsR9xiGarba0BbFklCu4QpdMDA0LvWIblozbcX86VSVp0ToRUG8CH/rtjyLN5VCumtg97uHHvu+rsCN6Bm50BYlJ2QVqVKm+MzY4SnCQmGLYQp01CQKN4OutnmSWaz2wBgGqP4mQcKSvZLVtLNqJX14rQQ2qYW4GtDX5hBtrfOx1nTyULMtw55KT09FIcgidQ/jh9z4CZ+cRNMJhVKtVnHrhaZhpDe98+79B2QKKLH5ThEVac5Scu5CkWibZHsq0EzPG5VpNxWSMkST2UxtW1LKKGHFI6ShdZgjYGs7BlwprqKatND8MW2WRaYBOEkhjIzPPej3Fhz78EcQ2O0gI/Ca+4xvuxLe+1kVSe04GkPkeZmqrvqHuMjaRqwJdPtuFFNCyPW0qK14rMfVyj9Jm1AeiQeHKtgVaFqP1ZorKQq2li1uDbeueqK1iNCkkR5CefS9qoG3uwPG5/fiFD34WbuUIxnbcjDhuolVfxMyZ0/i+7/4/sGukCBsRMlkxgo1tPJkgH7tryadRA41Ce8u1FdkmvFyviXRowPonAUdBP8OW3VIi1JfLIV8g96apRknDQiVfFmkFKh75aQB/FWgaVmo+PvThP4evGchXq4j/v+q+M0iy87rudM55uqcnz+zshM2zOSMTRJGiQVmJFkBRIkVJpCnZJVNUsmUVXS6XJZKmLKtMFiWxSsGiZJsJIiAkIS52sWEwu5NzztPd0zm97uc69+seACLEsov6MR4UCtjZme7X793vhnPPPbdSwrljPnzolBmXjtpRrSzDWMnCrHOeU1XUqigg6s/Gu6zJUCN44tHqXZh/yKz9x4Re6gf8vUNq/Xme+LV9oo/2jxmaUhh6Gzl5T2PbM8bvH6nb+/kfmKOpsEEyoZGYlucIfvcrE5jc9CMQasXD73s/XnrhKbRFQ3jlhefwbz71i+ho9AGlDJyiaF2SviKNjDvQmeCXSkqLloYknq6qRJQpA8rQSq4a8TpOUbFoYF7In+UX+WQukTO1wG1zikAMPSV1b8tGDcUKDU5HWdMRi+fw9b94GhTudPhCMNvs6Gq0Impfwad/+hwijkUYy+u1DgBJ3ipkywwFqVDyD9Gdtw1MeaN3G9r3T0fVD3admvWD0a19aWjv2av8QQTIH9rQOAVkgMaJIVsEL9/N4utPJeCKnsbCyqog9m3RCBanx2DUK/jMz38MbSE3vHYzSoW8AmhJm2QIlHyMIS2llo9RcK8mnMe/q29MqSs/mk3UVwM0DgEXufWEIycGeD0u0cClqB9bU/JalZJw1orVquRnxSIQS+TwZ3/9FPIkTtpdsJmc8LvsaAvbcK7XhJ+6zwp7dVZE/Bgideqj1WBJCZGKFyV54bsa53vI/3t7qv+b8PnO9GTfGNrYl1RTXTCdPQ9WQ7PfkeTX/67eg6tXSm/3RN+Zq70TVFTf35OJr9Fk6jfDyD3jCGJ6x4v/8cws5mMRTK/lcezkEWysriDgcCO3y/0B6/jsZ34RjT4bAi67zEiKOjfNsVzeqyTrGJn8t6TyMlaa/JcPqW6QdB40sO1kXAT1+HoBn/cdOrasUBXzlh6TbNyCVkGurIsgTSJVwl/+7+8gUQQuXL2AxYUN6JoOr8sOn2ENn//5AYRtSzAZtmEw5GUHlJCmarw4YXSI5hoL43fMeL7D0OpMXDULyhxNTVK9/UVc7genLvvG0Ma/aBXvzGFXOXnkaRE+YNldq5/ZRxSZTmkZKSS/vkVXnUaGg4oajmXiqzqPe8OyVb0kI2vcgFIsKel2JuAixc5xM1cfvvKtbaxkmjA8s4lUsYS29qg8uMRmGh6bDbHVaXzuX38SzWE3HFbiY+Ya4q7WKNa9Vj3XYWuJewh4rQyR9X/rCXaxWMDWzg62d3ZFVsFq5s7zquRoHDQ2m7hX04RquSq6aIVCTqrbTFlDtmzA4mYCz7zwMnJFDSdOX8BGIoXdVAYumxlO7MKe3sEf/ccfgS13U2YKODpIY+N7UXmS3pIVMJv+MoYnQ8XqS1WiDLWK7CFhlqre8nx4n0UMV6AbwnPSeXgP+IiffeBz+4QmNPkFO+VgodOrGZmXqY8rCtU8fcKdV/r+NEIamroZCv8RBq0MXChDYy5CyUx1s6owsQVDiYOSEjXWQZ1Zk8xXFjUTLI4G3JrU8MyQC9MbZixvrQmQ2tHaKPmX3eTDyvwcDMUtfOYXnkTE50JDyCuUbAFfaaxsJ1XVv8yp5PRT4ZGS8IRODConY1VJzyZLxxJxLK2sCE+MPUmLmXShiki/mwiHmKlaRM5/FRWGYYoGcV2iVsFuvoTJ1W383QuvIRJuhY/b9zIZeHwBxHe24LUZkdqYwZWjdvzWx4+ilBiWwoPrGPnesv7HAsklWdW+bWTviARVBTKrUFnL62q9YX5Hmuy8x9LaetvH/UOD2zceber3nfqejJLEw9peSF0N0KrzRNly/r+umKk1HjzZqhzCZZtKYw9HvB6tkGHCADMb6oWiPNwC5Z9sRNg5B0TjdcDk7sbCdgBf//Yo8q6juDGyJO/l9blg43tX6E0cyCZ3kNpawa9+6qPobI4g5HbK+1Kfg2tuKDvA667nYapqrv05X6iF1bIAw+StcZ/U5uYmcoUCHHaPeFerpQqLlY12irPws7NQsMg1FAt5kWlgsz1ZLCGR0zA4PodXbwwh0t4Ds8UOixViyC67F0N3BhEKOJBYmcG/+hduPHahGZXMNgxaQal9W4FcNStQi7Ih1QeVKlwo3bW2FCdbeA+laKA3oBcn+46V67vXJ74zd3u7a2PA8c/ukz0Dk19w6ioHqFeZ9QWk6nTJmkKZUlL5DnMi8Xgc7tBV75Cmo9y7JGPiHSUvq+pw1IdTKL9JNN5ghsHih9kWxd++OIO/+t4uek5dQdrkwfWhUdn+6/d5caynHy3NUTGIkM+Np775F/jI44/hysBRUeyhLIKSqyUmpsm8QF1jVkJ7bWEE1bh53el0as+7sWBgUeDyeESFSBkaYLNTrbvW9NatMMpWlQoYZvnwyeagN9stVPD867cwNreOhx/7sCy0mJ0cRWdHGyqaAU0tLXjz1h1o6Rn4KyX8yRcfgSkzDzvSak60kIJuN8BoZvpAQzPKEIt4YlHZrml0GDQl4ifRgyIxDKd1r6dwuHfTwWuh9x1hdN94tJEvUcO2RsarZwkGUVmtGdq7cRy11lQ1wHkSKUisFjWom8PcTIVfCaiSqzJ/4koa3epH2dmKjYwH3/juKL734hbOXLyI5e00DE4blteoxw/8zE8/icXJGWSzGVknPTM9ismRQXzkQ+/HA6ePIeC0wm61iEfiviZlWOqACDND6E3Ko2laWaQQCPAybCVTCfkZ5mxWG/n9BhFP5ggm5bDUvgIDqhVVJcryCo35XhGZUkl6nEvbu3j6hWuIZzl5boPV7kJXW6u0rjw+u8A1zR19ePap/wl7No5f/MgRvO98AKb8HMxaAg5R+uYBNoj0A42FnDU+h3qoVPSpinxfUrLaFrwK87xa7qZS6FrO9h5qnPsqR7v3ZbU5pR7nVbhkMaA8HA1HKiQpd96NrUm4Ij5U94jMvthyIeLNG2A0oMC5TYsPNmsEY/NJfPuVOSwngIlFwOpshcXmkllKdgYWFxfR13MUXodb1H1K+TwGzp7E957+FtaX5vDghdN44kOPwElSIciodaqJ89pNFo9b49O9DaLrgp8RvqAXyxeyyiPXWBWixSE52tt9UPEqNSYrf69YJh5XRiyTQaFqwa2Rabx8/S5MDo8sri0USnA73ejv70O+kBT6UbFCoWYLpoduwmOK49IJF37uJ8/DnJuHk4IwxPr4c/S8rPgZQ6WCVPkY05L6c1FsD+p21JOxt2lPZIi8M1TWs7V6KN03xcDQH1hJ2N/DcqhuQ1CRhsZigIO2woDlFDdY+ajpHZGLN5hQp9VZWBiIvhx5+xzQJZ/MiJLRi4KtA3/6rRl8+8U4TH6gwJSq4oHZ4kRjcxgmE3c6JaGVdXjcYTQGG9EUaUAymZACZX1jGWvLyzjU2YTPPPGjcFsq0kjnF2Xg6WOZ+PPmyq6BmlS77Ns0GRUlqESlocKejDurSPGCRrPMDKhNKXwlVc2pw6UKirzw0MqIZ3OIZTS89MYgRqdXEWppx24mLa/vMLvgsDpw9eJlTM1OINzcgLWNVQnX2UwC8Y0VnD5kxyf++VH0hLJwFdZhrmRR4pFk1VmbiOJ9Z8qhuGskSlLsplYUSMtKGeJe/l8jVNYNbN8WA8P/xa7gDfFMit/OgYq6oRlZRjPJN6q2iZpWpC9TyyNIsWFKYBHUm+GUTAeyZW3QjF6UbY346jeu4zvXKjD4wjIt1NregWxcbTJpa29AajcuD9hh96KqWXDgwAEYqmX09x/E7bt3cGLgGK6/+hpSmyv49JMfxoEW6qQpNF/NTBnEiCREW617cwGqma4Mjd5DwmBtQIWGJ4bEfQOkEdETSpFDuhKNTu1dYLjNcuNemWFTw/xqDH9/fQgrm2l09R3C0sq8qqYrRmiFCo4fPQGPxwXdWMZGbFNo4WaLDYvzS2gKGhGyrOPhMz48dq4TXj2JajlG3q7QiZiC8JDS0OrJf0k0O2oQkoy31GAOCbO1g/Eeyud1g9s3OdrYFxyqgKb0U22QlzmYeDPmL3oVGqELCyeUNLlpWqkKQ9kMq5nSTAUp1cm3d1it0IqAzd2KnVIEL721iZWMG7qjC888fwfpoo6OznbY7A5USkYkdmNwOnTkkkmcGjiPu/dGEW3tQCDgQyGzi53YBqbnptHe0YqmSARLkyP48ffdhyvnBqSCJOOVey/ZMqozMggZyKCKw6F2DdSAaGJ2dTq35G5E+4XFURQdDpWn2UVzg8k3YRIaowC/uobdQh7xXAmDIzO4PjiKYsWOg/1HMDzyluR2LCho7NFoMxpCEbS0tGNkZASeoEOteUwWYTHoCHkBuzGNSm4bj55rxE9cjaCSnZdKktBKWVMhlVW1Ri2RGp4myzmEfayJxkcdO1Oa4errvZrs+yZ0Tn7BLVUnJ5DqX2wLSXJKA+T8odmIfLkIk42LuapwWFwwa0Zo+SKsNgOK3ENp5rJWK2zODrx6aw3ffGUXJacH3ccfxY23pnG49xhWV0nfKchKxPnFVYQaAlJRHuzqwvTkLBK7GZEBPXvuNN66cwNWiwEbW+tyyh+8chWzY3fREfTipz78QRF4oUgevW8xl1XezGaTm01PKd5O9npCEn9ZVFYp77Wr+LD4s7Ljk8WEid0DG8y17XjMDxg2k+ldCV2JfA5rsSTevDeNoZFZHDt1CW5vAGPjw1jfXIPDxemrPAJBH8wGGyLBNtlanCnEsL65gXyuKuJ/0WiDLOWAXoCWnMMHTwL/8okHsbU2DbOhACAnuxRIK7dxbJCRo0JyJ4sHAS6l2KIgIf1cDTbc/4Y2/sU6jqYgDsHIFKQqWqss99P5IiwOO0rFKuwmBwzlCmxUy6FxkfJiMqBM/pW1C89cBxZiHmg2F+Y2dtDS0Y/JqSW4bR5sbm4JcGpz2AQhb29pRzqehsPuEs9ltduQKealuCAYu762inIxi3MnTyIaCeHerTcRMJvw4//sA+jqaBI0n0k8w4RgeuSNaZpUmWyQ8/8ZPq02PjCVc9UZvfyZes7Ghjw33YlMAsf/uHxCU1VqkVVrpYz1+C6ml9dwc2gKBpsHMLhw+vxFzC7MY3V9DVtb6+IlfT4XXA4vvJYgVlZWUTIW4PZ64LC5cfDgQbS0RrC6voKFhQXo5V1sL8zgsQs+fPRHBhA0caprDWZjQRVSJbW7SnJJgYnUMDK7NiZw0RrzZbUT6728GX934HP7BEcTeEPKm1pPUv7EqlG1RjS9ArvDiVy+BIvJLmwEvVyCpUqGqglwBpCHHUZ3CLenivjWyzlEui5hdXsFJhvlCdQGtmK2gFJRQyZD76Ph3PkB2aWZ2S3C5w1gM7GO+ZUFmQoKBhuEir0wPyd9h+OHDyHk92FpZgqVbAZnj/fjofvOosHvlvaQhWLGGmEI1UjnTWeyT7xM6NsOhxQJ1ar6GRky4SZhhljfVFdQAAAgAElEQVS7XdIB7udkxqPCq5pekkS+VEAyV8TGbhL3ZhYwNrOEcLQL5bIRJ8+ex92RYSwsLUroXVtfxpGjfcjsZmDX1RLa5e0lCYlOixNWiwknT5/EFve2hxvhctuha2ncfPlbCBqK+PCDUTx4tgN6YQ2aloTNykCpOirS2lOafVKdiqHJc2PV+v+BoQ39gVlXSL/qHdYCZg2yUOk2Zx/J0SKYytBHz1Nl38reiLjWiKHpHL754jBK5ia0dJ5CsWqB2WFCY2MYczOLopOxurYsCoyce6TcVEdHE7a3t1EqAe6AF0MTtxHfjSPgb0DQH0YxV8bG2pqEh6bGMPp6DiLo9WB06Db8DhPuP3cCx/oPiP4GeWTvJDNKE7z2WWhsbI4LPibb6VRbig+LHQv+vpG5HEMrO6+cXKq1tLjFjiBtvlLFzOomXrx2E/kquW5AR1evhOTh4XtobIpiI5ZAY3Mj4skdVAoluIwuYaYsbi6q1Y9FDV6XG90HD4vsgsVqlt2k1Qqr4RyGR8dQSO2gpxH4lY9dQlcwCeSXYKR3q2rS2hNNEubNAo8rLK4usbCX9/yDfO3kr+8TPtrQfzXpFCc2Vq3ycFTjnBWmGla1GuzQCkXYTAQ2K6iYzMjDgbIxhLGlEl65uYmcsRXxQgAOXxTdPT2IJWLYTSWxtLSExbl56R64fV5ZmMrkNhzw4+ixQ/D5fHB7/PjmU99GqhBDRa+gubEVVrMDqUQa6WQKhw73Ym1tDT63R45zfGcVnU0h9EbDuHr+JDpaWyR8inALhV5qVae0umr0ILWhuLZC0aCMiYdKwqpZ7e2koRGT4t/JPAENjAvKzBasbMZwd2oeg6NTsHlDsFhd8PrDUs2aLQZMz8wIUdvmcOB9jz2KwTdvYWlmHi0tzZhcmIaul2HTdTRHohg4cQHZXB67yQTKlQJamiNY3txGIi16kuiJ2mBIj+NH72tDe5jDxzswVblxrwCyRFmcCTBNc+O0ohje93/VQ+m+MbS7XzbqpFNTDVuE8EyKZqwxi9atMGsOgS5M1TSqJh0ZswtFezfeGDHj9XsxaHAhWzRhcXEbuYKG9s4OGTQxmW1S9a2uLksY4kZNhrnE7hYeefRhbG5uI5lMARWTJPw2jwUlrYjD3YexsrSC0wMDeOHF5xBpiiASiQjLgpjb+NggWhoC6I2EcPpQL472daMhFNjLz6QAqM1xvlOG6l2FALlrZqOEZza7JZxys12lJMbDEMtrJmlyN13E0vo2bo1OYnxuBZ5gBGtbCXziY5/ATiKBkZFhxBI7svUuFAzD628UGdO2aINsWRlfnMfC0gIs1Sr6ug/g+PEBGYIx29VEfSQcks0u66trKiUxVBEN2NHb5oYhv4BzR3wIu1LwWpLQtbgwUggnUUpV576Dd237/P7qc98Y2ugXlfCAoWpVVaa5KEJy0kwiyl+klqtd8LOy1YeUKYRbMyWMrYdQsbQimc7i1q07krvxpLW2t0jOQPCV7aGxsRFZPIGyqvqoFRqKhGCzu4SvzxXR8fgOStSR9fkQ9gXxwNX7MD4+hmeefUq8xMPvewS6wYKZuWno1Tx2t1Zxpq8fbaEArp47gaZwSMIYcSjBxGo5AD00jag+H1DnpqnkWlFrCA+QJMmtLZyAkqEWiiFXuPvAgK1EEjOLG3jjrRGs7NALGdF5sA87W3GpclnYNDdHMTI6hObmVmgFM3p7+5FN74jklcHlQjAYxMrcPGYnJ2QGQlZ4uz2SCYfCESwuzOLC6eOYm5yGw+ERQ7UYK/DZi3CWVzDQ68LRbgoPJoHKDkykXXGaqlKjcskgvMoV6owPvjaf68nfyP1QA+bv9JU/1AtN/r6FqnFqLMxIdhjF62zQywpLsxg0FOFEydKFtXwDvnttBYNzScSyQDJdgN1sr81kGvcUfUQ2Srbt6pibmxNKNME6WUkNHYcPH0Yqm4HVYsPqkkLP84UMfuzHfgzVShm7sTieevopCW00gLPnLwoWdezYMcxMjXHHBJI72zjRdxBHDrThSG8XggEvrGRekIuvacL3kjaTdCsMyOcIG3BdI5cRl+BxuQWsrTfi6SZUocBKkz0Q7vIsYTOexmu3BnF9cBiBSDNiuzk8+PCjmJlZkAo2l8tgfWNNjI3GbjFa0draisXFBVl41tLaKkMyK8vLmJ+fV/RxoUsBbq8XDpcPExNjsJiqsJlNiEZb0dXeCavVgoDHifWFWVj0JPyWXfR3VXHhpAlachYu3SJLaFm4mKwW0Qjh9XCkkMWXViFF3Y4Tvx77oezjn8zQxn/PyqtTQsE19UFB+DWzIPUlCg8bQnjm+g6uj+URKzbC6GnE/PKCAIssJITzVeWeJtJkHLA67EglduEN+DEzOQ2DySSYELePeFwuNLe2ynIvsicWFpbA2c6+nh4EQ35kkru4ceMG7C6nPHRq9RP45sP70cc/hJX5eWk2L84vwGGsorc1itNH+9HV1Sa4mt1GVLMsBktDI3GRhsZEmmRIPmRCLEIpKisKEXM5zoQ6HC4BavPcIZArIK8bMDw5gz/7m/8FC/cVWJ0wUP0bZjQ2Nu0VTtMzU/JeHDg+c+aMDDIzbfB4PPJ+d+/elT/zoMViMaETycwCF9naHRgdHSUMCXPN01JNPF/Q0NrajkhDGAGXBe2NduTj99AdjeHqySjM+QQsWlY8XyGfhtVulaJBK5dgszpRKBtRqRpw7t+l94ehjXzJqTM3MphV/7BSJKHQwVYB8tUA4voB/OevvoKU5oDZ1Y5CyY5iUUeunBdVHiadnV3daOeaZ4sF6VRKNtKHgkH09vVhZnoam1tb8l+OxpF2EwgGpVVEClAiEUNHW4tIfn72134Vn//3v4Pt7U2hN0tCazSppN1qRX9/PzKJBHxeN8KhBuSTMRm/a4k04PixQwiHfPB6nLCbDcLWYMeAD5fIP8Mc11rzNQllKO9K4T2uHK7CYLYgmyugpOnIaVUUKsDq9g7+21f/GJrRDJvTg0KpAofTK1tZyA6JRqNoaopK0UNDY1eChvXkk08qz0i2SDKJlZUVqXDJg+NCWoZPkTzVq/D4/ZifW1TpCfV1DYqzViqZ0NzajHKJvdQMzOUy2sN++K0VHGgy4oFLEdiwBFtlE5Yq94/qMn/KfFro6laXeOYzv5HfH4b21hccOlsopWqtycyKsmSF0RHBWsqH3/nyG4CvESZXI/J5Aw60HRAvwHCQzedFkYcehzfxAx/4gIQHhk5CF8y57ty5Iye4LoLH7/EBNTc3Szgk6Hvnzm10dbZjc3Md4yPD8hBoxDz1RMSVKpATDcEQjvT3IZvJwO/1YHJsGKVUApfPn0JXZwcOtLcgSNKk1QQ7HxbFYMqKeUsIQypS9mdFpl1RwAl6MK6nclQSog6HJp5ranEZX/nanyCRLaCxuUXW/ly8chXf+MY3ZE9oPfcLR6JixASAGRY5ccXPxofd1NSE9vZ2pQZeKmFmZkYOF42dHpr3zevz4+7dYVhNTpXkm8uq6q1YEW1qQgVJEYyp0gEYbYivxuC25RH0xfHkT57BwagOW3ULejEOi06KuBGlQglG0rJ0Hed+u65f9B6l6f/jt34oix38ok836Fxqz41y3LjbgngpiG+9soo3JzOItB1HtOOQYmpUK+IlBu/cQdDjk9NKULexsVEeYkdHh5xu3lRZRa3rcsoZNlhZ8bSfPXtWNsTxi8Y0v7AgRuT3+TA4eBulfE5ei7x9Vpu+QFAVKVpF1ILWlpdwcmAAse0tmI0GNIT9eOn5Z/GJj/8M+g50wu92wOdwAFoZLptNeQlN5WJ8sHwAJjJ9+f4lyjDUdg5Uq0jmKeJiw3efeQHfeebvkC9V0dbehXC0SRL6559/XuFxAp3QIxolqfcHQtL24gGhoXV2dspnVereRvk7hlN6sqtXr8rn4/eWlpZhsTkwODgk96tcZtuJ6xmNqJS59IxdjapsQSaE47Q5sb6yI5+N7apqeQfNAeBTT15CZ3Ad9uq23FOmMTbm3aUyzvz2PpGtuvd7AdXZoAKOI4zh2RK+/PVFlDwu9Bx/GPkSkXUXOGBSKGTR3duNibExeOxuLC8uyc3gQ+BpbmlpEePjAxTJKJtNwgZDCIFTbilpb+8UIHdlZU3aO/w9SkfNzU7vganMNQiWslfI9g1//0BnlxheNpWWcEejvnHjDbhcTpw4fhTf/Ju/wic//jH8yKOPoJzLQC8UYLeonU8yX+Cw78l1kn9GCIb4GaXS0vkCHN4AZpaW8dU//XNMLSyJZ+voPogL56/g+vXr2N7aUvhbVU1FccseD5DF7hKlyToQTEPk93lP1LifIlnS0/PgdXd3izEynzt16jQ6DxzEyMiYTMhvbq1hc20Vu7sp2KxeNDY1YX1zQdYck4DAZv3UzCwsZjscVi9QyQOlHbiRwpd+8yzslUUYqjnYLUAhnYXb4cTAr2d/KEf0T1YMzP5eg57XgazBgrWcB3/29CJW0z74GlqRyXODiA8+b0gqukpVrbJh2MylSyIXxRBEWgxvdE9Pj3gr3lB6H95sejgCrjzdrW3N0rMzW4xYW92A3WFFKpUUeINfovCjabDZLXA5PUIX6u3tFU9BPY2uzk688MIL8Lqc4imZYx09elyKgxuvv4r45hquXDiHf/u5z8JqqkLLZ2AmQ6NUFNo3Ob/8HbaE+KWT/m10YTOewh//+V/i71+/hiolEEwWOL0+NISbENuOC3jLnNDrc4uCI70T8UF6HsprcflsHSCVvqvBsHf4+JloVBMTE2J03H5Mw1Psk6LseF+YX5JCjPeBE/gNDUFYLHaEAgE4nBY4bdzs4sd2bAeZfAp2pwtDg+PY3FiD066hmt7Ehy558NMfPA5Tbhqmyq5cF3PA8/sF3hj/T169ZPYiY2vDf/+bG9jGIWymLGgMh9DR1gmjwYatzR1x9R2dbeg80CmQhVY2COjKZfY0Kt7o06dPi0djvsI/M1zWjW55eRHLy8u4fPkyLl68KNXXxsYann/27+ByOeThsdKUhWPVMrjHk7gYCwB6Q3oJGhe9wdUrV3D//ffja1/7mvw987pwMICRe0OyrS7oc+PnPvoELl88D7/HBQdz0GKNfiOJdkEm12fnl/G9517GCy+9Ltq5BpsNmUIJ3mAIPb39sNkcmJqYhlYsI9LQII1wQiOsttmEp8Fw5iAcbhQjohfnZ+Y1trW1iUenoTFPu3nzpoTdS5cuidHR0Pj30WiTHEaCw/yMDqcVAa9PJu7bW9uwvbkuZbfdxsW2ZazvrMp671xek6q2lEthdXYIDc48fvbx4zjdUYKtuglNFmrsI0Mb+qJLL1o68Y2Xk5iLB5DI2WCyB2AkzTiXR9+BHiQSSZnUpmci/UnlW2bxNLzpZBnQEzH/YhFAoxROvtWKubnZGg9fzVfSGPk6U1NT8nCorM2fYzXGqtXCpRRGoFKuwGwxCeOBoZinn7kcHyLnIj/4wQ/imWeeQTDolxtOndnV1VWhzyh3VZHrIAsk1BBEe0ubPFy+59TkDOKxWI3wyASc8lcKO+vu78VOLCHpAkMkqT1+jxcBn18MTfY7cdkFPzNJk1VVfaqeqkXeg16Y01YMlzQ0GhSLAB4U2edeY/OyaGCFv7y6IlohG5vrEh24iruQKaK1uQ1bG2vSj00lc2iMhjE6flcqcgLZXNxBrTiu5EY5jaXxV/G7n7kEn2kVpnKCyx5x9rf2Sa/z2h+d0F+4Po+FZB9yhnaMTE9jY3NLKqtiviBtE1aHXr8P+WIZoXADxsdH38FTV8AoAdGTp04htrOjxsh0XQxngbiXUVdwg4MrDRsRbW7CKy+9LLw0WhU94uraei0hLquHCUoPFOVUl8oMfYpY2BiJimek0fHhnjxxHIuL82hr68Dw8F3pTzJ/ElurDa0QG6Nx8uFnszmhJZHgWCrkRJyFIC/VhMLRRsk5WUHTYCwmM5LxhEi+02hlw121Ih6F2CMnrAjXdPAaSyXx5PRK/H96Wn4u5pn8HKw4p6en8cQTT8hsBK+NRt8cbUKukMfubhIpkZzPIp8vIOBrwOULFzF8d0j2WWXTefT09WB6ZgSR5ghS6ZwcapfDiUbmsn4nEqvDKGyN4bc+dRme6jKMWhxnfzOzP3K0//DLj+gLS7uYnS9hYm4DFReEe0bxYi5WPdjdKWCm1+PD1s62JOcLy4vCiBBmq6ajyo27moaOri4U83kBZq1mswCys9PTMPDBE0og2u31YScRRyTUgM2dbfFGfBizc/NKpp3VUq2xTbYIcyORa69NyPsDQXlo7F4QX+9qa0elVJKhX7fbhRs3b8LlVVuGTRaVjAt7w2CUa7OYbdL6orgecUMajrnGWQs1NIgBLK8sihH5vW45DKFAA+4ODSsqkcmspuxF0l2HmypENvveNdcNTrFto+jr6xOjD4fD4uGYa/KQMI8Lh0OYn5tDJpuFXjXDZLUJpNEQCSMe28TBg91CY6LCuMPiRUtrM2bnRpAv5XH9+i1ZoNF1oF2AWhcPj0lDKbsOJIfxS48fgNccx6Xf3N4fhvaTH3pMX1vdxNLiFmxkiZo0IR/adbt0y1qaGxWKXijJjXZ4XRifmBAxFBntN1D+SQGjvKkMi7Lwq1oVHImoOL8YNqmaWKCslNmIttZ2xOI7exPk8wuLtdU5HChhHqWgB7/Xh7KmQifxOBo1pahS6SyamxqFhJnYiaGnv09yoTduXFf4HnM6Ur1t1FJTO6G4BkjRg2zQuBK7WoXbHxCmydGjhwWmYTh2OuxoCPhlWForV8VgJiamBHLhnAQNjdw65kC9Bw4in82It+Vn5vvUQyy9MHM13hd6uGeffVaqcBoar49GvLKyJO06A4sQXYnTsLnPOdrDh/slt+SsaC7LareIrZ1lMGC0tx+Q6w343ZicnMThQwPYXFuH2aSjyZNF1DiMRy/34P5fvbM/DG2g94ROPtjk/LScKIOBnHklJ5XLpnDq2GFsb2/BZLMJd97ld8vJ5BC1jSe5pCjRNLSBgQExNIYohhEahjyg2iCJjMCYiSGl0dPTJ31Ck9GgigcYFFHRzFaKmmlkPtYUbRRQlZ5PeGYWK6amp8VbFnJ5uJ0uyScz6ax4RlahTz/9txK2HE4uEtMkRPKhqwVk3OlplgTf7fWjoGtwulxoikZx/fo1yYcO9/fJNXBPJ1f/cMU1GRc0EI68yUEokiNWwdmTp7ET25Zwy9dn2KfHlYNVE/tj9UxjY15Kj8awLBIN/iDGxyclh1OETdaeJfGyfl+DvJ434BK6VsAfwdjYGArFLCpVUp7UeJ7X6UBn50FcvvIQZqamsLO2Cq8tj1JmCh98/2X8wue/uz8M7dThs7rD68TM8rxs90bJLBWfx02N2DJaGiPYJB+sIQTdZEBjUwQ3b94WbQsWBExeCUTy5tOweJr5kPln3kB6NFZvNBIaAn+GX0yY11dXUNUoVWCDzenCW0N3EYsl0NrWhp6DB9Da0ozEzraiZ2ezSt7dasWbt+9gfWNDdSU0NSvAB1zkDIPVLp5tamJMDJzDv3x9ehzVb1Ryo4RPuJ3YH1KqkqMjI1I4sO/KAkQBrpRwr2BlbUU01ETB0ayMiUbOzzhw4rikFvV2E9+j3nKqU5b4e+yI0MOzKBBxaKMRHe2dQniUQ8CQzH5zNS+v1ddzXBgkOfYxbdwC45LwTYiF+6WYVggTulIVidXunqNyXecGDmN5cQKF3BYMRg1PvTS6Pwzt3MmzOvGg9Y1NdHb1wOP2S2PW6TTCZbfh8sWrUs2xPcIktqevF1tb28IQYDJK/QtSs3lz2FDm90SY2GRCV1eXTAK53R458cTf6jDAgw8+iMnJCTgdNqTSaXR1dWN6dg6BUAOGhoawsbaKfCGHpkgYDz/0gDA6yPhQ00I2VHWDXA8Rc3rU6elZ2V9OT3PhwgUM3rkl4ddsNok4C42RuJLFaoPb48Pa5hZOnDiBZGIbayurUvgwtN535aq8XjqbkVzTaLYgV8qLh2JlnE2nxbjJymmMRuTzMLSyUKCXGh8fr70vGbGqOyDaI4UCjh49Kq/B/IyvxyW13OdOQy/mOeHJop57RTWcPnVJYA+zXZehl6Zoq3g/qsXzszB/li9TRd43GulAPLGDqp7H1atnEdtcRSy+iVeuDe0PQ3vw8lX9ypX7sLi0io2tOGZmZ+Xhd7U3yg1pa+2SVgkT7oZwED0H+/DSq69K0h6Lb8Nhsyk2gk15EuJovOn8Hj0D8xKi8AyD9AbsHtBD9R3swdjYqAzv+oI+kScYm5zC3Oy88nw+H3p7e5DcjaOjow3TE5OSo9BjMYm/dXtQ2CI0Xl4nWSOcGK9qVZw6dQpb6xtYW1uVvIqGQwPldfT09sFitaNc1QV0NVY1tLa0oCEQlLDZUsO1CO2ywg6EG/DW3SExKCb0u/GE/NvTfQCPPfaYfD6mCwz/NKyp2Rl58GpouSTf4+fl6zIwEq1nK4+eb3l1iVOaYox+j18MmNdPjl53tyoiEqltOFyEgGyYmpqRilm2/xnJhqGEfUkOdDKehdvjFO3ccrkgB7CjvRXf/NZ39oeh/exPPKETCEwk0wiEggKkbq5voMx1NZqG/qNHEN9JiBI2WzaeoB9vDY/IHADDB39OcqxKVcIh8wYaG/M0Gsy9kWH4gwF5UHTxxJL4d50dHYLWM19jWGJSPjU7h8N9hyT8pnaTsuuJp5fjd9T55250Tie1d3QISl4oa5I8M3QxNBGGWV/dEE8lPddyQT5P3aMcO34c8WQKjz/+OP74a3+CtvZW5PNZMRSSDVuam9HV3iGV7tLKsrS8ZhYWVe/VbJakm9fDxH5uZlYwQYLBNGSvPyiN8hs335TPt7a2vue5mPRfPH9e8DIaUzafk9xxem5eOGtjE5NSnfOL+THvJ4FdwjgEswku02DX1zZrUvYKwxSlS62EQ4cOIRHblSqbgzeNjREhM7BNd294cH8Y2i999JP64tKSbAshzsWbytMYCYQEjnAHOKdoRCVfVDmS14W5+XnBj9iakQa6zS4ehSEkI7wujq6ZJCS8NXQPTo9bkmAaFDn6fDA0wtjWFpqiDWLAh4+fwM07g1icWxADZrXGa7E7FVmRNOdiPgcPk3yHA6+9cQ3b8YQstWChwDyM70G60t7kObDXY2R7jJ/rxMAAXnvtNckb19ZW0NbZIdVdLpOR8MkZh6A/INfX0dWJG7duiyHzwdJjMzGvy1/Ra1PKgUUMB2/oMZ1ulxym1VXl5cgu5sF74IH7JV/lPaTRnLtwFk8/+5zIbQQbQmhtbtkbeqbBqsORl/fm/ZqYmJQqk5+Rh4iVN42WuR0Nn+/F6/D4vPLzzBN5ONbWF/eHoT354x/TGSJevfa6GBpDET9k2B9EoCEEh9uFQj4PZ23VTXN3G55/8UXBpLLpjIQ8CV3ME6JRaKUiwqGQIN00tKF7dyVHIkzAn6sXBKUCGSNAyMNJ7hgC4QjeePOmVGL5bBbJxK70Cwlg8oaRRkRWQilXEPB4I7aNhnBYAN+l1RVpnPO1iU2xc0FvzHBNY2W1x3DKsE2mBB825UT7+3vlwbHZ39/Tj4sXLiCTVJJWNA4m74sryzK4srGxpXK0rLqeI4cOiwdlk5+fm+GPY3SxRFzA3GAgJIbRHI2Kxzxz6tRejiqplYXzFKtC62b7Lb2rUg4a4f33XxUyJD0WjZuN+Bs3bso10TsyhDe3tcrPzk5Ny2fcjsfk/tLg+N/tLZULrm8t7w9D+8AjH9Y7uzuF9Od0OxSropCTRV7ZfAaHjh2XsOU2OwTf8YQCuDs2Ih6PN5wfkDeZ2+WYuNPjkFLMZWDBhgCuvX5dbgofOk8hT76RuV9bG5rCDXBbLVJQ2Fxu7PJGur3yQCtlJTcVbGgQmOKh+x/AxPgobEazJOrsi3736e9hezsmoYo5ooSX9XV4vW4JcUy468UJaeAMJbOz83LdoxPjUgG2t7dKG62xoVG8czCgwrxWLGGGSpM1WCSVysiDO3LkiBgY2SQ0oDZy1aoV+f7k9JS0plgYLS0uy8/ZrVYxFo7e8fPQWOj1eBB4IHit9MBMJWiw/B3CRNPTk+KpWUTxkAwxMjid0l1gOrDFroDLJcMu/Gz8ueEx1bEhDEJtN37OpdW5/WFon/74L+vjU2O4OzwqrSK2npg/qHnBKhoao7Kr0mtxqpkCI3B3dARWDu5yKJdUG6rJcZ+4EVIAULiOQim+AImPg9IwljAoAyQGFLLq1J0+dQpaLit4FKk69AiJmGr58GEx/LLEz+dzuHrxEhKxuHg1toA4W8qigMAvcSt6IbvDJg+H1d3ywqJUgLxGwfFMRvEwszNzYmDEtZijUc6AYbWnuxczk4qSzdB3/Ogx3HlrUIxjfWtTPBR7k0LG1DQ8eP/9uHfvHhaI7Gcykt++8eYN+VyJ3V00R5vFcDgTx1DL0Mxr4wwoD9lbb70lBRMPBiPDTmxLDJ0Hhpw1GhM/V32EkF5ZZhLsqvg6fOioSnEiEbz00kvy2mfPn5Mo8od/+IdSYUvo3NgnHu2+8/frZCKMjI0J4s0bzbU5pFYXSiW5MWzf+OxOVXm1twj6TtEHkYUivsTKiQTDagXnz5yV08UHK4THuTm5gVSBFCpNTfeLmOypgRMoUb6gWkapqgucsDC3qG6oySxtHpb2Qpg8dUr6jplUWow23BzF69euSc7Ha64bCHEHhhYSAurzAHz/ptYWMTAO7/KLr0FP3BBpwPzCLFqaWmvDJSa5foYohk1eMwHdKsN2qSSVKX+XbA6GVqfTIYUIP+/yyspelbmztSOHJej349FHH8Xg7dtikMl0Sgzw3uiI3J9MMi3XHolQvovb+Mzyfb4Hf67egOc10fiYzzJvS6XS4q0fuO8+MTweNLJqDvb2iNE999xzAgdtbK3uD492+cxlneyLDaL/NVaBaFgUuY6minAkAq/HA5fJqtx+0CdhhwUCVyqqxqYAAAmwSURBVBPWpS3paWiIJ44dRyarmAziupeXJR+iJ6tXSopACJw/fx678Ti2Y1uSo+VKJayvrCuUvEqFbHo0RYM+f/YslpeWRIONBtjd14vXrr2+t61OlIOMRhk6ppHQu/H9mAdJgVNScgn0hHxdeip6mkwmLVNZxRqgy4WyDLusfPlwGeZYlfO1+DvlYknwQnpXehR6OP4dcypKxIuXhy5kABoAoRB2BujZeB3MD/l+Q/fuiaHYHGoIhzkpvezJkyckkadnovEwZ6b345/5WSiUQ35bc2uL7EK4dO4sBm/dwsLykqQGjCh/9dffwEMPPSS56Ws3Xt0fhnbxzGU9FA4LSMowJW0WhsKqLn8mNEEP1+QPSS5ictgwzNAp6jwV2KnMSB0L4blXcPTw4T0GA5NbFgJsnnPbXF3rn16ikC3g4qXzSCYSyBdzMFLKStexMLugPKUI1HJsTC0Pu3Lhggy42C02ucZQYwSvv3FNvG293cMHxolNUd+m5IDDIdwvvq/T4ZIHSmOoA6Y0HKL/DFXjY2OS88hWvEAAb775phAIeA/483VMjDAO6VBbG5uSxLNC5D26deuWOlwUw2WDpVCU3yG7gobG4okeVHTcdF0IouwdUxKe108joVF53E450LwH9JSEUPja4oGpS+IPCReO1760OI+Ay4UDHR3isZnzEYJhTjgzNyvXMzi8T3qdZ05f1knr4U1jBVTvCdZ59hyZY/Vn0VSPD1YzhkaHZVcSMS0my7IGMZ8XKtB9l69Ikiz9T4qqVCuq0V5bX8jJcMWOBa5cvoi1lUXJBdPFkiT+o/dG5SZzokdpnnIsroy+7m5BzpPxXTndDdEmvHH9Osy1pVAyA8rlE0USE03oP9Qnn2VwcFBBBXkqeNuFO0eDotHJZFSxgOPHj8tABz0YjYEA6ODQXYXq1yhLNHgJxWVNPBoNiYk7vRrzMxo0KfG8F0LrLhBctgpsQdiB1adajGEWb8l7QIOhoZHSLl7eYMC506ckb+P/13Ow27dvKwpVtSLtQYLQDNunB04gGgqKRgk9KnNQVuQ0OF4b//z8y8/tD4927sz9utfvweQMmaEpqR6JwFO7luIjnDvs7emGraqYqTa/D2MTo9Dy5PtbQYVgaY6zeVLVcPb0OaEkC99Kr0olyQeoG03ygKtlpW3BB/3gA/dhbYmc+CriqTQOHTmC1197Q3kGCePKq/Ln21paxNCKmTwcLqcAvHfv3ROFHrHH2nwmcxy+d0/vQQlNrGCF+eEPSm7DHIcGxy9l8DounD+P2E58b5CG4e3u8IiEYM4z0GBp8LwONvG7OjqlKuZXOpuV3HZuQQ0H80tUimz2moE1qc4EJbRqFO6pmWlFGrWYBfYhXsmckq/PipNLzmhsgrnBIOCxUKh0lfcyFWGqMnDiBHKpJKKRiIDUxP2+8pWvyDXQEFl9Ts5N7A9DO3Pykt7V1QGL3SFJMbn8pKaQtcCqz+HxypJUY5HLtopwkpExPYG1pVUxNGrAcn9AKpGSh36o77BUrfWQUyyXJExwPzlPeD3XYX53/tw5rMzNyuDwbiYrXKzXX78mHpQegSeev18qKQIk2biZREqSfXL6b925LRx7GRSuTRyRiiRs31On5UHTmyrWh1mJJnP+UbRtVQHBFY78WR4GekSSDul1+HClZ1tbSMbeJsNec1NUPgdFZzjbyXWNXLe9ub2xFw2EC0dZCBrO8RPiweq0IF77tetvCINXFsbWUhCGZH6xYmbeyNegx+Vo4dr6uvwd2TIyWcbIA4PkuIuzKkTWMTcxdpNRQj8r0lt3buwPQzvWe0x/9LH3Y35pUcpyJv7iUQxGuLweeLxe6QVqacUezVRKiMXj8Hm9UgWRtMcT7fN4sba6is62dsWSqJbFk3i8fgkrDC8MzwwBzEcIY3CfwPTIiBgWtfq7eg4KHML2k+iUoQp/ICDVGgdTyDsrpHOiTERe/3MvPC8jd/VCgHQheik+YFa/dQIlWznsM9JQHNwYXFsUm+b+cxj25hLoFbXaaN7axoYk9RLGifUVS6hoZcl/6E1YfdIQvMEg3rjxphwu5lz1L1bhNPDzZ89Jcs8v/rm3vw/Xrl2rKUxalARVtSI5l1SxIidByKgsEYBdAAX1UIQH0nJTLJQyTp08KYeJvEDeL94XpgoEeInr0cBfu/by/jC0X/nkp3XiNX2HD2FkdFS8Dyswj9NVY6CWBZysZpW4cNWmTvvqsmpxsEHNWULSa5iPXDx3XkIW/2VXgWGO/DWGGAkrFHYRbQwjPvKRj2B9aQnx3YTIQ5FKTUCV3oI3jskx5RV8Pg8eefAhTE5MwO/2C9Rw5MQA7gy9JV53fmFub2c6HxZDP2+2hGz2Ib2Kis0W0Pz8onge0oP4MNjkJolTrdmuSn9xc3sLqUxWCgc+LD74jfU1MdSTx0+I3EIunUFjpAlOnxcvvvKqFCgSwpnGUsu3pADnK5cu721E5gF2ebxK25ZhmXkZ5XPKmnDq6hPs/C8lvlhdcqiljgPWUwReZy6bl0GfxG5c3peHkcUCIRx+EUlirvnmzdf3h6F9+mOf1IdH78m+yZ34Npx2qt/4pSpkQ5c7AI4ePiIejTe6ILsmdVSL5OabpUcqOFWkUT4sgU56Lv4sbyxDH1tEAplUK9L74/BFPpPFgc4OgSwolQCLRVpKo6PjcoIZerK5NGx2u1Rh/X19GB8ZlUWuPNXRtla89Mor8oD4PmyK84tNeibBbDfVB3VpWIqupHYCsKpkQs1ebbQxrEJmTiXv9LYC0pI3puviVZhr3nf1itDRDx/qw+TYOFaWliVtsDgdsiWlvv2Y8hLMBWlovD+kHTF883sCh7g9oqfGARMeZnZJRJRZqwgGls/mxOB4zfT0169dE5FH8dqUvCeeR7jFZMWhI1QtIp1JsY95KHivVGGkQvG+6XX2tfXoj37gUbS0tmNscgzLC8ui78+FXxT+LWhcANaGcjonYSlbKUl1Ojel2AY8yfxgrFKZVx3uP7RHmZFkt1qR7b88vdInFEmrqoSIvr4eJGM7KBHCkM28lFZIyQ1m94APg9UqqUQP3PegcNIKuaLc9AO9vRgZG0U43CBeiAMpfDgM6TLj4FXNZX6PuQpbN3zQG5ub8vNUz6bxU1uNHrTer4RRTdVzKwur3XgiJtfOw0Phmg8//iExeB4Svz+I3qPHpKtCz82HzLqByD8fPA22rUWpCTF3kuZ7Li85Vzy5K9dZyiuaOkNz36FeGVRmxUhog0Z+682bsiFZ7jEjAgUHjUZEI01ybz2UJzVAPiPJAvX8k4eKHn37nxCw/T/t9+FL9lwg2QAAAABJRU5ErkJggg==, url=https://github.com/eastperson, roadmapCreatedByEmail=true, roadmapCreatedByWeb=true, roadmapEnrollmentResultByEmail=false, roadmapEnrollmentResultByWeb=true, roadmapUpdatedByEmail=false, roadmapUpdatedByWeb=true, tags=[com.roadmap.model.Tag@40, com.roadmap.model.Tag@42], fromSocial=true, location=null), MemberDTO(id=3, bio=null, email=kjuioq@nate.com, nickname=kjuioq@nate.com, password=1111, emailCheckToken=6d1037ea-7a9c-4ed3-a101-947d3a46fb59, emailCheckTokenGeneratedAt=2021-02-25T00:34:58.117814, emailVerified=false, joinedAt=2021-02-25T00:34:58.112823, occupation=null, profileImage=null, url=null, roadmapCreatedByEmail=false, roadmapCreatedByWeb=true, roadmapEnrollmentResultByEmail=false, roadmapEnrollmentResultByWeb=true, roadmapUpdatedByEmail=false, roadmapUpdatedByWeb=true, tags=[com.roadmap.model.Tag@46], fromSocial=true, location=null), MemberDTO(id=2, bio=null, email=kjuioq@naver.com, nickname=eastperson2, password={bcrypt}$2a$10$fiAzJ99QsZlQprWsmRGpDeky4lU1cI396Bcmvh8bmlnyoitByReBW, emailCheckToken=567e758e-3870-4762-8a55-ac94ec4049ad, emailCheckTokenGeneratedAt=2021-02-25T00:22:08.169630, emailVerified=false, joinedAt=2021-02-25T00:22:08.169539, occupation=null, profileImage=null, url=null, roadmapCreatedByEmail=false, roadmapCreatedByWeb=true, roadmapEnrollmentResultByEmail=false, roadmapEnrollmentResultByWeb=true, roadmapUpdatedByEmail=false, roadmapUpdatedByWeb=true, tags=[], fromSocial=false, location=null), MemberDTO(id=1, bio=김동인입니다, email=kjuioqq8@gmail.com, nickname=eastperson, password={bcrypt}$2a$10$P/PUDqJDw3haYBBHh0L/tuc5hfKbEtAK/KElXLLXnVFVWDOy/AZM., emailCheckToken=02d85159-6f70-4773-b47a-5182b71da455, emailCheckTokenGeneratedAt=2021-02-25T00:20:18.052638, emailVerified=false, joinedAt=2021-02-25T00:20:18.050949, occupation=백엔드 개발자, profileImage=data:image/png;base64,iVBORw0KGgoAAAANSUhEUgAAAboAAAG6CAYAAAB+94OFAAAgAElEQVR4Xuy9B5hd9XUtvm7vd+bOnT6j0cyoIQkkEIgiAQKDbcA2NriAseNC2pfe80/i95KXOHF5sRPH8UtsB7CxaQYDxqabLiSh3rumaHqf23v5f2v/zhndGdQlJM1wzvfp0zC695T9O5x19t5rrW0qFovjMDYjAkYEjAgYETAiMEMjYCoWi8UZem3GZRkRMCJgRMCIgBEBGEBn3ARGBIwIGBEwIjCjI2AA3YxeXuPijAgYETAiYETAADrjHjAiYETAiIARgRkdAQPoZvTyGhdnRMCIgBEBIwIG0Bn3gBEBIwJGBIwIzOgIGEA3o5fXuDgjAkYEjAgYETCAzrgHjAgYETAiYERgRkfAALoZvbzGxRkRMCJgRMCIgAF0xj1gRMCIgBEBIwIzOgIG0M3o5TUuzoiAEQEjAkYEDKAz7gEjAkYEjAgYEZjRETCAbkYvr3FxRgSMCBgRMCJgAJ1xDxgRMCJgRMCIwIyOgAF0M3p5jYszImBEwIiAEQED6Ix7wIiAEQEjAkYEZnQEDKCb0ctrXJwRASMCRgSMCBhAZ9wDRgSMCBgRMCIwoyNgAN2MXl7j4owIGBG4ECKQyOQRjmcwEkphNJJGMpHFcDiFXKGAWDKHTKaAPIpIpXNwWi2AGfDbrShaTPDYLPB4HSj32VHms6Ox0oOAzw6nzXIhXNq0OAcD6KbFMhknaUTAiMCFHgEC2f7uMPrHkugdiGFoJIHO/gi6wylEQ2lExhLoTeaQTGZRzORRyBeAfBEoFtWl8S8TgFwBsJiBQgEg6BWKAEHNYYHXYUFFwImgz4GGSg+a6n1Y0FiOZfODmNtUjtqA80IP03k5PwPozkvYjYMaETAiMF0jEElk0TMcx4GeCNr6IjhwcBQHBmI40BvB4GgC+VQOSGSAVB4oFgCnDTCZFIjpP5sBWM0K5Mz8B/4pqs/pG38kyPF3BD9+NquBYzavfkew5PfLHJhV68Pl84K4YmkdVl1ai2svrpmuIT7r520A3VkPqbFDIwJGBGZSBPrHk9iydxjr9gxjZ/sY9nSE0D0SRzqUBAg4BDSLCXBaFXjpf5iVEaQIUIJl2s8SnJLfl2ZzpYHTEj394+qfSoCQwMjPMCvM5AACbDInZU+ey+WX1eH2lc2448ZmXNJSMZOW5JSvxQC6Uw6Z8QUjAkYEZmoEiBm728ewq2Mc7+wZxva9Q9jZFcb4QBTI5NVls5xIUCO46aBGwNEBbSpASUlSAzY9Q2NZkj9z0//m92Uf/Cy/w58JllClTG6S/Wn70zFPL3nq2SAvIp0D4hkgV4S30oUbL2/Ab925CLdfO3umLt1xr8sAuvflshsXbUTAiIAegQM9YWzcN4p3tvdjw4ERbG8bQ3ooobIkgpnXroCNIKOXIHUw08FFQEpLzfTeW56lSw0A+TshmWiA57CrKqXFBLPVqn42sy+Xh8lsPoJ3xSIKej8vp5UrCZJSsjQrAOR+Cbg8V+0UJlaXO46mgdEE4HfiIze14q+/sBTXL6l7X90ABtC9r5bbuFgjAkYERqNprN89hLe29uG1HYPYtXcYybGkKvs5LYDbDtg1AJEMqjRF0/6TvyLgZHNH+mfSb1PlSrPLDqvfCbPdCovHCbvPBYvHAbPHDqvDBqvHIcBktdtgIlhZTDCZyaIsShLHQxaY6eULKGTzyGdyKKRyyCfSyCczyIzHkI0kkR5LIBdLAcm0Aj+7FbBZAbvGyOR56lkgr284LsSWuz+xEF//k6vRXO19X9wQBtC9L5bZuEgjAu/vCOxoH8crm3vx5qZebNw/gv6eMBDLKjYjszUXAUIBzQT7Ue+jEcAIOiR/MKvif+eKgMMKi8sGi88JR6UPVr8LtjI37GVu2LwOWNwOmGwWATb+XcwXYbaaCGUKJJlt8W8t6Zs47kT5UgGsyczvAGYCIn+wmFDMFVHI5SdALz0cRbI3hORgCJnhCJDMAA6bIr8QfEv7hCxpDsVRv6AS3/zzFfj8zXNn/M1hAN2MX2LjAo0IvP8iEE/nsWXfEF7fOoDXt/dj854hRAfiQDqrSpFeR0m/qyQ+paVGEk0IRPydzQqz2w671wF7pQ/OSj/slV7YKrywOK2wuhwwEygJKgSubA5FDSCLBEiBUA0wS8udej9OZ1xO6tFNWTe9F1csqiyQmaPVLD+brBYheGajSaQHw4i1DSDWPozMQFj1+Jil6lIFvfzK7C6Xx+98cRm+95fXwqZnfjPwdjGAbgYuqnFJRgTejxEgDjBb+9WrbXh2Uy+27R8BQinVx2LWxj+6yFrPcBgo4pD0v7QeGBHDYYPZ44Cjyg9nTRlc/LvaD5vfBavHLiXJQq6AYr4AAhmzK0kG+d3SSqfet9PZkhNcEpPqqQn3REkPJnFZtJ7fxP4meoLHAD8t8zNbLVI25T7T43HE2wcxvq0TyYND6ng+pyK46LKGaAbojeCjd1+Cn3/zQ3DopJcZdgMZQDfDFtS4HCMC76cIEKPe2jGA59d148U3OrCzfRwIJxWg+Rzqbz7gJYvSCSNarZAZG9mJ/L3NArPPCWdVGVx15XA1lMNe4YPd64TFZVcZWUEBG3tm/HuCfEKUKm3lyeHU75htEXzYJyPJRL4kpUSgkMlKWTKvaeRMGhiqbI1Zm0VlbhroFbK5I8c+1iJrwMpjmVladTuQS6QQ3tOH0dX7kekbAzxOVdbUwY5x6Azhw59YiKe/dQtcM9BxxQC699NTwbhWIwIzJAI7D4zg2bVd+OWaLmw+MIIsySTcypwqc5NMTUuD9JIcH+j6HwKP1wlHhRfO+nK4GyvgqPTCXuaBxcHvM8UqCAmEvTUFNtr+JkqPWjA1YDOxjGjTGJQaMObTORQyOWTDCWRjaRSSWSGP5DNZ5BMZ8N8la8uThKJJCcwmmC0WASo7M0ivA7aAR/vZCTP7boUi8uksihSQcyuV1+lrrIGe2WaF1edEJpzE6LqDGF1/SPXwytzad7VeYW8Ut95+EX7+LzfDLTGYOZsBdDNnLY0rMSIwoyPQPhDDL97swK/WHMbaTX3IsMdEEonHLsQQKVHqYKRyMOUkksoqRqLVAmu5C86mIDwNFXDVB+Co8sHitMNkMalsKZNXmRtBUu+JlUQ1WyjCYjLBYlWyAOnLMWMkTyWWQjaWQnosjsxoFJlQApmRKHKRBHIpDZR4HmRq6m4oPF+x+9IcUvTzJ34RAAmqVpP0CC1eJ5wBH1yzKuDmNcyuhMVulYytIJmplllOvQu0fZL9yc9HDg2g/7ltyA6EAJ9L0+hpZJu2cfzOn63AD/5i5Yy6lwygm1HLaVyMEYGZFYFQMosXVh/Gs6914PktvQh1hdTDv5yZGxmFpappLYsjmJB0wpKg0w5HwANXYwW882vhrC2DPeARBiP7asyIBOA09uOxoscSI0uOLpcNRZsFGX4vkUZ6NIpU7ziSI1GkBsLIjMdRJOjw+HqmZdF0broOT3pzGijpJU+9tDrJMYUAqmWS7AEKSGoEGbcDrppyVFzeDN+ieljdDmQjKRSp3Su1ESu9IJJYzCbYK7yS3XU/uRGJ3d2A36UkCTwXMjLHkrj/O7fh3lvnz5ibyQC6GbOUxoUYEZgZEcgVi1i9YxDPrO7Ec6934NDBESCdB3x21XfT6fICJBqLgwCQYeZWFHBT5cggPE1BuOrLlYbNYoH0uVgu1NmUxyv7mU2SAYk0oFhENp3DgnwaXR2jaD84gtxQGJlwHEWCg/TetOyOPTm9LygCcS27LHVIkR6fbuGllR/FNaVEtifgqgBWBOE6W1KkDnkglpbfuebUoOq6BShbWIdsPINCKnNssJNTKcLmc8n19P9qC6JbOoFyD0B1BbPL3ggqZ5Vh44OfRHPNzNDZGUA3M54NxlUYEZj2EWjrj+Lp1Z345cuHsGbXEArhNGAzAxXMODQX/wm2JI2OSSbJqqzHahF2pHtuNTyzKuGqLZfeFh/qwook3Z/gcrzynomEEZMwKhWrMo9cNI3USATxwyNI9oWA4QiSoYQCKYICS6YENn2b8LSkByVtvjQTZt0lRXdIobCbGEYSjNMKIaJQJsAztJpFJ0eJgtLKMTvV+osEPl0QzuMS4ONpAdaKK+egatVCKcXmYsnjg12hqETrVhM6H16HxJ5eoFzv2QHoCuNT9yzFE//4gWl/X8m7TFHEHsZmRMCIgBGBcx8BPnxe3NCDx19tw1NvdCBCITeBy+9U2i8p801hS7Lnpgmi7TVl8LRWwze3RnpuNp9TAC3PnhhLk8fotcmVyqPPBLPNDDMdSuwWAZr0aAzx3jHEO4eR7BoTFxKZRsCMSoBN87ksLRFOiMo18NWzN5sFFr9T2I+2Mg8c5W4BYGuZC1a6p1B/Zz+ihRNSCoGOrEwCXaYgoJUNxZEaiiDZHwLF4cVoUgGsxMis4jGegGfJLDR86ioRrGdCcY3peYx1ZWZX5pa+YseDq5EdjGjyAwCxjEgz1jxxF1ZcUnvub4yzfEQD6M5yQI3dGREwInDiCPSOJvDMW5340YsHsWlzL0A9F0klFHM7LKrcp7MmuTtmNAQ4mGCt9MIzKwjv/DphS9o8JJOYhcFIcJjq2PWus9FE2RanTTI3ZnyZcALJnlHEO4YR6xxBbjyuMjKCCLNJZlGaOkD2p5cY6YfJnhwzN0oJfC7Yy92wB72iwePPjqAHVq8LPJ6JmRz3K61Fk1ZCJZAfEdIRnHV5AsuW/Fkw1WRCIZNBOpxEZE8fwtu6kB0KA5Q/uGxqv2NxuBbWY/bd10gfMpdQ5c1jbTyWs8qHyIEBdD28VmW9bpv6eHcYt9yxEC9885YTL+gF/gkD6C7wBTJOz4jATIrA2l2D+MlLh/D0G+0Y6hxXWQkf0vxTOn+NYCSkEnpJ5oQw4W6qhK+5SjI4Ppz58TwNjwk2uqXWMZ/oKisk0DCT4pez0RTi3SOI7B8QQkl2JKoYkQQj/tHH7OjISfDVCSEsGdKQ2e0QsotzVoW4pdAKjCAnJUm6lfB8NBYnSS8TqnCtLTcBmFMnEUy4oOigqqYa0AnFTJaoyYRMJIHQ1k6MvH0IRZZwKa3g+YUS8C2fg1mfWCb9SJpCH1V+oMWKLwlWtx39L+3E2Jt7gYBHI6YoQs/aBz+JaxZXT+vb0AC6ab18xskbEbjwI5DM5vH4q+14+MUDeGVjL4pjKcCrgZuQLEquQQc3goLdAnttOfwL6uAjuNWWK6srGhyz51aa8R0nDNSn0ZPSbLcgF0sj2R9G5FA/4gcGhf4v4MaMjSxOcQbRpQValkX2Jj+jZXiWMjfcdeVC8Xc1BlXGxhIimHGp8xLHFOkJvgebZh5tddI42oHxnT3of3YrcvS4JEgxdpEkau5cjsrlrWL+fNytWBRRfC6ZQedPViM7EgO8TgXKXSH8yR9eje/86Yr34ELO3S4NoDt3sTaOZETgfRUBlicff/4A7nv5EPZs6VOlSMoCdM1baY2RWQczM/7tc6J8UT288+sFTCiaJrBJ362ULXmCaKpMxSGfSo1GETs0hPCeHsnekM4oNiMdQlianDqkgOfKvpeW4VmDXniaqySrJMjZKzyq/8UxOtm8/JnQ8B1Ff/eeLDxLnFYzbOVuJAfCOPzIWuRGY0ouMB6XEm/Ll1bB5nEiF0+VSDGOfjYUpQ++thsjL+4AKrwqJqMJzG4NYNOPPolKv4rldNwMoJuOq2acsxGBCzgCW/aP4KEXDuDhV9owtH8U8FiBcpeiyJe6lfBn9t0IcDRNri/HqpUtsMyuRrvdAbfNglwyq0qT3I7dajoSDZIX7TZhMuZiGSQOjyDSPiAglx+Lq89xhA1Lk/psOJ2Ox/MR55ScgDHLkKK/a62Cs7pMKPmSUQobUsvYdBPm87Ue2rkTeCPtQ+h5aI0a78NrjCRRdctSVF+3QMq0k8X07z5hZqXpUAKdD69Bnlmg065GFxUK+MW/3YqPr2g6X1d5xsc1gO6MQ2jswIiAEQEW6V7Z2IP/eXY/nn6lDfnBOBBwKvZkaSmQoSKxhJT4QhHmCje8LdUou6QJhZpyfHRBOdLpPF5pC8NN1v5xiBQSdS17YmZj4TBTiwmpwQiiBwcQ2d+PFL0dCZT6nDZ9OKmOnCwv6jIFmGCp9sPTVAFfS7X0Aq1ep+oFalZeJwKL83UnUBbBjKzvuW0Ye2ufyuoiSTiaq9DyuZUim8ilMuCMdOsxYioZsMeBnl9sQnhju9LWMYMeSeLPf3c5vv2HV52vyzvj4xpAd8YhNHZgROD9G4FkroDHXm3D/U/uxpp13UAqBwTdgEdj7pWSKkiYoCaMvbdKP8ouboB/YYNMBWCmRO/HWCIDK4rion/cDpc2UJR9N7PDJlKCRPcYont7EdrfjwJ7byS66GVS/eEuhBcNbHUNntcpWZtvfp3YapEpaRLT5TwKOc3r8mSyyfN5GxQoFXAhFUqi84E3kKf8QDNunn3PCvhmVyEdSSCWU7F1aKPtJp0yva3L3Aht70Tv05uPaASH41h57Wy8/V8fO59XeEbHNoDujMJnfNmIwPszAv3jSdz3zF48+tIh7N09pOy22H8je3IqmYPlSbInvXZ4m6rgX9wI75xq2P1OEUYz02CPi0xCnWV/zNFoJB9S1O1Qom7S52MHBxHe04tYxzBAoTRJJQ77ETmALuKmawpdQ0S0bYajtgz+ixrgaapU7ikO24REYWI6wYUOcPrtR2MWZrVuB3p+uRnhDe1Amcrqaj+8BK6VC1CVTeML8/14vC2GA6EMyuzmyUoMklK8TrExO/zgaiU6dzuBaBpVtV5s/dGdaOBLzDTcDKCbhotmnLIRgfMVgX3dYfzwmX148vV2dO0bVqVF3bmkFODYJ6KGq1iEtdwD37wa+C+ZBVdDBSxWs2RL4r5PQsXJDPykTyNnrXFOnNWM7HgcYWZv+/qQ7hpVQEviCYklpVMGRAGeUwBHM5NyDzxzq1F2UZ0wJgm2FGXnUxnFkpxa1tPtu0p+PzFuR7fk0nt82mfFg2Pid0oWcDSD6LO+hmzNlbswuq0L/U9tVBlZMovyK1sRvO0yOFMZ3Dvfh9f6EtgykoaPrjNTNjGpBtDzxHrEDgwot5REVmL62n/fjhsvrTvrp30udmgA3bmIsnEMIwLTPAK7D4fx30/uwoMvHUKsfVRN6KZuiwQT/cHOBzr7XXQRYSmtzo/yi5tQdvEsoeCL20c6qzEUtUk4J+KYaADHYaecz5boDSG0s0tKlNn+kCpPUmhO4+RSgGNviaxJgpzTBkdtuZyHb0GtjOYRMXUyo+QAPAbXRwMz3cBZMkebRYBYAFkmdBdQyBdEoF4kcUXATlE2TRxoyv8sJd0Q8+jQwk9olmD8vvrFcS5ePxdtOCuPMdn3WQNTWpzpYMxE1WtHonccnQ+vndD8uefVovnTVyKTKyCSyMFnN4uz2tHUGcyq2ZcUTd1bexXQ8XzDKTz6rVtx981zpuWdbADdtFw246SNCJybCGw+OIIHfrEP9z27H5n+KFDmUO4l+mgZPdNhv4sEE6cNzllBlF/cCP/Celg9LgEHyd4IglO8JnNMeDTbyElXRPCxWGDzOeRBHu0YRnhbJ6L7B1Bg/4mZB1mBOhAIUJE1omWSHKcTcMPbXC2ZpLshAJuXpdK8jMyRUim/I2BmlSxRvCZZPtXAjKCcDScFEHPRFArJDLLJjPQSuR9KHkwEGrNF4Z02nZuEDurSqN2z+d3ys/yOTiwsudJCrKimkouYW5sOLkNaaSDNHqIMauXoIDq9mLSZdVrGqftsFoty7uo6VAC4D55z+wNvIDsWk9856wOY/bkV6t/SOfnoMTk+BDqPAyNrD2DopZ2A+GGagZ4Ivv63q/A3X7z03Nx4Z/koBtCd5YAauzMiMBMisGHvEO77xT48/PJBJPqiQMClMqepDErJmujK4YZ3VhBlS5uE0GFz2wVMqH1TbiDvbnZli0U0utWQ0+54Fg5mTvwotWFeJ/LZnMgCxrd3IdYxBAjBgsJuOptoYu7SYBcK4kZCQ2fvgjqUkehCBxXdHozlSZY4eUSCGjO0YkEBWTyNLOfIhRNIjcaRDcUEMLLxlPoO//A69WkEzBgnpijo9l1qWKts+hBVh02mH1jtVpmgQBChbEGkC/Tm9LvV/DsCMOfZRVLIxtMyAoixk+NzjBAzYSHgqHIj2aUEQovNBrPLJoJ1Zqqcr2dy2KT0mOoelYyXTi3NX7hOQHRCqnGcm5QZXWhHF/qe2XzEIaY/hj/6veX47h9fMy1vbwPopuWyGSdtROC9icCGPUP4z5/vxsPP7UORU7uDHgVwk8qCWtbEkpbXCf/8WgSWtcAzO6j5K6qS4In6UhxiSqAjZnXHc3A4rPLAJpU/cnAA4V09iO3vV0xNnoM4/h8F4BgKZjd2q3hgMoOxl7nUMFI6lFDG4LLD5rXD7LDD5ncJqKSGwkgPR6QcSoDLx1JKiqBPFGfWyGxGmywwAXKlmD1xPlMU5xMDVFmv1cbqcL/MarlLqxWWcrdMXCB2ZUNJZKIJFMha5eclflNeEPQy6cRaaH6g+qFpTu1xCnOS+sN8IiWxszcEMPfeG6REm2fWfYKeqNXnQnRfL7p/9g5g1wT1/VF8+Z5L8MD/uvG9ufHe470aQPceB9jYvRGB6RCB17b14wdP78WTz+5DPpxSEgGWKAVEtFoXgU3cQvIwB9woW9yI8mXNMq2bWQ8zI9pzTcxNK7lw4YSwzyV6bS1zAweAF8V/0kXwiSYRPTSIsa2dSB4aVL0hEkwoftbP4zjBlN5YvogiXU9YE5VSqVbSZP/MapEJBRaPXUbfFAlsep+MaENg02fAnUi/d7TzOApxZeJjEw02Td7AjFBAlaN8tOniOpBPPQfNAPpINl3S3yslveiCd2afZL/yepIZELhmfeZKeFqqkY+lkT+B0TNLromuUXQ9sUGVm7mvngju+uRiPPbPN0+H2/ld52gA3bRcNuOkjQicnQi8vn0A33t8J555+RDy0bRyMJESpTbGhg9oPpRJMMkXYAt64V/ShPKlTXAEvdJfI8X/qIzFklNkMhNwqHlrI8k8x6DB4rTK7DSW6uIHBzC2vQtJSgT48Oc5aGW6k77S0oljms5OQEQ3i9andetTCcRnU/PanGoBdqKD6sQbjrMhMGmz6ax0cznBtPJ3P4W1FHHqxDSer74vgpeshc5iKXkB4dfZq2S8dCPq0n2xH1ksIrC8FcFr5sEecEsGeSwjbItbEVq6Hl0r8g950RiK41N3LsYT/zQ959MZQHeiG9r4dyMCMzACq3cN4ns/24nHf90GRNJqerdkcCX9JgICe2yFPGxBP8ounY3ySxrhqPChmMuprOhEUwO02KVyRSyusMNuNWNHrACPxy5z0KIHBjC+pQPJtkH1oGYGx4f1ezkm81RB7WjrnyvA67Zh5SU18Hsd6BuOYTicwlAojRDBT88kj/ZdPUM7wTXKqB5tzp2FvUlKKyZYnjJNVDJYljvzGU0eQSkAgYkTGvSNx+OLSioH+6wAam66WPqX2UjiqC8oJM8kukfR9fg7qj/JffWE8fHb5uEX375tWv7fYADdtFw246SNCJxeBHYdDuFr928WoTcHdYqomCCn+z5yt3y4sVeUycFWX47AFa0ov2SWYkDmCsizRHk0zdnUU9Ie5CR9CCGDQu5CEZlIUjKGkXUHkWobUhkX5QoCcKd3XWf0rZMGvhI9QCYPr8+Bz36gFdZCAe/sH0HXQAyj7CdOLXtOLT2SSUm2pT4O6GiAl8zAUVeO2g9dotiiImng9HObpj2k2JsSA/bzyCTNSOk4PRRBrH1YgGqiv8iXESHeFIEw/T7NqL3jClReNUexSXk+JedMI2x+/7AAnXae/TF85lOL8bN/uumMQn2+vmwA3fmKvHFcIwLnMAK7O8fx7Ye348EXDqIwlgB8lAk4jpT1eC66yXKhAE7uDlzRIs4hJG/wgUdRtSoFHscuROtTkdVIpxHS3wvFokzpjh0eQezwKNKdw8jSZZ+7IfhxRM7pZHDHnRJwghECOvjwQc4HPbNJ6ZFpJcETrc2ElCE74bQi3y8dO6RnZPqYH5EKFAGXA/YyNzKcKEDCjIz4OTLxXH7OFWAq5FF142LUfWiJZF+UI0xOFNU6EABFjmAyifH06MZ2dP9snbIA4/kQfKXfqclCaPBcKKDuzuUIXt4i7FIRuWsbmaFkuXaRjMKA8LoGoviNe5bgJ1+54USRuSD/3QC6C3JZjJMyInB2ItDWG8G3HtmOh184iGgf55VpPbhSkbeUKBXJxD6rAoHLmuG/qB52v1so/oXjSAQmns/UvbFV5bbDYrciT2lBIoNU3zgiBwYR6xlBbjiqCCLMLgQUSkTep3O5pzsOh2BNqYBYgVnEIzKfL6BA8GWJ0OWYBLzHInpOnPLUKQj8Bxk5pDFP7RZ5WXDWBUTuwL/dsyokq+1/cTtygxHVGy3NZnlQfj+ZRu3tl6PiilY1audoGa9OgoEJtnIXht7Yi+GXd8q4IwI4MzdmetHth1VpmPKMcAImmxWz7r4avrm1yIYTE9MhmEGG9/Wh5+cbFKGF6zQQxR/81uX43p+tPJ2VOu/fMYDuvC+BcQJGBM5+BIYjKXzrsZ344SM7EDocAqo8AOeJTQCclsGRbp4rwNYQQPDKVgVwfPCz7yMAdwLrEpMJTocVRadNvJIzIzHEukYQOzSIZPcociyVZQoK2AgizJy02aYnf9VTT+JEJ1Wy59KsSgcfThkPeuCuL5cJBe7GoGSqsYMDGN/ZjUwooUq5ujvJ8ZI8nU05BYDMnCbgdYqm0N0chKO6DI6AVzmqsJSYL8DiciDeM4quR9YgxyybEwdKM1ueQyQJi9+Fli+vkixQwO4YGTVZp2abGV1PbkZ8d7fq6TlsmPO7N8JVWSYemGNv71drQSH4eEJK0y1fvE5s2Sjr4EZQpnax78kNqj/HkvJIHP/7T1fin+5ddvLLdvHhzxcAACAASURBVAF90gC6C2gxjFMxInCmEQjFs/jBr/bhOz/ZioEDI2pMDsfllJJM+DAlwCUzsM0OouLyVpQvngVbhRv5eEaVKE80Z81kktKkyWGFK51FeCCE0QODiO7uQW40qrRoLJsR3MR/8lSv7GhgdpIAp5cfWTLMZKlhkHOx1XAETxDupipxSrH6HDK7TiQH1IsVixh4fS+GXtulppczkznWpjM5+TJA4BEza2ZhWZjsNjTcvgxl82tVP42TGDicVZs+zuPI7/mSUOmVOXKdD65WZWHuZ2qsRmMI3LgQdR9eKjo4AcqpG91l3HaZJt756FrkOHsvl4e7tRpNd1+j+qNWCwZ+vRMjv96lsj1e30gElbdcipoPLJQSpg50dEYZfH4b4HWp6xuJ4//94034/TsXnepCXhCfN4DuglgG4ySMCJxZBGLpPB799SH820+2Yd/2fsBtU16UOoNR2HoAYmlVomwMIHDJLLHHcpR7xKKLpUb5zNEyBqHrQ3putLLilmBZcm8fYm2DSA+GValtYjSOrn07CYQ7Sfw6YXqpZ28EH/pQ2q0C3t45NfDOroSztgy2Mo8ABUFGnEJyBSSHwogfGpL5ddnxGPIE6eO0IRVZR8kKOAOO/a0cQYLZj5RFMwhcNQ8Nty1FLsEXh6wc71375GEsJimd9j2/A2Nr9osAn5v4a4qSQL2UWCq8MleO0gCK3Y9mPs39hHd1o4eGzux7xlKouO4i1N2yREqT0jN12dH19EZEN3WImw2nPVir/Gi+ZwWsXocwOJnRDfx6F0bf2KvISiw3J3N47nsfw21XNZ7ZjXqevm0A3XkKvHFYIwJnKwJPvNmBrz2wBds29ihqObM4/j1BHKGTSUaJh2vLEVzWDP+SWWJDlU9khUUpIDIV4LSsjqxJobfTK3E8LuNwOLk72jms+lrSc7Mc0XCdrQvjfk4Egnr2RmBj342ZZpkb7pZK+ObUwk2XlKBH2WCmcmqUjcsmE7fjXWMyASF+sF9pCHm9TmagtCU7ysb4kFBCDk1tOXxza1C2uEEmevc9swWpzmEFHjwX9tY+fjmCV82VmB1zYybmcQh4tf34LRQiCemhiW8mMz/RzwGIZ1B3+2Wo4P6YrU0FYpOaJdf33FaMrzkAeJyy3g2fvFI0j8z0eD9Yy9zigdn2k7dQ4EsPy5ixFGpvX4bglXOQi6VhdtoELKNbDwMBtzBwrRYztj74KVzcUn42V/ec7csAunMWauNARgTObgTe2D6Ar963Ca+91akkASSa8EGtkxP4N7ObVBbmgEcyOD4oHZVeKU9SB3fUEqUmtmbGw8GmrJRlR6KI7uvH+O5uZPvHtTJbiS3XybIVz0YI9GORTEJwoxTC54SrsULsyHwL6yVLFXDL5MQ4mVkoJQ6ZUByxtiGEdnYj2TmiSptiEG1TQK2XeHmefFHQZtfJS0A6JzPsGj56KeyVPmXOnM/D5LAjMxZF16PrkO4ZU5O5QzHY6wNoufcG0b4xYz7WJtPB/W50P7MJ4Q1tqlxI7bfDikKKkw8oC0jAv6wZTZ++Svwwp5YvaX/GhW//6RpkeseVWXW5G633rITN5zxy/CJE6N/36i6MSgnTBUQT8F7WgqY7lqOYVYbXlBakDo+qEud4ErNqfdjy6GdQyT7vNNwMoJuGi2ac8vs7Age6w/ja/Vvw4HP71KywCYArKROSWMBMzetE4NIm8aKkryLLUNRbCXNkalbAjMZMWYBVynr5bAHxjiGMbWoXXVWRGQCzN/aRdHPj01mKE2Vpx0QEDXwke6MkwAR7bRk8LVXwL6gXM2cCM/tfUi6kYYhG3U8NhqU0yQwu2x9W1076PUFuKq1SAFRJAUwepwIafp49zaAPc3/rRulNSrmS/0rwqPAidmgAnQ+9rQg33G88jToyJi9vlgzy2FldEbZyD8I7utBDI2XNaUUy7mQWOWZ52byMGmr5/LVS7iSAT2xsJ/qdUkLueuwd1RuNpVC2fA7qP3LpkRcayZCLIkFg2Zm9vCL1fPkCrDR+vmcFnEEvUv0hdD76jliyyQvAcAwrVszGmu/ffjqrfUF8xwC6C2IZjJMwInDiCPSPJfHdx3fih0/uxlhnCKj2Ai7rkcFifBgTBOIZASP/4gZULJ8DT0MAxXxRA7gp/SfRHBfF9Z+OGCabGdlQAuM7uhDb14ckqe8ERvaftKzh1IglJ4Fqx/uIDsYyPSAnQG3yOATcfPNqZVK5g30yDdxk/I7VAqvLjkImi0TPGEJ7+xDZ24sigYllSSnDThmGqoMbH/xOG1xNatQQWZM9v9yKVPeIuv5UBk2fuxbBK1qRGokemTpEaYXLjp5fbcX46n1qjlsoAe/Fs9D0mSulbCoi+6NtHE7rdSJJgPnZOhQ10bm7KSgWXMm+MVljenQ237NSSs5T2Zfsq/X+agtC69tUFhZNouHua0ToL3ZfJS81MpIIJhx+aoPyFNUE/U13X43yRY0Y3dCOnmc2qTchDq7ri+Kzd12CR/7P9LT/YsgNoDvx88X4hBGB8xqBVLaA7zyxC//+0DYM7R0BKt1qLtxULRyzBosZ3ovqEVwxF97mShkGymyimNeGhOpXotHYST+nQJhgR1CI7OwWmn16IKT2z17P6Qq6zyRqepZF4KEJsdkk/UX/gjr5w0kJvDb2F6UsSLB2qnE1HLkTPcjyZBfihwaUC4kI07XsrfS8CD4EUatZANN3Ub0a71PtE+Dis/7wY+8gvKFdETMSGZQta0Zw+RzV29RKjHQscVT7hfTR9l+vaudUEPJHy5eug73Mo+Qax9hYemT2dvjxdcjw5QKAu6UKFqcD0X09alaezYqmTy4X8GUvTQcvkkzy6QzaHngTeYI5M7yAB633rpKJDpyrN2mjsNzrQO/z2xFad3BCsF7/0ctQfe0C9L2wHUPU4TEb5kvIeBLf+pvr8RefXXImK3pev2sA3XkNv3FwIwLHj8Cjr3fgGz/agh1ruwCPDahg/0bzgtTBgACXy8G1oB7Bq+bAP79OSo8EOBkOWmqOrGVP7FnxQc4yZrxrVGQBFAkXQ3EFbNRZ6cNVj5qFaL88HjvxdBZX+m8kz2RV/8zlkKzNv6gBntYqAQxmRgQFuTaWJznnzW1HaiSGyL5eKQGmusc0coldA7ijiOEIjmYzbOVuuGYF4ar2i54sE0/L+J7MWFzE8tlURo380ck6MlmczEgziiILNMn4H4vbJrPfWBbMc00Y60QazfeuEkJIciCkkUveHTRxkMnl0fXz9Uixd2i3wlFfDlelH6Etnar3ms6i4ZNXoXyR8qnUz4elyLGtHeh/apPK5iIpBFbOR/1tSxUJZerGRM3nwtDb+zH80g7A7ZR9135kKWpuXIz2H72J6I4u1b/jdVstePM/P4brl1SfzopeEN8xgO6CWAbjJIwITI4ATZe/89B2PPXSQaVJoxaOGUmpBRczHfZuGoOouKJZwMDqccrbPjVbYg01kcFpY9XElssiEwfih0cwtqUTCU4MYLbB3ptuBiwu+cfbTqIkeSqLylMV2r5yLLGUueBbUA8fAW5WhejARMROLRp9H02QTJQjflJ0/djXLwAnmSg3XovlODo4qiVY4qSTi8uGYrYgOrI8Be5CQFFTwKVfRo2daOq0mBCI+Rk9BPr8OhnqyizYob7HGCaz8C1uRCVJQLU+WGxWZJmNTTHDJlGGBJPun29Esn1IjudsDIgkIkT2I5E1n0fDnctRvrhRczJRE8VZqiVAJvYPKEAE0Py5lTKbL8s+21HkIlavC2Ob2zHw7DZVyk1lUPvxZQhe3or9//EScnzhEVF5Es2tQWz98Z0o54vWNN0MoJumC2ec9syMQPdIAt/+6Vb8x5N7gIEYUO3RxMglwEMwSGRhqfahYlkLKq5oUcM2YymtTFWi2dIYlBY7Z7FZBQDDe/swuvYgMsKehBqJo1PqT8dz8nSXYkLYrZFLikXYq/3wXzwLvvm1Iuo2FU3IJjhluyDlVdGdeZwyhTw5FEF4Ty9C2w8j1xdSYMRrIcCdzHXQH5LTvZmhEbh0v0v9enQ/zKPtq8R2a6L/pQPKpM+bALqZ0Ld6QR2qrr9ISsose+aYtWrvIgQ6DiPoenI9EoeGBCg9c2qE5TnG8iLXh0B3xxUoW1CHHPuwRUoKXIjs70M3SSj8TCoD19xaNH/2GhRp36ZNVJ+6RHafE6ObO9H/7FbVe0xnUf+JK+BuqsCh77+qgJovVj1R3PGJhXjqGx863VW+IL5nAN0FsQzGSRgRAL77xG78w32bEDo0qkqUFHzromEGiA9kZnEeOwJLm2W2GKUC7MEoqcBkJiVp60oiwB5OVrK3sU1tyFH7VjRpfSsSE07SyPhsLxI1aZQGoAhnazUCl84WggmtrgjIE1MSeFyLGTbJlMxC2gjv7sH4lk4UxmLqQc1MlCSLE2aiJRehg9XE6BsyczRmp/Q/1WQAASOtXyfZkRB+0lPipukQCRA6M1VfD/7N/cSS0vOkWXbVdQvEIkxKiyyhOuwo5HJipCy0fotJeq32ah/G3j4o/83TqL9zOfzz6mQaOsGe0oHOx9YhxqyPsoZoEnV3LEfwihZlZXaM0jLJKxxw2/+LzSqjS+fQeNfV0kfsf3qjsiNjLHsi+OpXVuF/fWl6Wn9NvLMUS22rz/aNbOzPiIARgRNG4Nl13fi/P96K1W91qNITp3vrACdiMJbAlCTAu6geldfOg7shqHpVYk5cwqSc0MDRwcSKTCQhPZ7wnj5khiLq4aW72J9M1nPCsz+FD4htFkuUlD6oUql3Xp1iNzZXClOSfosEuQktoMWs7KtMJqSGoxjbchiR3T0oROIKUPhves/yaKdyXEanNu+Nzh/M6PQSJMGKm8MOu+YuIw7/Mg28AIvHKXP5pPcpeFiQXl4umkY+k0VmPC6EGKXLKxlgy//WrNfsjRVovOMKuBoCUjIlaSSXyqL7sXVID4bkXPxLZ8MWcGOU/pQWjjqyovEzV8LbWCGTwq1+F5KDYXT+dLVkvHSmsdeVS9lSXF+kr3j09SHQjWxowyAzOsosTBDbssjBQUS3dSotH00GCkW8/oPbccOl9aew0BfeR42M7sJbE+OM3icR2Ncbwdd+uAk/fXqPyhJqvEeyEiGaFJRUIJ+Ho7kKVSvnS8ZjtpjlQTppJpxm0cWJ3SSZpEejGFvfJmWtLAGOD1lmJccDhfcq7jrAMXvjxGpmCwvqRcAebCyD02aWnmGBD2stvZQxP5wiYAZSgxGMbzssPbgCsxSCmxhEaxKBkzlvvQwp6ncyLTmeJ6/iwknnLgdsFR44Am7YK7ywl3tg9djhqPRLrDsfWYMCB6pyLRoDoqUTRqPo2UyitRNhut2KWNcwuh9fr4CG56pngAQUsQkriPSALiX1n7kSvtZqIakwUz382DoU+FKTKyBw5RxJKkOb2gTU7R4HPvx7q9DncGI8koKz3I2epzYhsrkd8LuB0RiqP7YM1dcvUNncsTaNjDK4eh9GyK7kPeO0oXLlPMn6ZYQSJxwMxzF/SS22PnAH3HS+mcabAXTTePGMU5+eEcjkC/j6T7fjmz/agmQ39XAeNRtOiCbaNTHjiafFXb7iqnkILG2SMhXJBfJwLSUYFIuwuB1Czkj0jiHErGdfH7LMDKRvpZEjTsQvOdvhnMhGcwCtJ6vdWD7Pj5Z5lYjNrkO31Y2+FJDIA55iDt5CHmYOF6Wez2JGejSGsQ1tGN/RjWI0oXpQegnxZK9FSpGag4qwJU0wuWywVXiFZemoKZfyoM3nhs3vlCzYzOzJrETZfGlIDYRx6H9eU+XHfBGulkrMvmeFZIFqRhxnwSmPUK5Roj+MzodWoyDeoaYJp5aRdw4pj0xmSyQKjURhCfow+wvXimRi6M196PvlZtVjzOYQvG4BMsMxRPf0CuBz2sJVv3k9RrNFpC0WZAbD6Lj/DQXW2bxMOaCkwOpyiNzgmDhHUwC3Hb3PblVOLE4bHFV+ULc3vrlD3TMsA3eFcO+XluH+v1t1tu+Mc74/A+jOeciNA76fI/DEWx34p//ZhF0b+pTYm5o4bjqbkg/jWApmvwtllzWj8uq5cFR4VMaj67Ak21MlMT6wKDameHls/SGEdvUgT4Nl9q1oEHzCYWrvwWroEoE4+4YWuGo9+EyLDbfM96CpzAZnNotoMotw0YLDNi+22X1Y7wpg0OFBpdOE3FAEY5s7pA+X17MLsihP9lqYBsmwU60k6bDCXuGBs8oP1+wgXAS3MjcsXocyW2ZGRlJKLi/Cc8mUNZ9PGh2T8NL7840qi0xk4FnUICLwQjKrphyUbJzOHTs8jC6OuGH2SmPlmxej6RPLEdrVhf7ntyPNHhwF5QS7sTgcs4OY94cfwui6Q+gn0Em2akHVtfMR3d+HFIk2+QLcC+pRe+cVsBaKkt2JZdi6Q0DQKxli5YcuRs2qRYqReZyNbFO2aLt/th6JtkEBOmu1H1aHFamuUXXvMH6RNJ77/u247epZ78FNcm53aQDduY23cbT3aQT2dYfxlfs246mXDgCxrAI4uk7o/TU+MJkBkJ2+sA5V110ktHpFyijxpNR6QlanArhE/7g8iMO7epClzyJLZRyuya20Byc/H8VB/2yuhw5EJMww0amuwMcucuMzc2xY4isik8ohnCqAxT4+4x0owF4oyN8dLj8edDbgVzvGYd52SI2ZYalPRMsaSeSYKYr2D8y4JNtV9l60PCNzk30wV32FZLxmh0XKhLS+EnBj3I/Tx5Ne1vpDGPzV1gnHkeB1F6H21qXiIDNpEysuFyK7u9HzzBYFzMkMqm6+GNWrFgrphi8sfS9sQ3QLdWp8EQEQTqLm9mXIRVIYfXufAA0F3xWXzgazQBF8xzMov3Y+Gm5dIufLae2HH1qjvp8vwOxzYc6XV4FAK2OWjrNRYJ6Np9D5yDpFTLJb4Ap6kKXdGO9BZnPjKdTMKkPnE3fDOc3LlgyFAXRn8390Y19GBKZEIFco4l8f2YGv/nATkgNRVaYU4+WShzcztUwWttpyoZ+XX6zeoIV1yNKYnsERIPj27XNKD2Z0U7v0rvJ84+fDSGMlvgvgCoCN5szF4olH0JzOCuoyAQIcH7L1lbAtacbvzTHjt9wRZONpDLPtBJMAnL5JLkTsLQBVphwS6Tx+84VRHBzIATUcQqqRRY51TrqejS8CLE96HELH97ZUSxmOpUkyG8m3Y/9PMrZj2XAd5RjM9ihGH3hhuxqhwywslkb1rUtRtWI+stSaTSohK7r/0Op9GH5lt3rpSOdQ//FlKF/SJPIPezmntucFZJIsSTIby+RhZsnUaUWOQvNkDr7FDXDU+DHy+l61trm80P85eYKSgQ5mY9sOAxUeKYFW3roEdR9agjSnuB9PxE8w9tEXcwBdnCDOtqjNjOoyJ0LRDDJ88SKHpjeK3/zyMtz3/113OnfEBfcdA+guuCUxTmimROD59d34u++sxfbNfertnbZd+kYiBbOPaAqmMrdIBWj+a/e7hPxAYsPEZoIQH+hmkR6LSfZGan2mZ1RlPbrzfmkGxwc/h3s6bLDQyzCXR57swGPYLZ5WzPUMjkCTzsJW6YXtslY4L2vFn9pHcOfIYYxkioibLPLsnLRp4MiMqpCnMXIR9S5gw2AWv//riDiOwHqMJ7b4XmZVec1rh6suAG9rtfK9DPrUvDyCeiorwDa1vHiy12pir8wEEWOLJyT7g/kCGj91lWjZyGhVpU9tI8nD60LPc1sQ3tABOJTl2OzPXgNPU6ViYtJUucyN9HgcHQ+8hTw1dsxaNVKLgFo4iYprF4hrTWRrp+jZzC4bmu+6Bv6LGjC8qQ29j61Ta59SL0gtv7FSxOhiM3YCtxoB4zf3YfjV3ZL9Wywm2K1mpJjl8lIY12QWr/7w4/jAZdObbTmxNIa84GRve+NzRgROLgL7eiL4xgNb8OAv9igLpUqPKlPqfTgCEvsoThv8Fzei8sq5cDdWIJfMStmJRAjZyE2xWWDz2JGJZxDZ1SVEk5SMYaEZolP9rbeJ+DUyCrM5mMtcQqQopPMo5nIyeuWslS4nAC4jfTBrpQ9li+rhu6wZ0bpqfH64HV8cPoQxsw1pAbnSPpZCOAKb6oVNXCrsZhN8dhP+7K0I3ulMAQ7x19JcQdR1Sd/NaoGjjlMLqsX3kTPnZEqBDm7C3jzKfL2TWz7thIqKvTqeEJf/AjVwzIwrfWj+7ApxVJk6eoeUfhJDDj+8FknOprNwNp5LjJjtfnfJ501wVLgx8MY+DL9MC65SslARplwBVasWiiVbeoADbbNwtVaj+fMrRdJAT8v04WHlQxpNofaOKxBc3op8OIEs57RmC3BZTbBbtOGtJddNkg/lGp2Pv4P43n4hQekEXwFIbZr4gsU12PnTT8KmSyROJXYX4GeNjO4CXBTjlKZvBGi+/I0fb8Xg7kGgzicZh/Th5HlNl4y0ZCOUC1ReuwDllzTIvytPQq2Hpk0TYIkpn8sjtL0bYY7K6VDWUPJg1N339f0yI0hnYebQ0VkVokfLjcel76KsrN6VU516kCcBHMHUo4B6eSucVT4M5sz48GgP/mS8DVGzFUmz+Ugmx6yU10e5Wl6RPlRMjpwGf1PvseCBPQl8bz17R9qgU9GDFWWmnqe1BmXzauFprhKGIwGcUwqE/Xi00UOnfpUTyGsvd2Fs+2H00UPSYQcSKfiWNGHWnctVWXkKEYXASA1dx0/eRoEl3HQWngX1mPWpKyeILvrpUDPIDK/9p2/LOklWzlgkM3DUlEmpc/DNvSpA0SQqblyE2Z++Cv0v7cAARd4y8y4O59watHx+pbw0ZNI5uK1mXBp0oD+ew8FoBs5SoGLZ0uOQmXz0s+Q0cRJf9MrzRKj6ovjKn6/EP//OFacbvQvuewbQXXBLYpzQdIzAhgOj+OvvrsWbLx9Sll1VHnUZumRAWGxJYVMGV8yTUiXfrNmTkYe03oczFUECBCnmkV3dGNvQjvjBQdFvyfRqbfL0BHDyu9EkTC6HgA4p5swCkj1jYnqsRuscaztJv8opJUpmEuVLGhG8eh5cdeXyUA+nC6jIZvDvIzvhLeYwarZNLleyJamVU4UwqhFSeGaleveg04LNIxn8ybPDihjhd8LVUCEjh7wtVXAGfSI9YFlPstT3UPROPV3PrzYjtPqAin0kgerbLlM6taNMDSfwhnb2ovfJ9arMGUuh6oOXSHaWo8C9BNXVsFUXun+1FWHKDsiQ5btINI3AinmyYDIpnPdSJofW3/6AkGv2/8eLyNO/UsqWGTR96Qb4WyulZ5ssAEGHGX96STnWD6XwVHscfoe8XpSAtxujmzvQ//QmjZU75d5IZsVxZcuPP4lL51RMx/8Vj3rOBtDNmKU0LuR8RCCcyuFfH9yK7z60DdGRhAI49llKMxZmcXS6WNKEymvnCwuQb9My5mXidboojDmSH6IHBzC6vg3RfX3KxZ/uHNznRGaoIQWzQItZZAju5kpx3I+z3DVCwa9mRHwmQKA/IZktxrMweW0ou3gWAle0wl1XrmbAJTIoFAoIW+y4M96H3wl3YtBypBcpxktaD650fVidTeSKyl3LapJwEfx8NhPi6Tz+YF0CPRVVqF/aAGd9QOy/KMBmaZez9U7UhzrTe4E9UWZJHT9ZLXo1eWEoFDH7npXi4iKkkdJeGJ2/3A70PrsN4Q2HlCg+lcWsu66Gb36dEFGmbuzVjW1sQ/9z29T+tZedmhsuEiZtqjck5VpXSxXm/s4H0P3LLQi9tQ+o9ALjcSkVU+ZAtqbIIrQDuCjD03ynJx3TZILVZUPXU5sQ43QCjh0qrSpzUXoiuPWjC/D8t26Z+OqOtnH87Q83YDSSwl0fnIc/+vhFsE6zkqYBdGf6f4Tx/fdtBH75dhf+4XvrsG276nUIIJVOF5DyVQ60eyJLj9MF+CYvDz2d7g/VCyKBguNdxrd2SqmySOq6nwBXOlhVYyHy+9k8PIsbEVjWDJImxjd1IHagT5U06WrxrnrUKS4TH7q06hK6uUVYgBVXzoV3VlBcQGQemubAX4AJCZMFfxRux83JIQxb7MKknKDvTzk0n63sx42lCnKeAbtJJGfyexPgRgHfD7Tg11WzEQRfCBQ5Rxdln+KVnPrHNbPk6P4BdP2MpA+rsC2ds4OY/dkVcs6UKEwCbisnsufR+egaZNlXM5vF+aTli9fD6iZJpGQiOL9IUorfjXj3CDofWTsxDcHRWAF/cxWGObyVWVsojvpPXSVZbdt/vaIILpze4LCh9QvXygw8BbrKC5NnlS0UYTWZxDimdKP7S3oogo6HVqvJ4ryu0o09074oHvv+7bjrpjkT//L5r72Jhx/YLOxQ0+wAep75HOrpxTqNNgPoptFiGad6YURgYCyJv/vBRvzo4W3q1bluinWXWD6lBHACVzSj6toFYiklA1BZTpTNBLPdonomkRTGt3aIC0ie9HD24Fj60rMx3b6KJat0VubOVa6YB3uVH9FdvRh6a48ab8P5YaWlzdMJF9GEAKbNU/NcVIeKq+fCP79W6P4EaZE8lDxFi1YLEm4X/nDkED442o1Bk+2kzJVlF0WttcYeolnhc3Uxi2eCTfihaxY8mfQkScLpXNLpfIf9OWZn45wc4HMD4zHU3H45qlfORzoUe1dzkUzG6MFBdD2yRrn+J7MoW96KRurjuO5TM+siYA+4MbarB31PbFAZeyYHz/w6KR3GKD3g1HenFS1fXoX+l3YivqtHSRxGKSe4FHU3Lxb3mJPdKG3gDLoh+luWeSZnpFyM4QSqm8rQ/sTd8Gjjfrjv2/7mZbzw4gHUNQfwd5+7FL/3yUWwTEXRkz2J8/Q5A+jOU+CNw07PCPzP8wfwj99dh96DY0CNW2nXdM4+UxJtRpx7Xh2qb1osM8FIlhDat67ZFh9HBWTjO7swuoYjc0LqASkWV1rmpvftaOckdmABVK26SOa0cYbcwCs7x7716gAAIABJREFUkaWGjtKF0szvdEKrH1MrszqagsLk8y+ql14iZ6hNaPp0qObUb49DKqr9e/pxd6Qbv1mdwXDuBL6IehyYhfCBKdMDFHaYi0BFPoMf+5rwmL8Rwfzxxc+nc6kn+o6ULTM5tD3wBnKhpFoXFAVwXNVlIvqetLEk6HXKZO4QDZhZtuQ0gE8vR9miI7PjSr8j7EePA4cfX3+kjJgrgE4sBfJquOYx1a9zVvvVlAFm+OMJOFqr0Pob18p70PGMm0uPR0YowZbZY5ruJ3wpKgVfrkFfBH/35yvxL789mYTyV9/fgG99czWWfWQeNn/v9hOF74L8dwPoLshlMU7qQovA9o5xfPW+zXiSkgE6R1S4NVNhCmypicsL2cRa7UPw2gUILJ0Ni8MqJT4lUi4KNdzstMHssCLWOYyRN/Yh3j6oHjilFHOd5k3GZCINc4UHwSvnComFIuWBl7W3e4IiafWnMppmamClHqi5smTzsNWWIXDZbASWtcg0ATGP1sky/C7bY1azotdncoi3DWJsRzfiuwZw5Sw7vntLELFMASltus2kw5UAHGOmQG7yiCALivDnc/i3wFy84q5C5bkGOq2kKBO7dcJGLAVnaw2a71khUg3pEeobbdgkThlhUObHVYZlC/rQ8sVrQRcS1YudTC8lozbRPYrDj65VZVDp0Wm1Rw2AGJ7A8jmI7OlFluOIeN+lc+KN6ZtXhwyPVbrfY/1Pw2sq98h+uh9/Rx1rao8tnoHb58CBn92FBk7PKNkef6MDd/3x87BUubD9/juwuDlwof3vecLzMYDuhCEyPvB+j8C3Ht+Jr963BZHD40DQdQRc9Ic0SSFmE8qWtYhkwFXjn/CmlGc7HTboaOK2y6iZ4dX7ZVioEE2YjTFjmChTapR69uEcNlRc2YqqGxeLTmzoxe0YWXNQOe+fjTIln6TMNJMZmMikvJzemvOUt2acQ1w1tNKe68x06OhP6UJ4v5roHT/QrwTGdjvsdjP+58MBXFZtQ2ckL/g/ia/BDI4PWC17m0SE0G4ye7EA/vmXigXY4ihHeSF7Dm8/Dna1CHAdfmSN0pmVu4BICnW3L0PFlXOO6oZir3BjbHMn+p7aqDL8cFLsuho/chmykcRRiKEm2Mpd6HpqI6IbO9QxpppUp3PSl2NJM3loQGnmxuPwXzMXs26/XPZ7tPgdLViMudntQM+T6xHd1qUyTnlp0bSGBMvuMO75/KV4+O9veNcudnWMY9nvPoNsXwT3/+stuPfW+edwTc7OoQygOztxNPYyAyOwtX0cf/uf7+ClX+4F/A41DFV6WBrrj/quaEqRTT6wULI4kiZ0solQ6AkOHLAZSyvLLvbhhsLqwVXq4yhv80XVG8sXRK9Ve9tSEUQPv70fg7/eiVxfWD2kNOeP0w653ocLk7Vpgm/JbFRdv0CE1yyFSWlOVx4UOBSUrizqGsgIHd/YjkTniNLnycBTi0aNL2BhrQ3/flMZqh0m9CVINiEpgjVJLYM7zknzkP5CFsNWB/6+YhHCZhucxRKHmNO+4JP8opbNxTqGcPinb6tpCbkcLF4nWu+9QZVpmZ2VbGqckB2dj69DYk+fNpangKbPrYBvTrX0ZSdtupYtkkDbfa+jyHuIpJPSjZPUKT9gXzecUBlkPAVLwIM5v32jvDTlOb7pBA4osssCYC1zIX54GIcfelvMoiUz1DfuI5GFKV/Axoc+jcvnV74rWOlsHjf+xYtY98xefPkPrsYDf33tSQb0wvmYAXQXzloYZ3KBRIB0ke/+bAe+9oNNGB2IKX9KfXq1DhIEA4tVMi4SQzjiJRcj9V1zIGH/ikzMfFFG5gy9tQ+ZvnFN8F3ah2PKZxYxMgkMzpYqVN+4GP6FdUj2jUvfJ7l/QH2P2Z/+Jn68WB1LHqeXuXisbB6ulmpUrpgPr8y4I9EkrbRuJpM8XC0OC6xel1D6I/sHML6lAwmWWvngZam19IEp50PNQB5zyoCvLHdjWb0LfXk68Z/0MxkNuRQe9zXgPn/zOc7mIGDMl5KJGW8kfownUbFqAepvu1SE1pOyKDFxdiLeNYbDDxNE1Do6W2rQ/NlrFOuULi2T01rRz/W/uANjr+8Bgp53Z2YEOk4Y4IuPpj0k0JF9GVw+B+mRyMmVLLV7xF7mQvcvNyP8Tpsis0yVFBwO4eOfvhi/+NoHj3lX/eX3N+Db33gL13xsIVZ/5zaxDZtOmwF002m1jHN9zyOwZs8Q/uE/1uHV1zjM0gGUa+CiP60IcMkMXPNqUf2BxfLWrrIgvumrJwiHn7IXlxoIYeiNfYju7lbnPTHZWyftmZRnYzQJS005aq6/SBiOzAIGX9mJ0KZ2BSoUE+tAe7oRIMhR7pDIwFJbjuDyZgQuaxHTY064pmidJVYSFixkg3qdIsqOtQ1hfGMH4iyfcaOAmZnOJCKDdlIsgzLTCJSh7qb5+OasNJZGhjFktiMDuqRMrc9puK19vSafRq/Vhb+quhgRkxX+Qu5kq3OnG5Uj32M2x3FHYzF0/OitSTP/Wr54nUxBEPeaSd6WiozT88wmRDZ1KFF5KCHszOBVc5AjS7Z0IzC6HUiNRNDxY1L8s1pWf5TT1+NL8ByLw7usGbM/tVzW5F3geayrFwNnhwyubX/gDU2/USIpIFZR9hDP4o0HP4VVS2uOGcfvPrUHf/KVX6N+cQ32PHgnyjz2M4/5OdyDAXTnMNjGoS7sCPz9j7bgqz/YCAzGgUY/4NRE2mw2sS/GUp/bLn046uL40MqE4+ImL4xB+lL63fJA5Gy4YTpqkD3H7EccSvSRMFofjuBoMcnk8MqbLobV48TwW3sx+NpuFCMp1e8h7fzo+HByweSDmZIG6t7cdiGaBK+ZL5ZdR2bcqWaj+Gp6nSjk84gcGsLY2oNqXhmvnaVW3WWlFORKzal9TgSWtyJ4ZSvGysrhj0bxlbH9uCo1LpZg/EPNnb7xslhEIwCSdNJrdeLrgfnYY/ehJp85o8s+ueBM/pQj6EX3LzYjREeSgEd6Yt5Lm9BEyy8aRJeSfjQQyYzFceiHr6kXkkJBxvTM+c0bpdxLtm00U5CJReX0OuVg1nIP+p7fqmVz3mOs7QRrR7nplHGg6g1SNciTFXsyBBS9N0w26DObEFrXpswMSuV/7Jd2hXDDrfPx+nduO27IHn6lDZ//4+cQmFuBN75zG5a0Ti/XFAPoTuf/COM7MyoCa/YO46//Yy3WvtIOBJyKHCBWHVqznllcJgf3vFrUfPBieGdXCVmDJszy2GY/xedGoZBHZG8vRtYeQpoAwdIl+2nc9HIiH4jMrLIFuC+qk5KYp7VaphEMvrwT6d6xIzKDM4my3vPjuRcA36IGVKyYD8/soJQtmRnoonXFonSIEDx2aBCjG9oQbxtSjvrM4NhDmjoTrlRvZ7PK/oNXz4G3uUrmpxWSGYRMNtiLeXwkPoAPJ4akLGlCERmTWQCPDEsGxlEsYpujHP9d1oI2m/s8MC2VByT7YW33v6HmvxEEMnk0fWElfK01kvVO7YnR2WTg1V0Y/fUuIOAVi7DgTYtQd9MlYhGWLhQxv8yOgN2MLSNpGfSaG4ui4ydrJD5qXNNxFpll8EQGjXdfg7JLmpCl7djJVgyl3+hCoi+Ejh+/pe7nqcdjWTWUwAv334lbrmzEcCiF//vYDvQOxXD3zXPRWu9HbYUTlX4nXt3ch5t//5fwVnrQUufFrCoPbrqsHssXVuGqRdViIH0hbwbQXcirY5zbexoB9uK+/uAWmTSQoH0XpwywRKgDnCacNrvtCF5/kZgXk3k40cuissDjhNNpEbnAwNo2xHZ2KbkBWZGlGRz3ydIex9nUlKHu1qXy8MqMRtH34g5Et3ep4xIc+f3TzeL05412LHtdAFU3LIKfQmSLCfkE5Q5q5yQ8kAnK/+Igz/FN7YgeGJDSrGSTLFHq16CvhM405WdyBTgbKhC8fgH8C+rko0LW0Pp8zNY4oidmtmJWLoFL0xHMzcZQXUjDUSigUDShz+pEu92D1a4gImYrAnnFsjzdyz/dG4bZUt9z2zD+9gE1I248DveiRjTfddW7szmWpznZYCSGzofeVqBlNkm5uvWL18Ie8CEdTyGSKeDfrqmSaUN/uX4M3go3+n5BpmW76pXppKZjoVcoDv/V89F0x+UCtNI/PclN1tbvQg97c5xCzrJq6cZ7rDeC5SuasOH+O+Rf/vcDm/HPf/a8MiMPeuApd4oDCsEsmsjiufXdQizKcXI8STSU1FS4cNX8Snzulnn43AfnoMJXMorqJM/1XHzMALpzEWXjGBdcBLa3j+Mvv7Uar7x0SGVw0osrebxKFpeHZ1Ejam5eDHdDhZSNchyjQ5CwWmR2XDqaFPcMlirz4bTaF4kjEz0WjcIfScIU8IjBb80Natr04Gt7MUSHeo7sYamMMoMz0cTpZUQey+dC4Op5qLpmDuxlLKempJSmuylbXQ6YnFYkOocxtu4Qwvv6ldid/cDSMmvpyvHCmeXF0jJDr3LlPJEj0OFFwF8r4U79Ch/PcbNVbMJYvPQV8pp8roikyYK02QJ/PisMS+V+eQ43liC97JtF0XH/m0ozyHJxNIUm6tUualCZ1CQnEI7Z8aD3hW0Ye22PGn46Fkfg+gVo+OgymTzOIbdcyjl+K2KZPEbsTmS6RtH5ozfV/s0mOO2MBqfwaKbeEy8TJimT26p9IlK3um3Kcu0kS5Y8sC3gQax9SE0hZ7bFe7L0ZYUgFc3g5fvuwAevUDPnXtrYiz/+9hp0h5JIRtKq3xrj3D/KWexHWMdco2QW9goXMuGUCM2Z+S+6pgm3XtWID13RgGsWVcPnnsImPYfLOvVQBtCdx+Abhz4/EfjWE7vwD/++FonBGDCrbDKjUqYBpGDyu8SFpPLKOQJqQvPmIFMTYHE7JLML7ezC0Gt7kKWrCWn2LPNxU+I55V9IPZxFaezqblkKZ6VPjX55bjtyLFOSoFL6vdMJSWkZ0WKGd1GD2I55moKieeNwTzkljdrOIZ6J3nGENnVgfEcXiizLMZMUmnvJ5HP9XPiQ57Wwb2gzw3/pbFRdMw+u+oBkcCyDThpAepRr0BNBQlyOpBcpYgI2FGA9E+Pp04lXyXd4XpxS0P30ZoTW7lfZXCgBz+IGNN99jQjBJ2VSxaKSi0RTaL//DdUzo3TCZkHzF66TqeYKlNQtEEkXYLaaUe53oOORtUqCUO6WeHnKXUiFkuAUelkc+RJUtpQtoPGzV6N8cSMyFIufLMixkk7rMLdDPC0TuhZwKtOyN4Ibbp2H1/9tcm8uUyjiUHcYw6EkekeSaOuPYsveIWxrH0f3cBx5mpJmspjdVIYn/s9NCMUy+JeHtuHNNV0AqyKsiARdmDO/Eg0BF66+qBKrrmzETUvr4HgXS/cMF+8Uvm4A3SkEy/jo9I7A7u4w/uLba/CSPkqH/Ti998QHiW7ftYC9uEvgrgsISOT59kuAE8G0Q/oew2v2I0o/Qoqqac2kW2jpIWI5K5uHsyGImg8tRsUVreKE0ffidkR3dKvPE+TIqjvTBz3LlJkcaAgcXDlfHo7cWKYUogxLbQ6bylzGYgjt6EJoUydy1PPpvprHKovxPPkwz+XgmlOHymvmwLegTp7LWZ1VeAoP4dI7aIopyrm/ubRp38x8uh5ag6KI2ZX9WtNnr4avtRbZMPtik/QBsJU50fvcNoQo3mcJciSKwKqLUHfbpYppWQoqxaL4nI5t60TfzzcoUk8uD2ddAIViAZnBiGYxpl0+74XxBIK3XILaGxYpHd6p3B+aC0poVw96H12rlcJLdXMqG0Myh9d+fCduXFp7UnHvHUmgvTeKRCaHZCaPpXMCaKn1TbzXvbq5Fz9+4SDe2TOMNhorjMSBDI0EzHJ9v3fv5fivP195Usd6Lz5kAN17EVVjnxdcBP7f03vxD/+9HqMd40oXxyxKnzTAbCUUl6GllTcs1LI4s4w/Ie2ebEq+xXP+2fi2w8KMzI/GVZlvkqsJ61AkEKRh9roQvG4Bam9eLNnQ0Fv7MbJmP/Isg+kszFN5gL2rFqMxQeNpmD12VFw9TzRWpJNTTKzPajPZrbB5HcgmOKG8GyPrDiLbr42d0SniR2uI8dku5tRpiUvVinkoX94Km8suD1/uf2IS+gW32id3Qsy0rF432h98E4m9vUDQBwxF4L2iBc13XSPs2anZnM3nQnIghPb739TMAwpiiTbnt26EvcKHXLxEgkCphtshUoX2B1cjO8DM3wGzwwZvaxVihwbULEJ9KC4BdTwOZ2uVlCzZAxWP1JOt5rJnTLanNl5IfFBpMFB6nxHM28bwkU9fjGe/+aGTC9QpfIqEltU7BuRP12gCm/YOo2tjL77821fggb+5/hT2dHY/agDd2Y2nsbcLLAKdQ3HpO/yKHpUccSIDUXXTZDaPmHll4V3UiOoPXAxPU4WUnnLJtLLu8jhgYanv8CgGXt6BBHtZUqYs0RHppUOW9swm+C+bLWxKd1MQY1s6hE2Z3DegMjj+OZNURh56JiCWlMkJnosbUHPjQrgbg1JGFBo8J5SbzXLuvIbIgX4MvbUXabqZsAzJrOJYUw4m2JoZAWj/pU2ovnERHFVlalyOPm7mZB++F9j9oJ8OY0Q5QWh7F3oe3wCwn5TOiUVZy700by5HNpaYlM3Rq9TisaPriQ2IbekEqrzASAzBD12CupsuVsNYJyd/cFT40Pv8Noy9skuVRVNZeObWCsAlDw9rLjeKucvep9njQOuXroej0odMOHHKLxMsww6+uhvDL2xTfd9Juj/e78zmstj+9D3nRCIwOJbEzu4Qrl5QBW/JRIRzfVsYQHeuI24c75xF4NHXO/BXX38Tvd1hoNKt5m/pTDf+HUvB5HagiozKa+bJMyErY2j4lm4BR7XQ9oqZ2Nj6NhRZ8iEbcSrZhKW9DF1NqoVsElzWIhOf+1/cjvHNHYrAQVeTMy1T8mEotmNJWGvKUHndApQvaYKFPUSeNx01CM4OZRwd7xrF6LqDiO7vV1o6ZpLHIrwIw0YjzsQzsDUGUL1qoYznYcZCc+dJs/bO2Sq+BweSzMcmYNPx4zeRHYooluxYFMEPLkHdBzXQKj20lATdCO/pQ89jnFFHYMzCWulD65dWiYuMZF/6xplwZS4k+0Lo/MnbKHIkAWjH5REv1NjBARRlNJHel8vLGjV85ioEljaB+rxT2sTqy4nUYBidD65GgeciFnMle+Ea90Zw772X4/6/vu6Yu1+7fwStVR7UTrOZc8eLlwF0p3Q3GR+eDhEYiqbFo/KBx3ephzNBTn/T5sOc/bNEBs4Fdfj/2fsO6Liqa+1vqmY0Rb0Xy73IvTfc6L2YXhICAVJe8khe8hJ45CedJC8vpJBKCxB6D9VgcO+9GzfJVu+a3mf+9e0zVxbCtiTbgG101/ISSHPbuXfOPnvvr+SdXQ57abaADuIRxYsjcZvgAteOajQv+wjBA41JTlwXjzjykDwk9KYic8pAFJw/SrKoxiW70bhwB6L0lrMleWgcuOPFzPOiSAlgFmc2IW1UCXJnDxPTTZbXNFNSvVn14UItHnEop4FrnD0mTnjmJBfuSA9QI8QTrWm3iHMBe32UjhIvtc7uBafDC9CDa0zJsKP2/a1oeXcrkOOQbMqYbsPAu+ZCb0gGLe2dYYacYpJsr+LJ5ep9YEnQG0TB5ROQNW0Qws2ew9kTA6nJKIuNymdWwM+FBj8fjsE+rAChBpdyIxDN0qS4cpMHGfNGoOiSccq38AgI1mNO5Aa9kP0rn18FL6kq6ZQW6/TC8V7cITjSLKh45UZkUfWnyxaMxPHN3y7D4//aitGTi/DBny5Blv30UkA52hj1BboefCn6PnL6jMCbq6vwnd8sw76NdUC+HSCvhz04mczjCspvNctEnjdnmCDUwuzFiLajEmBmNkbYf/va/WpfcpC6gk0IXPFHYB9VgoJLxsIxrEDI1nVvblYgFc5gzOKoY3mivbikdBc94nLPHQXn0Hy5F1IGeGyd2QD2jphRtG6qRMuKPYg2EGhiAaxJyaej9eH4eyq0UC1/UC7yzh4Jx+A8kTSL8feneYmy65tL5Cwz9WC9G/vZZyMpm47s7T7kXzUROVMHKTPTziU/ljmzHWhYvBONb29WpqUuPyyD88UXjnZF9K/r2Iemqpk2NK/Zj/oX16gSYiQKS0mWIDD9Fc2H3b05vm0+2IYVoYTu5bGYIqz3BuBDwEumHW2bDqKG52PvVev7dR6Ayjbcf98c/Pi2CUf8Qrf7wsi+6EnEtjYgf25/bHrkyjMmq+sLdKfPHN53pccYgWAsjnv+uha/f3SjQpUVOQ47DTDIMYvzhWAZkIu880bBMShfynFEJooyCPtWNELdWoXmJbsQYaAQTlknCS5NTssTlNIhgwLVQJjxSBa3eBcS7X61eu8MUjmeJ6fRE5hlOS3InjIImVMGwWRLEXcETq4CI2cpFYBnXx2al+9FYF+DOrf42x0ji+Txk1QKfXqqyJplThkAg4GcuKDy0OvNZHs89/g57MNAo7eYcfD5VfBtq1YcuBYvUocXov+XZiWRqp0cEwgoIZ2g1YsD/1yqSoLsbwYjKLlpBpzDChChOWtyQcDyMTMrZtUVLCFysZBilHJyakkWvJWNSquSx+B76Q7Akm7F4DvPRsxmQZQLsd64dycBLxTe3v/IYsRY8uwKQOHx6rwYWJ6Lbf+aD6sm5XaE8Z9//4d45S9rccGt4/DO/57/OTyhT+eUfYHu0xnXvqN+hiOweX8rvvHLJVi16pDK4PhPQ1RyAiJPzKhH5rRB0kMzppikJMceDRUu+C9Q24rGRbvgpb8as5xkAJHbELCJ6unxOOnjyqTkmVqcCdeuWtS/uwX+vQ1KYokglRMhfWuZIyfImJIJy542BI4BOYLeUzYxOgHIsDRGqkPLyj1wb6tKugokbXOOlkV2HJ9WPAk4R5Uia/oQpBYrTpxM5GdggJPnyMwsxymZVt0ra9VChv3YWBz9vnwW7GW5ysy0U6ARJ3B7Cg69vB4eimwnA6Nz6mDlC0eUZafnzd4uvQOrXloLDwErpB9EokgV2bgQwqR0aLJwBL8AKJ0/Gc7yIoTojtDLFJrIVy52at7eBNfyvSp77LoRPdsawEt/vQzzZ5Ud85v562e24of3vA/nsCyseuRKjCDP9AzY+gLdGfAQv8i38IeXt+N7D65CtNEHFDo+Tv5mCcgdQEq/bOSdN1qsb+KBiKAqmcURXMDJvXVDBZqW7Eacq2kxQu2kzq/x60JRGAszBKhAEeZgiweN7+9Ay6o9SDA4cD9DJ0WUbh/KEbx0eC5esz8sruK00GEmx7mP2ppSXjUZJMOIBSJoXr0HrWsPIM4JskM4Wmb0T06YGlqTxw+EYcxPR85ZdEIvlSsVknNSuqvbSz8dP0Cit80ilkP7//aBLHTkmZEDd/ZIFF04WqEmO5V4Wea0ZNnRtr0K1U+tUIExElNSX3fOFWUc8R7UFgYsIWY50Lz+AOppwspFTywOU7ZDsjx/RdPhkiWDY7sPOZeMQ97cEQp80tsSdwIKObqjGlVPr1AAGWbznV8BBu2DLsy6aDCW/OHibp/crkMujPjSS8C+VnznezPxu7undbvP6fCBvkB3Ojylvmv8xAjUtQXwrV8txcuv7FR2Ohmd+EKcMCQjSohrdu55o2Bm+YnAjWhMBIyZxfkONaPh/e0KLMBVNoNFZ31KTvwMfmYTMmcMRv55o5GSaRcEJsV8Q9rExQmwt5NU5zuSifKw6apzfBly54yAhSobPkL6I8qI02kVaal2lldX7EG4ulWVVnndXXuIXY+vqbQYDUif2F+MVklkFukuIjLP1CwuOQ6i/cjM7KV18KzZD+SnSW+MqEkCUOgszkVQR0JFAIrVLIGx8qnliJDYzefs8iPvignInT4EoY8BUBIwOiyItgfEzUAy4yTYJIUWP01uZf2jkdLbfarHd/NMcYsQ2kZv+qEaRy9C5OhShOvaACe95roAULxhmPQ6bH3+egwr7Vl2dtPPF+OZv66FZVAWtj9/HQay132ab32B7jR/gF/Ey391aSW+++ulqNzTogAnHbQBSlXFRKrKmOtE/nkjkVZe3OEXJ8GCk1EwguaVe9G6eq/KxsREtIs+JcEmwSisw/KRP3ck0kYWI1Dvkj5c29p9ikzNXghXzCdSqiRogFmWLwRzUYb0ynguiucK+g4JEV7WmYwi29Wyci882zV/O00A+hhwTq0/GYgipV8WcuYOh3NwPhKRmILDHyH5Ox3eqQ5AZI8uNgFzhh2tmw+i9oU1h7mMvhCKr52GjLGlCoDSuWSpZ8ZvRfXrGw/b9rT7YR1WgLKbpiMRiint0OQCQfX+TDj0wlp4txwEMhVnbuDgbDS2h+AhAldzDyDZPgGUfYU+d5mijdmrvhzzdQPfZavYCrnWHEG0WRuXGjf++7sz8Ou7JvVopPihbftbMfHO1xDe0Yhv/2AW/vCd6T3e91T9YF+gO1WfTN91fWIEQknAyYP/WK8QlAXJlaYYm5FwGxRJLsf4ftJDs+Qk4fcR9uJMIt/l3deIhg+3I7C38XBPTTuTgE1iAuMnQIOeczlzhosKfPOyPeITF+HKWbzZTtQnDipAsoRmNCBjYn9kzxwCS7ZTUKA0czVYKDlmRrg9gJb1FcKJEzmuNAbYbtCcnTz0dFRpmT5YfOKo0k+0Zm/h66fS66hx2kPxOMx0DThWNqppU3pDqHxyKSJNXiXZ1uYHM+fSa6d80hmAyMxMG9x7G3CIzuFcBMWU3DRte2jT1DU4mTNsojpT/9oGtQAKxVBakibq/xt2NCCilRR5re1+OCcNECPVcJtf+I+92pKoTveOapEuE/pIZ9FmHozPv8GL0kFZ2PrUNUiz905g+b7HN+AX976PtGE52PbCDSjJ+bj7QZio32gcJjpixCkGpDLSDEeKYKBOta0v0J1qT6Qv+cV5AAAgAElEQVTveo44AtsPuXDbjz/AuqWVyk5How1oHDNPADpbigQm9tAYRBgguNI2kQ8WCKN59T40L/1I+cFJNqZZ8iSDjj8iGaF9eCHyLxqLtCEF8Fe3ilGmi9wkfqNZvuouyHT3DLVeXCCMlMIMKa2mDS1ELBwR+S5uDEgUgyYXrmnxLoSrGWBNqu/T3bwo+pRB5aE3KA+5544WySnSBTqMO3tTJuvufj7jv3N9wHLciAwTDnqjaAnG5P+PtLEkST5gxTMrkmomTik/GhxWDLxjDozOVKVP2anPRod4ok7pyh3WyOSNbmRdMFq4kp17eUJXyLTBX9uGg08sRZzap0YDnFYTxg3PwfrtjfAxc6YqDzcupKIJlN4yHQ4GzM7n7sE48nxSlfCFcOCRJYi2eRT9pXNVQd6vqIgsP/fXy3Dd3P7dHjkUiaPNE0SrNwKrSY83V1Xh7v9bgXizDzd/aSwun9EPta1+tLjD2FPVjtoWP/zhmAidp1pMqGnyScAuzrDigW9MwYzy3G7P+Vl+oC/QfZaj3Xeu4xqBv72+C/f8fiXa671Kp1JT99Dg/u4gLANzxB3A1j8HUXdAhJiNVrOU/TwVjdKLE+g9y5TSO0lGC+0Y3iAMOenImzcc2VMGymRF0nXj4p2IsBcm6v5UVunuFo5RC9T6aJzcjEZkTh+M7GmDYLJbBWxC4rfByizOCl91sziUe3dUqwArYBf9scukWqrjDoqUFJVTMqcOgsGkR8Rz5oBNtEBXYjeiIRCDjwCRI2V1zHyy7GjdWIna51cp9RM+d08QhfMnIXPSQIQF6Xh4Uz5uqah5axPaF+0EcpwCaDLlp2HAbbNFWq1Df5LEcIsJeqMOB0gk5/vFoBOKYcLIXAkGdTVuJS+mvRatPsnmSq6adNjXsLtXSvu7ENGJ6jTh4Cvr4F1XcWSUJYP+gTZcdHU53vrNJykClOX61bNbxXmAi6nGFj8OVLkRQgLtbUF4AhHEjXp5HyWAiqh5UgyaQZvVFKmidKKv0JmAn23xY+QVI7D54Stg6A1NoqdjcJyf6wt0xzlwfbt9+iPgDkVxz0Nr8JcnN6lSTFaXlStLlSYDsihoPH2wEhzm75gRpaWqLG65Jt8VVtmYpvHYEXQUZSBtbD8BgNDahrJNdQu3wU14OCfGziaqx3vbWq8sGIG5NAv5s0fAMTRfxJFJzhYUqF2t1IX0TTRlE6Wpkv5wx+oDaskMwRShCFKHFoo+pa0kUyZlAUGcYRvn2XAsIZkc7da6JrnMLoiypL0SwRoxloi5WGnxwDllEEqumChjLXzBToHElJEKUf5/fnXSl4+qNHGUXj9NiPQENHVkfzqdOBnUvrMNbYt3ARmpEhSK8+0wm/USPGhr1GG/Q1CR0YD+Xz4L1oJ0RfjvZWbNwN28cg/q/71RLdr4Pn8sUpNOE0KKUYfNL96AYUegB5zzvXfxwdNblAcjM1A2DNk/ZKWCQdlskLJ5qtkADz0WDTqkpBiRk25But2M7HQLnFYz8jMs8AejiMTiKCt0wB+MYcHiA7jyvMF44M5JpxS+qS/QnWETwJlyO5v2t+LOHy3E+tXVyvGYCh8aN44oQXcAhvx05J07EvPmDkZFow/VLX6kOizSi3PvrRdx2yARleTEdUVUEgDiCcLE0uG8EcidOVRsU5pX7pPsTyxsODEeSzqrJ4OtZVnk8pkNyJgySODkzDQp2ssZmrwrrtQ9B5rQ+OEOBPeTk2dWmWd3AtCdzFaZTeSeNVTpdhr1aiI9kykDRxt/IiYtBPDoRWcysKsWyFUlS8p8DfrGORJwYlwUaVkHtSkdpB9Esf/RxYhqi4xmDzLPG4Xii8ci2Ow9XAlI9slcu2tRxT4Zqww0kLWbUJxrw64DbUhwMcUozI0/Gt1Inz0CRZeNkwDcbQm60/0pRZdUBBpcOPDwYgW64nt9pAVQjRu/+H9zce9NY444Qlf8vw/w+svb0W9ELiYPy0V2pgWFuXZk2kzITrPCnmpEXoYVFLH+6v0fYtOyShRML8X6P1+CTIcZZpPhqH3RNn8EGaeQ4ao2AH2BrieTVd9nPtMR+PMrO/G9/1uBII1Ri52HuXGclEgbCIbhGFeG3HNGivRRbjQMdzAKv8UCfTwuXnHNy/cohRT2ujr31DjhJMt4aRP6I/+C0YJ88x1sQsOHO+HafEgJIIvH3EmQ70oGZUu/HOReMAqOgXlIcBVMKx9a6DgsEvCalu5GGzNIBmBOYJJ5djPsvBeR71JZHIO+jbqd3qCCt59CpaPP9AUCkJLjQP3729H09haVaTEgBCIovm6qcAeFGqCNT7IkaHRacPCF1fCwJEingTY/LAPz0O/mGWITGydZn6ax5Ms5UhFy+VDx+FJlveSwwKTToSA3FfXNAYRZ7jMmU00+J28YBnuKOCOQJtIrebU47X7M8jqQ6hDc36hKll1BLAyqB10YNbMUWx+76qhDTj+57RVtAjDJz/w4yKTrTv94ZSfu+v670Gel4t8PXYKLJyuvw9Nt6wt0p9sTO4Ovt9Ufwff/sAqPPbVZlVKkVJnsB/C+3QHo7XQbGI7sqYPki85mfsRoRIo9RXhl9Qu3w7+3XoE2OksdaZJX7gDMRZkCWsma2F+a6SwVMpMS/66uhPHjGe/OZVGzEVlTBoq2ppQmhcsXl9U5vc5ogtq09CNEmEHymkn67Q6Fpx2foAp7CrLomEAndL1eEb+5fy9LYsdzm1qiQldqemymGnXHVB073nP0aj+CNTJt8FY04RBdA7gz36VmH9JmDkbx5RPkGfC5d94YfKiY0vDGRpXJU6YrkUDZl2choywb/nYf4joddJItmkS0+eAzK+HbWQ1k2KGLxpHmSEE0HoeXva/Obtp8Ht4Q8i4ai5yZQxQ5vBfPR6mzsES6GW2LdinqQtf9RU4sBH0sgQ8euQJzxhX0atiO9mF3IIopX3sNuxfsw/DzB2P9w1dISfN02/oC3en2xM7Q691a0Ybbf/wh1q84pLhxnJy6lCrNpdkouHgcnAPZK/FJs5zqJoTKN63cI72LBMt1RFRqjRuR74rLRMPfiXzXvHLYynIEKVf3zma4NrEXp1MT3IluPB9RnYGI8OKoh+kcUYhYKIqYNyQ0B2ZxvupWyeI8mw6q7I0BtrtNUzchxy8UgW1YIXLmlsNelq286JjdfcZZHE0VHGY9Msx61PqiYrLwGV9Cx6hJXy41BbFQBBWPJ+13qOLf4pVnwd4Yg1QH8lRUwVRJ0F/nQsWjixTQgguOFi+yLhqLgrkjYPUF4IvGJZgbyF/LSEXtgm1oXbijg0tJmD0BMSFmcp0yRXkP2/0wF2dg4O1z5V1kebQ3gY7qJ83rDqCODuXaAq7rYohx+1A77vuf2fjZUUSbu3u9jvb3n/9zE370o4VAmgUv/PlSXDP72DJix3ueT3O/vkD3aY5u37F7NAKPvPURvv7AUkSbfKofpyG4GDTYR4nFkDFtCHLPLofRYhJAAFe5lGAKNrlR+/Zm+LZWHe7FdUZUktTrDcOY50D+uaMF5chMqnV9JRoWblOwfUFU9iCTOtbdaFkWA61RJ704gluIoox5QjKhMsDxZ8u6/Wj8YKcKyuTEHc0jrvP5eHwCJ4jYtFmQM3MocmYOVlkcieWfUy/OE4ljdoEV03It+PsutwSEFK0v1aOnf5I+xEyLNkW2FBx8YRU86w4oxCTL1/E4+t8xB7biLITafOLZJxvVRZIGuhVPr0SQlQBmS20+pA4tQNktM4TPyMDJkiX3Il+ubcsh1Dy7skN2jXAQIgwjR7IzEpJZGIXXTEHm+H4Id3VGOMbta9QFOppXPr4UcdJf+K52DXIMrNVuDJtajF3/nH+SBvTwYSobvBj31dfQvrYaF986AW/++tyTfo5P+4B9ge7THuG+4x91BLzhGH74p9X486PrFfCCpUpRzVdIN4oxG3IcQv7OGNtP1DyoFiISXrYUCRhNH+xAVFNs74yoZNEqaWOTNnkA8jREZYMbjYt2onXNXsgSnYHmWPJZPXl+HYCQIMz9siRjdA4rVJMke3EWEwypKfBVNgldwb+nXhF8aafSXR+O55csUWlgWofmq15cSZZw7jqrc/TkUk/2Z2KJBGwmPcw6HVyReG8SlZN6KQxepgyb2Cs1vrVJZVq8mnYfci8dj7w5w5X6SadNz5Kgk+on69G+goLIduEfGtJS0f/Ws5CSYVNkcr0qWZrSbJCgQxcDZtVJuoIEzgQ1bLpsSQse+7gylF41WeTEPobyPNYISF8uBfF4DJX/XIYQKS6kLnQNcrIYDEl/cM2/rsG4QZkndVy1g9348yV49qFVyJxSgmV/ugQjeign9qlczHEctC/QHceg9e1y4iOwu9qNr/1sEZa8t18pnJAMrdW9tEl9UK6UKm2FGUrZnURhkr+9IdR/sAMuunfzi0/agAZPZNAhWdYXEu5TNvtXE/rDaDWhfWcN6t7ejFBls8r+TjSL04YhKexLw9KcecNhcqYKqo4TICdSEpLJySNlIEHz1J4KQMsEqgI+UZg5s5TIs8FiQlgANZ9dL+5oT5xzeTTBllZCMrljOQOd+FtzlCNoCMi9daj610r1IaJsWz1IHVWCsuumyaLjY4sCOhlk2dGyKSkLJpldAvCFUXD1JGRNHKCI4dyIyLSniDVS5dOrEKps/KSx6ZGCXEBplBKAYs1Pl0Vaj1YCLP8S4m8149Ar6+BZtU+Zwx5p4/tf48b998zBj78yDq3eMKKxOHLTelAK78UDeX5xBa6/5SW5/n/85TLcccnQXuz9+X+0L9B9/s/gC3cFTy86gK//fAk8la0AeT4dOpNqBc7/z5o1TLIwUe6ni3eKcs92J81NI4ea1GRDwElnYAFX2pE40saXIe/8USLXFGr1imkm3cLFl66zKsrxjn7nrDPLgbzzRiJzfJkg8yL+iPjGUZ/Ss6cOjR9uV0g5BmRRNulBGqf1+rxBWPrnIP/8UUgMHYJmlxFpoWY49X4koO9RQni8t3ha7EfwSVoqwh4/Kh5eLEATeb7NXqQUZ2DInXMQ0xskyDDoyCbZWapoh5JjJ2olXPg0u5ExdwQKLxyjysFceHGU+e45LDj47MrDiMyjDo7GDE8IajP34nHInT0cYTqK9xiAokNKZirql+xC05ub1f0Y9cndFepTNpb4D7RizPRSbH7yarS4Q5h21+vwe0P4yhUjkGc348pzBqKIlZIT3Ihqnnzry6jZ24oFT87H9FNM+aS72+sLdN2NUN/fT+oI3Pv3tXjgj6tVXyqbpRiZeRQIgIjI/DTknTsKaaNKlGRVIAQjHZ3jCSn7UbVfJiZx79YcaZL9K6qbpKeKy0D62FJBqvkONqNhwVZ42MNjeVRbuctk0eOZ5/AYdCZnhyOwjy5F3tyRsObZlfqI9OKsQlxnGa2NvSLeG3srPZUOEzi6ytionpI7Zxh8lkwU+SoxwbADK6LjUBfPQLrOC6XA+AXdNL6cQY9Dz6yAj87u2Q4KL0p1oP9XZiF3aD7aGjyq/MjXRZPQCobFGDXCHi2pBM0eoRIMuG1WUvBakewpnsysvGHRLjS/u6Uj6ByBoa5AKPJa6YSzR3uoAV+ZJWApZpQ9fVQpWQ6076hC1bOr1TE7K/loj5q/dwVh1Ouw5LGrJPAs3VaP2Vc8oz5BR4+2ICacMwA/unU8zhqbj8wTBFvVu4JCEB+Qd/q5GfQFui/oHPFZ33ZtawB3PbAEb77xEZDWxRyVXLNABLahBSi8eAzMmQ4RzRW1EIdV9CYbPtgOH4m/VpMiU2urWhFzDolbtr28GDmzh4k6PwEErRsq0fTeNkRYguqJELI2KEeLgUJRiEsfR59mEzBI5uQB0CV0wl1jT8WQYkxSBnYjVNOqSmg9LZFqFAiPokDkzh2OtOHFcIeNyAk34p/O32CUeSMWB+fhLs+34UYq0sDM7vMLdse5XDjx1y+RENI3M62aNzahndk6TVHZ23UHkHflBDGspcQXhT+0TI6AFSJfq15dBzcXIezL+UPCU+t3y0xY8zMQYVWB75UOMKelomVjJepeWa+qB5SB+wTiMQGj0SBOEzFmgURexuIouX6q9GrleMcSntZGgyXSNKtw/CofX4YY9UptFtmV7eeoZJjJjfdZ7cZvHjgP3792pPwyGI7hxp8vwqsvbAdy7Wox2aaMYQcOzsS8qaW4aFIRZo0rQCa1Yr9AW1+g+wI97M/rVtd81IKb712AfZvqVamSskhSFSJgRLl/Z8+joelgmbLZg+PEwx4FTVHr39qkTFGzHIeBI1I6pG5hADordR2HIGfWMIGKBxvc0sNrp9o/NwY5bj2oGKpJTE1yH9s0QAhLiUMKUECieUmmMvCk5JhDyU01LN6NdjpRR6MAM9GeAF20c0nATsAxphh580bCkqfcF+rCTtxoXYy/On8JJDgGPvzU+1X81n8tCvStn9djleG0JhGWgaS6/2d2MTodrHlONC77CHUvr1MZMw1zW7xwTBmIsmumIOL2I0aAjCZOoteLwEDdgi1oXrBVka5ZHYjEUHzdNKSNLkFEUJGqL2fOccB3oEnAJwkiKllF6KpEkuQsmowG6Y3JK9biQ/pZQ1F82Xh5J7py9o40Rh2Zpj+MyieXKTRwMnBbUoyIxZVbgNwMg/DBdkydNwCr/n75xw7nC8cw/wcLsODlncCgTFHciQeiwJ4mFYBz7RgwIgeXzumPS2b2w5ThOXBw8XiGb32B7gx/wJ/37T34wnb896+WIkruEPlxGheME4zbD2OOEwUXj0FaeQmifmUySkPQiC+Iune2wE2eGXsRtMbpnMWxFOQKwDooHwWXjoVjYK70VNz7G1D31qbDgBOWfU7EL04rjzLQmozSO6Q7AjM3BjkiKplZuHbVoHHhNkTqKB1mOeyR190DENpATOTI9E6ryJHRTicejkvploocDYlMzDZvxmtpP0YMJhgQwgfh8fiy+4cwIA6LLtTdWT61v/PRcHLvLBn5qZ1MOzDBJxk2uD6qQ9UzK9Q7xUDX5IWxLAcDb50lcH9qWXYm9ZnSbfKcqp9crniazLQb3cg8fxQKLxhz2K4nWX6mXRJ7eFGqqBwJ8cgyqEEPq9UIjy8i5VG4aObqxIDb5whoiKjbbrM5IiytZujMBhx8bjV8VMgh+IT0B4NeQE0MojLQXFi0+JCWkYoNT1+DgaTjdNlC0TjmfuPfWPX+PhiK03H9pUMxtsSJx1/dhZ2b61WWZ9YDeXaU9s/A2ROLMXtcAc6ZVHRS+nmf+vM/jhP0BbrjGLS+XbofAa4s//PBlXj0qU0KbMJ+HAOOiBtHBBTiGFUidjhsvNOXS280iNKHh55xC7cqB29CuDXAiRZ0iFzU6ZE5cwhypg1RmY8nKGaqBJzEAyEFLuhpT+xot8MgREFkX0j6LblzWEoskr4hEXhEV7I01rRkN9pJOuf98bzadXY3TB3k8jBShxcj/+xy2EoypNdHsWctsfQneMwE/un8P8xLWYNoLBVV8Szc4v4h9sUKkab7uAJ/d6c9mX/vTFk8mcc92rE0zcdgg0tI4eIKTrAGSdmOFAy/YzYiGQ5l0dQFfOKrasGhZ1chTmI9A2OrD/ZRJSi5erLA/qWPJs7dRGAClf9agQB1Rwl6OhJBO56AI8Mqotk+ctzIZfSHUHT9dKSPKlF6lt1tIj+mFwHqmne2oG3ZbpU5JiikbIDJbFBKK8lSKgL0Swzh6T9chBvnDjjq0ZvcIcy49WXs3VCLAROLsOCvl2FQrg2vLKnAs4sq8MHqQ2g70C59Pilx5qSioDQd5WWZmD4qB9NG52PkgEwU83t7Bmx9ge4MeIin2i3sq/fglnvfx+plVDmxHVY54czNL7/BgJxzykUOiRABlpg4uRCl2LJ6n4gxC2+sK+CEvTxfGKZcp3DJMsaUCCLOe7BF9vFuO6SaGZ2zv+NtIjEIcTWOBNLHDxA3AEp4UXKM9j/sH1LlvmnRDoSZxZET11MBaCmNQXnGpZjEcJX9JEOKQbKKrq7fzOpq4pm40bocf3M8KJSD5rgDV7vux+5YqYBSvgiblPfsFsQiUVQ+tULB/FnOJpI2GEG/m6ajaHw/NBN8QuZFsgRJ9RzaIDE7C1PmjSXBNr+8RwPumAuj2aSg/2BmZZL3s/r1DYp0Tp3MI/XXuNBh1kWvXoo9czHn8iNtxhAUXzLuiDJjR3xGOp3QHJpW7EH9a+vVu6vXwWzUw2kzweWNiDtAR2Za0Y47vjUF//jujG4fOdWGZtzxKrxbG1AyvRTrnrwaeQSpAPio2oWFa6qxcEMtlm2oRQvFGrhQY7Dnz3Qr8gvtGDcoC067BRZ9Qn49Z1whbr5oMMxdXRO6vZrP9wN9ge7zHf8z7uzvrK3Bl//fQjTtawGKSR3oVNtikMhyoODisUgbWYyoO4h4JIqUbDvCzV7UvrUJni1VyjFZg+Fr/SsiGmMxpE0eiNx55dKfYd+kfUet7BerawfSUztRFY5zaDUFEipoZNpQcNFYZI7th2gghEQkLoK85Fc1Lt6F9rX7VVBiWUuyuB40AXn8pNBzSr8s5F8yHs7+uVKqFSHmI0yqJBE0xtNQbqzCGxk/QZquFgeiA3Gp66doizvg0PUgczjO4ThVdhNlGbo8WFNQ8eRy+LYcVAhL9s68QeRcMhZ5Zw1HoMULUWJMPg8uhCieXfn0Cvjp7cd9WNI06NHvphkish1uUwsFndkoajs1b2xE6wc7lUqKJsysDQSPG4iInqYx3YoAe2kU/yaAiDJft82RcyvR5u5BQjRtbd9eg2qWYPldIdAqlkBRXipaXSEEmMHxGvi3inaUjczBRy9eD3NXR/GjPKjnFlfghm/8G2j0Y+rV5Vj6l0s/YVJLkMtLSyrwnT+vQX0jA14cqPUAbDcwuvHczCjpB1mahi0ffgWj+2WcKq9Gj66jL9D1aJj6PtSTEXjgX1tw74MrlCBunqIEyLeeEkq+EGyjSgTEQfg0yzqcgMiNc+2oEWuccFXLx4OVFnRor5LjFAmw9JHFQhvgCp0KJy0r9iqgAPtiPS0ZHu1meD5mB4EwbOXFyDunHKkFGUpyjIaXJJ1vr0bjwu1KhDk16RXXowCXnH1JLo8nkD51IHLOGiYTKxGbophxjInRlUgV4MkLaQ9gsHEv2li6dP0QKyPlyNO34WRrkjCL/DzRnB97RMzOkn59Ut5bslsyDnngLR6knTUUJVdSrDkogtmyiSSYUZCwDFztpKUQYUlJuFBESXKNKzvsFk6EZZYdjcv3oFG83pKi4J2fLZ9PKCwWQPZBefBVNCEmEmOkx0RRctMMpA0rTHLmehDk0lPhrWjEoadXIs6gwgpGOIp+xWkIhWKob/KqsmJS/cSq1+PDR6/E1BE5Pfk6dnzmnkc34FcPLJVj33zHRDz1o7kf27+uPYifPb4RTy3cBy8DnM2MK2b1gzXFiN0VbWjzhBHgkHpCOHtqCf72w7PgTJZ3e3Uhn+OH+wLd5zj4Z8qpPaEovvabZXjmSVqipIj4awcAhCUhk1HcrqkzyT4cJ3ajnRNVAo1Ld6F58W6VDbHXwp8aF4m9tkAUtuEFyL9wrBiJsncVqG1D/fvb4NtZe5gb15Ngc6wAJ87TAVnVZ88aLghOIiyYyWlKJ03LdqNtfYWiGHQuq37iuF3qpZ1oA8Ych2SkmWPLhAJBMeaerPzZp2Nm92r6TzDeuAvQRfFs8Hzc4f4e0nUeOHWkGahgeiJBT484wjChPW6HQ++HFeETOt4Jv+MMchRSTrfJu9JIdwFnqgoALV6xJyq9YZokHDTaVShXJll6MUVtWrlXORJo1kftfmSdNxr580aoBUZSn1JpWB5EzUvrVPm7K3eNcSsUk2tJn9Af/oMtCLGKQLoBj3lOuQh4R9k/7g78RPHppD0TS7DRRrda4PkjKC5yINViwt6KdiSITtaUftoC+NMD5+E/Lht2XEN69f0f4OXHN4kC0c9/NBf/c+NoOc6SbQ244d73ULe3Rag7E8YX4ke3jcflM/rJ3z3BKNy+sCjeeMIxDCpwyH+fbltfoDvdntgpdr17a934yv0fYsV7+4Aip3Io1qgD5MI5LSi6bCIyx/UT4AbJs9QkDNS1o/7tTfDtqlF9CY0bp8HxKaFl0CPn/FHImj4EJotZceO2HETDO1sRb/eryUHTt1TL+G5I4Ef4uzaRtPuQ0j8X+ReNgWNwPqKekEJyW4xw72lQAtCHWo4qHXZUFoGWJXqDSB1ZLJJmqQXpsurvLovTHjXn2PaEDbn6drydfh+K9Q3wJOxI0QXxE9+X8YDvegl0RsTgTVhh1weQpXMLYrM3WRkDaQAmBBMpGG6oxYF4tkxqls8z2OmAlGynePVVP7tCISXJTWzxwpjtELFmE53EmXVr4BPZx4GWtftRy8DFYMR/LV7YJ/RHv2unioMBe33sEZszUuE91IKDjy9FghkfS9FdgxX/3x9GxswhAlpxrduvgFJtPqSUZaP/l85SEq1JAeijfk3JlXNapWRfQQ1LVjF4vmAYxkw70jNtcB1qEUm1DvfwvS244kvj8Oovzjnub38oGsOYW17GR0srgVwblj5xNX1iMe/utxE+0AZDcRp+eudE3HPjmJ6su477Oj6vHfsC3ec18mfAeV9fXYU77nkfTSx3FNoPm4USqdjmh3VEIQovGSvlvzCDXhJd1ra1SigAcRJpxVLHoDI5LeiQqzYgBwXnj4F9YK78nhMZy5tt7Ivxc1yh96Aldsxh1hRIEgmkT+wvK3KCHcKegEh40VqH6iatNHHlZ5NAgY5enEa5k5Jj4uMtOq2MygmYWeLZ5Sqj1ekF0NJtTO504cyyauLZmG3ehlfTf4xEXAdPIhV2vU+C28P+i/D74HykIIy55s3YHy3CpuggWHXBXlHJ49BLQL3b+gq+4/g7HvV+CT/03Y4ifTN4DTEY5OdntlGPMtMO975GUT5JMIhwca5le1YAACAASURBVOMOQp9iFIJ3amkWIm3+j/Ee2ffy7G/EoX8tl76qQlh6kdI/RwISuWUscwrog67d9e3iLSfi4Emh5k/cY7sP6bOGwWS3oun9baqHHIpIebT/7XNgySHnkddxjJJl0kCVPa/qF9bCw+pAnlMAIBQpt5ZmwlvRrIBY9HwjlaDOg0HDcrDhyavhPEHn7jV7WnDu7a/AU+VG9oRCWWi1VLtQNigbD909HRdPPT1NVXvyPvYFup6MUt9nPjECP39iE370lzWqYZ2jwa+TSMVEAhmTCBoZAaPFLP049tUIKGhavhvNi3arBndn3ceOoAOxuMmZPVTU44m0Yx+DhqqiFym9k5NgqcOGuzsAY6YNufNGImNCmXCeyMXjCt+zrwH1721H8EDynKKIkUwYSVQnPsCoV4ErGvt4zNUAJ74wUkozkX/uKDiHFIgs2PE4f5MrdyBWiP+2vYCfOv4KbywTIZDkm4CTOZjej12xAYjH9Sg37UJzLB9Xun6Cj2KlyNS5epzVMcgNM1TjrbT7YDdVIRgtwnzXj7AsMlKCuFkXRaouBLsu+OmXM5N6lKFWHyofo4ZlUPXlCEoCUHLDNKSPKEKoxXM4uLAk6ExFqMktpOsYxQiYLfH9y3Kg3/XTxHmc2ql8gAIsavcJjSDS0J7kynV51SWd9sM+oghp48rQ8M4WVSJlJcEXQv6VE5EzbbByLD/W1mHYakDt21vQvnKPoi1EY2Li6hheKHJ1Emz5rnEx1x4Qnt6qp6/FhJPkSvDoO3vw1e++o85hNwtZ/hd3T8e9N6hS5pm69QW6M/XJfkr3FUok8I1fL8Njj2wA0i1ABvtxSkmCPS69zYy8C8aI4zUJ1eQYWbId8De4UP/WZniJfGOw0kqV0lyJCZ/HkJGKvIvGIL28RBbG7Ie0bdGyP79SsuiJ0six7p3n44rZFxTuWsGFo2HJTVMSXkkdTLoMNC7cgQTpBZwoRcMwmT7G4jAaDLCmGhGNxhEKx5HUw1Bn1UqVoSgyJg8QGoVyFj8+zziWH/2wIJBIwYL0H2K8eTtcsSyEBVuok4yOgdCAKKy6MPS6dsQT6Ti//VfYHB2ETJ27x29Ce8KOoYYqPO38FUoMTYDOi2eDl+Kr7u/gG9Y3MdhQh2dCc7A/WtDrbLHHF6HpUTotopDDIETneKEEJF0p8q6YgNzpg6VKIMLLYvKQgNlpQcQfxsEnaGvTAmQ7FZ3FZBTdSyrZRNoDsuBij4xAkoP/Wo5QZZNCWHbd+CxdPlhKslFwyTjU/nuD6sslRaMdkwei9KqJskBSvMejZHMMciajyHvVvLkJbYt3JW2EIIGGPT8ief1cyJHeoNk+1Xrwvz87G9+7YUxvhq/bz4rlzqMbgH5pood54SVD8PYvTj+PuW5vtNMH+gJdb0brC/7ZmtYArv/BAiz/cD+Q71BfSs7//JK7fDCXZKPwsvGwl+VIeY7fe4JO3HvrUPP6RsTqXSpYscmukccJ9Q6GYRtZIqVKa2E64jGlCtLw4Xa0rdynSjgnWqrsIJsrblzGtEHIP3cM6EkW9QVkdR9s9aH+7S3wbj6oeHHsBWkBjj+jceisZqTbzbKq9wYiSBBazmPzZpklsnfotIqwdNbE/hLoBWouQbB3LxCDHHf6KFaIL1s+wD/Tf4lQzAZfIgUGHbNIdpgSiCYM8pOHXxsdgn8GzsfSyGjYpHTZs/ouP+dOpCJT78UTjt9ggmk3wjCjIpqPA4liXGhdBRjc+H377fgf75dRpG8V2MvJ3mggS31JgnQqaYZKwja5ckSltniQce5IFF08TrRQNSCJstGxSEeSyiJCI2DgotN7NI7ia6ciY2ypuFgwMLIsHdcBh55dDf/2KiXq3HUTlRM/jOk2lNw4Xfid7rX7VPCkAHT/HJR9+SxRLTkmoCipyUl0bd3i3Wh+Z7N6lwmm8YSQPqk/EnrAta5CLQC1PmOVG9fdMgbPdUFInozxDkbiKL/5BRzYUq+qMZ4Q3v7b5bhwasnJOPwpeYy+QHdKPpZT76Le31iL23+yCFU7GoEih/qicg7lZBKKwjGmFAUXjIHJniL9NMK6CSZhj6uZK1gGCvY/uJNWAmQZSqdD9rzhonNpMJooCKGAKu9tg1+AKikKAdcdku1YQ6Zx3Nr9MGTaJePMGFksRpg8v8FsQtu2g+L6HSX5V5uIkjqGMsnG6YVHtJ8ecY9SRulQqxAFFWaJYVjKaKkzEvYBeTIONIvtLEPV2ydbG8vCNPNOPJH+W+TrWuCO2zqAqRFQSFiHhE6HfF0THvVfim/6vgUTosjXt8IIZps9i678lDueiiJDMx53/i/KjYfgTaTCrAsL6CWeMEOni+Hb7m/i8cB5KDa09DCE9uKOkz0sZvKHnl8D77YqtTDi5vLDMb4fSudPQSwYQVwDfSQdDAxmIw69vA6eTRUqC2eVIBBB7sVjkTdrmIB/SD2gMAGRv1WvrFef5TvJhVTn9QCDDeXX9DqU3jwTVFRpfmuzyiqDERnR/l+dA2txphIMP2omx6qEMndtWb8f9a9uSAJjTECbF+kTB8CQYUfryj3yDKWcz5JoZRsGjivAtqeugTVFWIEnfVu/twXnfu11tJMongAuv3w4Xvv58YNdTvoFnuQD9gW6kzygZ+LhHnl7D+786SIkKHOUy35c8i5JHdBDenE5Zw2XFTZRZ8yOQm1+1C3YCu/WQ0rCq4MAnsx8kn2T/EvGiawW9+Wk0L71EOrf3YIYFUII4T9RGS9NciwUEXcDupVbc52IBiIwWIyI+sNoWr4HrSs+Ujel8fH437zPcFSyOIIi4tGY4l0x8GnKEJp7Arlxk/pLP44ahwxyvQGcHOm9aUvYMdO0Aw+n/xlZ+jogrqxjCJeLIw2emAWheBxWXQikH1zp+im2RAegVN+ogK89DHJySGpqxtMx2bgbT6T9Bll6r5RLFXITsCICf8KEG9z3YnVkOHL07pMb6JI9LJaPq15cAzczHAYWbu0+pI4oQr9rpsj70KEfyWzJbBRgSu2bm+HiM2QmxwVKmx/pc4aj8IJRwlFjcOSxKbVF5wIXBb8ZELsGOeHKKTf3srvmif5q9dMrD1cUghEUXDEB2ZMHgP3DY2/0lbMJUrjmxbVJQFOKaLTay4uQNrRQFnSyaOJijhG0LQAKkK169lqMH5L9qU4n766rxoW3vQqE40CqEauevgZTR+R+quf8vA7eF+g+r5E/Tc77g7+uxW/+uEqV8tiT46zH7Mrlgz7NjsLLxyO9vEgZVVJEwWmFl6XK1zYgSlI1G+4SFJJpHLlxJI+PLEXBRaNhyU+DLk4OVAQNi3aidelu9XnaiPSs6nbkkewoVdLVWY+ss4ZIkGOxj5kcg7HvUIv0XYJEujGoMiBrWRwzsWgc5pw0pOQ6BOAQprI9r010B5MBu0VTUBmjjFeDESUm3ANVjGO9AgxSVbFs/NX5EG7NfBgIF+E130zsiRZhqKkel1k3Qmfwwx9OhTkRRGsiDde478OOaD/ksE/XS7YTA1p1PAfXpCzBI44HhUvH7p9kGok4HPp2vB+egttc35egyH7giTyezvfOnpnBRHK3GbULtqLtg+1Aul09jyaXoCXLbpkFo9WIsDtpoMogZzLKc+SCqmXBNiXXxefT7IFj0kCUzJ8oGTUXM4YUEww2M+o/3IkW+srRWUKqEp3uQviOFAsPouC6qbAPyMXeh95TCxsGomYPMuYMR/HlE6TXx4XPUdcSCcCS4xDh6YNPLVfHYG+P6M+SbORfMFrc7sMEwZBTyveVC0lXEM/95VJcN7u/DFEsnsA3/7gShw668Ifvz8TgQucJzxyvLz+IZ17ZgV//cDYWbq7DHXe+joxBWVj8j8swekDmCR//VDxAX6A7FZ/KKXBNrb4IvvbLxXjxX5uBAqdCaHFO4JfbHZAeReEVE4UTFmrzif4jM5mGxbvQRK1KkqqdFnUnWlBgADAakDNnOLKnDYaepRqdHsEWD+rf3Qofsz8GnBMtVQrAJa56LDlOFF46Do4h+WrCo5WLDmhetVfEmBNE0DGL01b2jMm0NdHrYBuYKyAC/6EW5Q2W3FfuR0qVIaQOzEfeBaNhK80UMeaEVtI84WeYgCdhw2BDDW6zvYXaWB4e9M6HJ5ECM6KYZd6BHzpexHTjNsQSBKX4cK/36/h94KpkRtezkuXhy9ThQCwP99uewn32J+GLO6WPxVxPl0jAbmjC77y34D7fbSjWN/W499ftMAhQwwBjWirq3t+uAhbfGwa5Nh9M5MrdPltg/R3wfSGR60ENy8blH6Hx7c3q8wQ4tZJEXoCym6gFmUDEG5Ljk0bQsGQ3Gt/YkHSX6FIO573ynWn3IefCsciaMRj7/rIQ0SaPCqDNXqQOL0TpddNE8etYEl8M3OzJ+WvbhLYQZ3bPBZ/LDxNL5xeNQeuKvfCz/8iskl8sLh6rXPjmt6bjof+c2jFsW/a1YOyVz0gQLBhfgIW/vRAj+qV3O6zH+sAF330HC/64Ctf9eB6eu28OVm5vQIYzBcNLT+y4J3RRn/LOfYHuUx7g0/HwO6pcuPW+hVi/iqLMDsXpYZBjUAhHkcYS3TmjYEw1I+IOwkiEnC+EhoXb4SI3iJMOG+sa4CRpyWMuykbehaORNiRfSLecgLjirX9zEyKt3qOWKtnw5+TRo01DPQaV+7dIjmXYRDLMYE1B2OVD/Ye74NlQoVb07MdpuUmSFGzKskuZM9zihn9fkzo370nLSinjpQOyZgwVc1Sq5HNCPdFSZdf7I2eNAJEg+2NIwKYPwYoQIjCiMpqHIkML3sn4AcqN+0Ul+vXAPNzu+S849Cx/RXo0XNqHeEyWLv9h/z1uSn0bnnhm8nYU5MVuaME/fPPxfe8dyNJ7JNj28Ikc/Tp4AIMSNW5Zsx+1r6w7XOZ2EcGbgrKbZyK1JANhlgmTQA2+D6aMVLSsO4C6V5OGqARGtXiRMiAXZTfMkLI0hZoJNjKmp6KVn31jk5TaP2bc2/nqmr1InzEEBReNEW3MwJ46INMh1QuDMxX9b5stAZMI3WP15aiyEmhox8GnVyDa7AMyrOI4QDun0ltmwrW9Cu10KWDWqq1HKttw8dXleOWX54mgs7Y1tgUw8+v/xt4DbQL6+t97Z+N71yij1ePdzv6vd/Hh67twyfUj8cbPz2y0pTZGfYHueN+WM3Q/gk6u+8ECtFW2AcXpyUwnoVy8Ewnknj9K+nEEA7Dvwd6Vr7oVNS+vVTBtrly1kpD0r4LSwE+bOkiCIw1KiawjMKB5zT40fbhTZUeUddLKjd0JnBxr7KVvqEP23BHInT1cgi2vlXBy95561L6xSUkusTTK62RwE3mniHACHcOLYCnLhndPHQJUrWAWpwnosvzU7oeeYs8XjkbmuP6SJdK250RLlUe7JV4aQScMeuzMaUjLcMKI2ng2Hnf8L25IfZvWr9gfLcWlrp+hKZ4u5ctYL8qXzXEnvm57G/fan4UpAZjE+ieAaCwNXliQrm/D9ugQzG+/D6QhZOq8PQa6HPVxiYO3DS2bD6LuhdUqyJHczQxIr0fJ9dOQXl6suHKdNhLCXbtrUPUUvehY5rZIJmdIT0XZrbNgzUsXhCWzPgbR1k2VqOHxKUygLcC6XhRVU8b1w4CvzMbB59fAtXQXkJ8mvTqiaQlKoVt4uDNvr+sxBLBkFYHuyqeWKyUdcVegIHkcJTfPlPJ3A7U0+f6x/8xSa5UL+f3TseOF64/o/P3B5jqc8803pKw5ZHwhHv3BLMwsP75emjcQxfhv/Bt7l1bgG9+ahj/fPf0Mnck+flt9ge4L8Zh7dpNPLNiLr973AaLsFRSwqZ9U5CdaMcMmJcC0kfTZCkBv0EnwaF1fIT0SkeQSzpmW+OhkwqIYb+4FY8SsVJByBh3ivjBq3twMz+ZKBVJJ8te0/h/NJqUVqAWh7i6/s/hznhOFl02Ec1Aeov4gDBaz9FKalu4WrzoRnNZ0KrXVtCcEvdWEzOmDobca0br6AKJNblXikiwi6UvnVUavRZdPgCUvTUppcTpYa5Dw7q7zJP+9Kp6D71pfws8df4UvnokI9Piq+3tYEJ6AYn1zjwMRR7silouHnH/DV9MeB2L52BEehJWhgbgsZSXyDG0IxVORovPJ8Z8JzkOpgYCX3pZHOw0Ak+RsO1y761BFI1RmzXSCZ4k4EEbRjTOQOb7/J4IcA5d7T50IISfomM19XAHoUk2ilGIrylQqPFQ9oarK7lpUPbtSpOfkeXatDPAWWnywDs7H4G+dK870IurMBRsNcQMKfOKcPAiRNm+Spn+EB0mCOwW6gxFUPLFUBTmhOESkClJ03VTojUZUPb1cCR5opPBWP4xGA5Y9OR9Thx4dfPL4gr247SeLgBY/zPl2/PG7M3DX5cN7/Uat3d2EKXe9DrQG8PcHzsWdlxyfdmavT/w579AX6D7nB3CqnP6+v6/DL/62TmU3mRRXTvbjPAFYBuah8MKxSC2iKWhAenEEKdCqpmXRzsMlQAlMScdsVwApArUfLby6eDgi3nFUf6h7cxNCtW2qbCjZUkKsSZhdWVJNcgnBcBe1kWOlPFRnCUdhG1aI/PNGCgGcyDyWKgNNbjS8txW+HTVJonqyNyOk3JhMrNZBecicMhjBulYpcckE2hklyt5iIoHMGYORO2eE9PmUjJdmevbZP0WWMpsTtO45iJecP4Fd70cKIviZ7xb8xn89inrRRxNSeoJZmxcXm9fCogvj1dAMbIkMxF2pr+Mhx58UPV3vxyuB88Q1IU/fCpMudtw3zvKeZ289ql9eixirBQRqJNGOeZeMFX8+ATiRm8iNfa/0VPhq21H17CqlIMLeGSsGCR2Kb5qO9OEFCjCk14tLffv2KimHkst4xCDH47r8MBdmYODX5sGztwHVTyxLltANQgHIOHsECs4fDUckikg4hvZwDMauCxuCaWwWxCMRVL+0Xum3khbBfnabD/nXTIW1KB2VjyxW5V6+W3zJfQrd+divzsdXLhzc7Vi+uKQSt/98MTz7W6Sl8LVryvGT2yYglyLqPdz+57EN+OWvl8FYkoaN/7gco85Q8EnX4egLdD18Qc7Uj/kicXzz10vxxCPrgTwH4EyCTrgSpQv4+DIUXjwO5ClRqYJw6UCzG3VvboZve3UXtKLiH7EU6RhdisKLxyaNMmOiCdi6sRL1b29Ggqt2rpi1hCASh8GoR3aaFUEK5vLcR9o6lzS1fTlJIoGsOSOQO3OoEk6JJaBPNaNtSyXq39iMuCYfpVEV+CFeQziGjLOGIm1UCdpW74Nr08HD9iw8PydZqr2k25B/zkikj+0nfRJBVX5OWZw2LAxOkYQBjfEM3G97Et9z/gWAEfe4vo8/+K9CiaGxV68sOXfehAUtcYeUSNnnY7m0IZGJO61v4k/O3wD6FrztvwY3uO5Btt4DI5J0h96ciZlcpk3K3YeeokxXUAUFPnNvENkXjEbBuaMQafcdVhthtpRuQ7DRhUNPrVDcNWpe8tnHYyi4ciKyJg6U34s5a6ZNsr6q51ar4Mkg2pWHyXfA7YfeYcXQ71yAYLMHFX/5QC3aRDTaA1t5EUqunYpQNIGp6UbEEgmsagzCYmDXMrl1yuSqXlgN/y729ZIWVW0+5Fw6HuljSlH58IeIMDjzurVFZJULd3//LDz49ck9HsHVu5rwtd+twJbV1cJfHTGlGI//z2xMHta9dU9DWxBj73oN9etrcPlNY/Daz85c3lxfoOvxK3Xmf7C2LSD9uOV0HqBJqtWoJgT2SAjJP6cc+XOGC2Q+Ho7JBOXaU4taUgfoqi1w7iREW+SS/DCY9Mg8eyRyzxqmVtLSV9ej4f1taF3+kSLFaiUkIZxH4HBaUFzoQGtrAA2tAdUXPBY8XytVtvmgz2apcqzoHlLSiShJKsPXLdyBdnKlOKsIUV0z41TahQQ6FF09Wfzwal/fgFAl+yk21TfhLMaszh1ASv9sFF05SfnSufyIx2KihnEqbAqsYhMe3X9YXxctykcCF4H9Nv7ueDYhoCd5dQx4PljQEMvA/fanMNxwAP/nvx4HYgWw66gX2YstiVxhOTFQ34bKx5cg5mKQI7mbCFkfMs4ahuLLx4tzRIcLAANXEgBS8cQyVRLMcXb4BorW5IzBAlYRndIsOzz76nHoXysUWZ9l6iMFOUqDWU0YcveF0j/b++f3kaCAAHvFzR6YSjMx4Pa5YBk95A7CYtLLaxmIHS7Yao7nzDYrnluJABd+7Mlxa3KLT17xlZNw4JFFCOypT8qMJQUT9rfi3GvK8d5vL+zFIKqPRmIJfOvBFfj7YxsEIZw6NBsPf/8s3Hj2gGMe675HN+AXv10m4Jg1j83H5GGfLk+v1zf2Ke7Ql9F9ioN7Kh96c2U7rv3BAuzdUKOCHFeyBFswg7GYkX/JWGTQM80XEsowy4CtGw+gnsg14QQRFp3cWKJp98FakolhV0xAtF8uwv4wjClGBJn9vbMV/l21KluizYpWqozExLLHnm6Fvt2HlvYgYGZk7BRIugJTNIcDT0Bg5PkXjUVqYaYI9RqsRgQa3ah9YzOCBxqUMaolGbyFCByVVbxtdDEKLhqPQG0r6v69UQktE9Iuk3Ey26MG4fQhyJszXKFLxTD1yDJevFpWXsPxBFI6r/Y/gxdAC0ZUNSHvjd50FF3uDRDlWJfJ4wcTJgGkAAbR1EwXIEovXcmYyWWkwlfThipxCiBs366CXKsPaTMHo/jS8QJwIoFaFhNJYWfKfR16cQ2CFU2HA6M3hOxzRyJv7nAJjIlYDOZ0O7yHmsXpQEH6k9lT5xvkcb1BMdKl64C1KAMfPfiu6skys6Sqj92C0hunI5XKJ+0+uZZI0iexo2xJvUzKjsUSYCbn3VmtqhTcWr3C4yu9ahIqn10J37ZDCr2pOXTUuDF4ZB7WPzkfTqJFj3N76JWd+O5DqxGp9wiI59s3j8ZvvzkNJkbkLltDWwDlt72Klh2NuPDqEXj7l+cd51lPz936At3p+dxO6KrfWVuNW+99H40NXqV1x+DB4OUKwFycicLLJ8BOAVyq+6emIJGIo/797WhduVehxDQNSE4aDBKhMOzDilF06VhYMmwIJY1V3fvqpR8XocYlQQMasIOBMRqDtSRL7EnoBSYlTzboj7V1EkzOnDVEDEwJ7U9EE6KO0b6tCvULtiJGYIyoqiSlnfi9T8L/c88egYxJ/dG0ah9aP9ipzsn74aYJU6eakXveKGRPGoBYJKZ6SMcoVZJ+QJX5rBQ9WkIxSQY/68qmhsbsrQddT14kHlPI41IcVRqbvdokYCVLj8+sREQLKhzvlqTqyY3T1PpHQ7ByH7sFEV8YB59deVh4mYHR7RfidtFFY5XMGon9mTZ4K5pQ/eIaRJmtHcluRwtyRgP63ToLzsF52POHdxE8mBSN9ipLpdLrp4s9FAPskW5VRKHFYVuH6jc2wLNqn8rkWA1o9sA+pgRlXzoLde9tQ8t721Qpk+fmS9HiR3qODSsfuRLDS9M+MYzb9rZg0cY63HV1uSyautve31SHO3+9DJWbaEJsxJx5A/D7/5iKMQM/Tvy+//FN+OnvlsOYbcPKv16GSV+gbE6Wr4keE5S6G/K+v58OI/D4O3tw2/9bCHgjAFUWtDKdy4fU8mIUXTFReGdirUMbkzYval/fqBrsVHAQu5pkmsVVMyAr69xZw0TGi0hJU6oZzcs/Qj3JvwygIquVdAAgF89ogLO8SNCQ/n0NCl2paWceaRB5jcymaMZKwWSasTIIsVRpNAhgoZ6qKsv2JDU1k6oqGnGcqNFsB/rdOBWWvEwcem4FvFsOqoxCow5I+cwLc3EWiq+aBFv/HFUO64FWZTSRgMOoR6ndiApPFEH2CLufo06H1+XErzHZXwu7Aqh4dJEiYHPi5zvU7IWtvBilN01XWVPSPFUjXEcZ5CjsXNl4uO/V7IVz2iCUXDWpQzCb5VBvdQsO/Wsl4h6KajOT68Ly4/tHN4pIDP2+OgcZY/th38OL4KW/IUuhLLP7Qyi8fhqyiPZkH/AIqF9Z1CRl4kQvk3xMoo1Zkm/2CrBp0LfPQ9PiXah/aa26bo1G0OoX4vc7T16NCyYVfWJsecVz7nwdSx9ei688cAEe++FZPRr/2hY/bv7pIix6f79838ylafjFHZPwvWsV384dCGPYra+ibn01rrh5HF79ybweHfdM+lBfoDuTnmY393LPX9biV39apVwHspMuygw8vjDSpg9CwYVjxF+NElksA7k+qkHNK+sQI5mbZRl+YblJ9ueHPseBQjbbhxaKJiABJ0RX1rM/RrNSKpyQF6XRFHwhGLPtSB9VilC9S1B30vjQgs0Rg1zSxof9slLljkCzzRhLlTYLgk1u1L+1Cb6dtSqLY2lUQ0NyYvOH4ZjQH8XzJyHc7BFYeoTIPJYqtfvhGBB4M0FpVaakpwp1IHGUUuWRLlMpoyWoI/JpUepOvzeV1jnM8Nt8ErDCtM7h4oIvRIsX1qEF6HfjdEHxapQABheB6YciOPTcagR21yp3AT7TFpYEB0jfi++g8DizbHARvfn8GsQJEiLw5EhBjs+YXLbrpyJr2hBU/HMpXGv2qXKllOyDyD5/NArOLhePOs3+52ODzkyOSGG9HlWvrFNBjufjIq3ZC8uAXAy5+wK0bKhADWW/tFK9hrBs8eHBX5yLu49C+OY7NPc/38KS13YBaSn4769NwTfml6NfXrIkeow3IBKL4+6HVuMvT21R1RGrCefN7Y/HfjgLBLBc/fU3gDQL3v39hTh/0plrsHq0IeoLdKff9NHrKw5H4/iP363Aw/9YD2RZVUDgLM6SnNGAvHkjkD1jMGKE6ScgmoOE2VNwNsFSUgeYQwdEooA3DOuQPPS/YgKMBBe0+8VahSTdmtc3IPBR3eEJgN9e8pHc7KkVwjmqGJ7t1fCJ95b5k6K6ne9O845jsBrfT0jaRkuKAGOMzkMfOwAAIABJREFUdjNaNx5E4/vbFNScgUsTWuY55d70oilI4jglv2qposFJTZNdYjrL3ptBj5zZw5Bz1jBxXWZfUhni9W6oD7cTtf8i/YDgA41c2Pl4vTx47y6lR58mf07WIL290Z4cnUEu04Zgs1d6ckIn0dCILj8sZbkouW4KTKkpSmkk6flHWyeCidiTk74uzVZpaeEOwFZeiJL5U4QjR/qIZHIHGlD14lpVrmZ5vKtcizgRhKRUXnDVZOSfXS72P+IJx2PzOdM9fPoQFF06UUqnAqLq+ngkyFmkalH9+gZ4NlUe1nFt98FUlIVBX52NYIsXFf9YdFiBRetHH3Lh7run4cFvTzvm6L26uBJXffPfaoEYiiI3z46L55Thqtn9MXlELnKpN3uM7bkPD+Cev61F5e4mGYtRU4th1OmxaX0N5p4zEAt/fR70pwiYqiev0cn6TF+gO1kjeYoexxOO4fp738Pbr+4CCh2HwRlCsjWj8LIJIkbMFbXBbEBCr0PD+zvQSokiqoJQzFmT8uKEFIogY9Zw5J47Cg6zXkAn0dQUePc1ovYNCjlTdYTWJ8nsjyvpYBjpUwfDNiBXXAICVa2HjSePNW7kqhmMyDlbUQekyh7n5JxA07KPlP0PKQACjEkGFwYyqmQUpKPfDTPgHJaPg8+uQtuS3WqFzX+KjS4cJ0OOEwUXj0X6yOIOo9jep2SdEDMMagkjdPJTD12c2poMdgycKqwkyD/Tx9RP4aKdiBRM7188ojVDMKMxlg6TLopsvatXlj7dnjEJImFmdJDGqTXJIMfo0eqFqSAd/W+boyydGKDYZ2Uml/SUO/T8avi20VOOmQwzOT9so0okMEq/MBBBCsnmu+pQ/eJqxAORI/PktCAXiCB//mQUXjBajE8bXtuggiLf0TYf7GP7oeSqifKMooHQJ1C1HdeWSKDq1fXwrtuvenIsV7Z4Ych1YMh/XiCSY/v+8J7iz2ngJr6zVS6cd+kwLPhdzxCWM//jDaz4sBIosAGUEKv2AHk2lJbnYcLgbIwfkoXzpxRjaFk6bFaTcBw7bxUNXnz39yvx2rtEHSd5sZ4QvnLFCDx27+xuH9+Z+IG+QHcmPtXkPVU2+nDNfy3A+tUHgQIHQG+rKC1MvDDmpaP4msmwl2QJopAitLQdqXljI3z0AftYGVAK/Sr7u3AMsqcPRswfkd4Ym/Kt6/aj7o3NyS94cpXMCYpZlUGPAvLwbGZRa48x+zrSylub7LVeHkujDgsKr5yI9BHFIqKrtxilb1bLUuW2GiWjpKE4OYkyqPpDsI8rQ8k1k0WjsfLJZfCz/MXgK/1F4rOjQjGwDMpD8ZUTYS3MEPsdZnM9D3LJ4ETTUwazuAm6OK1WYkgYg0gY/YgbOYlH1M+EDvp4ChAzQxe1Qh+zANFUta8+hriBslfkD366mZ7w72AUC54Zxl0IwIRVkeFw6v2io3lCaE0ZEpYr7Qg2ulH59DJE65I9OQlYPqQUZ4qRKRVOOsAeGhctEEbVS2vh35kkXCfBHZZB+Si7eYYAjpj9kVPnpgQYeXLMvpihH7FcGZK/5185CcUXj0P1W5tR/+JqwGZR5fsmDyyD81B2y0zo9XpE/J8McoL8dFoRC8cEXenju8RyJYNkux+mHCcG/ce50vvb88cFiAnak7y95KOsbMeY6aVY9sgVcHQHtkp+b/fUuDDiimfknKVjClBgMWLNskqgyZ9c2KVAX5iG4mIH0kwG3Dl/BL5+Zbl0ATpvD7+5B9/+4woEuV+zH1MvGIxVD19xBs94R7+1vkB3hj72VTsbcf1/vYND+1oBorsYQAis8AaROihfkJUkf5P8bHJa4D3QLJY1YZaYpB+X/NZw8nf7ZYIquGQ8bGXZiLopkGySDIsoxzY29Mmn6yzl1e6DMSdNzkPof/2bG0XfUtRQNF6TVmaSU7HMp+8wMLUOyUfhRWNgyXVKqZJeYq5dNah7dyuiDa7DhpnJXaUEmWJC7lylZOHd34BDz65UiE9ytTQncCG0U5h6IArOH6UmT5KWufUoxjA7M0AXS4EuToWLGOJmD2LWBsStTfIzkdKOuDGAuMkDGBSfLaFLJAMiA2MKdJFU6EMZMPqKYPAWweArkb8nTD4k9Cwh9+hiev320oi1OZ6O/0x9GT92/BHBRBru83wTf/dfiHxDq2Aru1b/enSSZNxnT85X04rqF9ciUt+ehNwrfzhTrhNlX5qJlGyH8vVLLmqMDqvw5qpeWKOCHPmM/FurT1wyqHlJgBMXVxRzbt10EHWvbxBKgQStY/Tk8i4eK0Gufuku1Dy/Wr3X3KfNK4ooFI1m341iCEcsV9ot0gtkT06urQN44oGpKBMD75onzh17/rBAfXfY8+P1MOrUelBQ7MTap69BcXb3fbbO43zDTxfhuUfWo2BcAd783UVobwtg4foabN3fivV7m9FQ41E+cu0BaUeMHZmH+XMG4IYLBmMgKzfJbcv+Vtz/+Ebs2VqPH393Bq6do+x/vmhbX6A7A5/4m6ur8KV73kMb+TXkyAkxOypqIM4pg1B40VjRqqSDAJ0HqFhS99oGhTBktqWVKpMgDboAFF44RjhvRMaxxMSyFPlqvh3J7I/6faJArPpxtuGFyL94LDy769D47lblgEAblaO5EGiouGgU6ZMGIv/c0aJALxqFep2o2ze8v131+zTouMh40T8sAFNRhgBOyP1rWLxTSOAJUh80xGeSOsBgnH9OObKmDJJj09Wg+yxOzeI6ZmMxKxK6CBKWZkTtNYik70XMVo+EyaUyN0lqSKJn6VL9lDKmlC35KJg18p5YtoyQoQh91AKjpwzmpvEwtg2TABo3u5NQ05MX8JjN0cy1QN+GRRnfQYahFkjYEIxbcVnbL7AmNgyF+pYea2R2fHW0IJdlhz+JfowykGmZFt+ZXCdKb5guHm3UStXKtSKC7A/h0AtrENxL25qkN1t7AJbSLNnH5EgRsBMpCm0bD8qCLMGs/EhkcClX0vU+grzLJqLo4jFo23wQlY8tUaVvvg+tPhgybZLJWfPTxX38EzDZJFqU6GMawQb2NSRLqaqnZ8yyi5tBSrYT+/7+AYL/n72vgNOjvNZ/Ppd1940nG3cPForFCV5a2tuWUr0tVKjbpd5yq9RbuLRAIUAIklAsEOLuLutun+vM//ecd2Z3STbJbgiU9J/5tSTZnW++kXfe855zHqHljgQ50g2tQFMQjhQn1vztekw/g4bl6aafw3V+TPngMvh21uPGz8/CE9+4vGvXRd96Cc+uOiJj0pPtQbjWB5Aq5HEgf3whrpxcjBvmDsY100qRamSRJLp7+kBX+A+cDo138iK94D/q2f5l1WF87GsvqQBAHzm+3FytxpPIuXIUCueOlmY/51uSwBte34uWVbvVCtSUSmLQoQuApiF37ihxHeCKOxmOSclJ+EpPbkK8tkMh4sSIlNp9UckYs+aOEjRmwws70UoTzTRvd2/w5Lst87iSY2JptGjBRGRPGSwkbgotM+Osf3YbfNsoAO0yemyGxiS/j3JjEwdiAFVOslJQs3wrWmisScQnV+7C5lYcQSI+S26YirQhBZLFJeMGMfm0I0AFJwY3ZmC6I4RE+jHEs/cgnn4UursdOsuNzO6SbiPA9QxM5t/PkCNZdDmG7ghI+dPRPhzu6mtgD5RBd/ih22IGmOX8DFM6kYuCStovcIVrPXxaLtJtVfhb8BZ81PdFDLHXi/RXnzdeGgWUM71C1q7++1pD1ssQFGgNwFGQiQEfmiNBTrQo+VAYSLK84uFHgneEgSTXyESYyQ0pQPmtM0S5RgvH4MjwomXjUdTTyocoXYI1elM8IfAklkTBwklSEejcW43jf1kNPZpUBHLp+1ox4PbZSB9ehCjP5+S1BPuFXNQFI6h6ZJ0KwBzn3M+gqgz71Pvgzk3D4d+9guCOSiAvTS2YpKQZFjHoZb9bjBsuGdDnW3nyjt/82zbc961XZJH4+F+vx02XDcKfnz+Iu37wOrRwAjdfPxL33TkFL66pxIMvHMLWbXUq4LHkm+rEwNF5+Nt3r8Tl4wrP+Rz+Uz54MaP7T3mSAL7/8HZ84wdvAF6HIcxsBBCrBYXz2FtTQrn0xeJbW/vCNvg2HVNBwRQx5sTFFW9OqgSdrDFlCPvCSGoaUlk2Yva3apdSnmBgNCcJlv+sFtVTG18uSDg/gxP7FaZM2ClBznDp7gjBnp8u35cxskT6cQTGBGrapK8n9j8MWlydmtwmKtS7nMi7arSADFh6IojBR6CA9OOMDNNQQ/GMKUXposlwZaYgxqB6NuoAs66kG9Z4CjRXO2I5e5DI3o1EarWUFtmPY4bH4KTKrt3BjGY6Qiq2KBeGs2/GTbQkJJOzJrxwV10LV+Ms6LYIdCtLq+cns2MQq9bycYVjJx7NuA8eS5ye62jUsnBdx49Qo+Ui19LZNySmBDmIgLL/SKP0sGRcmOW7tqCUB8tumwlPXroAntTKAWK0Gifd4wnD3skkVbf54SrNEWUSBjeOBXuaC000yn1uhwKA9FauFEsoZYdTsHAiSuZPhG9/HY4/+LrqCzNQsbyd1FD6fgpAl4o34SkbxaMFQRxE5WOkRBilfN5+GsEWZmLghy5B6qBcHHtoDTopoiCuHQYhPBiTQPfnn8/DR+cNP/ujP8MebYEYJnxsOapXHcKsW8fhJ5+ejvlffRGdh1tx1eJReO4HV3V517H1/uybJ/DQioNYtbUW0b2Ngo7+/eO34q75I97WefwnfPhioPtPeIoA7v7NBvzigU1AigMgBJmaVNSepL3Ogonis6YxgHgcwmuqfWYbwgcNkAZ5QNyIFqNwc3m2WNFQAincFkR+mgtOlx17X92Pln/tUdmfqSbCjJHk8qwUDPjAHDhz0nDi4TUIExqea2R7vc32XP3y+zpD8NJ1YP4EuHPZj4vD5nKibcdxMWTVIyynElJtTPSJhGSb5NQVXjseWRPKxRGBIAaRiOpyRIABK9eQNX0w8q8cDbvHpcpmZ4wZRHY6YY17obl8iGftQ7RwPTRvg8qspDfH4MaDnHph/CktScmnk/jX3/ikW6E7/YLI9FRdB3fNXFXGtFBAub8HO3Vws3xJfUwGs8cz70OF7QR8ejrSbY34U+gm/Lfv0yi0tsNtiYrMl1K+7IWCIC7fFgMYUoeapzdDYyChqAA3BoW8NJTfcQncBJ5QrYTnbyG4w4tIW1ACY4yefxkGurIjCPfAPJTfNlNATlokCUeGGw10ree4c1jVgqwrkzNqpmbZG0DRwolClwlUUTR6reqbZXslw2JVo3DhJOROHyLn0xtXjiIJkYYO1CzbpNCiDNrSLwzAWZIlY5xuHCceW4/2Nw+ooMvgKypBCenL3fvVS/GjO6ecl5nlLy8cxMfuXglrjhe5haloagogO8uLjb9bhKGl6b1+B3t4q96sRKrbgY8sHol0Lnz/P98uBroLfADwVf/gd17FP/6+EyhMVWgyBhDpi2Sg7Lbp8BZRzisioBP/8Sbhk8XrOxR51yw7inp8FKkTygWJaHM5ZDJIpnowMs2O1ue2Y/3KfQo2zQxQFFWoHRmGp6IIgz50GRLBMI7/6XUl8cQyUe+xQE0KQjuII3PGUHEBp9u48KPiSTS+ug9tJJyToWCu3mUyi8m1pY8rQ9HCSUgpz0H7rkrUPLoBcdIazEmJ38sM06KjcOFk5M4YKty4RDh2Bu84BTJhgCNwJJ67G9GiNUik1CrwSYKlSVOirPc8jZlcKBnDbVlT4bU48Ie2N5Fhcwv6s1+bbhHUJtGb3kMfgKt5EjRXx3np2ZmWPAxij2T8EJc6N6Ndy0WqJSgly4/77sHfwtegyNYGjyUm7ub0K/cgIhqawrnTdTE1JbqSsmvVBHmQrmH2zAg8KWZQmAl3DoEn3ZkcjXpD9R2o/sdaxGScGOCNjqAsXgbcPgfODI/05OxeBxpfP4BmKuzQlNWsOnTdTAPAJOXKhFAIiq4ag3BtO479dbXKxpgpcmyHYshbMFFEygVhy95vz8qyBVKWD9W2i+SY0GS6zi2kKBEfvlTGXM2KbWh+dpvK5MR53lgk1vhw2x0T8Mi3z6/yyKzPPYf1LxwC8pS/3f988RJ84/3j+jWk/n/f+WKgu4BHQFNnBHd84xW8uGKfcgNnNseXmsFnVClKl0yCM1Uh2riKpmJD/TNboLOcx6a/+aZztW0Fcuk6MHuEchEJRuFMdyPmj6D26S0IUZmd6EW+2AJuYWAMC9GW/KbA8RbV8Oek05uYrlGyktvtV9qRee8bg4LLKqQfR5FdAl1qV2xVHCpOmgyoJnjFoDfkv28c8i6vgCPFheY3D6L+2a3QWLLipMNgyAmXfZSCdJQsmIj0ihKDHxc/TXpl9uEI9/cgmX4ckdJXkMg8rDR4kwTnUNdQceDOtPG3UT2BKe4Bcipbwifgspzjalq3QnN1whpLQ+qBD8MaKlB9vP4GzV5OOKHbJXj9Nu3XWOJeDZ+WKUdNswTQpqfhy/678ET0UgGlZFkCGGarQ5OWLk4GLj0m3EYKNLOMXbtss3pGwhtT6iV0aGfpkeo6lJBTmZwqcQZq21Hz2DrlfsG+luhd+uEaWoCyW2bAmUpfN6JsHaIV2fbyXgUg4QKut54cwURWG4oWTkDhFSMRru8UQnjkSIPiujGgdQSRPXcMiuaNQzIQMQjhRpSTrNsi/cIQrYMoOM2+nUlu7wiKLNygOy5FysAc1D63DY0rtquKhgA9ut0Irr1hNFb2kSvXn2ln2+FWzPzwk4gxY3TacPXsAbj/M9MxemBWfw6j9tU1aLE2WOxeWGw9hNn7f6QL6hMXA90F9bi6T7ayOYhFX1iFXWsrFX2AfTcGH39EecgtmAibi5Y1SSkFNm88jKaVO9VkTxK4uVGtPcWFwsWTkTmmDEl/RMAqVJ3wH29G/fItiBEmLn0Iw8KG2ZLNgvxrx6H4mnFofvMQap/YqObg3vonPe9xZxi2dA+KFk1CxshikRsjKIbWKvXPbke8iQLQxneZK+VAGM7ibBRcM1bseCjq0vTmQYXm5D8EhWkaxUbgHpyHkkWmC3hYBb/eaogGkdsaS5fsKVL0BmKFG6E5grDGKJHGzLVvXTbzElnsC2jko2nIsHrALO+cN92CpKcVrqZJ8B65CbqNtkextxXs+IiiOp3k7Phd+i8w37kBnXqaSr51wGONIqo78GZ8DNq0NAyz1WCc4wBeis7A532fgWazIT3LjtZtJ8SuSYA+vP/8k0GhLAflt8wU6gpl1GRQSB/PC//RJikJJrmw4jNm4OoMwTM4H2U3TRdFHv7M4rRJH7idjvDM4rjg6TXIKUoAbZTyL69AqLYNlQSPUHWH2b1hOZU5e7gIQBNMpVRPegQ5qwVEfvqONqKWCissbXNBJ6X/IFxUcLlhKtKHF6Bx9QFZ9MlmZpesOtT4MWFGGV7+9XzkkNvZY3tzdwM6/DEMK8/EiNOUGk8eH+zInqx/8sNHduJr33tNnZsvgvu/cwXuvmlsv4dWvPZfCG26G5bUEnjGfxeO/DMrtfT7C96jH7gY6N6jD+ZMp3WsMYBFd6/EXqKsSARnj4AIxEgM2ZeNFL1GShWxFKjbbGhYtfOtkwYPzsm/NQAXg8LSaUgpyUa01Q+L3Srk8Y49NbJ61ShEK2VIZku6TGbWTC9Kb5yGvDnDRWmiYfk2VQI9Be7do4ciMmAR4eOVXD9F+n+cdJjJtWwgdWCXKk1KZsYTNMubMaSOL0fRdROQUpqDaLsf9S/uVlqaXOULdw+qBxOJIWPqYBRdNxFWh1UyudMmQOS1sRyZ8CKReQSRkpeEKsB/8+f9DXDm85KKrk7ataUfYJTTPW0+v4jw61IOvR9232Bozk6FADnHjecX0p1wWRJ4MP0nmOXcg04tTYjiDsOZwGWJww3y3BhUHWK4Wh+rwBX+3yCWlo7Ixj3iStHVq+W4aA/BVZYtkH3y4lRPTofFapVAEqhsQdWj66ER9Siiyxx/QXhGlmDAbTOldE16C90DapZvgY/cTAZQEfs+abHAi+CztdtQvGQK8mYNVXqaD681fN8MzlprACmTBmLAzdPl2Ax0bwlyNquQwcWk9cnN0HluHOvybgThGpyPge+fBU95DlrWHULtPzcqeqP0p41zqu5ESUU+Nj24FMXZRn/S0D2982dr8dfH98jx0nO9+Oxt4/GN28fBbfbEe3mGq7bU4ts/egM3LhmJL31gQtcexE7NvesZvM4SZo4Xv/neXHx60ch+j4J4w+sIrv0IEAvAmjECnonfhqPoyn4f50L7wMVAd4E9sc0HWzD/U8+iubpTZXLcCALQLci/eoysbGkrQwPSRCSGmqdZCqxSk4bZTyC9wNAOLFkyTdwK6BtHcV16bDWvO4xGTmRSzzKyJQaqtiBcZTlicZI6KE9Qaa0ECTDAvQUk0OOmmkT1jiBSxqv+nyPFLc4FBANQALr9zf0KJUkgicwfNH/lNenIu2Ys8uaMgCPNjWhzADXPb0Ngy3FVzpLSpkFriCeRO5dBfgy0uC4k9dNaCFg0WGKpUpYMl6xGpGyVZHTWWOZpdCn7Nkh4KjE9jjHuEnFu2xmphtNif9vFRt3pg6thFjzHFykSej+zzJPPnhSDHKsP/5f+Y4yxV0pJUpMZXGU6Sd0KG5JwWDR4rT4gCXwqei+ecV6N5LotSkKLiwyT/N8WgIsKI++fLdqVCl1p9PGyU2XRVPP4RuhRw9jUDHIjilB+ywyxgtKSWpeOZIBiyQw4lKA7OchxQcUgZ7Wg5KbpUmoPN3aI1JhorJKiYCziUijtdcM0Ac2wFN9lmMseIxd0WWlo31WF2ic2KGCKSVloC8IzJB/lt8+GtzgLbTtPoPKhN5WijumMQEBWQwBZOR6s/8fNGFHyVmDIjx/dja988yXVIkixA/UBqbjcefcs/PGeOb0OqD3H2zHzE88gsK0emdNKseNvSzEgv5tovvtEOybc9Bi05jAGTS3G6gcWoTyv/+XHeMNqhHZ+F7r/GCyuPLjHfQ2uAUv7Nsgv0L0uBroL6ME9u74aH/ryi2hvDigiODdqVjrtKFo8ScjSnOAZrCJNnahethmxyhZVxjFBJ5L5xJE5axiKrh2r9P38YVnZ8mVvpN0NncC56jSzpSg95xJIHVeG8punC1CFAISODUe6Yf+9EcEFdBKVz7J8VDB3NGxOO2wOG0JNnah/bochz+VWk5rMssr81U4NymvHIX1kiZRgQ/XtqH1yC8LHmhStgVksv9Nc2S+ahOwJA5CgcWc0fgYXcB3WeLqQu8MDnkMsf6tSOUmYepnnPiCkeqonUeTIEHpBU8IPGxVZ3uZGtRR7oBQpB/5LtYTIrTvHjUaqtVouxtmP4dmMbyDdEkYQHsR0/kZldUlY4LbE4LVEsCs2CD/TPohVjkuQfG092l/ZpZ6V2TOTzCdPAhadwJnJSbi0WuHK8qJ9VzVqKUbAccBsnc+3XVlCld04HTY+R5tyzGBZM9hT/qtrTJmVAdXftaa6UbxwAnKnMZMLSDYW2F6pgiMDUJvyuOM52Ww2xPzhbhCSBDmbvCMkktet2KbAW1KNUCawnhHFKLt5GrwlOWjfWSkedyLtZfJM+R31AaRke/DiHxZj9si8tzyNupYQxn98OVoOtGDh9aPwxVvG4PcrDuDRv27DXZ+djt/fPbvXp7fgay/j+ef2w1KUBo/FinW/WYDxQ9/qK3f/sr34wlf/JfSYBTePwbM/vOqcRkKiaR3CO74HrZPvegrco+6Ga/hHz+lYF8KHLga6C+EpAXhiTSU+dO+LCHdGgRKjyc7+GukDSyYjfUiBlGbIPQoca1KE7kYT/WjAH5klOe0Ctc+bPQxaNCnKIOQNMcOqXbENvi3HunUheW9YEo0nkXVJhQjfsud34qE1COyqVKtb9gZPF+Q4wdhtyLtytLgjEBjAUmXwRItoasYJ/eYxTAFogmSCEXiHFwlMnKoVLJcGjjfJucUF7m307zhhUvcwPwNFCyYgfVihBGyeX++YfjVZWmIZItUVHvwU4lkHYI1kiQjz2YAmfR0mRFhGdGpWAm6L41wFtd7ydeTtWZNOeA9+ALZwoSAyz2UTN3LdjSotHz9L/QO+kPJ3+LVsxHXmbyy1KmNV3os0qw+/CyzGjxMfgs+TDX31m+h4aWc3ad9QwPEMLUTZTVNF2V+yaMY4BpIML9q3V6Ju+WaVLbF3FVd2OCkVxSi9cSpsTodkWwQhiTIKFzFi0GssYrou0kBX+kKwelwouWkaciYPEvRkFd2991Cayygbsuc3rBADbpkBq9Mm7uNdmT37fw47HJketGw4ggYGOZEEcynQSmcIKaNLpL/rLcmG/1gjqv6+Vtk6mfqs3L8jDJsGPPXr+Vg0+1RC+APPHMCnv/0y7JkebPjjEkwenoN4QsNr2+owfXQ+Mnr2yI1rZKVm5idWICm15TiGDc/Fjj8thrcXfczLPv8C3njhoLx71147DH/5+mUozul/Zpds2YzQ1nuh+Y7R/h2uik/APeKucxla7/nPXAx07/lHBPz1hUP4KFdxfMnoCM6XkooTRRlSXqEoMVfSjjSP6EHWLtukvLkIj+bGQNQRhMXrFiHnzLFlMkkwKBDuzd4cV61hErO7+iJKBYJBqHDRJAXbbuhA5YNvInyMckdGgDod1qItCGuWV4ACGTRZpdKJ047WzcdQv4IgBgOpZyDypFSp6ci+rAL5l1XA7nbIpET6QN2Tm6GRiGtSFjjJtgdBPczSG6aJDJOg+4yF/6mPVFnlWKO5SKQfRWjoY0h6m2CNZhrlurOxx//Ng8RwO/AeXQpH21hoDsqD9Z2yoPbU0axnoCOZii+lPIEfpf4FcdgQ1L2I6HawL8cgx6wuw+LDptgILIn9DFGbG/qLr6L9jYMqo2G5WO5/CN5RxTL+mJWpnhxkYcMyc8vWE2h4apMas1zMsOxHo9WJAwR4YrUezlZkAAAgAElEQVRZpS8XbvIpj0AuYsi77I2Swp9RICDFLRy7zHFlorBSSW3MXVWGOo8yPnUNzMXAD80RHl6s462ZHMcfKxdE6zY8v7O7r8xzawsiZVy5ZIEE0viPNaPq4TUqyJk0A15LZ0QC0eN/WISb5gzsdWB89Cdr8Nffb8LsRSPx5i/m9WnwTP/Mc9j05gl4itMRDsaQ5rTj6R9fjSsnFZ/y+UN1Pkz94JPwvXpM5oM3Xv0ILhmT36fvOXmnZMduhLZ8Dcn23bA40uAc/AF4xt17Tsd6L3/oYqB7Lz8dAD95bDfu/e6rqlTEVRsnmbaATPIlS6dKoDJBHU1vHETLy3vUC8weFjf21jppWpqDkqVTFKeOZFnDSoVINcn+TM4RsytDyNmelSbZYt6sYeg8WI/Kh99EvKZNwbYN/7C33D5OSAaSzknQyeKpSCnPFlcAnqMqi5Ifx/Mz0GkMTnSWpgblteORM32w7E9rlFYBqewBSBInEZlVQHEoiCF9ymARbyZS74ygE1Xrk/5bPGs/QkMeg+YMwBozSr/v8eevoocG3RqD98RCOJonGzSDvp849Vk69RSkWsP4hvcRfND9kkEEt8CnexHT7bIW0i0W4c6l6EF8Qb8Hf4gvhGflSrStOayCHLMLlvlaA/BOGIjypeRb2sWeRjI5p12AKE2v71eIWBK8icLlmO0IIXV8meJoup3SI/MfbEANjX2pi8lFTG+bcCLDsGemouyWacgaN0C4blXLNiBEGoqMRShg1YA8lN86XWgNgvg00ZWaDqvbIT3oxtf3o+XFXaosT5RnTHFOUycMRMmSSfDkpiFwogWVj61HvKpVBV+OUZYrA3HJ5n79w6vxmSWnB4LM+syzWL/qMD7xmRn43ednnfVB/fn5Q7jziyuBLDd++JkZWLWlTsxXc8fk44X7r8PUoTmnHGPlhho8+tguTL9kIO5aMhL2t6FjmfQfRWjzl5Bo2SiUA/fQD8M97itUBDjruV8oO1wMdO/hJ/X1P27BD+gIzhcyw6VeSn8YqaNKULJkinIQENFjKxpe2auQlRRPNj3XOCmxVDSyRJy5uVKlgK2sujM86Nhdg/oXtitItWmuagQ5KlQQHUlJrtZNx1C7fAsSFL81S0QnZ3IMXgJyiYpBJpVVaKLJGZRk9brnt6n+Cyc+E3VmcN4YhOkJl1KWK9Y//Ezj6v1ofXWfCvAUg5aSDg00NeRcNhIFV45WSDr+7EzyI8zkYhmI5exEaNijAuSwxNKVsPIFs1mgOTpFKcVVf6loYPZn8+teFNta8GDazzDGsVOEnIN6CuqTOSixNQviMqy7YbdoSNVD8DuzcEvga3jlKR/0nTu7nxnHmi+E1DFlkkkzKxNRbPINCWTyuBTtgwhalh85Dhnk/BGkTx2MkoUTxQ6HAZWVBxHe5sLFFOnu7aIoD1eYjtKl05Exskgc5dnzC+yqNuxyWEpUhG4iPp3pyh2+G12pC9iF46de3pEDajyZmWlHCOnTh6BkwSQ4Mz0IVLeg+onNiDHISUXEcCIIxoGmAL7+1ctw30cnn/H2X/755/H684fwsbum4U9f7L0fZx6gujmIaZ98Fg1bazH5mmHY8vtF2HqoFbM/8QyijQEUDMvB/Z+ajvdfPbQ/j7zf+yaDVQhvuRfJxvWwuLLgHHQjXBWfgcV5AS0Iz3DVFwNdv4fEu/OBLzywEff/fC1Ae49MF8DSXSiK9GnqpWQwYMlIoxnk45vg38memQnHNoJCWJmkUq2fK9IEe3oeJ+wpTrRsOoYGqjswA2Mj3pQwCkYEdMKSo7coU5y5CWpBF2Kul1qlKcEUSyBz5lAUXT1OACuc7IKVzcI9EikmghHMflwkJpSA1HGlKJ4/SSgNNIhJRhOib9lJzUqvoW/Jr+wMwuJyiIRTzpTB4kumESRzFo0tazQb8ezdCA5/VFwHrHG+uBdSkFPjTbf74a65Dq46BjqWLvu2UQmlVc/ACFsVns/4BjJsLdgYm4i/RK7Da7Hx+ID7Fdyb8hjselLKmBmuAPbEBmH2Q4vh20YUo02hddk/DUSQPmUQyq6fIhk3nwEzQVroWDwOyb5FIo7ZOjMmPh9fGOlTh6Jk0STYUxySrTetOYSmldSt5KKMSNte6AO8PBrj5qRjwO0zkVFRjFBtByopAM1eHgFW3DpCUq0oE+6eF3EKKps0OXEFd0kJnAu1zg2kLLjU9ZBP5+f7NFiEBVhuDTf7UPXIekQJ4DIzTC7geO2Vnbj7i7Nx/1kcwnlKd/54Df78py24bHEFVv/89GarCU3H5fesxNoXD4ts39o/X49Zo1UJcvn6atz01X8hcawd8Nhx2w2j8ZuvXYbs1B4c2L4NgT7vpUfbEN76dcSqV8DiyoQ9fxa8k74Pi/vcyqJ9/uJ3YceLge5duMn9/YqPfv91/PVPWxRHLs2p6AOhOLKvMDhySU36G9H2EGqf2oTwgVogO62bc0SEmM2KgqvHIe+SCiTDUYFXE2lG2kHDS7vR+speNRmZjXH29BIasi8ZgZIFE2DzuMVrjj5yIsrMCeJk0i4vzIR76wC9v3JnDpEs0+pyCOKOzgMaS1OmPBdXyAQIQEfO5aMEiUnLFckOoglU/3M9Qvtr1WqamZ9kmGHYs+k8MAVpQ4tkxa4zuzU983q9wTqskVwkMg4jWPEgNFsC1hh1C98Ggbu/D/K87a9Dd4ThPbb4nEqXPA2CUCpslRhsa8RrsQmo17PExaBdS8NHPKvwm7Rfw64n4PDacLTVg4k/vhb+aBqQRcsbRS1JnzkUpddPlWfCIMeAItmSzYK6lbvQ8fp+tWjizyhe0BlExqUjUXLdeMn4aAvV8PIetL22T2VUvQY5Q92GvLxBLEXOkEw/yEzrsQ2Gy0GqWjA1+0W1pPyO2XBnpb7VbodBLt0jfegaojJlIehV5VdR9Ykgc04FiheOh93lQKTRJ3SZ6PEWpYrCYWIGuYYAPvGp6fjd3WcvQ/Je/+bpffjsd19F9qBMbH5gMQbzPT5pSyQ1fOwnb+Khh3cA6S789Etz8MUbRr9lr8dfPY5P3Pcq2tvC8s6MmDUA//OxyVh6yUCs29uIYCSBa6eWnrdRplZUCYQ23o145XLoDicc+ZfCM/F7sKaUnd/veZePdjHQvcs3/Exfx+zslu+8imWP7AbIn6GkF4OWpqNg3gTRbFT2NU558Qm3F3NL01iUb2d7CLZMb5czt4BOEklZsdL4tH4ls6WejgXMlkLCYyu8dizy51Dp3IK6VTvRwtIha//s9/UW5HgxvjCsGV4Uz5+AzDGlylwVQPPaQ2h+da9arbNcyY1lSRGaTpVSpSijRBPSOwk3+lD35CZEWDIygS5GkKNlS8li9k9MBfyzqCVbSCFIRdLdIkEu6Wo3enIXYpAjjkY5j6eapHEpXfYdjMIeHeW86EUX1x1IswSlF0fwiV/3oE7LxU9zHsLd7r8ilkiHw6Hj6r/Oxct7BgKeTik9ZrMycNUYlclRM5RtK+HRQRC0vm3HFXqRmTwDSTiG7DnDUfC+sQoY0h5EzTPbENxTpfqtLLGfonZigF/bg3APzkfpjdORNihXgCE1yzYq0e7sVDWWmMmVZgmwxZmTqsxzu7QrdSmb0zCVYtNBAla40OJ3UpQgEkfOFaNQcPkoqXAQyFT1z40IH6pXwBZzAcfFVJ0ft98xAX//1hV9nikYhC797PNI+qN47KfX4JbLB5/y2ZrmIMoWPQyc6MCgKwbj2CM393r89//oDTxK0rnbDrSHgfxUTB2dh33VnQi2hLDpwRsw9Rz87s50MXoygvCenyN+/FF5fe054+EZ9TnYcqf1+R6813a8GOjeI08krum48av/wopn9gOFRnZGuLbDJqogVFxPBGNiRuo/2mg08UOGVU63xqOzJBtlN5EDlIVoW0h6XhTJjQciqKFm5YF6FbjMiYaSXBkeUZjInjxQMr/aFdvRsfaAmpBMa5ye98nUi+qgx1uaeLxlkN4QT8jkQhJ4x7pDqhciyulG/y4YFR3E4sUExWQqzl+KG4GqVtQ8tUnpH3I1zZU0df38YaRNHiRBlNqWsbM6D8iSVLzhuDHIxTMPwRohz+nCK1eat1zI7NEcpOy/Q2yD+O9z2U4BNLL9ZNXQ6i1GbuNBrM2/B+nU+U7R8L+rx+Kev08FbJ3IvnQ4ShZOkvGXCEWEo8hsiQGvdjmDF813WRJ0qEASiiL7itEomTdeKg8UEq9fsV2hdcWhuze1E2MME2g1skSI3p6iDNFQrVq2UYGgTDuc1qByEriDPTlDhUXcytVQo9xYtDUoruCR401qvLM6wH5uKIbca8cj/7IRsNqorxpC1eObVJAzy6HSb04C1Z1YevNYPPGjq/ulRdPuj2Hmp1fg4MYa3PuFOfjRx091MognNXz7wW3YfbgVn7tpDN43ueSUR7pxfzPm37MSrf4oSorTkOZ14MDuJiWmwHN027H+0VswY9RbeXznMjZ6+0xk328QOfBLEk9g8ebBM+HbcBRemCoqFwPd+RoVb+M4/mgSN927Ci8u2wsMzgZcNulPcOIovWWG6DtK6THNjY4dVUIFUGrxBndI7G7C8IwoVMTdNI8yuKQhZnYqInVEqW3sbrCTpMvMqz0I1yCunKnlV4RwXbuszv1UpjCD3Cn9k257HfeIQpQuUchPTn4MRLXPbEFwb81b+4Xs1RCQMH2I0uCkakswKoosHftqUU1lChLZTX87w0mBJPPiBRNkAiPXipJmZ98ssIVzEB74PMLlK2GNELFGWN47n831how/+/mebQ+LyH452iuQevAD0GzkhZHr9jY3Uay2wp2TgqYDrWj4+24su3UFbphdDSSt+OW/huDzD05B1vXDUHzNaCSDMSTDiohPQWcunKofY5mZfTyWEo1AEokj+0rlEchMvYOE8ac2I9HsV4sYCUgn9+QsCh3siyB1ZDFKb50pJq0ErLBnluRYZpbPjRSC8lyUvX8m3LksVxJ4YhqW0zbIIwo6lY+uRby2TTl0sCrBcjm96hZMQB6FyzVdeKdVcg213aIKPBjfraNtuGbpaKzqIz3g5Kdxy/dew+MPbsOwywZi1x8Ww22qEvXxsYWjCUz95Ars3UIXeB2P/Go+Fkwvw99WHcbLm2tx4FgbFl8xCD/9RM8s67T8mj5+66m7RQ/+HpEDD0DXYrA6MuEedy+c5def8/H+XR+8GOj+XXfe+N7GjggWfv4FbF5DceZ01Xtgec/rRskt08QNW4slZdJoWnMATXTPptqGSR8gqCMQRfrMYSi6bjzsTitinREJCizpCHl82UYkqKYik4WxWg1GkDZugCi6Sw+kpg3V5NJxZWuCRnqbkGK0PIkjbUI5ihdOFMknHjNQ04raJzcjzqyMfRpRLqE8meoX5l0xCrkzhyplj4QmztGt244rzUSWiMygbezP/iL3Z1/nLRqFZ3xeRFRmIJF1CKFhf1eucMkeuoTv4LMmUTzMycBiEccCAmvOy2bRhTfnqbkK7qprxAS2LxtpilJeNBKdt3zG8JJz5qaqQETeZb0Dt8+rwt9vXwPEopj3wCVYmX0DxiwsRSLULYZMtG6sLYiqJzYieqJFoXA5ZpnJxRIomD8eBXPHQE8mQbpLI+kuzI44XnsVFoAikvtCSJs6BKVEB+ekomNfDWqWbVZ2OWaQo/M4BaBvmQlnuuktaPj+0TYo04vOQ/Woe3ILEu1+w4aKYzAq3104f6IxBhUSuFpcOarfGuQoT1bnx9yrhuK5n18HDysf57A9uPIQ/uvLLwJOK35876X48s39E2Ce9+UXsfL14wKEWTRvBJb/4Kq3FKv9kQTSWM4UmiwL09JUNBYS8lOly6lkEs7hCro/Eq98CuFdP4KeIGLbA+fQj8E98pNv65jv9ocvBrp3+473+L7Gziiuu+d5bH+zEijOULNSRxCO3HSU3jRdhI85yds9TtS/ug+tL+/udgPncTi5JJPIZb/h0gpoSYWEU8RYNzr21Ir3nMZgyOBDyDc/E46JBFjxvPFwpLrgP9osqLRoNctDvSlTGI15fjYaF+HogitGimAvqQqdB+pQv3yrUqU3BaD54rEsmuZB4YIJyBpXrrIym0VAMU2v7UPTv3arTMDUGKRGp9eJwnkTkD1xIBKB8FvV5s/yrBjUdIuG4Mg/IpnSYNAIzlPAOct306Ugy+aVANeWCImg83nZjP6c9/D7Ye8cbFALTj9xmcmNL6bDYtGRYrfAZjHtU5V4AAFJ5B+27ziBumd3AEmaumahKMeP7R9/CgWuTsw58l3sLZ2DIq0FiZimFk4ZXoQaO1Hzz/WINZguE+SXKTeLwqvHo+DKURIYG1/eqzidLH2bmpgn3xDRQVW6q+lThwj9wJWThva91MbcoGgvHI+M2r6QkMHpjOBINVRYjOywiy6zqwZ1z2yBxhKlVAcsqsdts6L4+qnSQ2ZGmozFxdk8xMoDx6tZKWDPsKoDl107HCt+di3SSW05x80fiuPSu1/AjteOw1Wajl/fMxt3Lji70zcVVG6/bzWeWL5Pzn/85BKs+dV8KVuebtP1pIhkW0DqhhJHUKV6q6yJTy8C3vcMMF75NEI77qOaK1UB4B72MbhGfEIski6E7WKg+zc9pWZfFNd8YgW2b6wGBlKhg6RX2pywwT4DnqJMQYyR2M2sp2NdD9Iu9xXVEhuKbpyK3KmDEW8LKGCHSwkz0yusbvkWVaI0uW986S30nRstjXjSDDr31YluZbKVpSWjEd/bhES+VFJH/nXjkTd7uFopWm1o3ngIjc/vUN9jlh4NUrtzSAHKlk4VYdxoW0CIwnQVqHtxN9rfIJ+JkyDd0FUZ1ZqXLtJN3rJsoUIQin42+kDPU7XEMhEtXo3QoOWwScny7a1k+zo0GNwSuoapngHwaRHsizbAZbG97ZU0z19zdsDZORzeg7erSUwC3+k3JkcENX1pvPIqu39Xh2A+mJiwXMdFE/mXDa8fQAsh/uyryUKDGpFJzBxah2ELR2JN/lVwRAKysKFsG7Ml38F6oYqIX5sECFV94G0uNk1PG6ixuhF+ak8ywPVmsSODh31YRf7PvmIUiq8bLzqoDHJEV3b5GnY5CRQIzYALM6EQMDgJEZwkdTdaNx5FPSW9OHdzUceNOrAuB0puZJArgx5LQNM0KVcGKRsm2pg9ytonOjDjikFY9asFyDgPrtyb9jdj5sefgdYYAHI9+OytY/HV2yeg6DRyXURi3vztV/E0g5zNgiGjCvDKL+ZhQMFp3ktzGEigM2sIia5xJxUNC7M+Zr20J1IZH+cUtfTh+0GoUt9es1jtiwjv+gH0WAus1EUtXwT3uG/CYjvZVKivb867t9/FQPfu3euubzrWEMCC/34O+7fWAQMy1XgznAEoceTMShEQSTKSQM0zWxHcfkK9lKzzG8ojzJSKr5+i5JDaKOeVEKi3zetC46t70fzSXqVMYZLHmU05bKKOkj11sAz6tq3HULdiu2Gd0m0x8pZbwgnJHxa6AD3ksiYOEJV5La5Jaar1db6UBkmd10F+UiCKlDElKFk8BU72C9v8sKV6ZKKte3YrfBSDJn1ASLsJCXLOgXkoZVAsyUacDtC8zn7EKQJQqOwfrPiblPcsCU4O7042x/ulvkn9lxY9b+ubzQ9bNWhOP1IO3QJH8xTo4jJ+5i2U0OGyWfD3ufnwRXXcvb4F/oQGD6kAqS7RfyQVoE0WGobNEb/PH6RIJWzXXobUcQORr7XCloxBtzmk70WqSN3Tm6Gzf0qYPjeCpew26SPnzRyGwNFGEVgW01MueszxevIpc0yRlxnTkHv5SEH7MgC3bDyG2ic3QWdPVwSUlV2Od2SJVDgcKU4lNWZkcvQxtDqt4kIu/D0nx7sx6XJhlZOKsptnIHVIPvRIAslEAtVPbUFwR6UqV/YMcsfaMGnOALz6xyXIeBuZ3MmXunJLLW795ivwnWhXHo4jcrFoVrlQBMYPyUZephuJhIZNB1rwvYe349WXjsqicdC4Qqz66bUY3hcPO03pk6r7klAWSJLFc3WjzsiCOHQLhRfU6GSwM7M+yfi4aOnD0jDRtAbBLV+BHmmBxeaCvXAuPJPug9VxlmB8toH7Dv/+YqB7h2/wyYenl9x1n30Oh3Y3AhzEhtCtZ3gRSq+fDGeqCxabFZGWgIBOItWthgIEpbmUGaSzIBMlN09HSkkW4h0hKVlyEmNZpuGVPcp9gCt1U2HeH4YzPwOFdNweViCn1LazSsqNwkfjir430q4E1TDs+emidJI6KF/eCaph1D+/U0HKBdFmV0GJKhfxBLLnjEThlaPkZaKoLsEL/EzN8q1KHcVEwTHz6wwhddwA1e9Lc3cTfvsR5CS4xDIRKV6N8MDnYI2SFN7PA5yHccDyJb/17fZEzCU27XlsgTKk7P+wKj9ZyT8883WZq3MGuxBLjhYLrLoGW6pb5sGa57bDt/Gogbw13OIDEcmKipdOQ8bwfOnxUrKN0HuWOFs3HkHDCzvVHZKerLKGIjeu7NYZyJk+FM3rD0uZXOS8TLf33npyzMTYM9M05M+bgPxZw2F12UR9p/75HdA4hsx+XkdQBJrFysftlNI3MzkugpjZsQ9c98JO5U0o1AZzIRiGIzcVJTdOR0p5jpT34+G4LBpFNizDrYKcmdTU+zB5Whme/dl1KMrtvzjy2YbO9qNt+OZftuL5l48qxKTdCkthKgbmpyIvy4NIXMOhqg5EWkPSrx47oQhP//BqDCk+lX/X63dpDG4UM7eprI12v8a9t8jPmckx6BkgJv6769mwasTPWJTjh3yef55+nCVatiC07WtAuB6wOGHLmwrP+G/C6j0VOXq2e/Nu/f5ioHu37jSAfVUdWHzPShzZUQ8MzFK6gR0hpIwbIEGOZUcSp0Ms//xzA+J1RI0ZK09TLb6iCKVLpkjWF283NSsVMZZ9Nv/m492cIVFkD8JZnivZEj3kGNia1x1Cw3M7uo0ze0XBkdgdhrMkU+xU3IUZMoFHO4LyPSEGrJ5QcfZpHDYUXD0GudOHyURJZCXPkzD0qkfXKVNM83qYGUTiyKDSy/wJ8pLFmSGcRemkt8dlSTqlrBes+CsSqdWwxlkKvnDpBOoadejuNniO3gRnw0zoTmZzZw/eZo8umNDhINTeZoEzM0XRS57ahODuaiDD4JSJYWoQtrw0lN86EynluUK6ZjWB1QGr24mm1fvQ/K9dgN3e3Us1PkPJrYwRxaijsAA1SUXO6wxlLJ4cdTGddgGG5E0bLD1bqvTUPWEKQHsUeKUzBG9FMcpunCZALEVQV8ATCjPTa5GmvwFmZwy+DHLics5eXo6U/zn2LLougM4udKX0oHvcx6PtGHfpALz4qwUozHxnS3DLVh/Hn547iLX7mhCs6VREfJHwsyiktdeBpVcPw2+/OKd/58IAprGkzchthy7Bin9nv47lbpbRGdxOKntL8FOSexLz5b6o0qYKfMYCtpeXLuk7jPDmLyPhOwiLzQl76iC4J/8QtoyKd3FG7ftXXQx0fb9X57znH57Zh2fWVePNrXXws17PmruU7Ig0Gyw6lDa7TXongWMtqHxkPTSixkw4NsuBVKaYMUw0Lq12izK35ERGbb9wFDVPbUFIJjGjxMnSUEcIXgbRxRPhpPgtgKbXD6Lphe0KFdkbEbynUSo/u5RGqdQKtIh7AQOWICslYBmu4/QgS3NLQEyvKJbykjgj5KSKL17VYxsQI9CF1yPiuCrzy33fGBReOVoAN0JCPocgJ7w5Ii2z94krATSasV4YDfLTDijdKuVXp28ovPv/SxHGz9KbO/lYgklguTLDK/1bQUkeaVTPgDw2BoW2IBwlWVIWpHs7idMi9k3ZLLsNNSu2o3PdQRXg3Mz61WfsOWkY8skrpY9c+eh61W9lsKHKzumEBTiHGmIGJTdOQ9bYMlkMNa09hMZn6VZuVUHScKagSa8EOYcdMY4vGRu60GVi7SFU/XMDIjRazTEUdIxFnaeCHLypQrFh1kheJ8ngof11hhBBjyBX7cOoCUV46Q+LUZz1zga5ns9n9/F2vLChCkfr/ej0x2BN6hg2KBMzRhdg3rRzUDrRkrLQs2jSLTbEmI3MTEJY0qj2MnCZMFyzdMkfqXui0Jsqq5Ngxz7zGd5JLdSI4NYvINmyVYKi1VsMz5Qfwp496ZznynfqgxcD3Tt1ZwGs3FyL7/1hEzasrVIDjEonLJsI741Ct4NQulgJxLJc6TvSgNqntkDjqldQkjQuNZQcLhslQsZ8eeOGWzJJu0J4/ecGpc8n/nAWgf+z0Z85fRgKrxsPh8ch6iiUX2pdvV/1ZnoDCfQIcqmTBkq5kpMewQ2+/XWof347kq1GaYrnxuvwheEelIfihZOkv8ZJiedIE86wABPojGBkpl1yYYR6kwQ/VIxSqfZyZjmvMz0kC6yxdAGgxArXK6TlBb1ZoNuihKHAe/DDsHcO6XM213XZJkcu04tkdQsOPbpB+p7S95LnpjIfz9B8lN2qUIwsgYukV4obyVhClHH8dHI3S4ISSMJwD8nH4I9eJgHtxD/WKg6aKJ304gYuA9tILijOnJ+OUooLDC0UUEjjGwcVXYb9IWo4sozeSZGAgSheOFkWdElK03H6tVlEiJzOArXPbEW8vqO7pM+FYGcIadOGiLiA1WaXCpzw5J4wJfLIhFcZi2Q5VR0YO60Mz/92AcqyTtOfvlDGkRYXtC+DlPyXgUojUtZ4APy9BCz+joo0/CtXQvyL6u3pDGo6y5gWAZmxzMm/S//dFCKSfh8DYfeN0aLtCO+6D4m6lwWNaXFmwjPmHjhK57+n7t7FQPcOPY77HtqOb/56gxJjZgYnDt8WBdYIGfD+a8fJwCFAoH13FWpZvjElsziYDLX+/KvHoWDuKLGjSYSjUt60p3sRru9A7dObETWV1pktkQIQV5SD/LmjYLUSTp0QN4C2l/eqCYWKJafILxEgQPKdG2wAACAASURBVI5cDFmGdJPNQdSWFS3bjqOByEpmoZwsOeD5d38EqWMVn47qKwTFMGAzyCn+3mYkOoOKI2eUrWjKWXj9ZORMGNiV+Z17kKMJgYJdByoeQjK1Gpa4Ifb7Dj3Xd/ywFl0Cm7vyOrhrrhKyeL+cFkz6QLobvj21aFyxBTH2hQR5a3AoA4Zw9+IpsHvsiBPGD4u4W4Rb/AI6CR0xTFCZabGP3BFE6vhyDLxjDqL0gnt4HWJ1Zv/4DOa7BnjKVZYtkl4pRNSGYmh6fR9aXttvONnTlNUIVhMHovTGaZKdcD/J2A1HcN+herUQJNcyjahPGHJjcWTNGCKLOotMzhZVql22EWHzOsxyJcdujQ+Tppfg6fvnoZz+jidtr26rw5E6P1p9ERRkezC9Ih+jTWT0Oz4A+v8FepLi5qST2BR3lIAUI8uTrEyQlSxRGhmbGawY6yR2davKqN6dimyS3UkVUzMCoTGHGUHTPFNdSyC88weIVz4pZVI9GYZ37L1wDmVv+b2xXQx078Bz+Mwv1+O3P3tTBTjW/Y2at1KADyOLSLOrxspAIjy6bfMx1C3fqoJPOvenhqQyPSX/J4f0gY4QkoR622xw5aSIbFb1o+uRaPapchQHpSG0W7hgEnKmDpKVWTIeR92z29G58Ug3AKEryBndeBPqzXLiFaqcyBV0Mp5E02v70UIBaOLTKQLNgMVVdiyJbF4Hs0xa8fgjEoAJPCEvjyrzOjNTU1aJ9IHsFClvpg0vRLwtKKTi/vbkIgTeWAgoNQDSCTc0VweCFQ9Bswdh0d45dfd3YKicckjN0wJn83h4D30QsMWg9wGA0nUQTVfuFOkeNL6xH000F+UjZhWBf3KRRVuamUMlW+f4i/tDsNrtQh8IVrdKcIjRBNUU1RZx5hAyL6tA+U0z0L7tuIy7bteL04BbzepApzI0JQLXk5cmvbW6lTvRzjHFMjsBU5R7C0SQwdL8wokynqQnx/aS1wlnmhvNG44o+gDHLkvuXeMwgbyrx6LgfWOQJECG/njBqJi5ijYmr8PMbPgeHmvDyBllePUPi1HI+9Jje+KNE/j5IzuxcXcD0BgyFp0OuArSsGhaCb7/qekYVvLeqxgw0EigE4Y4qQZmGm2gLyVbYxAUwoqByjRAKwZ4qgu8ImhNlbJxX5YzFcLKDgt4DAZLPnNLd4Zs3MPwrh8idmKZID+pl+kZ9d9wVXz63XhtzvodFwPdWW9R/3b4rx+8jgd/t0nRBjxskPNtNUqQ4ThyyGGbOwpI6LB6HWhZexANK7arlS3LRAL1Dguijcaq5P/EfCFRR7HarXBkpMB3tAE1T2yCxmBoEmMZVBxWlCxV/Q+hACR11KzY2l2C6q28ZJYTyZGjPNL0oRLkEpEEGl4koo09GrcKcpwo+D12K/LfNxZ5lwyHFo7Lypvnxv4JScj0CxNJL2YRnJhYtspLk5V66sB8xDtIH+gfR046CjpQ4rWBwa4lqsEu4s1pSKRVIzD8IfWyGxle/57ae2Bv3Sr0AfYbU/fdCWskC7qTrulnB6DIvEO1fq9C7Da+vButrx9Q5UTDi00y/WgCOXNJ9h8FPa6pvqjdJtl458E61D6xERoRkUL6txpl8xjyrh0nCzPa8DQRmMIsj/zH3lCVZoYgQKsg0iaqEjiJ4BzHREl2kl7Cfh4rCyIPF0bmJRUovna8LH6oqSllVK8TVqdDsr/mV/aph2QqAkkgNMTOZw2XEqfNSxeCTtQs26TED8xFFoMue5KNAUyfWYbnfjkfudTm7LHd++et+MlvN4ifIrI8KB6cBY/TjqrGAOLVnUr1ZUIRln//KswY+c5oS57bKNShCxCF2RdRtpxCVCVGNnnPTP4chQE4ntjDNsFaDGsMaCbSkn8yC1THVWVM/ov7E9XJj7Lnx3KnAr2oPp76vujRhxE98BvoFCFIBOEYsBTeSfcZaM5zu8Lz8amLge583EXjGJ/9xTr85vebgRxPN7RfBIrj8kKTqF04d6xw3jhgWtYeQhPdjmVCYiBRHlz2PKWMklqeLaATwqklyKV70HmgXmgHOsm27MlxsvGFYMtOkxIiNSv5UjMbExTmthOGUHJPSLFxwkY5kX5dRQsnIWvCAJkoY+1+6YMEDzSoCaknf49OBUsmC9qOWRx7f3SLpmpG+84q+U7JHHhu4m4egmsAUZ/T4cpNUW7g57AxyCV1HeNzXOiMaTjui0uSaYmnI5G9F8Eh/4RF40LhPCmSnMM5ntNHjL6H7gzCknAh5eAdsPsHClG8LyhLCXLsiaZ5pJfKPmrnuiPdjuDcgRk4JbCuHS+2TUS3EqRBgXBy0dq2HBNLJuHIiTehVVUH4gkU3TgN2VMGofqfG+HbcuzM/Dh+F8c7e8TRGLIuGS5yYDRkjQdCqH1mmzJMZbAiSjIcFU/C7EsqJJDyvZCqBRXz09xIJpJCOZDvZWDlZ2QhqDK3wsWTkDWWijsRkQQLNvlQ89gGxJmRSpXDOB8GucpOzLxysAS57JPI4P946Sg+QIdvlw2XzRqAz1w/ClNG5CLVY8ehGh/+9sIh/HnlQaDejwHjirD2gUUo4Tv+ntjIiWOWloRFZ4nRlAEzSS4sQxrgEpY0BV2pJOq4P8eFtOyE/cngxSBm8O+khyeRTeKYTpCXSTbnMeV3SSPTUwISKtg9gsh+ikEDWqwFjrIl8I7/pvTv/l3bxUB3nu78nT9dgz8/sBkoTevm83ClQzBJNI6868Yj/5IRMmYYGOq56l6128iWHGrl1aJQcGXkyJXnINoWlKBFBXhHhhet24+j7hlqQzKQ0DqHhDg/HAUZKLttFjzFmbJ/PBQTzlpoV6Uq3ZxOLb4jBCvRkjdPR8aoEunlRVr8qF1G0q+J0CNxToFOSFMwlU5iHSSpa6JmYc9wo3XLCdQ/uVmBYYjSI3quIwzvyGKxUhH3gY5gv0uVPR8PX5yYVFJ0o3TJjC5duYcPWaZcCy64QGeF7ghIH8R7+DY4m6dAc7cYK+6zZHNG5Zni2FwQ1SzfgiDBIeyJ8plzIzjIZkXRksnigEHEItGOBJ3YqZDyGrOlPYZ+andFgZle+QfnwJWfjup/rFPOA6aSyOnY8Bzv0ldOIo+LuveNg8VpFa83gpLCRD4yAFHIgMGQVj5XjBK/ukQoimQoJhB3R2YKIm0B1K3YqmS60lMU/J7viGHGWnrjFKQNK5KSPpWAwg3tqHpkAxJU+GFJVAA5Rk+yshOXXjMUT/38OuScZFwaiiYw7a5nsHdjjcD7P/vRyfjVp6afMiv86ul9+NzP1gCtEXzxntn4aS+OBOdpKunnYXR1X1iyFCK4KknKyBESOOkCKmCpkqNaZMt+BsfOIBMYMgfM7jh2DPUUOsJLQDR6eRIgVTYnoBcVOrsyRAZRbpQMi+y5H1qSCkd+2PNnwzv1flj/TcHuYqDr57Dqbfe7frIGf3xgI8D6vUnSNvte0QTy5k9EPmWzkir7qX9hl1IUMf27DKi3d3ihqEywJyGZHN9Vyi9lpaBl4xHUP7NVDSoGEkHOBeEamCf6f+yNcTQSxVj1j/UIU53ClGnqjQxO4eicdJTRzHRYoVyW/4gpAO3v1qw0SlCpEwag5HpSDdyKa0WLFwY59k/WHVYyYHyvuFo3JMBSpw4WN2oCUATw0Cf3gTM/ELPdaYYAli6jeVsRHvw0LAmWSrmiPQ8P9d04BMuVTr/oc3qPLoWraTo0J93DOWmdLcjpojVK4E+ots3gXXYoGTe5z8z0I7C47VIdyBxVKgsN0j5EeSeeRN3z29HR5bptaCnSXzDNLaATSrBVPrIOWktQwfgNRZJebw1/R0K3w45iZloTBsDmtCHSHED1k0Q+GkGOZU+hl8QVYfzSCuFb0hlBqhbZKQjRtulJutK3AZmG9qrBkXMWZ6L05hkiK8cSOOkToepW6QlrNCgV09S3Brkr54/Ac7+cBzcpNSdtu463YfxHnlaAG9635gC++vnZ+MFdU0/Zd97XX8LKZXsxYEwBdv7fDcgwTYvfjbFypu9IElXJEiKvz5D00onEZIAyOHXM+MzfqZDYFaQIXjEIBtA0jiuHQmmyJEpQisVuyIZJpFRBTuJbNxFdeHom4dwom8brXkJo+zfF+cCSjMCeMxXeab+AxaXk6d7N7WKge5t3++M/XoM//WETUJyutBtZY+MLwz6D9BDGI2f6EPUiWXTUvbALHWsPqRIRSzEMWIEI0saUSiCxOR1KAYLoOZddFE+a1x1B4/PkvhlSW4YhaUpFEYqXTIVT+iUaYqGoIB3DhxsMceaTpOt7QL0d+WkovWUmUkqyZcB3HqhF/TPblDCzCUNnKSsYRSadEa4eK0E3FohIaYmSYCylNr62F02UX2KPkSUhkmCDEaRPHixO5SyFdpF93+a97u3j9GeLZ+1DcMiT0nC/cDh0FiXQrNvgOXIjXM2TBVQDS9+CHIW77WkeKRfXr9gKjVqkzGRM+HxHEM7ibOnzppRmC8KVgYvZEikgLHEGmPGzxMzStKjuKOFkUkXC1a0KaUskr6cX5RzzYZjBj33lVDeKF00WWynKzTEAsZccpQA0KxBS1ozBltREMzVr5jARYFYarXYxcu3YVYn653ZA4/tjUmy4cPJH4B1epBZbaW4lRiD6m3Wiv5k0KTlm5sHPNAex9PrR+Md358LNLLKXjcjKsR9bjvqqTlWmr27HDbeOx7Lvneq79uhrx/D+L70ot3j1n5bgsglF78CI7u8hCZ0kFYDrI9J0jDSfJHCRA1N0A5LFzd4dpcEsSMi/pe+msyfKTI3HITVDUREUEEVlgrr05RzyPksWZ/7H4jA+qwKg2plAFYJXgHjjaoR3/A/0eEDQmOTYeelYnlre3wt9W/tfDHRv4/Z97tfr8avfbgSyvWqSN4Oc4WJcuHgycpnJJZJIJjXlxExxZpYTGeTYiO8IIW36EJQunipq8+x7cYSIA0GKC01vHjII3nb14jP40NJk+lCUzJ8og5L0hCgdnEmiPd7S3Z/oeW1SXVCSXvTzKjWMLfmGtO+oFM8wmexM1CcnGqsuPZ38K0YJGCYZisr4poKLLcWJpjWH0MwATE4eJwkCUEJxZF0yDMXXTZASWd8tds7lQRhglJQaBEb9TaGiLxAwCgnh1kguvMeXwNE6WvXkxGfu7JmciGN7HGhezx7vbrVYMm2OpLzHgJWHshunwl2QKRk45yBHVgrCdR1ixyTIStNix8iWUkaVCC3Ft7cG7QSzEIDEZ3sm0Am/j8TzsmwJQqkDcmX/wPFm1DyxGYkWigsYWSZpDjYrBi+dJAuhYHtIsn8RmvZyPNGGapeaRHt6E4ZjSBs/ULwJWW6NB5SsnO9II2qYcbI9YParOUkT3VzTiZvvmIR/fnfuWQfWHT98Aw8/vAOg/Jc/itFjC/HSL+ehqAe/LpbUccf3V+OfK/YLAnnbQzdi4jAKh595++yv1iMnzYWv3D4e7rNa/pglQsN9QCS7TOI3QSJdfACjksiFrFJFkX6ZxsW1EfRkJCWhs5Sok3LA7EyhJ2Uzjy0oS0UOZ2AzO29SuBTSuMraRErMzOIE/MQMkZw7Zn/8PUuiCshCTIHCp6gqQbJ9F0LbvwXNd5QTG2ypA+Cd+B1Ys0ivene2i4HuHO/zXfevwx9/sRYoz+gmX0tPTjXYC6+fgpzpw4z6OVD11Cb4WSZiaYUraIJJOsPImE335okyOBKBqAwQZkvsO9S/uButr+0FXA4FVmFgDESRMUP5dpk9MvYzqh5Z260+0qV+YFycGeTo3jyiSIRu3fmZ0KIxNK45iGYh7bIkasDQOQF5iPqcInY5onQSS8h8RyQcJZnqX9qD1pd2K5AAz42Ah0gM2VeOQfFVYwTswJ7L+ShXnukRsS+n2wPwj/6TZEiWBEEIp2sinePDPm8fU70Mzd2mNCyP3AKbvxyamx5zfQhy1HhM98hzqF+5A+1ExIpDgEH7MBR0vGPKUEZ9SI8DMdI6OJ5SXJK1i4i3qUfJbI1BgbzOGUOQOXkQml7ag9C+GkP55jT8OJnwDIsdStiNLkHJ9VPhzk2TxXzb9krJsqQ/zfI5N9GptIqTQPakQXJeLKPSToo/r6NDBysdDK6ip6krTcxwDDnXKB6pHk0IYIVZKTM/oiu7grxZruRiq8aHD3xsCh7+5uW9PrnHXz+OvHQ3rpioMrLDtX7Mv3cVDm+tVd/fGcEViyvw6v3zjN/78KmfvYmXXz8BeGy45/bx+PmnZnQdm32+EFHK7WHE4xr47+MNAby0rQ7/x2qPw4Ztz30QE4eagdHIulTE6UJM6iLRZToOJIAkeYQ26Oy1yW4KeKJoBOYYZ3BRYBQZGBRuTkag65xLXKpPx88JgZxhzA6LcOxU186iEajEgOhWYJJkDJpuF8k3Bi9mcpL1yXH4P0M2TBI3u/B05VyM05GsTgArBtncQGOKZNiWLyPJYCdzXAY8k34Me/6s8/Z2nXGe0E0Cxbvydf8ZX/KFBzbi/l+sV+hKU/ZIenJxyd4KTCsbqpiE45ItBfbUqIyMAshCzI4i5/JRKLpunAQE/l+4rm6HZEyNr+1DiwQS6vg51KRBesLcUSi8eqzsz0wu1h6W/oQoRZgGlT3neZ6XKLFQU7McJTS2zEqRchGVUkTFntklX3CD3GvPTkXRYiIri6SMSqNUjmTR4nQ7UPfSbrSvNmx2OCkJry6B/Pl0bx6GZDCu0HPnoSd31hGjW2GNpyI47DHE8rbBGmX9/z0Y6NiPs0eg24NwtI6D98QiUXGR8qU52Z3uYnk5zMjSveLRV7tiOwI7K1UWZzpXc+EUTSJr5lAUXjVGaANcoBBVyey7ec1BVWJmOcqE6DMwxpPInjEE7pIstKw+gFgjy4wGwf9MoBMRPoggfeIgkbBzeJzS32kzzXQ5Zszv8YVgcTqk/5xeUaT6tQzaaW7RTq1ftRNBii2baExO2AxyNitowMsxxVIl+4os1xKU1fDsNtUOEAEDo11APl5jAHfeORl//PKlp9zN9mAMn//levzfP3bCWZyO9Q8sxCQjKzvRFMDOQ6341+Y6PPDnzUBUw5fumYmxw3Px5d9vQsOxNthzU5Ce4sSHrhqKaFzD8XofgsEYOoIxdIYTaOuICPI1pumI0/k8rO7v2EsHYs0vFyAjxWGUAA0kpPBZWRJky4PvmJLvkmAm5G/+XsH/FcSff09C01iONEqNhjQan6v8nB6RRvCifQ6nd8V9Y18tCU0yM2rDqoDFn0nmJ4HUYVQeGdH4dwZIljUZfI1ypkrrYGVAs9p7yJgrcIvKDpUCi5yvFCgUMEqLNCG841tINJMznADsbnjGfQXOssVnfc3f7g4XM7p+3sGv/XkzfvjTtarM0RN4QrQZIdzzJoiau8SXUBRVyzYrDUrRebSq3h1RaVePRf7lI1WPgqtQi0XKN/Rrq1+1G20sHZHrw4lMkJtEso2SzxAdyf5d1ECzxepYhupFdV1OQhOeEh3BS9nfSPUg2h5A/Qt0HzihgC0mfYB2OaXZkvF5CjIUSlLeNRKRHeInV0uy75oD6nMM2jIhWeS6ieojfYCu4P3J5MxGuFHg7yKs9u3R6LBGsxEtXIfQoKeFV3fW8l/fDnye9lIrXoJOCJRxNc6Eq/oqKbGqIHf2UiXvJfmT4fp2cQiIUO5NiNDGZw3XiIJ5E5A3Z4SUmMltpGQWj1//4i60rzuknhcXNHyoBH847ciaRtd3DW2bjkIXUWYjcJzu6vmdhvtAzmUjBUnM/horEs1rDimeXRddhoCYMOxZKSheMkWoLyyj8pIJiAlWtaL26a2I1bR2A6d4bjTsTfcI5YU2VJQvE+BNulu5lothr0VlsmaQ43vVFsYX/3smfvrpU1GT1U1B3PSNl7BxfbUq0XtsePlP1+PKScVvuVIO9yXfeBkrnjmg0KFOGyypDnhcdoSIFOUOHRH1fyKMJdsyDP9M9wQXP+NErtOGkUNz8Zt7ZmPsoEyFeFT1Q7nnKstiEDCQjSahm4HHdBEwfybvIXtu7K2x/MgAZa7p1HGVs5VJ91a/ZDFSgVTo+sDzT8Bid6rvlhY+gSYJCYOa9PMUvUO3UGDeLsGT44w/U0ckylMFMIpXaAyCXQhO0/2AsdGggkhc7O6P6nEfIju+ixglw9jHS0bgHkMVlTvO0/vW+2EuBrp+3N7vPrgd3/n+atWTSzMyIAGeKKWQgsWTDMK1VdQZqmnwSHh0TqoR5KKSzRUsmoy8OcOlVMkSHzf2KZgt1Ty/DZ1vHFKBhCAAP7UjdRQunIi8GcMQ80eEMxWqb0c1M7lGf3cm1/NaRG6MZNwIMmbSTXwinOlu6eVVP70FQZNfRxCJqRY/qlS0N53ZKVJaMhvOKgDbUPfiHrSzlMrJkC813QZ0C4pvmIqcaUMQbw9IOao/aicspsRhQ4eWiojugscSRY6103ip+gKf1GFJeAWtGBzxEDRPKyzxd9eL7vRDiJNEHJqjA7ZIATyV8+FoGQfdHpbs7qxkcEPOiwGrfXc16kwdVGbu5kqefS+nTbwCsycNFFskGowSqMGFFvvC/s0n1BgRhX9dOG72jBRkThyAaLMf/j3VSuSb1k6n68fJhGUgKy0WFC7kwmaYBBx+X92qXSrLp56raabbFoC9IAPlt82CtzQbsdaAVCGIFO3YWy1qQEmWydlfY+AyeoX2wkwRZk4ZkCuLLXFE96geXjPtgrp89IxMjoG3IYCvfv1y/ODOKac8joSmYeJdK7DnlaOiVrRw7hBcOr4An1s6Cg6ThtHjUy9tqcPVH35SvbMZLrhTHPA4bGBBNSXdBZvNgtLcFBTnpYgoQ2aaS3h1TocNqW4GRRsKst0YWJSOCsNPTlzADZEEgeVLNqXKljqDlgQSBjDV6zLRxapHx2Cli9qIniQFg0APmkKp7MocCuIUTzCKxSZaohJSLXZoekR6aQCfLxGWumR2PA/+XxOgCfe1QeMxJOEkhYCRkOdERCr/tMMiYCkFOFEMPCUKLZw8OQh7dhSPZsZJoutbtTHlo8kwQtu/h0TtSlWa1aNwV3wC7orP9GM27t+uFwNdH+/XfX/fgW9+/WWgKE1lWnwpzdVtMonCpVORM3mQUkwPxXHikXXKgJLqDJxEWK6x2VBy0zRkjy+XF5glQQ5Wh9cpq6Pq5Vvg23RUvfhEcNJJ2WUTFFzOlEHCGaKxarjRJz25RIvBGTr5GsyGvC8s0k3F14yXMhGDI1FwYXLk2DvhipXlHl8Y6TOGoHjBJNhIGPeHVamCmZyoU9iFl9fJHooAaWxybhaPE8XXE2VXKshKKXH2JTaddL4h3Y3BtjpMtB/BvuRA7EkMRJol1GVf2nON2uvj0insnIFI6csIDXpWuYsbXKA+Pt53ZDcGX652nU1T4Kq5ErZotpjDKieCs2dyCnXrQTMV/ukGzjEnHDGVZYsre3aqOExkjCwxLHZ0uLLTEKxqQc3Tm1XflhB907EgEoezMBOpg3IRqmpT2SF7rL1xLc27YiLpOoOwZqQIkjNjRKE8by2RQO2z2+HbdEyV5hmEDPspqQ7cNB3uggzJygigYVWgZf1hNL6wQ6UjooNq8N1ENLpA+osuaqeSM0czYZcdtat2ov3VfT14p+S3WIDWsPQZv/uVS/CtD07s9Tle/51XsPzxPUC6Cz+5Zza+dPPYMz7vQ7U+LPnqv7B/Z4PBR9Qwf/4IPPLVy5FMaPLaZ5zExzvbAFIISLMU2b23wnsQSMK5QPXT1MhgpmhkcFZKlVmgJ4NGQFH2OQyeUkKEVQIUS5Aq6imQSle5UcqPCjhiVEFVOZGwfxUrQRkxi9UtmRyglGl0oeowvUsoxKVkacwoeY5WBULRkiprtJmAFasCwBji0j2zuZ73iNcd2f1jxI4/Sp4S9Fg7nINug3fCt7oBM2e7qf34/cVA14eb9ftnD+CT33pF6T0yyEmNwBBBjieFQpA3e4S8t9FWn4L4HzdFcW0SSMifK15qNOJb/dCTisnCTI6Dgvp/nesPdStaMJA47SimpcmYUkWMTSMxtgNV/1iLhAAKDM5Qz2swzysUR/bckSh632hY7HaE6tpR8+QmxCpb1eqewZeZaFJHzpwKFFw5UiauLrscoTc45LzpSC2yTZwQOZEx4Ka4UHLzDDFy5bn11xHcPOUmLQsLXBvwvykPINfegP2JCixovw91WjaKbW3wa164LVGkWCLyQvW+6bAmPdBtMQSHPYp4+mFYY/+OXp1RhLWFodsisAVK4W64FM6WCbL6VaVKY2Y5w7jrkvOyWlQfde1h9bxEPUeVjoh09AwtRNHiSfAUqUBC6DdBTEQj1q/YrhZCJlWEQTKZhKswU7hqDHAJLqREdu4MPU1Z8BhIzvJc6ceJmammI9zkQ91z2xA+2qiyOL4fhgOBl76JN04TWTL2eVl2JHiq4cXd6Nh0RJVReT3cWNUIx5AxdTAKrxknZXL28Qh84jWxh9e+/ogae+xXC4nTKuhSxHX8+jtXiJpJb9v9T+3FF/juasDnPzsD//vJaX1444FWXxRbDjTjzu+/juo9jUgtTsPPvnQJ7lp0bn5rIqdluAWogGZIbsm9N4SYJa37f+x9BZid1bX2e86ZY3NGM55kMnFX4goECK5Bm1KgP4X21i4t0FIqVKBoL6VuFHd3SHASIG4QkhCZjLsd1/9519rfmUmITBJ6L9B+zxNIZs75dH977bXWKxzjFtrSkLotVwKCVaQPZtwGpIzIsiUDHMvHJrhJ/43CztonT6U4bvh3BaNIgEsrqKhaimSA/L3dJeepHUFDHTB3TOgJJo+Tnp+Y4JpyrClVSj9Qrs1ljrE/paIUQhtvQmz7Q4DDJz0896Cz4R3/Y9po9Oo59fZD/wl0B7hTf39uM7529Usa4HKYyfXQrgxHUXTyESieM1weLvlJNEwN0SerMFszPqqPuF3od/505I7qK8oUsnoTA0nVC6x6cpVKFTMBFgAAIABJREFUdXF1yyyLgdHtQv9zpiGP32GfI8uDQHWbiO7GGzv23ZMj0CUcE8FlQvwzXA50bq1D1aPLEWvoNL0QIwCdggBniueOlIxMqADGwZkoPQIaap5ZhQ6hRJBv5ZAJ1p6bKX08BrloSyDNt+ntoOv5ubpkHyzyLsGfsm8GUizJxbA4Oh3Xdl2CdfHBmJKxFa3IRiDpgc8W2k+wS4rLeCKzAf4xf5XMyR7uoyvSfzk4xfThWJK0RyVzczZNgLt+rpRRRfmEWdyBVFtk/URlkExE2sl1W6ugE5axOcFzY2k4EIZPTEmnC5oy0upXMWefuoHX0d+Nly1gkJT2adlGKs6Rz4VrWtRZ3goa+3pwFpCJTt8j+6L/mVPF4YCIugCrA9bCyeo/E6DSFUb2xIHoe9okWcQxyFFkmtlZ7QtrEfygRoMr+3i8bUTmUgZs/miUHTdWuH4c764cL5JxarWugH81+X4mK7WCXF2XvCv33HoiLjxm8F6vYNkHDZj/3ecRaQhg1pGD8NYdJ8NxkACpNR+34PhvP4emVfSz8+K6H87Dzy45eL817Y9ZEH3L5403gCVNrWLvDuHn7ywRZWOfI6ARtdcRVKOdJUqSsWOSFVkehAJgYVAl7YCAERFktt4DlhmJpmRAciJFXpwEPjO+mP2JpqX27OwCLCHwhCVG3QdVVRjkeAwWL+0stwrgRI8iZU4JmIaecICJIfThbxHbeheSDrcAaZzFs+E54nrYXbmHMqXs9Tv/CXT7uZX3vbodF37rWV1JEmHZM5Pzh1F40gSUHDla+leR5i5U3vM2IpbOnuln2L0uVHx5DnxDisUAky+ylivd0sze9chy+Nfs0OyMq9x2Pxz5Pgw4dyayBxcj3NolDtHBmjZU3rsUCdreMOh8wmYHymMLxVB08kSUHEmQgBMdm+pQ9cT7SDT7DdSbfZagZAj9zp6O/AkDEO8MC31AghyNNzPdSDkcqHl2FToJYrDMXGmcmePFgEWz4BtYpNfTEyl9CMOSr2x9Ih/X+e7B97PuRTSVB5e9DbWJQVgSmYjT3W/j1egU/Ffnt+GxReG27eGSnD6mnogtnI9E/hYEhj4sfTt7lOAUy3H5EE5wr1+xLlqh3czeGODs8Uw4m44QwIkjVCzOA+zHHRBVyWMQku1wwEVnip1NqH18RbcwMbMXyXyiSgWYOwJ9T6QAclIWKJSH47xWv2Q92tjftUx1OdKiSbg9DhQUZ6HZH0+DQYTgvz9wqoUiFhf4wSg7YTwyCP7IsKPzozrUPL4cCfZouTiTUrkRZ543Ev1OnCQ0AI4pCn13bK4TO6mEZJjsxxlisaEclNCbcOZQIX0TyES+n9rsrFAJMKsCIZOoDWgIwOnJwOP/cyJOnV2x1yfkD8Uw5fKnsXl5NZzluVjz9zMxhkLrh7Ct2NKM+d94Bv6tLQJA++pFR+AfP/okqnO/u2ZwEWqAZm166wnqUBfwFGkBEvQisNn5d36mB+pSACtKAlcQSkJ4atLfYyYnPTu+vwxqUdiEW0dagNmvgEbYWlBx5kQiBTvHrvDsVDVFyODs0fFYIuZsyq0S8LgvHpjBTN8n1cvk+ccUZSkcPWaB2tMTNGkvt+i2+0H3A5vTh1Sc2r3jkTntN7B7Snq5h/1/7D+Bbh/358mllVj4X88hxT4Ag5yVyYlAcxxFx41DyZEjZVUa6Qhj10PvIrKtXoEn/CFLjQVZKD9vupBoRbdSRndK1E6oHl/95Ep0ra00nCW7BLmMolxV+R9QIDJgBCIESfJ9YBnizAYty5We582Xn0EuSsuS8XJedrcDbeurUPvI+wL1T/vIdYXhyHKrMPPo/qqYwZ4KJzbavBjgCbPMzhWmX8gsUxwIcjDgvOnwluXL9w6Eiu/NCOWatT6Zh2J7O57O/SlGZFSiLZWPfDvLfOwVRFATH4gT229AfbIPCmydlpLfXnavAcgeLkAs/yOEBj+BuK9GMj1bwnCzenNS+/0MS3kKMhG6gC0BRywXGS3j4Go8AhnBUpH0SjlCZlLpRdPSlImZbbWu3on6l9YhxbKy5UzB8zFq/RQGL54zQoIcM3Dy6qhtKiLc63cZpRP2X6iCnUS214mSQh86O8NoJFKQ41kx3/ve+HspaydReMxolBw12kzGNlFiqX9mlWaEFg3BfJYozNL5o4W6wsyUi7zWFdtQv3gDUgSMWJ/nuXWG4MjPEhJ47th+IsxM+gAXdeGWLuHIhXc26SKL41veHRtQ24Giinw8dtsJmDd235Pg5qpOjLzgYaAtBHsfL9beczbGDdq39FRNcxCvrKjGc8t2ob41jC8fNwSXnz5SMhpuK7e14tyrX8YOZnZ24LgzRuEPV83FMPbse7FpRtd969NrDOGcUYxZjWsF6t8DpajZmwjkKgczzoWTZlQMWEoBML1xcTHgbTIAEvm92vZQIkx1LomyNMAiAZEIVDPdelBxL5OZmWGiAdoOOLhf5pLM5My+Le1LQb8y2FngGZ5j7wMdTzuy82GEN96q558IwVFwBLwTfwGH7xBc1/d4Jv8JdHsZpEvW1uGM7zyPACeGYl93Jsesxx9GwXFjRW2dZEnLRTvCl5IlHL4YrQGBVPe/YAayK4oE6ZhGMLJsQ/ucp1eha9UOzbIIBGjzI6MwC+VfmoPM0jxEOwICwWYmJ0Guxa8r2z1X4TweqQ2UVTppIkrmjZQXpnX9LoGip1gaskRuqWDRNx/9Fk5FVrkGUiWZ8n/aL2RPrua5tehgT4SlVWaZbX44i3LEjTqzX74iMj/Fja9VdbIIl3ufx01Zf0FnMgsZNjb9U/AhgsZUIc5p/wE+jA9Aob3rAIVI0/OIZyLl6kCk7C1EC9cilcGSsUsDngBV9pzs95be9PwM71NC3L/FATzhhiNUBGfbGDhbx8Ie5KSb0uP0RsbLun9cXEiZ2I7Gtz5C8+KNmvFYHDR+jnw4n1u4jXnjypWHxszbGNzWvbAWkaqWbjFnWWWn4MpwIDfThUAoimAgBngOkMVZ59QZhN3nQcnJE8QdwDIz5fk1LaEAtNFb5efFjaLbLof0EmpWMjuof/UDtL5JJREiMU0vUJzK6WhRICRzb1meLppsNrELkvH+yHtaZic9Il1qtAFVHeg3pA8eu/1EzBixf6ucRDKF3zy8AVff9o7w7e68+XhccvywvY7ae175GDfctRqbNzSoDmdLELYxxeh8/f8hi6Aws22u7sQF17yCNW/Sed2FPv1zsfDogfjTNUfCsd/Fg7G8SRugWsPPAEf4T+MsYFnfdNMQLB1KlepShKRxEVfWm8xPlqpJitJezKZIAUgHSB4gKYsjUSuRrI7jXcWbVfRZN3FKYTZnVFhIH5BsTtjizOBMUJSMT+XHGNsY+HQpwoBH8rml6HJwE0W09mWE1v7coEudcGRWwDvxp3Dk770H29u9/yfQ7XGn1m1rxcyLH0eIvlQMcszkBKqv6MT8Y8ag7NixYnHCsmLlPcsQrWwCCrJNkPPDUZCNQRfPhac4R3tyJtEnLYADq/KB9xAgpJuBiwOCAahfHioWzYK7IEdg+hLkatux68Flaq5K9ObegpxxRyg57QhZeXOCaXznI9Q9tVoHIpFwRjRaUHDnz4S31HDkjAtHGvyQYUf106vR+c4WFfFleaupCxll+ahYNFPkpHhuB8wIejv6zOccSKIxmYdyezOey7tWsruQgLmBLFsUHcjFGW3XYGO8AkX2zl7w7ExmF8uGLe5BLH8TooXrEM/bCkpvKSyajRHtS0i/I+HaQz4shRQluZi52VjWjcvvbZFcZATKJbg5OwaJfxyzupSTzgy9UDdJzyg6d5AGwAyIUPsOlrBZ0rb6cZa8VlkeypnlDylFpLlTQSfZHrRS5/LZ1UixhEg0rEHKylzjsMFJBG00oRMcs/IDlSp5vI4QXGW5shjyVRRJ5YFWTPWL16Ptna1KUbBAJFwoOR2idpI/oUI4lHRF4CJNM8wqXSy5jXKLET3ImlCB/qdO0v4i6QPsSxZko+vjeulxJ8nftLzkdBUGbGvFsMn98MIfTsXQMlZNerfNueIFLH30A4w4ZjDevP0klPSQ9eIerrlzFW6k6wiFq4t8mDevAnl2G2ZOKMMPFk34xFBv7Ixg0bWLseS5zen2wc03LcBV5+9Hzko4c4ZbKhmaLizFyFR6yHqNGpj4nEwGZidpm5UWcnRZlmRZkaLLzMo0WKlyiaqliNEyjyMoSSPLZUmIidQX1U74eWZ+VFzhc0nBbhRZkiw/JliGZE+OxHNWekhBYImUZ20hRxlouT/lAILvhwm40p9zeEx5tUcK27vHJZ+KNy5D4P3vyHXZCZ5xZcM3+WbYCycfxF52/+h/Al2P+7GltgtzL3kCjZVtQP/c7kyOpb2uMPLmDke/EycK3J5Zzc773kFklyG7cpKhxmBpLvovmoXM4lwBCciWTMlLTeWIaqqkEGDAF5llpGa/+LUxAHkKshBt1Uwu3NiBnfctQ7zVIOf2lclRiYW8vFnD5KWgk0A99SclSnS7HAgK7pwZ0n+LsUdnrUClXKkZRfVza9D57lYtMTHItQXhLMoWuxZPcbaqPfSiEncoozGQ8sCFKJ7Kuw5jMyrRkcqSySDPHkIYXpzU9nO8Fx+BofZaxIRv1IuNK1cGJ7oacBpxtyOZVYO4pwFJb5NmX3Tx5iPyNCLp6oItRR6QggboD0eOniNUCEeoBPZgX2R0VqTpC5LdsQcnEkwH4YPHSS3DoSja2nbUPL0SkZ3N3YALHtxwyrzDS9DvjKnwFGUh2uwXUBKfTRPtdQi3t4S+90BOykRk9XEP9MwE3h+XTCtz3AAR43ZRnzIFAZPUPrcKfpZF2UfuYf/jyPGI0W/uSPUmJFoyUN0icl6C7rXGEW8wKwvRGPqwvHncOHkn6G7OPjKpL80rd6D+xfVIUULPymZ5XrwP1Z04+rgheOjGBSjewxW85yh47M0d8LkzcOKM8vSPX11Vi2O/+ayQyU9YOBov/npB+nc/+Nsq3Pybt+VdmDxvEK6/ZDLmTy6Dcy8uBz2Pw9Fx0z1r8NO/rkTi/SpMWjQRq+86a98DkoFOgpTpTUpPjX05ZkWqGZlepMjAYz9sjzFOhwJKgtmNewDL57Jf7lYBKsK/I8iEwdRyIEhQO5cBzZQpU3Ek5fcEqbDEHVeAjpDEdaAw0CWSSqMQjzr5nUO7hmm+HGOzRRC3zFcVmmKzG2WdXryi+/pIonmFOB8kQ43KG3RmwzPmSjj7n3hIe/1PoDO3bUeDHyd+6zls/qBBnQgs4AmDnD+M/FnDpSFPiS72EIhiDG+lZ5shJ7cxK+uDAefPgKcoR3hyFheNkxOJpVWPva99FE4iHFPtQbgHFKD8nGnStI8Thp2biVBdu5Zvmnp4a/V8vKZcSSfw0hMnonDWcFm1N1LmifwkcSt3KdSbzggTKtDv1CPk3MUZwaq9MwCzJ+fOQPUzq5VCwKyTAbg9CO+AQgy/YAYSOZmIdJBbd0hj7IBf4m5bU9kY5diFB3NvQK7NL8ATTgbRlBtuWwT/DJ2Iq/yXIscegBtGxPaAe7Y+YMqZ9KtLclVrQ4qZmiOS7qMlfDWI5m9CytUOeywXjnAh7MEC2GK5sEdyYUuYjNqUL5nhKeH74G6KlIbcGdJba19Xibqn1yiowypLS79V3cDzZgxD6YKxUiKn67YrzyvPoWHxBlW1IThkf6LLvbk/fKg8XjSBvGmDUXIsjVKdYq0UqGoRwnmEXDsLRMKsj71jVgfOnAJv33wRPbB7MkQcvOH5dUiyJ8xgJQOGcl5h0NyXYzX/iArRrCSNReTuiBRdsR31z6zpLola4ugcv9UdOPPccbjrumOQw9LrPraXVtTgRJK8+2Ri3T1nYfygPulPXnvXGtxw89syrn/2/Tm47uJJePj17Tj/+y8JQnnOMUPx+C/mo3iPbM/aQZxl/b0M/ifeqcSD963FJV+ZhJNm7UeNX0AkimYU4rcgHi0XAIOg5M9NP83m8Ao5PLL5b0gGauEeeSkc2XRA8RvICcMPv6+OKEJGpwUYg2PaYZwBiuAWIzcmEBKrTaE9OAGjiGyYljAlcBrfOsngpDwpS0SD3GQQZYBjxsc9sP/HV0CNXGWpJ+fA8mhvBt/+P5Po2oLg+1cg0bUTdk++ZJvukf8Fz9CLDnrn/wl0jDehGKZf8gS2rKgBBvZAZrGf0OJH9oyhYjjqzPQgSIPHh5YhsqMJKMzRG95KY8E8VHx5FjzFucIrM/UJ7b/Y7dj1+Pvwr6RChcnkmLlVFGLgojlwZtOUNChE31BjOyrveUfLlQyie3Kc+MJxYrTZ0G/hFBTNGo5ELImGJRtVfkmCHF0OtNSaO2so+p9yhGRHRLJZ+pP8NycaZqe1z69D+1ubDLndAbR0wV1egAFfmgVfcQ6C7A8eJrpyfyOTLxVLl9f6HsBVWX9GNFGE5fGRiMKNo51rYANXpVFc6/8Ofh88A6X21oMe6PoFKy02ig/yEpuSnriTU2yU/Tdj4MqgJuVL6pByUlFzy0N+izlhZnrEI65RDE8/ULUMS3nfIHW5/8Jjxxgh45jIeVGfNEjJt0ffQ5QOFZYQgRkfItAreKL91Sf3uG0Mqgb5WExJurkjkIxSGsyJrq0NqCZaVwBQBhBiDHi9Q0qENO7pk5XOGhve+BDNVM3hwO/ppNAZhqMwC/2onTqyr1BwBFnp8whPs/7VDdqX7Kl2Ip51EbHZWbRoIu47gANBa2cEU77xLHYsr8a4IwfilVuOR+keQeuo77+AN5/fCpRm44/fm4W7XtmK5a9ux8Q5FXj9f05C3l4I4B9WtuOaPy9HQ3MQf71mHsYP7g6eBzUAJRBFlGBtgCJpVRGzWNKnFoXNofyx0KqrEdn+IJKhJngn/Fj+iNVOgv1Z7kdHopREZR/8t8Wj0+oCkZeinZnm2GkBUqjpch7d74OqoBg3BPFsJSGcnDsFqsm5S2BjSGMPj++NcTaXMqbJBu0OA0I5iArHfm5m0r8d/ve+i5R/B/lYSEW74Bn9TXhGfP2gHsG/faALRhM47hvPYNnblUA5eRvm4XMl1B4A+wkS5IwZ6g6WK7cTeGIyuVY/3INKUPGlWXBmuTXIGS4a/81t12PL4V+3q5vD1uyHZ3iJGKbKfluD0quJdIaEoiACzZbqe8/H2UNnsOysqSiaOVR6iDUvr0cL9f/YO2GPhyt0wtDnjEDfE8YLqnI3uxwJcpQcYya3Bh0Udra4UC1+uAcXS2bKrCPaETIK5Qc1rg7qw7zjrckcnO5ehj/m3IRXo7NwcedVUr68xfcXfCfzMcDegjuDF+F7XZej2N6RVk05qAPt88PmmXMCSXFi4MttNegPI7D1PB6dH7KJtk0In6yDThaZHpXMsjgaVA8hInbhNFGbsUrMLHFK9vfCOiQ5viTwfAr0QCKBc7zqUjG2P5K0b3fYVLmEjhZ8B7IICCEkjvZQIfgmDUL5WVNgpxIGM81wDLVPEz28S0vlDFgyZyeAVj88LJmfMRXukmzE2lRYgO8FQRdyH5Zu1jHLscvjCRE8JFqS3/3OTNz+nW6XgH09viffrsRZlz0FZLlwwemj8MCPP+laQOHl+d97EWuW8j1kaS0Fr9eJN353CqaNKNxt153BGG57eCNuvX8NgpubhaLxwEPn4oKj987XO9AYFEsbQUQaaL6Nkl8MN5rhSZAS5S7yHiEwe2ZzhNrbcwfBM+aHcFLln8HSkMB5r5LspwkJnL019gC5GOMYZgBSBROCT+yE/BPNKcLR7D2TgqCR0iZISmsBpyci6ijCnDF6mCJZZnI9o8giPUDKh5meo0qCGQgNAS+SJX46WzLcgODyqxBvWQW7pwCpSDNcA8+GZ8JPe01h+LcOdLFEEgt/tBjPPrQB4GrNSrf5xPhSj+knIACSV0N1HbLCDTGT4wpcenIBQY9VnD9L9SFFsNbA9H0eGVg1z6xG12ry5IyeX4sf3mGlQgZ3ZTOQBOHKyZSAQheCaC2DHIV19xgkBvJNIAJltwqmDkE8GEb9kg/R+sYmwGsEe4mui0RBGHrJMWPFq4uTUdpJgFB2mnb63Kh9eb2KRxMRJ8jPADwDC1H+pdlwMWgT3fcplCAONNy1zW1HLJWBwY56NCTz0JrKUT2IVArz3WtQYm/Hq5FxqIr6kO9MSinpIHKXA53Cv+73huDsphN2XTtqnluN8MeNChKy+l3sQ3WF4C7vg76nT4avvECCAkuc7J02L/sYja99IOUpCTwHk7XteWVmfKIzAE//Pphw3nREivLEZibDlkL9ax+ilaLdDlYGDCWD1JVIHPlzhqPk6NFSCeC48Fe2iAKLiDITIWldj1BwYsiZWIHSE8ZrX9igM+k+QCcCAatsqtESJ6sQUq5UYBYXb7f+cB6+f0Hv/Mp2NQYw4/KnUbezTd6d+RNK8bcfzsXg0t2h/+s/bsW8bz2LDpLNPU7kFvuw46Fzkd/DKXzl1hZ89ddvYsOyXYJXKhxZiK+fORo/WjQeXssp4iBHi/S1yDWT8qAp8pkMSmW7VESZwSNW9RwCK6+W1y6jZDa8k34Ju7cUqRirRNwP+2GqWJKMW1JdLFvyG4p0FJRkkhQAtf2R/px5keVcmHWlLCcDE/SkBEqgCz9pBSkLMGP4okIUp98cQSIsZ2ppWv9ryp8M3g6z2DnI+7S/jycj7SIGHat7BXZ3MRLhRjjLT4Rv0i8BB3vw+9/+rQPdhb94DffdvVY95SwVct4vyivRt+2cafAW5SDc4kflg+8i/FEtUGxenmY/XIOKUHHBLMnK2PuSwcZsyeeRfnLVYyvQJeVKBkbCxEPIHF4qqiLSL2OQy81EPBBG5SPvm57fXqRvrJ5chgNlp0xE8bxRIthb++xqtL612TgQOA33KYHiEyeiePZwtf+JqM6dtWwU/UQfve7Wo4WlM6ssxdX3UGaZM0Q02oJ8H2gAfVq/57qUwY7izl5bVCS/ODGE4UJbMhtdcQeGeAM4qxx4pyGKSn8cXvYSP8sbgT7Ud/S50bmpDrXPrlKaiCXLxUFhLJQyR9PTbYosqojUZYZPs1tKbHWwH0epOE60hxvkjKdh5oRy8TScOiAX2zpjqG8LouX5NehaV9UdfHhvhbqSQjFl7gh4YiZBmc31lWh4eYNmmKw+yKMwijvJlCm9jpEyJa2FmAGSDhFq6BCvuvA2I5FH4Icg3W1AY1Dem7tvPh4XHjs0/WQJfCb8f/m6Opxz0gicNKMchVQp6rEt+6AR5133Gqo/ahIlmFFT++GJ64/FyPLdSeKvra3D6Ve8CH99FxxFPvzuqjn4xqkq6/XS8mqcc+1i+Cu52PTIsa758oQePnKHNtgkuIgpqhFHNi4DDBRK4mbPy4V480oEV3wPqVCDwOkzp98Be2a5oC6Vy2b4b3Ia3KcIyxketyImieIUTUupa1q2P4aSIA4Fiji2M1RJvzABu6WBydKngGBMWDSBTM7TZJ3dtAeeA7M/RVZKcBUuHXt0n142t9sdT4YRWnc9ojufhM1bCEQ7kFEyB56Jv4TdvX8xgH/bQPf9Py7Hb25+S9GV5MpY4JOmTrgHFqLiK3PEqibWEUYlXQhIB2C5Unhyfngq+Jm5AuZIZz4W4drtRCV7cu9vU+AJX+JWPzJH9ZPAyKxMglwfHxLhOCrvfUf1Atl36dbx0WfM4MnMKsMmfl4FkwdLhsbJop0ISa6IucImoTgJlJ0xWexyuH8h7lo8JFHCJ9LPi4Y3N6GJfl7MDvhdXs+QYgw4l+XKTMSovvKvQp4caOVlCiA9umnyjVA8hWKPA2cPzsZL1QF83BlDJm1SPqMbV70MWsyMmiznbD4LQzGRCYNE60hMhLfL5o+RxVYqHBNAkr+a2dJqhDkuRID7cIOcQT7Sf27eSJQeM0aUWBwZdgRqWgX5Gd7W1M3r5HMgACnbLWLfVNDh0ExEE6h/1fgYMhMTk1QzC7YHYct0SVaaP7FCFmMUOOe4I5LYX9mM6offRazR0GV6VlCqO+Aty8b9NyzAmbN3B3Z8UNmBsWc/oCXNHA/KB+Th0RsXYPrI3UuOJH1fcsMbWLx4m7zPxYPy8dgNx2Hu+NLdRsmSNXU49fsvItxC5wQ3bvvOTAwtz8XZP1mC2EfNyBpbgjv+exYuOb472B7WMDMGpoq01N6YwvwNWMfhQTLcBP/bFyHZuRk2TwF8036HjKLpql9puYNbklpissqMjNOFKVdKoIkKElLAIiLLxUMYpCezNUPqlhKq9OMYCDlH0OKL7ghK9LfKoToFqO5m+n2kfKFxOrAq7hJ/rX+wLHqQRPGDvbfhjbcgvOVvsGf2QyrSAnvOKGROux0Onxrp7m37twx0tz3+Aa6kEwEb1uyRWEGOunwFWcJny+xfIPJKBJEE1pLzRv8vZnsMCqViPeL0udI9OVEVsQjXz65BB4MQ+17cWgPIHNsP/c+aKjJKov9HJGYsIejK4OZ6LVeajDBdL5RMTssT/c6YgsIZQ1QFg5wrSnPxnKg/KS4HTvQ9/Qj0mVhhzFJ72OXwhXA6RGWFhq5NL69XbhMDfAuvp0SAJxlup6y+/6+C3IEGPB8TvTaZBDDGfSZLl6ZRwUydLhB1L65D1xoiJJ1qu2R1Mggocjq6jUX9EUHOsozdvqkatU+vRoKlcFn8GC7ZgW7QXt9w80NWHDxOlJ40Sex8iIzkeG3fUo+6p1chYXE1RUlf+9MZhdniI0cDXp52qKEd9S9vhH/DLkX1cgzxF0y5/GG4SnPR7/Qp8A0slDFIGTDSB6gE1LquSgJ3ijJmPekD/H51J4aMKMQDt5zwiX4Zz77dH8WXbngDL760VY8LYPnfz8DUvZDGI7EErv7zCtxx92pRC8piUPzVcThh8u6+c29uaMCXf/E6qtfW6nuaSOK8M0bhgvmDMaQsG2M/oaJi9XH3uMlWJrufZ6O9MRK/0/mXyZkYpFiGtCPcQak7AAAgAElEQVSw6seIVT4Eu7sQnnE/gGvAmQrlF1cCVT5RzIklzaXizuyjCQhFRJW1NKqBjFmclji1XGmoGgKmpB8d+ZW0/FGhZ3FBIApTyqxKMdB5wPxJL3y7e9YWQlOCpByPOkekRvTQ8rQy1kMZu/v5TnjTHxHZ8lfYXDlAPAB79ih4J/8SjuxB/wl0vAP3LN6Gi/77eX1hWP7oEeQceZkYcMFM5AwrQ4QyRE+vgp9lI0FK2oU8LSCSc2doX43EVgM8EQSjOwN1r9BOZJMSeKWxHhAB3v7nTofDlaFBLtuDZDyJqkffR5DOyoWGbtBz5jbAE2ZkZQunSimS3mE1L6xFJzNFS+i3g70cJwhOyR9L1YyAOCN09xupoUiCsRdN736MxhfWdHOvCKSpKFIgDcuvRqHiUx6Tn+rueGmf2Yql6FXqvWZQqHlipULzWR6WEh0nIl34ZJTkoO+ZU5AztFTtaEzfi55rLSTs80I5Rq0xcSiYGM5R7P91BuEs64OykyYie1ipwPttTjtaVu4Q0EmKHDoidTnmxJswJGVsCjNnluXLWOr4qBb1z69FrL6j2ySV+ye61x9S9/pTjtDSa6eCTnhNrHg0iS3POh0HDHKSWZhjVXdiylGD8OCvj8PQ4n0TwZs6wlj4kyV4+9XtyO6fg19/fRq+uQ/HAh7mF3evwc/+slxcvj19vLj3uvk4e+7A3cbiR1UduPSWd7D0hS3CI/zT707B108btY/xqj0sNU/lZsxIhRZAUjV/pgY2CvSwwExWNsTSo8mOxIrHBBC7E/GWlQi88zUgFYFr6MXwjr3aGLPyWHQhYCDTgKg9Pi5GVF9S5h8LlMIeLk9EREwMN89aEFrfo7UPOXbmOmwWUMVyHSAYyziZa39PVVIUjMIrVJEwBa2YHl2P6o9mk5pJCpXCcPa6J6RPrwoT3fEoQhtuhC2DC0g77K58eMZdg4ySWZ94hv9WGd2ra+tw7GVPS2OdKgjpIEfYvduJ8vNnSMklwUzusRVKnrZMU1u6JPMZeOEcWaVKUDAiyJTOIriD0lmtRDDS6YA9v7YAssaXY8A50+XBE0UnrgDODFQ/vRKd5K1JQNwjPTE9OfZvSk+fjNJjxkofb9fD76NzxXZt/Is0VwD2HK+QzbMHF6mkl9oM62aIydQPbF7+MeoeXa6u6Oz3NHYKUX3Al2dLP0gpEZ/eIDzc6NazqnW4+/rf+D4ndlrSkBfWtnIn6l5aiySh+z37cQwonSF4Bhaj/7nT4KVyDjVEszwC0Kh9eR26uIghGtOy5DnUk+ez5PHaQ/CN7Yey0ybDw1I5AxkgmX0rF2QuuwY53nC+F10RZI/vj34Lp8FTmCUgkoalm5UCwKBp+cdxJ8z+EynkzyVIZQwcLidiXPzZID56nJcJeGpj4OZ4ZeC2OHIEuNR24qRTR+ORW4+Hj5WJA2wtXRFM//oz2PZelfTQrv76VNz0tan7/Nbvn/4I377hDVU96Z+HJbefhGMm7V7eYjha+IOX8frSStxz0wk4bY+yaffOzSIlDbHvkeH1HKwm0Fgmq+ZFNOonplRpPq/izUBw9Q8R/fgBOPLHwDf7Ttgzy4AEFZWMRJfVmhMBAJV61jKk4dKRCyeJuFEyETQn+3Fq7munz5xQDUwAElqCpXpCcInK2wnVRjI5anqxrGlKn8a0R8/elEBNH04VWnh8BkjZsV4yS5ikQyicVK/fyIppEDzw8z7QeODvo1UvILTqh4AzCzZ66tls8Ey5Cc7S3ZG3/zaBbv22Vsz96hPoZJ2faCxy5Cy4fiqF/l+ahT7jB0gPovqJ5eh43wQhrsSpeEJ05YVz4Mp0q9ajKTMyaDEbqlu8AS2vbNSJgJMH0ZWj+qPifM3kCDBgCYew/qrHlqODgsnsvfQEwcgAYUNftSutTC7aSSX391UAmhMnJwXLSeCCmcgaUqx2ObsFOR2vzvwsEXeueew9zQ44qVFijLJeX54jJOTPUianfssOBFNuaqwLMEW9sT47QXi3F1BeZBucWR65vQ2vfoCWdz7SOhORlVapkiCQQAQ5R9DCZrJm94GwiBj7K5sEvSh6lZTMIuLxoEAne6R71kKJ/bg5I4QErk4rDjkmkcD+DVW64LHkxlhSpF3OkaNQcuwY0Z0M13egfskH+i6QnC7SX0bWif07J8FRk9Bn+hDE/REkQlTeV088kshriTjmmOV9sIA0HN9dEaA5hK9/fSr+dNWc3sxn6c8QYXnGtYux5o2dkiUfe+Iw3P7dmft0Jvjni1vx1V+8BnRGkDcgF0vuOAWThxXsdkxOzdXNAQwo3I8HmlQFNZtTYIYGiu5Apn8TJRHJvOIqTCCcM3UtUK6a5dfGnzsQa1iK0MorkQzVwzPim/CMu9KUg6khqlmf7k+lw+T+y7Ed6hIuJUNKgtHCJwG7w22Em0knYNlTCeFCRhd7MIJVGMiM3qXQC9SxXCOVlXVaqidW+dIQ22VcqgKK9UrqK6AB0pImE3K8nKfldqA9ScuJXDmFh6aHueeAidW9htC6XwoylX1n3h/PqO/BNfi89Ef/LQLdrqYAjr7saWz/sFERlmn9Snq3xVFCJOPckRIoap5bgzYSX5lpES7d0iXEbqIROSnFDVmbExGb7FRob3hjE1q44mU5Ub7jRyapCWdNlcAW6wqJSzKltupeWq90AIFj76E/yBeB0OxUCiUnTBDT1Gh7SAKvOAkIsEWdBJwl2ei/cJpC0Wl8upfSFr3D2j+oQfUj7yuHhnBxIvr690HF+Xo9PZVSDmrG+Rd+2J/yoMDuRzjlREsqB3m2gMiD7dt49V94MvvZNccL1WkIHom1BgQF66etjCxGLIAThY8JJspA8TFjUDBtSLqEaXNnoG31TjS8vB5JAlPE8saCtx1GYO+KCCm9+NgxKJg+VBZ1LKkS4FJPAWiWU3ksiw7AYwMoolPBvJGwe1zo3Fwnnw1Xt+q45gQi86CKMrv656PspCOQPaxEFH0S0bjwLQk6CdS3o+6plQiR2C6AHFO25f8JAAHwy+/Owo8vmih/r2oMoL4thPwsFwb1zT6AQDLQ0BbGf/3PUjzxxIfyvpSMK8FPLpqEy04dBede6tp/f2kLvvarN4GWAIZP7Y/lfzoNuT0oBQcePZrNWVqTxq+mG1qvOlyGE2fKl1b2Qr5cj+xFKQbkK3okMAWXX4FY9XNwZA2Eb+ZfYM8ZJnw5zX4sh28tGYqmpaoqG686ZlfMvJTnpoFXQSZyRoYobghzJkga8IpEZUt6zApyRh2FGZcExx5u5+kgq9/TzE7LpNav0j098cEjwZwITKVEWAs+nadMyVMCbo/zOIzFbLz5PQRWXA1Eu2B35yMVpKLMt+Ae/S1dgKTUTe8Lu4VjScy87CmsXVoJDMjb3YkgFEHhcePR98Tx4p1V98oGDViyAnUCzVQI6YMBi0x5z+phcUxl2OWlpuxWw7OrdMXL1bGAO4ox8MK5sLvsMgnYXE4hydItupnEbvLwxA/MqCpbg45Q7ngSFGhmkKPrAT25hIdnuRwY+5+KL80W5XfJLvecE2mymZ8pKDeqrKTEpidTgjbdCyoumNktOH0Y8+mnPWh4Kk3JPCxwrcCvs/+K1mQ2rvFfjjeiE0ToOcsW/MwEOy1VsmTtQdsHVdKDEqK/1c/lzRE7miAcuZlii5Q3plz6Vyx9c+XbsJjq/h8Z53rKkx1GQ46TB3s0rBxQb/XMqfANKuoGnazfhZqnVyPFcqMlAM1zpKhytgelpxyB4lnDRIWl+b2taFi8ESly3yxyOgcZx1EoKj1n9u+o5MPSK0E0Dpciev3bGlD91ErEG9jLyzLuA4YjV9UBV5YTf7l+AS4+figaO8P44e/eE2ucpkAc+bkujB2QhzPmDcQ3zhgFL9+R/Ww3PrAe1925EpGqTgH7zJw9AJedPlKoCY49At6vH9qAH93xriA3F31lIu675siDGL6GaG31WLV2mBYt0HBgypLpgKO7VwCK/s3ahCbgcCLe8CaCK65GMtYK77D/B/fYH6qDOPtvGqqMfiVLcgwaXDCQG2eBWtSB3CopSklQiOiGgE7hgyQVTrgrZliGNmAAR6KiI9mmoT1YZ8kypJw0j2tlXaY0KRmfuRbTt9PLs/JNNXaV4MusTUqmlpamUWyRTNcKzMamiBngYaI1E61rJdilom2wZXiRDNTAO/JyuMde/cUPdGdesxhPPbgeGJzX3YMyav55R41C/zOnIMPtQs0Lq9H0/NpuyH2LH66+eRj01SPhzPIqGdyIn3IVT21KKkjUPbNK+w9UdWe5ckRfURXJ8DhVVYQBsU8WmpZuQf2Tq7qJ3T2NUzkQjHFl0SlHoO9JE0TbkKLRARGAztLsr7lLNAYJHuEkoyXHPd5X2rNwVV3Visr7liJJ2gEnKwa5khxUXDgX7sJs00v5DEU54hpSLjCbeznvGkzxvgwkytCZKMBz0Rn4WeArUs7MkWD3f3zeBMT4XKIH2UBrnSVGyotZunVu7IW1UQGnDP3Pnq79LmqZUsi5sVOQs+GPG7rVRPY00t3bNLwvQIpUAqLyxzd2gJiyUp4rEY+LeDT7cc2vb9JAyv4xz1HeAT+c5X1Ezotl+3BTJ2pfWId2OsozyHDBZ0qzYseTSCJ/7giULRgrK3FKynG+Es3KLLdkp7VPrNCKCUuw1gTPfexsR9HQPrj318fh+Mn90NAewqz/ehbb361SZwWeV0A1N5kNTzlyIH7//dmYPnx3CsGet2XllmZc+aflePPFLQI8Ye998uS++NppI3H+0YORm9lNXr7ij+/h9t+/D2Q68eKfTsMJUw/C50wElE3/W5CJGugk00r75WnmIv2q9O+tIGfcCXjvTW8u8N43EK99DbbMvsia8w/YswYDybACPqxjdYdHU1rUlgupAHIMCUSiupzO0MQVQUqaxkTVoDFF6FukvGQVhqQEVEvr0mTdEoDUYTy9SdAzwdxoa2rCyfM0Qc6IQmtZt9s/T4A0si8td8rSXtwV2F/UY6j2bI9AZ425g1iKWB9N+KsQXnkV4m0bYcssQ8q/E67yU7/Yge67t7+LO/7wHtA3WwOFPN+UoN6ypgwWUVpOPE3LNqPuqVVSXpI+BAWai3JQ8eXZcBepdFHPuZWlqvYNVah5+D3dL0uCFkz//Jlw+qgqwj6eA64+mSJ2W/P4SgWdMOvrmUTzWfPlpmnqceNkEmG/o+rx5QpLt8R0qcLSLx/9z52hNjuWCkvPwWA8yigptvP+dxCrbVMwTWdY+HHlpE30NX5y/8exYm9jmMooQbjwXe+TWOh5CwW2AAocLYCtE1d1/hC3Bs7HwIwaeBFFQmmy/7ubCTS8l5E2P+pfXAc/+ZWWtY71gpp+V86UgSg9nsogHsmsiMpt31SL+pfXI0HBbqus11uXgb1dbc9+3LyRKJ4/Rtq+nK+YndUv2YDOFTu0H2fJc4kbRwiZQ0oFDZzZvw86P6pF7fNr1OyUNAgu3KQdoyLO9txMlJw4QQIiaQMiKcfEhGPfboegRVmSlz6wQYsKpF3pA5On9sX9t56IEXwXAZzzi9fw2P0b4Buaj8tOHYn5E8uws86PB17bhndZfYkmkNs/B3/+wZE4/+i9Q8at20FKwZ0vbMafn/oI6+kpxx5gvgfDhhbgyEllWDC5H46eVAZqYh531cvYtaIal31zOv7yvdkHHj8m4KgTRLdUliIrFRiiQIt0Tmcqc93AEfU/NMszya5cYkUj5PCoH86KM5B5xK90fxJ8uFnlPsYwtdfRmGL0KKWaKkQ640dnBT2jhCKfU2sgCjdLz1D6fQSOZCg6VPZpfU+Dn16I0bGUUK6AGO239ehJyuUbVCbpDSbWWgFRskTKjjGoE/iSRqtqr1L2lFaJoaM5j2GBViwll+4+4IEfVPcnkqEGBFddg0TzSti8ZUj6t31xA93ND2/AD65dDJRkKdLQAmpQlX9ICSounC2r3uZ3P0b1Q+9q+YhAjZYuZNCa5kuz4KX/Wk8ZLPqH5foEak3iqwx+A+7wDCpCOW1wCNPvCsmgcvbxofPjBlTd+45OGIRW75nJERnnD6PP/DHS00sEotj18LuKriS/h5MFwTB0OTh/pvYJ95HJWSCAnfcv1T4Mv99OW3ofBpw7UyY0yQI/oxtfqzgc8Ke88CKGO3J+h1M9ryGRzEZ9MhfX+S/Go5F5yLd1IdMWkTImpw++tFRPCaXcyLSFUWDvkJ99qgAW4zqQketF1+Z64ceJ9FW612WioD8kWVTR0aOl7yvu7jK52dD4JqkDW/XFFyNS8yD2lant7zkpzE76ZUTelp08EbljypGKx8VAN1BNEvhqiCGwRW/g/higYnHkzxymjhZel5bfl2xEkmVwAcOYcpUJiJQKo+mrb0ARYp0BJGOqgUgFnUQ8KZqVMl75nlkLOY5bytE1BXD6wtH4+0+OQqGl/doYwOALHkZiVweuvHIObrm8GzkZT6Rw+6Mb8aO/r0BsVydQlIlX7jgFx+3Bg9vbrekMxXD3i1vxu0c3YuumRiAY02vJ92LgwDwU5XnFZb1yTS1mzR+CpX84pRdvggF/CDfNMixVaoHy2rqzqXQJUQKDIhBTku0Rkm+CkljmAMHl30e8dglSzhxkTr8dzsIpZONrJmYGhmZf1uBgSGImaQAtgvg2NAZL91TGk5YE1V5HgS9UQxGenPUzfszw7lRcWlGbSgxn4DNx1grmRl7MFBy11GkCfLpNt7dAZ5wU1E5IS5526VmaHp2UYI10mPQLVZUlHSwtVwVrMdGLp2V9JBntQHjNTxFvfAs2V8EXM9C9sLwaJ1/6lAavPBNceCOZqbEcefE8ZA0oQMvqnVLek4yKhG3ymXIzUXHRXGRK1tQjk0ul4C7Ihn9nE3be/RZS5A+xb9bUKeWfQV9hidMt2pUcXFQ98e9qwa77lyrM3HL5tp4Ez4dmru1B5B0zGgPOmip9wsoH3kXXqu2m16PO467+BUJiF/CIwLd3T8ekXyQraxt2UmVlUy1QmC39IfYHKy6ag+whJYhQfuozvvFVo99cZbwYRzi34qm8n4rOpd3G3kQYV3RdhduDC+FGBC4kkLDZEUllYL5rLY51rsbq+HAsi48SK59uPYfDvGje3yw3bK4MNL+/DQ20QmJpks/UmoiI4m3zw1GSi35nTBaSNcvPjkyXcDJrn12DwAc1mu2wn3s4rXFr7HSF4RlcjL6nHgHfgD5CUaDkWMeHtYJ4TNAkV3psZiZkpoMUio+fgL4nT5SsrPrJlWh7d0sPbUszzxCgEooiZ/pQKaUzeHLRl6IdjIP96SyEmjpR8+QKhD6qV5k7glt4XaxctIXFw/HbX5+GO67YPXO6b/HHuJAecR4nFt95Jo6d0u8TD+iJtyuxkAvVpgD6TyjDur+djj5Sdj3w5g/GcNdLW/H88iq8saoW4caAlkU5K1MgwgHcdPWRuPqCcQfemaJQdNHUMwgZeH+apG2yHe3JWZO1LsM0VBkAh92NWMtqhJjNBeqQ0f94+KbfoeeRCJjz0cxJ/eos9RP+JC6La10fqQ6lhAz22axAJkLMzNwIhuI7w35ZhpLHJVBqwJRAbISXRX3FQk0K7YCxUku+gtwU6gCDZ1xLnwZboBmmQWBKb9AskASAYkqkSX5H1VT4M4mZ0rfjeWhmKcA+nluG26i6MEPUe5heTMj1WYCf3ldzQmt+AvLtvnBglDUft2LOVx9HsDMqq8E0wrIzBEe2BwMunC2gAJYe6d6dsIJQqx+OXK/0sLz98hETkEd305XlynBjJ3Y+sBQJ/o4r+VZTTqQHXWGOBqEURIGEQJKd9y7Vpry4g++B+eG/2wLImToEA788W1ycd96/DH66TFuTU3MXPCPKhIdn6Wl+gutmnAg4gogYFXQmwQYhVT1guVJIyTy3z9m2Nd4Pv8y6G9f67kZXKgfZtgBakjm4PvAlCWgl9jbk2v0odzTiK54lqMhYj6rYOMxr/x/EUg7RyzyszSymZYERCIl7QOfKHVoCZLnSKlVGY0IJ8Y3uh7KTCdLwaanS60bn5lrUvbAW8Zp2zbBZ6u5NP25fJ86Zgmo5oShyZw6V0qgjI0PGDwEhjUu3omnxeo2/ll0Oz5MLsGwv+p89DUXTh6L9w2rUPrMKYTpxsNIggsWGK8Z+nNOB4mNGo3DmMMFMkcfJX0vPOd+Hzm2NIkMXr2szqkHmXWFQbWA/G7jlR0fiynM/GUweeX0HzvvaU4DHgR/99yxcf+mUvV7tb5/4EP9945tAMI4bfjhPdCcPdtu4ow0rNjdhw7ZWdAXi8GU5MX1UIS44eshB7UrscLoBgxq+duujWcFNf65Th/q1ibM3J3KB8jsQ2nAzYjsekKDlnXwDXOUnixamct04mVulQyubsxa2Bv1p+cCRR8exZAApEjwY1MyVSXYou+guATLgEoQitASKL4tXnsW9tXqDdB833RrJxCy/uh7B0TIPN/OaRSfX7FBpBopBoSanUXExepg2evOxIGFzGaFrTrWC8DMBlUFTr1UXCFbrm/eGV2dlgQaws78nSUWfDTd/sQIdyxLTLnkClVuagLIe5qmc9Onfdu400YoMVrdix91vI97YofqVXSHx4Cq/YCayh5cIJy290UMsxytk78r7lqm7ACes1gCchVnCrXMXmSAnPQuPZGY7H1jWDePmULera6+sUASNF0L2hAEgepKoNTqPdywnGdzwqFoDgt4sP3e6qLBIELV0K62T40Ag2s3nkf5KG3skvB4KOSdT6LtwOvpMGogoXco/ZxuHd2MyH+MztuPenBsFdRmAFz6EkIEkosiAgwruMqmkJIODLYj7Qqfhqq7LpYSZYZzCD+XSxa+PAtiZbvh3NkuQU1g+g4JR2+dLR0AGUiiYq/0xkWQi7cCZgaa3PkLTm5uUs8myXbokdAhnZH2XKN5MlwShgmmkDtAvzyE+chTq7mAg5vmxz8bJg8fuCME1sAgV505H1pAS1L/6gVIaWMYWiTEzkwh1IARnWQ7KTrGoA2GxeZJEzcP74UHLarqBr0WKpG8xWLVmVhtQ046iAfn4/Y+PxLlH7r231tgRxvDzH0HHrnbYctx4+Kbjcc683VVLJEwkU5jznefx3qvbMOOYwXjtthPhZe/wf3MzixkhWBt4v2QuxpBUso70+Vg3QjM5ayEkdjwMYhlepAK7EHjvCiQ6PoSjcJJQCuiejTidT7odAEyD1OzZ6pupCLOKx1ugD9PrEsAJeXQMFiSBx1RomX8X3UtrAGnmJZqWVhaW5vJaYs7MmJjZGXFodVvdbeFPbp/aAVmE8O5KfHcJt8e4ELcDS17M0jMzpWDh1ElqajJGBmzrzhq6htxkIjmNuIb4Q/aeeP6FyuiO/MYzeIt6eEPyu/kZ7JEEoyhbOA2lx45BuLYd2+9+C5FKY5xq7EPKF81G7uh+iPY0GWWQE3fwpFjohD6sBYpypCRjz3Zj4JfniMOy8tgsny0bdj1IEejq9CTiymCQS8kf2Zop8NwXgy87WtCZ2+9+G50k5VrQdPGrKxN0JSfbtDNCzxdcxpeWSBve+EidxVkW4/sYjaH0tMmyGmdmynLTZ0n1pLfzFPt19Kn7ffZvsci7GHWJYvgQgdcegRNxxOFEIOVGLoNgIgs3B8/DP8InSMmS2dwhozPpHcdSpd2msmlLNmqZmeARq4Eh/TGKHnvQ95SJyJ84UBY4tECKNHcJ4KSLHoQEgfDP4ZYqjcuBq28+yk6dJFJeiUBE5N8izZ2ofnKVOgJYggK8yTzntiCyJ1WIADmvh96IHVRfIaqSwdeSwCOAxh9F1oRylJ44Hp6iXB07QixWpRNOZUQPNy3eoL0vq89o6ShWdmDo+BI8eMsJmLIHKXvPZ37Br97AQw+sl/34Cr1Y+9C5GFqyu60Ov/Ojv6/Cr29fivzB+Vj9lzMxsGzfMmG9HVeH8jkr0KUXBT3FGawgslswsDAqnKi5GFNV/8jWfyC86Q9SvvOM/T7cQy9WAriUGblxjmBw4ug1QclA+rXNlZRKTZIZZoKBzWUCrTXxc6gZoIzIhNkkc5OfSVZqkKHCkyNQhf07E0glKTW0JwGfkIjOH1qlzZ4KToJU6ubu9SjX8jsa7LSnqHkXr4VlVCsj0/6iZmsEPvG6FIxi9SW1xGqyWglwpr+XXlkQwSqdv7RF0b4A2V+YQHfZb5bib79dBgzq0y2GyNVsZwh9jhqFAQunI+YPSQ8rQFUIBiySs6Nx9D2bmd4gQdJZwCNOTCR4c1Cpe0G1ZnIEmridMnFQdouTmqw1XBlCHqfqRAfduo37uMtF2CwQiagwKyHd7sFFGHTxkfAUZGHH/cvQQTg3oemcPJjJDS0VMIwz00iN7dGTk7HBPmB+JppXbFdpL0463H9nGMWnTULJkaOlXMnV+OcxyJkcA7uSxfi691n8Juv3aE3mw84X3YxmB5KinrIxXoGfBi7B4ugRKLG3ItcWPDRUpmhVqtJ+mMHqxbXoWl+lAAtLkovPQpy2w3AP6CPWOpn9+ogSiN3lQMfmetQ/vwZxakKyb3XQKid7TMMMIgSQhGNSASg9YQLcOV5xpsjwuUQQgN5uSWb8Ypdj+hfMNBNJFC0Yj76nTkLX5jpUPbECMaqvWKVKa2JmPy6RRJ95I9TVwGbrAcKywZnnRSIUM96KOz+pdMLMriGABScNx8M3LkBeD0j/voLKe5uaMOvSp5BqYrk/hfGzy/HWH05HLntoZnvm3Spcdus7aNjUiFGT+2HtnWfBRSrC/+rG0psppclxrXYG32crg2N2ZFCWaaCFlh+FZC7BxotUvAuBZZch0bIW9uxhyJr9F0EF0oZHS4gKxe9eEzFAMhipbJv05SRgMmix1GkseYR/ZpVJLYkumqLSfZyfYW9TsycGhRQtg/h30bxktm6CjCyeVZZMMke5XF4DCeTW9fB7BpEraa0JqgKAMYHaBCLtMfIceDyWKQ3fzEcAACAASURBVBn3eJ4Wf9iUOeV7xrXcBGK93j0I7VblQQ6rPVPt4emRZV4QasQnx8gXItDd+vAGXPWL14ECowFpeCOymp02GAPPnS4pr2hFEuiR61MdwHAUpWdMQdGModJTE26ReXASuDxOKQm2L/tY+2ZhWt3bRAdQyL/Sk0sJyo6QcyGE0yBTpJJs8Pmc8gj87KlwwqOiSWEWBl82H57SXKEQtL5KAWgT5NqC8I7qKw7OLJmlVVj28mLT/btzaz2qiBhlQOcx24PIP3IUyo4fJ4ardEf4vAY5HbgpIZBPc27GAzk3INseRHvKh0jKCa8tJjQDr70LP+m6DL/yX4hshx/ZtqD8MdNC76dELmy8LlmwdAgFYB3itJOx6B0CPjDWOtE4cmcMFRNSgjT40iXiCbHjaXl7i2Zvlnhx789g90/2KFWyJ1h81CgUzhomgt3yK7sNze9skWMKMEYQjeZLXIw5MtQ5fMZQNL21Wa5HSo0svVoTtGSlSqWhEk/uqL4SsNlflGnDTtUXHwK1rQJuiexk6dao/1igk84I0BHBNy6djNuvmAWXIDZ7t/3jxa24+W8rsGV7myimnHnRJFx/+VQ0tobwwJKP8c/ntyBGyT6fC/ddNx+Ljt1/Xy0cTeDh17ajX7EPxx6xu1tB785ob58ifF9h+BYARJGKWjK0yNA6KWuWY+UwliSfBAmbE7HaNxBafTWSiRDcFWfDO/FnGoASYcO7U9CQhZa0YP4aiLTvpa48isa0HMMp4SWgE6uMKB8yvTk5bTN2rWAsIUHVVdThQIOPBk725zRw6+VpdqnSZcp9S4NRxKfOEL/lOCyj8zz18LoktQAw/Imqu+h91MxOy6oajIXuYEA1afkwI2StMVUuSt0aTGjr7i9amR8DrtHrTCNWvwDKKM+9X41TL3tKeT9pNwJmTkFVKPnKHCFIVz+5QlVPCNQwQJCCkyai7LhxiLcHlVzbI8ixZFn/6odofmWdBrmIct36LZqF/HH9VZFEBoZdDCVbVu1A3RMrtT9isyM72wVfZgaaW0Ni0IFAGPYsL4ZcepQoVlQ9sRItr25UUAOBAKacWX7edLHLIUVhr0HKEMKDNW1STqUAtfRjWvzImzVcJrdEMIIks9W9ZIKH/sL/73+TQ5pO46PslXgg7wYU2zvQltTSFakFbltMSpSkFjwdmYmN8UF4LTYBH8XK0c/RYigI1qp7H+dvJisuHOgo0fA61Uo265vKMqD11vI9IpTf50bR0WNQMGOIlnwcDgTrWtHwykYEKP/1KZcqqXJCgEvuiL5C0GZgjTO7enEt/MuNiwVRnHJTSAInsjgfAy+ai4wcD6oeeh/+9bu63S6syZlZYigqHollx49XABZRlcxW2cVxZYh+Z/uHNah9igjOLuPHaKpfDPr1fqme3HLtUbjy3LGHNEBaQzH8921LcS9FHTJdyC3xoSscR5IBlDJmuW7c+t1ZuHAvQY6PhPJhmyrbsfbjFjz9bhXeXUx7rEzUPXshSvsc2Hm6VydtBQiZwLUXppkENyPNZTh13eVGw+HmN+yazYRX/xyRykfIUULm+B/BWX4KkAyZsrZO4lQ+kZ4ey3iikqLpkWZR/DeBHAxsPK4l/6XqJmmvO9IURMaLJfMeXDlKg9ndsGcQLcyksFPmKqEeyO8MAdwETA0i3e+PXBtRKgyEUknUTFONXo00mdXvkyabBn6CcTSLM2hKi3Yg2auWP+0W3UE0PRmotC+s4BZzb3jvBeTZjWVV4I9yG3j+eg91ISLfM33Pz3VGV9kUwJiFDyJAGgDBJ1ZGRiucfB8G/T8NKszKGp9erRwh3oz2APKPGi3SXzSGJNfJMijlzSH/remdzWigkokI8yr/qPTUSSiaOwrRNn+6JEjlf3Lldt3ztg4KZwZ8bgfKSrKwq64LUd5zSns57Bh06VEChiHPrZl9Du6bqirNXfCOKBWRZepncsJJG6b2fBOTKUF00tByx51vIdrQrtlpqx8+AlvOnSmTHX30PgFc6dUb/dn6kBXoxmVsx8M5v4LLFhd1lAKbHxk0jJQXnZB5lruUp1OT6Ivbg2fj8cgcGfxOoSXsYyM3jhN6rhf+ylbUv7AGIfa5WHpjwLL6V5z82wJwDSgQ1KJvQKFA8ykD17ZmF+pfWa8cNIuv1htUpQWo2/PUrKwxHEPO5EHSL6MyDxcvzhwPAjubUUNgDA1ZGYg5frixH9cZRNakQYLiDda2YtcD7yJO8JQYt1pAB4oq6yKqz5zhKD12nFxnPMAJV3dFSgSz26Z3tghoRTJGVh3SinU2oKod3iIf7v31AizcC5DEuqwPKtuw+uM2nD6jHDk9ypI9L7stEEWfk+4RoWf4VGUoK9eDWDyB8uIsnDytP/J9TmRmuhAOJeBy27GrwY9Nu9qxtbYL1ZQAI7AmTHhoApMXDMObd5wMH/0WD3eT2ZYTvLUjS5zYog1w2FmOAprHpB25mdNw8ZHhQ9JfieCyyxEP7EJGn4nwzfwDbK58pOJ+yaoUZRhTWL1RTtFypGaSaY4bs0sJtBoAVIFFJ3kpn5rz1exKpeb050nAlSNZU2zXM7DnjIC9YAIQpwOFKWUSyCJu4yY7lEDXjWxM984EKKLVA1VnYVbIf1NjU50TtDrJwMR9MxtUeoP0/ARMo4FQaQT8pwlS4prQLRCt/UMzNJlYcBDyuuQMTElXIKIWb9Yq8xr0qiS0cg8Op0t+uKPo0L/fEYzhqG8+i7XLdgHlud2TUiAiqup0CKfBZMObH6Hmkfc0wJHQ2uJH9pQhqDhvuvCOJPPpgWZ0F2ShlbqAjyzXRRNLMYEICheMQ+n80Yh1KgqNG8njofo27Lj3HSTJUfK44HE5MGZwPjbvaoefkkT8bDyOfufORPGcEah5YQ0an1urpUZmcm0BeIeVCrpSFVX2YZdjSmtc4VU99B4Cm2tV9cRoa7Kn53BmyDXtNUge+q3+P/smCyU1yQIscK3CvTk3IZRyIsvGDDkDWxL9sC42BC57DKe63kOWowOhZC68Nq5SI7ix61LcEjwP+fYusJf3ic3qwTrsaF27E42LNyBJcQAGKz5zK8gFw5LN500fIqhKGqqyZES+ZPNbm9FGOgdfRqtH2g3B2/992zPQyRyZElUPm9eJ4qNHGWh/CsloQvq/7et2ihpLku4WaWAMUwUCriIoOHYsiuePRuvybWignB2Pwc/pVKILQWphluWh9ITxyBvdzyz0OBnphJOR7RbX+8ZXP9BrY4C0eH+8Tu5jVwcmzuiPf/7qWEwc3Gev1+kPx/CnJz7EDfevR/vHLbjiOzPwm2/O2Oc9+ebty/DHu1YrHajYB5c7Q5TBAk1BFYLmO8pzkf4UryXRTR3KccOV78XI/rk4blp/XPuViSIQffibli01jzOlSwOIkJ+YZy2+a6LWzyMagIUhl4sdjcON8M6HEV73awFlOAcvgnfcD1S3kv058slkZ5zkuR+iCy3xZtOnYsAUNIp5loYDp151lPxSGL9y45ihmWdqd6nBaoZH+oThTb9FeONtcGQPQebU2+AoOAKIdQh6WcvVxqFCSpV6gZp07e5OoOhPuokr109rlcrB0wUTS5im/yfoSIMSlRKvVfZVtKUCXqxipxY2d8NwmiAm0mESFJVYrk4IGYaAzmNyYWC4dkaSLN2/+7wGuktueAt3/X0FMDDPNC2hK89wXDIv9qk6NtZg5z1vIUlyN3sYzV3IHN1fnAi4aKAKSTrIGf5bsLYNlQxcnDz4grcx+xsl+oHMpFJcOXNo+jySCZLgLbJJWW5kOuwYM6IQlXVdaGzmy0lwSAglZ09H/5MnimlqPbUAuV9ysehxR+DJuTO0J0fB3T0pBDLSNPOgpmDV06vQyZ5hkZH2KsrGIJapsj2IE0H6OS9X7j452VCT7INrfA/hWt99UjZZHhuBW4Pn4KNEBeqT+ehMZmKBezV+k/UnDHPSHodCwvV4P3wUzu64TiYWj03lqvSt1X6FOA50hVH/ygZ0UmqN/La0A7hpJfhZbnajZP4Y9JkyOO0b6N/ZiPpXNiKyo1F7ccyqDme9aAFc6NJNg9STJyBrUJGMNxGAZkn1tQ/QutT4ull2OZxQSDfwucW9njSXhpcIoKneo1TJigSBVzERZGaQyyzORbSTBHCTMYjzQBZCdB54dg2Cm+tM79iQwMU+KiqiyOcsHIM/XjMPhfsgcL+7qRHf/c0yrHinEmDAiSZw/dVz8aNF++fBvbyyGt/7n2X4cBUFD3wYMTgfZ84bhB21ndhU1YHWDiJpiQ1ywGkD+hZlYUxFLiYNL8CYQX0wuiIPOb0AwvQuAFqICkVNdmdWppSY/pnUyHRuN/qWOslzEiYnI1Mm59CaHyNS+QzsGVnInHw9MsqOFkpB+nvCIdPsUfMlQzBPR1MGHHUAV1dwjUACLhGqgNWjMn2sVBx2/sjhpqqllCtju55FcMONSMW6gFA9MqfcCtewrwAJP5IJuqZoGdLynFMHA3OctFmrAmKUV2g3XDyS8eVgxqSVt4SgF+31qgqLKXNKeqbAG/m5idsC2BEdTQtoYnknWJQE7lvvsRoeaM9P1EaFtG6yvB7GuKrAYp7L5zHQ/eLetfjZz18HyrK1Jyar1ZSolOSfMAEDz5mGYE0rtv/tDcRaurS819QJ75AiVHxlnkwe0Y6ArlLkPqRkpR5u8WPn3W8jQR1JroQbu5A9cwjKz5omDXpt0pNP5BJYN/UkA3QI76M9vIphxXAn49iytUX6C+yXEBwy+KtHov7VjaqNyWMy6FI0ekCB6Gm6spSnt6+enCIBM1H/+odoenF9WgCX0k/sxWTSxYC0iL0Fyd691Z/JT7FM6bVFcE/OzZjhWokPY6NwTsdP8GFikKAryZVLpuyoSRZioKMBN2X9FfOcG1CTzMXd4ZPxcOQoZCJipGQ5LxBJ61Ju3LYGIXKnLWssvzS+HOKyHYR7UBH6nX4EMgcUSmaeTKbQsvxjNLy8UT9jATt6E+T2Vark8UjGjieRM2WQ9IxlERWKqAB0Qydqn1+LIPt/PJ7lH8eMpjME14BC9D9jsuha1jyxAolmv5YqBRRiJmsugBx2FB45SkAtUqoUWo3OMtTgJJiqfWM16p5ZjTjfGfFKNBMF/8+FWySBq781Azf917R9jpe/Pr8F377tbUSru/T97ApjyvQBeO8Pp8DRi/FZ2RzA1C8/hqYPGpA3pAA/unwqrrpgvByvtiWIZCIFrydDMpAick7/VZs1GcstMLUzQUXqbU3zvCRzMw4BIv1lQe4V3WjLyEKiaweC738bya5tcBRNQ+a038PuyhYUppYAWfozCE0TCDS7Uj6c6mpyntKypfaeLLdxS9vSEL+lYsg5UfuILJ3aPH2QCtQq4jNQCbu7EO6Kc+AcdA7gyoZNMkEGVkMHEB87RVd2Z60M3jwXC+ihmVi6fcaMU0qORrmlR5amJrQWid6AUKRsae6t0BQsPqIFeNHemwZdc15CQ+CdYR9TOXeS/zHTY+Yqvzf3y/LLM6Xfz13p8sWVNThp0aMq7cUVpcVnaQsic3Q/DL5orkxoO/75FoKbaoAiSmFRFSUTg//fkWBpUtCSPZBnVExhKaTy/mUIbqlPa0R6h5YIV44DS5QhOIicDjg8btS9sh5tJAOz1BVLwN0/X1Yx4V0tgFsRljlTB2PoZfPRsmI7Ku9+q7vE1eKHe0ix2OU4fR51997PJOApyBawS82j72nviCjLVEpUT/JG9UOEk9sBMBf/qvngX7VfDvvaRAFOcb+Lu3JuhcveiWu6vo1bgudiqKNW+wNm3ctXozGZK0Ty/o4WdKYy5U+OLWD4O3pzGDg4LbUs3SqlOUSjugjqee9YFowlkTtzCEqOGiULIAaJcGOHAE666CZBCyfhkPW2TrmXuyQluKT2y7xulC4Yi4KpQwQpm4olhMfXsbkOdU+vQrzV9P+sMUIllkBUxlfhnOHoWLcLLUT7MlhbeqpWltgRhHNAAcoWjEP20FIkI3FBVlqrY1YJ7B5Km+1Aw3Nr9JwY5KzSLa+xuhOOfC/+/LOjcelJw/f5yK+/fx1+/Jtlyt0bU4J/XjUXxXluDCjJQgU1Z3u5rdnWilOveAE1FGh22HHRhRPwlx8fDfdevOZ6uctD+1ha21IXSd1NSlMKN6hDRSJavTSrp8UypEv6SeFNf0J4y5/llruHfQ2e0d8StKEtYRy4LQCH8N7M4tvkdVoiZMDTHphoV/JnDgo9m+Ak6xWrX6UZZhoNyvJiRiZCG25FdPtdgv70jv8xXAMXSi8uFac4hgZLAZnwLI2kpiZQhkNnvSSC9bCUVKzsk5QHBlpDZ+hhqGq5OCgHzmR95niK/DRSZyagCXDFWqClFw7GJSItRG06hJKomKDOEGy5nEvp1kLQ6/34XAW67fV+zL7kcdTXdokdR/plbA/AXV6AIV+bLxPT9nvfQScRaeS9sfyU6caARbPgs0SNe6S0UhLMdKPq8fdV5Z2k7U7CfwsxcNFsKRdahG0OMiI42fdreHqlZn3JFFyF2bIKD+5q1pU0J5d++Rj+nQUI13Vgx99eEyFcmYTaA2JaWXHeTCF7x9oJDNj7eyiZZrYXgV3NEoRZwpISWySGsrOmooCqJ5QwO5wJ99CmgH/5t/gKVyWKcbHnZfwh9+fUs8L8tt9ifWwQCuydnzg+S5SkkVPYmT05OpOTY6fztSJjKeFGwElgc72WjtNi31bQCcORk4nCo0eicNoQnVQSSdGObFyyAbGGTgMgMsooh3oXGLCor+oPi3N92UkT4asolCxLSpWJpLoBsETNHq+lqsKB4g/LYqtw7gh4+vVBy5sfIUhgiohLG6sVjm8Rb05IqbLsxAlwF9BkN2ycpbVPIiLg0ZiUb0VRhVqVFrmd58ista4Lo8aU4B/XH4eZo4v2esWE9V9681u4/+mPZFIZO64Ed141B1NHfvLzW6s78PLKWpksLzlpOLL2ARj5sLoDZ135Mjaz/OlzYtTEMtx25WyceDDWOof6fHT6Tc+3KkhsfiZRQDMRnUY4wVskZ6MjKaVLWiRliTtB4N2vIUHbGG8pMqfdjoz8MUglumBLKVgEAqxSfpyUBI0os+5bHb+thXmaVpBWUVH+nC5c0rpd5hwTAnhJhmoQXPZ1JDo2I6PvsfDN+KNeXqwdtgxdsNH2R8uHVuDgtVncOHU9MGmlQSKrULVSIRxShpRzl9KhFazNdREoY+5nz6lKAp3ocnY7qBNNbVEftFun1Hm93+yZ0p7IUjVzGBALf22VQQ3Plhmypb0pAfNzAkbhs5x26VNY+fp2YBCVTwz0lS++O0P6VHkTBwmNoPHFtfrikyuXSKL8glnIG1+OCK1RrE2k1eyyyq9bvBEtVL/gSpaqJzmZGHTRHHhLcgV0YA0yEolpsyJuB7JwU4SmpzRPSmGy0gnFxN15xJUnSaN/2+9e1pIn990SgLM4V5wT3Pm+fVMIpCyeUhHnjiB2/ON1cbCWCa8zhMITJgowhrSI5OdU9eRAcxAHeCjlEfrAxd4X0J7Mxr3hBfDYWIrcdyZlrRmsYU0bGZaZ21ZXKjpSStk9BIg5oUdUXNszshT9TpmMzP75Us6OdobR9OZHaFu2RScSS+7qMBI5GUtcnCQSyJs1QsAjLoKQSB3I8ki1gXJj/g27tJfLwGNNul1huIpz0GfmMCTjMTS9tgkpkr3J9bOyPc4C7QHYPC4UHTtWuHd8B+IES0kcTImPHukU9MWj3mVoa726cFjlWwPAQm0XTjtrDB695QS49pFNBcJxXHjjW3jykY1SyRg3qQyLbzsJJfm7lxXXb2/Fn57bjAeXfIyOLa2iVnTGool48Bfz4dmHwWpVUxDn/Xgx3l2yTXrv9gE5WPr3szBjTPGBhs+n9Ptu5211LjD9KgOP12Jbt5J/97A0kcfhRqzmFQRX/0gyLme/BcicfJNmX/FgWs7KQjMqB80SaLYCKPltBlgiklyGI5eG0ZtzFCK5hRwxCzcGTFcOojseQnjtz5HK8Ah3z1V+BlLRLqMvadCKggqxkimDumQ2KPVP7YVZotA2J+kJDqTi5KsaqTDTPxMJPAlg6lAuiihS4jQu6Cbh3M1ZRLQ6DT3AUBrkPRbJRB5bA6UGQA3+kkXbnIrwFFSnJTzdU5aM52wAKp+XQHfRTW/jnr+vBPrnmgWDMSuNxNDvgllSZqJDeB0RlkLWNUCQhZNRPHsEIqQg7CbbQxduH1pX7UAtv8MXPa7K7AMunIOsgUVaUjQP0JnnQ7ihHdvvfBMpln4yMqS8lFlRiMD2RrVj4UMKRjH42wvgG1iEj256DjFSAIiOFI+7XHEr9xTnGNHofbyPBhHI/VHoObSFwACf7CN39jDx0ePqn5JTXyzwye73g6XIANxCGucgL7O1iX7lAaW9ROHELn2neCiM+iUfoP09oiMtoWOzWpegowuZ/OlDUTJ/tGR+/Ld/Sz1qX1ynNjfkOjIDPJzMmcdmH9kfgj3LIwon+ZMHCeiJ/m4iALC5TojZ8aYeRHXeEmZ1wSgyh5Ygd2I5/Fub1KuQ2ZBw6Myij2OQ1YgBRSITljW4WGTCEpT3kmwhJZJzjiwP2jZUof6ZVUhwISeO49a9twGtIVmw/eCK2bjx8ikIxhN45u1KfLC9DW3tIUwdV4qLFgyVL7yxth5HL7gL6Jsl/fLygfl4/8+noYx9awA7G/247s5VeOjFrYiwb+ewwTEwD4ntrSgbV4ItD563z6zOyqF+8c/VuO637wIfNOLinx6Nf/7kqE8pkO1nN4rCMB9gb8xEATMRW/BChYxYMHnDHTMgkP/P3neA2VVWa7+nl+l9MpNMS5n03ju9iwgqIk3EggXQexEE9Yrtt6OgWAAL4kUUBJUeCISQQEjvPZM+vc/p7X/etb59ZjImZDABopfz+DwCc8o+++z9rW+96y18cWjNVxDZ+ygcviJ4x98BV/m5SMXIDLaMkq3qogUlzTeUzkg7GaX7a/EQAgcX/wRHKaarlEQDE6Bq6dck9SZLGJeB1z+LeP0iOErmSlKC3VOAVKRNYFWruilkSgajSTaQ7aSlR+OxanICHD6h9QvRhHo8wq3SZfW6q2gPZsgj6cJnwZyWzIUZdFqQtR/m8/nZmpDA4mjn5/D7s9OUes5/J5SqzFLN6eMfmLvHhAb1INXPt4wLjI3av0Ohu++p7fjkzU8DpVmAh9Rv8/t0BpC/cDQqPzxTgiPrHnhZqNgCSXWEUHT2WJScOVagxyOtsFKS+s2F5cDDrxn3brt0gOUfnon8iZVpay/1sPQKbX/vQ8sQre+Q9+euOLN2EEKH2pXwQpJAWw+KL5qM4vkjsetXi5WNyYWzPQBnQbbAp75B6iF4zAJFUqDHITomOqd0rd6rHUhLDzInVUqSAaEta/F6++/4d/cTeqEL3d8cr5kii9BpdGB0jml6bj3CB9q0w2fnYC1UpMl3h+DMz0DJWeORN6lSXG/YxTEpu/nlrUhRWsBuSTnQ//qJ4Ou5KQmERaBNbZyPXpLUe5JB6bCjZSkNoLchxWLFY7UKD7tNuw3ZtWUCkXdvPoAI7cVYfNl5Wd9H0gVSyJ1cjeIzx8o1KwJwk0nGE8coJ+6AqRFtErNpQ6gx6ISc3OYAPFlu3PPlhfjEhSPw6Kt7ccsPXsVejgu6o0rrdzlxw6em4d6bZkmY6R2/eAOPvrxHzBE8eT6s+sXFGFudi2WbGvHROxZh344WIWFV1hbiA6fV4MNnDcWWvR0YVZmLmaOODof2P9k33vMafvXr1bj7W2fiUxeP/Nd/iwG90upeDHvSEhCmY3qUdKGrqhJR1AGkT0fl8Il2rmf59UiGG+HKGQf/9Ltg8/XpRhP0yGVBo0DczJWkMLALMYQTOV4Vkus/GohOqPzmNdIJpmCnBya7JyGX0Fg8F7GGlxFY+V+wJSLwjPoCvLUfRyoZgS0eMQis7MAUbjSibYVkVaMnx0H6JgsSC1s8iND6byAROAjfpG/AkT0ciKuxuVQjYYZamXhq+CxwZCpiijtdXViwlC1ql+cqSCluLKYPVMeVNCZrOku+vcnrEw2haumk4Elqg2XJkm5Njfzg38AZZe2edsy64hFEwok+sTt0PgmIMfLwG86UXKy6+15CzEptJhFk+jAM+cAUJIJRhQ77kE8oECYkScKKDPoJDwXDKDpvEkrn18rfxF6Hi4NARzbsfeQ1BDcfEPICf5CsUWWS8h1m/AoLa1sA2TOHiqcmC2LP6jqgJFs8ETnsr7hyjlDGo0wrP9ZD4FSlvte/sAmtz23UIhcIg+GXlZwZUoZA6GsADLYB3dP/KU8yCz4F/PSBbF66HS2v0B4rrj6iFjRjeUcGo8gcV4HSc8bBW5Ijfw42dIlAuoeEE6IC1gzvuOfIuiH7PVE+k36rGntTOL8WhbNHwO5yigCcRskCVT67Hj00gGbRkxmZ0dRFYnBm+ZAxtEjuebIiZW4m8gKDAfE67QpLBFXR2eNEO0oyC9/f6jr45dgxxgJhgUW71+ztzcXjLt2Cb/d3onpqGX5z5xlYOLYEjyzejctvfQ4IxOEszcTkkYUIJVLYuLEBiKfw9N0X4ryZg+VQHllSh8u/+AwcyRR+8c2zcMGswRhz7WPo2NoMV0UubvrQONx42RgMKdRO760+aIi+vz2E6oJ/7fVv9fOEtSgbai16lmuSjuc0ndv8COmFWpZrbgQYx2N3I7LzNwht/iFsrgx4Kj4I77gvIRVpR6JtDeApgjN/nJBBZD4nBiuakKBzO3Yt1s7OKrwak6NdjOr1RFpA+yyxBGNnRW1eAjZXjvhWBtZ8BbE9D8GZOw6+6XfBkT0UqUiHofYbJEBYkRaT0ziuyKyQZBpzENSnuTKQaF2Fnlc/hmS0G5mzfg7X4AvEwkwdWEy966M7lC5NnFFS0sGJusewSIVfkxZSqEenyBv4miSZlewwLfhTn6knWz9LCqpoxmwpuQAAIABJREFU+Wi1aHSE6YBZ4xNqUhBO6RldIJLAhGsew+519cAQOp+Ym5Ki18JMjLjxHDgyPdhx93OIMFeLEGFTF3yjBqHq6nmyYIiAug/5hLtapiKLs8gh7vSZKh5A3llj1CmlOyJQkpxWpx2ePD8O/J0ROFu06EQTyBpbLuy1ACFFQp5dQTjzszD8xrPQsGgT2hdv0eBTcURxSJRP1nDG/3BG+Cb0SCaY52agdVUd6smwJLMvEocj14+h158m80SST9Lf563fvf+Zr+Bu1uOSGRd9GRueXIfQtsP626YdTiwUICjOG4ULR6Nk/ig4fU4pjG3rD6Dx2fVIMNKIXZwVInq8M3aMGicLB6+j7jCcRdmScJA9ZrDS+gkhZvvQsfkg6p9ciwQ9Ndn58zN50bLbjCfhKc6BtywPkfp2hA+2KWrQtyslJBmIiD/qoPMnSVgwtYEpfq7pQklc4TXVs6cJB59YjRhT0fn9rPfh7I3ZjU09uOj9I/HAnWegKNuL7mAMNR/5M1q2NmP8wmr84uZZ0n01toUw+mN/Rcfzu3Dz98/BXTfOSp+hi7/2Iv7+8AZUTitHrt+N9WsOoXxoAX572/wBJYQf71S/o38nhGZ1TXLXKvTW+3MbnZc4gxj6PynzAullSrEJLL8B8ealsGeUwzf1ByIOp2g8HjgEuycHGbN/LcJtxLqQZLfYp2CpObHR76XttHgG1MuR0KF0fgJfagadvIcUySRsnkIkO3ci8PoNSAT2C8vSO/nbsLEo0QlFOsPemBwtqpbbSq9vpmU+IexPVzZih55DcN3XAbsX/knfgKt0HlLxLuONqV2h1BqeuxSz7zS4VcyoxTlFA2OtuJ2+o0Ft4Kz10VA/9ZuZWRuhTe2gFdLUJHWrA5XNiYTR8gkqvteul+flFCajXPmtl/HH364BKikKNyeBN3cKkgKeN74Cex5Ygq5Vu80cLChp3NVXzpYCeISAmnZPhBxdThx4fBW6yco0ziJZU6ox5IMzJNMrSWGt6ZY4w2tZvQcN9LCkl2YsAX9tGZw+F7qYgMDhfSIJWzwpxxOq70Dj46t05sGdN1Iov3SaZMIxZbrXQukot6zxsGT2GVPPuSsXR0eXE0OumC05YkJI+Q+TEZzw4mUgOYH/Xt+J5pe2IEVhM+3e+kJ73GnTVLs8D4POY9Epl1MZbuwSc+T2N3bp7l2cRAYIVR6ryImNV1TYsVlTayQeimxgmnQTIaAej/Bhy6vbFdK0oEqZnSuS4CvLlWzD0IFW9TPl9deXcCJdohP5s4ai+LTR4opDKDS9Eps5L6+f1lW70fjCFqQoZbBs8GQ3bAda6NmaxFdvmo07Pz4lfXn9bdk+vP/Gp+DL9eHpH52LhRMHpX+qb/5uLf7x9A786CsLMG98afq/76nvxsTrn0B3Q1d6pjl7chleeAs5csxs/NOiXZgyqgQjK3JO+PJ4q2+gdlHsjIzxsNWVm1l9X/A87ZzP1HXTEYnuzZWFePMqBFffIrMwe/5kZM35FYKrvoTI3idgz66Bwz9I2I82d44UurQbiAkn7SWdWB0VuyGj40vnxFlJAPS1pOaN1w4lCjQx8CO88QeI7PqdfIZ/sorUU/S3FDeTuMoTLMjUsu6iO4s0FJwHstYaCJOdozMDkV0PIrTlp7D7y5E55buw541GisnogoAR3vTo/NCIz62mVIqzWJdZ5B27dnbpkFmre2bnR8TC6iwVhtR9m3axmuBgYGIp7NQh8n9WoTMbBLlfFNY9ZQvdr57ajk/f8hyQ5wN8jIU3O92OIIovmYLyCybJDKvl2Y0qCQhGpJBVXXeasCVjjNxJLwzKsCQDr+G5jWhjQCm9+7pC8A8vRcVHZqtTClMGzBbDledDoK4F+x58VRlH8SS8VYXIrC5G24pdSPKH5ULaFUbhWePgLcrEQdqGcUGiDCAWR+klU8XbMm5BoendSr/bjzv8TLVeqnvoVZ0DcscdT6JMCmUloiTTHHdC9VZv63/f53MwTl9QEVVTNkBTZeomSbGXSB3z3XgN8HeNxJE9uUpmtt7iLOl6OrfVo+nFLYiws2fnx99uID6VxzptaW0cmbs+FC8cjbzJlXJPaqyOB6HGTjQu2ojA1sPGBs4QAkyRo9yF82NmCEZbutW5xGIlWtq47jBcpTmSLp5dO0jeO2kIJ9bMjlBlPBRF00tb0b5suxae/lZeDT3IG5yDu2+diyvPUnKJ9bj/6e34xB0vIG9IDjb+5gMo7wc5BpMp+I8Cnz/0wm5cdcci2HjPOh1ItYdw351n4PoLa497sR1sDeJzP12Ovz2wGpPPGYFXfvk+ZIghxDv4EPiPRUAGlyqkJkxpZCo6l2MwqFLfdZalonHpJBhzY3MgtPbriB16CohH4B5+LbxjvohY/WIE135NSBP27BHwT/wa7BkVQCyAFIODpXMzRsQyH2NXYgpA2tfScOvTZAvpAIyOTrVqNmc+UtEOBJZ9DMmObXCUzBFvTXn/GM0D2F2pE4qVP2cZIEsXa+ZmYkfGhZGRQGQ4ujIQ2XovQtt/BkfRTGRO+wlsFL4LuUY7RHZrXBtZdHTuSFKLpcVT2YXemmYjkTaellIof2H4FoumPT0HTSJlooG0mBE6ZkI54UrCnfQwthIZLMapJYBXRuYpWehW72rFtI/8RQNDicmLTRGE1EHz4trPnY3mFbtw4LdLzM2rVFSSPbJHlSPaX0Bt9G/Ny3eoBRchwVBM4E/KEjx5mZpGIBd1Sjwn4+EY6n63FDEWHbdDokxoA9W6fDvi3E1zMe0OI3NMObJqB6GeptEiuqSOLoCi909FyYKRGsrKwnesTow7bzqtuJ1i9hzYQgcMn3zXYr7HwlEyC5QF771uzhSwlMyueCO1b9gnm5d/kg3wtzCEE4ajFs8fjaI5w5VW39yJple2o23pdi1slG2I0ewJLKiWdi0ag6+6GCVnj0dmjTJ3WZCZHdfyRp0UOTWAZjSTIcdIcdWYIM5gueFKkFzCa8mi9fMp7BLjCWRNqtLZYl6GzpOtzEFJNndIoaT2sv7JNSodSEOVxruVhb8xgOGTB+GvPzwPY4/SOS1afQhnkwCWSOGFuy/AGVPLB3xyPv+z1/GzX62UjcPUaeV4+cfnI4OF700eT7y6H//189exZ+1hcWC5+KMT8Oevnw6GFr9zj77RNwJ3pWnywnzkfEyKiuks5MCUyCGXjnRz2UgyRXz5DUiFG2XOlTH7XjjyJ8qzI7t+j8iO+5CMh+HMqhE7MHs25SIB2MSf0hJMs0gYJrcxOdbZLVmJzLdzANS+sSgIJ8mwJUVSkINo3f8ivPH7Utw8Y26GZ9g1klYg3Srrm3R1BpKwulbL9USqiHZoatNFNnqmFLPg2q8guv9xOEsXIGPqj4W5aUtyE67zM8muszL0pHuzOlGeOWNXZhFdjDZOCShKUtHoHpJXosYZxSx75rcQP1DpODnLsxicLKTs6hxIJZRkoyxSJdrwn0+5QheNJzHxmkex9Y1D6mMpC7xqj1yDclB703my8O/8+SJlqLGrooD60mkonDpUCtYRaCwhwdwMBPa1YO+DS/Vv8QTsXg+qru1NCLdmGnZTdBiBE9h8SAqa3an2Sd3bDiNU16zwVigq/pIFs4ajdWUd4iTC0GePQa+njUbZORMEqpJ537E6ObngbDKvoZdhC1PCczNFFMy8s8EXT1YyzX+4jGDAC5klG8j1i/i5YRGFznt6bdX6dnGUgAQi8A4rRtn5E5FZUyIfw2DU5iWbEdx0WAkZJ5z+bY6esCFsyF8wEsXzatVgm4STLJ/oJZtf2Yr21/doV24lYkgXl4LLaRc4PGazS4Ejq1YtvMy9ykJIvajfg5KzxiJ/crXOnwlpWs+xNkw+F9rX7UP9M+uQskyqLecNvmdzDxCM4aprJuMXt8w9ZsfU0RPFqOv+iob1Dbjuuil44NZ5A/6ZgpE45nzmH1i3ZC8qpg7C4988C5OPkTgeiydxy89W4Kd/3iiMT3pjfu76qfjeJ6bC/053c6bTkAVeujR2d1y41YpLN5qWmTAXZO1+rCBghfs80vWwoJEY4ipdCP+0HyrTkV0PnVJ23ofItl+TQCDQn3/CnXDkjdFPjzP8WRmWuo4lYXMwa5CEjqgpdIaladluWVIEIbPRdDyGwGufRrxlJZx54+CfeQ/svkFIRTuNAJ1QIOdXND6w2JzsRC2CDb8HOyMmnxtZgCcHya6dCK7+EhLd++EedhV8o27qDVZl0SV8Kh0v39MkGsi5PJKaoAGpWhhlrmh1xiJYZ1HSuZzCx8outc6y/A58T54TOX5NXhBxuBR77f6kizPvL7/aqTajI3Tx85+vUL2cHKFxeUilUPPJ08TGaNtdTyOy31DG23pQcOYYDDpngsoIJKrH3JMpQoIU4Yaw74/LEGvtUgPeRAKDPzwTuaMHI0qtnHnwo6iXo+5KYnRYuBIQp4xIc49ql6yMsngSWSPLhGASMZIDzoByZw9H+fvI9owIYeV4OjfV8u3F4SdW6syvJ4KMUWXiypKMJ8TD8D8ljWDAK+XRnmh8KunL2LntMJoWbUKUETQsViRpWBpJ/ojUhjkdyJs5DEXzR8KXn4lIdxjtq/egefFmdf8XJqah5x/vwNLaqX5PtNxDusLwDsnDvA9MQvvgYnTS4YRwdJYX3Xtb0PDseiVL8drh4m3Bo8mkdCwZfjfIKuwifV82ouYCZjcnyQRR0I6OUKWvLA9Jdnwxk5+oK6K6nCSSaH5pK9o4+2NRI3JhtalcbJp6kJHjwXdunoMbP3j8/LhP37UMv3pgNVDox00fGIPbr56EYlrvDeCxbmcr5n3uSfTUtaF6chlevudCVNDNqM9j8/5OfO4ny/Hyczul4A+fVo7/uXoiPtoPRh3Ax52kp2jWnC7uivRJIZMOjsWhV5tlNAWq2eIcK50iHkBg+SeQ6NwtHYlvwv/ANeQCpCKtCm+6s2WBDm/7hXR2fH97ZiU8lR+Aq+J9sLlztagmAibvTbtKKbbi3m+lGRhinoyqeC1woOYQtmXs8GKEVt+KFANea2+Ad9RnpahSeK5UfBOAKkCC9d1MJ2lZZ8k1aLnDOEGReLTuYYQ2/wR2Vw58U78LJ5MP5H11U6AsFCV/aGYdOyyzORDfyj5SBrNB67UI64Pcync1Bn+WPMZc51rUpEMwvxVZrm4NbRULMsLNPBd0amFR5HG5Tq1C9+jSvfjgDX/XgTmLjMzlNAW55JKpYni758Gl6Hp9l4ZAtnYje8ZwDLlsmgzsxWYrTdohFOSS4rHv4dcQpNMEIcFAFMUXTkTJfCMit/RRHIXk+tC1jandy3WhCEWRN7dWFqxmhrZy98/FLZGCuyhTLrrI4Xad7bR2I2NSNSoupeFtSvLK3rTIMVsuLwORpi7U/fZlnQ8mkiIqp3MKyQvsBP7PMyzT4m8yTsOSkdb+GhfGBJBthM7WTIEEHun8c1FsOh/qHXt2N6FhsQlGdToVdk4rc//FNZKvJ5QYjSN7UpWkZVQNzsGh+i7E3C44XXY0L9up2rhQROUKFjxqOk+3ywaXw45oLIkY9Z8WTGcYk3Q4gceNgtnDUTR3hBhSq42X0R6ZOSUlFQzipUl1kFClzBuNwF2KcRI43IXqMcX43bfOxPyx2t0e79HYHsJZtz6HjS/vlQV53Lwq3HfLXMwYoPbtvmd24JO3LxIoctKcIVh81wXINfE5T712ANd/5xU07G4F3HZ86KKRuPuLc1DCmfy79kjouCTN9DMUdcutw+pMWByMNZcWGO2+GIMTrV+M8Jo7OECCzVeArLkPAN5ipGKdupKzgzHFLrT914jufhDJUD1s7ny4imbBXXMFXEXT0vICIXbELL6BRd6wmiQr+84wCx2Ew30IbfgOort+A7tvMPwz7oEjfxySkUbYUk7AQTcRZSOmmFjAh0CyhG3ZPfVmxekgTAIK5XXh1XcgeuDvOvOb+mPtHuO041Oxd7owCqGGxdfqtNgFq5emFjDjbykSBjMLlbmnbvL6un0KvGp1rGZOSemGWoqpBEEbbQvOsST8JkTWGFafMh3dgZYAxl7+CLqaQ6qXsyy+2rqFuTbiM2fh0JNr0fDnFcqW7A6LZyRp93TBOEJbZmyOnLl+icZpf2kLkEnySRD5Z4xF+QUTEWsPIhk3HReLTq4fkfaAJB4kjYFzRm0ZcscNlllHMp5SJwrC1nR3yDCLDk9yRxC+YcWovGoe7A67ULzftAszMBN/1LoHX0F4X4sSDhIpVF1/OjKrCv4j0wje8vplZANc4AN7m+X3j1H8zaLRlzhidf3hKLInVmLQRZPhHZSLeHsQrWv3oumlLTrDI2TIQnei4m/uYDtDsGd5UXLOBORPqUQqlkSA7iUMxm0LoPGFjeiiXo0Fx+qszL3Ie5JwJW/8KItz347RkiUYqH7QBVOQM7pMYMojNk+GVelwO9G+6YBE6yTF5YR2YEZaz/fqCANtQVx8+Tj86tZ5KGEn+xYe9W0h3PjjZXj08S0qixicg0+eOxzXXVSLKSMKj/tO/33fSvzoF28AnREsuLAWf/3WWXjujQO44vbnNWi1PBt33TQLN1+q0N27+RAnECl0FtPPJM3qUEs7CKurSzulmLmTzFvtCK6+HbFDTwtxw13xfnjHfkk7C0KXYsLM4hGDzUPEyo7o4cWI7XoQsdYVEnrqyBgMR+4oOLLHwFE4Bc78CbqQs3NK0MZNuxVJBI/HNSbHEEZsngIkgwcQWP4pJDt3wFlxIfyTv6euOCyWhAWluKjOjyJyMVpm0dPqo7ZaoiE0biOEtJxZSEY7EaTDSvsGeIZdDd9YdowRhT4lzdyI64XIY1mG8XyZiB7z/mZAKDNCsS8ks9ykqWvUDs+1iQyyrMekq2aRVHKO2n0ZUo6VbGAMuO10e1FfalP71LvzlCl0Z3z+SSx+didQSR9LVhOFoJz5mRj53xdKTtbuX7xg5ospsIgx4sZTkCURN0d0PpzLMUB1zV4c/ssK3eH2RCTdoOLymbAl+3RcspiyNXdg/yMrEKBswOOCKz8TJeeMFdaasCAl4SAFh4O7cBvCzLjjYkUGXFE2qq6dD3cW3SiOEbdj3cHC3LXDkeXBoX+sQ8fSbcoADcdRctFkFM4YqtZjJ7IYv5urxcn4bEN9Z6I2LbJIxW9dsRspSj+kMzJrkUU46QrBnutH8ZljkD+lGu4ML3r2taDp5a2aNcdNhAj/T/DRh3CSMWqwWIb5h+RLlyWz1kyviLrpxhKle4kV4trnt2RisoIC3EEfObuQPxBWjSeQO30oik4fAw+TtjtCCg9ZoiNC7GRV8ty8uBltRDj4WrG+MzNt/r8Eltrxtc/PwJ3XTTmhL/+jP2/C1+5fjWBdm6Ad/uo8nDujHHPHlmLi0HzUlGehsvjoCQWf/PFS3Pe79WLOPKwmH3v2tiPZE8Ww8aX4xRdm4czJAye6nNCXeLMXm4VS3UD0iZa7vurZjIdi2jGf16DOtIRV6MhAKrAPPcs+iWS0XUgp/mnfhzN/sua/WRCCBZezs5MOzI1ULIjonj8ivO8hpELtKvh2eGD3l8GePxGemsvhzCXUnEQq2oYUeC2rQDoNp7JTc2YivP3XCG+7W97bO+7LAommoq2G7MFFPyadG+UIcuwmV071byxKvCjNjJJFj//N4UX88CIE1n0VsPvgG32TFHEkuE71EnMUVOwjzbGkAyygkqFnSQsMPC8dJLtJZWPK/FN6NQ1slTQCkQ0o2cea14lgPBFDMkUYlpc4pRXGL1OYzyZ2iGu7FPFThIxy16Ob8cXbngPKsrV4sPqTgBFLouq6+cisLsG2Hz+NOHPiOOMIxjD4o3OQO34woq39tGUyr/BJrArJJxKgGksIkaXqqvlwep1H7IxZIJ10Inl+A9pe2qpuGIkUBl0wEcEDrehcvUcXLHPxOxwUa/InI6SqC2zlR2fDPyjvn+J2+s1g07cZoaa2tftw+NEVOpcLxZA3dwTKLpwkBJYUu8f/owxLyYzzuURvFtjbisbFmxSOs8JqraIhWrWIXCf+2kEoPWMsMkeUSmfV+sZutCzZiiiF2JzhvVkw6rF+pL6Lotw8TP8OweZ1oXDeSEn/ZnFhfJOHGrlwDI2Lt/Tq8WgkYEGQVj1LU8T7ETwt2UBPGI6CTJScNhq5EyoN4YTpFuZiIFTpdopMIVjfIYSTEGOl+npxcq4XSQhUOXh0Me758gK8f9aQk1IfXt/SjLsf3Yi/LNmLeH2PJjD4ncKMLivMwOTKXFz3vpG4ZH7VEZ/HU3zZV17AX3+/RlnUREYSKfz1rvNxydzKk3JsJ/wmYl3FhdfYXpkSlqbBS16cMVxOdxdcpPnflQQS3fcYwpu+r+4fGdXImHs/7K5MLXTyG1qzMWPxxYXf4YDNkSWfFmt5A/FDLyAZPIhE924kQw2yDjj8Q+CqvBSeYVcJoSVpzfusQFOeYE82EAuhZ/knkWxbA0fuGPjoa+kbpDo9KxRWZACMB+JFye7NShswdmKysqkuT+dubticPoS2/QyRbT+DM3cy/JO/AXv2MJUVCORJir+ZERoYV08KC6tu0ASQlDmabg20M7b+n7ZllsBbIdT0uTb2oSrpYMEkqhY3sKthuUvd1PR5TVCwSDVq1Sbl890mo2ysa8e0K/+CCG9ODrq5oMhutAfFF0/B4PdPxc57F6GbMSIFGeJiUnieuvdHacjbV/dk4BwSUvb+YZl6TXq5U7Gh6toFyKwsRLiVrt29Cwc7v64djdj/4CsKC0Ri4lfJ92h+co2Kv7l4WBCwbPWozaLFElBxxWzkMBOORbjfotmLGuttqAGvPgTrO7Hv90tFoM4i560uRvW18+R9xbrpTViaJ3xDn+JvQHs23jhNy3ag5QVmxtHCy7jzW7M4nlgzvyqcP1IE2exwyKxtWrINHSto4GzYjccjnByv0FmWYd1heIaWoPT8CciqKRZtJH8n2rVxBlj/zHqE6ZTDMFDvP2fV6RzBiG/7/wb8zaMJZNAH84KJ8JVkG1mKmZnoxQOH3wu724G2dXvR8PQGFYATirRYlTxWQpXNAVxw6Wjce/tCVPyLlltvdpks29wkou4X1zVg65422fAhGFckJtODKy4bi9/cNk+SwK1He08U7/vsP/DqkjrNkewK448PXIorzqw5Na5IKXR9CT489zy0XuKGMPvSQmWLGEIImpsaiKdkovE1EUx7hl4B79hbxFQZSXb8OvYQqFB0eYZPkPar9MLmUKJPKhVBom0jooeeQvTAs0C4HTZfIZwlc+Ef+yXYPPmaI2fy36QYu/MQq1+K8LovIxntgLviQ/BN+ppCllJQDImDRUk+xXRewu7lvE7XMxUUm46PRcJOT1U3Quu/KebUrpJZ8E/6JuDlprJTHVEIX4oNlynmsmEw66RV7MR02qfFjoG0Ivq2uj9jYE0CiZl/qkSTyQ3KxJR/Fus1PXaJ9jFdnqAdzOyjWN7AzFLYySJNskOk+fO76IwSS6Yw+arHsGnNIcHqpWjxGzKYtKYYI28+F01Lt6OecznCe50hZE6uQtVHZit1vx/tnrsKztoO/n01OigKF8uuGAZdMg0FU2tElmA9xMmddmDhqHhexpjQzZTnSZXIn1qN/X96XViPMguyKpaZmxJmZEEs+9AMMYAW5mafBZP/yFvc77KjJ252PEYnRYh0z+9eQXh3k+zmnNlecVVhIGycC8b/RQ9LXpQuJ9zZPgRp4fX8RgS2HNZz31/8TSZrZxBeFp3zJiB3dJmkTnPxb3phM6IHWnuTuE9I/G3gURY0lxN5s4ejeG6t2rB1BCWnkLNhJo5TdJ5isXorTE7+ztRXEnbP8IoRc/60Glk4aFvXe6Gqg4l4VfZE0LhoAzrX7tNFIu15aVpGzrzsNnzrxpm4/drJbzsoEIrEsXlvJ3Yf7sTyTU34x+v7Ucew1GQK888chofuWIAhfZiWvN+//78b8Pji3aguy8SPb5yDIcVHMjHf+apnbm6rS0vfyMa5Xxo8VijKDKQMGcGy5UpCa55MxNu3ILSGTigKPfpn3g1n4QwzGzOLg8DPOjPqXVQkZkD9Ipnb5iTBiiYC+og1LEVo811I9uyS+RlNlH3jboGjYIoUVHaLTCmwOb0IrrkDsYNPC80/Y+oP4CxdqGxPq9uR2kGIz5rJ6fFIN0SaPmdl/P6cnRkYk5o8JqGH3vhvRJteg7vyIvgnfM2QWSip0a5N9qCiu+N78f91UyDwbJ/vo4WcWji9xtPpD1LkRF9hvEU5rzNygTTjlV0h5QTs3oyFmXSJCtdLFJAkOfA2YJGjZpAEwndZMH7b/avwve8tVSmBtQMIR2G32zD85vOlmO355QtIcdAbi8NdQvhxLpw0NiZhpF/nwyLH2J36J9boXKY7jLwFtSi7YKIsHiLc1mtVRLx0Ujnw2Cp0E56kI0VJDsovnoL6p9aqtyBZmn0HKRZRoDuCovPGo+T0MYh1kF7bt93TS1hCLwhtCcypX49MyvoXt6B18SZ1qognMfjDM5A75kiZwzt/s79LnygYj02c9hORBDrW1qHp1R1IslsT4oih4lsMSTIO3U7kT6tG8Wmj4C3KQaixA82vbEMbLd0I+VohpUf+JEd+weN1cfyduYkKRuEpz0XxmeOQM7JMrjlufqjLDDV0ovGFTejZdOCfYdXjnU7LIoyw68hBKDljDPzl+QKp9zcgp4cniU/MO+QGILKvVb+jBcdaEof6HlSMLcav71iAc6a8OzOvtu4Ibv7p6/jDczuA9jDmnDEUS+46D45+m7cYTRlOGdTCKnRcgFm8DOvSQGuyeKcd9XstqNJ2WywI1M7t/C0iux8URxJHdg0y5jwg6QEKW1odlNL5lVZI8oou7ErksBZ544wikB/nbn4kg/UIbfoBEk1LkUzExE3FW/UBuKoukwWfnWCyfYNYjMW76+AsnoHM2ffJ66WjS5OdjMm4NS/5orBrAAAgAElEQVRj0dOq0BvaakTiFGPb2Hm5cxHv2IHQmtuQ6N4B74jPwDvqM2olJp2iyasTyJD1j444PhOlo983GTiAeNsaJFrWwpZVCU/FxRwyA3FllWt3ZoT4Rt6gejo9NnZsErpqeX7q4K73NbLCGg/QBAX1fD4/WwNrxaXl3erolm9uwpwr/6IzN0M5FieLrjDKPjJTHEE2f+cfiJJlx+fYbaj+2AJkDCnQzqzPzaMhpX6xgqq7/yX1iYwl4KspQeUVM+VkJjir63NzMd27ZflONDyxWjsHm01gyO5djWrgnEcngD4rFv+ZBa2TWrlaFXMz66tvMkK/Bc5qUHmhpUNbH1oGuAiRxpF/GvV/Y6WT618sj7dW/tv/PS1wdiN4qE3mW5IO4e7HUpTNRUIjdYpzUHr2eBTOHiZuICQbkXCimXHuXourAZ2co1Q7axbH7iyWhH96DYacPVbS48nq5cbI4XahY9N+cWOJNxrCSX8D6GPp7qxriJC7x4XCuSNRvGCkbLoUFTALh2574ZJoIbtcp03Pb0CKSAJRCushUGUI6I7grHNG4L6vLURl4bvXIQXDcXzv4Q34/iMbEd7bjrGzK7H+gfeDBJxT/aGFiwuiwsVpGbgRbet/07wz1dWxM+JuNkNeR6Zjomu7ED/ctZ+Db+RnNJjUStyWc9Br1aVsRNaBmMz5bHY3kuKEYuW2GZd+2oURqkzGEd1+LyJ7HxFTaHZlWfMfhLN4rhSc4PpvILbvbxKZI+GqNR9W8bm8Hx+GtC+wodGaCb+GcK3O60xcg2bD8Qw46MCShejBZxHe8B0kEUHG2NvhqrhYoFPO0iRYVSBdavh6rz3OGeMt6xBvXYNEx3okA4e06MY6kTHn13CVn6fdqMgz2M1xbqibir7W2VbHqPrB3qvIIg2Rvan1j2zWqByN2papXycLpHBe3o1C1xOJY/rVj2HrmnrjfmLw6lZmrlVj2KdOw75HlqN9yQ7F8zuDKL1sJopmDUOEEGPfhyyYLmmV6x5ahvCuBukEHFk+DP3U6XBlehDtDPXS/SklyPGL52AdQ1Q5JwvHUPS+KXD73ThkQlhphis01b7sx+Zu+CdWoOojs6Q7pJfgcXVuJFewYwmEUff7VzRKKJFCxtghqLpilhTgI3bxp/qKcKLHZxZzQnEsVi0rdmv2G3WH7FQsWyzdkikLMZlC9rRqcZvxleYIA7fxpW1oX7FTM9WEiflm4m9rN/gmB8/P46aFn1eWi9EXjEf52MHY2xmV68Od4xXxPuHR9td3arfJ45WiNICTYr0/xd81RSL+Zjiv2H1ZPpWmwBESZdfIeTK1cT0bDyppiTIF0wXLJx7qkk3aV2+ahW98bPIADuLtecq2A5148LmdeOCZHWiq65CNSWFVLv72/87G7AFq9t6eIxvgu1phnWbmJbOgfr+rGjj3dn+qE3MIIzF28BmENn7HuOwD/jm/gzN7uMKYQqBwm0VcPTPlnWRTpd2cFDxZ4NnZGQ9KIYQoYYN8AbsvXwqlfNbO++DIqIJv1GdhzxqKeMcmBFfdglTXHjjyxsM/5z5hfabI/lRnZutDTQfGmqaMR8ufUudffeQUZD5y7ubKQnTnAwhvuQfwFcM/6VtwFU0XI2fxmLTihHikwQOItW1EvHkFEu0sboeRjLYKfGn3FiMZaYc9swL+qT+CM7sGKbI2zebBgixFbicbApZ/JZVwo6SbjF6IUjLujARdfxmyUAlVGsKK7hW1cHIu+W4Uupt+tgJ3/2Q5YHns8Ucn4yzHJ9E73bsbcfCBJUoECUSQO6MG5RdPFS1Rf99IEk1IYDi8aDPa6Gbi08Vg8GXTkDehUkki1oNF3u2Aw+NC3R+XI0jyALPlJlSi5LRR2Pvgq4i3B6Q7zMv2oLk9pFwXXm8dQXgqC1H5kVlSWNMG0Me5l7hoUXC+/y9voHtNnVCzyfKsuno+PAUZ6jj/f2QuRwjC6XWrY8ieJpFuBLfXa8d+tFlcTxjOkhwULRwpKfHseslWbX5xEyKElllo2AGeiBTD6rIYn+NyImdSJXLn1aKqLAe5kSi2dMdENtJFA+jFmxHhDLCvIPt4a6ksaAx5VX9U5tEVTB8Gp9+l17M4+ZitqgQ4u4RZyQTwphc29XaNhOIl4ZluKXEpcqOnluOuW+bh7GnvDlRZV9+NHz6yEQ8vqUP7rjZhQ5M5fclp1fjOJ6dipOVudLxz9G7/PS0Al4vB3PAqM9D9luCKOouSzoLkBtoP6loTfONGxFtWqUNN8Rz4pv1QCyVnaBbxJO28b3kwppQSb8yKpcDJ7EkX8L6CdHU+IUPTJxKCZKRNE7zpCOL0Ibz9bkR2Pijm0J4x/wXPiOsVMpU4nl67LfHrpAyBCxpdUiwzamFYqoRCPCctM2WnX0gjwfXfRnTfo3DkjETGtLskdkj3ZHGkAocQ79yKRNs6JNq3ING1w8C1dlDX58ishqt4Kux5E5CMdMKZPQL2nOHCBNXPNGSf9IyNx8Aul3ZifGhyuUYTqe5OCDMmgFa7P/6Nc8KIagHT2kLzfEmAf4fJKK9saMDp1z+OBHfupCbzOHmzdwRRcf1CZNYUY9sPn1Y3ds5DyvMx9OMLpHOSIX1fGISQYGEWOjcfxIE/vabvFY2j8OxxKJX5GRN8+2y3qT/K8cscqPnJtTLHs2d6MeyGMyRHrmvlHtkhT5lYhrauKOr20tXepXq+gixUXzsfnvwMRNq4mxkAHJNKic6vdU0dDj/6hkonkpC5XM7owTLf+3dhWFpLgAFgBtTE9N1gEAYhFEcaPudpzct2IMUiT1usdJyOWU/4OyeTyBwzGOUXToK/olDy1Bpf3ISuTYc0540zvGN2cccbwpkjk1kcu7ioyE+KzxqH3NHMGowhForJ8bLjpxl46/Kd2vEdt3vss2pb7NxYHN6aYhQvGIWsoaVIRNjFMU7FKnBKOCE5igSrxle2o325MZy2LOfkKxmoMhzHVZeOwU9unYd8yife4ceyzY341V+34NUdrahbdUhmzY6qXFw0bTCuu7AWF82ueIeP6AQ/7ohCZ71X7zxfF34+9PeS7oFSA4cfiZaVCKy4SQTYJIf4J3wdriHnGliOTECFRHsLqL6DshvJVjTEEGFDGqKLYSOqb6SB8ki0ED0a13VG4URh9+RKinlg5c1IdtfB7sqFb9YvRXAOIaFwvTHEEJEBGKq/XHeWNs3E4cj1pShWiobKLIbuPHFlCa6+DfHGl+EecqnAosnQYcRa1yDeRpMCOv80IxlpluuZDi+OrBoRutvzpsCZM/zIVHXZAPSYY2FHabLjlKRhSK1xjQ/SampILuqjKVq6lOlEDRwsMz7pSDie4uxTtXgmZ0ga2ne80I340CPYubEeGEzDZrObbetB1rQaDLt+IXb/+iV0kRzi80i0TuXV85A5JF+TufsWF+6eMrySmlz3wBKle0fiyBhTjsor5oiZ8hGQIGcepILXNWPfg0u1KMYTGHzFbKH5Hyaz0+mApzwfpdUFOLhqHxIsTFx0XXZUXTUPWUNLFDodQI2T3V2mVzq2PQ+8hASJFLEE8k8fI4t3pKVrYJDXCd7DJ/ryqM2OHrsTeulrAfGkkshOxsVnvI8E9JgfRUE+f6ueuiY0PLcBYWq/qDOTLs4sIrxoCUPS7T8/A4POnyBkH86umpfuQPOybUhSF8e5Fd1GFO85ymMARc4it5CeDyB35nCULBgljN1YJzcxdoGbe/a3ovmFTQhuOaTdoxVzY33qsT7K6uI4dzO6uyLO4hwO1Ula4m/ZsKphAT8vsL8VDU+tU1kMtXHC+DVtBe+Vhh64cr348a3z8LlLRp/oT/svv/7sW57FovtXAaVZQJYbHzl3OD5/+XjMGl38L7/nu/7CtGDcEDTSxc0cWVpeZyA+dg1wSLcTq/uTJAbYMyrhn3M/7E7C8t3alYjpsKHHy17FEEJY1kS4zUJHdqExEJAiyP/pnEwXdy1STNLWxV/dTWyePIS23oPort9LkoF7yLnwTfqWGEhzPiiO/tIdsls06QFCNtFCJ6XbwJfa3bGQ8ri0u7N7CpAIHkZo9X8h2X0AjqIZsHuLBJZMdO9Ro2penw6fFDdH/iQ4CqfBWTAJdrfJEBU+Cu0NqQcl/KhBqYoqksnKb0hpim4k1NOTuXVGhiHdGE8IvwvrBfV0TtgEerVeo1l30h1Sl2gxMeU7KsP1HS10X//9Otx552Kdy+lZBgJhcSEZcfN56Ni4H4f+uFxnEV1hlH5oOopmDkOkf+yOCDS1Q9j/2Ep0vcFOTOdy7Lok5LIvK5MbZo9TUgjq/vCqRpckgbzTRiF/chX23LdYBv32LB+KZo9A8/oDSLZ06omMJ1B22QzkTRgiDhUDfdicDnFA2f/oCk1BcNrhHpyPmmvmSsk4Yi4z0Dd9h56n3ZsNrQ4XspJxTI50oDQeQX4yhiaHG+s9OdjpyhBwIZcssKOMqSQvjrPSDLd0L6JvW1OHFP0h2Y317eJ4ounEn0giZ1oNys4ZL+na7Rv3o/GFzQjXNSrLkJCh2e0e/VQMpMiZWVwgAveQfBQtGCXdNT+bUCI3J/xCra/vFkeWJLtO/rf+Wspj/RbcidLbMhCFb0Qpis8Yg6zqYjkHCf73PjAlv7Z8HiAi96aXt6k2Ts6PWQ34/wySbQ1i+vwq3PuleQOy3no7L5U7f78WX7/7NUwdX4qvfmIq3vfv1sH1Pzmm65KrRzZe2mVpWreBLWVfZWBA0UK7kQo3o+e1TyMVOChbPm/tDfAMvw6pZMgkbPPGMIVOOg1jISYdnpmJWLZgkq3Gwke+AWFqJpwbQoV0nGQSmk4lpQSVZOgAAq9/FsmeemFn+qf9AM6iGUiGW0zR0I5IuxvqiTWEVPerXPx1pqXCcS0s8jnsGBGXYpXo3I7Qmq8gycLpIOLQrmxJuwv2jCFw5IyCs3AqHLnjYMuoMDPHGFLxsNHL8WT1MRc3xs8KzxoijGyZlZgjxU9qsDVzV0jXsoRW2QP/ruxYzu7sAmOq3IP/LmeWBdFygGFxfaegy1XbWjD7msdAajF3gfKg2Wwwgopr5wk8tf2HT+vMIhhB5oQKmYclAlEkybrr20Wl2FX70bZxPw4z7JQ7FLsdQ66YiZwRZcrKPILpZZPnN768Rc2Zk4CrJBtV18zH4afWIkDDZxdZcMPhiCfR+NouNZXuDKPw/PEoXTgaMWFGDqR/0a/mLsgSeK7xb6tl0bL53aj86BxhjR7XJuztXKWO8968xsLs4mxOnBlqxsXd9aiJ98BrsbdsNjQ73FjpycWTGYOwyZ2NrFQMmcmEbspMh0a9GX+Drq31aFq6DZH9rSb8s89MTaBDpfE7i7OEoFEwfShCh9rRtHgLOtYw1sboxd6UbDKAE2bN4kg28bqQN7ESRfOpi/MJo5IbE84Og4c70PTyFvRsOKASFYsAcryP4HfhtdujoasF04Yif9ZwOH1M/qYRc99ZHBlt+nlECBg31CPWc6aYW0kMvGOZAO514qaPTsR3PzsD3nc0n+3oXzoUSeCN7c0YW52PAutePt75ORX/bhZ86Xgsb11ZRHuTr6UAiGExF9Bev0su9NF9jyO88bsiliacyHBTzrFSkU5jeWXuB+rjrIVcwlx1EZcuTZ5inDw4nzOMT8vdQ7qypGrOhGghf2e3VYjogScRXv9N6ayYHu6b+kPpdETIrZ1EerYozEa+P+d2UkeoU+M7UpRNYbjO6dRKy8T0uHMQP/wiQpt+aIohnxKGM38KHMVzpMg5GBzr9PZq4/hdxJOTMGifRASeI3E/4WEZrZ2Zg/DzBKYllMtuTfR8BiY2ujodQWk8kf7FJEyIMJzZdCxm/B3ZDZoE8gTJPuwQ30Hocs5n/4Hl9LKsyevNmGvuQvbsEcI+3PmLFxAiMcHrEhin5vrTNACVQ/z+kGW2D9HmbtT9fikS3AFHE8hdMBJDLp7yzyGlhCwZttnSjT2/fknnLKkUht54LkL1HTj80Kvymf7acuRU5qNxyVYkuWiFosidwUy4KSZXro9LxZvdtIQsKe5tD2LPb5cgQUg1lkDJxVNQPH8kIi30vTs1H7yAOAZucnhwZfcBfK6zTsbvnXaXnBMjNYUvmUBBIoZGpwf/m1WOv2WWy+ty4xEwz49dCklATUu2ooNzT16TTKSw7jsLvuk2vo6zhqH8fZNhc7nQ+PxGtL6+E0mK51ksyTY8EbKJ3O8kcESly3JXFqL0rLHIGlEq9nDstGgabXfZ0b7ugMxqk4SVSePvLxs42s9mfSeyRsMx+GtLUXLmOGFUskM8Ej7X5YrhqiSdMDeOcUMxyhQ4i7O0cZaN1/4OFI8sws/vWIjL5p0iVlmn5qX7Lx6VYt9qG2Xqm3mnNCqevvZYZAyc5vBJ5xN8/UbE21bJbM5VMh8Z036k1Px4T1pHpmbJhlVuCWqNVkwKjAyQNETVWqzFgsu6rmTRJ7RnjpXFyZUphTW47htI7P87Ug43/BO+CteQC0XHx8IobiBilmwFqKrZMU2YBaYU0gsxGd7VXNvcptHjHc8CbBMySfzgUwis/x/YXEXyveDKQeacB2D3l8j3luJFaFJy4JRBKgXJdJ/WVFOTxnkIVsIMvxeLEDMV6VnJ4mQE9ZKRZ4T0hgikxS+FpBBzrKghtVLT9HF+D6sRSWk2qybSWYnxJ7qKHP8au//p7fjELc8DhT4TRaI+hXa/B6NuOR/tGw7g8B+XKUSUTGHw5TOQM4pkDdos9Xl/I/R2ZHiw73+Xo2f9Pp2rVRSi6so5AhX2hwS5c3Z4ndj3yOsIbD4oi27+aaNEv7TzZ88j0R6AIz8TueMr0LnpgKaHJ1PwVuSh+qp5soOQgMsjOsRjf2c+35ntwf4/rUD3OjpYAP5R5aj66GxZWJP0BxzIjO/4p/WkPkPvKxsOOjz4cM8h3NKxE102FwJ2h0Hze+uUtQhkJOPISiXwircAP8odip68HOQlYmhnYsALm5BoM8LvvsWKmxZqGrtCcFcXofz9U5BRWYR2auKWbEWMrEbKRTjDk1XoqIO4gX13mZWl1C4sw4t8xt3MGgaXz40of1OmCGT5EO0MoOH5Dehexy7OrvMxa6F5s0+yxNpMq8j2oXjhSORProHNxQDVyJGp8CZuiEGsDGSV3DgRuTNuiO4RliUTnYFCInO46H2j8PPbFmAI75v3Hm/PGVDMzMB7lnpOK5Jeeka/ZZFCZB33INbwCkJrbtew0XCL2GK5Ki9R7ZyQVcwsTWBIy2hbZiFaSERH1ycLjsGlMq/qk3tnZAdWbqImd8dh9xYi0bMfAUoKWjfAkTUUvpk/gz2rCqloi5GgEOZXuFRmVvJVdMig2msbbCyuwmpkkbEcTjSaiAhEyuER5CG68/eI7HoIqUQP3NUfgW/crerkEgsY1xjLs1ITDERnyPcTIbrKJnrXT3aN5jxbw7o08UQ3ghrcyvck+mOxRi1hu3m9FGrtDuWcHSH05/flX8li1Xnj2w5dNreHMeqKR9Da0KOGrpaXZWcI5VfOQfawUmy/6xllWYZiyD99tJA1CD/+k4ia3VleJtpW1aH+76TzEiN0ovqaefCX5ylV/4iCRAJKhuychfXIbqskB8M+fQYOP7lWWZaZXmSNHCSxOJFDbbrIdQZRIGLucZJYPtCHeFnmZggL9CD1eHTP9nlRdc08+IqzEHsLBXOgn3mynsfLosXuxoRoJ77Xskku9k6bs8/8zQJDeguPNRHLTcawMqsQX4+WoP213Qht3qcXuRgbG/TEWshZdLwuFM0fjQLOX9u60bhoE4LUP/I5Vm7bidh3WSdFhN8J+IaXysaGob3xABmPEbh4bC4HOjbsR/PS7YhJeK57YB2kdY0RTaC944QhYg/mL8uTjVZ/cwK5Duhw4nWiZ08LGhdt1Gimvg4nFrTa0IOsogzc+ZkZ+MLl407Wz/ve+xzjDGjDYLEitQNI70RlvqXkCVlseE06OXaxCRMxVr9EzIgdOcPgn/ULyZkTkTYXWIGqjVYt3cFxwaW9luovxQfTJGhLFySJ5oZ5KJ2Pgf4s4pWDJIwUbJ5cxJpeQXjtnUgG9sNV8QH4J92pPpFCQmFRMIJ0KbpGv2dE4VLIhBhiGSA7kRKbLAtCtXbiDvlO0b1/MRCtWzVwJSTwtcIOQpaUMLD4qCxCuk8hvFgdolWoTByV5RdqjYFMrI5KHyiXsBIwzOrCOhVp0e8jHaAVZm2HPV0gzXmT5ySRFCcV45GZLoRvs7zgmu8swYMPrAKq83tToDuCYmA7/IYzsef3r6BrdZ10eoy7qfnYAlCsLebGR2FZRmkLdt9LmhKdSqL4gokonjNCWZl9HxSSE/oMRlH3m1cQb2bwIVB5/UKZx+z91WLpBrMq8sXxonN3sy5y/I27gsibU4tB54yX4xiQawnJR16nzBj3PPgqotR5ASg+f4LM+MIUip+CnZzZsyJocyAzFcc3W7dhZLQLDU4vHKabIpBhRvRH/Qq8PQZ5gXtWdeOXS9uBfDIj+yRp80PYxUXjyBg5CMWnj5bfuOXVnZoOIXPbPjKDE1mWeRNzpkvEINsrc7j86UOFGEOEQGdjConTR7V9xS7dMA1U/C0mz0z9jsBZmoOiebXIm1Ql50VmcbITNT+0JY6nUXUihcaXNqtMgTo4QrnW9c3/74mJGfOE6eX4+VcXYs6of2MG44n8fu/wa5X+b5k5G7KGtmPmSAxLUmZAvMk9KtB+7bOKBEY64R33JTFxVgNl7dY0CcFoKE23IY5Uohuz5nIaLSNWXQK9sRNhF8YOhWngvbo6rXUp2Jxko2cjvO1eRHb8WqBIz/jb4K3+iNpypWfpPAYaT5v3lHmYcXbppXaYwm4idOTS5UEan0pXLhKhwwit+m/Em9fCNeh0+Kd8V0TyiHUoFCldYq/mTbLfLMKIIYdogKuSRySGh0QYslbZNUrUkEom6KySDB4Sg2k7/UNb3oAjbyzsmdUiLk/FIsrS5G8h+xFjsi3wZAp2O7tYwpscpChzlQVcz+fbWOheWleP0698FMgxVGn+wpyRwYaR/30+om3d2POzRdpFxZKouHousoaVINrZP1+OHapNZm0HnliNzuU7hLXnqy3D0I/NVw9Cph/0LSQ2G7wFmTj41FqN30kkkC3WXVMEsowdbEP2kFxUlmRh665WxLnDsGYynSFJIS+aM0JIKAN72EBbMQl6fXGzEFB8tYNQdeVcpKLxUxaytApdo8ONi3sa8IWOXemZXP/vbd3+ehHpQ8CYFOARq50kPvVyD7Y1RAG/0cHQXzQQgSs3AwULRsJXUYiuzfvRtnwXUkxV79vVHPVEW33jcX4FqyMySe1Zk6pEt+YtyUYyFJUNj9Ov88P2DfvR9NzG3pzBgcwB+f4E/tnF2e3InVqFYubF5WeK806K2r6+aAJZpyKO94hsoIlG1dsOqUSBBBfLH46L56FOEb5/7vopuOfGWQO73N571kk5A5btlOKUmoYmRBGri9OqpJCfg92cHcH1/w+xvX8WI2W6+GfOux92d4EUGiU/6MIrVH0SLNiFiYjZmteZFItEVOdo7NzIsmQBELhRplF6j4mmWr0obckQbJ5CKYqhN76IWMMSYV/6pn4XzqKZSEXajIu/8hF1Nkj4jxAl5z7WvNvAl8bIWQsTn09DZU3/pusJZ4H07wxv/gng9CNj0p1wDjpDOyyriMssjjMzJbXIwyouQhy2MuYsFqtRC0qaAztB9aWkp2as4UWEN/1Uzr1DCt1KkTRkTL8LNm+RkmViTG3gTNAUTjmvRq8oM0/jBMPfUDpZ3aK/bYUuHEtgxvVPYMMbTCbI6o3Tae1G4bkTUHr2WOy461lEm7qlsudMH4ohl0w9OrvRsCw7txzCgYeXa8p3pgeVV84VuIjBq0cKyRmK60XwQAv2/XE5UsEY7Lk+jPj82WhdsQfNT62FLdePivIsBHqiaGkLawfCcxKNS8dXddUc+EpzBzafMxq94OF27P3Dq0jRcozHR5ZlRaGBVE/Kffm2vAlvqXaHC5/s3IsPdx9EB6nTfT7JyDTloo3y5mUDJDu03mIXTqRQkuHAX3eF8M1Xu5UeH6UprAtZo8uQPWIQwg0d6Fi3D3EScsRdpE8yxHG/2TEKnlRdM/ejVVd5HormjkD2qHI1GWDnL0GlfsRDETS/sl1nY9xwsYscSJdtvX8kJoW66LTRyBpWLF0a520WkaHvVyDrlHuntpXMxtuCBKUpTP+mrMIqcuwMmwIYProY3/nibFy2oPq4Z+G9J5zMM6DJIjof5SJv5kl9Ox6l7OmC6fAg0bFVkrapDSPb0TPsWnhH8t8pjyE70nSAcgNZpseyCzPNlpmJCXSnrv/amZhgV0OaV52bSToggcQUYZuvFLHDixDa8G2kQi1wFU2Df/oPJUGBFlu0G9Pez9RVEjfkuCwnF1MUBKLlu3KWRr9IMjJ5Dgg9kvBSgCSiCL72ecRbVsA1aB7808i+dIq1mEoStPvTU2TYnOkbiixPU3CNlMhimeprdIVhYadsgec2tO5/ENn9J9izq8SzkzdQMh6AI2+MhM+6y85UsTzPNX0y+TqSaNi5iq5O5RdyS0sYq8LASVLl3q6O7qd/3Yybb3seGJSlNzcvpu6QwJO1N52LxiVb0Pz3teI84irKwtDrFsLmccoQvz/xw+F2IplMYe9DyxDZ1yzXT9G540Xky+6v/4N6Odoo0eYrtP2w7MDLrpiNzMH52HH3c+LkkF+ahVg0ge6uiFpQ6VkHOgPwjyzHkEunSxc4ENiSwnay6PYxoXzTQdn5F549VtMNjnJ8J/NWPRnvRYCj2+HCZzt246KeRnQ7OODV4Ro95WK23smFFD1GHCWT6rVtpKfhZAo+px2d0SQ+/VQLDrXE4BlegMyhpXDwv2/Yj8ihdoWHSTZ5K48+KNIRL+NOl/KEQBi2LD/yJlVKICot3KJdIYGRmXTB66F7d2Dlq78AACAASURBVLNAh5E9zRrGymNIzwGPVUQNDNoTgj0/EwUzhkmCuTPTg0S3Jhn0d+oRmUKmV4J/G5/fhJ4txqeSqIUl/paBaFCuw6s+OAbf/vwsDCHc+97jnT8DhM+sRT+dF9h7wYlYmYs/52o2G8Lrv41I3cOAOxcOXwn8M38Ku2+wwoYC0XFeJFCZiaoxpBMLypTuwqR4S/engacCVcoaxA7FIlewWBAyJbMxAQjb0o0gocSmZVLKPLWfgGfEp4Fwm/pPOvym+LDroexKxdW01dI0b3M8kihu9Hrir0nZAzf76uFJxmV07+MIbfiWdK7eUZ+Hu/py7RrFiYTvyedaciHS+q1/5n+3IFpT7EzStzos87h0zdVSJDtRxBteRmTrz5C0zJ5Z4BMhJKKdksHnLpgKT+UlcJTMk3spKTIK1dAJmMLfUkaCRq7A7yiSkOjbU+iaO8MYcfkj6GgKAHk+XVAkmSCI6k+fBU9xFrb96GmdpSSTmus2qeqf08LNZe8tysbhFzah5dkNyogcVozqq+eJ76Vm0vXeHyxMzHYjyeDgw68Jq80/ulw8NHf9+iX0rKmDqzgHmT4HOrqsi6vP/dURQOklU0XPNRDYkhe1Nz8TrWv24vBjb6htWWURhl63QBbaJPPTBtI1vPO3ePoTI4bB9OW2bZgQ6UZIvOVUFRC1OZCUG89iKutgmz+p226TRphPJkLJS9+TSuH2lWEsj/uQPygL4UNtCHL+yQ6PkJ1FSjmR76s12Bg+J5FBYfbpo6V7ToTj0mVxJkfYUMTqL29DG42YyXiV2dibGUAbdpfRxHGTljmyTKQh/iF0ijAmzBYbTzbuunOnrIRfr3XlHjS+uBkpsk7ZxRESt3b3hNgPdSG7Kg933zYP15w97ETOxHuvPdEzIN2SxXQ0DhvWNs/EwUi34shAsms3AsuuV4/HeA88w66Bd/TNshirr6XFaExqYjZNj4UMQlhSPS5lKeBiT/G2zJJcgCMFxCMKGQoj0lwvUhT4d0bmRGDzDUK8eRkCK26Wy8nuK4N/1r1wZJQhGWo08z6zaZOQV16WWkikY7PgTGtTL5eucXoR/NCkK7goAetB4PWbkGhdAwcDX6d8RwTkTDcXQbnMNmljp44lcgs46ASjJBrRtLFAk5RiipvOIwnbWrNJ7WJlTuctluLIqKHYgafFgcUz5kaBNCPb70OibY2aTDuz4K76ILy1n1DiSrRDnWDMRsTOTo6QaIIRQCzm6g7ztnR0H/vuUvzu/pVAVV6fMNUAMscNQc0nFmLP/S+jh51PKomsqTWouHT6UQ2beRJI/w63dKPut0uQpKbO40LVtfPVFsykPPe91tnJUWBOCFFCOD1uDP3MGRKns/eXLwqrz+NzIRZLykzpCMJLKApHth81H5svprtcNN/0IWiGnsjdv12CqBFFV3x0DrLJ5KSjy0A8MU/0Zj3B19Pia0gshNvadyBfoi70hozb7IhoDL3i6Qkrj0vrjIeG2mYUJ4h5KoWEzYYbN6awtTkOW3O7zCdPWoHj9+T55OahKyRkkMIFI5E3vgJ2pxPxnhCS8SScGW7Y3S50bTuEpsVb1QDaazrJvphs//NmFVCjiSMMygRzSk/EOYXzv77Cb1PkSKyRLo7aQfpxUlZCL1fOH/vKI9pDQDiB884ahntvn4+qEothdoI/4Hsv/xfPgJIkLE9JlRJYWzy52ExenG7QQqsZbPoUgyUFVsyYcx8c2UORitJFybAY04nk7HDc6j4iTEG1v9KhGzsQ45TCz7Q2XjL3IvnNFDgDMkkBdefKa4JvfA7Rxjdgd3jhZor56JtkZiZaQHP8FnVMOy9u5rngW59tiDCW5RcLlbAXlbTCe5iJBeG6PyKy5W4hnnhH3gTPUHZzrWl3F9H6pSk7/Gx+htuI29WxRGQNEuxqZpLiXmJmayIgN5sMPpeSicalCKy+A8loG7w1V8E7/lb5XVORRsR2/xHRwy8iHjgsaQiOwgnwDr8ezoIpsslIsuvjDNUQbtSFRgXm0qWebOhyw542TLz8ERUPZhiIKhyXNOYRN5+LcGMH9t2/RHb4jmwfaj6+UHwQj7BHMpeteA5SA/foGwgwVdnjRN68USg7Z6xCgkdZtEjvFweUZzZIIc2ZWytC8p33LkLkQJvM5pihxBDdI2An/mqdIeTNHI6yiyYNEHK0SSo2nT+anlknF3LW1GpUfmi6MPDE5eXf4NFjd6A4HsXX2rchL8EbQ532CFlGWeCYkq44Q/rhtPHnMDZVbNgBFHpteLkhjlsWdyDGokB3GWsmdaLnweoESQ6is8nUKuRNq5HwVZJN2GnR5k10ce09aHltp8hQhO0pOrU+RLqjHYulieuhvtONPMKU06rFTo7vLTBl34eZwVAXxxu5ff0+8cWMsYtj12jFDVnv2xhEdkkGbv/UNNx6xfgTPRvvvf5knIF0VpuSItLQsrnYhWAh+kfO5jajZ9kn5Z9p/eWuuRy+8XeI1ZWSIywtmQVfKoTG2VvaTNlMz4TGr5TFXi9MatZMEUzFI9rFCQTHbSehxCJE9zyM0Kbvk6kBe/ZQZEz+Lmy+Ejkezqq0W6LZNOdnrCnsuHQGJ51Tegtrvq/M2ViklL3I9crmLUAqeBCBlV9Csmu7+FeSackOKxVu1Bmd0iQVnrT0ayY0R8Tn7PB4PML6NDNAy8JMNHJOYY9KoaMA3JUtxxt87QYl2OSNQ+bMn8LmHyICeBZ5PuJNKxDd/SBizcsltQGuPLiHXg1vzYe1INL6jMcjBU+/sxa8t8EZ5fxbn8czj28GKmnarAalaOlB4QUTRR+39bv/ULZbLIHSD0wT4kCEZr39Oh/RpOVloHPrYRz83+VCyfbUFKL6WiYZ0COUmHOfq50SF78bsWAEe363FAl+RqZH2J0MUz30h2VAPmPqzYon0nmLnmoYdfEEhnxohnZjpKIfocnrd2exm8twy/P20qGltRu2bL+wLH1lueKm0n/WeDLuzbfjPWI2O0Jw4M72rZgU6UCnzQXSUWRcTSzcCEx5d9rNPxOJ5CORUHZZpovGHjZ86sVOrNwTBjINuedED1h2uSmh84smbliJauJqByFJmJIzXe5ZM71iAt61owFNizaq5ZgYQCu765gPqwASLUgkBHVgF5dZWajvL2STPpIBvhEZlW6HaDTDLV2SUde5dq9+hFVU+c+8ptvDQFsIs88eih99YQ5m1hae6Bl57/Un6wwY3Vgv8dzYtAnJ0nCM7W6h6IfXfQPRQ4vUj9LhRsZpj8DuL0cq0mE0XsaBRNh+SmCxoDopMrLQKwNQF1/NXBNXEX4ciRWiq+PCwtkZxzpaNOz+UiSj3Qi8/nlJEre5C+AZdws8dEIJHjb+lEJd1ARyB+UKfCumI7iUCUokgo4jwuxUworyZkzGmxRZmyQNROv+iPCmu8RKyzfmi3BXf0jSCejeotZeBgaVe5PzQ5opE4o1CJho2FSArj6VFtuUrzNRQNLRhdWr0pOPeP1iBFfcJHIAd+1n4Kv9JFKxrjRHgudcilssgNDOexHd94SiKykb3BXvg3fMzZK0ngoTWiVUq5o6xONIidHzSZQX/HXpPlz6iSfUAcWkdrNLcub5Uftf56Nt9V7UMyXARTeTfAy7/jQNHpU5W99Bm5ow84dgmGpkV6PMOQZfPgt5EysQoSbtKJAgu7n6RRvRuniLfMGCM8eh5Myx2H7Pc0gwdUC0UmoHRY2Vw+XWqBzib6EonPmZ4rDi9HnUuulNHiyCrnw/Dj25Du1LKF9IoeDMMSg7b6LE+By13TxZN+jJfp9kCi1ZWbgy1oiPHdqGhpgdbnbcvR62R3wd66cKstNL2aRxH5Rhx/9b0YPfrg4AmQbPPBnHSZgyEoU9NxNF80Yib3IlHC6HsCkZ3EryB8knkfaAkE062cXx5pUYH8sm/SgHYl1u7PiCjOnJReG8EcibUCVwR4wblf7Qthl/uDK9QvnmHJhJ48nWLiDbr0Qbi1FJH9fD3UCBD3feMB1fvWbSqT6qPRm/1r/Re1iwpaUFMwxIS2Igvo/sjtjBNaBnyeVIdu4EXLnwTv4GPJWXKvtPnEd0zqSQIzd+hKz571z4reJpIDuzcSPiJYVQ6gthPhIvaHfIwsS5FkOduYzYpWuTQrD6yxL/4xp8IXyTvqnBpXGuNRq1o/IHsg2Vsq/DdOrxWHho1MzDYZfFv6h7CIuemD0nwkLhJ9RKo+hYyyo4csbDP+NHsPuKgRBF2+wYVWwu7idGjqCUfp09qn2ZcSQRfaCyO62upLf4s0hFxVKMpyi08mbEDj8HR9Es+Gf8VIJapYOkdRi7XQmAIISbLe8VPfgUwtt+iVS4XrpMJ1838euSIkHoU1PGuVlgB+Q5uYVu0scfx7rXDgBlRk7ArqkziPKr5iC7dhC2/+QZJDvDWrQum4bcsYP/OX7H3CrMfWt6ZTsan1orB5s5sRIVl02Xwng0SJCzMv6NAvR4QwfseZmo/cJ56KTx819WADkZej3EePHaUThnODo2MBG3R4tyRwg5U6sw+JJpiEmq9ZvAjiYiiH6OdX9YimRLD+x5Gaj5+AKTnEC3gFP/npeEAW46cnxobArAs2Ynvl/QgWF5LhwOpeCxAy4ZIeiXSVOWUxBIM8bdlB0o8dtRH0zgwsdaEY+mVEN3RBN1DFbjsU6RDAhp7h2V2VrOhEpJlSDJSMggEUIy7KjVYaJz0yE0L9uO2OF21alRuvBmvx9fzM0VE+IzvbJ5Kpg1Ip16wQL6T924OBKRUelBuKUHzS9v0VkcUQHGDVmdIc8VA0ibA5g3vwrfvnk25o0rOfUvhv9rR6irfh8bLiVmCANSFm5DzKD5cTKG8LafI7bvcXiGXw/3sKvVAkuKEc2RlRVpLepCgBCoUJMCdOJNj0klhigjkf/Og6AGjTcX5QomZdxiSPJ9HGTjOhBa+3XEDj4pXY1v4lek2DEXTtig0r2xGzQFTUgiugm1zKHFeFrgPMKFjNfRrocwqpBI4IDdV4LowaeFWZpMxeEdeg28Iz+DZLjB5Jnwe6ltmV7vPFeEJsnkNBo8WSiUs63/XU2o+SVVpWi6OvGzpHPUIMTqlyK46mY5p54xt8A7/Fol95Dkw+fxfeR3SMKWiCHl9MHuyhA4mYbTDHxlEXYWToN/8rekeArkqTQUIaSctI7ugae24/ovPQcUG3iQn9IVgqeqCCNvPldSAmRuBiBj9GBUXjFbFixZVPo+6Gji9yARjWMPc+YIQfpdqP7YAvjK89SL8ihFxJ3j07SAJ9fJ34svnIzSM8dg+4+fQYQLIK2leGGJjm88smpKxBQ67YYSiKD0oskomDFUPTbf9EGrLz/qn9+E1pe3yv1ScOZolJ7BsFdClqf4qiEMKZvMRnmzUZ/Y/NJmRPe2Y9b4PNxzRq5YDTUEk7ohstvSDTS7PNYQ7t1I3mVNyXPb8f9W9eChtT2A30g1jvxRjxzw9YcCredacziJ7EkhY2QpCubUIrO6WDY7Er3E4uxzw+l1IdjQgZblO7Xg8GZnx25BnUf7DeRvmo7B52eOKkPhnFphaxJVEJ/U/g+LUZmhO+KOtXvRvGQb4twgGRsxua5Y4HiyGnkOXLj1usn4xqemCzP1vcepegYM68+CKS27LylS+pC5mSzYZFC3SachXVIiaCbZLBi6pAp7UIqbJTjnot7rt5ieGQlBgrM749YvNYPiccNgNPCodF/eUkQbX0Vo9e3iRmLPrUXm9LskFDUZ7VA3EPM+zLXTDZ6WFDVvJtnEfBt2mSQnGOq/3WFE24mIZNtx3Qqu/DJiTcvhyBoC/9TvwZEzGsmuOkEw7JQuCKtRGZVCPkl3cmYmKWeCrFM1jtZuNe1mbcTvqlukIJ0syuDaryO863dw5owQKzVn1lBhkUqRt6KSeH7kW6nwnoWcIa+paBsCK76IROcWuacZU+Sf9HXAU2C63aQyME8GdNkdimPEZQ+j4UAnUJKhsznCPqEoKj++EBlD8rHtrmeRlAKSwpCr5iJnFON0+pk2m90A/SwbFm9Gq0TqJJE9cxgq3j/1qJo52Ti4nbJI7fnDq0gcaINjUB5GfvFc2emLxCDbowtRVxju0lyM+PxZwsajO4bIH0g7t9tQ+eGZyKgsNHOfY9+cDp9bZjcsxImmTjgH54sOkA74Ce7mT/G1jcdPfVnPnkbpmgNbD+mX5cIdTWF2hQdfmJ6J0flOdEZSCMZSop0TBjL3l7zoAWR56DcH3L8hiJ+vpLM5/2i1Nm/hJMhT1eibRcg1pEB8MPMnVQp7kjAiCxHZjZyLsqC0rWHB2Sqm3EcUnGP9bDxgZuERpqwqRNHcWuSNHSx4flTmc31idKz3SKbg8LrEfCDU0CkJ591r9gJOJ5DDnbZZQHhiuAFrDmHMrAr86IuzcM7U8lN1dX/vuNJnQHWyR4aPWmGdpvuymIJc5PmwQk1pg2Xy2wQqMsVLi5ku8iIrkMBUI/wWwou+jXY2ZCXyXzQUVX0v+R8IJUbESou0+8jWuxDZ9oB0b+7aT8A78tPqTsJiKWbQyXRRkAJMOFLE00YNK1IH47giLi3q9i8FUQpXXApd/PBzCG38gZBY3IPPgXfC/wCER6PdIjGyG0syEZgnrLQAJdvIe6Z1dMbUmR0j/TuFFMOuUVghKr3gd/WVSzcWfOPzSPXUwV39UXgn3ylicTXH1t9AX6abAh0sWucYArcmg/UIrfky4m0kIMbgLFkIP91UuEGJtKsl2MkodHc/thk33fYcUJHbi291hJA5vgIjPnMmDjyxEs3P8SBsyBw3GBUfnCFkkqPluxGCjAUiqHtwKRJNXZLtRVNkaumEeNB//RTSSiaaX9+BxsdXyyJYdMFElHI29+NnEG0yESikjMP2/9l7D3C7rvJM+D293N51i7pkybKaLVvFNjYYMGAIJqYY0zGEMpRAAskfkvyQZBImk2QmySST+ZOZIb8TcGIIMcVAMBCM5d4tW5Zk9X57P73M877fWuccXd8rXdnYkMndD0bSvefssvbe61vf970FS999BZrX9eLA/7oLU5zgCVig+Sv96W66XP05E+Wdez4gX2rgX3dj6PtPCgHVeR3J67Tgmf75DXJcmEZDCnCZwQkM3b9fbg1lWuWw9EaaBF9ELlJSJTTUh/D2i5K4dnkMbbEgmiMW1ErlsqqK6WIZ+0aL+Mc9KfyA4BO+oLGz9MTmGk5fRiRqsiGOli3L0LZ1BaItDbrfxRwllCj8QGubKCb3n8bQXXswzb4tEZ21ZcPZjiFSeVFiBcGWpEjf1KZkP5cZosqgXhzWf99rVErdpCxR8KEf7UZhdMqeF/rUeUUNBsjBaWVxH3/nJnzhg5eird75LS6ElJ/jEbDsx8CPxnGr+sL5yZQ/dTxYBwwxrpsHsblyZSUjdD/XRMz52NnhyATUEbgVAB1hvMLfI2DDypkq+wm8wmyuA8hNYfqBj6E4ugvBZA+Sl/1XhFouRClFEXRrCZifm3nm0dNN/T/n/+bDnT3jRgjXZ9Vrs3+T70cgR+apP5THHo+TWP/rCPe8AqVpmrpybiBS1N5FODkzyZuxh8ggp/KkaXbyHFQOJR+XohvKwLy0BAMj+4RhBBIdSO/+r8jt+xtx9Ki8Euq4XIASM78VLcCyZQU5YcGNAE+QkOMIEpVZmjqK1MOfRWHykObgxNIbEN3wa0CB2XfmhQe68VQeG9/7NRx9dhhopzsBz8Xgsys/8HIkepuVzRUIIImFsex9L0NdX9vssliS+qrDwL17MUDVFNBSZx16r9skMnm1oODeH5U5o1pN0fstu/cUgj0tuODjr0bq6AiO/q8fG9SbVz6WQttrN6Dn2o3IjU3j8JfvNaUOZggTGdStWWRqKEIHzyinViZA0koiCtIHbvkJisdHEF7chuXvvRLhePS5SNCf9WvuVo8McBK4ns7KOXv8iSPIE+maiFhPy/USXK3GzjrDiQBoaQhiXVsE77gwqZ7doakijk+UcGC8gIdO5ZCd5sosZM/g2ThqM8eCDynHmQsQR8qmQHKyj87JeQWgYqEEquKQwpEdT2H4/n0YfeSIuXCzFH02vzhBc0uAuJdhuYjTpqduSavMfIs8rhaMM1Y0FIeNGi8udWIU/T962hzivX2PW5Xqe1wkDKaw6col+L2PbccvbOv7Wd/xhePPdwTOoBZ4wri3gCHs3wFLXC/P+m+WbVWAHq5MpwzDiRZbU84FSkNQ2H8lCidzZ2ZsqnKnoPbOrYB9NWKdlb0Y5J/csuzRryPz2OfVo5Ko8iX/SQ7fpQJ9Le3Z9SVPn+EZXsSspgzl6BGgQaND8LwYDBWwQ0AkqUCRfvx3UJjYh2jH5Uhs/oKVKemGIFCXB+u4owrJ6QjjKp8S9OLI8DopQ14a4pKAHWcN5BYVpAYE8uOYfuCjKAzvQrDrStRv/1P1LJEnL9GNoQfAsgRKacKKSS5LmFSU4VhF5OhQGttj1kVZSpSVEVv3KcSWvVXozRec0f3RrU/i1z53p9EJOCA8weEp1G9eglUffqWMLE9/42HdkIZLlmLZ2y9Hdnh2VKIAJbk8Dt2yE/lDgwj2tmDF+64SN6pIgMhMMB+TiJY69P9kLwa+94RW7m2vXo/eN12CZ//qh0jvOQU01wGjU4gtbceKm6+WZx1BJIdvvQ8Flk4TYfHnGjYu0feotsL/5toSXc0Y+MkzOPX1BzVBd7xmIzrpQH4edj7zfRef9+ccPFoTdpJEgTLGnjmJoX/djexxJ8OlTKj6MD3nWHpoKcJtAS8YZw+Ki+CyFp56oRn5yKU7n037ZdaYU6CjlyAdBqiFyVeIfEoj8gcRrY8JCDOy+xQGf/gUckeHDE3J4FxLxK49fqUPl1Ogiy9tR8fVF6LxgkVaSPs+32yVAR6TGpUEOzHjHbx7H8pE5XKx5E1R+Yzz+SCisimGz33gUnzu/ZegThIxC9u/jRFw2pU6WdfL8kFDUcx0KS1IuIldpb7aTM54c3r6nQizmZwyy/Mmrfw8/81XzTmjkJeqTM4FU/azHN2AElp2+AIQrkM5O4DUQ59FaWwvytEWJC75HUQXvRzldL8Lmg7I4hGULqhYD469QRM1VslQUmPe583z3wjyCIsgXhy4G6kn/gDlwjTiq96N2NqP6zjGfy/ovReoQ/0Le+dVNrVQ60qhTlBZpVGODbNHR5WoqLQ42kG8E4Vj30L6yd8VTiN6wfuRuPATIqUr42N/T9dgGauVdS3qGWWxSmfQ2RCZGWkQYCf91B+BXESaw9Zt/W8I1vW9sEA3MpnFhnfchpNHxw2EwrIXs7liSQ7hyaVt2Pfn30Pu2AiQiGHp23egfnWnSWvNXEmDAI96DO7ci/5vEWlZQttr1qP7VRvEVXvO5r3pHjmIUyxZUrswW0DbVWt1nzmpS5EjbyKfS99zlVbzlOSiosqhL+80qx+W7KYySK7twZIbLjP1j9mI3lJpoXP2NI585R7kT48j0NqA5e+8ArH2BiO8/xxssqsIBVWi5MQ9eagfwzufxfS+UxYcBLs/hwTWGYHDZWp5nx46fth5xrdK9sQAN51FuLdFZcTmjYvlJE+vPprS6kWKhhCvi6Enm8Fj39mF/kcINiF6hOc+R+boQShCU2YRWdQiZG3T+j55wZVI+p7pMFBzndQqZT9w6vCgEJUpLpL4THFB4PsCvhc3lsGOq5bhDz+1Ay/bsOjn4K4vnML5jYDr8Wje9KHMApx3xlZgUARzUH1LTSo9Ne+7Jq1FTcAObk8QBidhBUZK6blSJYnjPn8TDJ//cCLSQjJyIzk8KKmrYLQJ2X3/H7K7/0Lw+nDnDiS3/pG4dlYy9Lw4QzMK+OECKOdf7c+957ae5U9Y0rTFbcVnj78MJpHd9z+QPXQbAqE6xDd9DtHuVwrVKa1pgWR8GdeQkyqxKqCyD8nzYb8v7sqi7Etygc0yI/uHBHIRt8EqCjMzZptBpB75HAr99yBY14vklt9HqGUzSukBOxYXAtLmdGtaXYRHlnotXi4oTOtS2WW4DoFwEpldf4js0X9Wthpf/X5EV3/whQW6P751Fz77hR8CveQ2uDLQ6BSatq3Gyg9cjZPf34XT1H8koXj9YqMHCGn53IyJQAMCGZjNZfedQrCrCSve+zJEqEyh/tqZG0uI5FId+NKPDeRCHhODUWMS+cEJ69+Eg0J+tr78QvS8dpOyrmA8gszAJA5/5R6UyZVjoCMAoq1eLuChuriUNmby+jgRFnIFHKHX3GnaqoRkw8LvWKCbBbF3fm/fC/u0e1/Diahg8OzDDe7chwlKrfE652sq+sLOYvZv+z7ZVAaBJhNfbr10OeLt7MNV6QIkfDNAF7JFjD9yAJmHD2JscMoyODkdzFEblSxYUfeR/Ej6zzVvWgpSVMTTnEtvlC9rOCzJsEI6h+F7nsXwgwdQ5qJFQdUtCLh/9eJSiDbG8Ws3X4zPvmszGikrtrD9Gx0Bh1CUmoiZq1p50gJa7Z9qhTn0nwIEA4WwI04o2UtcMRNzfbnKviTK7IKkYPcO9Sh4v8H0TZjYCTdL7qtJZzD9wKdR6P+JVEmSW76oYFfKDjj+ndOXVJ+NwdUBXLwruTN4NRUWJw/mjEldFLSfh+Pi5qUe+U0Ux3Yj3LoBiYt/H4Fog9kOqczJ87OMUFmcSOPejZ0B1pVhCT5RldOXeT1Fwxu9OgnnaBOKY09i+qHPqh9HqgQDHQnkJRLwK4R0sxhSIJPSiqFkKyVR9gDVosg58Y8QAvTQI8Dloc+ITxdu2yzO4fMuXeZLZax5x1dxaO+gGW3yzqg3V8aaX3md+HGH//Ynlh0Vimi7Zh26r7lozuwsvqgZQw8eMCfwYgmtV6/FoldtMIWRWTbC+0//cDeGvvMY0OECLT/HIMqJiUEulUOoKYnl775CfZ7CVA7h+qhpZ96y03QYOYFmzZpHtjqLW41EPgOgQC+8U997EiP0mmtvAPJsvfPWdgAAIABJREFUFkew9G3bkOxuRoFKLT+LzRZqCEUjItlzwh66Zz9GH95f0QZVZuLBkC/lOVZktcidDKPhwm60X7kGdSs65VIhU9saqoNXNhneuQ+pZ0/ZYoUBZ65z9/uns3wkjIaNi9GuPlyb+qXk3NkCbMZF+0VBHU0swxh/5rgqABlqo3KsEjOcBoZTwGQO21+5An/w8W14xUIW96I8RZxwWX568TcLZB4MZ6AGK4npcXH1SMvKDGClXpAaTS57EwLRleEtEtpCTL09zoN0JmC2xD2yR0VwhSnsm0KK47m5rM7kuYICTwTqupE//WOkH/u83ALCbZcgeflfK3uRFY/j2fkSpTK8AA1PnXO5Ai6R5K4Uyp6gkIfkpLFCYYanChrxThQH70d61+/LDSDafS0SdCtXCZE8QV6H041U3DLdTg92kVuD84SzMWAF7UxzWY2fgqMhL4PRVuT2/0+k9/4PBMMNCNYtRXzDZxBqXi+R5hLBI8wCBeohIMW5rUtthfekgid1GR8rQWb1I75gGSqJ0s4oEGlFYv2vPP9A96Vv78PNn/0eJTEcBJRyR9NoftkF6H39Jdjzx99GkaLGlN0aS6HxshXoe+MlmuDOsL4h+bo+jvSpMRy77UEUJti/C6Dvxu1ovLAHhdmEmyO8cWUc+sq9VhZtcKRJvxjzIIORKTRuW4m+N11qAdPJhDHboYVPmVmY0IY01Myi/VXr0f3Kdcgy0NUkD8weWT49+D/vQjlHs9C4lPMjrfVY+s4dCNfFzFj1pdzcZE3CN3mHBJqMPnpIiwUS2IUM/Gm5BTyf69KS1HhviWUdaL1yDRpWdyEcoupIxuzuWdxJxEQZyPRPYPDefRh/6KAtmCil5XysnnN4DzSZYgk8iOTyDrTuWI2mdb16LijuXEFFzvyywCZGGaD03ODdezBGygAXPTP94ijqfXISiSVN+K0PbsFvvGvz2cC4z2eUFr7DESjlRfzNDz9sqh/L3mqWNC/WVqkMOLkulfw4DRBo4nhwgvxr9W5B0b1vRrTmP0yD0tRBHG3A6pEOpKEVnPuuleSNUlDTm/PZmCZvKy+KWxaMIPXQr4rPRleDxEWfRPSCDyn7UZmQe6lQBGzaV4nV6U3asPGYlomJX6fYymBogYCgDoojE7GYfuL3kD/xPdnsJDf8GiJ916GU6jeGhBzAjQvoeXmG5PT9SXNi0KaSrAvYcjWwkqIGLxS37JAal8UsUg/9Oorjz+gcaMtDQAx7dJElvwiQWpAfN8cHHtvNFTJYFfjG9cMln+bthVx5lmsLSooNPYzUo7+lgB1desPzC3SZXBGb3v017NvVb6aqvjcHYNVHX4nJvafRTwBKW70NMMuHL1uD7ms3qBdTWxmgaHMpX8LBL/0E+ZMjBh7J5NDzi5eqf1OY2c8rk/iewNhTx3Hinx6QM7MmRHtUqst3ZpKpLHrfsg3Nm5YYylM9S9IXMjj8d/dYEPXZzmQGoeY62f9w/8w2fPmS5VOKBPd/+1GggaRJojin0XTpCvRef4nKb3OW1X7aL6srgwTIKSMCNJvH+JPHMPLoISupMnqwTDlnH65mjJ4TBGbJfp7P+ZOekc4Lcdu0fRWa1rEPF9WYFlwZkTY67M0V80WMPnYEQ/fsNWQuUbBy/J7lwB4844EsPS1o2boCLZuWSuGFwX5WVRP/aNCl3i1K6DI+tHOvmcCyn+k1Mf0xCFTKl/C6a1fjDz6xDZtXtD6fkVj4znxGID+Bie9fi8LIEwg2XYRQyzrEFr8Rkd7XIRDhQvqnvbnMzGbnGhNQ68v5sqNKlBVVDwtiCmTi1pmOowKeE2m2oGfwY3O3NmEGnz0pQClbZPBhWPK8Oqc2UixInaRw+l+RYjZH09H6lajb8VcSW5YSigOaGFDGWf+o78bjmPGrEbkd4tP1xSTfpc9TDcWCYzDagCKRio99DuXMCEJ1i+XmjViHAkSAvpSuVGgEdwZKN0ZOYkvX4AM6jy4LIgo/W0nVUJG+h0hQW4d856Yf+7zEp4MkvudTKKYHEYzEEFv+HsTXfFBzbyk9KOdyU2Ox69L56J4xszTFFA1pYdrsfyJNKv0WBu9H6tH/V3xDIi+fV+ny9p1H8IvUtCQARaaqlIxIoemylVh8w6XY95d3Itc/BtQlDEKeyaOPYsnr+s4sRdJvryGBfnHSdtmKmhOcAt1laNmwWKv/M5bRxCo0JnH8249h7N59QJMjcta+CzwfAh7a6rH8PVchFAubniYfMWY6wSCO/N1OpIXic355RAB2NWHxm7YYytNpXbKkydXYkX+4D+mD/dYLZHk0k0PfTdvRtKZHTgUv+lLfoY0ItydVoJTJY+rQgNRgMocGDWqvAHcWJOVPe76YOebMgGh11NGAti3L0Ll5qaTXcukcYhzfUACjuRKitNEJhyS2TeBH+vCQlZqFBJ0FKONLl7wn+aKyseatK2WCSt3Js/bhXJDjoiAYD2P62AgG79qLaRny+kWB4/+R7E7Cf/80+la24rc/tg0feuPaF3PUFvbtRqDQT3rQX6M49DiKhSmBMcKdVyC68iZEOq+oTKY/lQFzPDaZnroVlS9f6nFx3K0K5dpNrg4jb6egYOGQgFxUO5V8Tb5ucjfAB8uZvtjGCdr1r6QY4kScPf+sXEQwRoL4XyCz729U7ouv/TCiaz4qN3FB64V6ZEAxgQPxyRy/zDQuXdYjVKf1/cw/jlmjZWdqFxAoE6lHeu9/R/bw15SfRZdcj/i6X0E5N+RQjqQ7GOnbpVJOuszoCwo2NDUVGpVlSSvxegNWL2JtTt9mPUQaQHrXf0L2wK0IRuJIbPotIFgng9dycVKSapGuqxFb+0kE64jEZpzLWpan7I2tMJNLI4fZFg9Of5O6mTzb/p3IPPPfUJw6jECoHnWbf+v5BbrXfOZ7+P4dew2E4k1VpzNY9qFr9O/Df/OvFkA4cTDgtDLgXHkmGVtebmEUiwUc/P93onCawrhxBUUGl+XvvQrxjnrzAKvZFLQKJRyi39xpBtOasqX/HJ/f4Wm0XLUW3a/ddEZwJeqIpb7jtz+CiUcPmcIFBXiLRSx++w40re1BdnjK+TcR5RtD6vgIDn/5HrvZtNWeyiLc2SRzVZXdieZ7sTaXwYkqwABXKGL66DAGf7IHqWepQecMTTnWc2A1XqxTs+DudCMn0gKaNF+yDG1blpuDg7PPkaYmTVoTUZQSUaRPjWL43mcxRukub6MzGyfOBzivS1kX1/5bL1uBRCcBQE62ay5JMYFNQmB/lZWE4Z17MXT/AQPnMKjWUgb4HJ+a1MLt3W+5CF/85A70Lrh+v2iPzqw7LueRO/pNTbwlGm0SDFG3GNHe16qkGe7Y+tM5nwrB2/XWKrylKlfM3iUPFiFwhVB5h5J0Wb+rVHpHYjs3oh9JmGZAcxOxpx34DFBoRAVZUwrRcQTgCBl37vA/IPXAJxCKtqHu5bci1HoJyunTCmp2Sk4omeekDIsgEEcC1zkQOc6g6IEkjFtW5lPZTyCUJJBPIfXYb6IwutsALxf/HkJtF0vEWlmn1QlNeUXlQ6NUqLcp924r4xph3Ru7moanGbKylOl6hwy40TYUC6NI3fcxlEafsmO+7BaE6vpQOPE9pHZ90YSt6cBQv0KuBOGuK+TgzuzSlFFm33iqxYn9KJ68E5mj3zDvvFIK8TUfRXztx88/0N2/exA73vNV6wEJes3+VgbRnhas+tA1OHHHYxi/dz/QykzLOHWtBKJcuxH5iRqaABVNmusw8thhnPznh428zIuZTCO5phtL37ZdWdgZUH+HqiR44PhXH7Ry00xVC44Ds8gSFFyTBJfUZFycdElKH3n0IE59/RErlXEfUxk071iFvtdfgvxUGmUGP2aP9Le76xkMUgVFwAjKPaUNXPOq9SZKfb5Q+3m8rpaiBwQwYTbCcUidGsXQ3XsxReg7HzZmcHKv/hlsHAcGeGbcdTE0XdSHNgagxW0o54tWRnSRl0E6UhcX6Xti1zEM3bcfxaEJG0+WKW15fObGMWWvjmXhRBSNG3rRtmWl9E4pPySgyVkCHO8TM3O+iONPHpcmZvbwoD2zfNZ8BZfHGc/KSmfj1j781ocuxVtfseJnMKALh/QjQBPNwvHvIHv4H1EcfEiZQLDpAkQ6LlP/iJne899qnzUPCqmCrG2SdkahAkE44+GKPJdv2NWCV5x2pXMTVxlR/TAnu6USHntrPvBYWdNEnn2/z/X0CMLITyJ74O8QjDTJXFUADBK9hc40nUgH17Rg5IWoVWr1ZVUGNc/7c2CbiodcSf52+YGdSD/xH6UXGe37BSQ2/TbKxSmU85zTLCBapZWamOQD+uMy6JhJq+sQVh0LtD5wKEsGYoJklOWWgXgHcof+Edmn/0xaodFlNyC+4detdxhKojj0kBwJCmNPyRmCDuLBZB+CiV4Ek90IxludHx4VzeIIxtvN2WH8CArD96M4+hQwfRKlchaBQAKxC96HOO1+irnzD3T/4U/uwV/99UNAL9NE99CMT6PnLdvEWdr7l3ca2o+TCQEahSKWvvtlqFvWjkJNGZKZVbg+gaNfewCT9PJi2ZKr6imKK1+M9m2rDKE5I4hQfuv0957AyE6WLR3ac+ZTP51FYmUXlt20Q27jZwhHU02lLm7qKLfsRJEgFce347n2vPEStF26HDmKM0tHM4QjX7kXKUpOsWxJtGUohKU37UCSItPyQ3uBW4UEGVBJj8ck3YIvHeXQMsdHMPLIIUwfHKhSIgS3f4HHfT5frzEo5UKj/oJFyrAaVnapnGBgI4Np80Uj0KhUKmLimVMYuf9ZK1MyuDFIz0YX8PvnuEZDqF/Tg9Yty9CwapGCvcZ7rgCnl6wsgEswFkLq5BiG79mLiSeP2Xd4/9xnVOJlIB2YRrwtgU+8YxN+/b0Xo40Ln4Xt52IESqkTyB65HbkjX0WJZShEEUy0I9S+FZEl1yPa/YrzPE+3ujnDOsa7X1uAq7xU3qtOdAJqN/J3vtRpSh/2/rF/5GkJzp+NpUglQnlHQTCJLEuQ+F4zkWMp0ZUE3SRHySwCc8hHox2NSpVUCRFC0np9gaDrKcoQlqVFChg4mbKKvJgLmiqP8tGnADNLi6avKdRkrAOZff8L2Wf/t4J5fO1HEVv+Trl56wSdA7h6ksremNVReosLcGeo7c1qNVH6Bbfj6Ql5ykzT2R2F63XNAtkMPSJ0bfzSLyLasQOl1EkR5FmuLqcHkD1yG/Inf4TS9AlzMOA5c0yYJapNynsVVlbKAFnKT9k4qUdXj2DdEkRX3IRo3xsU5CiGfV49uv7RDC686R8xSrg1y4wcEJaVIiFc+OnXYfrQAI7S4JQrdZbSJjKIr+zC8nde/pzsTDy4dA6H/vYnBjjhxJfOGh3gXVeq3DSTm8YgwBt75Cs7kTlCY02ewyzP+mQG7a9ch65rLkJ+toyLq/3mJI5/81GM3+P6fDxf8ryiYfS9eRuaN/Rp39NHhxQQVZ4kQnMyhbo1Pco4CaR4jvvC2V49n0W4P/liEVLPjIe9Q63tckXkRiaRPjkmCarU0WHkyAsUFSJS9fmbi1N2nq/+vD/OB4y9SYKJQkEklncKyk8DVF5HYYpCrA55GghIkYU8Q57/4F27MfnUCesfclExW5m1looQCiK5sgut21ZK/JsDw0WSd2qe65xpv0RSP6keww/tx9DOfSjz/hPBWQs24Q4INhlJ48rXrMbvfGwbrtm0QPye97PwEn+QvZbcoa+icPwOFKdPmnZhtA6xnlchsuKdCHdsP78zqpQuteqpCWBOdcMjDB30xBb0VUK2B0T4g1YyHc7C0s/06Eb2yAw0YcHQgVEEkuS/+TuXHcmBwCuMCDpo9j9FqoSwr8as0MjoRvh2+pE8VwW6qtoK3buFIFWpMeAUTHhO9LlzmSb7c7v+M/LH7lBmRJJ4pH2r5LIsa6xmm7XHJnm8IkAtGgN5debzqdJuTcnX9sEhLiCQWITC0ANIP/xrKOcmRSVI7vgLC6j5KS9ShkCMWVsQpakjQoKyHFnODsrNgPJlCrpevSafNheJUAyheCdCTRci2Lkdsc4rlT0yM9XvJXd2Hsarf/pPT+PTn/8h0FFjxUPqwJblWPH+qxQQxu7fD7Q4ysFkGp2v3SileHHTvBoKkZONcSnQn/oGy4fOJHNkCs07VhuSURPbmVGMpG2Rvf9+p8pjVvaasTkvMaqwyIlgNqdvqZwkkO6fwMEv/Vg8OguajGzWE2y78gJ0X7cJIw8fMm4fLWB4OhMZdLx2AzqvvvDsdj4+qLkaGYO0VAmo/O8AMXw46LrAsckOTan3xv5VdngSZSJC+S5QY5G9JE7UegBnRHY/RlI4MHLqczRBz28aOPPTfFaFYDU1hviSdgW4+tWLFKCpS1mi8LLbmIky686NT2Po7n2iPJSJeGXPVmjKGeevFamRvTlUiSVtaNnOANeHMBGydC5ggJ2rPOzGmZqnVISZ2HsSA3ftMYdxT7Hw4+a94k5PoXVVC37zg5fh029b/2JUnl/IiC98d44RKE0fQe7ot1A4cScK43vVg6GfWbj7lYguvxHh1k3zGLuZpUt12SuISvWV/DOqR9VlQJ5T51fWLnsyrpfL6PwEXCCBmSA2BjH2ugqyvRItwTsYqD3nXA5qAlkVjemClOM1GLWP2Zx7z5UhmhxXJePUvqlK4uYyjQaDkWVVRhUIGiE9P4n0Y7+NwuiTWigkL/4dC7rFastBnDsJMLMVZH05K2NWRakleSaiODNjD3w3gWcFWuecEIi1IbPnL5Dbf4vGN3bBzYhf8BEzSXV3zcAt7G0yuzNuNDOycn5UJqxEhjLQGZiGOrkDKKaOy5In0roFoaYLzLeO9ypLegJlyxjcz9O94NIP345H7jkKdDnagASc81hCaa+VXdj333+AwrCDa9NWJRzE0ndcYcCE2hIf+dzJGI7d/jAmHz9qQYaTXa6IxTftkEmryYSd+dyyDDax5wSO06Wcahkzvb74oE1lEO1twbJ3XIFgODAnv403JtwYx8Dde80nj5kGJ0Yek/2fXBHxVeaDliHohb8jsTwYxPIPXK0gmmcw8gQblhL8+Ug93E6eWYZelywDQlFqLuR55UampV5C8np+cNKy17xrIDMgsPfmtUPP6GFRCYBjZeWKQDKOkBNmLmSpH+lMESvLzVkoA5UgfJZ5QQGuLHSpNCMZgC5dgYYLeowqIMWRaoBTmbIxLsHk8d3HMfzAAeROjAHUgORCRhNCTZDz+3euEvGeJjRvWa7yNwOc9i+QzxwRzq0cgzFaDkUwfXwEw/fvx8RuKsEU7JhEcta6DAyRThLCja9bg//4H7ZiVfdLQU6ex9y78JHzGoHS5H7kjn0buRPfR3HyEIKBIELJPoS6r0Fk6RsRbrpw7v3VcOiq2Zz/uEdF2r8VQNxC1Z5CJ9jsMzyRo70DAkuLgkS4z5mHnWVfxnGzIOHI3AqAzIAcKV3/diV/KpB4HU2dge+HMah4pRUmXSwXklDtPfH4tjj4v/ztmP2Zs4G0IZXllZhlCHaffvTzKIw9JpJ49MJPIEh9zYposgv+Fd1OBmrOa2FzSBCtwOvlmjZlJdIpcLsAXM4hGGtBqTCtbI5WOoFIG5KXfRHhto0WvNQPVD3X7HzEvRNE3lzTaZHkkiSz62EIZTmVw83eJXE8UZQKWQQYqCuLCO6GYycXhPnVwB7aO4St73IgFEofuaASWdSECz72akwfHsLhv7/H5iVOMJMZJFctkkQWJZhqHQGUCWTzOHjLThSGaWAZFTozsqhZZU5mPyJgz5jjIvUJ9N+9x6gILEfNNgeOT6Np6yr0Xb9FQWU2KyD/zBJuHgyHceS2+zHNgEsATYX86ByuGXDIteMwpfMItSQkJxZtrXcPrwtmIvGzLGDBlWVZetaVUnmBcDLDkwr2+cksipMpm4wZ3JmtMYgyIIqqMUvWVos+pB5kXRTx7majQaSyyI6klBmeq7RXefvPFuh8BscAVCwj1N2sHlzrul6Eebx0ziS13MqW/Uo5SACY3Hcaww/sR2o/LUQCVfCOf8R0v1ygJtqSwKD2RnHhWCrm9XDctP+5zlHxsizELo/Lkuno40fFcyzJm44LFpc5+rGcyArduW59F/7gEztw/RVLzmtiXfjwz+cIFEafQu7wV1E4+QOUM4NS/Qg29CHS9XJEFl+PUPMsAc/SgRoAVO0k4rI5D4fX42q0cSvJmUKIlenYp6ukMC5r8n5yLkusOBr4IOmDn2WJ9lpwcq8S11XeVAbGAOhsfrysmJvwzKbGyODKbCqUBcsg5VbufmY9Qb40VDlhYLLPsEeW2f3nSD/9xwjVr0By258h1LoByA6dWUkLxqpcNmlPms+ezpxZm/qXJv5g3n7OtNItMBkQg/Eu5IceRvqx30R58gTC3Vea5Be1MUsMVK43qX4gM0HqebqxNTSMC3yWNFiRVNHNjufEtE193l0jHcp1VlZJm3eg++U/uxd//uf3A8tb3CqZfY5p2egQmHHyW4+j/3uP2+TGbTyF9msuwqLXbFD2UrsRgTex/zSO3XqvlbM4MY1No3nbSnS//uIqoq7mS7wgivOe+NajmCB4hYFu5mTIwU3n0HXdJrRvX20oz9l6eH6/7LmKMF7G0X+4HymCFqjkwvM5I4uqPXs2jEqCrdsET+dduwEM5nxIZTPD9F4cQisdKDtjb4rIUv3pzBrd3D/refoAx4k/nUWwuR6N67qRXNqhbDJ9eBjp06MoMvMRwmqu+t48JiqpjRDlSM5KSeanLVuWo2PjYpUiM1w0MDj5FS51KamrGQ5h6uiQoUHp78fx5rjU0gX8abEEKS5cAeEuijqvRPP6xYg0xEyyi787B9CEgZXalLzeiT0nMfCjp5E9MmQBjj1Mv6nnmpdXXKKnAb/6vovx+fdfgvALGaN5DOPCR176Ecj370R2//9GYfBhBNTHCSBUtwiR7tciuvTNQmxWtlnX9R5B6YOOQfgr9jaVp972Yo+om4hZktTEbyLH9jt7casLT/bu3MJdv/KTki97+oBpnm0KUjICcFmSBKE9fN8Eoe0YTm+T0ldMY8jL83w2nT8DgacuuCAsBGTRjFZHn5EiTTixCPH1v0qCMkCtSc1JTpVE2ZaVEHVOzqjV9Ci9DZG/Hidw7cA5EphnEIu3IXPgK8g9/YcKhvH1n0Bs1QdRzhJAktP9CpTZx2SZlAPIkikXHTSf5TFcOZKXzH5gkYGV1+p8/Bwa1IKeCW+TZ6hArARXHn/nzugm6Dn3nq/hyP4RoK1G17JQwpJ3XYHWzUtw+Nb7Mfbgfgt07Olk8+h7y1Y0b1wixf9KWY+n3ZgQ0XngO49XA9Z0Fj1v3ormzUtQcCom1YfTiN588I7d9gBSBwbse1o11LxYohWU0feWbbJl4Wr/nJsoCwnx9U5+90lMPnzQ6R1yMq2CsOzmu39zwvbAi0pJzq1keM85ybqemQKch/n658Hv52wnJ6FiI2CHW+vQtHEJEr1tyI1OYurZfnH7KgAVZtCzbrUHnOMjPsDRySEUQHxxO5rXL5EuZakxgZWkm+ULeHIki0SI0kMhsFfKkiyD7PADBzG5+4Q5QTAAzUZ3cM8Dnwtm7TQ+JciEWTGJ7zK69eM722m68jABLkRipk8YzWLymZPWL6CyiQe48E9WXU5NKPC96XUX4Pc/fCnW0UZqYfu/dwSKKWSPfRf5I7ejNPokSqW0ZXjJPkR6XoHI0rcg3LDSRSqFKzcWZ76UFfPVmsnHcjpupvvoQR5myVMzBalP5cjj6iv4cp71zlS6dH00C4jmzq0gKU4aF85usSdqgsuUfErp6A7mSG59MJ2DyqUWCI3EHrX+n/u7ciCnmmICzUUESgGUwwmVTq2P5QxK6TPn5c+CdBywkqL586lcZ3Y/QpXynPljs9OpZKi6OMssyZ1jQJIp6ok7UY4kkdzyR4h0vxwlqq+o58jFAq+XY0u+YthKpOpJOoqHJl/XlxSNwxYHAuq4BNotL9z9sbKlgpxAMvMIdN/4yWG86SPfANqY7bhJdTKNhouXo+8XLtb1H/r7e5E+OGC6k9kCgsmoHLtjHQ3q21QCEmkFiRhOfusRjD14wIArmQIC0ZDkt+Lt9bMKJLPcyfLc0VvvR5Y9Mw8OqX116RadiGLpjZcj2e0dyeeR5ZTKCNXH9LCNPnFEZOwCkY6cWNn/mgGKmXO28Id6ThY5n6aY74cHjESdLSDckhSqMbmkTYLU43tPIXN4wCZyz/+bc51yjmPyXD1PLRxEYkk7mjYuRuPaXkSbWRLNIZvKIanKbRDjCCFKyghFZ44NY/SRw5jaewpFZs3MpGbSBbh/WZHnFIyifW1oZoBb041YK+9xVkHuXFkoV4AsU7I/SyI/3QXGHjtsjhXs7bIi4PtwPKYEmLPYsGMJvvBLl+KGq5b93zu5L1zZc0agnBtF7ti/IH/8dpQm9sk4lJOuCMh9r1NJk/5k1c1Pmv7ldaRx75+q17I6sdpE5kjUkvqyidRvKpepZFl9/6xHVxWENo4aqzzOwsf1AhUwuMmzjgHIhUBWWhhsfBmvYv3DHjR79a635yTJzK7HwGvajzQoPeHa9wS5M6K+SbkpiTxuQZJlRLcQCHPuyyKgY/CcGcyselRxEFAA9ALXVGaxCpkJQoflkp47cAuye/8HSoUcwo2rEb/sP4ssjvxEtdcmwjt7kM4SSAGX7zbpW+ZIzsxPSi+O6qECJkE/WiuwnGvjWalM+4Rivj26D//JTvz1Xz9iupbcWCorl7H8/VejYUWXiMxUKimSe5aMqPwV62vD0hu3a+VfC8FnqYv/PnrbA8gccxJcExnElraqP4dSYFaHb2pU5ibTOPoP9yHPvh6D0MyAQgBMIoolb92GRFdTRcZrXvMB02yHGCRIhJPp6COHUCToo1Z7UXI/7iG1Z6UGiuuP5LK7msd/bthgzdlSZg6GAAAgAElEQVSxdJcrItRah2ZmPF1NyI5OK4PLHR+2F4MBZS6x43nGUwtwGemEUhCZljYU0GbGJFcBWinxEpkpxqOiXATSWUwdHsb4k0cwuX8AZR/gZhq4KsAVzX2bxrjLO9Fy8RI0XdiLSAMtl7Lzc2IXTyiEaJP17UaePCo1lQIXOQysUsRxkwdfgHQB6J9EpLMOv/3+LfjM+y9BYs5Md15PxMKH/g2PQLkwifzRbyB37Fsojj4DkI8ViiPctArhxdcj2nsdAonO6hvqkIS+/FXNHuylUt9Mk7FpWVp10gOsXDmRZUeLVK74wwyFPTJ+2NvlOAK2EhKvE0lPNwOpUORYAYogC5XinLh0peTpJLYYRJiFKSOjv5tx7SzrZJDheTBTy1qwCtaBPL1AmahKXZGdq/6PYBULZJaiMtg7sWR91oSryyVmWt601WVtIoV7lRT7vulbUgmFZtxRTN/7YXHngsEoosvfithFvwJQyFnZqEOf8jRULnVglApR36pjAr84uoJlv27e9T06XQNP0xm7VnqpvEfzQF2mc0VsfN/Xsf+ZAad2UpYjd3JVl2xtGMgyA+M4/Hc7DURAGPxkFvUX9qD3hku1qq+om1D2KxlBbpTmpfdZiZI9sskMmrauQO8bLpaT+GxJZihh9jpHbr3XymT83szNlRSX3GQo0FqC+rzeWZcdMXvgfye/8ziGfvCUA764cqRAKVmTDfMPiq8csmwXC6tvNZMaMevx/YqD48a+VUcDGld3Gzx/bFq8xDz92DiRSwXmBcp8OSktlvoaVnWiaeNSNKzqQihOQWSCQPjglQUGIiqWfyf6dWLfKUzsOo70iRFDYcaiThWnpt/gaQKOZ1e3pltlaxK9w/XsweUswFWQa3PcEaFXSTTn8YHJA/3iw6VpHMveqQxl/QvJFV4ZGJpWufzGG9bhCx/ZirV9FDNY2BZGAChnR0VJyB3/Jorjuw3lGG5AqGElIt3XINr3egR8hudLZSol1pB0/ATrA4BH9Vnzyvmx8Wm1Mlslgija+AzPI1rczzTX2HfV2xOMX6tLm1aURTmghRRNqmCPilms5Le4WYA1I1TrpxkoxEAeKi966xx9wWlPap3o+mwEmnhLHglBV4EeMkB1ZVkL3KzEmPSXoXSsbGkBsTpHBRIdKOXGkLr3P4gPF6C25cX/ERG6pGcHLZi6SdTjxpg9WqbmSqQM/CrFOl1Q164yxwaOi+PvaQcM/J7WYdZEvD9UVDln6fJ7Dx7H6z55hyEpCRXnNp5G56s3oOOqtSgVi+qZHKHtDa+WWpCTGdSv7UHfm7bYI1PpZ0F+cNNHR3D0qw+gzMyQk9dUFm1XrcGiV11kIs7PKf0ZaEQB8tZ7UeRnaoEH/o3mIExn0fVGKqusRN6pmzyfF57Cwf0/fBrDP9ptqi18QCYzaN62Co3UwxwcRzFFI8KSyq6ReBT5VBapk6Pi58nrbib9wZ4xhzykMDRr3QHEFjVLOYYZVHYsjdSxYRRHnNXObFzB87kgjqXLFAONCTRcsAjN6/vQsKLTKvqC8RvRm1kz/yOsP316HBPPnBAvrUDbH97binnrjADHLJf3JBpGw7oetGxYguTydu2rIrhcufa5Apz9nHqeHBMS5lmmnHjqqFEmaku1vhE/nhHv8eIdi/G7N2/BG65cej4js/DZf0cjQPWN3LHb1cMrTh0FSdXsA7GHF+p+JWLLbpRzgM27zLCq3DhLplwQM6y144c58IN6S7Utkmpz3yZkh4wUsMJRXjTJFZw1kMuSrFYJEHUoIInTw1Qt0RHWfUOqEiKcmavMYLn4Dwr+LxBKBbYvaIzTpHagFp1XTZBwZVhB+pWperUVZnIueDDAuWRAKi66atcgU4BzprIaw5K87goD9yH9yG+AGXawfiWSl/+VKaAQJavrc8atzOCYfapnF3EZHBVRrHLjdTbNyUBIHY2ArsAZ51ZI7nJPMOoBS6kkoZ8z0H32Lx/AH//F/YDnHDFoBYNY9q7LkewhApOr7tM4Ru1JuXqHhLisW9mJxTddrhtXK3rMAMIM4fg/PWQTvhTjc0Jodl29tmKnc8Y76DPBsRQOf/leFH0mOPNF5cWRwL51FZbcsEXZyLwyqxn74SqBiMrTd+7CyN17zTqI2/AkWq5cq0y2nKf4NLMsIH1qHONPH8fU/n5k+sesx+hhtn7fPnvj+PG/WASJnhbEWuqUlJQZJA8PGZ+O2VvFeuh5zEa1/bFCCaFFzWi6YBGaNi1BYlGTGsyiI7jyYDgeURZKovr0kWHx4Cg3pkDsypfPKZf6DK4S4HrRsnkZ6pa3S5+TmbkoJfMpp8quKiJfOvXhHngWo48cMaK5R1N65CqHg3SB4RQaLmjD59+9Gb980yaEa+eZ5zFkC1/59zECxamDyB34CvKn7pSpKXtOfLRINo4t+UXEltxg6EOfVVXKkHyQq/B2m9S9PQ55ZAwsXsDCgBJer9YyMEcOdyAKB2Ws2ProeH4dLHCJ97pz3Df9MuKg/G4y8ftyWaQBZay0qX4fA4cPJhW6gfUHvVKLgohbOLKvxmswThz3w4yJGZwH0zBIO8qDd2nwUmlyUXAIVJ5rKCqtzszTfyJ9S4pKRxa/AYnNX0C5MOVEpx2QRedjlRzLCK2kqeKPXxDonKpOCmXSHlw5WBmnUkpDfdqcz9ZHXDZPtDs6Z6C78oO34577jlqgcxlTbHGrgCOcsElWnjo8hCNf3lkNdNk8QnUJBUM6gVdQdVyxNyYxtusoTn79Iet9cUKfyKD58gvQe90mI2HPnLRomNoQw+S+fhz76gPuOHMgDTN5hBoScv6OdTRqQj/vjYEuHsXAj3dj+O49VQNTWtA0JbHi5pdLamry2VNIHejH+L5+FAbG7bx8D23mQeW+bhlLpCWJYCKCSDKG3NCUepxCWDJLfb59JZ/78zgsH0ZCiPW1onnDYvXfoi31kmGTXZHMR8OiazCwUo1l8tl+TO45hfzIpCGtmJnT62+m7U9tgAsG0HBRH5ovXoqGC7olZyYpMCeIfc5xl7tAWCo55BxShWb4/gMm+MzStOPn2dKNThh5k+6qi+AjN27Eb9x8CZZQpWdhWxiB8xyB4tjTyB79ZxRP/QilzBDKBfbwIgg3b5R/WXjxda5f5oAOMwAmXpHEZzGe92aq/b6cV6P479U8NCETQV6s6mBKk9JpZqq3VAMyUcLEuY5lQeH7KwAuEytmVShh72nRe2gSqm9ITtvM986dlf1I+zFjVSE23cLcvud7dz7wOJJ7JGYxQBmq7VsAEX5H/HL3bcWcmESZqb6S2f3fEKpbisSOP5MFTyk74gIxg6k7S5VGydPLWxk3QB1PJyztLsMXav2YU0vUFuuUPCMQhhdEFGZJyiqlQlrHyZ/47tkD3dGBaVz4jtuQmsoZyITbVAatl69Gz+s2IzeRFoBhYt9pHP/aA5bNeaDEdBZ9b92mSTBH8IhbdUSbkhh+7BBOffNRC3Sc2CcySKzukpoJieRnOBa4SY6T4Yk7nsCYtCnZsJ1j43GGp9B+7QZ0XbNu9gzxXC8FlVvq4nItGP7B09Xj8UnJFzSps2Q7/Wy/oQoZ3MTHqyF7+wyOpc1gUMjBAINbfRLBUEDZk0A1XCER2flCbHb48DH7YhCrj6FueSca1/WiYWWn/NoU4PJsdIfUf+MDyXsyuf80Jg8MInViWOVj3T9mkz7Y1paQRUNwWpfhIJLLOtCyZYWCKHmEDFRzmp7OGG9TiDddSt7rsd3HMfLwQWQODNrzQ+Su3kIHfWPwJpoyFMBrXrESn/vAJbhq44I25bke44Xfn3sEiqNPIHf4a8if+gFK5JCFElIICTWvRnTx9Yh0v0qCw9rYu2JAot6i67H5PovHFajf5pVQvAGrUJIOuELOmC8Tesi+siHumoty18MT+dmjMBlYfFnQ2+S4TK/IFglJ0twBS54m9i6kaIiKRAwcrDB5jUjH71OsM2NVK1P6Hp3J7YmeIDK4CUObsDIDtDebdWLNFR86O4YFUSv1kpReGnkKuUO3ItS+HZHFrxdQRnxdZWG+Z28BVVJpDkRixVanD+p1NzW2DlmpAMuxYJnWyroQ0jOkUiWlzdJP/ymC5SJK1As9G73ga3cdwlt/5bs28WjFQLJ0Ab10/16/WNkXS5HThwdx5Mv3Q/UjX3KbzqD+gh70vmmLqYUoo6E1TxIjTxzFyX9+qKoKkikg1BjHivdehUh97LkedFRSyRfNg46Z02wedFpelJUZcRLuuW6zAA3ecPXcj7z7hKsfxNobREg+csvdlml5g1kOOhGLvmdFVZOZ9ANVKizABSKc0BOiL0gZZXjKHAhIHPeSY7P0JM96vj6gUj2Gsl98vNsaBPxgb7R+WTtCkbAjYHsOItG8KZUmpw4PYvpgP4rsvfngJr+nWY7qj8VASJpAbyvatq9C8/pehONR5KhJyns7n9KhQ6vyHvO5nDw4gOGHDmJ67wl7tiQGXiPbxc+PZUQ/2bx5EX71A1vwrlc6LtS8b+jCBxdG4NwjUOi/G9mDX0Fh4H4hGGnYKQhHw0pEl71Zk7RB9hlzOLk6Tzhx1AgkceAPTUOeQO5Fnn1R0tvm0AnA/cxlRJWFnTOFtezNv1QGSrE+G7l7zBQtu6sEXWesagAP5xcnrUqqQ1kwNMd0l40JW+cDhKMcOKCY4UusnChlkZrhs54j3b4dp1AB1iEj1UuzSOdNaaW7SZcB/oz6k96oVefvkKfetVylVlvkVnty5EYTUGM9QSFE6fNX4jENsKKSrUqs5tIQiLYg89R/keVPqL5HhPOzBrqP/8k9+Mu/eQggik1ow7wm7GXvvEJkX8pPEQ1J4d3Df7sTBQYAZTYEQFDiqoSl73sZ6vratOLnxlU8S5cnvvFYtQTJfU9m0HXdxWjfvtKyAx88KADdlMD47hOWNTILnM2Dzq0kMJpC07aVohgQvFI+myCwnlr/fyRDB0RPCEVCKBaKGN91HCfveMxu83x830SuNEkwSVTRoSFfQpn9sELRZG2csPO5X70Zn6gFsXBsGeCiYfHfSO4mQT7R2aKXQNkbte24NpnOqjQ5vecUJg8PWnbNzI/3iWNZeZlmOZ7PFCnP1t2CtstXiYpARKZQlCoLz6RSzHJlLsBJSSUaRvrkiDzp6E0noMwZsl3uRpJ7OTSNthWt+LWbt+Azb99Qscc877Fb+MLCCMxzBPLHvoXsodtQHHnMsg4p8xcQat6A6Mp3I9LzKgt2fPK9zqKf7AnBd9UKA2142oFREixZc8onLihY/8uV5j2KU8hjLqBZ2nPnwMmekP2aMqTvp1FBxO/eSpTWEyQRXP04FwAUgBSUSR2o5fXxO442YZHcoUFtLrcAa4AZ7Vvi1E4ZhbQGl2kJ0eoFqivqKJxXrZSq6pXvtTMRULnUIUXVX/TnzpPg/k3D05dgrQfJrNXKw9aX85QO+5QKttEmFE78C1K7/lBlTVI25gx03MeOj30TD+w8CnQ4E9WJNOpWd8mJm0GMYANZ5xTLOHzrvcieHLW+Ci8oV0TnK9aZcwEBC7oDVCFJYvLQAI7der+lzURyunJjZEk7VrznSg1ArTZmpKUOp779GEbu2Qs0JX214LmPLvfDSbxYRO8Nl6F1ywpkSfyeDRDhymLkzlVsckolpPvHMfXsaYzvOYncwISREGdDT844Om9XUg4DBH6SQ2JNX0L2K/IJ89jPcy5KixjaIVFOjM3iAEId9WhYsQgNqztRv7xTVAiOJe8DLTty4xlRPojenD4wIISoeGbMIBngzgV04TiyFJrJIdRSh5ZLl4sqEG9vQDFb0ALHFm7nSOPcuLPfSYBKdnBSJUoRvik15oOtX6R4d4HhNNCewM1vXIvfu/lS9LQ7H7l5TlYLH1sYgfMeAe8kINBlWuhMURLGnjYSNJ/lcAShju2I0SmhY4c7RMm5d/MjBuLwhGahJ4UI5MRM0IsLYEVHSdBOmU2Rn+anSO8UYJmZdb08sdzJWwni74SUXWCqRF/PN2NWGSJ60bIghQCn1GIZnmllmmmrBRbbhyE+fRuGx7Y47E/QOz1UFVOMZmDzgaTKHJDFMi6XuClgGfBHGZsSw0rXzVCmPF/x/vI1dAjrWZokG3uJbj51+zEB50rLUC4RiNSLC5h+7HeR7/8RgtG2uQPdodNT2Pzer2GCiu/NzvdtIo3Wl61F97UbkCfgQY1A81OTBuXjR5wTAQNdAd1v3IL2rSuEpLNBLKv3RRI0S4Ky0KHKPDUiA0Dn1eskD0Xaga95MxCVyiUc+ft7kSWPi6v/s23cUSorv7m+G7ejrqdFfTpavXh0USASEvSdI0TuX3ZkSr5ppAakDg+jOO4shZjxKGDNcUAfQIm8j4UQjYaQz5eQcor8+lZtaWK+b19t9sbgxoclHkGyt9W0Lpd1INHVrODBsiFpDXQ6Tx8fEdctdXxUnnbKqjkeDCgMcgIjnaNO6sAsweY6ybG1bFqKeE+zSsDMDs8rwBHwkojKsoeWTBOPH0V+aNLGVI4LrhrBwEsbIAJNGmJ47VXL8Pmbt2D7hR3zHbGFzy2MwPMfAQ8E8TqVTqGEkPjc4a8je/QbKE8cUOBQlhdOINKxFZHFb0K483J3XGYsZgpsgcFRD1wZziS0/Cn6Xr6hA11TrBps9Flf2vORwsdVT3PwlTyvdEK5LvOrUwBRoijRx8r8pWywQmrnAt5XtDgVOuSjy8oMNW79wECAtALzzTNgC//OAJ81cWn126hqwoDk5xjndkCkKDMxlWR5btXiprI1BkP2EDXJsQdorgd+brBM0C0GOCYitlNtid8xGoGVWpn9USWFQvlxGbJmd/0nZPbfcnZ6wZ0PncC1v3S7EG4CKHAQ03l0/+IWtF68FPmJqo4ky5Gjjx/BSQJMOKkyC5rOIlQXw/KbX454VyNyw5Nq0YYoIVYGjn3tQaSePW0ZWianCXH1h1+pvlpuPF3RxiTMP31qDIe/cq9JSnHC5saSF8uJteLBlecoIIpDuK0ePW/cgqZ1veqLlYolaWbmp7LIDkxg+siQ+oup/jFxA3WXiDTkRDxXebTmdQpT9YX3W5Bbl3lVglv1GZ49pZzjveS+KATN6yM/b1EzGi/sRdNFvahf3F4hX2cGJpAeGEfm+KiI5fx3kdfA+8Tz5zh5q59z9QB9qZn2RHVxITVbLlmKZF+ruXozg/MyW+eaTuQsEEGoPo7CdFo0gZGHDiDfPw6QjiGenBsbBjhm4APTyjI3XdKN3/nIVlx/+YK7wLmGeeH3P8URcETxilAy86iKaDHj1yhyB7+M/LHbUUoNWMBjdhGMIbzoZYitfDtCzVUvPMqOKaiwdOgnfudqbqU/pY1GLRDIyxuwWtmwAurw6EYfIF05s/qZKpBEPTzKYxGBKEdyBgIGEgeCUXblrXaq4A+pprAUqHPyL6YLpjRwZfbHnqRe2WrfUFkmy6m186S3AfKlUSclVi2omXG2rQHMAYGu8cx8K4FLxqqma2yZX3WBIIUZH1RdaVQqLOIPWlwolzMIxDpRHNuN6fs+CmQGEW7dPHdG99e3P4MPf+5OK1v6CSkSwrK379AESAscd/UIJQh8KOLAl+5CkdkbNQg5MU5S2qsdNEElahLMrLhCaKwTdH/ou08ArUwzHRl7xyr0vn6TVDoEcGBPj+CVRw7j1O00aDW3ABmAdjSaQamC3yyGnvwyM5BISDYzzBQp3MzANsXAcJrlPMuW1KticPDct3MFBveOeeS9kiT/MM5WJj3XO8ngRkg+y5PRIKJdzWhc3iHyNX3vSAOgh136xBhShwcV+EnozpNULroAbDHCLFUedtVF5pyH9lkjTVNZWq6Po/GiXrReugJ1S+nOW1AfTn3Fc1Qo/cvMMjYFsvOpHMZ2HVGQkwEqN4pw+wETsKkEjJDwncXajV341Pu34OY3rEVkPsc613gu/H5hBM5rBFwwUDvDvfz6EZGL5G5ZWa80fQzZg/+AwonvoZxhwKMBNT8fRGTRVQKthNq3Vo/MHl5FiNlKfj7QWRmxiHKJwA5PBtdU7XApBKw44AjBF64SY+B1Zjk+A7Psp5pF+iDqCOMefBJOoFzMOpdyx41zupHmM8fAVdXoVEVNcl8Wjqx0SQQnj0eACoOmE6wnGlVjZLZBBhwxUWorm/qSIy+D1zvDiswHfS4MVLE1CUIhMN09MDcDl1CQhqD7QvWTacsCBbwxZGggXIf0k7+L7IFbEYy2IHbBB+cOdJ/98/vwx3/xANBn5Emp6LfXY9mNO1R+rCWB88RDhONTSeRfnzY3acLluY2mEFvWge43XIxFqzqQI2+L5rBHhyUbpo1ZICfsfAFdr78YHZevlnwX+XecOE/f+RRGyGcjrYB+bKEglt64DePPnMLoT/YALVVjvjOeb/Xs8spEA81Joy2QKsHBZMbjnb7PVc6b66V5PkGtdl9cDNDDKRwEUZ40qI13NenvoWRMEmkZllNPjiB7aly9TgJb9BQwO5p5DWe9Dl8icYGQZU0uBOpiqF+1CK2XLUf90nbFei4INFbn6sEJNEWN0BBovUTj1/HdJzH62GFkDg/aS8IMrmKA6vp6VDSZzGLJylZ8+O0b8aEb1qFdi5iFbWEEXuoRsCBnr44nT/t/O2Sl+kvO643z8PizyB3+R+RO/RjIjQhVKBWOcB3CnTsQWfKLCHdsswtRz+lMkWdbOHrZL3sfxcMT8MT6b4bKdP0ogUpcluZEj/0+BFhRoHBCyxX3BP7I+HlWGuV+ybsz1wOjHPAVZx/PLWaLbCE5exsdwPnzkZpAA1T23gjVd1N7BWOp83cZmLIqF9zUfzRrHR1b5UaWGElo9+4Ojh9IFKcWBs7qR5QHHsiBXsTQ8MAdZz8kkWnWCV2p0yEui6NPY/rBT0pmLFi/ConL/mjuQPfmz30fX799T1URZTKF5MouLH7bdi1iasEiHKdQPKzJ8eDf3o0cLWTo6+ZtdFiKbIij9ZJlUsdP9LWIZnD4tgcwRuURZoBcPbB0Fg6g69Xr0b5ttal350s4cut9mNpzwgLdZBaxxW0ye+W9OPSln2Bqz8nn9u58VubQtlIj4bh5c9OX+n2aeTwumBggmhKItdUjWh/XSic3bWVVIkal6Skn8UA1qImSMGNFNJ9r8RkcAyXHORmVHmjr1pVoWNmlfRI1O18unPqzPsBlchKeHn70kDlYMAtkgPOcSteoxmROfLim3kZ85Mb1+PBb1mN55wLhez63b+EzL9YIMIAYEtI85rwQhXMx8P02P4HLGNS24uhuZA+RkvBjoECgWBDl/LRQfuGeVyK69AaE2y+rnjhJ6Xp3CUaxXpeVS5nZMRtxZTsFIYP1mwWPk9cyRIyz/NFLZb5tRFKKc2fcNqExdR2eZG7O5ib2zMDuPqsDuHDlvfQI+tD3JWmlEq5KqSJxc6gI1a/qe0qdhMHSZYQCrwjub5mfzwzNQcHTqS2AcbPASyR9yZwmSAVgUJXmpW1WVXU+eo7bZ9kih5xBm4E6p8VIINaOzP6/Q+bp/6IAGFn5biTXf2b2QFcolXHVR7+J+6iI0kE+iRmpNl+2At2v32zivLNkD+SLUYT36N/eZRkH+VK+t8MyoTKIOOpWdQjkQNkpgljEdVPvjWg/m4gbNi9F16vWqyd18Et3IXdyzDLFVBbJFV1CARYmpjF9cgzTB+kuPA8U4Iv1rjyf/bpelnz2cnkUqPbP7JMPrKoADG41UmB6IRwk+FzHq800fVDk+PO+1cfQuKoLzVtXon5Zp5G9pzMuQ58fVSAQCYvvSGcHKqqMPHIQqX2n7ZmomK76ci7BQTRAndLi55euX4Nfv3kLVnpJuXNdy8LvF0bgxRwBD3xwgcy/Lpa1WEirisxXwSOcYP1WHH0SuUO3IT94L5Af1/dK+ZQscCK9r0Fk2VsRad3sPk4vS+IbLEBYjc730dzxfM+/Wux052JQe5UMnfCypmGiFIVYzJiNTdiBBx2y3K7BlREVsBhYmKERXFajFamA6kAsoOI/0Yxen5OBhEhOinUwmDFAehFrnpN3cmCAdggRLyWms3cUAyI1/Hm5bNMySud8rkzOlWr9PajIjTEjNKSoBVC3MFCmR0nGeo156sFPI3/yBwKhJLf9CcKtl84e6PrHMtj2S7fjyIERoJkXRscCcwwnZWAuQ1MlHk11GLx3H/q//ZgFL67saw1SxQGzFDbUnEQpGECZvalKw9VRBFI5BJuTkvFiL67Ez3h4Pi+S8HenGane1PMpP77Q0uMLfQF5ziwRcpNiiVcDcS/ZeV3TjIvheHLX5NvliwjWxSXo3LJlGRK9raKF0HOOwcrL/8x5OW5pFYyYq0AhU8DUwUGMPnTANDF5DURRekUVnzmTCzeSFmr3hquX49Pv2oQr1zvh3Bc6dgvfXxiBn8oIVBePpmhi757x4SzDsyDhNyuf2avKUhY1F20rDD0s4ejCwD0o5yYt0ylOicAcXfRyRJe9BaGWjfZhqqAQ6MHZVWtYj5N3ZqL6naMj+PIjMyTlOQwWtQhKD7m3/pjOp+hEKSrX40nmDhUppKlHh7oMTdY4vpfoemSGsrPsisAVHyRLaZtypTlpVjhnkNy9RqayTYJdjHqhMrHsgvgdM1K1fp8PWhwXl8UykHl6gzJby4Ip8aVeILM/3StefxbBRA8KI48j/dBnUMoMINyxHYlL/1iLgFl5dHuOTeCKj30TI/1TBgDhSU1l0PULRhcwPcpZUAPs10QjCDcl0P+DXRj84dN2U6l4UVtu49+5amGg8hN87UPrkhf53jEwUmLLoys17l5OZw69y3O+AC4o1ObGs31nZuBxYqG66zx3edM5R3HRFXzx2u/4nCdS/YC/Zr1nfnzcisk7ls9nd1rtmcM7UaqhpgQaLuxB86YlEuFmU5k8OCs9nyODcw158uDkRJDLC8wz+tAhTDHAMRPnvfFIWDWnYRkcJbuaE7j28qQ/A4YAACAASURBVCX41E0b8LrLas0u53MhC59ZGIGXYgR8lmYBoEL4dvHAgp1t1YBXowCi7IRzvMl4KeAN3I/MgVtEOteEzvJaflKSWMzw6MkWalzjduqUP1TCIwmagcZnP95A1amhiBzt9B/dce3sOF9Y8qCKkA8UvkfmOXCKjWZfI21NR6OomMLqApgtmdJJJalV0OU52WZjQsAIF+cMIs6ex67ePqRSoy9jOmEK9R4dh0/aljbpeR6cgmhF6cRlzOwLuhKlubN7yTNHQNe1E3TYoIwus+uLyB68VZld/MJPI7riRkm7zRro7ntmANd8/A5kCNyoj1jPJZ0z6a+NS4wAPkucc0+DSpJEWY7tPoHT33kChROj1ofjpFg7ob8Uz3HtMTRi54huPojKZYAQYRc4+HMvT8WfxaOIttQJSJIbmkSZwV8gF2pFsvzoEEm66TW6jbVZmld/4Z9e6d8buyajItcT1EOlE5Z353Ri8GOqAGeE+VBzHZo2LdX9SnY2Cu0qFKV6lXPdvMobrc+QwyhJtmwBE/tPY+zBg5g+cNrQoeQ/iiDvxpNjw+eFXLhoBJdv7cGvvu8S3LBgnfNSP+ULxzuvEZgZ6BTSqt5ulWyqWrZ0EapCYq700BgcHKVAa+ET30Vu/1dQmNxvslXMPjJDCMSaEe27HpFV70YoSYkqKz8yyzOCufHUqgAP1y8Utc4riTA78ohGp6JSCUVW1hPdwCblqiILyekkXVNvkr8NsY9GhGeNDZGA7SxVVj2lLe/y3D6HBmVw53mqp+jErM8YL16LswIyOKWr7rleaChq3naueWf6oUYhsASXn2c7h9fiRVS81JoFujLl2jhmkRbkB+9C5ok/QCk7jkCiFYlLvqiSsfqvs2ld/uDRk3j1p75jE308bH8WClj81m1oXNNz9kCnm+aACo1x+asN/fgZWb+URqcNAu/FnD2c392L83o+X8iH/TwvUJUbfE7eFcBKCKHGBGhfUw6HBLTh32mISnRhpDkhCbRwXUJaloXxlHQbsyfHkBmaELy+TMAHAw8fIAayCrS+RsvRoREDzJiStKmJiTZB4WvW4ck9pFJLkaao3h+r9rormS81L7laKiGyqElC2k0X9iHWSouKkhy6qw/yuQeO8mX0/2Nwndo/iOEHDiB1dNDKxczwfanYPaA69gD984K4+vJl+Ni7NuEtVy+bcy107jNY+MTCCLxEI1ApS9qCrVacubKIUx+rej5+8tY75bhqlp1o8rNsyAe8YkrGr4Xj30JpfC9oLyMASX4cwfrFiC5+MyJLfwHBRLf7ujkFqIxqtUHTnZSWJcEr3onABV7B9W3BSfqA92sTOKWmilblrfGU2ephJll01Dkf2H2Z0sAvFtxMxcReZgpCO0UWkbetZaQMsYZrZcAe57SgcfOeCASpkDTOkiSzPCdW7QKcxl7WQCbWLNSoAC1O+kzX6YxfdfnW8grG2lEcesCQluWg/k0yO41fg+Q59r5m9kD33QeP47pP32E9HroWkONVLmPx27ehYVmnxInnu2nSTERlpDn+1HFMH+pHhmLCBJ04QqHqt7485/twvsfEhQAD43yrgbXdZF/m5Mny7zTw5EqGgduvYPjzRBTRpjrE2uoQ725BvK0OkeY6Kb5o0eNI8MEgsxxHTCyWUKSmJNdYgvkHUc6VJJxMcAezXmZQpUweRRLAHfdFC5YweSBBhGTVY4EzTJ4hAsgOTRmR/eCAgpyCJLOlWvkw/l2yYAUjl4dDSCxrR/OGPjmGR5qSpmQyH0dvv8jgAxMNW4kym8fks6cx+sQRpA4NGd+QvVZvAuubyTw+RZfDIVy9sQu/9J5NeNs1qxa4cPN9ORY+97MdAV92PKNk6QWOz+zT+SBY6c3VTEhV/UlX8vMqI4wQFDXm258ZQOH4Hcge+xaKk0fkLGDfKyJQtwzRvtcg0vd6BBPOlcMBS5QFiibg2yKuz6UT8chDQyQqg/NCzbo2BkZzK68EcPHcHLxfGZEt9r1MWcUxXYT4Grdzj370QUenY1mq0RD4V8evoyanP199jsHNWQ+57NJEqXn9DKYuqAtBaWL4PojJjUEOBfwoA6STSOPPHc0vGGlEceQJTD/y/1iAowRYgQjySZToMN6wYvZA9y8PHMdrP3WHTa7M6BjoUMbit2wVFP18Ap3gq7SpSUbVv8uPTyMzPCV+GGWr2O8juIWgiDLdrjlgugEmsiy+nhRgavpxGluW+xyBsPZ18ZkPsyl+xp5Q+49yZYkYwgwsdVFE2hoQbydvrU6gl0hdTEGLJGkd1/WoPGlaf84GEKlk3EGTRAvbnxacavp2snIqSbrLy5Dx3+TJEZ5Pt4TUwQGUmSExqLA06MuM2hVJblSoyVn5sD6GhtVdaL54GeoWt8kyidzDWv+/s84klQpCxMxS0zlM7DklHlz62LArUUbdQqNmpcFjM8CVyrh0Sy8+9u5NeN+rV/1sJ62Foy+MwPmOwJxgr2p2Z6+f052cs4ypcGShT6VH/3e3iuQE7Sx3SulTyB35J+QO/xNK6SEEIglTAinmEG5YgvDiNyK69G0yDLUEMW19LfmzmRyWzSgWiM1ix9CSlkmyB8f5mp8zDcqybHFcP94aXo6j56/NyN8BQfp9X9AmtTJ7bpzDXUAyZRJ+3okqVwIWf8Y+pc3d1k9jGmC0CeME8n++hOlsiCru4I4K4ZwXVL505VMFQycvZkHRlTYVpGlU3YnSxAFM3/NBlKYOIdy+DdHV71OPtHDi+yjlx+coXT58Eq/95LctTiRd6bJYFkk7sbwT0xMZxEKB87NQU1M2gGCYhp9hE4Mmu5+9I8pz5YsoMwshCjAUVEbCEh7luY5/9SHLwLzaPoOYMhmv12acDW1sjzEzYckxFlG2xOAWbUwg1tkgyxyavwZjIX2GUHmW9/gwUA9TPSy/VVL283yDar/n4wOTVkpjxaO6ZkqoTR8dkoL/9PERlMacvqaH5/uypK+IMLiwHMp2dEs9mtb3oXF9H5KLmhCMRY0iIDSrC4jnOGWWGkzMOiyJL2bbo7uOInt0yBYWpIZwfGszaarVjFs2v3lLDz759g14/2tWn+fgLHx8YQR+nkbAoy7PLBlZ0cK/fFYmtPKhyWfVljWrV8MyX1VdRZCVmqzRw+H5+eL0Mfm05Y9/XzJViFKsngv7CYQb1wiwEln8CyKhW8DLOO8184QT6pBZk4KvzVnilCmaOJcAZYycI/05OwK8L/sJMOJ7gVqFu/4gg6iKshXHAgPVMLuMIMBERPqVpp5iVAMjqOt0JDhtLjMkmCNgNkbey07nKmK4+YfbWDo9TJU23fkKYGPgHJU0FSz5eyOMS9ia2WisDaXcCKbvuVlAoMTWP0V8xTu128LJf5H90uw9ukdO4tWfuMNOgBmdymR5LHrzVnSt60VXuYDjqSIyxRLC5wI2zPZMV5qOZmmjAFixr6kCJZhdMeDt/993IX9qzMpnDo7fccUFymYo2Kx6sEp8tNmxtFyWMHQmYHbFP51iPwMZNS/5ef3pV3XPN6jNen2up8pVUoSWPZS2CSi4pU/TzfsUpg8PIz8wYdw5QvOZvSlldy+cL8EyeLFESEuermY0XNSr6453NtqNTOXMlqe233mWecQHONrl5EemFeDGnjmB3PFhOz4Dbe158L7w+Axw5TK2bF+MT95wEd557SqEno8bw8/THLdwLv+OR6AmsFUyNT8cTnHDWcjYROzQiA6oYghM1yfzEPnaACg0hasmud0KuKEASqk+W5iXJg8he+SfUTz5XZQyw+RnGR+ukJZGY2TpmxDufjWCPsNjH067dehGfxnM9jQPem6bp0TYeVjG6V0QTPGkSjK3PlElrAtcEq1YBXl8gU1NFW6FlTyVrXnTVP4+4gAkNeVKZxrre34KqOrp8fPWS1TQEmne0OtV89ravqk7Q4le87h2jfJ3iDaiOLkfpanjCHVtV4tK3nThJErp07MHukf2DuHKj3wDGWZNCaIujQrQ8YZL0HvxEqwIlfDsRB5T+RIiP83JbmawobRYLILj334Mk48cMr1EZnyAxKIb13bLGYFBzBqZdh+8Q7kyRkcBMGSRu0kvxuvtVMt5LizREo3J4FNIMbiNI0XD02dPI8O+GwMHA69oE9592Fc5WZ6kRprpcAYbE6hf3iFR5+TSDoTrYtIBLaSzVpo91/j7uBm2niDPizqfY08ew8TuE8j3Txg9gAFuZhbJ+08eXCyMSy/rxafechFuunYVgs9ncfNijPnCPhdG4IWMQKV0WYkWbm8+gPmdm9hxBQWpbKL2M5zCjRNWnYT8i+ehiwbL97Y5Kv+Jg2eTd2mCsmK3IXfqTpSzowhEmlEuZBS7go3rEF36JkR6Xy1Vfk3uJJ2TJO0mehNCdghGX92q0At8udG7FLhKpwKQD2927spanXuCOTA4KInKlcrFjDfnem3WKHMuCS4OmpqLgWhMr9LxBrUY53k6OyN9z8qoVpLkrszeTGVYnZsDpmgyZCbHLJQIdHfqlfMiALJJWW0pN2VegXJWKIvHOGtG9+zJSVzzodtx/OQE0Jq0ADGRll5l89YVVrqUJfyLv1Eia/jBgzhNUWcGOh50Mo26Nd1Y+rYdlilNZtTPc+H9uRP2i3GaM7JSAlZYCmQZlBZG6ZOjmD42LPufDO2F6AdHB3YJSHs9t5oT4/7kAZdXAIwtakLjmm40rutFrK1BKyD23qQi48EgZ7su9xmWJtkf5TZ1eAgTTx5RH07i28zWRflwY+f7gDxXKpmEQ7jiZcvwiXdswFuuWobQQoB7MZ6khX3+zEZgNqWh2hJmTd/Bebp57teZpzyzV+FI0JrhndSVvm8lQV/2NPkr9jSqOq/5kSeQP/T3KJy6S327QLRBOpoMrKGm1Yguexsiva9DIGQgFxRSTifT896s3WBlU9PYNEFmr6fJl9zoCIoWzt3bmnmORO6yUR+WmR2Vgy5oKVAxKPkg6PzshLIMoVzIIRDkN4nIJBrTVQQrwYJBzFMfWNZkIPPC8UwOqtVeq/xaNm1X5zzpNI42dpY0u2xUMmbu87yuAN0XKGRN3mBV36Zy74Yns7jyI9/Ent2DQKuhATEyjbaXr0XXtRs1kRv09cXfCHOnm8Ghv9uJIvtYnJjZK0pn0XLVhei7brN6TPzPpGdexHNS89dQk0STElCiAJQtCGCTPT0mxCQ94ahVqaDFzK1imeMANZVyqVNG4eeCAYRb6lG/rB31F3TLIYKAGb4f7GHKpcEWVGff9G4FRIlgyZTUgskDpzH59AlM7u9HmRxI0gOYqdc+VVwoTOfNMqchhtddswIfvv5CXHfFkp9u1v4i3p6FXS+MwPxHwM1flcAzs5wxc0+1FAMrW1rGYd977nRYzRLtNTPOm33QV5ZcoNU/6ZTgghfp2Kd+LOHowuB99tpHLcOjHmS4ZT1iK25EuOc1lYBHhKGg+KI7uCxSBqjuOvzlKSbXaGe6DKpMJRX1+Ryq3JVrrU/n+3jmQiADVAf7t4oSe4bOVFXlzJgNi/QtXb9OpUZuLujK6Zxamlb6rExrzrHA3NT9xnPwpHRHedCvCHyxtpVaYDCxagY2v4BQj9BQnbPcojJw9S/fgbt/fAjw7s5TGTRsWIy+67ecnbw8/ydtfp8MBhCpj+PU93dhhE4FyuoCcjpgIGnZsRpdr7xIPDcGRGU8BkE6d1CY7Qxqe2S68wTQBBXc2DPkw83MishTliFJm0idGkX61CjK1KvkAx0KVXtutYHJBxYGav7HEmVDXFY8DHBEtEY7GlVnp+SZZW/zCG7+WSZlIUZR1KDMThnYxp8+gTQBJi5TrAB6fFbIB5XBj67enXW44apl+PCb1uHabQtKJvN7QBc+9W9zBGp7dDOCQc38an2kmn6X+90ZKinqMfnCSG3W5vhoSn6s/FnZfHmuEigZOF3rJWQqK1TzL5y400ArY08hEKpDMNyAcn5MPa1Q22ZEl70V0e5XOU82Ne0r85+VSWtI3hVenT8Pl3F6Cxylgq5ipD49KQa+pGkgGymqGKnKArylj86exzhwhpj0gcqJNvt2paM8aMCoaCK+H8nmfiFvCFQLuDVVOgYvpy/q+6NyMpcHnit/koahbJGBrYgypb+0W4JWZgl0/NV7f/uHuOUrTwDLW5wEWBaR7mYsu3E7QomoCygvzSPO7ISZycFbdqI4OGniztycl1piTQ/atq9E/fJOhJMxQ1AyUEhtxNfTz3zOas+c9AdbnBE8EjLgCn9AlBH3RRfvSQa2MWQHJ5A+MYpMP41OUwbBZ5+NfnZURNF3q7FWx+HzxMBGYAnT9FgYse4WiSvXreo0t/BwSJQGok6NYzGPzQVBBmBRFgIBZAYnrP+27zTydJHgdRDE4wxvtVfPwxtNA2NZoKceN796NT7w1otw+UWd8zjwwkcWRuD/thGofef8C1yZnd1EXC1lmlSYz9RcFlUpTXoieVUnUyTzCoDFT+AOQFIJgIbaVGnQE7IVZ7PIHfkmcgf/HsXpo4bEDMVRzo0pgwl3bkdsxbsR6bqyelOopUnoPVGXVt9z/UH+3WWk+qtx+ei7J0cFmqxq7nMSXFRrIT2i0pN0GZXPCt1+JfhcEYt2Kk7+Mz7z9WhQT7uqXL6dY5W9YQ7r6jtWbgXHxAFQfHZs9jaVYM6s1NCexitUWVQJtBCis9cg//QfduHTv/UDYHGTDRS5XTJe3Y7kkjYzXn0JN/bqxp8+juN0GqfMFidvXgTBJiSwBwOI9bSgYW2POGV0NdfkHzJQiFcnYT3YpN/sYROVoUCfJaM6FNJ5+cBlR6f1Z25kGtmhCeTGUihNpJwsmCO4y+jUPUi1mZvKxK4syeDGIEeKQ2sd6ld1om5VFxKLmkV1IFiGpPISuS72fpx7ExfUJLp4jQzEVGaZYHnywGmUx1I2RiS6syTps0JlwkVgOKMMb9G6DrznFStw0xvXYvPK1nMfd+ETCyPw72kEagBu9nL6F6nyQlVAKdVAZhlQbTvbqqOuZFlToakJp1VU5MysTwAMV04sTEllJX/smyhOHzR1kXAdytkhBbRw1w7Elr8d4c4r7C4xqyEoQ1mXR1l6L1gGAS68yZ0z41X1s6joIlseAlucS40CivW+RC9Q1kRvO5ZGOQ8zx3PWQxJndn1Cfd+cFRBMmNC0PsfxcSbRRcqeedCKyxCls2m0CPnf8Qo0z9pc5kXFPDDGMC3ke2dskaAg7QFEJgY9Z6Db+eRpXPX+r6McC9mEyYl7OouO12xA5xVr5Hj9ErXpLCA50vnAzr3mTJ6MWZ/JNzKpepKhyaEpndDjLdKSlIFptCkh/h4zQw0WqQVciZCkni0gn86qFEmpLRHYHXldQcEv4pgRMXhUHLxd11Qn5/6PwUolSbdiSsYQ62hAorcNDSs7FXxpWsvbSJNSuTZU6vXnmEEc+CUYpSQZ+TIQ4pRIzok9J5A+OW4Zowe7+N152gERlMzgEhFctLoNb37VCrz3DWuxosvZMP17msAWrnVhBOY1Ai4q+UzkjEWo/cPmQEfvqfTqTKrLJnCfyXHqoZyVHbgq5eV36k1FfYmzpqmm06gqlZRyoygc/y5yR7+O4tgeBGItQDCJcn4IwWACobYtiC65HuFFV5v9Dc+zkDpjga+fiVhuZPGgpLyyKKtsyvJh2p2nZXYmw+WjtAUPcwtnJkiyOftiFuTFdauUe5npufKkyqJsLbH6FbXsVTw73+fzaM2AlT7F0TO7ICOdu7HygiKSSrNSqVdTMdqFOSHoVIgAZSl0rowukytgzU234ejBUaDFoR3HUkiu68PSt++QhxoziZdsK5cRjEVkE3PqO49j+Md7rBxHZwSD51TBFTwvXwLkz4XIdJkXAxUDERGQVHxhRijNSfbWHLmSf9aULytZlg96vtYt9ZWSBTcGOWZYyRji3c2oW9yKZG8L4j0tCCfp3sAKhFMt8dqX8xk8l72RaE5qADPO9OkxTO02cEl+eNKCMZGVjiuo3fryJM1OmX0nI7h4w/9p70tj7Tqv6/Yd3/weh8fHmXwkRVmWRMcWTGtK7diSkiiSlUqeElkogrQFivZHgP4oChSogbY/+q9Fg6AoCrROGrW2FVs2bMeWodiN68R2rLp1LNuQTEkcxXl6fNOdi7WHc757SZqUy0eRPOsCxHu8975zz7e+c++6e++1194g/wgtAo/skgk1ZOaNCBCByyPgb/ik/GHO/VG3QjptcKTP4JTySHGGXN6UhCkB5q/vNbNMXh+BoFt9eXnFalrwgD4r7df+uzQPPi+dxSNSGlpn8vrWvJKvRnizaYQHURtaFrxR3MkopCCwCrP+vp702k5ciChDkILICQrMTIgTcQAsyhAZuhOKTjpwRalGd9GvbJMKNCar4NlOojr+J+b7mRm+1fgsCtYvB9nAW5hIA3ekNUM16+0d3ptn9mJOuuH2cjmiw+n8/r/5S/mvf/xDke2rMm9F1LBmn35AP8A7CwiLrybXdo3eTCA7jAEaH5LTP9wvx7/xt9I9dcHIDmnEuMUpBTFFzasvBLWu/uz8HZfsGEmKwfB2+y+QZEj8cf2N1dXgeWTDlIzOTsvI+tXqmQnFI9KRvVbbXF+00f0qBTJ+3hq9jdT1wmrPLWv0dvbHh2Tp0BmRxWWdEtDX4B1vBKwX0dtcQ2TdmDzxgR3y+799hzzxwLbruVvXaNN5GCLwdiGQE52dgdtuaQ2tvxCffs/OR/vE8/HcIKuQ+nsqMynoB4nmQpf4IEtqetHDFj1l+GhaOCzLrz8rrUNfkV5rTgeOan0KkxJKJaltfFjqu/+BVFbdYdEZohyQoZ60TywPv0qNNu3DT8s8SDuqlB8RnMn5vX/BDazdGcUNltPPT+c0648zGaalRn3cTg/TD7SOiJczmzD7G8yZ8xl72ZRy8+3MJjxoj5zZRSoZ6mginK8NcDWlqAVAELZcNqLD6z33rTfk43/wFZG1o3mv1dyirH7gdtn02HukfWHp8qNjVuraBPj1ilQnRmT56Hk58e2fyvyrx6Q3h7QcZqMhb+0y/uxivLwQxa/fPkFUNu9OpzY44Bpdl6WEVKjaiU3JyKbVMrxuQtOT8JnUULvTS9oB/BvH1X4X0OitrKlJ1N7g+oJ+vLmfH5OFV45J66xfnOGkEgSsASums7dtDly7K1vunJGnPrRTnvmN3bL3HdMrtRs8LhG4hRG4lLdtzKwbjOqMAKxnLUgsorcgN+85cxuxaDoPq7G+HjsXuhidhs+vHdeiIhetqJTfHm/P7ZPWwS+pUrPbOKEtCTp/cumolIfWSW3rYzK0/SkpT+wyuuouW4SmSkozS1Y3EXcmsc9GZLtisjc8JyG+jJKLmz6HUlNrb8iKASOzClPy0s8/n0iuxs2ou4E8UXryGqE2mVsDudYMw8MTKchuy6JFJUlXomuQgsgPCk0QmxOfp1dtGKv1CaKW+QuJbrnVkXd+8jnZ/+opkemxLKqDzdbsJ39Vhqcn1GOxr/J6PS57//qEaAey/6XDp+UcPCP3n5ImGqHRehA3kF0oIdMKMcAP02dVHnnUFs8pl6U8MSw1jOsZH5KhNeMWua2f1MkGIDa1KEO0Bluxlvll2sVxlczmF6waQcN3EsKSRkdH/aAf78JP35RltC2g9hZOKn02Yf5FEW0N55d1kvf992yU3/nADnni4V0yO8P62/W4HPkatygCmdJwcH1BdrjfskLmg4m3viv9lPQs7ZY5fOjv7vSvzzaD43ySuRNZeD1Gk3qUZvSVXIafqR2N8kxEYoTXOfczaR54XprHXpRS87w6g+gEg9Z5qYxtlsqGh2Ro+5NSHp91wmuo279FRPDixYl6BkoJQ1fm5AoGRqoRhATigdIRz8ffQenovpYYygpbL28/MDFJxQUpNnxVU4z60Wt/o43kMeZIF9IyEYo+akpQXavanLkTjapKzSBaTaw1krMJ5Aq+ClPUgPoXS0r+1X9+ST71b78tsnON1aMQOZxZkMm9O2Xrk3uls7isH/JvS07MIyA0VoPwGmfmpXHigva0Nc8taNM2BCboe+s1mnohYK6bhbc9KYPMRoa0VwTuIdXxYfXIVCHLqhEdfIoBsiUIWSDy0HYDM35G+0LHhxdeyYWr723i5IZvGjgm0pM4d6g6oZxEenL+9ZPSC5NnCIFiikFWyUa7QtfIbbEl45sm5ckPzMrHH7tdHr936y36qcNlEYHrjEC8VxP5v8YmOtam/1yC0PK2g1BeptZhMVXbxBxmRK/fuC8qAfVFeR4R2RQBIzarguSN6nY60Bl46xWOev5n0nztWWkd/Yb02g0pDa+z1F/zvJSH1kp98yNS3fm0VMa222LQkN7BAGkzUQ6fLRNcetuBi1tsiCrE6/ksu5imYG4oFiVmM+1U9FLJozy4waAmGEpPkBiiNbQI6Oub8tPmQNjntX1rALFVddKCTiPPztX7+TQadZsyneTgEx+uRHTHzizJnU9/Ts7CMQMuKXhdqAVbXdn8sb2y5l1bpYGp0lcZxKzIparM7VERiEPzy13to+s2rDcNEn5tIfBam6YIazD9tB60cs1G6yAM1lE9qsrsSBffEBD5geCiToeLHblvV+6Dc65Idh6F6mQFqEXR27nQkMXDZ2R+3zElufaJC5b2QPoVxBrikiA4YI/0JAiuXJI992ySD79/Vv7+Y7fLzo0TKwItD0oEiolA1OfS1UfRPxek2Aeiu554DS+v0cXfejTkIpT0w/LiepwRh31c2HHT5nSLrexD3wKtsBizqQXRJK5f5j3l2T75PWns/6x0jn/bjJiHZqTXXpJe85SU6mtlaPajUkOEN7bNIjyQXWvZUpiaajSSM0tLTznq67aS1gC0KuD1zVRDRS2q5MQaEGE50SkU0UCH03HSx/OR0gS5lRF8+Iy9jFgsDWoDW0GCqO21pae1Sms103YJHQkYXyB8HJGNFrpyk8C//vQP5V9+dqfeEgAAIABJREFU6psW1YVoY76hU7i3P/Og9oS1IgJ5u98VURWGZBZqS52MgNk9uTjWQlsrtsby0/E8GNdj19Dl2RvcN1G36btzzV6f4LEPApwCLMMgHIHQc6khjeMX5MK+Y7J44JQ2eKuBM5rNY4JBHCCUk+hhnEc/XltGN0/Jo/dukd/79dvkkQe2yVA6p+/txp6vTwRuGQRSIUp8DqSNriFGiQUHCdrw1axvTh/ur9Hl6czwcsTfot83ansu8PCw0dKi+fEjeoM4xHgg3Emy9mCfEI5gaCjrKWsdeUGa+/9MOqf+RqQ6KqXaahWv9BqndTjpEIyjtz0lpWGr6fdUsBIpQNiL9aQMFxV3P7EZcyA+PIagy1sq8FNNOKz9y8ym/fzRI+eemlaSq7uRtKc8tcaHyM+8OCFYsRRoCHJQL1RRgr2mnosZe2haFzoJpCuVYP2YVxKjxBaenW/I/f/wi/LK/z0mshkWVX7S5xdl+LYNMvvMg1KpVaSFRuUrhjZv0zshvoRdy5fXwmyiY/HNVKcVKCYRmVXKOlgWVmELB0/K/L4T0sAEA0xYB7khNYmf2Zc/fwM1uyKLDRH8HKnJ3XdMy8c+uFOe/LUdsgduNbwRASKwgggEsQTHJP/vizIsxupze/DG5n6FWzwvBCp26vlEhCBO+6AyMrQaXj4pIY0kjeB0akLYh2ijtUVMlr7DzW3+IVrR/zaleeRr0tj3p9Kde1VK9Um1FsMcvFJrTspTd8jQ7CekuvVxKVU9DdqB6NCVptq7Fo5T3t8X44zUscSJT/vq0FxujehK5NljHuVpb1wIB722BnIEwWmrA0jRfTlBeCqYwUxOtH+5qEW/IyBFabPpkHbVj2H9bLZoW7G4mogO+Hz1bw7L47/3BZHxusgkUpgu4DizIKPv2CBbP3G/2m+15hZ8bMMKXoM3yKEzQD36Q58fUpO4teaXZOnQWVk8dFrmD56SxjFv6MYOoAkfJBjXtkbJJRPHoOdtvqmbPLFhXD78oV3yzCO75NH30XvyBtl2nkYhEEgV0zo/Jo+q9NeU3NJv0YNpTSMku4UiM+bSpc3hUfsLcUtqHJ2aRvuQ0xhPo/nE/FxilKmShd4fRvKIbmBRaJMS0ECO/rvWgc9L58JBKVdHpVcdF2mfQ01FKlN3Sm3HJ6S2GcbRRniI/lT16H144S4V0wP09XSiQGLCrJ9rbrKshIhIzKeTa4oWDeEQDOK8XGiDOmJG1OFwgpon0qFet1OLMBf7QPiiZiyw+nKxT2nIlJuO/VUTHRb6B3/0ffkPf/g9EbhpoOEaN3w4n1+Q4ds3yqbfeo+MbpyS1nn7BnDV6sOb6Y0TEXilpKIW1PYQtcGAGevG7LmF/Sdl8cgZHWyqkRvy5dkEA8c+zXyg7oaet15PxrdMyvv3bJCnHtopv/bujbKLtbeb6ergud4yCARhJbW6yGAOBndZ9Sf95pqn6rIQI3MLGYzkjAztMGkKE/eZqMX0ARGh4WcMLo3m81B7ez0sS/XZOeUKUFWQZJMSuksnpHn4S9JG0/n8IZH6WovymmdEWotSXnWXVLc/KfVND+m8Nz3J5nnpoRQUU8ZBXqp6tDlzdvPHNWrzWp322sHFxHv3oEBFja5X1V63EK8oGoggtTUBj1VdFeo1Se3pM3LUNKjW+UzRahMTQHwgOkR/nha+2ogurt/H/tkL8uefe1lkF9JnvrE41tySVKfGZOMT9+iQULiAQGyROZbcrG8Ar/lpvc6FKhCtQH0JNefyiTkdZAqlJ4QlZvRsE8G1iT1N5cbv+HKAaQKLbXvumlG598518hv3bVFxyXt3s+/tZr1ceN63AgKDEVry5dQ4KT7L7af+f/DOMIgIt+J0ekGIUyIWuOQBneQSU/qQemrNLmpW1uCdD331TJs/nrUjqBrRe9l6TkI6C8+itc78a9I68GfS2P8l6aJmN7pJp3PL8hmNoiprfkXq256U6saHLKWJqAvpzsqIdWapYAWfi01vMvf1orajUFjUqWSGNCrIKfrjPBLUyNCFKjp5AOvUFgMoNBH5wcUKwhN4E2P8DwjNXVQyf01XxKpLik8qV7XqVYhR0kv3/EJLHvknX5YffPM1ERgBR18X1jG3rHZba+7bLdMP3i5Dq0elvQjbq+h+v8HfBEnWAcohVWSifub+llBwog0A43kwUHUJ0wzQt4d0I9YPlSQILgQi2fE8LbkIO66mtQZMDcmdd66XJx7YKn/3A7Oy9451WVvoDY4ST48IFAiBhIT0QzhZ+kDQlz12EfEpFeRpxOwQaWgYd+YKTrsnrdEFuUW2bFAQMyCC0ZpdyPJzlxb9K/WutGZxJTSfF9eZ+7k0Xvkv0j72gnQ7y1Ie2mC9da3z2mBeXf1uqe14WlsT4tZrzuWG0NqgbdPFlVo0YrM6mtYOEWVpbxs8EV3M4rU7s0VzEke0Bi2IR4iZWbP24vnsO0RwyqEoA+H4WE8+ty7ItQRSfKtEhwMfPbcsH/2nX5O//tbrIlsnTS2IKEXdOVpq/lxbv0rW3LdLJu/aLMOrxnQ4qfazqRXWRW0jb+8bB4zvTdvaZY+wvNuTzmJThSQ2nueCLJ2ck+aJOYtUEYlhvS44ycye0y+D2KhGx74AdHpSmhqWe3avkQ/et00e3rtZHtizQSZG6Dn59m4+X50IXA0CadQ1QFCDhJceLkt3+pPCKzMK/O7kkYtZLlXvs/pdFjVmhHsJosuEMfEh65MLssY/O3dzDom0rBGxTi338TztMz+S9hv/Q5onviO95oKlM3VSwmltHyhP3yv1Hb8jtZn7bbWYQtBesHPU3jarp1ne1aM5ba+ImqG1R5iribu8qN2XR3W6Rm2UtuNrbdDsEJUgkQKNLwIok/ksOq3hKVmiVQzm1Nbj/UsRHY5/drElT/+LF+XrX39VZHLIBCp6UP9W4WnL+sykTN29VcZ3b5ChtRPaQ9Zrt31eHJoO/dvO1bqJXM01mX3VyKYhmm8bVDzaKwc7GfTNmWuKWpFimOpiUxvNQWrNc/OqjmycQdO5ExvOEdEaojz8TK93NY4uWY8h2gUW0VciUp0Zk3tuXysPv3eTfOi9W+Xeu2dkHLPreCMCROAmQyAlIf307T//wQyk1tEuFbXlVZ+LD5DW+fCopUAt8WYkoEfMIkufpRk1Ph2ZY5972bDX6MnT0zdhjTqQRD9bRqJmxGzik3BZ+bE09z8nrTf/QnrLZ6U8tklbFuCjKbVRqa57UOpbPyzV6ff5ZJi2Cl2ykpWmEKMtI7FHU7Kyfjs1aFZ3KkRq1vqlNyW6qjWag0izfkXDxSI5BFnz3kSPupx7GCO68346pDx/aaKLDfrH//678h//6Hv2wQ/hRPR+qdqmax/6zbaUVo2pm//E7RtlZPNqGZoeVxcS7WVDIzc819BwqJ3sUXy9zEUy+Pbwa8MaFc04Gd8c4PaP3+GAAjNqczWx2poRW0MHqS6fntefaI9ozcNtBKlWf20co+Zz3eJ1NadsMl4larQAIGqDqKRSlqmZMXn3ezbKI/dslIf2bpF775zpy3jcZO9uni4RIAJXRGAwEgs2iqjJD9AnaElCwfDl7WcxJ9NIXxppqF5AR+H4VHLXSljUZzThcVveWKcBiNuNKdflaU0lF7Xa8tYHJcBwWbEv5Z2zP5bGa5+W9pFvSrfXkfLIJqsNtqHELEt13QNSn31KqlmE15BeD03nVRvFo3C420pEsdokjrqd+WcGkSlEGo0hinMHGO2LM0yt+Rw/3WuzBCJDKhRTyFFqgh2a46+jgH7BmJ4r7mvyhM//5Rvyz//dd2Xfy8fVb1H/hUoIACsZtG1eGk4Q3pGrx2Vk45QMb1wt9ekJqYzVpTZWl/KQjZFH5JU3XmKPfNyFkrmlGlWZA0WjWpP5lFrMkiuVpIsxQo2WtBYs/Yh0Y/PMvE4BaF1YltbcohKdkhrOT5vLUZz1aE2VuR6lxTe36I8BoSFFi5+ot03W5Z3bVsv9e2bk/fdvlQf3bJDb0G/IGxEgAgVHYDAKTODQZutkMHJ/ka9P5JLVrrJUZ/JZrgxlX7xNmBIm0N6ioJFlWXpa03LhvpKiiUTUtszTf2qqrCpGqD29ARwTzf3cWsf/lzT2/TeB20oZ0wdGYCvWky4ivHJZqjP3Sn3nM1Jbd68RJ/remvPmqoJaXwdk25ESGtnVOcU+f9GEXsZnr5p4tDIlpX2uw+QZhOitC2r+gftM0GKz6pD2hEBFP7i9Bhk9er+EGOVyV+2x88vyqf/0A/n08z+TJhz0147YCBlNz/q3mkhrKumh870nAsuu4ZqOo6mOjyjZwTAZA1Mx263sbv4amVUq0gWphdUNJgt0utKGk0mjLW2tA8Lbsimd+WXpLLWk02rnqce4kEL9GJL/WFSa8tbIECSNY3fsfJGOxFLGa7Jxzai8653r5IG71st971ovv/KOaVk/hdl4vBEBIkAErhaBi/Kd/SlRj9Ky1GWkJMNs2efH5elB98N0laOqLo1lXL4fxOu9fK4qzycp+LgcdenyMWYx0w1TwjXSaql/Zgu2YmdeVlVkeWSdRk5dTEqojEht0yNS3/6UVNbe46rMZSnjcY0qoycOBBfWZWUpu6Ckq5PIYyAriG7ISFfv93SnNq3ntUtNfyqJRxsG1hlEB1J8i6rLK23fX//spPzhn/5IPvfia9I9tySCqd4gAJDKpUgPJAjyAqEgOopJAhFRYcN0EKorFzU1Gs7aMIzsWBSmEwsAQkS4EJWA6NEk6b+rXUyygrRAG9+sQJoYpLrQNHLDMYaqMj0zIXfvXCN771ynxLZn97Ts3kR/yStdD3ycCBCBXwaBSHnmtmOWmvTPMDiHOGHo/REdanrQdQ8aUoUIxsI+lehnbQpBghbnWWkvJp27ZSLqefqFv+HZQOgURi1qas9J6+BXpXHgOemef0VKtVU67RzTyXtLJ6U8vEaqGz4odRhHT+42ENqL3g4I0tLUnSv3Efh4pIGWgiBqFZZAhBIWX0PevwelO8gNUSAmvCMSRH0PVosgcbQx1LQPD2rMa050saUvvXpK/vgrr8pnv/FzOXnovKkyQXoTPglbxRu60sQHLfkyo6lPZ+e0VJepljyajigxIrA0Osuy1QPqJK0f9ozQgtgQrWm0KFKeHJbZrZNyx7YpefddM3LPHTPyvjtnZOs6bDBvRIAIEIGVRsDJSj/7EuJKhCnhtGJVq6hh5f16JtfH37u5cQhalNFskrhFezGKB3U/kIJ7G6J+pg4kMFFGScib09XSqy6lGlKa0JAsaw9ec//npTN/QEr1cSlVJ/T+XuuslOuTUtv4kNR2/T2pjNukBLX46i4ms+4qUqpUzS5Mm74RnGCUD4Ifr99BlOLEFdMMrKEeKUwEOnUfpo1GcVd7uo3aihFdXAZvnl6UF186Il//q4Pynf/zphw6MZ8pEuHhKPVyPoYmE7JEg2ZCUIO6lJS7Lvc7TgKEFtFiEBuUkbiN1KQ0XpfN68dl1/SY3DE7JffcPq2R285tU7JhdT7yYqUvax6fCBABItCPgEdcYn1jJs3Pe82MyIx87GZOKv2+m167M0tmmwCQqSAThaenEK0E6CbN0QsX8+D0NTxa0r4796eEdRheZhkuK9+Q1uEvawN6qTKubio9qCLRhD68VqpbHpehbR+R8rhPSmie8wGpSE+iZucTETQ7h/l0pja1LB5EJ+Bmd49Rg2mQIV4c1mA4J9A+tCDet2fKxJWL6C51yR49uyQ/+MkJ+d5PTshfvXxcXjs8J0eOX7A0YcubMRHpYUOhdtR9dSUlDpiF3P7cCMtVqekRoKY//XdXXUqtLMOrRmV6tCYzq0dkx/oxuW12tbxz5xrZvnFcbts0KRunR3U6FG9EgAgQgRsCgZgG4Dw2OOsu/3/Uolyh6IrxIEKbd+f1Nm9XwDgck6djpRXPGiL1Z2pO+7iFqMO0FEqmkT3T8hfMlyEa8V45EI67rHSXjkvr8J9L69AXpXMBEd4qG/7aOiO95dNSGd+l087r256Q0sgGI8nWhby9IDwx0VyeWX0hAkS6FsNXkcbM3WDMWB9RHMbxxJRyLC2mm19nohu8eE7OLcuPXz8r+w6ekxMnF+Tnh+fkzbllOXFqSU7ONWQefW1LbWl2elLudHR52AOU3DrVstTaXSmN1pTDV43VZGysLsPVsuzcMiXrJodkaqIuOzZNyNaZcdm6flzWrxqRmdXDHG1zQ7yLeRJEgAhcGoFUUIHfbYp2dDwZ3+RkZBGc+T/aLLZUpBE9eD7pQD8t8RzPavmkAwsiTMhiFR+kM53coi0ApBfTzz1i0t63kPzrxAHM+PSU5vIJabz+rLQOflm6jTMa0Ul5VHrN09Jrz0tpbFbqOz4uQ9s/4pMS0K6woLPy1N8y1JN4LZwYWtBw/O6yRm9ag3OlpU4v0DWYQ4pFtyBuKPJhJ3aNxSjX4tJdbnXkwkJLzi02ZXGxLW34Sna60kAfHJqwyyWp1StSh5my9GRkqCpTUGpWSjI5VpNhCF94IwJEgAjcrAgMyP8jqopUpU05j9Slxl9e77Gh0f1Tyy39ZxPJIdH3zgXPkJXgYKIiFx8PpIfzmp9HSKbq9P47VdF7/U4jK1BdpFUxJQHkgnqZjQbqzu+Xxuufkdbxb2mjuYpWKsPSha1YC5MS7pChHR+R+ubfUqGLUnjjXP4aSr4hJOya/yUiSG00j8nnZuDRwwy6cH1BROrruiGJ7ma9NnneRIAIEIFrgkDiqKI+j37QbPacNovbvUZ+ecN3v8F0KmRJBrTaX6atypmjij3i/XYgNde3WAwJosRx4GyS9OuBJLuIFs1dxay6QEJ1kaq1XXXOvSKtQ89L8yhcVk5KeWidmkrjd2kvS2V6j9S3/rZUN/2mCl2UQhtn/bxsCoIv2I7vrRFG4t5np+OLENV5NKftGP8fFmDXZDN5ECJABIgAEbgYgfCz9F6xKI8ZtyXpSCWbgXE+ToIx1NVCOLP8stqWRXU2JDWiPBexZCJ4M8sooZ/NCc7aw2KsXqryND9JG62DV3Alp/7PJoErQeq0c3dZ2f8ZaR36qjaQ66SESk26jeNS6naksmqP1DDtfMvj2UgfreGpCbWduUWnNqkAI4LCIFojS21GR00PI9KGtfmcER3fZESACBCBGxKBGLljMVaengTRGetkJsmugLTn5CpMK71Z9GPN2a5CDHLUVgOQn6kUNWXpM/A8fPKXdpZDhJf2Ike4p8U9pA/BPEgt4mlm0mzWXyDMjrYdRLNz++R3pbnvT6R1+iU953J9rR672zilJtHVVXdLfdcnpbb5URfCtKTXWvThrhBi+lTxCtofcPrordPmadF0LKK5EkYCYcTPDVijuyGvOZ4UESACROB6IHCREXREL6lyMj8RE6FY3JQqM2Nit/FbXzOyW4GFctFiJC9yZb9b8zjIwgQe2Wy7MIOOVKJL+C0IzY30LYoMtbw5oFhaE6b6aOy247aOflOaB78gndM/0vMv11dZw/jyCRWbVKb3yvDO35XqzAMi5WFTX3aXlejQdoApBabIRG0QvXgawSl5WyqVqcvrcdnyNYgAESACbwGBUF2mf5I7pOTRXRBUPBa5RY/FMm6LOp2NZ/Xqm+chQY7WIG7BXxjWm9dldvPGc20az2y2ItJ0MgtHlr6+ZndqCecp/Ik2gHu3mLqsgAMb0jz+HWm98Zx0T//AgsuR9TZjbvmYCk9qM78qFaQ0Z/6OKS51NNCiBYydlqdG4dW5ZOpLTBlH+rLXYET3Fq4+PpUIEAEisMIIpCnKxCnK6GDgtfMUZZ7WdNeTUG0ipdnnNWwRTpp/NIJzQ2htZfA0pDZom2WYqjWd+KzG52N+IoKLnmY/R01ZqrOJ1wf7Tr8kPYxK05QqUoyoq4HwkPZsS/PNF6S571npnv+p+WgOTds08sYZnTCu085nn5HahgcVj26nIdKeNwuzSk3TnnpTIQoswK7BmJ4V3nUenggQASJQIASC6Ly2lnJZHwqDqchBIkS6M7nPFYoWbIXHpSlP1DDZa3vWfO2iFXUUif+rdDETlhhVGtlpfc8Jz9Kbua2jpQ+tr83Ix9sQ3KvTwzl7SAd4un9we1FaR74ijQNfls7Zn0ipNqqN5zrgtXFKCay28f1S3/lJqa59jxFe87xFb7ACU9Xnsgh6+jBlgTW6Ar2HuFQiQARuPgQSBWZ+8kF0fcoQfzhtKTCyCwWmqRVtOKkqJMNTGBFWlpJ0QvM0pgn0w17MX0JTmKH+xH0e8WUBqYlWrG/Ph6y6cEVraFBj4hyyOl6QpqVLTbQi0muelebhr0nzwBeke+F1bTsoQbTSXpTu8lEpVyektuVRqWFSwqq77G/a89LrNKx5XscOUYxy8130PGMiQAQKgkBKZoNpS4uBLp5gHkyT19dslp0/P/t5sTglQNWeNJfxm0tYHDOKbyFSsdYGI087fl6eUx+r3HdTzZiDMF0tasW1rB9O7cSU/Eo2LLWCHjxzWcG8u9bB56V54HPSXTgqpaG1FuG1L0h36ZSUR9ZLfdPDUtv+USlP7jLC6yyJtDAtge0FBXnDcJlEgAjcfAgkacy+k78MAWZqzWgkt8GrdutvTzC1hz2mDiMe2WUekolKM7vPFSRR08u50xKfRrzewaC1PWsvyD2nLVI0m7JoV4AZs9+HNGjf8FRzbCnBYQWkhwaFpaPSeuOzahwNT81SfVpKtUkRNY4+I1JbLbWtvyn12Y9JZXynrbw5x9TlzXfx84yJABEgApeI8BKVpZXk4g6bWqCiFM90WhtAEBHMm83tREnMp3Sn4peIzmxuXRLJ+UZEv566uOhkA6NHoz9vLcBv+kREfkZ0GrnpgFdEdzYNwRxbMEsO43ciDQvizH00uxf2SfON56R15AWN9koj0xbhtS5Ip3FGSvU1MrTpUanNfkQqkztIdHzDEAEiQARuPgQuU6NTcYgpHc0iLNKFuDNvUVCica/MPOILA+l+EtXnasO5/b1OCFCijFYFHwEUvXY65ifSqnnrQ2YPptGeJzq9/oi6nZ5z9MFpszf67MysGa4r+mp6ipXMOBpCleb+z0jz8Nc1cquMb5FedVxre73FE1IZ2yK12adIdDffBc4zJgJEgAhcBoHM/xHc5ONsUvWlikaitOfpS+VCi/Dyx6LGl6dPtQk7I89IVeYN4qbCBEEhQnOHFSXEILvwxoyaoffYoVdOoz4/lp6Ek6p1e2s0WiqjdmeEKCA7WH3BPFp9NF+Wxr4/kfbRF/Uw5eFp89FsnJZe8xyJjm8YIkAEiMAthwDSgGp2HPU661Gzglm4oEQqMwjI0p25MUs0oEe6EcfELaaYe0Eu6m1KatY+oBMEtB2h5gNTbdqBBYIeMSqhgbjQS1e1mXggtJiDp5Ep7uy4ghKRHdSU5qrSQzM4WiDKIzYfD888/ZI0DnxB2se/L9Ke0zl4qO+xveCWu8K5ICJABAqPgMr2rdnbiM0mk6ez7KJgZ3U5j+qctIxs8tRnjidIKplaEClKEI4SUx715QpMDyE9XLS0aczXc7JDu4IqMy1FaRFeRJXep+dz95TofChtNJnrIeGygsdEpH3qf0vjwBelfeJ/Sgmz79hHV/i3BAEgAkTglkHAU40u7LjUtINcqGLPzbOdeV+czbpT5koUm2YLht64bHCrZjDdzFmfa/6WEJio20o4pSi+3qun5OjDYlW4Es9DihI1OSMrnW6uvpjwr8TvPmao7GbRMb0AT0aNLyK/6lQmumme/L503niWRHfLXN9cCBEgAkRACcKiIVNdDkZz0WA+kJa85NRyS2PmpGdk1U9+QYYREdrzdTq4R2X53LzYHjsvM422yM6I0f4Pk2Z9hgpQkPKEuwoeAtmVRcpOeBE9+giiiF6tkb0tpcqIj+yhBRjfGESACBCBWwsBT/9lYY3W60AsIICQ78ckBCfGJHKz0T/moJJHhBo2ZURnqc1QZ4btl3fTqcYkyAxWXGEf5iTrKVXzumw7kXmUqKpRvC5cTUBuJlxBWtMa39H8bYIXS7mWbXKBtjWE2tOdWHB8uKLUxhnR3VpXOFdDBIhAcRFIpx5EW4GZNGcCkIGhrUZI0TgewpXB/0eUlo8B0pSnWnkhyLJoLIvkPC3Z9/+oFaoYxVKSMV5ISTghZ6sloi7nfXVKapFm9dE/UF16dJnV8zQCjMnnbk4NcQuOxxpdcd8WXDkRIAK3EgJJ/5sSGCZy4wMfbQOYYpBHZLFqIxSbd2d+lYkvpisw8368qOEhOkS0ZarNiBT1eYi2dEacjfuxyQneNhADXfVcPDiM3jiQsZ6+NZWHvybmzdkUAjOYVlJV78r8700cEyQNNxVXiWr/XVtrfCS6W+k651qIABEoOALej9ZXS8sNwAycUE5Gvc1dSjRVmd6X0WFm5RUpyfyIaa3P/x7kpG4nFvXlyk83bEb9LiI4G4rqZGjtB5ZmdWFL1wnTT1vrd/DE1BQm6oB+A5mDXLWWhzE9IEukMi3qJNEV/G3B5RMBInArIXBx+jKr1TnJWe3Nicgl/PZ/1MAiOoqQKdoAjMTyFKURYt5zF0zkc+Y8VZkrOnEcH/mq9T0QFWqHbifmLis6MRyPl7suRjFhinWBG6mWECWCSJUf29Yv2KtYMztSmmhAV4J1EQuEKUxd3koXOddCBIhAsREIgvIoydOBOSZ5TS4nwLzjLVdVhlGJNWxHOjA1h87FKCZ0MdVJjPNJjxmv7vGX236ZpZdXD31KQqby1Fe0VoZsyCtaEUptqw26I4oKUVw8o9PII1pVYgTpWd2ORFfsdwVXTwSIwC2NgEd40VUQmcsshTm4+KTOpw+lqcw0ogtVZtTGPEPphzOhSR4NWjuBqz6Vi72XLhrVEe0hYsuIGQQIUYo3m1sPgtuBQcxS83qiRaFIaSrRBfHBADqmoGv9L6flW3q7uTgiQASIQCERyCKoYKHgr5TUkt+DXPRnMGPwX6MaAAAJYklEQVSkKiN6i8jQ6n1Wcwti9N+imyDLbyZRnvf5RVO6uaXY3ylJIq2pxTXzw7RpC9HCZ4/Zf/GXJqQRTDrHxIMg0i7EOB0RilEKedlz0USACBQSgUyqmLmMXBKGiP76grsgtjQ0jL/2pu9IIWbel2k/Xig2Xd3pvXRh5qzRHtoIvDXBCM+IziIz75kziYs5qyjHmsIyl3Gi7pfXKaPFgRFdIS94LpoIEAEiEEwWXpQJIhHJZVFdRHZphBekl4//udg5JXmNaGOIY4egRM2ncSeEJz4XD4KUILVsKgLSkz7INfoTvKVBWylUlIJQDylOm29nKVKqLnmtEwEiQASIwGURSMK6TOeSj+bJ9f04QKQQL50S7fPOTMYJZUlIVWHiZqbRxlEWSRql+ly86JoLpaYLV0ICGo3oMUkBPpiM6HiJEwEiQASIwGUQuJw4xZ+ePZw+LyumJWKWpHcuZcesBpjoPdEwrvdb3U9bEDJ3l0Qco3ZhbXNI8RFAdla4H9EdOBOTDtBgTjEKL3EiQASIABF4ywgMkGCWpYwa2WA9z6IzE66k7Qdp7dCIyvlKU5rZo8ZcWQuD9bZ7S4P3zGW1O/0riFbQkqC9ff0tf295rfwDIkAEiAARKCAC/fW3HICEuNzcOYu03Cg66mmRmrTHgxhjBDpqbJ7GzAQpaBWI+l1QYm4+nQtTrGE8M6cm0RXw+uSSiQARIALXHIGIxNTXK1F2RjN5bgptLilRg0sILo/fpKSN6p66zNKdTnTWG2cRm4pZkigxE6okqk8S3TXfbR6QCBABIkAElKUi6nPiU1R8KoFSXUwrD3Po/HmRtjQgYTgds/YQwfmsPB3CCl6F6jKmLGgvglmCqc8l59HxYiQCRIAIEIGVRCAUlkp65nlpt/DPTFOgdn9qNZbbj4UpdF8ZL+u1s9YEm6yQ3WL+HiO6ldxhHpsIEAEiUHAEspl3+QggjbQ0QgtHlSC7PMJL2CpnNuVBH+Ojf29p0nBJMf/MRCTjmheKUQp+DXL5RIAIEIEVRSAmiUc3nHpepinNqOEhGksnlysdmql0eH5ZMjI7XTV+jiAwSoNhF5b4dJLoVnSHeXAiQASIQMERUKKDChI45L6YQWoW2RnZGXGZiKQ/ouuP9GKGnT3Lp4n7FDpzSYn6n/lkkugKfg1y+USACBCBlUXAfSmzET6RrrToLBOWuG2XikjU6st8LC+O/tzIWYkTj6dnD2LzqQn+9xSjrOzu8uhEgAgQgYIjYCxkZTpr7k6bxWOiuQ2DBWm5UlJ/pA3iLkRx4+h8eGw0oAfMXpTLu8y1ZseIruCXIZdPBIgAEVgxBLICWiguIUKJ1GTqjuKtA3oippzUETs+8TxrLfATNWWli1t0wkFMO89Vl3mkR6Jbsf3lgYkAESACRCDCOfetxMTwcqQyQXiD7QbhZjKYuswHt0b7gE0ah0tKTF+w2XXmkWnHiVofIzpeiUSACBABIrByCCTtBZq2jMGuWT95XmTLSEz74XJlprXihSCl7SnOID9zUAkfzDTlaffT63LlNpdHJgJEgAgUHYE+pUhEWKmqMrcH659lZ+pMq+H51HH9NY8A81aEGA+UHsspDn6XXTqjFP0y5PqJABEgAiuMgE8ziPa3i3ro4uVzoYqRXFrLC5/MVIUZUV+qzjSD52hXiJ47pi5XeIt5eCJABIgAEQjD55TULK1oEVtMIHCjZ01dhlGz2z87QUbbwSCm5rKC4yAatOgvlJwkOl6BRIAIEAEicP0QGLToMqYbeP3UsDIIL31KtC1EujKiwfi7aEewxnES3fXbXr4SESACRIAI9LmeJHBkXOe/ZMqUaDOw5xon2nPsKREV5kpNaz3A40aAJDpedkSACBABInADIJB1eXtzeVbUG5hIHv13wYyR2owxPUl/HtKZnDB+A+wtT4EIEAEiQAQGEEhTmeF2khAhIjV9ipOc98yVfL5dKDajx44RHS8wIkAEiAARuAERSCO2pI7Xb6iSDzOIfj3lQBOliCs3SXQ34PbylIgAESACROByCCR+meqNiWKcP1cLc2GpGa0ItADjtUQEiAARIAI3FQKpMfRAHS+ILniv66IVThi/qXaYJ0sEiAARIAIXIZDU7/SxpG9PB7Lmw34IHhEgAkSACBCBmxuBjPNy8iPR3dxbyrMnAkSACBCByyLAPjpeHESACBABIlAABBjRFWCTuUQiQASIQJERINEVefe5diJABIhAARAg0RVgk7lEIkAEiECRESDRFXn3uXYiQASIQAEQINEVYJO5RCJABIhAkREg0RV597l2IkAEiEABECDRFWCTuUQiQASIQJERINEVefe5diJABIhAARAg0RVgk7lEIkAEiECRESDRFXn3uXYiQASIQAEQINEVYJO5RCJABIhAkREg0RV597l2IkAEiEABECDRFWCTuUQiQASIQJERINEVefe5diJABIhAARAg0RVgk7lEIkAEiECRESDRFXn3uXYiQASIQAEQINEVYJO5RCJABIhAkREg0RV597l2IkAEiEABECDRFWCTuUQiQASIQJERINEVefe5diJABIhAARAg0RVgk7lEIkAEiECRESDRFXn3uXYiQASIQAEQINEVYJO5RCJABIhAkREg0RV597l2IkAEiEABECDRFWCTuUQiQASIQJERINEVefe5diJABIhAARAg0RVgk7lEIkAEiECRESDRFXn3uXYiQASIQAEQINEVYJO5RCJABIhAkREg0RV597l2IkAEiEABECDRFWCTuUQiQASIQJERINEVefe5diJABIhAARAg0RVgk7lEIkAEiECRESDRFXn3uXYiQASIQAEQINEVYJO5RCJABIhAkREg0RV597l2IkAEiEABECDRFWCTuUQiQASIQJERINEVefe5diJABIhAARAg0RVgk7lEIkAEiECRESDRFXn3uXYiQASIQAEQINEVYJO5RCJABIhAkREg0RV597l2IkAEiEABECDRFWCTuUQiQASIQJERINEVefe5diJABIhAARAg0RVgk7lEIkAEiECRESDRFXn3uXYiQASIQAEQINEVYJO5RCJABIhAkREg0RV597l2IkAEiEABECDRFWCTuUQiQASIQJERINEVefe5diJABIhAARAg0RVgk7lEIkAEiECRESDRFXn3uXYiQASIQAEQINEVYJO5RCJABIhAkREg0RV597l2IkAEiEABEPh/9bwukG5+ZFkAAAAASUVORK5CYII=, url=하하하, roadmapCreatedByEmail=false, roadmapCreatedByWeb=true, roadmapEnrollmentResultByEmail=false, roadmapEnrollmentResultByWeb=true, roadmapUpdatedByEmail=false, roadmapUpdatedByWeb=true, tags=[], fromSocial=false, location=null)], totalPage=1, page=1, size=10, start=1, end=1, prev=false, next=false, pageList=[1])
           errors = []
        Attribute = pageRequestDTO
            value = PageRequestDTO(page=1, size=10, type=null, keyword=null)
           errors = []

FlashMap:
       Attributes = null

MockHttpServletResponse:
           Status = 200
    Error message = null
          Headers = [Access-Control-Allow-Origin:"*", Access-Control-Allow-Credentials:"true", Access-Control-Allow-Methods:"*", Access-Control-Max-Age:"3600", Access-Control-Allow-Headers:"Origin, X-Requested-With, Content-Type, Accept, Key, Authorization", Content-Language:"en", Content-Type:"text/html;charset=UTF-8", X-Content-Type-Options:"nosniff", X-XSS-Protection:"1; mode=block", Cache-Control:"no-cache, no-store, max-age=0, must-revalidate", Pragma:"no-cache", Expires:"0", X-Frame-Options:"DENY"]
     Content type = text/html;charset=UTF-8
             Body = <!DOCTYPE html>
<html lang="en">

    <head>
        <link rel="stylesheet" href="/node_modules/@yaireo/tagify/dist/tagify.css">
        <script src="/node_modules/jdenticon/dist/jdenticon.min.js"></script>

        <meta charset="utf-8">
        <meta http-equiv="X-UA-Compatible" content="IE=edge">
        <meta name="viewport" content="width=device-width, initial-scale=1, shrink-to-fit=no">
        <meta name="description" content="">
        <meta name="author" content="">

        <title>ROADMAP ADMIN</title>

        <!-- Custom fonts for this template-->
        <link href="/node_modules/startbootstrap-sb-admin-2/vendor/fontawesome-free/css/all.min.css" rel="stylesheet" type="text/css">
        <link
                href="https://fonts.googleapis.com/css?family=Nunito:200,200i,300,300i,400,400i,600,600i,700,700i,800,800i,900,900i"
                rel="stylesheet">

        <!-- Custom styles for this template-->
        <link href="/node_modules/startbootstrap-sb-admin-2/css/sb-admin-2.min.css" rel="stylesheet">


        <!-- Custom styles for this page -->
        <link href="/node_modules/startbootstrap-sb-admin-2/vendor/datatables/dataTables.bootstrap4.min.css" rel="stylesheet">
        <!-- Bootstrap core JavaScript-->
        <script src="/node_modules/startbootstrap-sb-admin-2/vendor/jquery/jquery.min.js"></script>
        <script src="/node_modules/startbootstrap-sb-admin-2/vendor/bootstrap/js/bootstrap.bundle.min.js"></script>

        <!-- Core plugin JavaScript-->
        <script src="/node_modules/startbootstrap-sb-admin-2/vendor/jquery-easing/jquery.easing.min.js"></script>
    </head>

    <body>
    <!-- Page Wrapper -->
    <div id="wrapper">
        <!-- Sidebar -->
        <ul class="navbar-nav bg-gradient-primary sidebar sidebar-dark accordion" id="accordionSidebar">

            <!-- Sidebar - Brand -->
            <a class="sidebar-brand d-flex align-items-center justify-content-center" href="/admin">
                <div class="sidebar-brand-icon rotate-n-15">
                    <i class="fas fa-laugh-wink"></i>
                </div>
                <div class="sidebar-brand-text mx-3">ROADMAP</div>
            </a>

            <!-- Divider -->
            <hr class="sidebar-divider my-0">

            <!-- Nav Item - Dashboard -->
            <li class="nav-item active">
                <a class="nav-link" href="/">
                    <i class="fas fa-fw fa-tachometer-alt"></i>
                    <span>Home</span></a>
            </li>

            <!-- Divider -->
            <hr class="sidebar-divider">

            <!-- Heading -->
            <div class="sidebar-heading">
                계정 관리
            </div>

            <!-- Nav Item - Pages Collapse Menu -->
            <li class="nav-item">
                <a class="nav-link collapsed" href="/admin/member" data-toggle="collapse" data-target="#collapseTwo"
                   aria-expanded="true" aria-controls="collapseTwo">
                    <i class="fas fa-fw fa-cog"></i>
                    <span>회원 관리</span>
                </a>
                <div id="collapseTwo" class="collapse" aria-labelledby="headingTwo" data-parent="#accordionSidebar">
                    <div class="bg-white py-2 collapse-inner rounded">
                        <h6 class="collapse-header">회원 관리</h6>
                        <a class="collapse-item" href="/admin/member">일반 회원</a>
                        <a class="collapse-item" href="/admin/member_admin">관리자 회원</a>
                    </div>
                </div>
            </li>

            <!-- Nav Item - Utilities Collapse Menu -->
            <li class="nav-item">
                <a class="nav-link collapsed" href="/admin/roadmap" data-toggle="collapse" data-target="#collapseUtilities"
                   aria-expanded="true" aria-controls="collapseUtilities">
                    <i class="fas fa-fw fa-wrench"></i>
                    <span>로드맵 관리</span>
                </a>
                <div id="collapseUtilities" class="collapse" aria-labelledby="headingUtilities"
                     data-parent="#accordionSidebar">
                    <div class="bg-white py-2 collapse-inner rounded">
                        <h6 class="collapse-header">Custom Utilities:</h6>
                        <a class="collapse-item" href="utilities-color.html">Colors</a>
                        <a class="collapse-item" href="utilities-border.html">Borders</a>
                        <a class="collapse-item" href="utilities-animation.html">Animations</a>
                        <a class="collapse-item" href="utilities-other.html">Other</a>
                    </div>
                </div>
            </li>

            <!-- Divider -->
            <hr class="sidebar-divider">

            <!-- Heading -->
            <div class="sidebar-heading">
                Addons
            </div>

            <!-- Nav Item - Pages Collapse Menu -->
            <li class="nav-item">
                <a class="nav-link collapsed" href="#" data-toggle="collapse" data-target="#collapsePages"
                   aria-expanded="true" aria-controls="collapsePages">
                    <i class="fas fa-fw fa-folder"></i>
                    <span>Pages</span>
                </a>
                <div id="collapsePages" class="collapse" aria-labelledby="headingPages" data-parent="#accordionSidebar">
                    <div class="bg-white py-2 collapse-inner rounded">
                        <h6 class="collapse-header">Login Screens:</h6>
                        <a class="collapse-item" href="login.html">Login</a>
                        <a class="collapse-item" href="register.html">Register</a>
                        <a class="collapse-item" href="forgot-password.html">Forgot Password</a>
                        <div class="collapse-divider"></div>
                        <h6 class="collapse-header">Other Pages:</h6>
                        <a class="collapse-item" href="404.html">404 Page</a>
                        <a class="collapse-item" href="blank.html">Blank Page</a>
                    </div>
                </div>
            </li>

            <!-- Nav Item - Charts -->
            <li class="nav-item">
                <a class="nav-link" href="charts.html">
                    <i class="fas fa-fw fa-chart-area"></i>
                    <span>Charts</span></a>
            </li>

            <!-- Nav Item - Tables -->
            <li class="nav-item">
                <a class="nav-link" href="tables.html">
                    <i class="fas fa-fw fa-table"></i>
                    <span>Tables</span></a>
            </li>

            <!-- Divider -->
            <hr class="sidebar-divider d-none d-md-block">

            <!-- Sidebar Toggler (Sidebar) -->
            <div class="text-center d-none d-md-inline">
                <button class="rounded-circle border-0" id="sidebarToggle"></button>
            </div>

            <!-- Sidebar Message -->
            <div class="sidebar-card">
                <img class="sidebar-card-illustration mb-2" src="img/undraw_rocket.svg" alt="">
                <p class="text-center mb-2"><strong>SB Admin Pro</strong> is packed with premium features, components, and more!</p>
                <a class="btn btn-success btn-sm" href="https://startbootstrap.com/theme/sb-admin-pro">Upgrade to Pro!</a>
            </div>

        </ul>
        <!-- End of Sidebar -->

        <!-- Content Wrapper -->
        <div id="content-wrapper" class="d-flex flex-column">

            <!-- Main Content -->
            <div id="content">
                <!-- Begin Page Content -->
                <div class="container-fluid">
                    <!-- Page Content -->
                    
        <!-- Page Heading -->
        <h1 class="h3 mb-2 text-gray-800">회원 관리</h1>
        <p class="mb-4">로드맵의 회원들의 데이터를 관리합니다.</p>

        <!-- DataTales Example -->
        <div class="card shadow mb-4">
            <div class="card-header py-3">
                <h6 class="m-0 font-weight-bold text-primary">일반 회원</h6>
            </div>
            <div class="card-body">
                <div class="table-responsive">
                    <div id="dataTable_wrapper" class="dataTables_wrapper dt-bootstrap4">
                            <form  class="row" method="get" action="/admin/member">
                                <div class="col-sm-12 col-md-6">
                                    <div class="dataTables_length" id="dataTable_length">
                                        <label>Show <select name="size" aria-controls="dataTable" class="custom-select custom-select-sm form-control form-control-sm">
                                            <option value="10" selected="selected">10</option>
                                            <option value="25">25</option>
                                            <option value="50">50</option>
                                            <option value="100">100</option>
                                        </select> entries</label>
                                    </div>
                                </div>
                                <div class="col-sm-12 col-md-6">
                                    <div id="dataTable_filter" class="dataTables_filter">
                                        <input value="" type="search" name="keyword" class="form-control form-control-sm" placeholder="검색어를 입력하세요." aria-controls="dataTable"> <button type="submit" class="btn btn-light">검색</button>
                                    </div>
                                </div>
                            </form>
                        <div class="row">
                            <div class="col-sm-12">
                                <table class="table table-bordered dataTable" id="dataTable" width="100%" cellspacing="0" role="grid">
                                    <thead>
                                    <tr>
                                        <th>회원번호</th>
                                        <th>닉네임</th>
                                        <th>이메일</th>
                                        <th>직업</th>
                                        <th>가입날짜</th>
                                    </tr>
                                    </thead>
                                    <tfoot>
                                    <tr>
                                        <th>회원번호</th>
                                        <th>닉네임</th>
                                        <th>이메일</th>
                                        <th>직업</th>
                                        <th>가입날짜</th>
                                    </tr>
                                    </tfoot>
                                    <tbody>
                                    <tr>
                                        <td><a href="/admin/member/26?page=1&amp;size=10&amp;keyword=">26</a></td>
                                        <td>epepep</td>
                                        <td>epepep@email.com</td>
                                        <td></td>
                                        <td class="date-weekday-time">2021-03-12T14:34:10.797045200</td>
                                    </tr>
                                    <tr>
                                        <td><a href="/admin/member/17?page=1&amp;size=10&amp;keyword=">17</a></td>
                                        <td>aaaa</td>
                                        <td>aaa@aaa.com</td>
                                        <td></td>
                                        <td class="date-weekday-time">2021-03-11T16:02:56.257578</td>
                                    </tr>
                                    <tr>
                                        <td><a href="/admin/member/16?page=1&amp;size=10&amp;keyword=">16</a></td>
                                        <td>aaa</td>
                                        <td>aaa@aaa</td>
                                        <td></td>
                                        <td class="date-weekday-time">2021-03-08T18:44:50.562791</td>
                                    </tr>
                                    <tr>
                                        <td><a href="/admin/member/12?page=1&amp;size=10&amp;keyword=">12</a></td>
                                        <td>임종뚱</td>
                                        <td>whddn528@naver.com</td>
                                        <td></td>
                                        <td class="date-weekday-time">2021-02-25T14:14:33.384718</td>
                                    </tr>
                                    <tr>
                                        <td><a href="/admin/member/4?page=1&amp;size=10&amp;keyword=">4</a></td>
                                        <td>kjuioqqq</td>
                                        <td>kjuioqqq@naver.com</td>
                                        <td>백엔드 개발자</td>
                                        <td class="date-weekday-time">2021-02-25T07:42:04.875190</td>
                                    </tr>
                                    <tr>
                                        <td><a href="/admin/member/3?page=1&amp;size=10&amp;keyword=">3</a></td>
                                        <td>kjuioq@nate.com</td>
                                        <td>kjuioq@nate.com</td>
                                        <td></td>
                                        <td class="date-weekday-time">2021-02-25T00:34:58.112823</td>
                                    </tr>
                                    <tr>
                                        <td><a href="/admin/member/2?page=1&amp;size=10&amp;keyword=">2</a></td>
                                        <td>eastperson2</td>
                                        <td>kjuioq@naver.com</td>
                                        <td></td>
                                        <td class="date-weekday-time">2021-02-25T00:22:08.169539</td>
                                    </tr>
                                    <tr>
                                        <td><a href="/admin/member/1?page=1&amp;size=10&amp;keyword=">1</a></td>
                                        <td>eastperson</td>
                                        <td>kjuioqq8@gmail.com</td>
                                        <td>백엔드 개발자</td>
                                        <td class="date-weekday-time">2021-02-25T00:20:18.050949</td>
                                    </tr>
                                    </tbody>
                                </table>
                            </div>
                        </div>
                        <div class="row">
                            <div class="col-sm-12 col-md-5">
                                <div class="dataTables_info" id="dataTable_info" role="status" aria-live="polite">전체 1개의 페이지 중 1번째 페이지</div>
                            </div>
                            <div class="col-sm-12 col-md-7">
                                <div class="dataTables_paginate paging_simple_numbers" id="dataTable_paginate">
                                    <ul class="pagination">
                                        
                                        <li class="paginate_button page-item active">
                                            <a href="/admin/member?page=1&amp;size=10&amp;keyword=" aria-controls="dataTable" data-dt-idx="1" tabindex="0" class="page-link">1</a>
                                        </li>
                                        
                                    </ul>
                                </div>
                            </div>
                        </div>
                    </div>
                </div>
            </div>
        </div>

        </div>
        <div>
    <script src="/node_modules/moment/min/moment-with-locales.min.js"></script>
    <script type="application/javascript">
        $(function () {
            moment.locale('ko');
            $(".date-time").text(function(index, dateTime) {
                return moment(dateTime, "YYYY-MM-DD`T`hh:mm").format('LLL');
            });
            $(".date").text(function(index, dateTime) {
                return moment(dateTime, "YYYY-MM-DD`T`hh:mm").format('LL');
            });
            $(".weekday").text(function(index, dateTime) {
                return moment(dateTime, "YYYY-MM-DD`T`hh:mm").format('dddd');
            });
            $(".time").text(function(index, dateTime) {
                return moment(dateTime, "YYYY-MM-DD`T`hh:mm").format('LT');
            });
            $(".calendar").text(function(index, dateTime) {
                return moment(dateTime, "YYYY-MM-DD`T`hh:mm").calendar();
            });
            $(".fromNow").text(function(index, dateTime) {
                return moment(dateTime, "YYYY-MM-DD`T`hh:mm").fromNow();
            });
            $(".date-weekday-time").text(function(index, dateTime) {
                return moment(dateTime, "YYYY-MM-DD`T`hh:mm").format('LLLL');
            });
        })
    </script>
</div>
        <!-- /.container-fluid -->
        <!-- Custom scripts for all pages-->
        <script src="/node_modules/startbootstrap-sb-admin-2/js/sb-admin-2.min.js"></script>

        <!-- Page level plugins -->

        <!--<script src="/node_modules/startbootstrap-sb-admin-2/vendor/datatables/jquery.dataTables.min.js"></script>-->
        <script src="/node_modules/startbootstrap-sb-admin-2/vendor/datatables/dataTables.bootstrap4.min.js"></script>

        <!-- Page level custom scripts -->
        <script src="/node_modules/startbootstrap-sb-admin-2/js/demo/datatables-demo.js"></script>
    
                </div>
            </div>
        </div>
    </div>

    <!-- Footer -->
    <footer class="sticky-footer bg-white">
        <div class="container my-auto">
            <div class="copyright text-center my-auto">
                <span>Copyright &copy; Road Map 2021</span>
            </div>
        </div>
    </footer>
    <!-- End of Footer -->

        <!-- Scroll to Top Button-->
        <a class="scroll-to-top rounded" href="#page-top">
            <i class="fas fa-angle-up"></i>
        </a>

        <!-- Logout Modal-->
        <div class="modal fade" id="logoutModal" tabindex="-1" role="dialog" aria-labelledby="exampleModalLabel"
             aria-hidden="true">
            <div class="modal-dialog" role="document">
                <div class="modal-content">
                    <div class="modal-header">
                        <h5 class="modal-title" id="exampleModalLabel">Ready to Leave?</h5>
                        <button class="close" type="button" data-dismiss="modal" aria-label="Close">
                            <span aria-hidden="true">×</span>
                        </button>
                    </div>
                    <div class="modal-body">Select "Logout" below if you are ready to end your current session.</div>
                    <div class="modal-footer">
                        <button class="btn btn-secondary" type="button" data-dismiss="modal">Cancel</button>
                        <a class="btn btn-primary" href="login.html">Logout</a>
                    </div>
                </div>
            </div>
        </div>
    </body>

    Forwarded URL = null
   Redirected URL = null
          Cookies = []
2021-03-12 14:34:16.399  INFO 43004 --- [    Test worker] o.s.t.c.transaction.TransactionContext   : Rolled back transaction for test: [DefaultTestContext@65fe0a0f testClass = AdminControllerTest, testInstance = com.roadmap.admin.AdminControllerTest@2856b5dd, testMethod = admin_memberListView_Paging@AdminControllerTest, testException = [null], mergedContextConfiguration = [WebMergedContextConfiguration@5e046e6c testClass = AdminControllerTest, locations = '{}', classes = '{class com.roadmap.CoreApplication}', contextInitializerClasses = '[]', activeProfiles = '{}', propertySourceLocations = '{}', propertySourceProperties = '{org.springframework.boot.test.context.SpringBootTestContextBootstrapper=true}', contextCustomizers = set[org.springframework.boot.test.autoconfigure.properties.PropertyMappingContextCustomizer@4b3fa0b3, org.springframework.boot.test.autoconfigure.web.servlet.WebDriverContextCustomizerFactory$Customizer@36f3985, [ImportsContextCustomizer@5688c2e key = [org.springframework.boot.test.autoconfigure.web.servlet.MockMvcAutoConfiguration, org.springframework.boot.test.autoconfigure.web.servlet.MockMvcWebClientAutoConfiguration, org.springframework.boot.test.autoconfigure.web.servlet.MockMvcWebDriverAutoConfiguration, org.springframework.boot.autoconfigure.security.oauth2.client.servlet.OAuth2ClientAutoConfiguration, org.springframework.boot.autoconfigure.security.oauth2.resource.servlet.OAuth2ResourceServerAutoConfiguration, org.springframework.boot.autoconfigure.security.servlet.SecurityAutoConfiguration, org.springframework.boot.autoconfigure.security.servlet.SecurityFilterAutoConfiguration, org.springframework.boot.autoconfigure.security.servlet.UserDetailsServiceAutoConfiguration, org.springframework.boot.test.autoconfigure.web.servlet.MockMvcSecurityConfiguration]], org.springframework.boot.test.context.filter.ExcludeFilterContextCustomizer@465bc06d, org.springframework.boot.test.json.DuplicateJsonObjectContextCustomizerFactory$DuplicateJsonObjectContextCustomizer@7bb6418b, org.springframework.boot.test.mock.mockito.MockitoContextCustomizer@0, org.springframework.boot.test.web.client.TestRestTemplateContextCustomizer@23d4aa12, org.springframework.boot.test.context.SpringBootTestArgs@1, org.springframework.boot.test.context.SpringBootTestWebEnvironment@3db94553], resourceBasePath = 'src/main/webapp', contextLoader = 'org.springframework.boot.test.context.SpringBootContextLoader', parent = [null]], attributes = map['org.springframework.test.context.web.ServletTestExecutionListener.activateListener' -> true, 'org.springframework.test.context.web.ServletTestExecutionListener.populatedRequestContextHolder' -> true, 'org.springframework.test.context.web.ServletTestExecutionListener.resetRequestContextHolder' -> true]]
2021-03-12 14:34:16.402  INFO 43004 --- [    Test worker] o.s.t.c.transaction.TransactionContext   : Began transaction (1) for test context [DefaultTestContext@65fe0a0f testClass = AdminControllerTest, testInstance = com.roadmap.admin.AdminControllerTest@61b37886, testMethod = admin_memberModify_submit_error@AdminControllerTest, testException = [null], mergedContextConfiguration = [WebMergedContextConfiguration@5e046e6c testClass = AdminControllerTest, locations = '{}', classes = '{class com.roadmap.CoreApplication}', contextInitializerClasses = '[]', activeProfiles = '{}', propertySourceLocations = '{}', propertySourceProperties = '{org.springframework.boot.test.context.SpringBootTestContextBootstrapper=true}', contextCustomizers = set[org.springframework.boot.test.autoconfigure.properties.PropertyMappingContextCustomizer@4b3fa0b3, org.springframework.boot.test.autoconfigure.web.servlet.WebDriverContextCustomizerFactory$Customizer@36f3985, [ImportsContextCustomizer@5688c2e key = [org.springframework.boot.test.autoconfigure.web.servlet.MockMvcAutoConfiguration, org.springframework.boot.test.autoconfigure.web.servlet.MockMvcWebClientAutoConfiguration, org.springframework.boot.test.autoconfigure.web.servlet.MockMvcWebDriverAutoConfiguration, org.springframework.boot.autoconfigure.security.oauth2.client.servlet.OAuth2ClientAutoConfiguration, org.springframework.boot.autoconfigure.security.oauth2.resource.servlet.OAuth2ResourceServerAutoConfiguration, org.springframework.boot.autoconfigure.security.servlet.SecurityAutoConfiguration, org.springframework.boot.autoconfigure.security.servlet.SecurityFilterAutoConfiguration, org.springframework.boot.autoconfigure.security.servlet.UserDetailsServiceAutoConfiguration, org.springframework.boot.test.autoconfigure.web.servlet.MockMvcSecurityConfiguration]], org.springframework.boot.test.context.filter.ExcludeFilterContextCustomizer@465bc06d, org.springframework.boot.test.json.DuplicateJsonObjectContextCustomizerFactory$DuplicateJsonObjectContextCustomizer@7bb6418b, org.springframework.boot.test.mock.mockito.MockitoContextCustomizer@0, org.springframework.boot.test.web.client.TestRestTemplateContextCustomizer@23d4aa12, org.springframework.boot.test.context.SpringBootTestArgs@1, org.springframework.boot.test.context.SpringBootTestWebEnvironment@3db94553], resourceBasePath = 'src/main/webapp', contextLoader = 'org.springframework.boot.test.context.SpringBootContextLoader', parent = [null]], attributes = map['org.springframework.test.context.web.ServletTestExecutionListener.activateListener' -> true, 'org.springframework.test.context.web.ServletTestExecutionListener.populatedRequestContextHolder' -> true, 'org.springframework.test.context.web.ServletTestExecutionListener.resetRequestContextHolder' -> true]]; transaction manager [org.springframework.orm.jpa.JpaTransactionManager@3a25d063]; rollback [true]
2021-03-12 14:34:16.507  INFO 43004 --- [    Test worker] com.roadmap.service.MemberService        : email send signup confirm Email link : /check-email-token?token=e8549729-721a-4562-a4ce-b3250d51812d&email=epepep@email.com
2021-03-12 14:34:16.508 DEBUG 43004 --- [    Test worker] org.hibernate.SQL                        : 
    select
        nextval ('hibernate_sequence')
2021-03-12 14:34:16.629 DEBUG 43004 --- [    Test worker] org.hibernate.SQL                        : 
    insert 
    into
        member
        (moddate, regdate, bio, email, email_check_token, email_check_token_generated_at, email_verified, from_social, joined_at, loc_id, nickname, occupation, password, profile_image, roadmap_created_by_email, roadmap_created_by_web, roadmap_enrollment_result_by_email, roadmap_enrollment_result_by_web, roadmap_updated_by_email, roadmap_updated_by_web, url, id) 
    values
        (?, ?, ?, ?, ?, ?, ?, ?, ?, ?, ?, ?, ?, ?, ?, ?, ?, ?, ?, ?, ?, ?)
2021-03-12 14:34:16.629 TRACE 43004 --- [    Test worker] o.h.type.descriptor.sql.BasicBinder      : binding parameter [1] as [TIMESTAMP] - [2021-03-12T14:34:16.508588600]
2021-03-12 14:34:16.629 TRACE 43004 --- [    Test worker] o.h.type.descriptor.sql.BasicBinder      : binding parameter [2] as [TIMESTAMP] - [2021-03-12T14:34:16.508588600]
2021-03-12 14:34:16.629 TRACE 43004 --- [    Test worker] o.h.type.descriptor.sql.BasicBinder      : binding parameter [3] as [VARCHAR] - [null]
2021-03-12 14:34:16.629 TRACE 43004 --- [    Test worker] o.h.type.descriptor.sql.BasicBinder      : binding parameter [4] as [VARCHAR] - [epepep@email.com]
2021-03-12 14:34:16.630 TRACE 43004 --- [    Test worker] o.h.type.descriptor.sql.BasicBinder      : binding parameter [5] as [VARCHAR] - [e8549729-721a-4562-a4ce-b3250d51812d]
2021-03-12 14:34:16.630 TRACE 43004 --- [    Test worker] o.h.type.descriptor.sql.BasicBinder      : binding parameter [6] as [TIMESTAMP] - [2021-03-12T14:34:16.507584900]
2021-03-12 14:34:16.630 TRACE 43004 --- [    Test worker] o.h.type.descriptor.sql.BasicBinder      : binding parameter [7] as [BOOLEAN] - [false]
2021-03-12 14:34:16.630 TRACE 43004 --- [    Test worker] o.h.type.descriptor.sql.BasicBinder      : binding parameter [8] as [BOOLEAN] - [false]
2021-03-12 14:34:16.630 TRACE 43004 --- [    Test worker] o.h.type.descriptor.sql.BasicBinder      : binding parameter [9] as [TIMESTAMP] - [2021-03-12T14:34:16.506585500]
2021-03-12 14:34:16.630 TRACE 43004 --- [    Test worker] o.h.type.descriptor.sql.BasicBinder      : binding parameter [10] as [BIGINT] - [null]
2021-03-12 14:34:16.630 TRACE 43004 --- [    Test worker] o.h.type.descriptor.sql.BasicBinder      : binding parameter [11] as [VARCHAR] - [epepep]
2021-03-12 14:34:16.630 TRACE 43004 --- [    Test worker] o.h.type.descriptor.sql.BasicBinder      : binding parameter [12] as [VARCHAR] - [null]
2021-03-12 14:34:16.630 TRACE 43004 --- [    Test worker] o.h.type.descriptor.sql.BasicBinder      : binding parameter [13] as [VARCHAR] - [{bcrypt}$2a$10$jNi/KnzOT7vm8DCcSQWSBeWokXbrspANWHymYY78PeISCKwx.2fb2]
2021-03-12 14:34:16.630 TRACE 43004 --- [    Test worker] o.h.type.descriptor.sql.BasicBinder      : binding parameter [14] as [CLOB] - [null]
2021-03-12 14:34:16.630 TRACE 43004 --- [    Test worker] o.h.type.descriptor.sql.BasicBinder      : binding parameter [15] as [BOOLEAN] - [false]
2021-03-12 14:34:16.630 TRACE 43004 --- [    Test worker] o.h.type.descriptor.sql.BasicBinder      : binding parameter [16] as [BOOLEAN] - [true]
2021-03-12 14:34:16.630 TRACE 43004 --- [    Test worker] o.h.type.descriptor.sql.BasicBinder      : binding parameter [17] as [BOOLEAN] - [false]
2021-03-12 14:34:16.630 TRACE 43004 --- [    Test worker] o.h.type.descriptor.sql.BasicBinder      : binding parameter [18] as [BOOLEAN] - [true]
2021-03-12 14:34:16.630 TRACE 43004 --- [    Test worker] o.h.type.descriptor.sql.BasicBinder      : binding parameter [19] as [BOOLEAN] - [false]
2021-03-12 14:34:16.630 TRACE 43004 --- [    Test worker] o.h.type.descriptor.sql.BasicBinder      : binding parameter [20] as [BOOLEAN] - [true]
2021-03-12 14:34:16.630 TRACE 43004 --- [    Test worker] o.h.type.descriptor.sql.BasicBinder      : binding parameter [21] as [VARCHAR] - [null]
2021-03-12 14:34:16.631 TRACE 43004 --- [    Test worker] o.h.type.descriptor.sql.BasicBinder      : binding parameter [22] as [BIGINT] - [27]
2021-03-12 14:34:16.683 DEBUG 43004 --- [    Test worker] org.hibernate.SQL                        : 
    insert 
    into
        member_role_set
        (member_id, role_set) 
    values
        (?, ?)
2021-03-12 14:34:16.683 TRACE 43004 --- [    Test worker] o.h.type.descriptor.sql.BasicBinder      : binding parameter [1] as [BIGINT] - [27]
2021-03-12 14:34:16.683 TRACE 43004 --- [    Test worker] o.h.type.descriptor.sql.BasicBinder      : binding parameter [2] as [VARCHAR] - [USER]
2021-03-12 14:34:16.736 DEBUG 43004 --- [    Test worker] org.hibernate.SQL                        : 
    select
        member0_.id as id1_3_,
        member0_.moddate as moddate2_3_,
        member0_.regdate as regdate3_3_,
        member0_.bio as bio4_3_,
        member0_.email as email5_3_,
        member0_.email_check_token as email_ch6_3_,
        member0_.email_check_token_generated_at as email_ch7_3_,
        member0_.email_verified as email_ve8_3_,
        member0_.from_social as from_soc9_3_,
        member0_.joined_at as joined_10_3_,
        member0_.loc_id as loc_id22_3_,
        member0_.nickname as nicknam11_3_,
        member0_.occupation as occupat12_3_,
        member0_.password as passwor13_3_,
        member0_.profile_image as profile14_3_,
        member0_.roadmap_created_by_email as roadmap15_3_,
        member0_.roadmap_created_by_web as roadmap16_3_,
        member0_.roadmap_enrollment_result_by_email as roadmap17_3_,
        member0_.roadmap_enrollment_result_by_web as roadmap18_3_,
        member0_.roadmap_updated_by_email as roadmap19_3_,
        member0_.roadmap_updated_by_web as roadmap20_3_,
        member0_.url as url21_3_ 
    from
        member member0_ 
    where
        member0_.email=?
2021-03-12 14:34:16.737 TRACE 43004 --- [    Test worker] o.h.type.descriptor.sql.BasicBinder      : binding parameter [1] as [VARCHAR] - [epepep]
2021-03-12 14:34:16.781 DEBUG 43004 --- [    Test worker] org.hibernate.SQL                        : 
    select
        member0_.id as id1_3_,
        member0_.moddate as moddate2_3_,
        member0_.regdate as regdate3_3_,
        member0_.bio as bio4_3_,
        member0_.email as email5_3_,
        member0_.email_check_token as email_ch6_3_,
        member0_.email_check_token_generated_at as email_ch7_3_,
        member0_.email_verified as email_ve8_3_,
        member0_.from_social as from_soc9_3_,
        member0_.joined_at as joined_10_3_,
        member0_.loc_id as loc_id22_3_,
        member0_.nickname as nicknam11_3_,
        member0_.occupation as occupat12_3_,
        member0_.password as passwor13_3_,
        member0_.profile_image as profile14_3_,
        member0_.roadmap_created_by_email as roadmap15_3_,
        member0_.roadmap_created_by_web as roadmap16_3_,
        member0_.roadmap_enrollment_result_by_email as roadmap17_3_,
        member0_.roadmap_enrollment_result_by_web as roadmap18_3_,
        member0_.roadmap_updated_by_email as roadmap19_3_,
        member0_.roadmap_updated_by_web as roadmap20_3_,
        member0_.url as url21_3_ 
    from
        member member0_ 
    where
        member0_.nickname=?
2021-03-12 14:34:16.781 TRACE 43004 --- [    Test worker] o.h.type.descriptor.sql.BasicBinder      : binding parameter [1] as [VARCHAR] - [epepep]
2021-03-12 14:34:16.818 DEBUG 43004 --- [    Test worker] org.hibernate.SQL                        : 
    select
        member0_.id as id1_3_,
        member0_.moddate as moddate2_3_,
        member0_.regdate as regdate3_3_,
        member0_.bio as bio4_3_,
        member0_.email as email5_3_,
        member0_.email_check_token as email_ch6_3_,
        member0_.email_check_token_generated_at as email_ch7_3_,
        member0_.email_verified as email_ve8_3_,
        member0_.from_social as from_soc9_3_,
        member0_.joined_at as joined_10_3_,
        member0_.loc_id as loc_id22_3_,
        member0_.nickname as nicknam11_3_,
        member0_.occupation as occupat12_3_,
        member0_.password as passwor13_3_,
        member0_.profile_image as profile14_3_,
        member0_.roadmap_created_by_email as roadmap15_3_,
        member0_.roadmap_created_by_web as roadmap16_3_,
        member0_.roadmap_enrollment_result_by_email as roadmap17_3_,
        member0_.roadmap_enrollment_result_by_web as roadmap18_3_,
        member0_.roadmap_updated_by_email as roadmap19_3_,
        member0_.roadmap_updated_by_web as roadmap20_3_,
        member0_.url as url21_3_ 
    from
        member member0_ 
    where
        member0_.nickname=?
2021-03-12 14:34:16.819 TRACE 43004 --- [    Test worker] o.h.type.descriptor.sql.BasicBinder      : binding parameter [1] as [VARCHAR] - [epepep]
2021-03-12 14:34:16.865  INFO 43004 --- [    Test worker] com.roadmap.filter.ApiCheckFilter        : REQUESTURI : /admin/member/27/modify
2021-03-12 14:34:16.865  INFO 43004 --- [    Test worker] com.roadmap.filter.ApiCheckFilter        : false
2021-03-12 14:34:16.878 DEBUG 43004 --- [    Test worker] org.hibernate.SQL                        : 
    select
        tag0_.id as id1_21_,
        tag0_.moddate as moddate2_21_,
        tag0_.regdate as regdate3_21_,
        tag0_.title as title4_21_ 
    from
        tag tag0_
2021-03-12 14:34:16.931 DEBUG 43004 --- [    Test worker] org.hibernate.SQL                        : 
    select
        member0_.id as id1_3_,
        member0_.moddate as moddate2_3_,
        member0_.regdate as regdate3_3_,
        member0_.bio as bio4_3_,
        member0_.email as email5_3_,
        member0_.email_check_token as email_ch6_3_,
        member0_.email_check_token_generated_at as email_ch7_3_,
        member0_.email_verified as email_ve8_3_,
        member0_.from_social as from_soc9_3_,
        member0_.joined_at as joined_10_3_,
        member0_.loc_id as loc_id22_3_,
        member0_.nickname as nicknam11_3_,
        member0_.occupation as occupat12_3_,
        member0_.password as passwor13_3_,
        member0_.profile_image as profile14_3_,
        member0_.roadmap_created_by_email as roadmap15_3_,
        member0_.roadmap_created_by_web as roadmap16_3_,
        member0_.roadmap_enrollment_result_by_email as roadmap17_3_,
        member0_.roadmap_enrollment_result_by_web as roadmap18_3_,
        member0_.roadmap_updated_by_email as roadmap19_3_,
        member0_.roadmap_updated_by_web as roadmap20_3_,
        member0_.url as url21_3_ 
    from
        member member0_ 
    where
        member0_.nickname=?
2021-03-12 14:34:16.931 TRACE 43004 --- [    Test worker] o.h.type.descriptor.sql.BasicBinder      : binding parameter [1] as [VARCHAR] - [epepep]
2021-03-12 14:34:17.013  INFO 43004 --- [    Test worker] o.s.t.c.transaction.TransactionContext   : Rolled back transaction for test: [DefaultTestContext@65fe0a0f testClass = AdminControllerTest, testInstance = com.roadmap.admin.AdminControllerTest@61b37886, testMethod = admin_memberModify_submit_error@AdminControllerTest, testException = [null], mergedContextConfiguration = [WebMergedContextConfiguration@5e046e6c testClass = AdminControllerTest, locations = '{}', classes = '{class com.roadmap.CoreApplication}', contextInitializerClasses = '[]', activeProfiles = '{}', propertySourceLocations = '{}', propertySourceProperties = '{org.springframework.boot.test.context.SpringBootTestContextBootstrapper=true}', contextCustomizers = set[org.springframework.boot.test.autoconfigure.properties.PropertyMappingContextCustomizer@4b3fa0b3, org.springframework.boot.test.autoconfigure.web.servlet.WebDriverContextCustomizerFactory$Customizer@36f3985, [ImportsContextCustomizer@5688c2e key = [org.springframework.boot.test.autoconfigure.web.servlet.MockMvcAutoConfiguration, org.springframework.boot.test.autoconfigure.web.servlet.MockMvcWebClientAutoConfiguration, org.springframework.boot.test.autoconfigure.web.servlet.MockMvcWebDriverAutoConfiguration, org.springframework.boot.autoconfigure.security.oauth2.client.servlet.OAuth2ClientAutoConfiguration, org.springframework.boot.autoconfigure.security.oauth2.resource.servlet.OAuth2ResourceServerAutoConfiguration, org.springframework.boot.autoconfigure.security.servlet.SecurityAutoConfiguration, org.springframework.boot.autoconfigure.security.servlet.SecurityFilterAutoConfiguration, org.springframework.boot.autoconfigure.security.servlet.UserDetailsServiceAutoConfiguration, org.springframework.boot.test.autoconfigure.web.servlet.MockMvcSecurityConfiguration]], org.springframework.boot.test.context.filter.ExcludeFilterContextCustomizer@465bc06d, org.springframework.boot.test.json.DuplicateJsonObjectContextCustomizerFactory$DuplicateJsonObjectContextCustomizer@7bb6418b, org.springframework.boot.test.mock.mockito.MockitoContextCustomizer@0, org.springframework.boot.test.web.client.TestRestTemplateContextCustomizer@23d4aa12, org.springframework.boot.test.context.SpringBootTestArgs@1, org.springframework.boot.test.context.SpringBootTestWebEnvironment@3db94553], resourceBasePath = 'src/main/webapp', contextLoader = 'org.springframework.boot.test.context.SpringBootContextLoader', parent = [null]], attributes = map['org.springframework.test.context.web.ServletTestExecutionListener.activateListener' -> true, 'org.springframework.test.context.web.ServletTestExecutionListener.populatedRequestContextHolder' -> true, 'org.springframework.test.context.web.ServletTestExecutionListener.resetRequestContextHolder' -> true]]
2021-03-12 14:34:17.016  INFO 43004 --- [    Test worker] o.s.t.c.transaction.TransactionContext   : Began transaction (1) for test context [DefaultTestContext@65fe0a0f testClass = AdminControllerTest, testInstance = com.roadmap.admin.AdminControllerTest@42994eb7, testMethod = admin_memberListView@AdminControllerTest, testException = [null], mergedContextConfiguration = [WebMergedContextConfiguration@5e046e6c testClass = AdminControllerTest, locations = '{}', classes = '{class com.roadmap.CoreApplication}', contextInitializerClasses = '[]', activeProfiles = '{}', propertySourceLocations = '{}', propertySourceProperties = '{org.springframework.boot.test.context.SpringBootTestContextBootstrapper=true}', contextCustomizers = set[org.springframework.boot.test.autoconfigure.properties.PropertyMappingContextCustomizer@4b3fa0b3, org.springframework.boot.test.autoconfigure.web.servlet.WebDriverContextCustomizerFactory$Customizer@36f3985, [ImportsContextCustomizer@5688c2e key = [org.springframework.boot.test.autoconfigure.web.servlet.MockMvcAutoConfiguration, org.springframework.boot.test.autoconfigure.web.servlet.MockMvcWebClientAutoConfiguration, org.springframework.boot.test.autoconfigure.web.servlet.MockMvcWebDriverAutoConfiguration, org.springframework.boot.autoconfigure.security.oauth2.client.servlet.OAuth2ClientAutoConfiguration, org.springframework.boot.autoconfigure.security.oauth2.resource.servlet.OAuth2ResourceServerAutoConfiguration, org.springframework.boot.autoconfigure.security.servlet.SecurityAutoConfiguration, org.springframework.boot.autoconfigure.security.servlet.SecurityFilterAutoConfiguration, org.springframework.boot.autoconfigure.security.servlet.UserDetailsServiceAutoConfiguration, org.springframework.boot.test.autoconfigure.web.servlet.MockMvcSecurityConfiguration]], org.springframework.boot.test.context.filter.ExcludeFilterContextCustomizer@465bc06d, org.springframework.boot.test.json.DuplicateJsonObjectContextCustomizerFactory$DuplicateJsonObjectContextCustomizer@7bb6418b, org.springframework.boot.test.mock.mockito.MockitoContextCustomizer@0, org.springframework.boot.test.web.client.TestRestTemplateContextCustomizer@23d4aa12, org.springframework.boot.test.context.SpringBootTestArgs@1, org.springframework.boot.test.context.SpringBootTestWebEnvironment@3db94553], resourceBasePath = 'src/main/webapp', contextLoader = 'org.springframework.boot.test.context.SpringBootContextLoader', parent = [null]], attributes = map['org.springframework.test.context.web.ServletTestExecutionListener.activateListener' -> true, 'org.springframework.test.context.web.ServletTestExecutionListener.populatedRequestContextHolder' -> true, 'org.springframework.test.context.web.ServletTestExecutionListener.resetRequestContextHolder' -> true]]; transaction manager [org.springframework.orm.jpa.JpaTransactionManager@3a25d063]; rollback [true]
2021-03-12 14:34:17.106  INFO 43004 --- [    Test worker] com.roadmap.service.MemberService        : email send signup confirm Email link : /check-email-token?token=3821e686-7490-4097-86c3-1763fb550047&email=epepep@email.com
2021-03-12 14:34:17.107 DEBUG 43004 --- [    Test worker] org.hibernate.SQL                        : 
    select
        nextval ('hibernate_sequence')
2021-03-12 14:34:17.155 DEBUG 43004 --- [    Test worker] org.hibernate.SQL                        : 
    insert 
    into
        member
        (moddate, regdate, bio, email, email_check_token, email_check_token_generated_at, email_verified, from_social, joined_at, loc_id, nickname, occupation, password, profile_image, roadmap_created_by_email, roadmap_created_by_web, roadmap_enrollment_result_by_email, roadmap_enrollment_result_by_web, roadmap_updated_by_email, roadmap_updated_by_web, url, id) 
    values
        (?, ?, ?, ?, ?, ?, ?, ?, ?, ?, ?, ?, ?, ?, ?, ?, ?, ?, ?, ?, ?, ?)
2021-03-12 14:34:17.156 TRACE 43004 --- [    Test worker] o.h.type.descriptor.sql.BasicBinder      : binding parameter [1] as [TIMESTAMP] - [2021-03-12T14:34:17.107584800]
2021-03-12 14:34:17.156 TRACE 43004 --- [    Test worker] o.h.type.descriptor.sql.BasicBinder      : binding parameter [2] as [TIMESTAMP] - [2021-03-12T14:34:17.107584800]
2021-03-12 14:34:17.156 TRACE 43004 --- [    Test worker] o.h.type.descriptor.sql.BasicBinder      : binding parameter [3] as [VARCHAR] - [null]
2021-03-12 14:34:17.156 TRACE 43004 --- [    Test worker] o.h.type.descriptor.sql.BasicBinder      : binding parameter [4] as [VARCHAR] - [epepep@email.com]
2021-03-12 14:34:17.156 TRACE 43004 --- [    Test worker] o.h.type.descriptor.sql.BasicBinder      : binding parameter [5] as [VARCHAR] - [3821e686-7490-4097-86c3-1763fb550047]
2021-03-12 14:34:17.156 TRACE 43004 --- [    Test worker] o.h.type.descriptor.sql.BasicBinder      : binding parameter [6] as [TIMESTAMP] - [2021-03-12T14:34:17.106584]
2021-03-12 14:34:17.157 TRACE 43004 --- [    Test worker] o.h.type.descriptor.sql.BasicBinder      : binding parameter [7] as [BOOLEAN] - [false]
2021-03-12 14:34:17.157 TRACE 43004 --- [    Test worker] o.h.type.descriptor.sql.BasicBinder      : binding parameter [8] as [BOOLEAN] - [false]
2021-03-12 14:34:17.157 TRACE 43004 --- [    Test worker] o.h.type.descriptor.sql.BasicBinder      : binding parameter [9] as [TIMESTAMP] - [2021-03-12T14:34:17.106584]
2021-03-12 14:34:17.157 TRACE 43004 --- [    Test worker] o.h.type.descriptor.sql.BasicBinder      : binding parameter [10] as [BIGINT] - [null]
2021-03-12 14:34:17.157 TRACE 43004 --- [    Test worker] o.h.type.descriptor.sql.BasicBinder      : binding parameter [11] as [VARCHAR] - [epepep]
2021-03-12 14:34:17.157 TRACE 43004 --- [    Test worker] o.h.type.descriptor.sql.BasicBinder      : binding parameter [12] as [VARCHAR] - [null]
2021-03-12 14:34:17.157 TRACE 43004 --- [    Test worker] o.h.type.descriptor.sql.BasicBinder      : binding parameter [13] as [VARCHAR] - [{bcrypt}$2a$10$kLSBDF4TimhRaXrEvXZnxOU.pZpR8YQmC9naNJevRrBUyQYCN1yN2]
2021-03-12 14:34:17.157 TRACE 43004 --- [    Test worker] o.h.type.descriptor.sql.BasicBinder      : binding parameter [14] as [CLOB] - [null]
2021-03-12 14:34:17.157 TRACE 43004 --- [    Test worker] o.h.type.descriptor.sql.BasicBinder      : binding parameter [15] as [BOOLEAN] - [false]
2021-03-12 14:34:17.157 TRACE 43004 --- [    Test worker] o.h.type.descriptor.sql.BasicBinder      : binding parameter [16] as [BOOLEAN] - [true]
2021-03-12 14:34:17.157 TRACE 43004 --- [    Test worker] o.h.type.descriptor.sql.BasicBinder      : binding parameter [17] as [BOOLEAN] - [false]
2021-03-12 14:34:17.157 TRACE 43004 --- [    Test worker] o.h.type.descriptor.sql.BasicBinder      : binding parameter [18] as [BOOLEAN] - [true]
2021-03-12 14:34:17.157 TRACE 43004 --- [    Test worker] o.h.type.descriptor.sql.BasicBinder      : binding parameter [19] as [BOOLEAN] - [false]
2021-03-12 14:34:17.157 TRACE 43004 --- [    Test worker] o.h.type.descriptor.sql.BasicBinder      : binding parameter [20] as [BOOLEAN] - [true]
2021-03-12 14:34:17.157 TRACE 43004 --- [    Test worker] o.h.type.descriptor.sql.BasicBinder      : binding parameter [21] as [VARCHAR] - [null]
2021-03-12 14:34:17.157 TRACE 43004 --- [    Test worker] o.h.type.descriptor.sql.BasicBinder      : binding parameter [22] as [BIGINT] - [28]
2021-03-12 14:34:17.200 DEBUG 43004 --- [    Test worker] org.hibernate.SQL                        : 
    insert 
    into
        member_role_set
        (member_id, role_set) 
    values
        (?, ?)
2021-03-12 14:34:17.201 TRACE 43004 --- [    Test worker] o.h.type.descriptor.sql.BasicBinder      : binding parameter [1] as [BIGINT] - [28]
2021-03-12 14:34:17.201 TRACE 43004 --- [    Test worker] o.h.type.descriptor.sql.BasicBinder      : binding parameter [2] as [VARCHAR] - [USER]
2021-03-12 14:34:17.245 DEBUG 43004 --- [    Test worker] org.hibernate.SQL                        : 
    select
        member0_.id as id1_3_,
        member0_.moddate as moddate2_3_,
        member0_.regdate as regdate3_3_,
        member0_.bio as bio4_3_,
        member0_.email as email5_3_,
        member0_.email_check_token as email_ch6_3_,
        member0_.email_check_token_generated_at as email_ch7_3_,
        member0_.email_verified as email_ve8_3_,
        member0_.from_social as from_soc9_3_,
        member0_.joined_at as joined_10_3_,
        member0_.loc_id as loc_id22_3_,
        member0_.nickname as nicknam11_3_,
        member0_.occupation as occupat12_3_,
        member0_.password as passwor13_3_,
        member0_.profile_image as profile14_3_,
        member0_.roadmap_created_by_email as roadmap15_3_,
        member0_.roadmap_created_by_web as roadmap16_3_,
        member0_.roadmap_enrollment_result_by_email as roadmap17_3_,
        member0_.roadmap_enrollment_result_by_web as roadmap18_3_,
        member0_.roadmap_updated_by_email as roadmap19_3_,
        member0_.roadmap_updated_by_web as roadmap20_3_,
        member0_.url as url21_3_ 
    from
        member member0_ 
    where
        member0_.email=?
2021-03-12 14:34:17.245 TRACE 43004 --- [    Test worker] o.h.type.descriptor.sql.BasicBinder      : binding parameter [1] as [VARCHAR] - [epepep]
2021-03-12 14:34:17.293 DEBUG 43004 --- [    Test worker] org.hibernate.SQL                        : 
    select
        member0_.id as id1_3_,
        member0_.moddate as moddate2_3_,
        member0_.regdate as regdate3_3_,
        member0_.bio as bio4_3_,
        member0_.email as email5_3_,
        member0_.email_check_token as email_ch6_3_,
        member0_.email_check_token_generated_at as email_ch7_3_,
        member0_.email_verified as email_ve8_3_,
        member0_.from_social as from_soc9_3_,
        member0_.joined_at as joined_10_3_,
        member0_.loc_id as loc_id22_3_,
        member0_.nickname as nicknam11_3_,
        member0_.occupation as occupat12_3_,
        member0_.password as passwor13_3_,
        member0_.profile_image as profile14_3_,
        member0_.roadmap_created_by_email as roadmap15_3_,
        member0_.roadmap_created_by_web as roadmap16_3_,
        member0_.roadmap_enrollment_result_by_email as roadmap17_3_,
        member0_.roadmap_enrollment_result_by_web as roadmap18_3_,
        member0_.roadmap_updated_by_email as roadmap19_3_,
        member0_.roadmap_updated_by_web as roadmap20_3_,
        member0_.url as url21_3_ 
    from
        member member0_ 
    where
        member0_.nickname=?
2021-03-12 14:34:17.293 TRACE 43004 --- [    Test worker] o.h.type.descriptor.sql.BasicBinder      : binding parameter [1] as [VARCHAR] - [epepep]
2021-03-12 14:34:17.353  INFO 43004 --- [    Test worker] com.roadmap.filter.ApiCheckFilter        : REQUESTURI : /admin/member
2021-03-12 14:34:17.353  INFO 43004 --- [    Test worker] com.roadmap.filter.ApiCheckFilter        : false
2021-03-12 14:34:17.355 DEBUG 43004 --- [    Test worker] org.hibernate.SQL                        : 
    select
        member0_.id as id1_3_,
        member0_.moddate as moddate2_3_,
        member0_.regdate as regdate3_3_,
        member0_.bio as bio4_3_,
        member0_.email as email5_3_,
        member0_.email_check_token as email_ch6_3_,
        member0_.email_check_token_generated_at as email_ch7_3_,
        member0_.email_verified as email_ve8_3_,
        member0_.from_social as from_soc9_3_,
        member0_.joined_at as joined_10_3_,
        member0_.loc_id as loc_id22_3_,
        member0_.nickname as nicknam11_3_,
        member0_.occupation as occupat12_3_,
        member0_.password as passwor13_3_,
        member0_.profile_image as profile14_3_,
        member0_.roadmap_created_by_email as roadmap15_3_,
        member0_.roadmap_created_by_web as roadmap16_3_,
        member0_.roadmap_enrollment_result_by_email as roadmap17_3_,
        member0_.roadmap_enrollment_result_by_web as roadmap18_3_,
        member0_.roadmap_updated_by_email as roadmap19_3_,
        member0_.roadmap_updated_by_web as roadmap20_3_,
        member0_.url as url21_3_ 
    from
        member member0_ 
    where
        member0_.id>? 
    order by
        member0_.id desc limit ?
2021-03-12 14:34:17.355 TRACE 43004 --- [    Test worker] o.h.type.descriptor.sql.BasicBinder      : binding parameter [1] as [BIGINT] - [0]
2021-03-12 14:34:22.095 DEBUG 43004 --- [    Test worker] org.hibernate.SQL                        : 
    select
        tags0_.member_id as member_i1_7_0_,
        tags0_.tags_id as tags_id2_7_0_,
        tag1_.id as id1_21_1_,
        tag1_.moddate as moddate2_21_1_,
        tag1_.regdate as regdate3_21_1_,
        tag1_.title as title4_21_1_ 
    from
        member_tags tags0_ 
    inner join
        tag tag1_ 
            on tags0_.tags_id=tag1_.id 
    where
        tags0_.member_id=?
2021-03-12 14:34:22.095 TRACE 43004 --- [    Test worker] o.h.type.descriptor.sql.BasicBinder      : binding parameter [1] as [BIGINT] - [17]
2021-03-12 14:34:22.135 DEBUG 43004 --- [    Test worker] org.hibernate.SQL                        : 
    select
        tags0_.member_id as member_i1_7_0_,
        tags0_.tags_id as tags_id2_7_0_,
        tag1_.id as id1_21_1_,
        tag1_.moddate as moddate2_21_1_,
        tag1_.regdate as regdate3_21_1_,
        tag1_.title as title4_21_1_ 
    from
        member_tags tags0_ 
    inner join
        tag tag1_ 
            on tags0_.tags_id=tag1_.id 
    where
        tags0_.member_id=?
2021-03-12 14:34:22.135 TRACE 43004 --- [    Test worker] o.h.type.descriptor.sql.BasicBinder      : binding parameter [1] as [BIGINT] - [16]
2021-03-12 14:34:22.179 DEBUG 43004 --- [    Test worker] org.hibernate.SQL                        : 
    select
        tags0_.member_id as member_i1_7_0_,
        tags0_.tags_id as tags_id2_7_0_,
        tag1_.id as id1_21_1_,
        tag1_.moddate as moddate2_21_1_,
        tag1_.regdate as regdate3_21_1_,
        tag1_.title as title4_21_1_ 
    from
        member_tags tags0_ 
    inner join
        tag tag1_ 
            on tags0_.tags_id=tag1_.id 
    where
        tags0_.member_id=?
2021-03-12 14:34:22.180 TRACE 43004 --- [    Test worker] o.h.type.descriptor.sql.BasicBinder      : binding parameter [1] as [BIGINT] - [12]
2021-03-12 14:34:22.232 DEBUG 43004 --- [    Test worker] org.hibernate.SQL                        : 
    select
        tags0_.member_id as member_i1_7_0_,
        tags0_.tags_id as tags_id2_7_0_,
        tag1_.id as id1_21_1_,
        tag1_.moddate as moddate2_21_1_,
        tag1_.regdate as regdate3_21_1_,
        tag1_.title as title4_21_1_ 
    from
        member_tags tags0_ 
    inner join
        tag tag1_ 
            on tags0_.tags_id=tag1_.id 
    where
        tags0_.member_id=?
2021-03-12 14:34:22.232 TRACE 43004 --- [    Test worker] o.h.type.descriptor.sql.BasicBinder      : binding parameter [1] as [BIGINT] - [4]
2021-03-12 14:34:22.286 DEBUG 43004 --- [    Test worker] org.hibernate.SQL                        : 
    select
        tags0_.member_id as member_i1_7_0_,
        tags0_.tags_id as tags_id2_7_0_,
        tag1_.id as id1_21_1_,
        tag1_.moddate as moddate2_21_1_,
        tag1_.regdate as regdate3_21_1_,
        tag1_.title as title4_21_1_ 
    from
        member_tags tags0_ 
    inner join
        tag tag1_ 
            on tags0_.tags_id=tag1_.id 
    where
        tags0_.member_id=?
2021-03-12 14:34:22.286 TRACE 43004 --- [    Test worker] o.h.type.descriptor.sql.BasicBinder      : binding parameter [1] as [BIGINT] - [3]
2021-03-12 14:34:22.344 DEBUG 43004 --- [    Test worker] org.hibernate.SQL                        : 
    select
        tags0_.member_id as member_i1_7_0_,
        tags0_.tags_id as tags_id2_7_0_,
        tag1_.id as id1_21_1_,
        tag1_.moddate as moddate2_21_1_,
        tag1_.regdate as regdate3_21_1_,
        tag1_.title as title4_21_1_ 
    from
        member_tags tags0_ 
    inner join
        tag tag1_ 
            on tags0_.tags_id=tag1_.id 
    where
        tags0_.member_id=?
2021-03-12 14:34:22.344 TRACE 43004 --- [    Test worker] o.h.type.descriptor.sql.BasicBinder      : binding parameter [1] as [BIGINT] - [2]
2021-03-12 14:34:22.397 DEBUG 43004 --- [    Test worker] org.hibernate.SQL                        : 
    select
        tags0_.member_id as member_i1_7_0_,
        tags0_.tags_id as tags_id2_7_0_,
        tag1_.id as id1_21_1_,
        tag1_.moddate as moddate2_21_1_,
        tag1_.regdate as regdate3_21_1_,
        tag1_.title as title4_21_1_ 
    from
        member_tags tags0_ 
    inner join
        tag tag1_ 
            on tags0_.tags_id=tag1_.id 
    where
        tags0_.member_id=?
2021-03-12 14:34:22.397 TRACE 43004 --- [    Test worker] o.h.type.descriptor.sql.BasicBinder      : binding parameter [1] as [BIGINT] - [1]

MockHttpServletRequest:
      HTTP Method = GET
      Request URI = /admin/member
       Parameters = {page=[1]}
          Headers = []
             Body = null
    Session Attrs = {org.springframework.security.web.csrf.HttpSessionCsrfTokenRepository.CSRF_TOKEN=org.springframework.security.web.csrf.DefaultCsrfToken@10001bc2, SPRING_SECURITY_CONTEXT=org.springframework.security.core.context.SecurityContextImpl@ba992ab8: Authentication: org.springframework.security.authentication.UsernamePasswordAuthenticationToken@ba992ab8: Principal: org.springframework.security.core.userdetails.User@b2b359c1: Username: epepep; Password: [PROTECTED]; Enabled: true; AccountNonExpired: true; credentialsNonExpired: true; AccountNonLocked: true; Granted Authorities: ROLE_ADMIN; Credentials: [PROTECTED]; Authenticated: true; Details: null; Granted Authorities: ROLE_ADMIN}

Handler:
             Type = com.roadmap.controller.AdminController
           Method = com.roadmap.controller.AdminController#memberList(Model, Integer, Integer, String, String)

Async:
    Async started = false
     Async result = null

Resolved Exception:
             Type = null

ModelAndView:
        View name = admin/member/list
             View = null
        Attribute = memberList
            value = [Member(id=28, bio=null, email=epepep@email.com, nickname=epepep, password={bcrypt}$2a$10$kLSBDF4TimhRaXrEvXZnxOU.pZpR8YQmC9naNJevRrBUyQYCN1yN2, emailCheckToken=3821e686-7490-4097-86c3-1763fb550047, emailCheckTokenGeneratedAt=2021-03-12T14:34:17.106584, emailVerified=false, joinedAt=2021-03-12T14:34:17.106584, occupation=null, url=null, roadmapCreatedByEmail=false, roadmapCreatedByWeb=true, roadmapEnrollmentResultByEmail=false, roadmapEnrollmentResultByWeb=true, roadmapUpdatedByEmail=false, roadmapUpdatedByWeb=true, fromSocial=false, posts=[]), Member(id=17, bio=null, email=aaa@aaa.com, nickname=aaaa, password={bcrypt}$2a$10$A90XMkXHwJ04Ya7O/9filOxUHTFnpFCmy/UtKgJ.rMOamhiZy3ATq, emailCheckToken=c7c23797-c0d3-430b-96c7-b26a026fce0c, emailCheckTokenGeneratedAt=2021-03-11T16:02:56.257634, emailVerified=false, joinedAt=2021-03-11T16:02:56.257578, occupation=null, url=null, roadmapCreatedByEmail=false, roadmapCreatedByWeb=true, roadmapEnrollmentResultByEmail=false, roadmapEnrollmentResultByWeb=true, roadmapUpdatedByEmail=false, roadmapUpdatedByWeb=true, fromSocial=false, posts=[]), Member(id=16, bio=null, email=aaa@aaa, nickname=aaa, password={bcrypt}$2a$10$rQ3Mw1txa5ExcZuq5z9y7uGw7Fn1LGURZK8ma5QbMHeNNw.foXAY6, emailCheckToken=6a33170a-4a94-4c50-b89e-c16db2aac936, emailCheckTokenGeneratedAt=2021-03-08T18:44:50.562861, emailVerified=false, joinedAt=2021-03-08T18:44:50.562791, occupation=null, url=null, roadmapCreatedByEmail=false, roadmapCreatedByWeb=true, roadmapEnrollmentResultByEmail=false, roadmapEnrollmentResultByWeb=true, roadmapUpdatedByEmail=false, roadmapUpdatedByWeb=true, fromSocial=false, posts=[]), Member(id=12, bio=null, email=whddn528@naver.com, nickname=임종뚱, password={bcrypt}$2a$10$KNim5wCIHs0UE3ZtOqamYef9dDMNGfGjxi6DuR5HC.f/89PZFoXXm, emailCheckToken=7592bbc9-a96e-4910-8268-3cb33381e044, emailCheckTokenGeneratedAt=2021-02-25T14:14:33.385047, emailVerified=false, joinedAt=2021-02-25T14:14:33.384718, occupation=null, url=null, roadmapCreatedByEmail=false, roadmapCreatedByWeb=true, roadmapEnrollmentResultByEmail=false, roadmapEnrollmentResultByWeb=true, roadmapUpdatedByEmail=false, roadmapUpdatedByWeb=true, fromSocial=false, posts=[]), Member(id=4, bio=Spring Boot & JPA를 공부하고 있습니다., email=kjuioqqq@naver.com, nickname=kjuioqqq, password={bcrypt}$2a$10$4utPZyilersjCJ/5FbLd/.t9FFaKiAeCuwdqBLjtQkqJydR/AXghi, emailCheckToken=8f5eadcc-b234-41cb-9fab-6baaab482deb, emailCheckTokenGeneratedAt=2021-02-25T07:42:04.900712, emailVerified=false, joinedAt=2021-02-25T07:42:04.875190, occupation=백엔드 개발자, url=https://github.com/eastperson, roadmapCreatedByEmail=true, roadmapCreatedByWeb=true, roadmapEnrollmentResultByEmail=false, roadmapEnrollmentResultByWeb=true, roadmapUpdatedByEmail=false, roadmapUpdatedByWeb=true, fromSocial=true, posts=[]), Member(id=3, bio=null, email=kjuioq@nate.com, nickname=kjuioq@nate.com, password=1111, emailCheckToken=6d1037ea-7a9c-4ed3-a101-947d3a46fb59, emailCheckTokenGeneratedAt=2021-02-25T00:34:58.117814, emailVerified=false, joinedAt=2021-02-25T00:34:58.112823, occupation=null, url=null, roadmapCreatedByEmail=false, roadmapCreatedByWeb=true, roadmapEnrollmentResultByEmail=false, roadmapEnrollmentResultByWeb=true, roadmapUpdatedByEmail=false, roadmapUpdatedByWeb=true, fromSocial=true, posts=[]), Member(id=2, bio=null, email=kjuioq@naver.com, nickname=eastperson2, password={bcrypt}$2a$10$fiAzJ99QsZlQprWsmRGpDeky4lU1cI396Bcmvh8bmlnyoitByReBW, emailCheckToken=567e758e-3870-4762-8a55-ac94ec4049ad, emailCheckTokenGeneratedAt=2021-02-25T00:22:08.169630, emailVerified=false, joinedAt=2021-02-25T00:22:08.169539, occupation=null, url=null, roadmapCreatedByEmail=false, roadmapCreatedByWeb=true, roadmapEnrollmentResultByEmail=false, roadmapEnrollmentResultByWeb=true, roadmapUpdatedByEmail=false, roadmapUpdatedByWeb=true, fromSocial=false, posts=[]), Member(id=1, bio=김동인입니다, email=kjuioqq8@gmail.com, nickname=eastperson, password={bcrypt}$2a$10$P/PUDqJDw3haYBBHh0L/tuc5hfKbEtAK/KElXLLXnVFVWDOy/AZM., emailCheckToken=02d85159-6f70-4773-b47a-5182b71da455, emailCheckTokenGeneratedAt=2021-02-25T00:20:18.052638, emailVerified=false, joinedAt=2021-02-25T00:20:18.050949, occupation=백엔드 개발자, url=하하하, roadmapCreatedByEmail=false, roadmapCreatedByWeb=true, roadmapEnrollmentResultByEmail=false, roadmapEnrollmentResultByWeb=true, roadmapUpdatedByEmail=false, roadmapUpdatedByWeb=true, fromSocial=false, posts=[])]
        Attribute = pageResultDTO
            value = PageResultDTO(dtoList=[MemberDTO(id=28, bio=null, email=epepep@email.com, nickname=epepep, password={bcrypt}$2a$10$kLSBDF4TimhRaXrEvXZnxOU.pZpR8YQmC9naNJevRrBUyQYCN1yN2, emailCheckToken=3821e686-7490-4097-86c3-1763fb550047, emailCheckTokenGeneratedAt=2021-03-12T14:34:17.106584, emailVerified=false, joinedAt=2021-03-12T14:34:17.106584, occupation=null, profileImage=null, url=null, roadmapCreatedByEmail=false, roadmapCreatedByWeb=true, roadmapEnrollmentResultByEmail=false, roadmapEnrollmentResultByWeb=true, roadmapUpdatedByEmail=false, roadmapUpdatedByWeb=true, tags=[], fromSocial=false, location=null), MemberDTO(id=17, bio=null, email=aaa@aaa.com, nickname=aaaa, password={bcrypt}$2a$10$A90XMkXHwJ04Ya7O/9filOxUHTFnpFCmy/UtKgJ.rMOamhiZy3ATq, emailCheckToken=c7c23797-c0d3-430b-96c7-b26a026fce0c, emailCheckTokenGeneratedAt=2021-03-11T16:02:56.257634, emailVerified=false, joinedAt=2021-03-11T16:02:56.257578, occupation=null, profileImage=null, url=null, roadmapCreatedByEmail=false, roadmapCreatedByWeb=true, roadmapEnrollmentResultByEmail=false, roadmapEnrollmentResultByWeb=true, roadmapUpdatedByEmail=false, roadmapUpdatedByWeb=true, tags=[], fromSocial=false, location=null), MemberDTO(id=16, bio=null, email=aaa@aaa, nickname=aaa, password={bcrypt}$2a$10$rQ3Mw1txa5ExcZuq5z9y7uGw7Fn1LGURZK8ma5QbMHeNNw.foXAY6, emailCheckToken=6a33170a-4a94-4c50-b89e-c16db2aac936, emailCheckTokenGeneratedAt=2021-03-08T18:44:50.562861, emailVerified=false, joinedAt=2021-03-08T18:44:50.562791, occupation=null, profileImage=null, url=null, roadmapCreatedByEmail=false, roadmapCreatedByWeb=true, roadmapEnrollmentResultByEmail=false, roadmapEnrollmentResultByWeb=true, roadmapUpdatedByEmail=false, roadmapUpdatedByWeb=true, tags=[], fromSocial=false, location=null), MemberDTO(id=12, bio=null, email=whddn528@naver.com, nickname=임종뚱, password={bcrypt}$2a$10$KNim5wCIHs0UE3ZtOqamYef9dDMNGfGjxi6DuR5HC.f/89PZFoXXm, emailCheckToken=7592bbc9-a96e-4910-8268-3cb33381e044, emailCheckTokenGeneratedAt=2021-02-25T14:14:33.385047, emailVerified=false, joinedAt=2021-02-25T14:14:33.384718, occupation=null, profileImage=null, url=null, roadmapCreatedByEmail=false, roadmapCreatedByWeb=true, roadmapEnrollmentResultByEmail=false, roadmapEnrollmentResultByWeb=true, roadmapUpdatedByEmail=false, roadmapUpdatedByWeb=true, tags=[], fromSocial=false, location=null), MemberDTO(id=4, bio=Spring Boot & JPA를 공부하고 있습니다., email=kjuioqqq@naver.com, nickname=kjuioqqq, password={bcrypt}$2a$10$4utPZyilersjCJ/5FbLd/.t9FFaKiAeCuwdqBLjtQkqJydR/AXghi, emailCheckToken=8f5eadcc-b234-41cb-9fab-6baaab482deb, emailCheckTokenGeneratedAt=2021-02-25T07:42:04.900712, emailVerified=false, joinedAt=2021-02-25T07:42:04.875190, occupation=백엔드 개발자, profileImage=data:image/png;base64,iVBORw0KGgoAAAANSUhEUgAAAJoAAACaCAYAAABR/1EXAAAgAElEQVR4Xuy9B5Rl6VUe+p18br6Vq7s6TE/3dJie0JNHAQ2CZYQQQmDZZD1s4CEDCyQksJ8A87AwGBZBWCCMHxIYYbIETyAQSTJCSDPS5NAzHaZzdVdXrptPPm99+7+n6tatW9XdGvxWzYirNaquuvmc7+zw7b2/reEl3M58wEqzp2uadkOvxMen6erT5bn6+l83vJ7Wd7+OBAnfVlc/9cRAmsofkGgRojiC45hIPCCFhUS34CEPTx/CiUs1PPXCVTz2QoKry0AjdGGV8kgAeM0mHMNE4kfQNcDJ6YjSBFFkIk4COE4MQ0tRLY1hfGQMp0+dxFA1D9eJsbzQxsQwkDcAJwVee98IDt1UwdSoA0trA2kLnc4iCnkHdqw+aySfP0WqJUAaw0j5KXQgtYBUR6rHABJoqQ5AQ8r7AKQp/77+tv6YZo9TB4739Z4nOXbdmzxPXl89jrfb3+3f2EndAgEv6YW+GKD1ftGXCjRNM0BcEVTQ1EHXEg1aYsi/TT0Fj1mYOEjNAnzLwYWFBI89H+Iv/2EWiz5QD3kKLaRpDoZuwzA0BEETCEMBmc430E15PSfnIohC6LoOXQdMA2jU6igUykijCIAP29TQaUUoukCx4MJreJgYAfZPWfjKLzuEPeMpyu4S/NoMqmaJlwRC0xewEUAEk56kMFLASPjddMS8KAm17pXGz8QTx7/1H8Pec712nz7wcbG8Qs+tC7TsL7e9y3tJ+Oh96Zf0Qv87gTbI4q23aDqgKUBBo0XgiVYHTo91ZR0TDTEcROYIZtspXphZwfPnWzhzwcbzF1poGi5S00XohdD4nNiQKz5JfVi2hjD0kdDIRDqKxRJ834Np2+j4MYolF2ncRhzHMPQcwiRBGgfQ9QQWraH83UEa+7CNBHHHR84A/tWbhvHQAxMoGw2U0wBW2kFsdJDoPO3KwvFzGIkGK01A+IWahZhWT4+hIYGRmNBSBb5eC9RvUJIk6VowZal6H0sQ9lo0defa4/jrtgHa+Q/Y13B2/V99/e/9X/TGXCcPio44oTswYNgGgsiDaepI/RAGDOipjXqQw4w/ir98+EX8zWMBQuIzdtDopIicAqIUsNIQSRDBSAxEcYrUspAYKVIjQhRFMFMDjmnDgE0HhlSn2w9hagF4MhPNRaIbCJMOTCNFEgWwTQumZiOJAUszYRoxEr+BxIuwcxL4pq/dg4duK8GNrwJhAwatr05XbSIMU7hWHnoYi3sMdR2xHiMyImhJCis2+e0EKL0noN+6yUXDK6XXaIlb1AWAmUVbfd4rBWj9VuqlAY1HzxQ3FkYxdMtElERyYnIWHZIDz6tgKRjGH37yFD75RBs1zUSQuMilDsIY8KMUMWJYiICIwDERpiligsYADEtZNZ5WWikjNSUGTHVa0gSmHiMMQ9oY6KaBGBE0M0HoB7ANGxpoeXQgBgxNh2loyDk6LKMNI2riO75uCK+7Yxi5ZAE22rBNXSxkqlmIIn4uXYUGjOMIVCNeBzQCpf9K7wXblyTQ+pOFQab7xiwa4ycTqZ4i0kKYpokwSGEKyAK04jJa8a34pd/4LJ6+DNQTHaFuItVsWIENx3Lh+e0uYFSsYxo2QkRgiMefjMNo0fRUgSQRIGvQNUfiKVM31GvECVzbFpARFH4QQ9dtsU6GqSGOOuLK0zgVYFqWibIboGpFeM/33oN9w5dQ1hehe7p8j3bsC3CzC1NiSCYKOoO2FGZCe01gb4iy1sVimwMNXYumIqdXlEUblJX2HyaejK2Shf6skwc7TEIYOQ1BGMLUXYSJjtSyEdr78P4PP4e/+McQScFBYhXQajfEauWdIsJ2AF1LoTFz02k5dBimrU6doSwjb0mkMjVNSyV2k3xQc8Va0QXRetEaOhZBBeiGhXaQIEkN6JaOIGwjZ6ewJW7T5XmdIIRjxjDCFu68Gfjh7zyCqWINWrsOR4vhJwHsvAM/CgXYSapcXZoy81QxqEG3qDGC23jLgHO9QFsF2yvBdV4LaLz/Ri0aD6jlmKi323BcQwL3VphDYewO/PbHnsVv/VkDQc4BbAu+H8JKLISeD5vZY+Ah5zgqxiJgUk2CerFsktLFKuvLAmo9RZgG4sp0Zru6IRluGidIA5UAmHoiLtxLgJBZqAHk8iaSsIUkjKBpFhzTRavTRt7NIQwCFPU29laB//SuezFZmIUWzCENI8T8HLa1zmbRsgrzwcyawKOV+2egrT8CWwEtu++GgaYxbY9hWin8OJEM06ocxu9//Ax+809qCMsO5tuAm7OQRDFc3QGDM5+uzNKRsx1ECRhZIYxScXcElq0ZQjGIpyLQDF1IviiNBGhykpkQROTTTMQBf9LqpLAsC5GmLCyBRitoaDHKpQJaTV9cnu2YWFmuw3KKcDUfTuThX37VML7+9aMYdhZR1CKkYYhQss4uh6YZ0FLyhEJqEO0KdJvcMs5scDKw3nV+yVi0LwZodHUEieNYSKMOIsZN7hT+7tEFfODDi2ibNuqxBj1flAC77XkCCtc0YEGD7/swLAsxg3tNFxeskSZJEpiaBT3WJAbjCZPYX9MkQ1VAo4NN5D5DNxEwYzX42BimYcCEizhK0Q7ayOdtIcTo5ug2CcpCLo92pymukAmAbQDt+SZ+5Lt34/V3lVEOL8NJmgJwJkwRiQ+x+HyPBLFBy0q+kITu1gzV9QJNwNaXnb0s6Y1BFi1LCL5YoGkM3iU2SwFnDBdbE3jnTzyKjmGhERbhoQPNMCQ4tyxH0QERs1IDURBK7EMXyMCbgb5GriqJGOYLpySuSsAj/hIR47+UDD5PfSKBOz97xw/k3wQBaQdbc1R1IkngRz5MW4MfBahUhlGv1yVeI/0RhB5SBl2pASuuYd8w8F1ffzNee0iDG1wBfXicRhIX8iafhymAHnYrIQRal0vcxLK9IoB24decdCtmOvvum5Wn+ksi2eP7aQ9DiMy17EjODRnzxERqmHLld+zd+Hc/+RQu1YFELyBKTETw5HlRyP834Jp5ydTId9HNaSkB1XOisphHguI18tIgjSDcWSrgoYWjBaPVEleZxGIhbdsmQwXDsOT+drstQOXjLdtGwJisWESn3ZYMlwC1bRN+0AaLY1oAfOubbsIbb4+wf5yJRwtJGspr8RgEXgjXNpEiQESCmL5ZkpK+W4+Vy87PoPOUles2O4e3bpfKwEsFWpZF9lv/6wYan2iWEBpV/L+fPof/5+MBPLuMNFEnWSUIEZKA9IQjwTgpCz9tCS1CekTMRV+2RZCJy+SDxWsq15UBjZUI3keg6bqJcrksNAjfk27acRwBIN+70WigUMyh0+nAdV0kZHDB/CQHz1cgTJMOotiDHqfYP5bge79+D+47SPZuAUg9ccekUJgIs0SGJFilJ5JubXcd1K4baOoie9kCLbNgvWn25mHrxnt6gbYuG03WJ/O0ZO24guVwH37w/34Y8wBid0jY+FarBSefQxhHAiZdI4FqievR9BApa6NdVzgIaL2fingjsPh9CKQMaFGYCHj492q1iuXlmlg8sUCGIaD2PE+ewwQgAy+tX84tiDUSGkULJQvW4gS5xMMb7we+6613oqhfhhEvw9QtVeoyLOH95N90q12fqixTz+1LEWibuc2tgHe9QNNNDYm7H7/8O6fxV48EiAt51Dq6WBfHcQHLQMdT8RP5MFofui+XpC5jn+750ZBlc9mnWt/F0As0yUJpDQm8Ls2grJ6GQqEklkviKV1loQQF35O/5/KO3M/PQ2tYKlXkflYfCN6o4yFvNTHpAt/zzTfhwVtiGMFV4czkojVpJVUSooCvrONmQOu1VFu5zs2s2rZxnYNqnf2E640AbWNJKisKdwHQ01ZEZj7VDHTsQ/jOH3sSc14eiWFLt0NtpY5iuQJ24Xix6rZgjBOzjhkr+oKWTYgCtmisvjy7PTKCVtUJs98zN5rxaqqDQ5WMJF7r/iwUCqjXmxKLSTlJrGAoSQsfJxaa7jJNkbNyArpGuyPxndeswYCHoVKIu/cB7/rmg6joV4AoEEsW8f1YmRAOj+y2dA5IPLkOSF2Ldn1A6zOGPcf41ncFL6npoveVX9ILXQtoN+Iu+dhrAU141OxAaBa82MSMtwff+h+egz60A3HQktgoDGOEUQLNZjEacqIdx0bQCSXbI8Eq4CAvpnfJT2aT3f9UJUBZkX73n/1OkEnZi1lv9ydjM4KLlorxGj8LXWe1Wsby8nLXyqlDTrCRPB6qjqDlhRIn+p0GDCNEPqdjxG7ix942hTt3x9CjOpIkgMBNZ91VvY/e5di+WKCR4N6MDeBn3LZAuxHrNQhYq46rh4nsfc1VoKUEkAs9twO/+bET+K1PAi1jFCMFBytLPKE2TJ7k2IdmM5ahNdGgRTos3UQUxApIXXBvBqbMpYgV6sZovY8lWAiyVrODXC6nTr6uC9AYI9JKMR5TbrWAWq2GfN4VELImG3Q85AolGGYezWYLRhrDdU20gjYmig28+Q7gO950AHnMAXETPj+zwcxWUSckO67Hog2ybKo8pY74ZmD7kgBaZlE2A1qgl+GZU/jZDz6FT54AEncMLoDAY7zjyAkPkrb0LGqmJpal6BQQeywFMY4jTWFI52yvu1yXXXaRz7/RAmbAW42RxKKwAXINUAQcCVxmonzOysqKxGXDw8PyWIKsUMiprNgy0Gx7qA5NYHl5BXnLFpfOVqaCPo8DhQQ/9c7bMWFdRRotIGWMphtI2OfJ9igJJa/tOv8ZaN2+KCls91xZDHKzE86TxSuPV7BwVhGBosE3RnHF24V3/+wjmGdtUR9G4sfSwMj2QNt14Htk18mBpbB0C4mvKAKWk+Tg66ayDKs0xlpcxvfN3CItVT6fF8DQPWbBPZMCAanwWerG55mmLZ9RVQvS1QRhaGgIzWZT7ouiAFEcgPSEbuZhGha8Wl3eJ9JiuEYDVb2F7//mm/G6QyGs6Ap8STJMqQmzB48hgbqtb1jMqgW9rn9QGPOlY9FuEGiSPXYD9I65E1+4WMWPv+9JxC5g2CNotcg52bByebFgKRMBLYVhGVIq0gIVtCcmTxABsvZ6BFsW6Gfg42P5nvyP4CLIMi5NgNoleC1TxUxrF4clj82eSzeaJQYEHy8W0iKNRk0qDppwfAY6y3WUK0W5MAx0YKcr+Kp7C/i+t0zBCs5AZ5Gd9Ar77zS2PGUx6xcHtN5sdRAVdeSHtsnMQH8ycKMxWtbpmaXpa/xbdtJUbJSBS/FIDO5jdJyb8OH/1cBv/PFllMoF6FYJ9TbrlyZyxZwQpeyukMYc24BBHs3XhVdj6zTrj9lsQRZbZQDLAEdAMM5SFkiBI2P8e11plgTw89EK8kbLxLJXZqkJVHb/8sYylHwvqIoCdFtiuPrSMvKODdbwLRvwgzoOjAb44I/fj3TlaWkEkBJZ0rXI3Vb2a9Ebg6iNzBIOsnpZMnT4ndtkZuD/D6CtxWpd9yT1xxRt9wDe/atP4wungUpuWDo3WkEg9UGSmXKLCDMW3h1osYY0NBFEPiKzI5NFrB3yERmw+q/qzE3zM9A6ERwEHt1fVufMwMjXcN28AId/Y6xGXo0AUxRHjFxOtSXxIpA4z9TktdhRyxiuubIsNIyuxYruSEOU02X8/k/fh0J4EkgDqQpYJgGnKhqKydia3rgW0LLYszd84Xd+xQFNqPx1MVq35NN1DbxixeVwUIS8pWliBXvxLT/+DOZ8E0VnROqeHieUHAbLbbE+bAnjSxfdHOIgBVtnoyREZPoyzKKAprouspt0wLKdgmF2olh4usYsASAAeJIJIBKy/DtjMt6y+I3JAN+fn5NxZafTWqVA+HfGehnh2vY6AjRmo167Ke1GltRx5QWh1afxi98/hbv3xUDaQEQKp1vMJ2H8UoC2OQDV0TjyQ+FLor9648KX9EL/VBbtWkCTySD2fXVPPk/o6aUyvvOnz6OW5lEpDEv3ajsM4LqMY9rQdQ0xXUsMlHMl+J2AtoKToAj0UCgPdtvyxNIdCVsfxxLbkXrojdl4QiWLDQLJJhlPqaBeFdX5u6oEkBSOhRjO4joSt1nZSEDbTWikQuHaaLc9AZXpcGbUlwZJR89L1SF1TLjBJbzjzXm85bWTCMN5JFFLSlJyIaz2166vZPQmA73Wqj8h2IrWeUUBjYMbyjUOtmjs4JK4LRts7cZrtpPDp59p4Uc/1MZyWsTo8JB00IYRpBtCjz1xjTEnohINw/lhdFptRdLqCYJUlYU4QMKeM9/vqK6KTkfFWJpqAcqA4XuhxFC8n7EXLSz/zc9GF8nnEPwyXyB8m4rpsqyTgCIws7poFme6lilAC5lXmBp0K0Wz3kDOqEiDJCygrF3C217n4FvesA+d9jQsPexaYTYqZZZ4I9D6rdVW1muz+14xFm0Q0LJMKiMUs5MlgTqzTgb3Vgkf/dQV/MJHgIZZwuTEiMQ9ppWT4Q0jjWC5BmodT8AwXBqG1/JkVlMzDWmz9rxATSaZBEEdo6OjEqTzoBM4UgTv1jL53rlcQeImeZ9uJYCWNiNgCThVY6WbVbEXQUkLycf0Zp38G4EbBypxYNmsHXRg5wy0Gm3kjJI0SLoFB3rrDL7x1cC/+YajSIIrMHQPSZgoS9xD2K6zXGzm7FMBGASm/upHxidmYczhd26TEtS5/8ah/2tLGfSb7LXf1ZWoQnZxMKo5kd2o5KHYbyY8FbmzBKmpw48MWM4U/vR/Xcb7PuqhZVUxVC3KSeYJJDDZos3SkhfFyOeKsE1T7nNtB7QibDjk72GcFafVT4KYr7OWIeqrnRjkygrkuLrvw8/LMtfwcHXV5TJbJBj5/MzK8X3oLlVs5gv4mq0W8pxlYOtPmqLWbqoBGQ7shQkKTl4aNB3LRlw/g294jYZ/+9Y7gOgStLguc6YbMk3pkF1/pHtd4yCgyehgT9mt99n8+7apDLx0oHVh1m2RZruzXJndn1piChVppCFSI0bMbgitAM3YhT/99Ax+5WN1NFDGUKWKMPLhdPkuw7bFGkVJinyxLCda+vt1HY5pwOs0BBwcFqaFoxuU/rEu0Agm/s7/pMXHcpWVMx0BDEtJtEgcMiFAR0ZGsLy8CIfvmzJGU6UoPiereZZKzECjbuOkIY/1WsqdLjVq0lYu1s9lfYMJZiQXDNrn8NDtwPd+251AcAFWWodlcJhZNQmsA8cmQNvsQs+Attn924ZHy4CWfdBrDZdsCEa7Xaurz5N6USJAk/71RJMWGbrCVE/gJxEMZwgRduIPPnEG/+0vPCTFUVRKZdQbKyh0eS7DMFFvtqVyXSyUhXZgrTOl+00TeO2OUCBqUkkXl6maEhUBSn0NoUQYKUlnhrJ4GWFLOQJaXC9gHRMS37GfLKuHElwE1vz8vPyUIeMkkeeruU62YKcIPRXzNTrKEmeVB7kIGPfpOgraHG6fCvGeH3gAun8WZrIiMRpLUP1WbZBFy9zjoESAFZStbkffuU0I25cOtK5WRhbs92hpSJzQjZH0JBRX2AkDGM4oNGsP3vc/HsdfPAd49k4Ucg5SEplCfRAcHCaO1fykm0c+X1Q8GNuhQw+RT5afI3gdaRYic58Bja6PlooxF8FON0g+jOCpVCoq9ul2PXR8T1wlqwy8f8eOHVhaWhD3SoCxzpmBLyN4xYW7ykKyaqHajejOQzntnk/qBfIZSzkXJXMRY2YL/+U998MNzsHCipTTFDe3tUXLQLRZvJYBrT9WywjbW9+xTQjbfqDdmGWTiKw73aPETWSgQyFMXor0g0wlMY5gzMUZTL2MXOEW/Ief+xyeXNJRSycEaBwgoXsUy2OzsB3I1BJPYi5PigES8xBUvOUc1k0DAZuKyUx5PK1To6mARqafACIwGNxXKtVV4PA1pFM2l5OfFICZmJiQZEGRszlpDaIVI7gy8K3Fb5ZQLOyPY6LRbLThmJbEa/yutJDVXA4lawVWu47/+lOvQik8AwcrkghIKazPIm02fvclCbTsS8uUdbcXX/h5aputtrwm3Xpft6FQRtwMhJqGMCmgWDmId//0P+LJRR01fVKufOk5Y91GTlwOtVoDuWJB3CHbpll6KvCENpvCsTGrZAGh3W6ulo2COBGr5VEkRtqxleXIykqmyZkDRclkwX6Wgaq/BeIKCSY+nwDMnkuwZbMEyhqFAj4mADlDFeylkZLWMQrUIItjo6QvwWw38Ws/81oM4TzseGGVSNZNxaetWq5N5jyvBbTN3Oe2dZ39H7g/Zuv9whL4d2vBjHk4KCJgo3HTWOtUbkEsms4mRYZsnGwqwM7dhJ/59UfwjxdtLGMcOdOWRsJSoSiBust2m267M9uAbFvRC8xAecJZyLYtQzJQ32uLuyJQ6GoZ5FPWgI/j8wgW11UWkq+R8W1ZJpkF/SpmIwmrKgKZJZRyU6xUidi9kRXYya21vA7i0IeV2ojJu+kmDNdG3eOQS4SCY8MOZ2B22nj/ex/EuHYBbrIscSVvcZ8Jux6L1nsOXrYx2lZA67+qMosmnrILNAGbaEpQ64ztOxnQONKWql4svYhEm8CHPvo0/ugLgDF0GIhVNpdzCQwlqJIRrnx9yhQQ1QSBdG+kKWzLQs42JOgmKAyhQAKYjo18oSRuT2ZBZdjEVMVvunPT7LpV1YXBoZRLly4JD0erVCyX5XEEGK0bgW/qamCZQGPiobqAfbHaTf6eUhBGg2O70GwTtU5LLkKTyUtwGeUowvvf+wDGjWlY4YLEcBJX9c+kXIdFW3+xd+dUu5xbFptlj9k2Fu3sr22tjzYoC806NDK+TAFNDetm3RQUWVEFFhXDUYWHonsxYxO9ABij+JNPXcIH/7aFpHCwG5ArPo5DJwQTT2xRNDaUlRELlXPFPTGIr5SKqBRYDWiJe9V0HSsrdaE73JyqAtBd83l0xWIJk1T+nZGzTAToDmdmZjA2MY5WS7Vv0youLS2tPa97BdK1qnnQAD7bjvKOANpOLFW/ZD7p2ghYJosCJGGAIXMJw1oHv/CjD6ISn4OVLMmshLjZHhMm4Nhiar0XYGvhS19Foc9SvHKA1v1ikgr0A42yA5nmKmkHdsgL4+FCM4bwd4+t4Bf/aAX22K0CJnFlTl4sBhsKeWPLjWR33XG5IFbFbmaVE2Pj0JNYZghoLWmpLl+5KtkikwLyFuS9pFRl22KZSKPwtUeGx+RnVjS/evkKRscnFR/nOAI+ukheJAQELV8UhQJ+RZskaHeY8aoLIm84qn5JApWdGdRJS2MBmuVdwKtuBt79nffCDc/DQV1EaQQsfYM11wO063GdmTHYNlnntSxadoH0WrZ1Fq37AOq1ihxTanbFj1khUEDjjTIDSgCPKoWcTM/jmfMW/v37L6Ow8zAiWrCIrTXs2IjQYdNjmmJ4qKJcl8YcIYTlqi4MUglD1arEdgQatWn5uFq9qfr8KYInXRd+tzvDFKpix/iElKvGxibERWe1y+XFJeQKKrMlCPgaUlxPVc2UYKULZps5La6Aj3ogPtu5LbHojCvjkNV1g91NAiICTW9ewLd/hYtvecN+mIzX0FLHQgk3ym0VPAMs2iBLlp2XzWK0VyDQ1JEiIavcZy/QpOFKtXB3VX5kTpIpveHicmsSP/JLJzEfjaFcGRKJAD9MZRag1W5L0F4qcuijKcQos8ww4fCHoioYW1XyRZGb4olfWlkWWoMWbbne6Ab9a3FZrbaMseERoR0qlSEEfkc6ORKxVKE8ly6z7TF5cFfdGxsxaVVJpZAwpqVTFYcQba8l7rXT8lDMFVX1IedK6YyBpsZEpnMJP/KNE3jojjyMdAFa6iGJ2B9HgZpsrrPLp/UBbTOQZX+n7kh/7NzrPbe16+ztsu3/Er1Ce0p/lSrUIoCuGCEqOEqzRlcKvZt1UjuWgRRdoHR6kPnX9+M97z+Ok3MlDI+Pi7xAuxMgjDW0Oz4K5RIsqjTypMWqDajjqel1dmNUSgVUi2UxpezXvzo3KyUpurZmR4GGrpOureDmhIitViryGYrFMvxOG5PjY11xF+Di9DScXB6tNmubjsR6pGv4erRiIu5CoeWOAheTBT9U5C0tJy2rxXlNFv0ZbqVKWkFbOYdf/+EjuKk6j1RrUToZnCFkhpr0y78PmOfMgLNVjNafxGW/v2KARmB1FVpFPZ+CK2tAY/qeSoJAdR+WXAydGSNVf3T47iG89zfP4ZmLJtx8GSvNNhLYIqhHq8aAmaQsXZgjE+qqk0OCcSgFxsnxEXndfLGE8+fPQzNMiZ2ExRcKQRdgVEtl1OrLUlOVTlrbQeB1sGtqh1hGnsRL01dEtMWniB7FXzgpz7FAWuVUaXCwwzaL0+iC6c45iUW+jhlvMV+Q+ynARwtNQCYL5/CXv3AfHP9ZBLongjZ6yoJ814r1ymBeJ9Ayd9vrOnsNxLZ3nb0fdl3s0HPJSIAsnJiyYASagVD9jd2uDPipbN0d9RchFqpQk9xFKFc064u+ewv+8LMmfufPj8Oy8whgwnRKqDU7SFMDpu1K3MOTzAJ1NtWkLFUgOBqqliQz1UxLssSVGgNtAloBNKNI8rmcfM5qmWRuR0hhusKJ8VGpBhAoTCSWVmrwghBeJxCwkPEndUKXLereXTFkxozk0ESCSmqgavyOKpDZEIwaWrEwZV/C777nHujNx+GJUjgrnS5SthurlH3t6A5oDxpk0bK/9Ql2r853Zudx27Ry9ycDNwS0dbJQ3R0BvRatOyRLBaCUMQkZ+V6gWbvw1Oxe/Mdf+DTMkgsvtpFSw5baLdRNoUUr5EUHjeJ75K0oxEeLQACxyE63WiwVxEUtLi5K1kiLxThNLJDNSSYdYeBhZKiy2l+Wtf7QAk3smISTK4hFY2xXrzXE5Wp6d3oqCrtbVxRlQ26NXbR0paZrSqsRUU8raHMK3VLURc5h/bON19+ex4++tQrbo0XTETDgSF35fgwJrhdogy78Qa1GvW5023RvnP2Au0Grt7dboB94g2IBlQ5sZBpX5T+lXaAAACAASURBVBGkr3/1Guz+I4GPYUSlu/DdP/xXWKZ6tjUOv82pJQcxA/QgRHVoBH7QgR774u7GR8ZVD5rDwWFuPVEUhNdpSldHElOcOMbk+LiAcGpiDBMjVdRrKygWVE1zdm4B7SCS9mvGV7liCZ0owsLSMhotH3GUoJjPo93yxGozGeDkObNMsebsyjVt4c/cchntwJdZBtHliEkOayhR3DlqAcESvuetd+Crb6ujhIuyQYUSqppGrV1q7nKSa+0UbBXYXytG670/O2/bJ0YbALTNAstBf2cL0PrbFqKsfY8MUIIzfBjv/ql/xHMLQCMdFwtEsJgU5mPbNbNDr41yzsJ4tYqhYlWyOj8Nsdyso77UlEwwCTpwbAuurUb7do5NYGx0GLvGxzA1OQrb0lHKF9Bot3Dh0hWcPHMeCyt1pe8hdISOq7MM1nXpjCX5SlASApLmWAzwEzSbitC1QP02D2aeKuKxJA28mFhgl84Or4NKMYYd1PHjP/Ag7piYR9o8q7p+mTpxnkDmKBjD/jPQtsScXN0bHnH9QAuRg5Hfhd/+2Av4yOc0tIw9Kt2n7CfrkkhRLJfEs+zZMYHRQhGWBnGDwxPDKJVzgBdKUlAoulianxNrQ36MvN5wtYLJ0VGMViuolIuqGhCnqLU6eO6F01hpNlFvd6BZJpZrKzA43Bsl0oFB10j3x361c5cvQ3fy0FwH0zNzSBMd9VpTmigNzmnqidRaaVEYCzI+ZOHWCOcwkQ/wU+98ADvdOVjhHFsdxeLS/fP7keQWkrdXZamvhbvfZfaXoAbFcK8Ii9brTl8K0GTfiVHCiZky3v2+k7BGbkcr5DhaG5U8yc8A7G4gm79v5y4UWBpybOyYnIDjapjaOYFKIS8dt6x7EmAMyEm2r8zPS/LBBIVujpycZIAUWY4TnDl7AU2vI3VJZo2swbKOSfqiWChI9yv5Mrrp5VYLZ6cvoxWEAtLLM/OYvbqApYUFOLYhrlNzFGlMPo2tSMuNJspmDTeXgf/87rtRTGaR11tAzDJYIIPE0h2sdasJWwBtKxByVmFQ7PayA1r2JQelzgPN3Sa6+YMeK/pohon54Gb8wM89h5Z9CF7SkL1K+8dHsHt8VLK+UqECtoRbhiH0BAHEborlpXnkirZYHhK8dJkHDx7EnqmdyNsmVhbmRe+f9U26s2p1WOKyThDg0vQ0/DBAuVIQCqY4NARNN/DY40/LR5UBk0IebS9AgzsFqhWYOUdUh0h7LC+uYGb6spC2MwtzmK03RCUo7xTQ9j0KUSKPFTw4BfzHH3wAUfs8zLiGnMl4lbXcUCyaprNLZb2+m0JO30aU/gHjLNLtPrU/tnvZAq0XKJslCPL3PqCt1jo3ccJs+V7BQfzgz5/EinEA7bgBBwGO7Z7APUcOSf2QJK4XAMPDI2jW6lheWsQdhw9jamoHnHJOOLl2V1WbmeeJ48/hzlsPirWLOx14FHaxc5iY2CFgJBk8tzgnn4jLNOiej79wGu2Oh7vuvU+yR2nXdlgdgADtxXNnce78eezcNQW/48Fr+zI7ymFmLwb+4lOfQaiZKBWGBWjcwJI2Z/C9X1PAW758L0JvBqbeoRCpLNqgpRUZwS7BvcEq9QFts+xSSPMBrvYVATQelE3B1tfuMSgTyjDHLJFjP2npGL79Jx5H3d6PgEGY38Ib7jiEvSND0C2beiiA5YrLi8IO7j56FKmnyFurWFbLLGLZGiA8mWNpePaJL2DnWBUlx0W7XkO5XMXU5E7huFYadVy5cllANDQ6gRdOn8Xem/ZhcnInZmZmV4eIWS5j8iAEK+cTwhAnT54UF8uaJxekBSz+Oy5OTi/jiWdOI1+oCjUSei2MmFfxiz90F8bcS0hRF3cfBamM2tmm6reT/7rT8uuuxR6gqWO4MUjh4zduklKv8rID2o1koOobrpcSvRbQjDRFlDuC//KHs/jMCwEitww7CfHVdx7CoakJ2QvASgGcnATuh44cRBz4CGtNHD9+HDNLdSyRLytUhFu7+9gduO/eu+DoMZ569GHsmRhDY2UFk2MT2DU1JUBrNOq4cOGcxGWtAJjctUdUG0nUPvH401hYWuy2hhtC5ro5GxW62ER1AJ86dRKVchle0JESlAcdK56Bh594Hr7INqTQwhaOTvn4me87Cr3zDMKkJR0musFSHPd5quEYGSDuW5AlXqALLFpgdVu/rzMD0isCaFuBZFDslgFtEDh7ubk1i8ZBbh1NYxf++jkHv/mx4/D0KgqmjW/+yvtRJfVvujBzRbw4PYsHv+x1qLXbUlD/y499XLpt73/1a/D7f/DHsHOq8+L2W4/grmNHcWDfLthahCcf/TxGSiUMVSrYs2uvZHwsHZ0996IIF7e8FLfedjfiVMejjz2Fc5cu49z5i2gHrF5oOHjoAC5Pn8eRQwdwy4Gb4HIu1Wtj/uoMiqU8Wl4bHQ7RaBY+/8SzWGp0oMVc2TOPt37FHvyrVzswgzNibdmLF4tWXAI90WCyN6+Hf1wtlNPKrap1Z9THYIu2YTFsn7d5WfBom4Kpi5SB8dcNJAMchTNTEx19B65iP77vRz+ByDYwOjyBt77+fuSpnG3lYThFNJsBDh29DbPzczh95pxc36bt4NDh2/DHf/xRdDw1I/Adb/t2nH7xBF714D3QEg/Hn34SRdvGrQePoN1s4YUXjmPPTXuhmymefPZ53HrnAxgd34Hz56YxfXkGR28/hv/+Gx9UyyviCG984xvw5OOPIo58jAxXsXf3TpTLRZx98QxGRodEH02z2Lod4PHnjuPS3BIM1GDU2vjJH7wdR8aWYAdXKSso+0M9Q40iGpEmQjCDMkpxpxtYosHZZT/Q+kOabQO0M7+qJtUHxVzXCuQHutVrAK33NbkzIA5tGPkptN2b8YH/+WnMe5OYX+rgax96QAZWTKeImZl53HHgVoSdtnBostCVZR7DxNW5JemmnZ9dkGQhX8zLrEKu5GCoUkR9aR5PPf4EDuzai1sOHBBd3ItXLuLsxQsyKHPXfa9DuTKC06dOidI39XOpRCRzC3mljcYSFtchBmEsdEt5eATzi0tS8to7NYXpK5dg5HK4vLiAC3OzmJ0+jkkT+MB/fg2wdAJGWIetFRDoMToG93im0EO2q3EX1MaMU8C3oeZ5fTHayx5om6XPG8C2BdB6LaS40oRrqkfwzIlF1OIizs7p+OtHLuPoXa/C/p0jaNXrOHbvg3js4UfxujvvRpmaGKEPTY8lNrJyLorlUZkH6DQ7qC2vyE6oYrWCxEhkOopisc8/9QzuP3Y3RodH5OPOLS5gemEW8ys13HTwiGSkZsJ11kDsE8hqSRmHT2jVWNOcm19EkTsFTAthoqHhh7h48aLIujeaNVkqNrtSx2yjAa85jW/9ynF83UN7YLTPQ48aMBNXxGl8vSNiMOwjUhZtc6Ctz0Sv33X2npNtZ9G2yiQ3pN59OmjrwNYHtN4rrB9oUTqOS3PjOHkxxO13P4jT0w380m/+KW69/W7cNFFFfWUBnTjG5PAoXnX4NpQsW4ZR4iTAcmMZuVIZHY/JhwEnVfr/ZPfZSm0V87g6PyfV+emz5/Hgncek1MPie93zMLuyjOmrM5jYuQM7JyahRwl8tm4DEsO57HljhaErBcq4iuUq6tW2olhI3CtXriBPeXpu1TMdLLR9PH3qHLRwCf/nm+7CLeMtDFeuwDVrSAOClz0uodp4x03LXbI1O369MdpmSVj/BZ8Rtps9/mUDtEEczZaZ6ACLloGtH2h+MoVT53fhjz72BO657wHc87qvwM/+2m+hOjaG+4/egjQOEBkaZqdncOe+AxjJF+DYJkqlPKI0RJCkCGJdmhR1n50VnH8xhaWvhwFm5mZFq+PqufP48vvvR6VYkjhuZnERV5ZXcObieezZswdD5RIKjos8qZBGQykFkqYx1JpsFsk5Wc5KQdPz0fIDdOIIJ0+ewIF9U0pr18xjdqWFzzz5FHaNVfEv7z+K+fP/gHvvMTE+FiLx68KtiTIl6w7RxsWwg471tf6mdsNvvgtqWwJtkFUblHluCb5NXGd/7MDfw3gPXjg5hU/87Ys4euwO3HTrEfzeJz6BQrmA+4/cAov9XPkcTp16EYd278dQoQTXoXCLgWq5KFWF0FB9ZxZJ1oCyVi58HTgzPS0T4yxfLV+ZwauO3obhYlGAtlBv4vzCAh554gkcu+8eDFeqsFINBY7KsUglIRLX+PCIqM7hNFQDwfVGS2QdGN89+eTjuHnvLthuDsvNAPUgwSc+82m89p578fpDhzF94jMYH1/GbbflgXgahtmRPQnyP7IgFI2mdskWQNkKRJI0dIG22eNedkC7nj61QfRGFvwPAloU7cETT47g4S/M466778beWw/iTz79txJ/3bH/ZpSLRWg5B+cuXMYdB4+qCXbbkXYf0hQ8we2u8Ar1ewgQwsILA1xcnFPtOIyxFhZx1y2HhObg51mq1bHY6eDR557F5K7dKBeK2L1jCo64NHaOcAUPXXQEy9ARBVxIq7pCOC1PEnd2YR61Zg0OF5MZNhYbHbTjFH/3D3+P7/y2t+GJv/4U2gtn8KpXjeE1r90JQzsLU6sDkSFJAN2mTLlfB9C2Alu/6+w3AtsGaC9+QGWdg279Lm/gY7pzm1u60wF38rWjaDfOXrwZn/rUebzxjW+EO1TF5154Ei+eP4djhw+r+ctiFWfPX8CdR45I8FzMK7Aw8wxjFt1t2ased+UK2KPGIvcKu2KR4PLlyyjncti7YwqjpYqAZXFlWVzg8dOnsHvfzfI+O8ZGEXPkT1dUKXvZ+D4ssnNdEP/NoWV2+3Ka/cy5F5Evcna0JXugfIrJRBEe/uzn8K+/9i2YPX0OLzz7D7j3wXG87nW7kNPPQ4uWALDhUbbbKpc3QA1oPVjWKJBBIUi2zyEDYz/Qto3i41ZAy1zpVq6S/VRfzC0D2oUr+3D1ag7V8jBGdu7EUtrBn//VX+LYrbehkC/BKZTVsq80wb7de0TuSeYBdKV9Ie6DS8gYm4muRyot2Asry9IyzerBLfv3I2c5mBwdk+ERZp21Rh1XFxZhOA4md+xAPueKRbNlzzn3g2bLN1j94nAKi/G+7OrkCN5zzz2DyZ0TkpFyEIbAZnvQY5/5HL7+TV8DsxPh1MmHsfuAgXvuGYIbvwg9rUFLXSFvU7ANqbvVbovJp1617hsFGh+/bRQfv1igZV+aMc0XcxOgxVOYmT+IlVoViC2M796DpGzjDz7yxzi0/wCq5SGYdl5G4i5dPI8jtxyUHjCZ2yS90V1OkXZnA4gGi4vJOE/AwRJNw9///d/jyOHDAqDh6pD0mpH/WlheEl5sZmUJdx47BsvkHnVV8OacQuirOc6YO91lGEYNJIdRIDMCL545hbGxEZlTaPkeml3J+DPPnsTXvfGroTV91FbOojC8gsNcEBucgqU3gdQSy6i0SdiHlrVfrG8g3UjkKmGaXjeqnq9eZzP3+s9AE6DtwMLyAVyatlEqjmNs5x4sJx387ac+ib27dmNkZIzULMbGxrE0P4+R6hDy+YJYscpwFa1WQ7pdM41c/p2/q/U7Jk6fPi1dsgz2yerLMgtoMktAsHGC6MS5s7j3gftlHI9dvYzJuG5IbUdha7gqXMesU+o6mu2mTFtN7dohVYGVxgoo/94JI+nouHr+Mr7qoYegeSGatfOojC1jz54IZnAWjtlGQhqGzplLbakvLtepan7svW30IutrnWveZk32ftAF/7IB2laxm3zZL9Ki8blxOo6F5X24OleApY9gx54DuFybx+efeBS7JnYK0KxcERbjMNcBZQtuu+12Je/O7NPhRpTugPLqjilDlIsaKzU8/PDDOHTwoHyFseEhNZ/JIWXfByfTwzhBJ01wcfoS7r33XtiWiULOVWqOFNSjRq5UA1R9klobnBPg87nphVKkfuSj3myI4iMX114+ex733X4MN+/YhbOnH8H4rjb27gphxedhGR3EiQ6Nrj/hiAqhzvfqW2Yh5mkjkbu+Xtyd1KB02IA2oey83fqObSKWfC3X+VKBNqiYnr1mnI6h0d6HKzM2/E4Ve/YfxcXFGbx4/ixK+SKGh0eRL1Zlk121pDYDLy0tY9+B/SgWC3Iu+Poij0X5AZEsCGVq6vOf/RxuuXm/ZKJcXkaWP1v0yscRaDLDiVRYf8ZLR289IlQJa5nZyh52XMiYXxQJyObm5kQVst1pikVteS002y0pwtOi1WcXsH/3Xty2/yDOvPgIxiZXcNPuCFYyDVNvrwItidtyGLi++0aAtuYiX+FA20BTXMOibQW0JB2CH9+Mc+c0tOoV3HTgGK42FjGzMIsoiDAyPIFSuSrSAVwKS4E96meQiD148BAKHLOzbLE8tDqMnVaWl/HkFx7DjrFxGeZl3FYoFVEdrshIXLY7oLawJFuGY+k1s3H5yiVoSYJjx46p1T2mWunDCSj+d+LECXG5R44cke6R+kpNSlzNdgPt0IcfxiIc6Kam8H0Hd9+Ey9NPYHxiHnt2hTCTq7KETBQeOWUX+DIAwy7jrAVooGXqqXkOitHo1vuz1N54bdvQG6d/1U4HFdQ3C/BvBGjXokfipIwwmcL8fAnnzxnYf/A+BFqMs5cvoNX0MDo+IXVIJgNZLJZtnDt/6ZIAgZaO9MRifUUNEC8tY3JsHJVcQVyoKIJbFg7eelCUs7Ph3sbSCubnF9EUPdq8bF6htVpaXMD4xARGx4bh5HISf80vLoh2GqsIrA5wsQY7Qdh7xxitFXhYWmmKLGrJykMLItx9xzGcOP5J7N1bx+6dPsx4HroerE7xxyIO6MjcwD8V0BRnuX4n6W0/tE1cZz/QestEGdi2AmJGb9xwqUpiNPbrj2NhsYgTzxs4cOjVUtlebKxgfrkm8wLsOeOwCKfTZTDXVMO57KgNOcS7tCQgUaNwTTlpIxX2tDmiBi5rqysVjE5NylwBO2JFXE+6L5YRhSrwJ4VCi9VuNmScjx0bHDbh2p1iqSTvT2AzPguYYfqBELdUE+LYX9uL4DU62L9zt2y4u+3wUZw4/nc4eKCBnZMd2OCijY64eEolMAuWdYo9zP7AZOAaemn9wyn99dJtBbQsg+lPnXu/+GZgeynJQJpyacUILl9xMTOzA2MTt8mJ68QBZpdXUKpW4FqulJE4eS7y7xrFkzkPqZaEseOCsVO901JzmIkG17SENytxswmlpzSgxKUV7M7ocm+NWk0oDFqAhG3gYSQxIOUSCDyC2i3kkS+SNCbIValL5KvCSOLARquJpWZd6A12dPjNNnaPTiDu+Jgcn8TlS4/gwL4F7Jxow0wp80BJVAjQHKO7Z3SAevu6sl9fZ63whr0TU31qQi97oPWCcR0AX0LWmZJT0vKYnS2g3rgdMzMaJneOIbY0XJqbF9Ugx3QEaHSfsitTU9uGLTMnZZxWownPb0uwzpYe0gUkb3mfxIeJ2iXgFF3kSqoLV4J37j8n/9SVh2fHq2h1ULDF4gZiXeRMuZrHya3t+xThZLafh4lkmyuM0zwfXhjBb3awszos432U0vI7p7Fv9zTGR+owOavKTJOyXaw4UGKVH7ZHiK/3Qr8eukOqFT1AXQeyrhz/be/aJvLvdJ3Xyiy3smwvyaIxrde4x2kcs7NHcPmKjqndkxieGMVTp04Js++ajlAOzBgdlwV1U9h9qhbJQgnRLYvkJ+kHWSNNvqvekJiNk+VMBtwCVSaVNL1MQrXbwuqz8bBULGJ0ZEw4NlHy1jWhTkxOMhksQ3EguLsKJ1Z7OyMvEpfJigBXPxJoZqphR2UYtqahXmMVgKWzRVSKS8LNkVyVeWGubcx0SYwBo3ZdemPrcKQrttyXDKw+p7sT9fZ3b5OFFpsBbVML1ieB8FKAJu+hm2i1JnDl6lFE8W7k8gZKI1U8d+G8jK2xiJ63HImRinlHwCayVQEF+9TuKAJrbfe5L2qQVAeiRSKg6O6klUdcZ4yO70t1gT1neVcRwI5piztk5YDdu6KjocXQbVpGdakp4We159P3A9RajM9aSAwNkR+hWihhvFhA0GFysAxbn8b9d9WRt2ZEw1e6NNjKnaYwEh0xi/4Z0DYhbNdClvWiyJn1E4nSvtnOXoDe8a5tArRTv2JtmnVuGpf1gO2lAY0HPUGc3ozTL+6Had2CfJ6t3SYurixjdmkBBcsRHdtyvoBczoXtKOG/NNYltuJuKXFnbGqkxBVH76JIZKwybk2qBewja7XUmkSWm7gtRdyWOoEOe9rkdRNRgCR4XdcUi5Ykaj2PiBvHqUoIGKN12qhzh6htolVvYXx4CBWqQ3qeWNdyYR63H5yBqV1AGmUChbRsmkxBSSVKFrQNJmjXe5qNpK5QG6uLZdWj+63gyxpovdbuWkBbF9gOEIRhN0Qudyu+8Ng4hkfuhWPpMEs2LnMk7so08qYptUduIHZzFrVWJPYyJb7TRaOMIi2cpqIsApvIWLTWbUfEV1jolgsmihF6SmaUfJpIX7nUzlBb80TygyYnZBctRY65tEwDTAbfqpDOkhHLUpQh9TnB3m6hwaEY7huoN7B7xyRcNjYmsbQTFXNXcXjfOejxJeXqqUre3c/JrX8koiW470FUf41z0OBwZgBk1RaXGm8yrc7XuvPd24TeOPUrbBNS7dD90lPX4tdUu8v6hbD98d61gMYuhjjaibPn9mFi4jUw7RyWGffYKZ5+4bhQFRwaYXmI6o+ODeHHuPoHuimt3nIyqOJjK2l4nlArrzRo+RmFEo1TcY3suOVke0QQuizOqxKTaOuGEdqNtgr2o0B2g+qcxDI1aeaRygPdcIcyCR5qjYZ0+XLghQvT9u3eDTMCCg4l51fgGpdwaM9laPEVbihFIkLRoSgWmYktWm9xt10oO27rs8aNVqz3eCohROU6+y1Z9vv2Adr7XSr6qsuiu25nPVjWujM2kLU9m4c3TRgGDR5mD5Zu3Bi6MYmrlyfhBbux75ZXY77mI7IjPPr0EygWS6KL5limiPGZRoxCnu7URZxqWGpyy50rWWQul4dp2ELAyoIy3ZRiuWwuJq3gBwI23hjz0c02pG5qI0xIP8QI/W4c12kgTHzkS1T91mHGpgCcC8+4nWWWCuAtbjum+reBjreCPbs4S1rCjqE8rk4/ismhJibLszC1JXmvWE8R6ix6cR+Do8SlVXqy2sWx3qJt9BebAarfbWbnatskA6cItJ5b37zEOis32MJt3iYkj78G0EgjBD77Y3fj4mUKDe/D2NQRWLkcPvP5R2G4RQFPzjJRzNmwLW5M0dXmOnCK3ZBaZc4tSq1xiK1FLO3EEI0MxlO0aCIF3+LSsSG5+hcWFkTwzw8iAVqhYotL9T31fVpeDXbegGHGkuU6IDfH5RoeGn4HV+sN1DxfLXiNuHisjakd4xgbHUXcmcX8lc/izkMV2PEMDK0tA8qcgooMSqvy+rIFaCJYI15h/dxm5jJ7j+5WIBsUn/H4bx+gietcu23uLtVXvpY77Xed1+qLZAeDbeXR9gHDnsDMvIb5JQujI7fi4kwLgVmG7RSQo4pisYC8S9eXIue4AsAgYhYZYmmpBlu3pTFyZWEZ87PzKvbqruSRRWIx90QVhWiVvQadAIangvxm2ERxqII9e/dLLRJGANPV4Ob4ikDeyMlW4Ua7gYV6HVeadXhhjDy1d2tNDBccjFYs1Oun4OaWccsBHWa6CCttQpe4zaKyLgJZ1KZWGkkmu3r019ykAlS2K2oj+7QZ7dH/95c10G4UbNcCWnfpoiyBaIcaYrOKFCOYnQaWG3kshUMoV3ZJUkBFx1IlL61JrBjQRa7U6xJjLSwsYXFuGcePv0BvjNe+5ssEQJNTOzG3MI/R0XGpeZ48fQrDoyO4+cBBnHjmOTiRLuSuWbDx1DPP4PEnn8H4jlHcdsd+VIdy0NJASNyyU0LBLWC5voz5eh0Lvq/CenZkd+pIW9PYOQLctMdBsdICjGVEwSJyDCXJyybUQTPUxhQt6Rp6SgqtlzxYi9EUEPv9xVbc2isEaP22Kvt9a0t3vUBjvMVMMaIr5aRQnIMXjeOzzwCV4aMoWorvGhorC4BszZKefXJlK7Wa1C1/73f/EMXqEL76zW/G17/1rfiLj38Cr3/963HmzBnsuXk/RsbH8PlHv4C77rpLAvFP/fXf4l889JX4+Mc/jpsP7MeTjz0pC8R+57c+hG/6pjdh145hkAVxDQvlXFm6e68uzItFa5JQM9X67bB1Bl9+n46Ks4jG0rwsrBVZdpMpYQt6GsFgTNYNI2RZm1yxvdIHgy3aVq5T3OWAykDvmdo+ycB1u86tgTboXhWjsaNgQEGv+4RVi6bbQiGE4MAJYFMXLRrHI8dz0J1DKLujwmFVhktyIi1dkbhUTmw0WuJGP/f5R/Hi+Qt4+/f/AKqjYwiSWGIyLigbHhmByS6P5WVpqKQlYU/a5MQ4jj/zHA7s3Y+nH38CrmbiJ97zI3jbt70FY2MlxBRssUw4Zk4C/ytXZ1Bv+xS7BwHTaS9huDiHew4vQeuQjmHclUcjYKsRpfCbsn/BjA0lI6pRP4i2UPXQrYm59FcINkpQD7Jmm1Eb2fl4BQFtMwCqv3NFzZbulvELmxe5wLWbputajDDykZhjODu/E9NzRQyV9wJaHoWiamLk5BM1/Ul8mqYtElSeH+Gxx57AyNgk7rn/AZkbGGGTYhwiz90EEbVjFXFKa8QBlXKxgNr8orjQU08/h1NPPS3CzFNTI7BzgA8fuk3A6KL2ePXqVSTskk25zrGBdvssDt8M7CxdQg7zyOk2Ws0QyJUha9O0QJJ6k7yZaNpHSLpmvpeo3SiNsJnW+Xoq45+B1sXftYDGCfAojWR0TrpavQSWFM8jdJISVuI9eOzZOoaG74Djjkqxu5h3pdUnb+VgddcRQrMQhIlknk89/ZxYv9nFJRy79z4Zu/sXX/XVkl0+d/x5HL71KKxcHs8+GY5OswAAIABJREFU/6xUHZ5+9HGUnBxefP4Exopl7Nw5gnyBreI64GhILO6oCqWsdPXqHEzNhZFyg8pVeJ1n8Jp7RlHGNJy0DoO8Hkz4hqN2kyacNE2k5ETrLct0ZQpq/UBJPzE7KOvsvaRXY7lNyNpta9GuJ5scZLqv9bx+oGWvsa6Gx6tcV5tXzNiBnjBoNhHoDgJjGE+frCPEUeSLu2XLHZfHsnuDyousNFFTwzZy8NoePC9CGCS4eHFaEoaoE0qf2vj4JPbt3498sSik68LcIi6eOy86uOzQYMkh0VOMTo7KHismBFygkXMtUf9pMdtkkb7jya6qMNIQBzMoO6dx50EHuWQFWrgM24RSnzRySHSrC7QIRpfYTqSrgisWFUJIbwzm0dYs2lYJQDfa29StbDvXOQgw/IKbAWkjYAZ/1+sFWmyE4mLckCsJLURkzTULsW5hZiWHZ18sYGj0dil6O5aLcqEiU01OQW1QSQPA1NjWHckiik6zjZCF7nxZgnASuiyws4gvkgScBdA4xwk0/RYYddlDBWg5CwbrrZYpOwCKLFNpbKpckcFjTr/HMGRfVG3xOdx1qIMdQ01YcQta1BZQMhFINFuEmTmVTglVkX1nAaMLtDRRnbAUTr4W0AYd2ez4bwa07Lxto1rnGo/WD6qtgLb25bee68yyzv627tXfhdNNkOixAM2JLAmaQ518E52NgVjfjU99IYKZP4BqqQJLz2OoPCzEbLFgS4koCBJZsxN22MDITSY6mo22gHFyfIcAq7lcQxLEauDYdmV8b3lpTvTNan4DuaEiYlvD8OS4BP7s8ODGliTyRP5AdqlraqVi6DfQWHkOb3goBzO+CCMJuQVLtrmw1MSqBEWXTZbBur1hkgboqmRGXk3FsGrsLnOVa9brxpKBzUzatgRaf9D+Twm07LX7X5NXudrNrva0WTEtGhCRfOKN3QnWbjxzrohLczZGhnbBMvMoFaoo5Jh5OpLF6YajumWp9h4DQYc11ESmyNlqxMI8F1EzVgqDWIDE8sHKyhKiNEBlqCxdI4GeSp00ijWZ8TTTEK22AhmjLfb4N1sr8NrzGCuv4K4jHlL/gky58+Lh/bJDk6qOmqm0ahO1/49/o+WWYyBAYykq29e5eda5JXe2eUIvh2/7AK2vBLV6ZXRN0bVisEE7oHqvrn4ebePrdQlM3VdKUYkjheLQSMSycTU7d0bNelN4/IVlOLndKOSHUXbzKBbzsIt51dJjF2S1js4FZ9Qwa7SlO5fvT7fJ9iC+N3vAeOKYLHCNDktubIpkyzZLRNLuzRWNpiMSWUFnRfTSWpTFYtdsnKBev4pm8wweuH0Ik7mrMnjimqbopEmoL3Ead1rZgE+IqaMkQBMXyqxV7aAfRG/w+F0rGVCPubYcxbYpQZ38r87gfrTrAtq15RC4z26zDg5l3biGUaX9wi2lpDkUuyY1ylRDEJcxG07g6RfbaPujKFemUHVtNeybd2TxBLcz0foxSfA8Lg5TQnehaNty5lM1LLIpkl0YYm3YtcG1nhT3o/SVY0pvGf/NPi9NC+G1lmT9TjtIEKUGwjhGs3UZkX8Kr39gFwrpFbhpTWqe7PhQ88ApPO6z4thez/K6rCIg/WiCkTWgbZztvPES1CD3ua2AtiXPtQFw68GlLJT626ArjJXCrYBGxYtMU0eu+NXyDK/4BKwQRmkFc/44Tk7rmFmqIl/cgSHHRSXnwHaAUqkoloxdtYbuoN3uyElWikCMl6gOlArQyOTL56FLNgHNNaRlnC6OCYAsgc02JSNAo35V+to6oQnPT6T7o1U/j5HCDB64exR2PA0r5fY97iRNpIOW2WuQhtKuZKS0Xj1usWutMksv8u/dtGD98VsPtOuxXq8IoPUG/73uT6bEB9yyA3NtoKnsSzWZrgGNbkUG0NMAAcpoYDdOXNRwab4IwxzFkFvAcKmAvEO5UBtujiJ7Ku7hGmzLUmIv7NogOKQTin1mgSJQqRLJ+mpkJCKsx+RA1Bi7VQz2oXXay2i2lqXnzEtdtFsBAq+J+vzzOHSTh7uPFqGF0zBTH7aWk3oQXTTbgTSDEOIuKg4eqH426R1b17KdSJOmulAHyCIIDbK5e8zi3a1AuG0sGtuE1lmcHk3e3sB9DVyDLNpmOY+Eu6sbQraynNrqFhGVsemc0GagTDeEApraXpw8H6EdTGBm1sOO8QnpUyvlldQBP59tubLSh12wBBq7ZEXGU5IKdcLIudE1sgOEE+rC3nPKPY3kP1ljbdtIAg/tVg0rrRp0p4ilZqz2QtWuQI8v46adK7j31hJKWIYRtZBSFIar4sFNx2zUbcGSlY7cJMCg35D/IBac2GOFoNcLrGlo9Geevd6CLj2zgOrn1uHLtgEaY7R1MNkkNtsMaFu63Z4tzlvxbjzp2cGUHZYwoHMLMQMrWgZzGFdbVVy4aiIxd6HeMLC83MDunUwMONqmo1gsK2sUq1419tX6nqfA122ZTqQbN5uLTKAbFnzyEaaGKPXJ28tAMbt5A47kdeqoteroxBq8yMbs/CKisIZS3kOlMIs3vf4Q0qUTsI260DOycSi0Bey6Fcn2YV3mEnjRqO6NjOqI9a4Q36qFGwQ0HpW+PrUbABq/6x0/vE1auU/8spJE2MBzsQokHbRdS3AdC2AHZajX7N6gi9RJCcTiRshG8WSYiQau7+GVHyQl+NiDJ0414I7ehnrHxcKVFdmNOTFSkRIPC+zM8qjOQ3epdyfASXlk6kDkv/rjRVIdBvc8RRRgUXwWvwerCa1OHZ2Qc5ucavLgdWKUCmVYJtBcvoS8NYdvfPPN0KOL8PxFuDpgx3mxqKnDQWFuie82MNNC07b2r+PpMUjZZ+PPtX7RzYC2/vz0Gove77htgLbBonU/8cZO2/6mx8EmewPYut0bvaDNXLL6m1IDIp/ORICbgHkVOwm3qvDEKKAtNCdwZbkIlPah1jKlE3Zhdg4Tw2UMVcti/XL5oozPcWCY3bMka5l9ZkDjnICcxO5+JdIiTBikzTtgW7YvAy+Uea83mmgGTfhRB/VmDUuLdRQLQ8i5VSSxKTOj//jpT+MNXwF80zccgxVehB41YXLaKTGE+I3TQJJQVkey2IwUCm/k83o8+qpFzyz7ZkBTcd5axaY/Puv/fdsBbUM8NsAUDebUrhGzXQtozLqyIFnXEFqq1dmKbNkizFX3PkaxGBzAmcsmysWbEMQ2WkmIxcUFwPexY3JcYjFmja7N5a8pHNvtShs4wrNlLlMGTGLltmTTcEQ7EyH2O7K7na6b8u61ticqQV7QxuLCHHKujVKugji1kaQ5zC408Fd/8wl0QuB97z2G23YswwquACEnrCyErHRwZjNmL9oaL3a9QOuPehWdrRKKzaxXbyyXPWZbAk0iArEo3aa8vlrn9QBtQ8y2VT+aVAR4FnQYbHWmAIoZIebgbkSxOpK5OTjVQ/gfH30e+w48hJ3Vm6RLYzloibTU7OVp6ekvlSrS/SHLLRxHxPs4BJzPF8VbidR6Nz4jmcrkgFq3zEjlvsiXBRYRxWI6HupBKJpntFwkPUarVUlsOKMQxjqmF9v487/6G7koHroX+Mm33wbUn4epu9097KGUxljukhBUTJQuhLBYNNX5qGRGu7de1/nFAG2QdbvzR8Jr1A7632nz31/SC2Wuc3CG2RPNZy71OmK17KNK7NeXna+LBQkyxmeUBJWeeh0B8cWSUsqOjhK00mH89w8/gsefB97+3d+DMbuIyPeR5FPU2y20Wh2sLNVkfpPZJ7cUE2AcvWPMRtkrjtj1rhEVQpaDwpww5+xA6AkH5nkdBFEoehqtMJAss9n0sGN0HCVXrdIO0gjNwEcj0vCRP/t7JJqJXBTh479+N5z2c92MlxLvsah0w1Q0DQv7jD05N7C2EnG9WuNgoPUvG1tv0Xrpj16gZf/eNkDLkoF+HGcJQu+avw3WSp60dXrdWxnoTTrEzLPPQcZJUyFMeQK4KCLmqh1SD8YOfP60jv/0c89jfCfw/d/1dgwbOnLsqo060DgVHicigLcwuyiWrJjPC3Dzbl65TsMWwNHq8bMwA5V9AWEopGpsaDKETA/OYZZ22JbFsZRjaLTb2L1jn9RKHdDlBrJjqh74WPZ9/N5HPgM/trCzEuLn33ETbp9qIWjWYejsDInFOnJtoniKhE0DZI4dqXyIfq0sbF7ToP2nAlov4LYN0F54X7bdbnBL0Kq77DNN2d8zwnYz0rC/e6MX0Mw2ZXA3pgXThT/j717swqzsxRMvxvi/fv44yAzkTeDfv+PfoYRAWnfYr+b5IdkMGQZeXlgRIT1aNCYBBBqrA4zZCDipoxqGTE/xsxJUsqY6ZYNQgnYzhB/FqDWWUG/WJRMeGRlBpVCFxdyRI3U6EKQxWlGIRgj81u9+AoFuYawU4u1vKePNr56A3pmVVd1KLktHJAYogUlxZBkt58Y8NXonYQMvsq7V7wXaxgn1jWLJvZf5IGvG+7cl0AZZrGsBbZBFWxfLZUTpJnMDSRQI78VtJ7pGzTANen4PPv7wDH799+ro2DZMZwgVx8f3/tt/jWGHBEYKQycTr8OPfenNb9RbIqQ3PzsrJ9nQTQxVq/IYafehEAzlriwlkSAMfhqhFbTEBbc7CWr1unT7cmfT2MgQysxi2cWrmyKTQKPrJxHaYYxGB/jg//wzwM3DNtr4mlfb+MFvvR9YeBp5vQVNt5HwfcihsZMjZXWCLtwSAjcyItEdYXmqF2i9ZO36i7ffhapLNvMnLwug9Qf5vfXLzbo3MvpDDb+upz6uF2g8dLap5NpZsglgQ3dG8fy0gR/9xXPYd8ftGJ04LG7u8c9/Au/4nrdhvGCjYFGDg735HWkBZ5bJEpIsBWs2MTMzI6/JAjhXLBJoojbEwSQOF3flrsR9xiGarba0BbFklCu4QpdMDA0LvWIblozbcX86VSVp0ToRUG8CH/rtjyLN5VCumtg97uHHvu+rsCN6Bm50BYlJ2QVqVKm+MzY4SnCQmGLYQp01CQKN4OutnmSWaz2wBgGqP4mQcKSvZLVtLNqJX14rQQ2qYW4GtDX5hBtrfOx1nTyULMtw55KT09FIcgidQ/jh9z4CZ+cRNMJhVKtVnHrhaZhpDe98+79B2QKKLH5ThEVac5Scu5CkWibZHsq0EzPG5VpNxWSMkST2UxtW1LKKGHFI6ShdZgjYGs7BlwprqKatND8MW2WRaYBOEkhjIzPPej3Fhz78EcQ2O0gI/Ca+4xvuxLe+1kVSe04GkPkeZmqrvqHuMjaRqwJdPtuFFNCyPW0qK14rMfVyj9Jm1AeiQeHKtgVaFqP1ZorKQq2li1uDbeueqK1iNCkkR5CefS9qoG3uwPG5/fiFD34WbuUIxnbcjDhuolVfxMyZ0/i+7/4/sGukCBsRMlkxgo1tPJkgH7tryadRA41Ce8u1FdkmvFyviXRowPonAUdBP8OW3VIi1JfLIV8g96apRknDQiVfFmkFKh75aQB/FWgaVmo+PvThP4evGchXq4j/v+q+M0iy87rudM55uqcnz+zshM2zOSMTRJGiQVmJFkBRIkVJpCnZJVNUsmUVXS6XJZKmLKtMFiWxSsGiZJsJIiAkIS52sWEwu5NzztPd0zm97uc69+seACLEsov6MR4UCtjZme7X793vhnPPPbdSwrljPnzolBmXjtpRrSzDWMnCrHOeU1XUqigg6s/Gu6zJUCN44tHqXZh/yKz9x4Re6gf8vUNq/Xme+LV9oo/2jxmaUhh6Gzl5T2PbM8bvH6nb+/kfmKOpsEEyoZGYlucIfvcrE5jc9CMQasXD73s/XnrhKbRFQ3jlhefwbz71i+ho9AGlDJyiaF2SviKNjDvQmeCXSkqLloYknq6qRJQpA8rQSq4a8TpOUbFoYF7In+UX+WQukTO1wG1zikAMPSV1b8tGDcUKDU5HWdMRi+fw9b94GhTudPhCMNvs6Gq0Impfwad/+hwijkUYy+u1DgBJ3ipkywwFqVDyD9Gdtw1MeaN3G9r3T0fVD3admvWD0a19aWjv2av8QQTIH9rQOAVkgMaJIVsEL9/N4utPJeCKnsbCyqog9m3RCBanx2DUK/jMz38MbSE3vHYzSoW8AmhJm2QIlHyMIS2llo9RcK8mnMe/q29MqSs/mk3UVwM0DgEXufWEIycGeD0u0cClqB9bU/JalZJw1orVquRnxSIQS+TwZ3/9FPIkTtpdsJmc8LvsaAvbcK7XhJ+6zwp7dVZE/Bgideqj1WBJCZGKFyV54bsa53vI/3t7qv+b8PnO9GTfGNrYl1RTXTCdPQ9WQ7PfkeTX/67eg6tXSm/3RN+Zq70TVFTf35OJr9Fk6jfDyD3jCGJ6x4v/8cws5mMRTK/lcezkEWysriDgcCO3y/0B6/jsZ34RjT4bAi67zEiKOjfNsVzeqyTrGJn8t6TyMlaa/JcPqW6QdB40sO1kXAT1+HoBn/cdOrasUBXzlh6TbNyCVkGurIsgTSJVwl/+7+8gUQQuXL2AxYUN6JoOr8sOn2ENn//5AYRtSzAZtmEw5GUHlJCmarw4YXSI5hoL43fMeL7D0OpMXDULyhxNTVK9/UVc7genLvvG0Ma/aBXvzGFXOXnkaRE+YNldq5/ZRxSZTmkZKSS/vkVXnUaGg4oajmXiqzqPe8OyVb0kI2vcgFIsKel2JuAixc5xM1cfvvKtbaxkmjA8s4lUsYS29qg8uMRmGh6bDbHVaXzuX38SzWE3HFbiY+Ya4q7WKNa9Vj3XYWuJewh4rQyR9X/rCXaxWMDWzg62d3ZFVsFq5s7zquRoHDQ2m7hX04RquSq6aIVCTqrbTFlDtmzA4mYCz7zwMnJFDSdOX8BGIoXdVAYumxlO7MKe3sEf/ccfgS13U2YKODpIY+N7UXmS3pIVMJv+MoYnQ8XqS1WiDLWK7CFhlqre8nx4n0UMV6AbwnPSeXgP+IiffeBz+4QmNPkFO+VgodOrGZmXqY8rCtU8fcKdV/r+NEIamroZCv8RBq0MXChDYy5CyUx1s6owsQVDiYOSEjXWQZ1Zk8xXFjUTLI4G3JrU8MyQC9MbZixvrQmQ2tHaKPmX3eTDyvwcDMUtfOYXnkTE50JDyCuUbAFfaaxsJ1XVv8yp5PRT4ZGS8IRODConY1VJzyZLxxJxLK2sCE+MPUmLmXShiki/mwiHmKlaRM5/FRWGYYoGcV2iVsFuvoTJ1W383QuvIRJuhY/b9zIZeHwBxHe24LUZkdqYwZWjdvzWx4+ilBiWwoPrGPnesv7HAsklWdW+bWTviARVBTKrUFnL62q9YX5Hmuy8x9LaetvH/UOD2zceber3nfqejJLEw9peSF0N0KrzRNly/r+umKk1HjzZqhzCZZtKYw9HvB6tkGHCADMb6oWiPNwC5Z9sRNg5B0TjdcDk7sbCdgBf//Yo8q6juDGyJO/l9blg43tX6E0cyCZ3kNpawa9+6qPobI4g5HbK+1Kfg2tuKDvA667nYapqrv05X6iF1bIAw+StcZ/U5uYmcoUCHHaPeFerpQqLlY12irPws7NQsMg1FAt5kWlgsz1ZLCGR0zA4PodXbwwh0t4Ds8UOixViyC67F0N3BhEKOJBYmcG/+hduPHahGZXMNgxaQal9W4FcNStQi7Ih1QeVKlwo3bW2FCdbeA+laKA3oBcn+46V67vXJ74zd3u7a2PA8c/ukz0Dk19w6ioHqFeZ9QWk6nTJmkKZUlL5DnMi8Xgc7tBV75Cmo9y7JGPiHSUvq+pw1IdTKL9JNN5ghsHih9kWxd++OIO/+t4uek5dQdrkwfWhUdn+6/d5caynHy3NUTGIkM+Np775F/jI44/hysBRUeyhLIKSqyUmpsm8QF1jVkJ7bWEE1bh53el0as+7sWBgUeDyeESFSBkaYLNTrbvW9NatMMpWlQoYZvnwyeagN9stVPD867cwNreOhx/7sCy0mJ0cRWdHGyqaAU0tLXjz1h1o6Rn4KyX8yRcfgSkzDzvSak60kIJuN8BoZvpAQzPKEIt4YlHZrml0GDQl4ifRgyIxDKd1r6dwuHfTwWuh9x1hdN94tJEvUcO2RsarZwkGUVmtGdq7cRy11lQ1wHkSKUisFjWom8PcTIVfCaiSqzJ/4koa3epH2dmKjYwH3/juKL734hbOXLyI5e00DE4blteoxw/8zE8/icXJGWSzGVknPTM9ismRQXzkQ+/HA6ePIeC0wm61iEfiviZlWOqACDND6E3Ko2laWaQQCPAybCVTCfkZ5mxWG/n9BhFP5ggm5bDUvgIDqhVVJcryCo35XhGZUkl6nEvbu3j6hWuIZzl5boPV7kJXW6u0rjw+u8A1zR19ePap/wl7No5f/MgRvO98AKb8HMxaAg5R+uYBNoj0A42FnDU+h3qoVPSpinxfUrLaFrwK87xa7qZS6FrO9h5qnPsqR7v3ZbU5pR7nVbhkMaA8HA1HKiQpd96NrUm4Ij5U94jMvthyIeLNG2A0oMC5TYsPNmsEY/NJfPuVOSwngIlFwOpshcXmkllKdgYWFxfR13MUXodb1H1K+TwGzp7E957+FtaX5vDghdN44kOPwElSIciodaqJ89pNFo9b49O9DaLrgp8RvqAXyxeyyiPXWBWixSE52tt9UPEqNSYrf69YJh5XRiyTQaFqwa2Rabx8/S5MDo8sri0USnA73ejv70O+kBT6UbFCoWYLpoduwmOK49IJF37uJ8/DnJuHk4IwxPr4c/S8rPgZQ6WCVPkY05L6c1FsD+p21JOxt2lPZIi8M1TWs7V6KN03xcDQH1hJ2N/DcqhuQ1CRhsZigIO2woDlFDdY+ajpHZGLN5hQp9VZWBiIvhx5+xzQJZ/MiJLRi4KtA3/6rRl8+8U4TH6gwJSq4oHZ4kRjcxgmE3c6JaGVdXjcYTQGG9EUaUAymZACZX1jGWvLyzjU2YTPPPGjcFsq0kjnF2Xg6WOZ+PPmyq6BmlS77Ns0GRUlqESlocKejDurSPGCRrPMDKhNKXwlVc2pw6UKirzw0MqIZ3OIZTS89MYgRqdXEWppx24mLa/vMLvgsDpw9eJlTM1OINzcgLWNVQnX2UwC8Y0VnD5kxyf++VH0hLJwFdZhrmRR4pFk1VmbiOJ9Z8qhuGskSlLsplYUSMtKGeJe/l8jVNYNbN8WA8P/xa7gDfFMit/OgYq6oRlZRjPJN6q2iZpWpC9TyyNIsWFKYBHUm+GUTAeyZW3QjF6UbY346jeu4zvXKjD4wjIt1NregWxcbTJpa29AajcuD9hh96KqWXDgwAEYqmX09x/E7bt3cGLgGK6/+hpSmyv49JMfxoEW6qQpNF/NTBnEiCREW617cwGqma4Mjd5DwmBtQIWGJ4bEfQOkEdETSpFDuhKNTu1dYLjNcuNemWFTw/xqDH9/fQgrm2l09R3C0sq8qqYrRmiFCo4fPQGPxwXdWMZGbFNo4WaLDYvzS2gKGhGyrOPhMz48dq4TXj2JajlG3q7QiZiC8JDS0OrJf0k0O2oQkoy31GAOCbO1g/Eeyud1g9s3OdrYFxyqgKb0U22QlzmYeDPmL3oVGqELCyeUNLlpWqkKQ9kMq5nSTAUp1cm3d1it0IqAzd2KnVIEL721iZWMG7qjC888fwfpoo6OznbY7A5USkYkdmNwOnTkkkmcGjiPu/dGEW3tQCDgQyGzi53YBqbnptHe0YqmSARLkyP48ffdhyvnBqSCJOOVey/ZMqozMggZyKCKw6F2DdSAaGJ2dTq35G5E+4XFURQdDpWn2UVzg8k3YRIaowC/uobdQh7xXAmDIzO4PjiKYsWOg/1HMDzyluR2LCho7NFoMxpCEbS0tGNkZASeoEOteUwWYTHoCHkBuzGNSm4bj55rxE9cjaCSnZdKktBKWVMhlVW1Ri2RGp4myzmEfayJxkcdO1Oa4errvZrs+yZ0Tn7BLVUnJ5DqX2wLSXJKA+T8odmIfLkIk42LuapwWFwwa0Zo+SKsNgOK3ENp5rJWK2zODrx6aw3ffGUXJacH3ccfxY23pnG49xhWV0nfKchKxPnFVYQaAlJRHuzqwvTkLBK7GZEBPXvuNN66cwNWiwEbW+tyyh+8chWzY3fREfTipz78QRF4oUgevW8xl1XezGaTm01PKd5O9npCEn9ZVFYp77Wr+LD4s7Ljk8WEid0DG8y17XjMDxg2k+ldCV2JfA5rsSTevDeNoZFZHDt1CW5vAGPjw1jfXIPDxemrPAJBH8wGGyLBNtlanCnEsL65gXyuKuJ/0WiDLOWAXoCWnMMHTwL/8okHsbU2DbOhACAnuxRIK7dxbJCRo0JyJ4sHAS6l2KIgIf1cDTbc/4Y2/sU6jqYgDsHIFKQqWqss99P5IiwOO0rFKuwmBwzlCmxUy6FxkfJiMqBM/pW1C89cBxZiHmg2F+Y2dtDS0Y/JqSW4bR5sbm4JcGpz2AQhb29pRzqehsPuEs9ltduQKealuCAYu762inIxi3MnTyIaCeHerTcRMJvw4//sA+jqaBI0n0k8w4RgeuSNaZpUmWyQ8/8ZPq02PjCVc9UZvfyZes7Ghjw33YlMAsf/uHxCU1VqkVVrpYz1+C6ml9dwc2gKBpsHMLhw+vxFzC7MY3V9DVtb6+IlfT4XXA4vvJYgVlZWUTIW4PZ64LC5cfDgQbS0RrC6voKFhQXo5V1sL8zgsQs+fPRHBhA0caprDWZjQRVSJbW7SnJJgYnUMDK7NiZw0RrzZbUT6728GX934HP7BEcTeEPKm1pPUv7EqlG1RjS9ArvDiVy+BIvJLmwEvVyCpUqGqglwBpCHHUZ3CLenivjWyzlEui5hdXsFJhvlCdQGtmK2gFJRQyZD76Ph3PkB2aWZ2S3C5w1gM7GO+ZUFmQoKBhuEir0wPyd9h+OHDyHk92FpZgqVbAZnj/fjofvOosHvlvaQhWLGGmEI1UjnTWeyT7xM6NsOhxQJ1ar6GRky4SZhhljfVFdQAAAgAElEQVS7XdIB7udkxqPCq5pekkS+VEAyV8TGbhL3ZhYwNrOEcLQL5bIRJ8+ex92RYSwsLUroXVtfxpGjfcjsZmDX1RLa5e0lCYlOixNWiwknT5/EFve2hxvhctuha2ncfPlbCBqK+PCDUTx4tgN6YQ2aloTNykCpOirS2lOafVKdiqHJc2PV+v+BoQ39gVlXSL/qHdYCZg2yUOk2Zx/J0SKYytBHz1Nl38reiLjWiKHpHL754jBK5ia0dJ5CsWqB2WFCY2MYczOLopOxurYsCoyce6TcVEdHE7a3t1EqAe6AF0MTtxHfjSPgb0DQH0YxV8bG2pqEh6bGMPp6DiLo9WB06Db8DhPuP3cCx/oPiP4GeWTvJDNKE7z2WWhsbI4LPibb6VRbig+LHQv+vpG5HEMrO6+cXKq1tLjFjiBtvlLFzOomXrx2E/kquW5AR1evhOTh4XtobIpiI5ZAY3Mj4skdVAoluIwuYaYsbi6q1Y9FDV6XG90HD4vsgsVqlt2k1Qqr4RyGR8dQSO2gpxH4lY9dQlcwCeSXYKR3q2rS2hNNEubNAo8rLK4usbCX9/yDfO3kr+8TPtrQfzXpFCc2Vq3ycFTjnBWmGla1GuzQCkXYTAQ2K6iYzMjDgbIxhLGlEl65uYmcsRXxQgAOXxTdPT2IJWLYTSWxtLSExbl56R64fV5ZmMrkNhzw4+ixQ/D5fHB7/PjmU99GqhBDRa+gubEVVrMDqUQa6WQKhw73Ym1tDT63R45zfGcVnU0h9EbDuHr+JDpaWyR8inALhV5qVae0umr0ILWhuLZC0aCMiYdKwqpZ7e2koRGT4t/JPAENjAvKzBasbMZwd2oeg6NTsHlDsFhd8PrDUs2aLQZMz8wIUdvmcOB9jz2KwTdvYWlmHi0tzZhcmIaul2HTdTRHohg4cQHZXB67yQTKlQJamiNY3txGIi16kuiJ2mBIj+NH72tDe5jDxzswVblxrwCyRFmcCTBNc+O0ohje93/VQ+m+MbS7XzbqpFNTDVuE8EyKZqwxi9atMGsOgS5M1TSqJh0ZswtFezfeGDHj9XsxaHAhWzRhcXEbuYKG9s4OGTQxmW1S9a2uLksY4kZNhrnE7hYeefRhbG5uI5lMARWTJPw2jwUlrYjD3YexsrSC0wMDeOHF5xBpiiASiQjLgpjb+NggWhoC6I2EcPpQL472daMhFNjLz6QAqM1xvlOG6l2FALlrZqOEZza7JZxys12lJMbDEMtrJmlyN13E0vo2bo1OYnxuBZ5gBGtbCXziY5/ATiKBkZFhxBI7svUuFAzD628UGdO2aINsWRlfnMfC0gIs1Sr6ug/g+PEBGYIx29VEfSQcks0u66trKiUxVBEN2NHb5oYhv4BzR3wIu1LwWpLQtbgwUggnUUpV576Dd237/P7qc98Y2ugXlfCAoWpVVaa5KEJy0kwiyl+klqtd8LOy1YeUKYRbMyWMrYdQsbQimc7i1q07krvxpLW2t0jOQPCV7aGxsRFZPIGyqvqoFRqKhGCzu4SvzxXR8fgOStSR9fkQ9gXxwNX7MD4+hmeefUq8xMPvewS6wYKZuWno1Tx2t1Zxpq8fbaEArp47gaZwSMIYcSjBxGo5AD00jag+H1DnpqnkWlFrCA+QJMmtLZyAkqEWiiFXuPvAgK1EEjOLG3jjrRGs7NALGdF5sA87W3GpclnYNDdHMTI6hObmVmgFM3p7+5FN74jklcHlQjAYxMrcPGYnJ2QGQlZ4uz2SCYfCESwuzOLC6eOYm5yGw+ERQ7UYK/DZi3CWVzDQ68LRbgoPJoHKDkykXXGaqlKjcskgvMoV6owPvjaf68nfyP1QA+bv9JU/1AtN/r6FqnFqLMxIdhjF62zQywpLsxg0FOFEydKFtXwDvnttBYNzScSyQDJdgN1sr81kGvcUfUQ2Srbt6pibmxNKNME6WUkNHYcPH0Yqm4HVYsPqkkLP84UMfuzHfgzVShm7sTieevopCW00gLPnLwoWdezYMcxMjXHHBJI72zjRdxBHDrThSG8XggEvrGRekIuvacL3kjaTdCsMyOcIG3BdI5cRl+BxuQWsrTfi6SZUocBKkz0Q7vIsYTOexmu3BnF9cBiBSDNiuzk8+PCjmJlZkAo2l8tgfWNNjI3GbjFa0draisXFBVl41tLaKkMyK8vLmJ+fV/RxoUsBbq8XDpcPExNjsJiqsJlNiEZb0dXeCavVgoDHifWFWVj0JPyWXfR3VXHhpAlachYu3SJLaFm4mKwW0Qjh9XCkkMWXViFF3Y4Tvx77oezjn8zQxn/PyqtTQsE19UFB+DWzIPUlCg8bQnjm+g6uj+URKzbC6GnE/PKCAIssJITzVeWeJtJkHLA67EglduEN+DEzOQ2DySSYELePeFwuNLe2ynIvsicWFpbA2c6+nh4EQ35kkru4ceMG7C6nPHRq9RP45sP70cc/hJX5eWk2L84vwGGsorc1itNH+9HV1Sa4mt1GVLMsBktDI3GRhsZEmmRIPmRCLEIpKisKEXM5zoQ6HC4BavPcIZArIK8bMDw5gz/7m/8FC/cVWJ0wUP0bZjQ2Nu0VTtMzU/JeHDg+c+aMDDIzbfB4PPJ+d+/elT/zoMViMaETycwCF9naHRgdHSUMCXPN01JNPF/Q0NrajkhDGAGXBe2NduTj99AdjeHqySjM+QQsWlY8XyGfhtVulaJBK5dgszpRKBtRqRpw7t+l94ehjXzJqTM3MphV/7BSJKHQwVYB8tUA4voB/OevvoKU5oDZ1Y5CyY5iUUeunBdVHiadnV3daOeaZ4sF6VRKNtKHgkH09vVhZnoam1tb8l+OxpF2EwgGpVVEClAiEUNHW4tIfn72134Vn//3v4Pt7U2hN0tCazSppN1qRX9/PzKJBHxeN8KhBuSTMRm/a4k04PixQwiHfPB6nLCbDcLWYMeAD5fIP8Mc11rzNQllKO9K4T2uHK7CYLYgmyugpOnIaVUUKsDq9g7+21f/GJrRDJvTg0KpAofTK1tZyA6JRqNoaopK0UNDY1eChvXkk08qz0i2SDKJlZUVqXDJg+NCWoZPkTzVq/D4/ZifW1TpCfV1DYqzViqZ0NzajHKJvdQMzOUy2sN++K0VHGgy4oFLEdiwBFtlE5Yq94/qMn/KfFro6laXeOYzv5HfH4b21hccOlsopWqtycyKsmSF0RHBWsqH3/nyG4CvESZXI/J5Aw60HRAvwHCQzedFkYcehzfxAx/4gIQHhk5CF8y57ty5Iye4LoLH7/EBNTc3Szgk6Hvnzm10dbZjc3Md4yPD8hBoxDz1RMSVKpATDcEQjvT3IZvJwO/1YHJsGKVUApfPn0JXZwcOtLcgSNKk1QQ7HxbFYMqKeUsIQypS9mdFpl1RwAl6MK6nclQSog6HJp5ranEZX/nanyCRLaCxuUXW/ly8chXf+MY3ZE9oPfcLR6JixASAGRY5ccXPxofd1NSE9vZ2pQZeKmFmZkYOF42dHpr3zevz4+7dYVhNTpXkm8uq6q1YEW1qQgVJEYyp0gEYbYivxuC25RH0xfHkT57BwagOW3ULejEOi06KuBGlQglG0rJ0Hed+u65f9B6l6f/jt34oix38ok836Fxqz41y3LjbgngpiG+9soo3JzOItB1HtOOQYmpUK+IlBu/cQdDjk9NKULexsVEeYkdHh5xu3lRZRa3rcsoZNlhZ8bSfPXtWNsTxi8Y0v7AgRuT3+TA4eBulfE5ei7x9Vpu+QFAVKVpF1ILWlpdwcmAAse0tmI0GNIT9eOn5Z/GJj/8M+g50wu92wOdwAFoZLptNeQlN5WJ8sHwAJjJ9+f4lyjDUdg5Uq0jmKeJiw3efeQHfeebvkC9V0dbehXC0SRL6559/XuFxAp3QIxolqfcHQtL24gGhoXV2dspnVereRvk7hlN6sqtXr8rn4/eWlpZhsTkwODgk96tcZtuJ6xmNqJS59IxdjapsQSaE47Q5sb6yI5+N7apqeQfNAeBTT15CZ3Ad9uq23FOmMTbm3aUyzvz2PpGtuvd7AdXZoAKOI4zh2RK+/PVFlDwu9Bx/GPkSkXUXOGBSKGTR3duNibExeOxuLC8uyc3gQ+BpbmlpEePjAxTJKJtNwgZDCIFTbilpb+8UIHdlZU3aO/w9SkfNzU7vganMNQiWslfI9g1//0BnlxheNpWWcEejvnHjDbhcTpw4fhTf/Ju/wic//jH8yKOPoJzLQC8UYLeonU8yX+Cw78l1kn9GCIb4GaXS0vkCHN4AZpaW8dU//XNMLSyJZ+voPogL56/g+vXr2N7aUvhbVU1FccseD5DF7hKlyToQTEPk93lP1LifIlnS0/PgdXd3izEynzt16jQ6DxzEyMiYTMhvbq1hc20Vu7sp2KxeNDY1YX1zQdYck4DAZv3UzCwsZjscVi9QyQOlHbiRwpd+8yzslUUYqjnYLUAhnYXb4cTAr2d/KEf0T1YMzP5eg57XgazBgrWcB3/29CJW0z74GlqRyXODiA8+b0gqukpVrbJh2MylSyIXxRBEWgxvdE9Pj3gr3lB6H95sejgCrjzdrW3N0rMzW4xYW92A3WFFKpUUeINfovCjabDZLXA5PUIX6u3tFU9BPY2uzk688MIL8Lqc4imZYx09elyKgxuvv4r45hquXDiHf/u5z8JqqkLLZ2AmQ6NUFNo3Ob/8HbaE+KWT/m10YTOewh//+V/i71+/hiolEEwWOL0+NISbENuOC3jLnNDrc4uCI70T8UF6HsprcflsHSCVvqvBsHf4+JloVBMTE2J03H5Mw1Psk6LseF+YX5JCjPeBE/gNDUFYLHaEAgE4nBY4bdzs4sd2bAeZfAp2pwtDg+PY3FiD066hmt7Ehy558NMfPA5Tbhqmyq5cF3PA8/sF3hj/T169ZPYiY2vDf/+bG9jGIWymLGgMh9DR1gmjwYatzR1x9R2dbeg80CmQhVY2COjKZfY0Kt7o06dPi0djvsI/M1zWjW55eRHLy8u4fPkyLl68KNXXxsYann/27+ByOeThsdKUhWPVMrjHk7gYCwB6Q3oJGhe9wdUrV3D//ffja1/7mvw987pwMICRe0OyrS7oc+PnPvoELl88D7/HBQdz0GKNfiOJdkEm12fnl/G9517GCy+9Ltq5BpsNmUIJ3mAIPb39sNkcmJqYhlYsI9LQII1wQiOsttmEp8Fw5iAcbhQjohfnZ+Y1trW1iUenoTFPu3nzpoTdS5cuidHR0Pj30WiTHEaCw/yMDqcVAa9PJu7bW9uwvbkuZbfdxsW2ZazvrMp671xek6q2lEthdXYIDc48fvbx4zjdUYKtuglNFmrsI0Mb+qJLL1o68Y2Xk5iLB5DI2WCyB2AkzTiXR9+BHiQSSZnUpmci/UnlW2bxNLzpZBnQEzH/YhFAoxROvtWKubnZGg9fzVfSGPk6U1NT8nCorM2fYzXGqtXCpRRGoFKuwGwxCeOBoZinn7kcHyLnIj/4wQ/imWeeQTDolxtOndnV1VWhzyh3VZHrIAsk1BBEe0ubPFy+59TkDOKxWI3wyASc8lcKO+vu78VOLCHpAkMkqT1+jxcBn18MTfY7cdkFPzNJk1VVfaqeqkXeg16Y01YMlzQ0GhSLAB4U2edeY/OyaGCFv7y6IlohG5vrEh24iruQKaK1uQ1bG2vSj00lc2iMhjE6flcqcgLZXNxBrTiu5EY5jaXxV/G7n7kEn2kVpnKCyx5x9rf2Sa/z2h+d0F+4Po+FZB9yhnaMTE9jY3NLKqtiviBtE1aHXr8P+WIZoXADxsdH38FTV8AoAdGTp04htrOjxsh0XQxngbiXUVdwg4MrDRsRbW7CKy+9LLw0WhU94uraei0hLquHCUoPFOVUl8oMfYpY2BiJimek0fHhnjxxHIuL82hr68Dw8F3pTzJ/ElurDa0QG6Nx8uFnszmhJZHgWCrkRJyFIC/VhMLRRsk5WUHTYCwmM5LxhEi+02hlw121Ih6F2CMnrAjXdPAaSyXx5PRK/H96Wn4u5pn8HKw4p6en8cQTT8hsBK+NRt8cbUKukMfubhIpkZzPIp8vIOBrwOULFzF8d0j2WWXTefT09WB6ZgSR5ghS6ZwcapfDiUbmsn4nEqvDKGyN4bc+dRme6jKMWhxnfzOzP3K0//DLj+gLS7uYnS9hYm4DFReEe0bxYi5WPdjdKWCm1+PD1s62JOcLy4vCiBBmq6ajyo27moaOri4U83kBZq1mswCys9PTMPDBE0og2u31YScRRyTUgM2dbfFGfBizc/NKpp3VUq2xTbYIcyORa69NyPsDQXlo7F4QX+9qa0elVJKhX7fbhRs3b8LlVVuGTRaVjAt7w2CUa7OYbdL6orgecUMajrnGWQs1NIgBLK8sihH5vW45DKFAA+4ODSsqkcmspuxF0l2HmypENvveNdcNTrFto+jr6xOjD4fD4uGYa/KQMI8Lh0OYn5tDJpuFXjXDZLUJpNEQCSMe28TBg91CY6LCuMPiRUtrM2bnRpAv5XH9+i1ZoNF1oF2AWhcPj0lDKbsOJIfxS48fgNccx6Xf3N4fhvaTH3pMX1vdxNLiFmxkiZo0IR/adbt0y1qaGxWKXijJjXZ4XRifmBAxFBntN1D+SQGjvKkMi7Lwq1oVHImoOL8YNqmaWKCslNmIttZ2xOI7exPk8wuLtdU5HChhHqWgB7/Xh7KmQifxOBo1pahS6SyamxqFhJnYiaGnv09yoTduXFf4HnM6Ur1t1FJTO6G4BkjRg2zQuBK7WoXbHxCmydGjhwWmYTh2OuxoCPhlWForV8VgJiamBHLhnAQNjdw65kC9Bw4in82It+Vn5vvUQyy9MHM13hd6uGeffVaqcBoar49GvLKyJO06A4sQXYnTsLnPOdrDh/slt+SsaC7LareIrZ1lMGC0tx+Q6w343ZicnMThQwPYXFuH2aSjyZNF1DiMRy/34P5fvbM/DG2g94ROPtjk/LScKIOBnHklJ5XLpnDq2GFsb2/BZLMJd97ld8vJ5BC1jSe5pCjRNLSBgQExNIYohhEahjyg2iCJjMCYiSGl0dPTJ31Ck9GgigcYFFHRzFaKmmlkPtYUbRRQlZ5PeGYWK6amp8VbFnJ5uJ0uyScz6ax4RlahTz/9txK2HE4uEtMkRPKhqwVk3OlplgTf7fWjoGtwulxoikZx/fo1yYcO9/fJNXBPJ1f/cMU1GRc0EI68yUEokiNWwdmTp7ET25Zwy9dn2KfHlYNVE/tj9UxjY15Kj8awLBIN/iDGxyclh1OETdaeJfGyfl+DvJ434BK6VsAfwdjYGArFLCpVUp7UeJ7X6UBn50FcvvIQZqamsLO2Cq8tj1JmCh98/2X8wue/uz8M7dThs7rD68TM8rxs90bJLBWfx02N2DJaGiPYJB+sIQTdZEBjUwQ3b94WbQsWBExeCUTy5tOweJr5kPln3kB6NFZvNBIaAn+GX0yY11dXUNUoVWCDzenCW0N3EYsl0NrWhp6DB9Da0ozEzraiZ2ezSt7dasWbt+9gfWNDdSU0NSvAB1zkDIPVLp5tamJMDJzDv3x9ehzVb1Ryo4RPuJ3YH1KqkqMjI1I4sO/KAkQBrpRwr2BlbUU01ETB0ayMiUbOzzhw4rikFvV2E9+j3nKqU5b4e+yI0MOzKBBxaKMRHe2dQniUQ8CQzH5zNS+v1ddzXBgkOfYxbdwC45LwTYiF+6WYVggTulIVidXunqNyXecGDmN5cQKF3BYMRg1PvTS6Pwzt3MmzOvGg9Y1NdHb1wOP2S2PW6TTCZbfh8sWrUs2xPcIktqevF1tb28IQYDJK/QtSs3lz2FDm90SY2GRCV1eXTAK53R458cTf6jDAgw8+iMnJCTgdNqTSaXR1dWN6dg6BUAOGhoawsbaKfCGHpkgYDz/0gDA6yPhQ00I2VHWDXA8Rc3rU6elZ2V9OT3PhwgUM3rkl4ddsNok4C42RuJLFaoPb48Pa5hZOnDiBZGIbayurUvgwtN535aq8XjqbkVzTaLYgV8qLh2JlnE2nxbjJymmMRuTzMLSyUKCXGh8fr70vGbGqOyDaI4UCjh49Kq/B/IyvxyW13OdOQy/mOeHJop57RTWcPnVJYA+zXZehl6Zoq3g/qsXzszB/li9TRd43GulAPLGDqp7H1atnEdtcRSy+iVeuDe0PQ3vw8lX9ypX7sLi0io2tOGZmZ+Xhd7U3yg1pa+2SVgkT7oZwED0H+/DSq69K0h6Lb8Nhsyk2gk15EuJovOn8Hj0D8xKi8AyD9AbsHtBD9R3swdjYqAzv+oI+kScYm5zC3Oy88nw+H3p7e5DcjaOjow3TE5OSo9BjMYm/dXtQ2CI0Xl4nWSOcGK9qVZw6dQpb6xtYW1uVvIqGQwPldfT09sFitaNc1QV0NVY1tLa0oCEQlLDZUsO1CO2ywg6EG/DW3SExKCb0u/GE/NvTfQCPPfaYfD6mCwz/NKyp2Rl58GpouSTf4+fl6zIwEq1nK4+eb3l1iVOaYox+j18MmNdPjl53tyoiEqltOFyEgGyYmpqRilm2/xnJhqGEfUkOdDKehdvjFO3ccrkgB7CjvRXf/NZ39oeh/exPPKETCEwk0wiEggKkbq5voMx1NZqG/qNHEN9JiBI2WzaeoB9vDY/IHADDB39OcqxKVcIh8wYaG/M0Gsy9kWH4gwF5UHTxxJL4d50dHYLWM19jWGJSPjU7h8N9hyT8pnaTsuuJp5fjd9T55250Tie1d3QISl4oa5I8M3QxNBGGWV/dEE8lPddyQT5P3aMcO34c8WQKjz/+OP74a3+CtvZW5PNZMRSSDVuam9HV3iGV7tLKsrS8ZhYWVe/VbJakm9fDxH5uZlYwQYLBNGSvPyiN8hs335TPt7a2vue5mPRfPH9e8DIaUzafk9xxem5eOGtjE5NSnfOL+THvJ4FdwjgEswku02DX1zZrUvYKwxSlS62EQ4cOIRHblSqbgzeNjREhM7BNd294cH8Y2i999JP64tKSbAshzsWbytMYCYQEjnAHOKdoRCVfVDmS14W5+XnBj9iakQa6zS4ehSEkI7wujq6ZJCS8NXQPTo9bkmAaFDn6fDA0wtjWFpqiDWLAh4+fwM07g1icWxADZrXGa7E7FVmRNOdiPgcPk3yHA6+9cQ3b8YQstWChwDyM70G60t7kObDXY2R7jJ/rxMAAXnvtNckb19ZW0NbZIdVdLpOR8MkZh6A/INfX0dWJG7duiyHzwdJjMzGvy1/Ra1PKgUUMB2/oMZ1ulxym1VXl5cgu5sF74IH7JV/lPaTRnLtwFk8/+5zIbQQbQmhtbtkbeqbBqsORl/fm/ZqYmJQqk5+Rh4iVN42WuR0Nn+/F6/D4vPLzzBN5ONbWF/eHoT354x/TGSJevfa6GBpDET9k2B9EoCEEh9uFQj4PZ23VTXN3G55/8UXBpLLpjIQ8CV3ME6JRaKUiwqGQIN00tKF7dyVHIkzAn6sXBKUCGSNAyMNJ7hgC4QjeePOmVGL5bBbJxK70Cwlg8oaRRkRWQilXEPB4I7aNhnBYAN+l1RVpnPO1iU2xc0FvzHBNY2W1x3DKsE2mBB825UT7+3vlwbHZ39/Tj4sXLiCTVJJWNA4m74sryzK4srGxpXK0rLqeI4cOiwdlk5+fm+GPY3SxRFzA3GAgJIbRHI2Kxzxz6tRejiqplYXzFKtC62b7Lb2rUg4a4f33XxUyJD0WjZuN+Bs3bso10TsyhDe3tcrPzk5Ny2fcjsfk/tLg+N/tLZULrm8t7w9D+8AjH9Y7uzuF9Od0OxSropCTRV7ZfAaHjh2XsOU2OwTf8YQCuDs2Ih6PN5wfkDeZ2+WYuNPjkFLMZWDBhgCuvX5dbgofOk8hT76RuV9bG5rCDXBbLVJQ2Fxu7PJGur3yQCtlJTcVbGgQmOKh+x/AxPgobEazJOrsi3736e9hezsmoYo5ooSX9XV4vW4JcUy468UJaeAMJbOz83LdoxPjUgG2t7dKG62xoVG8czCgwrxWLGGGSpM1WCSVysiDO3LkiBgY2SQ0oDZy1aoV+f7k9JS0plgYLS0uy8/ZrVYxFo7e8fPQWOj1eBB4IHit9MBMJWiw/B3CRNPTk+KpWUTxkAwxMjid0l1gOrDFroDLJcMu/Gz8ueEx1bEhDEJtN37OpdW5/WFon/74L+vjU2O4OzwqrSK2npg/qHnBKhoao7Kr0mtxqpkCI3B3dARWDu5yKJdUG6rJcZ+4EVIAULiOQim+AImPg9IwljAoAyQGFLLq1J0+dQpaLit4FKk69AiJmGr58GEx/LLEz+dzuHrxEhKxuHg1toA4W8qigMAvcSt6IbvDJg+H1d3ywqJUgLxGwfFMRvEwszNzYmDEtZijUc6AYbWnuxczk4qSzdB3/Ogx3HlrUIxjfWtTPBR7k0LG1DQ8eP/9uHfvHhaI7Gcykt++8eYN+VyJ3V00R5vFcDgTx1DL0Mxr4wwoD9lbb70lBRMPBiPDTmxLDJ0Hhpw1GhM/V32EkF5ZZhLsqvg6fOioSnEiEbz00kvy2mfPn5Mo8od/+IdSYUvo3NgnHu2+8/frZCKMjI0J4s0bzbU5pFYXSiW5MWzf+OxOVXm1twj6TtEHkYUivsTKiQTDagXnz5yV08UHK4THuTm5gVSBFCpNTfeLmOypgRMoUb6gWkapqgucsDC3qG6oySxtHpb2Qpg8dUr6jplUWow23BzF69euSc7Ha64bCHEHhhYSAurzAHz/ptYWMTAO7/KLr0FP3BBpwPzCLFqaWmvDJSa5foYohk1eMwHdKsN2qSSVKX+XbA6GVqfTIYUIP+/yyspelbmztSOHJej349FHH8Xg7dtikMl0Sgzw3uiI3J9MMi3XHolQvovb+Mzyfb4Hf67egOc10fiYzzJvS6XS4q0fuO8+MTweNLJqDvb2iNE999xzAgdtbK3uD492+cxlneyLDaL/NVaBaFgUuY6minAkAq/HA5fJqtx+0CdhhwUCVyqqxqYAAAmwSURBVBPWpS3paWiIJ44dRyarmAziupeXJR+iJ6tXSopACJw/fx678Ti2Y1uSo+VKJayvrCuUvEqFbHo0RYM+f/YslpeWRIONBtjd14vXrr2+t61OlIOMRhk6ppHQu/H9mAdJgVNScgn0hHxdeip6mkwmLVNZxRqgy4WyDLusfPlwGeZYlfO1+DvlYknwQnpXehR6OP4dcypKxIuXhy5kABoAoRB2BujZeB3MD/l+Q/fuiaHYHGoIhzkpvezJkyckkadnovEwZ6b345/5WSiUQ35bc2uL7EK4dO4sBm/dwsLykqQGjCh/9dffwEMPPSS56Ws3Xt0fhnbxzGU9FA4LSMowJW0WhsKqLn8mNEEP1+QPSS5ictgwzNAp6jwV2KnMSB0L4blXcPTw4T0GA5NbFgJsnnPbXF3rn16ikC3g4qXzSCYSyBdzMFLKStexMLugPKUI1HJsTC0Pu3Lhggy42C02ucZQYwSvv3FNvG293cMHxolNUd+m5IDDIdwvvq/T4ZIHSmOoA6Y0HKL/DFXjY2OS88hWvEAAb775phAIeA/483VMjDAO6VBbG5uSxLNC5D26deuWOlwUw2WDpVCU3yG7gobG4okeVHTcdF0IouwdUxKe108joVF53E450LwH9JSEUPja4oGpS+IPCReO1760OI+Ay4UDHR3isZnzEYJhTjgzNyvXMzi8T3qdZ05f1knr4U1jBVTvCdZ59hyZY/Vn0VSPD1YzhkaHZVcSMS0my7IGMZ8XKtB9l69Ikiz9T4qqVCuq0V5bX8jJcMWOBa5cvoi1lUXJBdPFkiT+o/dG5SZzokdpnnIsroy+7m5BzpPxXTndDdEmvHH9Osy1pVAyA8rlE0USE03oP9Qnn2VwcFBBBXkqeNuFO0eDotHJZFSxgOPHj8tABz0YjYEA6ODQXYXq1yhLNHgJxWVNPBoNiYk7vRrzMxo0KfG8F0LrLhBctgpsQdiB1adajGEWb8l7QIOhoZHSLl7eYMC506ckb+P/13Ow27dvKwpVtSLtQYLQDNunB04gGgqKRgk9KnNQVuQ0OF4b//z8y8/tD4927sz9utfvweQMmaEpqR6JwFO7luIjnDvs7emGraqYqTa/D2MTo9Dy5PtbQYVgaY6zeVLVcPb0OaEkC99Kr0olyQeoG03ygKtlpW3BB/3gA/dhbYmc+CriqTQOHTmC1197Q3kGCePKq/Ln21paxNCKmTwcLqcAvHfv3ROFHrHH2nwmcxy+d0/vQQlNrGCF+eEPSm7DHIcGxy9l8DounD+P2E58b5CG4e3u8IiEYM4z0GBp8LwONvG7OjqlKuZXOpuV3HZuQQ0H80tUimz2moE1qc4EJbRqFO6pmWlFGrWYBfYhXsmckq/PipNLzmhsgrnBIOCxUKh0lfcyFWGqMnDiBHKpJKKRiIDUxP2+8pWvyDXQEFl9Ts5N7A9DO3Pykt7V1QGL3SFJMbn8pKaQtcCqz+HxypJUY5HLtopwkpExPYG1pVUxNGrAcn9AKpGSh36o77BUrfWQUyyXJExwPzlPeD3XYX53/tw5rMzNyuDwbiYrXKzXX78mHpQegSeev18qKQIk2biZREqSfXL6b925LRx7GRSuTRyRiiRs31On5UHTmyrWh1mJJnP+UbRtVQHBFY78WR4GekSSDul1+HClZ1tbSMbeJsNec1NUPgdFZzjbyXWNXLe9ub2xFw2EC0dZCBrO8RPiweq0IF77tetvCINXFsbWUhCGZH6xYmbeyNegx+Vo4dr6uvwd2TIyWcbIA4PkuIuzKkTWMTcxdpNRQj8r0lt3buwPQzvWe0x/9LH3Y35pUcpyJv7iUQxGuLweeLxe6QVqacUezVRKiMXj8Hm9UgWRtMcT7fN4sba6is62dsWSqJbFk3i8fgkrDC8MzwwBzEcIY3CfwPTIiBgWtfq7eg4KHML2k+iUoQp/ICDVGgdTyDsrpHOiTERe/3MvPC8jd/VCgHQheik+YFa/dQIlWznsM9JQHNwYXFsUm+b+cxj25hLoFbXaaN7axoYk9RLGifUVS6hoZcl/6E1YfdIQvMEg3rjxphwu5lz1L1bhNPDzZ89Jcs8v/rm3vw/Xrl2rKUxalARVtSI5l1SxIidByKgsEYBdAAX1UIQH0nJTLJQyTp08KYeJvEDeL94XpgoEeInr0cBfu/by/jC0X/nkp3XiNX2HD2FkdFS8Dyswj9NVY6CWBZysZpW4cNWmTvvqsmpxsEHNWULSa5iPXDx3XkIW/2VXgWGO/DWGGAkrFHYRbQwjPvKRj2B9aQnx3YTIQ5FKTUCV3oI3jskx5RV8Pg8eefAhTE5MwO/2C9Rw5MQA7gy9JV53fmFub2c6HxZDP2+2hGz2Ib2Kis0W0Pz8onge0oP4MNjkJolTrdmuSn9xc3sLqUxWCgc+LD74jfU1MdSTx0+I3EIunUFjpAlOnxcvvvKqFCgSwpnGUsu3pADnK5cu721E5gF2ebxK25ZhmXkZ5XPKmnDq6hPs/C8lvlhdcqiljgPWUwReZy6bl0GfxG5c3peHkcUCIRx+EUlirvnmzdf3h6F9+mOf1IdH78m+yZ34Npx2qt/4pSpkQ5c7AI4ePiIejTe6ILsmdVSL5OabpUcqOFWkUT4sgU56Lv4sbyxDH1tEAplUK9L74/BFPpPFgc4OgSwolQCLRVpKo6PjcoIZerK5NGx2u1Rh/X19GB8ZlUWuPNXRtla89Mor8oD4PmyK84tNeibBbDfVB3VpWIqupHYCsKpkQs1ebbQxrEJmTiXv9LYC0pI3puviVZhr3nf1itDRDx/qw+TYOFaWliVtsDgdsiWlvv2Y8hLMBWlovD+kHTF883sCh7g9oqfGARMeZnZJRJRZqwgGls/mxOB4zfT0169dE5FH8dqUvCeeR7jFZMWhI1QtIp1JsY95KHivVGGkQvG+6XX2tfXoj37gUbS0tmNscgzLC8ui78+FXxT+LWhcANaGcjonYSlbKUl1Ojel2AY8yfxgrFKZVx3uP7RHmZFkt1qR7b88vdInFEmrqoSIvr4eJGM7KBHCkM28lFZIyQ1m94APg9UqqUQP3PegcNIKuaLc9AO9vRgZG0U43CBeiAMpfDgM6TLj4FXNZX6PuQpbN3zQG5ub8vNUz6bxU1uNHrTer4RRTdVzKwur3XgiJtfOw0Phmg8//iExeB4Svz+I3qPHpKtCz82HzLqByD8fPA22rUWpCTF3kuZ7Li85Vzy5K9dZyiuaOkNz36FeGVRmxUhog0Z+682bsiFZ7jEjAgUHjUZEI01ybz2UJzVAPiPJAvX8k4eKHn37nxCw/T/t9+FL9lwg2QAAAABJRU5ErkJggg==, url=https://github.com/eastperson, roadmapCreatedByEmail=true, roadmapCreatedByWeb=true, roadmapEnrollmentResultByEmail=false, roadmapEnrollmentResultByWeb=true, roadmapUpdatedByEmail=false, roadmapUpdatedByWeb=true, tags=[com.roadmap.model.Tag@40, com.roadmap.model.Tag@42], fromSocial=true, location=null), MemberDTO(id=3, bio=null, email=kjuioq@nate.com, nickname=kjuioq@nate.com, password=1111, emailCheckToken=6d1037ea-7a9c-4ed3-a101-947d3a46fb59, emailCheckTokenGeneratedAt=2021-02-25T00:34:58.117814, emailVerified=false, joinedAt=2021-02-25T00:34:58.112823, occupation=null, profileImage=null, url=null, roadmapCreatedByEmail=false, roadmapCreatedByWeb=true, roadmapEnrollmentResultByEmail=false, roadmapEnrollmentResultByWeb=true, roadmapUpdatedByEmail=false, roadmapUpdatedByWeb=true, tags=[com.roadmap.model.Tag@46], fromSocial=true, location=null), MemberDTO(id=2, bio=null, email=kjuioq@naver.com, nickname=eastperson2, password={bcrypt}$2a$10$fiAzJ99QsZlQprWsmRGpDeky4lU1cI396Bcmvh8bmlnyoitByReBW, emailCheckToken=567e758e-3870-4762-8a55-ac94ec4049ad, emailCheckTokenGeneratedAt=2021-02-25T00:22:08.169630, emailVerified=false, joinedAt=2021-02-25T00:22:08.169539, occupation=null, profileImage=null, url=null, roadmapCreatedByEmail=false, roadmapCreatedByWeb=true, roadmapEnrollmentResultByEmail=false, roadmapEnrollmentResultByWeb=true, roadmapUpdatedByEmail=false, roadmapUpdatedByWeb=true, tags=[], fromSocial=false, location=null), MemberDTO(id=1, bio=김동인입니다, email=kjuioqq8@gmail.com, nickname=eastperson, password={bcrypt}$2a$10$P/PUDqJDw3haYBBHh0L/tuc5hfKbEtAK/KElXLLXnVFVWDOy/AZM., emailCheckToken=02d85159-6f70-4773-b47a-5182b71da455, emailCheckTokenGeneratedAt=2021-02-25T00:20:18.052638, emailVerified=false, joinedAt=2021-02-25T00:20:18.050949, occupation=백엔드 개발자, profileImage=data:image/png;base64,iVBORw0KGgoAAAANSUhEUgAAAboAAAG6CAYAAAB+94OFAAAgAElEQVR4Xuy9B5hd9XUtvm7vd+bOnT6j0cyoIQkkEIgiAQKDbcA2NriAseNC2pfe80/i95KXOHF5sRPH8UtsB7CxaQYDxqabLiSh3rumaHqf23v5f2v/zhndGdQlJM1wzvfp0zC695T9O5x19t5rrW0qFovjMDYjAkYEjAgYETAiMEMjYCoWi8UZem3GZRkRMCJgRMCIgBEBGEBn3ARGBIwIGBEwIjCjI2AA3YxeXuPijAgYETAiYETAADrjHjAiYETAiIARgRkdAQPoZvTyGhdnRMCIgBEBIwIG0Bn3gBEBIwJGBIwIzOgIGEA3o5fXuDgjAkYEjAgYETCAzrgHjAgYETAiYERgRkfAALoZvbzGxRkRMCJgRMCIgAF0xj1gRMCIgBEBIwIzOgIG0M3o5TUuzoiAEQEjAkYEDKAz7gEjAkYEjAgYEZjRETCAbkYvr3FxRgSMCBgRMCJgAJ1xDxgRMCJgRMCIwIyOgAF0M3p5jYszImBEwIiAEQED6Ix7wIiAEQEjAkYEZnQEDKCb0ctrXJwRASMCRgSMCBhAZ9wDRgSMCBgRMCIwoyNgAN2MXl7j4owIGBG4ECKQyOQRjmcwEkphNJJGMpHFcDiFXKGAWDKHTKaAPIpIpXNwWi2AGfDbrShaTPDYLPB4HSj32VHms6Ox0oOAzw6nzXIhXNq0OAcD6KbFMhknaUTAiMCFHgEC2f7uMPrHkugdiGFoJIHO/gi6wylEQ2lExhLoTeaQTGZRzORRyBeAfBEoFtWl8S8TgFwBsJiBQgEg6BWKAEHNYYHXYUFFwImgz4GGSg+a6n1Y0FiOZfODmNtUjtqA80IP03k5PwPozkvYjYMaETAiMF0jEElk0TMcx4GeCNr6IjhwcBQHBmI40BvB4GgC+VQOSGSAVB4oFgCnDTCZFIjpP5sBWM0K5Mz8B/4pqs/pG38kyPF3BD9+NquBYzavfkew5PfLHJhV68Pl84K4YmkdVl1ai2svrpmuIT7r520A3VkPqbFDIwJGBGZSBPrHk9iydxjr9gxjZ/sY9nSE0D0SRzqUBAg4BDSLCXBaFXjpf5iVEaQIUIJl2s8SnJLfl2ZzpYHTEj394+qfSoCQwMjPMCvM5AACbDInZU+ey+WX1eH2lc2448ZmXNJSMZOW5JSvxQC6Uw6Z8QUjAkYEZmoEiBm728ewq2Mc7+wZxva9Q9jZFcb4QBTI5NVls5xIUCO46aBGwNEBbSpASUlSAzY9Q2NZkj9z0//m92Uf/Cy/w58JllClTG6S/Wn70zFPL3nq2SAvIp0D4hkgV4S30oUbL2/Ab925CLdfO3umLt1xr8sAuvflshsXbUTAiIAegQM9YWzcN4p3tvdjw4ERbG8bQ3ooobIkgpnXroCNIKOXIHUw08FFQEpLzfTeW56lSw0A+TshmWiA57CrKqXFBLPVqn42sy+Xh8lsPoJ3xSIKej8vp5UrCZJSsjQrAOR+Cbg8V+0UJlaXO46mgdEE4HfiIze14q+/sBTXL6l7X90ABtC9r5bbuFgjAkYERqNprN89hLe29uG1HYPYtXcYybGkKvs5LYDbDtg1AJEMqjRF0/6TvyLgZHNH+mfSb1PlSrPLDqvfCbPdCovHCbvPBYvHAbPHDqvDBqvHIcBktdtgIlhZTDCZyaIsShLHQxaY6eULKGTzyGdyKKRyyCfSyCczyIzHkI0kkR5LIBdLAcm0Aj+7FbBZAbvGyOR56lkgr284LsSWuz+xEF//k6vRXO19X9wQBtC9L5bZuEgjAu/vCOxoH8crm3vx5qZebNw/gv6eMBDLKjYjszUXAUIBzQT7Ue+jEcAIOiR/MKvif+eKgMMKi8sGi88JR6UPVr8LtjI37GVu2LwOWNwOmGwWATb+XcwXYbaaCGUKJJlt8W8t6Zs47kT5UgGsyczvAGYCIn+wmFDMFVHI5SdALz0cRbI3hORgCJnhCJDMAA6bIr8QfEv7hCxpDsVRv6AS3/zzFfj8zXNn/M1hAN2MX2LjAo0IvP8iEE/nsWXfEF7fOoDXt/dj854hRAfiQDqrSpFeR0m/qyQ+paVGEk0IRPydzQqz2w671wF7pQ/OSj/slV7YKrywOK2wuhwwEygJKgSubA5FDSCLBEiBUA0wS8udej9OZ1xO6tFNWTe9F1csqiyQmaPVLD+brBYheGajSaQHw4i1DSDWPozMQFj1+Jil6lIFvfzK7C6Xx+98cRm+95fXwqZnfjPwdjGAbgYuqnFJRgTejxEgDjBb+9WrbXh2Uy+27R8BQinVx2LWxj+6yFrPcBgo4pD0v7QeGBHDYYPZ44Cjyg9nTRlc/LvaD5vfBavHLiXJQq6AYr4AAhmzK0kG+d3SSqfet9PZkhNcEpPqqQn3REkPJnFZtJ7fxP4meoLHAD8t8zNbLVI25T7T43HE2wcxvq0TyYND6ng+pyK46LKGaAbojeCjd1+Cn3/zQ3DopJcZdgMZQDfDFtS4HCMC76cIEKPe2jGA59d148U3OrCzfRwIJxWg+Rzqbz7gJYvSCSNarZAZG9mJ/L3NArPPCWdVGVx15XA1lMNe4YPd64TFZVcZWUEBG3tm/HuCfEKUKm3lyeHU75htEXzYJyPJRL4kpUSgkMlKWTKvaeRMGhiqbI1Zm0VlbhroFbK5I8c+1iJrwMpjmVladTuQS6QQ3tOH0dX7kekbAzxOVdbUwY5x6Azhw59YiKe/dQtcM9BxxQC699NTwbhWIwIzJAI7D4zg2bVd+OWaLmw+MIIsySTcypwqc5NMTUuD9JIcH+j6HwKP1wlHhRfO+nK4GyvgqPTCXuaBxcHvM8UqCAmEvTUFNtr+JkqPWjA1YDOxjGjTGJQaMObTORQyOWTDCWRjaRSSWSGP5DNZ5BMZ8N8la8uThKJJCcwmmC0WASo7M0ivA7aAR/vZCTP7boUi8uksihSQcyuV1+lrrIGe2WaF1edEJpzE6LqDGF1/SPXwytzad7VeYW8Ut95+EX7+LzfDLTGYOZsBdDNnLY0rMSIwoyPQPhDDL97swK/WHMbaTX3IsMdEEonHLsQQKVHqYKRyMOUkksoqRqLVAmu5C86mIDwNFXDVB+Co8sHitMNkMalsKZNXmRtBUu+JlUQ1WyjCYjLBYlWyAOnLMWMkTyWWQjaWQnosjsxoFJlQApmRKHKRBHIpDZR4HmRq6m4oPF+x+9IcUvTzJ34RAAmqVpP0CC1eJ5wBH1yzKuDmNcyuhMVulYytIJmplllOvQu0fZL9yc9HDg2g/7ltyA6EAJ9L0+hpZJu2cfzOn63AD/5i5Yy6lwygm1HLaVyMEYGZFYFQMosXVh/Gs6914PktvQh1hdTDv5yZGxmFpappLYsjmJB0wpKg0w5HwANXYwW882vhrC2DPeARBiP7asyIBOA09uOxoscSI0uOLpcNRZsFGX4vkUZ6NIpU7ziSI1GkBsLIjMdRJOjw+HqmZdF0broOT3pzGijpJU+9tDrJMYUAqmWS7AEKSGoEGbcDrppyVFzeDN+ieljdDmQjKRSp3Su1ESu9IJJYzCbYK7yS3XU/uRGJ3d2A36UkCTwXMjLHkrj/O7fh3lvnz5ibyQC6GbOUxoUYEZgZEcgVi1i9YxDPrO7Ec6934NDBESCdB3x21XfT6fICJBqLgwCQYeZWFHBT5cggPE1BuOrLlYbNYoH0uVgu1NmUxyv7mU2SAYk0oFhENp3DgnwaXR2jaD84gtxQGJlwHEWCg/TetOyOPTm9LygCcS27LHVIkR6fbuGllR/FNaVEtifgqgBWBOE6W1KkDnkglpbfuebUoOq6BShbWIdsPINCKnNssJNTKcLmc8n19P9qC6JbOoFyD0B1BbPL3ggqZ5Vh44OfRHPNzNDZGUA3M54NxlUYEZj2EWjrj+Lp1Z345cuHsGbXEArhNGAzAxXMODQX/wm2JI2OSSbJqqzHahF2pHtuNTyzKuGqLZfeFh/qwook3Z/gcrzynomEEZMwKhWrMo9cNI3USATxwyNI9oWA4QiSoYQCKYICS6YENn2b8LSkByVtvjQTZt0lRXdIobCbGEYSjNMKIaJQJsAztJpFJ0eJgtLKMTvV+osEPl0QzuMS4ONpAdaKK+egatVCKcXmYsnjg12hqETrVhM6H16HxJ5eoFzv2QHoCuNT9yzFE//4gWl/X8m7TFHEHsZmRMCIgBGBcx8BPnxe3NCDx19tw1NvdCBCITeBy+9U2i8p801hS7Lnpgmi7TVl8LRWwze3RnpuNp9TAC3PnhhLk8fotcmVyqPPBLPNDDMdSuwWAZr0aAzx3jHEO4eR7BoTFxKZRsCMSoBN87ksLRFOiMo18NWzN5sFFr9T2I+2Mg8c5W4BYGuZC1a6p1B/Zz+ihRNSCoGOrEwCXaYgoJUNxZEaiiDZHwLF4cVoUgGsxMis4jGegGfJLDR86ioRrGdCcY3peYx1ZWZX5pa+YseDq5EdjGjyAwCxjEgz1jxxF1ZcUnvub4yzfEQD6M5yQI3dGREwInDiCPSOJvDMW5340YsHsWlzL0A9F0klFHM7LKrcp7MmuTtmNAQ4mGCt9MIzKwjv/DphS9o8JJOYhcFIcJjq2PWus9FE2RanTTI3ZnyZcALJnlHEO4YR6xxBbjyuMjKCCLNJZlGaOkD2p5cY6YfJnhwzN0oJfC7Yy92wB72iwePPjqAHVq8LPJ6JmRz3K61Fk1ZCJZAfEdIRnHV5AsuW/Fkw1WRCIZNBOpxEZE8fwtu6kB0KA5Q/uGxqv2NxuBbWY/bd10gfMpdQ5c1jbTyWs8qHyIEBdD28VmW9bpv6eHcYt9yxEC9885YTL+gF/gkD6C7wBTJOz4jATIrA2l2D+MlLh/D0G+0Y6hxXWQkf0vxTOn+NYCSkEnpJ5oQw4W6qhK+5SjI4Ppz58TwNjwk2uqXWMZ/oKisk0DCT4pez0RTi3SOI7B8QQkl2JKoYkQQj/tHH7OjISfDVCSEsGdKQ2e0QsotzVoW4pdAKjCAnJUm6lfB8NBYnSS8TqnCtLTcBmFMnEUy4oOigqqYa0AnFTJaoyYRMJIHQ1k6MvH0IRZZwKa3g+YUS8C2fg1mfWCb9SJpCH1V+oMWKLwlWtx39L+3E2Jt7gYBHI6YoQs/aBz+JaxZXT+vb0AC6ab18xskbEbjwI5DM5vH4q+14+MUDeGVjL4pjKcCrgZuQLEquQQc3goLdAnttOfwL6uAjuNWWK6srGhyz51aa8R0nDNSn0ZPSbLcgF0sj2R9G5FA/4gcGhf4v4MaMjSxOcQbRpQValkX2Jj+jZXiWMjfcdeVC8Xc1BlXGxhIimHGp8xLHFOkJvgebZh5tddI42oHxnT3of3YrcvS4JEgxdpEkau5cjsrlrWL+fNytWBRRfC6ZQedPViM7EgO8TgXKXSH8yR9eje/86Yr34ELO3S4NoDt3sTaOZETgfRUBlicff/4A7nv5EPZs6VOlSMoCdM1baY2RWQczM/7tc6J8UT288+sFTCiaJrBJ362ULXmCaKpMxSGfSo1GETs0hPCeHsnekM4oNiMdQlianDqkgOfKvpeW4VmDXniaqySrJMjZKzyq/8UxOtm8/JnQ8B1Ff/eeLDxLnFYzbOVuJAfCOPzIWuRGY0ouMB6XEm/Ll1bB5nEiF0+VSDGOfjYUpQ++thsjL+4AKrwqJqMJzG4NYNOPPolKv4rldNwMoJuOq2acsxGBCzgCW/aP4KEXDuDhV9owtH8U8FiBcpeiyJe6lfBn9t0IcDRNri/HqpUtsMyuRrvdAbfNglwyq0qT3I7dajoSDZIX7TZhMuZiGSQOjyDSPiAglx+Lq89xhA1Lk/psOJ2Ox/MR55ScgDHLkKK/a62Cs7pMKPmSUQobUsvYdBPm87Ue2rkTeCPtQ+h5aI0a78NrjCRRdctSVF+3QMq0k8X07z5hZqXpUAKdD69Bnlmg065GFxUK+MW/3YqPr2g6X1d5xsc1gO6MQ2jswIiAEQEW6V7Z2IP/eXY/nn6lDfnBOBBwKvZkaSmQoSKxhJT4QhHmCje8LdUou6QJhZpyfHRBOdLpPF5pC8NN1v5xiBQSdS17YmZj4TBTiwmpwQiiBwcQ2d+PFL0dCZT6nDZ9OKmOnCwv6jIFmGCp9sPTVAFfS7X0Aq1ep+oFalZeJwKL83UnUBbBjKzvuW0Ye2ufyuoiSTiaq9DyuZUim8ilMuCMdOsxYioZsMeBnl9sQnhju9LWMYMeSeLPf3c5vv2HV52vyzvj4xpAd8YhNHZgROD9G4FkroDHXm3D/U/uxpp13UAqBwTdgEdj7pWSKkiYoCaMvbdKP8ouboB/YYNMBWCmRO/HWCIDK4rion/cDpc2UJR9N7PDJlKCRPcYont7EdrfjwJ7byS66GVS/eEuhBcNbHUNntcpWZtvfp3YapEpaRLT5TwKOc3r8mSyyfN5GxQoFXAhFUqi84E3kKf8QDNunn3PCvhmVyEdSSCWU7F1aKPtJp0yva3L3Aht70Tv05uPaASH41h57Wy8/V8fO59XeEbHNoDujMJnfNmIwPszAv3jSdz3zF48+tIh7N09pOy22H8je3IqmYPlSbInvXZ4m6rgX9wI75xq2P1OEUYz02CPi0xCnWV/zNFoJB9S1O1Qom7S52MHBxHe04tYxzBAoTRJJQ77ETmALuKmawpdQ0S0bYajtgz+ixrgaapU7ikO24REYWI6wYUOcPrtR2MWZrVuB3p+uRnhDe1Amcrqaj+8BK6VC1CVTeML8/14vC2GA6EMyuzmyUoMklK8TrExO/zgaiU6dzuBaBpVtV5s/dGdaOBLzDTcDKCbhotmnLIRgfMVgX3dYfzwmX148vV2dO0bVqVF3bmkFODYJ6KGq1iEtdwD37wa+C+ZBVdDBSxWs2RL4r5PQsXJDPykTyNnrXFOnNWM7HgcYWZv+/qQ7hpVQEviCYklpVMGRAGeUwBHM5NyDzxzq1F2UZ0wJgm2FGXnUxnFkpxa1tPtu0p+PzFuR7fk0nt82mfFg2Pid0oWcDSD6LO+hmzNlbswuq0L/U9tVBlZMovyK1sRvO0yOFMZ3Dvfh9f6EtgykoaPrjNTNjGpBtDzxHrEDgwot5REVmL62n/fjhsvrTvrp30udmgA3bmIsnEMIwLTPAK7D4fx30/uwoMvHUKsfVRN6KZuiwQT/cHOBzr7XXQRYSmtzo/yi5tQdvEsoeCL20c6qzEUtUk4J+KYaADHYaecz5boDSG0s0tKlNn+kCpPUmhO4+RSgGNviaxJgpzTBkdtuZyHb0GtjOYRMXUyo+QAPAbXRwMz3cBZMkebRYBYAFkmdBdQyBdEoF4kcUXATlE2TRxoyv8sJd0Q8+jQwk9olmD8vvrFcS5ePxdtOCuPMdn3WQNTWpzpYMxE1WtHonccnQ+vndD8uefVovnTVyKTKyCSyMFnN4uz2tHUGcyq2ZcUTd1bexXQ8XzDKTz6rVtx981zpuWdbADdtFw246SNCJybCGw+OIIHfrEP9z27H5n+KFDmUO4l+mgZPdNhv4sEE6cNzllBlF/cCP/Celg9LgEHyd4IglO8JnNMeDTbyElXRPCxWGDzOeRBHu0YRnhbJ6L7B1Bg/4mZB1mBOhAIUJE1omWSHKcTcMPbXC2ZpLshAJuXpdK8jMyRUim/I2BmlSxRvCZZPtXAjKCcDScFEHPRFArJDLLJjPQSuR9KHkwEGrNF4Z02nZuEDurSqN2z+d3ys/yOTiwsudJCrKimkouYW5sOLkNaaSDNHqIMauXoIDq9mLSZdVrGqftsFoty7uo6VAC4D55z+wNvIDsWk9856wOY/bkV6t/SOfnoMTk+BDqPAyNrD2DopZ2A+GGagZ4Ivv63q/A3X7z03Nx4Z/koBtCd5YAauzMiMBMisGHvEO77xT48/PJBJPqiQMClMqepDErJmujK4YZ3VhBlS5uE0GFz2wVMqH1TbiDvbnZli0U0utWQ0+54Fg5mTvwotWFeJ/LZnMgCxrd3IdYxBAjBgsJuOptoYu7SYBcK4kZCQ2fvgjqUkehCBxXdHozlSZY4eUSCGjO0YkEBWTyNLOfIhRNIjcaRDcUEMLLxlPoO//A69WkEzBgnpijo9l1qWKts+hBVh02mH1jtVpmgQBChbEGkC/Tm9LvV/DsCMOfZRVLIxtMyAoixk+NzjBAzYSHgqHIj2aUEQovNBrPLJoJ1Zqqcr2dy2KT0mOoelYyXTi3NX7hOQHRCqnGcm5QZXWhHF/qe2XzEIaY/hj/6veX47h9fMy1vbwPopuWyGSdtROC9icCGPUP4z5/vxsPP7UORU7uDHgVwk8qCWtbEkpbXCf/8WgSWtcAzO6j5K6qS4In6UhxiSqAjZnXHc3A4rPLAJpU/cnAA4V09iO3vV0xNnoM4/h8F4BgKZjd2q3hgMoOxl7nUMFI6lFDG4LLD5rXD7LDD5ncJqKSGwkgPR6QcSoDLx1JKiqBPFGfWyGxGmywwAXKlmD1xPlMU5xMDVFmv1cbqcL/MarlLqxWWcrdMXCB2ZUNJZKIJFMha5eclflNeEPQy6cRaaH6g+qFpTu1xCnOS+sN8IiWxszcEMPfeG6REm2fWfYKeqNXnQnRfL7p/9g5g1wT1/VF8+Z5L8MD/uvG9ufHe470aQPceB9jYvRGB6RCB17b14wdP78WTz+5DPpxSEgGWKAVEtFoXgU3cQvIwB9woW9yI8mXNMq2bWQ8zI9pzTcxNK7lw4YSwzyV6bS1zAweAF8V/0kXwiSYRPTSIsa2dSB4aVL0hEkwoftbP4zjBlN5YvogiXU9YE5VSqVbSZP/MapEJBRaPXUbfFAlsep+MaENg02fAnUi/d7TzOApxZeJjEw02Td7AjFBAlaN8tOniOpBPPQfNAPpINl3S3yslveiCd2afZL/yepIZELhmfeZKeFqqkY+lkT+B0TNLromuUXQ9sUGVm7mvngju+uRiPPbPN0+H2/ld52gA3bRcNuOkjQicnQi8vn0A33t8J555+RDy0bRyMJESpTbGhg9oPpRJMMkXYAt64V/ShPKlTXAEvdJfI8X/qIzFklNkMhNwqHlrI8k8x6DB4rTK7DSW6uIHBzC2vQtJSgT48Oc5aGW6k77S0oljms5OQEQ3i9andetTCcRnU/PanGoBdqKD6sQbjrMhMGmz6ax0cznBtPJ3P4W1FHHqxDSer74vgpeshc5iKXkB4dfZq2S8dCPq0n2xH1ksIrC8FcFr5sEecEsGeSwjbItbEVq6Hl0r8g950RiK41N3LsYT/zQ959MZQHeiG9r4dyMCMzACq3cN4ns/24nHf90GRNJqerdkcCX9JgICe2yFPGxBP8ounY3ySxrhqPChmMuprOhEUwO02KVyRSyusMNuNWNHrACPxy5z0KIHBjC+pQPJtkH1oGYGx4f1ezkm81RB7WjrnyvA67Zh5SU18Hsd6BuOYTicwlAojRDBT88kj/ZdPUM7wTXKqB5tzp2FvUlKKyZYnjJNVDJYljvzGU0eQSkAgYkTGvSNx+OLSioH+6wAam66WPqX2UjiqC8oJM8kukfR9fg7qj/JffWE8fHb5uEX375tWv7fYADdtFw246SNCJxeBHYdDuFr928WoTcHdYqomCCn+z5yt3y4sVeUycFWX47AFa0ov2SWYkDmCsizRHk0zdnUU9Ie5CR9CCGDQu5CEZlIUjKGkXUHkWobUhkX5QoCcKd3XWf0rZMGvhI9QCYPr8+Bz36gFdZCAe/sH0HXQAyj7CdOLXtOLT2SSUm2pT4O6GiAl8zAUVeO2g9dotiiImng9HObpj2k2JsSA/bzyCTNSOk4PRRBrH1YgGqiv8iXESHeFIEw/T7NqL3jClReNUexSXk+JedMI2x+/7AAnXae/TF85lOL8bN/uumMQn2+vmwA3fmKvHFcIwLnMAK7O8fx7Ye348EXDqIwlgB8lAk4jpT1eC66yXKhAE7uDlzRIs4hJG/wgUdRtSoFHscuROtTkdVIpxHS3wvFokzpjh0eQezwKNKdw8jSZZ+7IfhxRM7pZHDHnRJwghECOvjwQc4HPbNJ6ZFpJcETrc2ElCE74bQi3y8dO6RnZPqYH5EKFAGXA/YyNzKcKEDCjIz4OTLxXH7OFWAq5FF142LUfWiJZF+UI0xOFNU6EABFjmAyifH06MZ2dP9snbIA4/kQfKXfqclCaPBcKKDuzuUIXt4i7FIRuWsbmaFkuXaRjMKA8LoGoviNe5bgJ1+54USRuSD/3QC6C3JZjJMyInB2ItDWG8G3HtmOh184iGgf55VpPbhSkbeUKBXJxD6rAoHLmuG/qB52v1so/oXjSAQmns/UvbFV5bbDYrciT2lBIoNU3zgiBwYR6xlBbjiqCCLMLgQUSkTep3O5pzsOh2BNqYBYgVnEIzKfL6BA8GWJ0OWYBLzHInpOnPLUKQj8Bxk5pDFP7RZ5WXDWBUTuwL/dsyokq+1/cTtygxHVGy3NZnlQfj+ZRu3tl6PiilY1audoGa9OgoEJtnIXht7Yi+GXd8q4IwI4MzdmetHth1VpmPKMcAImmxWz7r4avrm1yIYTE9MhmEGG9/Wh5+cbFKGF6zQQxR/81uX43p+tPJ2VOu/fMYDuvC+BcQJGBM5+BIYjKXzrsZ344SM7EDocAqo8AOeJTQCclsGRbp4rwNYQQPDKVgVwfPCz7yMAdwLrEpMJTocVRadNvJIzIzHEukYQOzSIZPcociyVZQoK2AgizJy02aYnf9VTT+JEJ1Wy59KsSgcfThkPeuCuL5cJBe7GoGSqsYMDGN/ZjUwooUq5ujvJ8ZI8nU05BYDMnCbgdYqm0N0chKO6DI6AVzmqsJSYL8DiciDeM4quR9YgxyybEwdKM1ueQyQJi9+Fli+vkixQwO4YGTVZp2abGV1PbkZ8d7fq6TlsmPO7N8JVWSYemGNv71drQSH4eEJK0y1fvE5s2Sjr4EZQpnax78kNqj/HkvJIHP/7T1fin+5ddvLLdvHhzxcAACAASURBVAF90gC6C2gxjFMxInCmEQjFs/jBr/bhOz/ZioEDI2pMDsfllJJM+DAlwCUzsM0OouLyVpQvngVbhRv5eEaVKE80Z81kktKkyWGFK51FeCCE0QODiO7uQW40qrRoLJsR3MR/8lSv7GhgdpIAp5cfWTLMZKlhkHOx1XAETxDupipxSrH6HDK7TiQH1IsVixh4fS+GXtulppczkznWpjM5+TJA4BEza2ZhWZjsNjTcvgxl82tVP42TGDicVZs+zuPI7/mSUOmVOXKdD65WZWHuZ2qsRmMI3LgQdR9eKjo4AcqpG91l3HaZJt756FrkOHsvl4e7tRpNd1+j+qNWCwZ+vRMjv96lsj1e30gElbdcipoPLJQSpg50dEYZfH4b4HWp6xuJ4//94034/TsXnepCXhCfN4DuglgG4ySMCJxZBGLpPB799SH820+2Yd/2fsBtU16UOoNR2HoAYmlVomwMIHDJLLHHcpR7xKKLpUb5zNEyBqHrQ3putLLilmBZcm8fYm2DSA+GValtYjSOrn07CYQ7Sfw6YXqpZ28EH/pQ2q0C3t45NfDOroSztgy2Mo8ABUFGnEJyBSSHwogfGpL5ddnxGPIE6eO0IRVZR8kKOAOO/a0cQYLZj5RFMwhcNQ8Nty1FLsEXh6wc71375GEsJimd9j2/A2Nr9osAn5v4a4qSQL2UWCq8MleO0gCK3Y9mPs39hHd1o4eGzux7xlKouO4i1N2yREqT0jN12dH19EZEN3WImw2nPVir/Gi+ZwWsXocwOJnRDfx6F0bf2KvISiw3J3N47nsfw21XNZ7ZjXqevm0A3XkKvHFYIwJnKwJPvNmBrz2wBds29ihqObM4/j1BHKGTSUaJh2vLEVzWDP+SWWJDlU9khUUpIDIV4LSsjqxJobfTK3E8LuNwOLk72jms+lrSc7Mc0XCdrQvjfk4Egnr2RmBj342ZZpkb7pZK+ObUwk2XlKBH2WCmcmqUjcsmE7fjXWMyASF+sF9pCHm9TmagtCU7ysb4kFBCDk1tOXxza1C2uEEmevc9swWpzmEFHjwX9tY+fjmCV82VmB1zYybmcQh4tf34LRQiCemhiW8mMz/RzwGIZ1B3+2Wo4P6YrU0FYpOaJdf33FaMrzkAeJyy3g2fvFI0j8z0eD9Yy9zigdn2k7dQ4EsPy5ixFGpvX4bglXOQi6VhdtoELKNbDwMBtzBwrRYztj74KVzcUn42V/ec7csAunMWauNARgTObgTe2D6Ar963Ca+91akkASSa8EGtkxP4N7ObVBbmgEcyOD4oHZVeKU9SB3fUEqUmtmbGw8GmrJRlR6KI7uvH+O5uZPvHtTJbiS3XybIVz0YI9GORTEJwoxTC54SrsULsyHwL6yVLFXDL5MQ4mVkoJQ6ZUByxtiGEdnYj2TmiSptiEG1TQK2XeHmefFHQZtfJS0A6JzPsGj56KeyVPmXOnM/D5LAjMxZF16PrkO4ZU5O5QzHY6wNoufcG0b4xYz7WJtPB/W50P7MJ4Q1tqlxI7bfDikKKkw8oC0jAv6wZTZ++Svwwp5YvaX/GhW//6RpkeseVWXW5G633rITN5zxy/CJE6N/36i6MSgnTBUQT8F7WgqY7lqOYVYbXlBakDo+qEud4ErNqfdjy6GdQyT7vNNwMoJuGi2ac8vs7Age6w/ja/Vvw4HP71KywCYArKROSWMBMzetE4NIm8aKkryLLUNRbCXNkalbAjMZMWYBVynr5bAHxjiGMbWoXXVWRGQCzN/aRdHPj01mKE2Vpx0QEDXwke6MkwAR7bRk8LVXwL6gXM2cCM/tfUi6kYYhG3U8NhqU0yQwu2x9W1076PUFuKq1SAFRJAUwepwIafp49zaAPc3/rRulNSrmS/0rwqPAidmgAnQ+9rQg33G88jToyJi9vlgzy2FldEbZyD8I7utBDI2XNaUUy7mQWOWZ52byMGmr5/LVS7iSAT2xsJ/qdUkLueuwd1RuNpVC2fA7qP3LpkRcayZCLIkFg2Zm9vCL1fPkCrDR+vmcFnEEvUv0hdD76jliyyQvAcAwrVszGmu/ffjqrfUF8xwC6C2IZjJMwInDiCPSPJfHdx3fih0/uxlhnCKj2Ai7rkcFifBgTBOIZASP/4gZULJ8DT0MAxXxRA7gp/SfRHBfF9Z+OGCabGdlQAuM7uhDb14ckqe8ERvaftKzh1IglJ4Fqx/uIDsYyPSAnQG3yOATcfPNqZVK5g30yDdxk/I7VAqvLjkImi0TPGEJ7+xDZ24sigYllSSnDThmGqoMbH/xOG1xNatQQWZM9v9yKVPeIuv5UBk2fuxbBK1qRGokemTpEaYXLjp5fbcX46n1qjlsoAe/Fs9D0mSulbCoi+6NtHE7rdSJJgPnZOhQ10bm7KSgWXMm+MVljenQ237NSSs5T2Zfsq/X+agtC69tUFhZNouHua0ToL3ZfJS81MpIIJhx+aoPyFNUE/U13X43yRY0Y3dCOnmc2qTchDq7ri+Kzd12CR/7P9LT/YsgNoDvx88X4hBGB8xqBVLaA7zyxC//+0DYM7R0BKt1qLtxULRyzBosZ3ovqEVwxF97mShkGymyimNeGhOpXotHYST+nQJhgR1CI7OwWmn16IKT2z17P6Qq6zyRqepZF4KEJsdkk/UX/gjr5w0kJvDb2F6UsSLB2qnE1HLkTPcjyZBfihwaUC4kI07XsrfS8CD4EUatZANN3Ub0a71PtE+Dis/7wY+8gvKFdETMSGZQta0Zw+RzV29RKjHQscVT7hfTR9l+vaudUEPJHy5eug73Mo+Qax9hYemT2dvjxdcjw5QKAu6UKFqcD0X09alaezYqmTy4X8GUvTQcvkkzy6QzaHngTeYI5M7yAB633rpKJDpyrN2mjsNzrQO/z2xFad3BCsF7/0ctQfe0C9L2wHUPU4TEb5kvIeBLf+pvr8RefXXImK3pev2sA3XkNv3FwIwLHj8Cjr3fgGz/agh1ruwCPDahg/0bzgtTBgACXy8G1oB7Bq+bAP79OSo8EOBkOWmqOrGVP7FnxQc4yZrxrVGQBFAkXQ3EFbNRZ6cNVj5qFaL88HjvxdBZX+m8kz2RV/8zlkKzNv6gBntYqAQxmRgQFuTaWJznnzW1HaiSGyL5eKQGmusc0coldA7ijiOEIjmYzbOVuuGYF4ar2i54sE0/L+J7MWFzE8tlURo380ck6MlmczEgziiILNMn4H4vbJrPfWBbMc00Y60QazfeuEkJIciCkkUveHTRxkMnl0fXz9Uixd2i3wlFfDlelH6Etnar3ms6i4ZNXoXyR8qnUz4elyLGtHeh/apPK5iIpBFbOR/1tSxUJZerGRM3nwtDb+zH80g7A7ZR9135kKWpuXIz2H72J6I4u1b/jdVstePM/P4brl1SfzopeEN8xgO6CWAbjJIwITI4ATZe/89B2PPXSQaVJoxaOGUmpBRczHfZuGoOouKJZwMDqccrbPjVbYg01kcFpY9XElssiEwfih0cwtqUTCU4MYLbB3ptuBiwu+cfbTqIkeSqLylMV2r5yLLGUueBbUA8fAW5WhejARMROLRp9H02QTJQjflJ0/djXLwAnmSg3XovlODo4qiVY4qSTi8uGYrYgOrI8Be5CQFFTwKVfRo2daOq0mBCI+Rk9BPr8OhnqyizYob7HGCaz8C1uRCVJQLU+WGxWZJmNTTHDJlGGBJPun29Esn1IjudsDIgkIkT2I5E1n0fDnctRvrhRczJRE8VZqiVAJvYPKEAE0Py5lTKbL8s+21HkIlavC2Ob2zHw7DZVyk1lUPvxZQhe3or9//EScnzhEVF5Es2tQWz98Z0o54vWNN0MoJumC2ec9syMQPdIAt/+6Vb8x5N7gIEYUO3RxMglwEMwSGRhqfahYlkLKq5oUcM2YymtTFWi2dIYlBY7Z7FZBQDDe/swuvYgMsKehBqJo1PqT8dz8nSXYkLYrZFLikXYq/3wXzwLvvm1Iuo2FU3IJjhluyDlVdGdeZwyhTw5FEF4Ty9C2w8j1xdSYMRrIcCdzHXQH5LTvZmhEbh0v0v9enQ/zKPtq8R2a6L/pQPKpM+bALqZ0Ld6QR2qrr9ISsose+aYtWrvIgQ6DiPoenI9EoeGBCg9c2qE5TnG8iLXh0B3xxUoW1CHHPuwRUoKXIjs70M3SSj8TCoD19xaNH/2GhRp36ZNVJ+6RHafE6ObO9H/7FbVe0xnUf+JK+BuqsCh77+qgJovVj1R3PGJhXjqGx863VW+IL5nAN0FsQzGSRgRAL77xG78w32bEDo0qkqUFHzromEGiA9kZnEeOwJLm2W2GKUC7MEoqcBkJiVp60oiwB5OVrK3sU1tyFH7VjRpfSsSE07SyPhsLxI1aZQGoAhnazUCl84WggmtrgjIE1MSeFyLGTbJlMxC2gjv7sH4lk4UxmLqQc1MlCSLE2aiJRehg9XE6BsyczRmp/Q/1WQAASOtXyfZkRB+0lPipukQCRA6M1VfD/7N/cSS0vOkWXbVdQvEIkxKiyyhOuwo5HJipCy0fotJeq32ah/G3j4o/83TqL9zOfzz6mQaOsGe0oHOx9YhxqyPsoZoEnV3LEfwihZlZXaM0jLJKxxw2/+LzSqjS+fQeNfV0kfsf3qjsiNjLHsi+OpXVuF/fWl6Wn9NvLMUS22rz/aNbOzPiIARgRNG4Nl13fi/P96K1W91qNITp3vrACdiMJbAlCTAu6geldfOg7shqHpVYk5cwqSc0MDRwcSKTCQhPZ7wnj5khiLq4aW72J9M1nPCsz+FD4htFkuUlD6oUql3Xp1iNzZXClOSfosEuQktoMWs7KtMJqSGoxjbchiR3T0oROIKUPhves/yaKdyXEanNu+Nzh/M6PQSJMGKm8MOu+YuIw7/Mg28AIvHKXP5pPcpeFiQXl4umkY+k0VmPC6EGKXLKxlgy//WrNfsjRVovOMKuBoCUjIlaSSXyqL7sXVID4bkXPxLZ8MWcGOU/pQWjjqyovEzV8LbWCGTwq1+F5KDYXT+dLVkvHSmsdeVS9lSXF+kr3j09SHQjWxowyAzOsosTBDbssjBQUS3dSotH00GCkW8/oPbccOl9aew0BfeR42M7sJbE+OM3icR2Ncbwdd+uAk/fXqPyhJqvEeyEiGaFJRUIJ+Ho7kKVSvnS8ZjtpjlQTppJpxm0cWJ3SSZpEejGFvfJmWtLAGOD1lmJccDhfcq7jrAMXvjxGpmCwvqRcAebCyD02aWnmGBD2stvZQxP5wiYAZSgxGMbzssPbgCsxSCmxhEaxKBkzlvvQwp6ncyLTmeJ6/iwknnLgdsFR44Am7YK7ywl3tg9djhqPRLrDsfWYMCB6pyLRoDoqUTRqPo2UyitRNhut2KWNcwuh9fr4CG56pngAQUsQkriPSALiX1n7kSvtZqIakwUz382DoU+FKTKyBw5RxJKkOb2gTU7R4HPvx7q9DncGI8koKz3I2epzYhsrkd8LuB0RiqP7YM1dcvUNncsTaNjDK4eh9GyK7kPeO0oXLlPMn6ZYQSJxwMxzF/SS22PnAH3HS+mcabAXTTePGMU5+eEcjkC/j6T7fjmz/agmQ39XAeNRtOiCbaNTHjiafFXb7iqnkILG2SMhXJBfJwLSUYFIuwuB1Czkj0jiHErGdfH7LMDKRvpZEjTsQvOdvhnMhGcwCtJ6vdWD7Pj5Z5lYjNrkO31Y2+FJDIA55iDt5CHmYOF6Wez2JGejSGsQ1tGN/RjWI0oXpQegnxZK9FSpGag4qwJU0wuWywVXiFZemoKZfyoM3nhs3vlCzYzOzJrETZfGlIDYRx6H9eU+XHfBGulkrMvmeFZIFqRhxnwSmPUK5Roj+MzodWoyDeoaYJp5aRdw4pj0xmSyQKjURhCfow+wvXimRi6M196PvlZtVjzOYQvG4BMsMxRPf0CuBz2sJVv3k9RrNFpC0WZAbD6Lj/DQXW2bxMOaCkwOpyiNzgmDhHUwC3Hb3PblVOLE4bHFV+ULc3vrlD3TMsA3eFcO+XluH+v1t1tu+Mc74/A+jOeciNA76fI/DEWx34p//ZhF0b+pTYm5o4bjqbkg/jWApmvwtllzWj8uq5cFR4VMaj67Ak21MlMT6wKDameHls/SGEdvUgT4Nl9q1oEHzCYWrvwWroEoE4+4YWuGo9+EyLDbfM96CpzAZnNotoMotw0YLDNi+22X1Y7wpg0OFBpdOE3FAEY5s7pA+X17MLsihP9lqYBsmwU60k6bDCXuGBs8oP1+wgXAS3MjcsXocyW2ZGRlJKLi/Cc8mUNZ9PGh2T8NL7840qi0xk4FnUICLwQjKrphyUbJzOHTs8jC6OuGH2SmPlmxej6RPLEdrVhf7ntyPNHhwF5QS7sTgcs4OY94cfwui6Q+gn0Em2akHVtfMR3d+HFIk2+QLcC+pRe+cVsBaKkt2JZdi6Q0DQKxli5YcuRs2qRYqReZyNbFO2aLt/th6JtkEBOmu1H1aHFamuUXXvMH6RNJ77/u247epZ78FNcm53aQDduY23cbT3aQT2dYfxlfs246mXDgCxrAI4uk7o/TU+MJkBkJ2+sA5V110ktHpFyijxpNR6QlanArhE/7g8iMO7epClzyJLZRyuya20Byc/H8VB/2yuhw5EJMww0amuwMcucuMzc2xY4isik8ohnCqAxT4+4x0owF4oyN8dLj8edDbgVzvGYd52SI2ZYalPRMsaSeSYKYr2D8y4JNtV9l60PCNzk30wV32FZLxmh0XKhLS+EnBj3I/Tx5Ne1vpDGPzV1gnHkeB1F6H21qXiIDNpEysuFyK7u9HzzBYFzMkMqm6+GNWrFgrphi8sfS9sQ3QLdWp8EQEQTqLm9mXIRVIYfXufAA0F3xWXzgazQBF8xzMov3Y+Gm5dIufLae2HH1qjvp8vwOxzYc6XV4FAK2OWjrNRYJ6Np9D5yDpFTLJb4Ap6kKXdGO9BZnPjKdTMKkPnE3fDOc3LlgyFAXRn8390Y19GBKZEIFco4l8f2YGv/nATkgNRVaYU4+WShzcztUwWttpyoZ+XX6zeoIV1yNKYnsERIPj27XNKD2Z0U7v0rvJ84+fDSGMlvgvgCoCN5szF4olH0JzOCuoyAQIcH7L1lbAtacbvzTHjt9wRZONpDLPtBJMAnL5JLkTsLQBVphwS6Tx+84VRHBzIATUcQqqRRY51TrqejS8CLE96HELH97ZUSxmOpUkyG8m3Y/9PMrZj2XAd5RjM9ihGH3hhuxqhwywslkb1rUtRtWI+stSaTSohK7r/0Op9GH5lt3rpSOdQ//FlKF/SJPIPezmntucFZJIsSTIby+RhZsnUaUWOQvNkDr7FDXDU+DHy+l61trm80P85eYKSgQ5mY9sOAxUeKYFW3roEdR9agjSnuB9PxE8w9tEXcwBdnCDOtqjNjOoyJ0LRDDJ88SKHpjeK3/zyMtz3/113OnfEBfcdA+guuCUxTmimROD59d34u++sxfbNfertnbZd+kYiBbOPaAqmMrdIBWj+a/e7hPxAYsPEZoIQH+hmkR6LSfZGan2mZ1RlPbrzfmkGxwc/h3s6bLDQyzCXR57swGPYLZ5WzPUMjkCTzsJW6YXtslY4L2vFn9pHcOfIYYxkioibLPLsnLRp4MiMqpCnMXIR9S5gw2AWv//riDiOwHqMJ7b4XmZVec1rh6suAG9rtfK9DPrUvDyCeiorwDa1vHiy12pir8wEEWOLJyT7g/kCGj91lWjZyGhVpU9tI8nD60LPc1sQ3tABOJTl2OzPXgNPU6ViYtJUucyN9HgcHQ+8hTw1dsxaNVKLgFo4iYprF4hrTWRrp+jZzC4bmu+6Bv6LGjC8qQ29j61Ta59SL0gtv7FSxOhiM3YCtxoB4zf3YfjV3ZL9Wywm2K1mpJjl8lIY12QWr/7w4/jAZdObbTmxNIa84GRve+NzRgROLgL7eiL4xgNb8OAv9igLpUqPKlPqfTgCEvsoThv8Fzei8sq5cDdWIJfMStmJRAjZyE2xWWDz2JGJZxDZ1SVEk5SMYaEZolP9rbeJ+DUyCrM5mMtcQqQopPMo5nIyeuWslS4nAC4jfTBrpQ9li+rhu6wZ0bpqfH64HV8cPoQxsw1pAbnSPpZCOAKb6oVNXCrsZhN8dhP+7K0I3ulMAQ7x19JcQdR1Sd/NaoGjjlMLqsX3kTPnZEqBDm7C3jzKfL2TWz7thIqKvTqeEJf/AjVwzIwrfWj+7ApxVJk6eoeUfhJDDj+8FknOprNwNp5LjJjtfnfJ501wVLgx8MY+DL9MC65SslARplwBVasWiiVbeoADbbNwtVaj+fMrRdJAT8v04WHlQxpNofaOKxBc3op8OIEs57RmC3BZTbBbtOGtJddNkg/lGp2Pv4P43n4hQekEXwFIbZr4gsU12PnTT8KmSyROJXYX4GeNjO4CXBTjlKZvBGi+/I0fb8Xg7kGgzicZh/Th5HlNl4y0ZCOUC1ReuwDllzTIvytPQq2Hpk0TYIkpn8sjtL0bYY7K6VDWUPJg1N339f0yI0hnYebQ0VkVokfLjcel76KsrN6VU516kCcBHMHUo4B6eSucVT4M5sz48GgP/mS8DVGzFUmz+Ugmx6yU10e5Wl6RPlRMjpwGf1PvseCBPQl8bz17R9qgU9GDFWWmnqe1BmXzauFprhKGIwGcUwqE/Xi00UOnfpUTyGsvd2Fs+2H00UPSYQcSKfiWNGHWnctVWXkKEYXASA1dx0/eRoEl3HQWngX1mPWpKyeILvrpUDPIDK/9p2/LOklWzlgkM3DUlEmpc/DNvSpA0SQqblyE2Z++Cv0v7cAARd4y8y4O59watHx+pbw0ZNI5uK1mXBp0oD+ew8FoBs5SoGLZ0uOQmXz0s+Q0cRJf9MrzRKj6ovjKn6/EP//OFacbvQvuewbQXXBLYpzQdIzAhgOj+OvvrsWbLx9Sll1VHnUZumRAWGxJYVMGV8yTUiXfrNmTkYe03oczFUECBCnmkV3dGNvQjvjBQdFvyfRqbfL0BHDyu9EkTC6HgA4p5swCkj1jYnqsRuscaztJv8opJUpmEuVLGhG8eh5cdeXyUA+nC6jIZvDvIzvhLeYwarZNLleyJamVU4UwqhFSeGaleveg04LNIxn8ybPDihjhd8LVUCEjh7wtVXAGfSI9YFlPstT3UPROPV3PrzYjtPqAin0kgerbLlM6taNMDSfwhnb2ovfJ9arMGUuh6oOXSHaWo8C9BNXVsFUXun+1FWHKDsiQ5btINI3AinmyYDIpnPdSJofW3/6AkGv2/8eLyNO/UsqWGTR96Qb4WyulZ5ssAEGHGX96STnWD6XwVHscfoe8XpSAtxujmzvQ//QmjZU75d5IZsVxZcuPP4lL51RMx/8Vj3rOBtDNmKU0LuR8RCCcyuFfH9yK7z60DdGRhAI49llKMxZmcXS6WNKEymvnCwuQb9My5mXidboojDmSH6IHBzC6vg3RfX3KxZ/uHNznRGaoIQWzQItZZAju5kpx3I+z3DVCwa9mRHwmQKA/IZktxrMweW0ou3gWAle0wl1XrmbAJTIoFAoIW+y4M96H3wl3YtBypBcpxktaD650fVidTeSKyl3LapJwEfx8NhPi6Tz+YF0CPRVVqF/aAGd9QOy/KMBmaZez9U7UhzrTe4E9UWZJHT9ZLXo1eWEoFDH7npXi4iKkkdJeGJ2/3A70PrsN4Q2HlCg+lcWsu66Gb36dEFGmbuzVjW1sQ/9z29T+tZedmhsuEiZtqjck5VpXSxXm/s4H0P3LLQi9tQ+o9ALjcSkVU+ZAtqbIIrQDuCjD03ynJx3TZILVZUPXU5sQ43QCjh0qrSpzUXoiuPWjC/D8t26Z+OqOtnH87Q83YDSSwl0fnIc/+vhFsE6zkqYBdGf6f4Tx/fdtBH75dhf+4XvrsG276nUIIJVOF5DyVQ60eyJLj9MF+CYvDz2d7g/VCyKBguNdxrd2SqmySOq6nwBXOlhVYyHy+9k8PIsbEVjWDJImxjd1IHagT5U06WrxrnrUKS4TH7q06hK6uUVYgBVXzoV3VlBcQGQemubAX4AJCZMFfxRux83JIQxb7MKknKDvTzk0n63sx42lCnKeAbtJJGfyexPgRgHfD7Tg11WzEQRfCBQ5Rxdln+KVnPrHNbPk6P4BdP2MpA+rsC2ds4OY/dkVcs6UKEwCbisnsufR+egaZNlXM5vF+aTli9fD6iZJpGQiOL9IUorfjXj3CDofWTsxDcHRWAF/cxWGObyVWVsojvpPXSVZbdt/vaIILpze4LCh9QvXygw8BbrKC5NnlS0UYTWZxDimdKP7S3oogo6HVqvJ4ryu0o09074oHvv+7bjrpjkT//L5r72Jhx/YLOxQ0+wAep75HOrpxTqNNgPoptFiGad6YURgYCyJv/vBRvzo4W3q1bluinWXWD6lBHACVzSj6toFYiklA1BZTpTNBLPdonomkRTGt3aIC0ie9HD24Fj60rMx3b6KJat0VubOVa6YB3uVH9FdvRh6a48ab8P5YaWlzdMJF9GEAKbNU/NcVIeKq+fCP79W6P4EaZE8lDxFi1YLEm4X/nDkED442o1Bk+2kzJVlF0WttcYeolnhc3Uxi2eCTfihaxY8mfQkScLpXNLpfIf9OWZn45wc4HMD4zHU3H45qlfORzoUe1dzkUzG6MFBdD2yRrn+J7MoW96KRurjuO5TM+siYA+4MbarB31PbFAZeyYHz/w6KR3GKD3g1HenFS1fXoX+l3YivqtHSRxGKSe4FHU3Lxb3mJPdKG3gDLoh+luWeSZnpFyM4QSqm8rQ/sTd8Gjjfrjv2/7mZbzw4gHUNQfwd5+7FL/3yUWwTEXRkz2J8/Q5A+jOU+CNw07PCPzP8wfwj99dh96DY0CNW2nXdM4+UxJtRpx7Xh2qb1osM8FIlhDat67ZFh9HBWTjO7swuoYjc0LqASkWV1rmpvftaOckdmABVK26SOa0cYbcwCs7x7716gAAIABJREFUkaWGjtKF0szvdEKrH1MrszqagsLk8y+ql14iZ6hNaPp0qObUb49DKqr9e/pxd6Qbv1mdwXDuBL6IehyYhfCBKdMDFHaYi0BFPoMf+5rwmL8Rwfzxxc+nc6kn+o6ULTM5tD3wBnKhpFoXFAVwXNVlIvqetLEk6HXKZO4QDZhZtuQ0gE8vR9miI7PjSr8j7EePA4cfX3+kjJgrgE4sBfJquOYx1a9zVvvVlAFm+OMJOFqr0Pob18p70PGMm0uPR0YowZbZY5ruJ3wpKgVfrkFfBH/35yvxL789mYTyV9/fgG99czWWfWQeNn/v9hOF74L8dwPoLshlMU7qQovA9o5xfPW+zXiSkgE6R1S4NVNhCmypicsL2cRa7UPw2gUILJ0Ni8MqJT4lUi4KNdzstMHssCLWOYyRN/Yh3j6oHjilFHOd5k3GZCINc4UHwSvnComFIuWBl7W3e4IiafWnMppmamClHqi5smTzsNWWIXDZbASWtcg0ATGP1sky/C7bY1azotdncoi3DWJsRzfiuwZw5Sw7vntLELFMASltus2kw5UAHGOmQG7yiCALivDnc/i3wFy84q5C5bkGOq2kKBO7dcJGLAVnaw2a71khUg3pEeobbdgkThlhUObHVYZlC/rQ8sVrQRcS1YudTC8lozbRPYrDj65VZVDp0Wm1Rw2AGJ7A8jmI7OlFluOIeN+lc+KN6ZtXhwyPVbrfY/1Pw2sq98h+uh9/Rx1rao8tnoHb58CBn92FBk7PKNkef6MDd/3x87BUubD9/juwuDlwof3vecLzMYDuhCEyPvB+j8C3Ht+Jr963BZHD40DQdQRc9Ic0SSFmE8qWtYhkwFXjn/CmlGc7HTboaOK2y6iZ4dX7ZVioEE2YjTFjmChTapR69uEcNlRc2YqqGxeLTmzoxe0YWXNQOe+fjTIln6TMNJMZmMikvJzemvOUt2acQ1w1tNKe68x06OhP6UJ4v5roHT/QrwTGdjvsdjP+58MBXFZtQ2ckL/g/ia/BDI4PWC17m0SE0G4ye7EA/vmXigXY4ihHeSF7Dm8/Dna1CHAdfmSN0pmVu4BICnW3L0PFlXOO6oZir3BjbHMn+p7aqDL8cFLsuho/chmykcRRiKEm2Mpd6HpqI6IbO9QxpppUp3PSl2NJM3loQGnmxuPwXzMXs26/XPZ7tPgdLViMudntQM+T6xHd1qUyTnlp0bSGBMvuMO75/KV4+O9veNcudnWMY9nvPoNsXwT3/+stuPfW+edwTc7OoQygOztxNPYyAyOwtX0cf/uf7+ClX+4F/A41DFV6WBrrj/quaEqRTT6wULI4kiZ0solQ6AkOHLAZSyvLLvbhhsLqwVXq4yhv80XVG8sXRK9Ve9tSEUQPv70fg7/eiVxfWD2kNOeP0w653ocLk7Vpgm/JbFRdv0CE1yyFSWlOVx4UOBSUrizqGsgIHd/YjkTniNLnycBTi0aNL2BhrQ3/flMZqh0m9CVINiEpgjVJLYM7zknzkP5CFsNWB/6+YhHCZhucxRKHmNO+4JP8opbNxTqGcPinb6tpCbkcLF4nWu+9QZVpmZ2VbGqckB2dj69DYk+fNpangKbPrYBvTrX0ZSdtupYtkkDbfa+jyHuIpJPSjZPUKT9gXzecUBlkPAVLwIM5v32jvDTlOb7pBA4osssCYC1zIX54GIcfelvMoiUz1DfuI5GFKV/Axoc+jcvnV74rWOlsHjf+xYtY98xefPkPrsYDf33tSQb0wvmYAXQXzloYZ3KBRIB0ke/+bAe+9oNNGB2IKX9KfXq1DhIEA4tVMi4SQzjiJRcj9V1zIGH/ikzMfFFG5gy9tQ+ZvnFN8F3ah2PKZxYxMgkMzpYqVN+4GP6FdUj2jUvfJ7l/QH2P2Z/+Jn68WB1LHqeXuXisbB6ulmpUrpgPr8y4I9EkrbRuJpM8XC0OC6xel1D6I/sHML6lAwmWWvngZam19IEp50PNQB5zyoCvLHdjWb0LfXk68Z/0MxkNuRQe9zXgPn/zOc7mIGDMl5KJGW8kfownUbFqAepvu1SE1pOyKDFxdiLeNYbDDxNE1Do6W2rQ/NlrFOuULi2T01rRz/W/uANjr+8Bgp53Z2YEOk4Y4IuPpj0k0JF9GVw+B+mRyMmVLLV7xF7mQvcvNyP8Tpsis0yVFBwO4eOfvhi/+NoHj3lX/eX3N+Db33gL13xsIVZ/5zaxDZtOmwF002m1jHN9zyOwZs8Q/uE/1uHV1zjM0gGUa+CiP60IcMkMXPNqUf2BxfLWrrIgvumrJwiHn7IXlxoIYeiNfYju7lbnPTHZWyftmZRnYzQJS005aq6/SBiOzAIGX9mJ0KZ2BSoUE+tAe7oRIMhR7pDIwFJbjuDyZgQuaxHTY064pmidJVYSFixkg3qdIsqOtQ1hfGMH4iyfcaOAmZnOJCKDdlIsgzLTCJSh7qb5+OasNJZGhjFktiMDuqRMrc9puK19vSafRq/Vhb+quhgRkxX+Qu5kq3OnG5Uj32M2x3FHYzF0/OitSTP/Wr54nUxBEPeaSd6WiozT88wmRDZ1KFF5KCHszOBVc5AjS7Z0IzC6HUiNRNDxY1L8s1pWf5TT1+NL8ByLw7usGbM/tVzW5F3geayrFwNnhwyubX/gDU2/USIpIFZR9hDP4o0HP4VVS2uOGcfvPrUHf/KVX6N+cQ32PHgnyjz2M4/5OdyDAXTnMNjGoS7sCPz9j7bgqz/YCAzGgUY/4NRE2mw2sS/GUp/bLn046uL40MqE4+ImL4xB+lL63fJA5Gy4YTpqkD3H7EccSvSRMFofjuBoMcnk8MqbLobV48TwW3sx+NpuFCMp1e8h7fzo+HByweSDmZIG6t7cdiGaBK+ZL5ZdR2bcqWaj+Gp6nSjk84gcGsLY2oNqXhmvnaVW3WWlFORKzal9TgSWtyJ4ZSvGysrhj0bxlbH9uCo1LpZg/EPNnb7xslhEIwCSdNJrdeLrgfnYY/ehJp85o8s+ueBM/pQj6EX3LzYjREeSgEd6Yt5Lm9BEyy8aRJeSfjQQyYzFceiHr6kXkkJBxvTM+c0bpdxLtm00U5CJReX0OuVg1nIP+p7fqmVz3mOs7QRrR7nplHGg6g1SNciTFXsyBBS9N0w26DObEFrXpswMSuV/7Jd2hXDDrfPx+nduO27IHn6lDZ//4+cQmFuBN75zG5a0Ti/XFAPoTuf/COM7MyoCa/YO46//Yy3WvtIOBJyKHCBWHVqznllcJgf3vFrUfPBieGdXCVmDJszy2GY/xedGoZBHZG8vRtYeQpoAwdIl+2nc9HIiH4jMrLIFuC+qk5KYp7VaphEMvrwT6d6xIzKDM4my3vPjuRcA36IGVKyYD8/soJQtmRnoonXFonSIEDx2aBCjG9oQbxtSjvrM4NhDmjoTrlRvZ7PK/oNXz4G3uUrmpxWSGYRMNtiLeXwkPoAPJ4akLGlCERmTWQCPDEsGxlEsYpujHP9d1oI2m/s8MC2VByT7YW33v6HmvxEEMnk0fWElfK01kvVO7YnR2WTg1V0Y/fUuIOAVi7DgTYtQd9MlYhGWLhQxv8yOgN2MLSNpGfSaG4ui4ydrJD5qXNNxFpll8EQGjXdfg7JLmpCl7djJVgyl3+hCoi+Ejh+/pe7nqcdjWTWUwAv334lbrmzEcCiF//vYDvQOxXD3zXPRWu9HbYUTlX4nXt3ch5t//5fwVnrQUufFrCoPbrqsHssXVuGqRdViIH0hbwbQXcirY5zbexoB9uK+/uAWmTSQoH0XpwywRKgDnCacNrvtCF5/kZgXk3k40cuissDjhNNpEbnAwNo2xHZ2KbkBWZGlGRz3ydIex9nUlKHu1qXy8MqMRtH34g5Et3ep4xIc+f3TzeL05412LHtdAFU3LIKfQmSLCfkE5Q5q5yQ8kAnK/+Igz/FN7YgeGJDSrGSTLFHq16CvhM405WdyBTgbKhC8fgH8C+rko0LW0Pp8zNY4oidmtmJWLoFL0xHMzcZQXUjDUSigUDShz+pEu92D1a4gImYrAnnFsjzdyz/dG4bZUt9z2zD+9gE1I248DveiRjTfddW7szmWpznZYCSGzofeVqBlNkm5uvWL18Ie8CEdTyGSKeDfrqmSaUN/uX4M3go3+n5BpmW76pXppKZjoVcoDv/V89F0x+UCtNI/PclN1tbvQg97c5xCzrJq6cZ7rDeC5SuasOH+O+Rf/vcDm/HPf/a8MiMPeuApd4oDCsEsmsjiufXdQizKcXI8STSU1FS4cNX8Snzulnn43AfnoMJXMorqJM/1XHzMALpzEWXjGBdcBLa3j+Mvv7Uar7x0SGVw0osrebxKFpeHZ1Ejam5eDHdDhZSNchyjQ5CwWmR2XDqaFPcMlirz4bTaF4kjEz0WjcIfScIU8IjBb80Natr04Gt7MUSHeo7sYamMMoMz0cTpZUQey+dC4Op5qLpmDuxlLKempJSmuylbXQ6YnFYkOocxtu4Qwvv6ldid/cDSMmvpyvHCmeXF0jJDr3LlPJEj0OFFwF8r4U79Ch/PcbNVbMJYvPQV8pp8roikyYK02QJ/PisMS+V+eQ43liC97JtF0XH/m0ozyHJxNIUm6tUualCZ1CQnEI7Z8aD3hW0Ye22PGn46Fkfg+gVo+OgymTzOIbdcyjl+K2KZPEbsTmS6RtH5ozfV/s0mOO2MBqfwaKbeEy8TJimT26p9IlK3um3Kcu0kS5Y8sC3gQax9SE0hZ7bFe7L0ZYUgFc3g5fvuwAevUDPnXtrYiz/+9hp0h5JIRtKq3xrj3D/KWexHWMdco2QW9goXMuGUCM2Z+S+6pgm3XtWID13RgGsWVcPnnsImPYfLOvVQBtCdx+Abhz4/EfjWE7vwD/++FonBGDCrbDKjUqYBpGDyu8SFpPLKOQJqQvPmIFMTYHE7JLML7ezC0Gt7kKWrCWn2LPNxU+I55V9IPZxFaezqblkKZ6VPjX55bjtyLFOSoFL6vdMJSWkZ0WKGd1GD2I55moKieeNwTzkljdrOIZ6J3nGENnVgfEcXiizLMZMUmnvJ5HP9XPiQ57Wwb2gzw3/pbFRdMw+u+oBkcCyDThpAepRr0BNBQlyOpBcpYgI2FGA9E+Pp04lXyXd4XpxS0P30ZoTW7lfZXCgBz+IGNN99jQjBJ2VSxaKSi0RTaL//DdUzo3TCZkHzF66TqeYKlNQtEEkXYLaaUe53oOORtUqCUO6WeHnKXUiFkuAUelkc+RJUtpQtoPGzV6N8cSMyFIufLMixkk7rMLdDPC0TuhZwKtOyN4Ibbp2H1/9tcm8uUyjiUHcYw6EkekeSaOuPYsveIWxrH0f3cBx5mpJmspjdVIYn/s9NCMUy+JeHtuHNNV0AqyKsiARdmDO/Eg0BF66+qBKrrmzETUvr4HgXS/cMF+8Uvm4A3SkEy/jo9I7A7u4w/uLba/CSPkqH/Ti998QHiW7ftYC9uEvgrgsISOT59kuAE8G0Q/oew2v2I0o/Qoqqac2kW2jpIWI5K5uHsyGImg8tRsUVreKE0ffidkR3dKvPE+TIqjvTBz3LlJkcaAgcXDlfHo7cWKYUogxLbQ6bylzGYgjt6EJoUydy1PPpvprHKovxPPkwz+XgmlOHymvmwLegTp7LWZ1VeAoP4dI7aIopyrm/ubRp38x8uh5ag6KI2ZX9WtNnr4avtRbZMPtik/QBsJU50fvcNoQo3mcJciSKwKqLUHfbpYppWQoqxaL4nI5t60TfzzcoUk8uD2ddAIViAZnBiGYxpl0+74XxBIK3XILaGxYpHd6p3B+aC0poVw96H12rlcJLdXMqG0Myh9d+fCduXFp7UnHvHUmgvTeKRCaHZCaPpXMCaKn1TbzXvbq5Fz9+4SDe2TOMNhorjMSBDI0EzHJ9v3fv5fivP195Usd6Lz5kAN17EVVjnxdcBP7f03vxD/+9HqMd40oXxyxKnzTAbCUUl6GllTcs1LI4s4w/Ie2ebEq+xXP+2fi2w8KMzI/GVZlvkqsJ61AkEKRh9roQvG4Bam9eLNnQ0Fv7MbJmP/Isg+kszFN5gL2rFqMxQeNpmD12VFw9TzRWpJNTTKzPajPZrbB5HcgmOKG8GyPrDiLbr42d0SniR2uI8dku5tRpiUvVinkoX94Km8suD1/uf2IS+gW32id3Qsy0rF432h98E4m9vUDQBwxF4L2iBc13XSPs2anZnM3nQnIghPb739TMAwpiiTbnt26EvcKHXLxEgkCphtshUoX2B1cjO8DM3wGzwwZvaxVihwbULEJ9KC4BdTwOZ2uVlCzZAxWP1JOt5rJnTLanNl5IfFBpMFB6nxHM28bwkU9fjGe/+aGTC9QpfIqEltU7BuRP12gCm/YOo2tjL77821fggb+5/hT2dHY/agDd2Y2nsbcLLAKdQ3HpO/yKHpUccSIDUXXTZDaPmHll4V3UiOoPXAxPU4WUnnLJtLLu8jhgYanv8CgGXt6BBHtZUqYs0RHppUOW9swm+C+bLWxKd1MQY1s6hE2Z3DegMjj+OZNURh56JiCWlMkJnosbUHPjQrgbg1JGFBo8J5SbzXLuvIbIgX4MvbUXabqZsAzJrOJYUw4m2JoZAWj/pU2ovnERHFVlalyOPm7mZB++F9j9oJ8OY0Q5QWh7F3oe3wCwn5TOiUVZy700by5HNpaYlM3Rq9TisaPriQ2IbekEqrzASAzBD12CupsuVsNYJyd/cFT40Pv8Noy9skuVRVNZeObWCsAlDw9rLjeKucvep9njQOuXroej0odMOHHKLxMsww6+uhvDL2xTfd9Juj/e78zmstj+9D3nRCIwOJbEzu4Qrl5QBW/JRIRzfVsYQHeuI24c75xF4NHXO/BXX38Tvd1hoNKt5m/pTDf+HUvB5HagiozKa+bJMyErY2j4lm4BR7XQ9oqZ2Nj6NhRZ8iEbcSrZhKW9DF1NqoVsElzWIhOf+1/cjvHNHYrAQVeTMy1T8mEotmNJWGvKUHndApQvaYKFPUSeNx01CM4OZRwd7xrF6LqDiO7vV1o6ZpLHIrwIw0YjzsQzsDUGUL1qoYznYcZCc+dJs/bO2Sq+BweSzMcmYNPx4zeRHYooluxYFMEPLkHdBzXQKj20lATdCO/pQ89jnFFHYMzCWulD65dWiYuMZF/6xplwZS4k+0Lo/MnbKHIkAWjH5REv1NjBARRlNJHel8vLGjV85ioEljaB+rxT2sTqy4nUYBidD65GgeciFnMle+Ea90Zw772X4/6/vu6Yu1+7fwStVR7UTrOZc8eLlwF0p3Q3GR+eDhEYiqbFo/KBx3ephzNBTn/T5sOc/bNEBs4Fdfj/2fsO6Liqa+1vqmY0Rb0Xy73IvTfc6L2YXhICAVJe8khe8hJ45CedJC8vpJBKCxB6D9VgcO+9GzfJVu+a3mf+9e0zVxbCtiTbgG101/ISSHPbuXfOPnvvr+SdXQ57abaADuIRxYsjcZvgAteOajQv+wjBA41JTlwXjzjykDwk9KYic8pAFJw/SrKoxiW70bhwB6L0lrMleWgcuOPFzPOiSAlgFmc2IW1UCXJnDxPTTZbXNFNSvVn14UItHnEop4FrnD0mTnjmJBfuSA9QI8QTrWm3iHMBe32UjhIvtc7uBafDC9CDa0zJsKP2/a1oeXcrkOOQbMqYbsPAu+ZCb0gGLe2dYYacYpJsr+LJ5ep9YEnQG0TB5ROQNW0Qws2ew9kTA6nJKIuNymdWwM+FBj8fjsE+rAChBpdyIxDN0qS4cpMHGfNGoOiSccq38AgI1mNO5Aa9kP0rn18FL6kq6ZQW6/TC8V7cITjSLKh45UZkUfWnyxaMxPHN3y7D4//aitGTi/DBny5Blv30UkA52hj1BboefCn6PnL6jMCbq6vwnd8sw76NdUC+HSCvhz04mczjCspvNctEnjdnmCDUwuzFiLajEmBmNkbYf/va/WpfcpC6gk0IXPFHYB9VgoJLxsIxrEDI1nVvblYgFc5gzOKoY3mivbikdBc94nLPHQXn0Hy5F1IGeGyd2QD2jphRtG6qRMuKPYg2EGhiAaxJyaej9eH4eyq0UC1/UC7yzh4Jx+A8kTSL8feneYmy65tL5Cwz9WC9G/vZZyMpm47s7T7kXzUROVMHKTPTziU/ljmzHWhYvBONb29WpqUuPyyD88UXjnZF9K/r2Iemqpk2NK/Zj/oX16gSYiQKS0mWIDD9Fc2H3b05vm0+2IYVoYTu5bGYIqz3BuBDwEumHW2bDqKG52PvVev7dR6Ayjbcf98c/Pi2CUf8Qrf7wsi+6EnEtjYgf25/bHrkyjMmq+sLdKfPHN53pccYgWAsjnv+uha/f3SjQpUVOQ47DTDIMYvzhWAZkIu880bBMShfynFEJooyCPtWNELdWoXmJbsQYaAQTlknCS5NTssTlNIhgwLVQJjxSBa3eBcS7X61eu8MUjmeJ6fRE5hlOS3InjIImVMGwWRLEXcETq4CI2cpFYBnXx2al+9FYF+DOrf42x0ji+Txk1QKfXqqyJplThkAg4GcuKDy0OvNZHs89/g57MNAo7eYcfD5VfBtq1YcuBYvUocXov+XZiWRqp0cEwgoIZ2g1YsD/1yqSoLsbwYjKLlpBpzDChChOWtyQcDyMTMrZtUVLCFysZBilHJyakkWvJWNSquSx+B76Q7Akm7F4DvPRsxmQZQLsd64dycBLxTe3v/IYsRY8uwKQOHx6rwYWJ6Lbf+aD6sm5XaE8Z9//4d45S9rccGt4/DO/57/OTyhT+eUfYHu0xnXvqN+hiOweX8rvvHLJVi16pDK4PhPQ1RyAiJPzKhH5rRB0kMzppikJMceDRUu+C9Q24rGRbvgpb8as5xkAJHbELCJ6unxOOnjyqTkmVqcCdeuWtS/uwX+vQ1KYokglRMhfWuZIyfImJIJy542BI4BOYLeUzYxOgHIsDRGqkPLyj1wb6tKugokbXOOlkV2HJ9WPAk4R5Uia/oQpBYrTpxM5GdggJPnyMwsxymZVt0ra9VChv3YWBz9vnwW7GW5ysy0U6ARJ3B7Cg69vB4eimwnA6Nz6mDlC0eUZafnzd4uvQOrXloLDwErpB9EokgV2bgQwqR0aLJwBL8AKJ0/Gc7yIoTojtDLFJrIVy52at7eBNfyvSp77LoRPdsawEt/vQzzZ5Ud85v562e24of3vA/nsCyseuRKjCDP9AzY+gLdGfAQv8i38IeXt+N7D65CtNEHFDo+Tv5mCcgdQEq/bOSdN1qsb+KBiKAqmcURXMDJvXVDBZqW7Eacq2kxQu2kzq/x60JRGAszBKhAEeZgiweN7+9Ay6o9SDA4cD9DJ0WUbh/KEbx0eC5esz8sruK00GEmx7mP2ppSXjUZJMOIBSJoXr0HrWsPIM4JskM4Wmb0T06YGlqTxw+EYcxPR85ZdEIvlSsVknNSuqvbSz8dP0Cit80ilkP7//aBLHTkmZEDd/ZIFF04WqEmO5V4Wea0ZNnRtr0K1U+tUIExElNSX3fOFWUc8R7UFgYsIWY50Lz+AOppwspFTywOU7ZDsjx/RdPhkiWDY7sPOZeMQ97cEQp80tsSdwIKObqjGlVPr1AAGWbznV8BBu2DLsy6aDCW/OHibp/crkMujPjSS8C+VnznezPxu7undbvP6fCBvkB3Ojylvmv8xAjUtQXwrV8txcuv7FR2Ohmd+EKcMCQjSohrdu55o2Bm+YnAjWhMBIyZxfkONaPh/e0KLMBVNoNFZ31KTvwMfmYTMmcMRv55o5GSaRcEJsV8Q9rExQmwt5NU5zuSifKw6apzfBly54yAhSobPkL6I8qI02kVaal2lldX7EG4ulWVVnndXXuIXY+vqbQYDUif2F+MVklkFukuIjLP1CwuOQ6i/cjM7KV18KzZD+SnSW+MqEkCUOgszkVQR0JFAIrVLIGx8qnliJDYzefs8iPvignInT4EoY8BUBIwOiyItgfEzUAy4yTYJIUWP01uZf2jkdLbfarHd/NMcYsQ2kZv+qEaRy9C5OhShOvaACe95roAULxhmPQ6bH3+egwr7Vl2dtPPF+OZv66FZVAWtj9/HQay132ab32B7jR/gF/Ey391aSW+++ulqNzTogAnHbQBSlXFRKrKmOtE/nkjkVZe3OEXJ8GCk1EwguaVe9G6eq/KxsREtIs+JcEmwSisw/KRP3ck0kYWI1Dvkj5c29p9ikzNXghXzCdSqiRogFmWLwRzUYb0ynguiucK+g4JEV7WmYwi29Wyci882zV/O00A+hhwTq0/GYgipV8WcuYOh3NwPhKRmILDHyH5Ox3eqQ5AZI8uNgFzhh2tmw+i9oU1h7mMvhCKr52GjLGlCoDSuWSpZ8ZvRfXrGw/b9rT7YR1WgLKbpiMRiint0OQCQfX+TDj0wlp4txwEMhVnbuDgbDS2h+AhAldzDyDZPgGUfYU+d5mijdmrvhzzdQPfZavYCrnWHEG0WRuXGjf++7sz8Ou7JvVopPihbftbMfHO1xDe0Yhv/2AW/vCd6T3e91T9YF+gO1WfTN91fWIEQknAyYP/WK8QlAXJlaYYm5FwGxRJLsf4ftJDs+Qk4fcR9uJMIt/l3deIhg+3I7C38XBPTTuTgE1iAuMnQIOeczlzhosKfPOyPeITF+HKWbzZTtQnDipAsoRmNCBjYn9kzxwCS7ZTUKA0czVYKDlmRrg9gJb1FcKJEzmuNAbYbtCcnTz0dFRpmT5YfOKo0k+0Zm/h66fS66hx2kPxOMx0DThWNqppU3pDqHxyKSJNXiXZ1uYHM+fSa6d80hmAyMxMG9x7G3CIzuFcBMWU3DRte2jT1DU4mTNsojpT/9oGtQAKxVBakibq/xt2NCCilRR5re1+OCcNECPVcJtf+I+92pKoTveOapEuE/pIZ9FmHozPv8GL0kFZ2PrUNUiz905g+b7HN+AX976PtGE52PbCDSjJ+bj7QZio32gcJjpixCkGpDLSDEeKYKBOta0v0J1qT6Qv+cV5AAAgAElEQVTveo44AtsPuXDbjz/AuqWVyk5How1oHDNPADpbigQm9tAYRBgguNI2kQ8WCKN59T40L/1I+cFJNqZZ8iSDjj8iGaF9eCHyLxqLtCEF8Fe3ilGmi9wkfqNZvuouyHT3DLVeXCCMlMIMKa2mDS1ELBwR+S5uDEgUgyYXrmnxLoSrGWBNqu/T3bwo+pRB5aE3KA+5544WySnSBTqMO3tTJuvufj7jv3N9wHLciAwTDnqjaAnG5P+PtLEkST5gxTMrkmomTik/GhxWDLxjDozOVKVP2anPRod4ok7pyh3WyOSNbmRdMFq4kp17eUJXyLTBX9uGg08sRZzap0YDnFYTxg3PwfrtjfAxc6YqDzcupKIJlN4yHQ4GzM7n7sE48nxSlfCFcOCRJYi2eRT9pXNVQd6vqIgsP/fXy3Dd3P7dHjkUiaPNE0SrNwKrSY83V1Xh7v9bgXizDzd/aSwun9EPta1+tLjD2FPVjtoWP/zhmAidp1pMqGnyScAuzrDigW9MwYzy3G7P+Vl+oC/QfZaj3Xeu4xqBv72+C/f8fiXa671Kp1JT99Dg/u4gLANzxB3A1j8HUXdAhJiNVrOU/TwVjdKLE+g9y5TSO0lGC+0Y3iAMOenImzcc2VMGymRF0nXj4p2IsBcm6v5UVunuFo5RC9T6aJzcjEZkTh+M7GmDYLJbBWxC4rfByizOCl91sziUe3dUqwArYBf9scukWqrjDoqUFJVTMqcOgsGkR8Rz5oBNtEBXYjeiIRCDjwCRI2V1zHyy7GjdWIna51cp9RM+d08QhfMnIXPSQIQF6Xh4Uz5uqah5axPaF+0EcpwCaDLlp2HAbbNFWq1Df5LEcIsJeqMOB0gk5/vFoBOKYcLIXAkGdTVuJS+mvRatPsnmSq6adNjXsLtXSvu7ENGJ6jTh4Cvr4F1XcWSUJYP+gTZcdHU53vrNJykClOX61bNbxXmAi6nGFj8OVLkRQgLtbUF4AhHEjXp5HyWAiqh5UgyaQZvVFKmidKKv0JmAn23xY+QVI7D54Stg6A1NoqdjcJyf6wt0xzlwfbt9+iPgDkVxz0Nr8JcnN6lSTFaXlStLlSYDsihoPH2wEhzm75gRpaWqLG65Jt8VVtmYpvHYEXQUZSBtbD8BgNDahrJNdQu3wU14OCfGziaqx3vbWq8sGIG5NAv5s0fAMTRfxJFJzhYUqF2t1IX0TTRlE6Wpkv5wx+oDaskMwRShCFKHFoo+pa0kUyZlAUGcYRvn2XAsIZkc7da6JrnMLoiypL0SwRoxloi5WGnxwDllEEqumChjLXzBToHElJEKUf5/fnXSl4+qNHGUXj9NiPQENHVkfzqdOBnUvrMNbYt3ARmpEhSK8+0wm/USPGhr1GG/Q1CR0YD+Xz4L1oJ0RfjvZWbNwN28cg/q/71RLdr4Pn8sUpNOE0KKUYfNL96AYUegB5zzvXfxwdNblAcjM1A2DNk/ZKWCQdlskLJ5qtkADz0WDTqkpBiRk25But2M7HQLnFYz8jMs8AejiMTiKCt0wB+MYcHiA7jyvMF44M5JpxS+qS/QnWETwJlyO5v2t+LOHy3E+tXVyvGYCh8aN44oQXcAhvx05J07EvPmDkZFow/VLX6kOizSi3PvrRdx2yARleTEdUVUEgDiCcLE0uG8EcidOVRsU5pX7pPsTyxsODEeSzqrJ4OtZVnk8pkNyJgySODkzDQp2ssZmrwrrtQ9B5rQ+OEOBPeTk2dWmWd3AtCdzFaZTeSeNVTpdhr1aiI9kykDRxt/IiYtBPDoRWcysKsWyFUlS8p8DfrGORJwYlwUaVkHtSkdpB9Esf/RxYhqi4xmDzLPG4Xii8ci2Ow9XAlI9slcu2tRxT4Zqww0kLWbUJxrw64DbUhwMcUozI0/Gt1Inz0CRZeNkwDcbQm60/0pRZdUBBpcOPDwYgW64nt9pAVQjRu/+H9zce9NY444Qlf8vw/w+svb0W9ELiYPy0V2pgWFuXZk2kzITrPCnmpEXoYVFLH+6v0fYtOyShRML8X6P1+CTIcZZpPhqH3RNn8EGaeQ4ao2AH2BrieTVd9nPtMR+PMrO/G9/1uBII1Ri52HuXGclEgbCIbhGFeG3HNGivRRbjQMdzAKv8UCfTwuXnHNy/cohRT2ujr31DjhJMt4aRP6I/+C0YJ88x1sQsOHO+HafEgJIIvH3EmQ70oGZUu/HOReMAqOgXlIcBVMKx9a6DgsEvCalu5GGzNIBmBOYJJ5djPsvBeR71JZHIO+jbqd3qCCt59CpaPP9AUCkJLjQP3729H09haVaTEgBCIovm6qcAeFGqCNT7IkaHRacPCF1fCwJEingTY/LAPz0O/mGWITGydZn6ax5Ms5UhFy+VDx+FJlveSwwKTToSA3FfXNAYRZ7jMmU00+J28YBnuKOCOQJtIrebU47X7M8jqQ6hDc36hKll1BLAyqB10YNbMUWx+76qhDTj+57RVtAjDJz/w4yKTrTv94ZSfu+v670Gel4t8PXYKLJyuvw9Nt6wt0p9sTO4Ovt9Ufwff/sAqPPbVZlVKkVJnsB/C+3QHo7XQbGI7sqYPki85mfsRoRIo9RXhl9Qu3w7+3XoE2OksdaZJX7gDMRZkCWsma2F+a6SwVMpMS/66uhPHjGe/OZVGzEVlTBoq2ppQmhcsXl9U5vc5ogtq09CNEmEHymkn67Q6Fpx2foAp7CrLomEAndL1eEb+5fy9LYsdzm1qiQldqemymGnXHVB073nP0aj+CNTJt8FY04RBdA7gz36VmH9JmDkbx5RPkGfC5d94YfKiY0vDGRpXJU6YrkUDZl2choywb/nYf4joddJItmkS0+eAzK+HbWQ1k2KGLxpHmSEE0HoeXva/Obtp8Ht4Q8i4ai5yZQxQ5vBfPR6mzsES6GW2LdinqQtf9RU4sBH0sgQ8euQJzxhX0atiO9mF3IIopX3sNuxfsw/DzB2P9w1dISfN02/oC3en2xM7Q691a0Ybbf/wh1q84pLhxnJy6lCrNpdkouHgcnAPZK/FJs5zqJoTKN63cI72LBMt1RFRqjRuR74rLRMPfiXzXvHLYynIEKVf3zma4NrEXp1MT3IluPB9RnYGI8OKoh+kcUYhYKIqYNyQ0B2ZxvupWyeI8mw6q7I0BtrtNUzchxy8UgW1YIXLmlsNelq286JjdfcZZHE0VHGY9Msx61PqiYrLwGV9Cx6hJXy41BbFQBBWPJ+13qOLf4pVnwd4Yg1QH8lRUwVRJ0F/nQsWjixTQgguOFi+yLhqLgrkjYPUF4IvGJZgbyF/LSEXtgm1oXbijg0tJmD0BMSFmcp0yRXkP2/0wF2dg4O1z5V1kebQ3gY7qJ83rDqCODuXaAq7rYohx+1A77vuf2fjZUUSbu3u9jvb3n/9zE370o4VAmgUv/PlSXDP72DJix3ueT3O/vkD3aY5u37F7NAKPvPURvv7AUkSbfKofpyG4GDTYR4nFkDFtCHLPLofRYhJAAFe5lGAKNrlR+/Zm+LZWHe7FdUZUktTrDcOY50D+uaMF5chMqnV9JRoWblOwfUFU9iCTOtbdaFkWA61RJ704gluIoox5QjKhMsDxZ8u6/Wj8YKcKyuTEHc0jrvP5eHwCJ4jYtFmQM3MocmYOVlkcieWfUy/OE4ljdoEV03It+PsutwSEFK0v1aOnf5I+xEyLNkW2FBx8YRU86w4oxCTL1/E4+t8xB7biLITafOLZJxvVRZIGuhVPr0SQlQBmS20+pA4tQNktM4TPyMDJkiX3Il+ubcsh1Dy7skN2jXAQIgwjR7IzEpJZGIXXTEHm+H4Id3VGOMbta9QFOppXPr4UcdJf+K52DXIMrNVuDJtajF3/nH+SBvTwYSobvBj31dfQvrYaF986AW/++tyTfo5P+4B9ge7THuG+4x91BLzhGH74p9X486PrFfCCpUpRzVdIN4oxG3IcQv7OGNtP1DyoFiISXrYUCRhNH+xAVFNs74yoZNEqaWOTNnkA8jREZYMbjYt2onXNXsgSnYHmWPJZPXl+HYCQIMz9siRjdA4rVJMke3EWEwypKfBVNgldwb+nXhF8aafSXR+O55csUWlgWofmq15cSZZw7jqrc/TkUk/2Z2KJBGwmPcw6HVyReG8SlZN6KQxepgyb2Cs1vrVJZVq8mnYfci8dj7w5w5X6SadNz5Kgk+on69G+goLIduEfGtJS0f/Ws5CSYVNkcr0qWZrSbJCgQxcDZtVJuoIEzgQ1bLpsSQse+7gylF41WeTEPobyPNYISF8uBfF4DJX/XIYQKS6kLnQNcrIYDEl/cM2/rsG4QZkndVy1g9348yV49qFVyJxSgmV/ugQjeign9qlczHEctC/QHceg9e1y4iOwu9qNr/1sEZa8t18pnJAMrdW9tEl9UK6UKm2FGUrZnURhkr+9IdR/sAMuunfzi0/agAZPZNAhWdYXEu5TNvtXE/rDaDWhfWcN6t7ejFBls8r+TjSL04YhKexLw9KcecNhcqYKqo4TICdSEpLJySNlIEHz1J4KQMsEqgI+UZg5s5TIs8FiQlgANZ9dL+5oT5xzeTTBllZCMrljOQOd+FtzlCNoCMi9daj610r1IaJsWz1IHVWCsuumyaLjY4sCOhlk2dGyKSkLJpldAvCFUXD1JGRNHKCI4dyIyLSniDVS5dOrEKps/KSx6ZGCXEBplBKAYs1Pl0Vaj1YCLP8S4m8149Ar6+BZtU+Zwx5p4/tf48b998zBj78yDq3eMKKxOHLTelAK78UDeX5xBa6/5SW5/n/85TLcccnQXuz9+X+0L9B9/s/gC3cFTy86gK//fAk8la0AeT4dOpNqBc7/z5o1TLIwUe6ni3eKcs92J81NI4ea1GRDwElnYAFX2pE40saXIe/8USLXFGr1imkm3cLFl66zKsrxjn7nrDPLgbzzRiJzfJkg8yL+iPjGUZ/Ss6cOjR9uV0g5BmRRNulBGqf1+rxBWPrnIP/8UUgMHYJmlxFpoWY49X4koO9RQni8t3ha7EfwSVoqwh4/Kh5eLEATeb7NXqQUZ2DInXMQ0xskyDDoyCbZWapoh5JjJ2olXPg0u5ExdwQKLxyjysFceHGU+e45LDj47MrDiMyjDo7GDE8IajP34nHInT0cYTqK9xiAokNKZirql+xC05ub1f0Y9cndFepTNpb4D7RizPRSbH7yarS4Q5h21+vwe0P4yhUjkGc348pzBqKIlZIT3Ihqnnzry6jZ24oFT87H9FNM+aS72+sLdN2NUN/fT+oI3Pv3tXjgj6tVXyqbpRiZeRQIgIjI/DTknTsKaaNKlGRVIAQjHZ3jCSn7UbVfJiZx79YcaZL9K6qbpKeKy0D62FJBqvkONqNhwVZ42MNjeVRbuctk0eOZ5/AYdCZnhyOwjy5F3tyRsObZlfqI9OKsQlxnGa2NvSLeG3srPZUOEzi6ytionpI7Zxh8lkwU+SoxwbADK6LjUBfPQLrOC6XA+AXdNL6cQY9Dz6yAj87u2Q4KL0p1oP9XZiF3aD7aGjyq/MjXRZPQCobFGDXCHi2pBM0eoRIMuG1WUvBakewpnsysvGHRLjS/u6Uj6ByBoa5AKPJa6YSzR3uoAV+ZJWApZpQ9fVQpWQ6076hC1bOr1TE7K/loj5q/dwVh1Ouw5LGrJPAs3VaP2Vc8oz5BR4+2ICacMwA/unU8zhqbj8wTBFvVu4JCEB+Qd/q5GfQFui/oHPFZ33ZtawB3PbAEb77xEZDWxRyVXLNABLahBSi8eAzMmQ4RzRW1EIdV9CYbPtgOH4m/VpMiU2urWhFzDolbtr28GDmzh4k6PwEErRsq0fTeNkRYguqJELI2KEeLgUJRiEsfR59mEzBI5uQB0CV0wl1jT8WQYkxSBnYjVNOqSmg9LZFqFAiPokDkzh2OtOHFcIeNyAk34p/O32CUeSMWB+fhLs+34UYq0sDM7vMLdse5XDjx1y+RENI3M62aNzahndk6TVHZ23UHkHflBDGspcQXhT+0TI6AFSJfq15dBzcXIezL+UPCU+t3y0xY8zMQYVWB75UOMKelomVjJepeWa+qB5SB+wTiMQGj0SBOEzFmgURexuIouX6q9GrleMcSntZGgyXSNKtw/CofX4YY9UptFtmV7eeoZJjJjfdZ7cZvHjgP3792pPwyGI7hxp8vwqsvbAdy7Wox2aaMYQcOzsS8qaW4aFIRZo0rQCa1Yr9AW1+g+wI97M/rVtd81IKb712AfZvqVamSskhSFSJgRLl/Z8+joelgmbLZg+PEwx4FTVHr39qkTFGzHIeBI1I6pG5hADordR2HIGfWMIGKBxvc0sNrp9o/NwY5bj2oGKpJTE1yH9s0QAhLiUMKUECieUmmMvCk5JhDyU01LN6NdjpRR6MAM9GeAF20c0nATsAxphh580bCkqfcF+rCTtxoXYy/On8JJDgGPvzU+1X81n8tCvStn9djleG0JhGWgaS6/2d2MTodrHlONC77CHUvr1MZMw1zW7xwTBmIsmumIOL2I0aAjCZOoteLwEDdgi1oXrBVka5ZHYjEUHzdNKSNLkFEUJGqL2fOccB3oEnAJwkiKllF6KpEkuQsmowG6Y3JK9biQ/pZQ1F82Xh5J7py9o40Rh2Zpj+MyieXKTRwMnBbUoyIxZVbgNwMg/DBdkydNwCr/n75xw7nC8cw/wcLsODlncCgTFHciQeiwJ4mFYBz7RgwIgeXzumPS2b2w5ThOXBw8XiGb32B7gx/wJ/37T34wnb896+WIkruEPlxGheME4zbD2OOEwUXj0FaeQmifmUySkPQiC+Iune2wE2eGXsRtMbpnMWxFOQKwDooHwWXjoVjYK70VNz7G1D31qbDgBOWfU7EL04rjzLQmozSO6Q7AjM3BjkiKplZuHbVoHHhNkTqKB1mOeyR190DENpATOTI9E6ryJHRTicejkvploocDYlMzDZvxmtpP0YMJhgQwgfh8fiy+4cwIA6LLtTdWT61v/PRcHLvLBn5qZ1MOzDBJxk2uD6qQ9UzK9Q7xUDX5IWxLAcDb50lcH9qWXYm9ZnSbfKcqp9crniazLQb3cg8fxQKLxhz2K4nWX6mXRJ7eFGqqBwJ8cgyqEEPq9UIjy8i5VG4aObqxIDb5whoiKjbbrM5IiytZujMBhx8bjV8VMgh+IT0B4NeQE0MojLQXFi0+JCWkYoNT1+DgaTjdNlC0TjmfuPfWPX+PhiK03H9pUMxtsSJx1/dhZ2b61WWZ9YDeXaU9s/A2ROLMXtcAc6ZVHRS+nmf+vM/jhP0BbrjGLS+XbofAa4s//PBlXj0qU0KbMJ+HAOOiBtHBBTiGFUidjhsvNOXS280iNKHh55xC7cqB29CuDXAiRZ0iFzU6ZE5cwhypg1RmY8nKGaqBJzEAyEFLuhpT+xot8MgREFkX0j6LblzWEoskr4hEXhEV7I01rRkN9pJOuf98bzadXY3TB3k8jBShxcj/+xy2EoypNdHsWctsfQneMwE/un8P8xLWYNoLBVV8Szc4v4h9sUKkab7uAJ/d6c9mX/vTFk8mcc92rE0zcdgg0tI4eIKTrAGSdmOFAy/YzYiGQ5l0dQFfOKrasGhZ1chTmI9A2OrD/ZRJSi5erLA/qWPJs7dRGAClf9agQB1Rwl6OhJBO56AI8Mqotk+ctzIZfSHUHT9dKSPKlF6lt1tIj+mFwHqmne2oG3ZbpU5JiikbIDJbFBKK8lSKgL0Swzh6T9chBvnDjjq0ZvcIcy49WXs3VCLAROLsOCvl2FQrg2vLKnAs4sq8MHqQ2g70C59Pilx5qSioDQd5WWZmD4qB9NG52PkgEwU83t7Bmx9ge4MeIin2i3sq/fglnvfx+plVDmxHVY54czNL7/BgJxzykUOiRABlpg4uRCl2LJ6n4gxC2+sK+CEvTxfGKZcp3DJMsaUCCLOe7BF9vFuO6SaGZ2zv+NtIjEIcTWOBNLHDxA3AEp4UXKM9j/sH1LlvmnRDoSZxZET11MBaCmNQXnGpZjEcJX9JEOKQbKKrq7fzOpq4pm40bocf3M8KJSD5rgDV7vux+5YqYBSvgiblPfsFsQiUVQ+tULB/FnOJpI2GEG/m6ajaHw/NBN8QuZFsgRJ9RzaIDE7C1PmjSXBNr+8RwPumAuj2aSg/2BmZZL3s/r1DYp0Tp3MI/XXuNBh1kWvXoo9czHn8iNtxhAUXzLuiDJjR3xGOp3QHJpW7EH9a+vVu6vXwWzUw2kzweWNiDtAR2Za0Y47vjUF//jujG4fOdWGZtzxKrxbG1AyvRTrnrwaeQSpAPio2oWFa6qxcEMtlm2oRQvFGrhQY7Dnz3Qr8gvtGDcoC067BRZ9Qn49Z1whbr5oMMxdXRO6vZrP9wN9ge7zHf8z7uzvrK3Bl//fQjTtawGKSR3oVNtikMhyoODisUgbWYyoO4h4JIqUbDvCzV7UvrUJni1VyjFZg+Fr/SsiGmMxpE0eiNx55dKfYd+kfUet7BerawfSUztRFY5zaDUFEipoZNpQcNFYZI7th2gghEQkLoK85Fc1Lt6F9rX7VVBiWUuyuB40AXn8pNBzSr8s5F8yHs7+uVKqFSHmI0yqJBE0xtNQbqzCGxk/QZquFgeiA3Gp66doizvg0PUgczjO4ThVdhNlGbo8WFNQ8eRy+LYcVAhL9s68QeRcMhZ5Zw1HoMULUWJMPg8uhCieXfn0Cvjp7cd9WNI06NHvphkish1uUwsFndkoajs1b2xE6wc7lUqKJsysDQSPG4iInqYx3YoAe2kU/yaAiDJft82RcyvR5u5BQjRtbd9eg2qWYPldIdAqlkBRXipaXSEEmMHxGvi3inaUjczBRy9eD3NXR/GjPKjnFlfghm/8G2j0Y+rV5Vj6l0s/YVJLkMtLSyrwnT+vQX0jA14cqPUAbDcwuvHczCjpB1mahi0ffgWj+2WcKq9Gj66jL9D1aJj6PtSTEXjgX1tw74MrlCBunqIEyLeeEkq+EGyjSgTEQfg0yzqcgMiNc+2oEWuccFXLx4OVFnRor5LjFAmw9JHFQhvgCp0KJy0r9iqgAPtiPS0ZHu1meD5mB4EwbOXFyDunHKkFGUpyjIaXJJ1vr0bjwu1KhDk16RXXowCXnH1JLo8nkD51IHLOGiYTKxGbophxjInRlUgV4MkLaQ9gsHEv2li6dP0QKyPlyNO34WRrkjCL/DzRnB97RMzOkn59Ut5bslsyDnngLR6knTUUJVdSrDkogtmyiSSYUZCwDFztpKUQYUlJuFBESXKNKzvsFk6EZZYdjcv3oFG83pKi4J2fLZ9PKCwWQPZBefBVNCEmEmOkx0RRctMMpA0rTHLmehDk0lPhrWjEoadXIs6gwgpGOIp+xWkIhWKob/KqsmJS/cSq1+PDR6/E1BE5Pfk6dnzmnkc34FcPLJVj33zHRDz1o7kf27+uPYifPb4RTy3cBy8DnM2MK2b1gzXFiN0VbWjzhBHgkHpCOHtqCf72w7PgTJZ3e3Uhn+OH+wLd5zj4Z8qpPaEovvabZXjmSVqipIj4awcAhCUhk1HcrqkzyT4cJ3ajnRNVAo1Ld6F58W6VDbHXwp8aF4m9tkAUtuEFyL9wrBiJsncVqG1D/fvb4NtZe5gb15Ngc6wAJ87TAVnVZ88aLghOIiyYyWlKJ03LdqNtfYWiGHQuq37iuF3qpZ1oA8Ych2SkmWPLhAJBMeaerPzZp2Nm92r6TzDeuAvQRfFs8Hzc4f4e0nUeOHWkGahgeiJBT484wjChPW6HQ++HFeETOt4Jv+MMchRSTrfJu9JIdwFnqgoALV6xJyq9YZokHDTaVShXJll6MUVtWrlXORJo1kftfmSdNxr580aoBUZSn1JpWB5EzUvrVPm7K3eNcSsUk2tJn9Af/oMtCLGKQLoBj3lOuQh4R9k/7g78RPHppD0TS7DRRrda4PkjKC5yINViwt6KdiSITtaUftoC+NMD5+E/Lht2XEN69f0f4OXHN4kC0c9/NBf/c+NoOc6SbQ244d73ULe3Rag7E8YX4ke3jcflM/rJ3z3BKNy+sCjeeMIxDCpwyH+fbltfoDvdntgpdr17a934yv0fYsV7+4Aip3Io1qgD5MI5LSi6bCIyx/UT4AbJs9QkDNS1o/7tTfDtqlF9CY0bp8HxKaFl0CPn/FHImj4EJotZceO2HETDO1sRb/eryUHTt1TL+G5I4Ef4uzaRtPuQ0j8X+ReNgWNwPqKekEJyW4xw72lQAtCHWo4qHXZUFoGWJXqDSB1ZLJJmqQXpsurvLovTHjXn2PaEDbn6drydfh+K9Q3wJOxI0QXxE9+X8YDvegl0RsTgTVhh1weQpXMLYrM3WRkDaQAmBBMpGG6oxYF4tkxqls8z2OmAlGynePVVP7tCISXJTWzxwpjtELFmE53EmXVr4BPZx4GWtftRy8DFYMR/LV7YJ/RHv2unioMBe33sEZszUuE91IKDjy9FghkfS9FdgxX/3x9GxswhAlpxrduvgFJtPqSUZaP/l85SEq1JAeijfk3JlXNapWRfQQ1LVjF4vmAYxkw70jNtcB1qEUm1DvfwvS244kvj8Oovzjnub38oGsOYW17GR0srgVwblj5xNX1iMe/utxE+0AZDcRp+eudE3HPjmJ6su477Oj6vHfsC3ec18mfAeV9fXYU77nkfTSx3FNoPm4USqdjmh3VEIQovGSvlvzCDXhJd1ra1SigAcRJpxVLHoDI5LeiQqzYgBwXnj4F9YK78nhMZy5tt7Ivxc1yh96Aldsxh1hRIEgmkT+wvK3KCHcKegEh40VqH6iatNHHlZ5NAgY5enEa5k5Jj4uMtOq2MygmYWeLZ5Sqj1ekF0NJtTO504cyyauLZmG3ehlfTf4xEXAdPIhV2vU+C28P+i/D74HykIIy55s3YHy3CpuggWHXBXlHJ49BLQL3b+gq+4/g7HvV+CT/03Y4ifTN4DTEY5OdntlGPMtMO975GUT5JMIhwca5le1YAACAASURBVOMOQp9iFIJ3amkWIm3+j/Ee2ffy7G/EoX8tl76qQlh6kdI/RwISuWUscwrog67d9e3iLSfi4Emh5k/cY7sP6bOGwWS3oun9baqHHIpIebT/7XNgySHnkddxjJJl0kCVPa/qF9bCw+pAnlMAIBQpt5ZmwlvRrIBY9HwjlaDOg0HDcrDhyavhPEHn7jV7WnDu7a/AU+VG9oRCWWi1VLtQNigbD909HRdPPT1NVXvyPvYFup6MUt9nPjECP39iE370lzWqYZ2jwa+TSMVEAhmTCBoZAaPFLP049tUIKGhavhvNi3arBndn3ceOoAOxuMmZPVTU44m0Yx+DhqqiFym9k5NgqcOGuzsAY6YNufNGImNCmXCeyMXjCt+zrwH1721H8EDynKKIkUwYSVQnPsCoV4ErGvt4zNUAJ74wUkozkX/uKDiHFIgs2PE4f5MrdyBWiP+2vYCfOv4KbywTIZDkm4CTOZjej12xAYjH9Sg37UJzLB9Xun6Cj2KlyNS5epzVMcgNM1TjrbT7YDdVIRgtwnzXj7AsMlKCuFkXRaouBLsu+OmXM5N6lKFWHyofo4ZlUPXlCEoCUHLDNKSPKEKoxXM4uLAk6ExFqMktpOsYxQiYLfH9y3Kg3/XTxHmc2ql8gAIsavcJjSDS0J7kynV51SWd9sM+oghp48rQ8M4WVSJlJcEXQv6VE5EzbbByLD/W1mHYakDt21vQvnKPoi1EY2Li6hheKHJ1Emz5rnEx1x4Qnt6qp6/FhJPkSvDoO3vw1e++o85hNwtZ/hd3T8e9N6hS5pm69QW6M/XJfkr3FUok8I1fL8Njj2wA0i1ABvtxSkmCPS69zYy8C8aI4zUJ1eQYWbId8De4UP/WZniJfGOw0kqV0lyJCZ/HkJGKvIvGIL28RBbG7Ie0bdGyP79SsuiJ0six7p3n44rZFxTuWsGFo2HJTVMSXkkdTLoMNC7cgQTpBZwoRcMwmT7G4jAaDLCmGhGNxhEKx5HUw1Bn1UqVoSgyJg8QGoVyFj8+zziWH/2wIJBIwYL0H2K8eTtcsSyEBVuok4yOgdCAKKy6MPS6dsQT6Ti//VfYHB2ETJ27x29Ce8KOoYYqPO38FUoMTYDOi2eDl+Kr7u/gG9Y3MdhQh2dCc7A/WtDrbLHHF6HpUTotopDDIETneKEEJF0p8q6YgNzpg6VKIMLLYvKQgNlpQcQfxsEnaGvTAmQ7FZ3FZBTdSyrZRNoDsuBij4xAkoP/Wo5QZZNCWHbd+CxdPlhKslFwyTjU/nuD6sslRaMdkwei9KqJskBSvMejZHMMciajyHvVvLkJbYt3JW2EIIGGPT8ief1cyJHeoNk+1Xrwvz87G9+7YUxvhq/bz4rlzqMbgH5pood54SVD8PYvTj+PuW5vtNMH+gJdb0brC/7ZmtYArv/BAiz/cD+Q71BfSs7//JK7fDCXZKPwsvGwl+VIeY7fe4JO3HvrUPP6RsTqXSpYscmukccJ9Q6GYRtZIqVKa2E64jGlCtLw4Xa0rdynSjgnWqrsIJsrblzGtEHIP3cM6EkW9QVkdR9s9aH+7S3wbj6oeHHsBWkBjj+jceisZqTbzbKq9wYiSBBazmPzZpklsnfotIqwdNbE/hLoBWouQbB3LxCDHHf6KFaIL1s+wD/Tf4lQzAZfIgUGHbNIdpgSiCYM8pOHXxsdgn8GzsfSyGjYpHTZs/ouP+dOpCJT78UTjt9ggmk3wjCjIpqPA4liXGhdBRjc+H377fgf75dRpG8V2MvJ3mggS31JgnQqaYZKwja5ckSltniQce5IFF08TrRQNSCJstGxSEeSyiJCI2DgotN7NI7ia6ciY2ypuFgwMLIsHdcBh55dDf/2KiXq3HUTlRM/jOk2lNw4Xfid7rX7VPCkAHT/HJR9+SxRLTkmoCipyUl0bd3i3Wh+Z7N6lwmm8YSQPqk/EnrAta5CLQC1PmOVG9fdMgbPdUFInozxDkbiKL/5BRzYUq+qMZ4Q3v7b5bhwasnJOPwpeYy+QHdKPpZT76Le31iL23+yCFU7GoEih/qicg7lZBKKwjGmFAUXjIHJniL9NMK6CSZhj6uZK1gGCvY/uJNWAmQZSqdD9rzhonNpMJooCKGAKu9tg1+AKikKAdcdku1YQ6Zx3Nr9MGTaJePMGFksRpg8v8FsQtu2g+L6HSX5V5uIkjqGMsnG6YVHtJ8ecY9SRulQqxAFFWaJYVjKaKkzEvYBeTIONIvtLEPV2ydbG8vCNPNOPJH+W+TrWuCO2zqAqRFQSFiHhE6HfF0THvVfim/6vgUTosjXt8IIZps9i678lDueiiJDMx53/i/KjYfgTaTCrAsL6CWeMEOni+Hb7m/i8cB5KDa09DCE9uKOkz0sZvKHnl8D77YqtTDi5vLDMb4fSudPQSwYQVwDfSQdDAxmIw69vA6eTRUqC2eVIBBB7sVjkTdrmIB/SD2gMAGRv1WvrFef5TvJhVTn9QCDDeXX9DqU3jwTVFRpfmuzyiqDERnR/l+dA2txphIMP2omx6qEMndtWb8f9a9uSAJjTECbF+kTB8CQYUfryj3yDKWcz5JoZRsGjivAtqeugTVFWIEnfVu/twXnfu11tJMongAuv3w4Xvv58YNdTvoFnuQD9gW6kzygZ+LhHnl7D+786SIkKHOUy35c8i5JHdBDenE5Zw2XFTZRZ8yOQm1+1C3YCu/WQ0rCq4MAnsx8kn2T/EvGiawW9+Wk0L71EOrf3YIYFUII4T9RGS9NciwUEXcDupVbc52IBiIwWIyI+sNoWr4HrSs+Ujel8fH437zPcFSyOIIi4tGY4l0x8GnKEJp7Arlxk/pLP44ahwxyvQGcHOm9aUvYMdO0Aw+n/xlZ+jogrqxjCJeLIw2emAWheBxWXQikH1zp+im2RAegVN+ogK89DHJySGpqxtMx2bgbT6T9Bll6r5RLFXITsCICf8KEG9z3YnVkOHL07pMb6JI9LJaPq15cAzczHAYWbu0+pI4oQr9rpsj70KEfyWzJbBRgSu2bm+HiM2QmxwVKmx/pc4aj8IJRwlFjcOSxKbVF5wIXBb8ZELsGOeHKKTf3srvmif5q9dMrD1cUghEUXDEB2ZMHgP3DY2/0lbMJUrjmxbVJQFOKaLTay4uQNrRQFnSyaOJijhG0LQAKkK169lqMH5L9qU4n766rxoW3vQqE40CqEauevgZTR+R+quf8vA7eF+g+r5E/Tc77g7+uxW/+uEqV8tiT46zH7Mrlgz7NjsLLxyO9vEgZVVJEwWmFl6XK1zYgSlI1G+4SFJJpHLlxJI+PLEXBRaNhyU+DLk4OVAQNi3aidelu9XnaiPSs6nbkkewoVdLVWY+ss4ZIkGOxj5kcg7HvUIv0XYJEujGoMiBrWRwzsWgc5pw0pOQ6BOAQprI9r010B5MBu0VTUBmjjFeDESUm3ANVjGO9AgxSVbFs/NX5EG7NfBgIF+E130zsiRZhqKkel1k3Qmfwwx9OhTkRRGsiDde478OOaD/ksE/XS7YTA1p1PAfXpCzBI44HhUvH7p9kGok4HPp2vB+egttc35egyH7giTyezvfOnpnBRHK3GbULtqLtg+1Aul09jyaXoCXLbpkFo9WIsDtpoMogZzLKc+SCqmXBNiXXxefT7IFj0kCUzJ8oGTUXM4YUEww2M+o/3IkW+srRWUKqEp3uQviOFAsPouC6qbAPyMXeh95TCxsGomYPMuYMR/HlE6TXx4XPUdcSCcCS4xDh6YNPLVfHYG+P6M+SbORfMFrc7sMEwZBTyveVC0lXEM/95VJcN7u/DFEsnsA3/7gShw668Ifvz8TgQucJzxyvLz+IZ17ZgV//cDYWbq7DHXe+joxBWVj8j8swekDmCR//VDxAX6A7FZ/KKXBNrb4IvvbLxXjxX5uBAqdCaHFO4JfbHZAeReEVE4UTFmrzif4jM5mGxbvQRK1KkqqdFnUnWlBgADAakDNnOLKnDYaepRqdHsEWD+rf3Qofsz8GnBMtVQrAJa56LDlOFF46Do4h+WrCo5WLDmhetVfEmBNE0DGL01b2jMm0NdHrYBuYKyAC/6EW5Q2W3FfuR0qVIaQOzEfeBaNhK80UMeaEVtI84WeYgCdhw2BDDW6zvYXaWB4e9M6HJ5ECM6KYZd6BHzpexHTjNsQSBKX4cK/36/h94KpkRtezkuXhy9ThQCwP99uewn32J+GLO6WPxVxPl0jAbmjC77y34D7fbSjWN/W499ftMAhQwwBjWirq3t+uAhbfGwa5Nh9M5MrdPltg/R3wfSGR60ENy8blH6Hx7c3q8wQ4tZJEXoCym6gFmUDEG5Ljk0bQsGQ3Gt/YkHSX6FIO573ynWn3IefCsciaMRj7/rIQ0SaPCqDNXqQOL0TpddNE8etYEl8M3OzJ+WvbhLYQZ3bPBZ/LDxNL5xeNQeuKvfCz/8iskl8sLh6rXPjmt6bjof+c2jFsW/a1YOyVz0gQLBhfgIW/vRAj+qV3O6zH+sAF330HC/64Ctf9eB6eu28OVm5vQIYzBcNLT+y4J3RRn/LOfYHuUx7g0/HwO6pcuPW+hVi/iqLMDsXpYZBjUAhHkcYS3TmjYEw1I+IOwkiEnC+EhoXb4SI3iJMOG+sa4CRpyWMuykbehaORNiRfSLecgLjirX9zEyKt3qOWKtnw5+TRo01DPQaV+7dIjmXYRDLMYE1B2OVD/Ye74NlQoVb07MdpuUmSFGzKskuZM9zihn9fkzo370nLSinjpQOyZgwVc1Sq5HNCPdFSZdf7I2eNAJEg+2NIwKYPwYoQIjCiMpqHIkML3sn4AcqN+0Ul+vXAPNzu+S849Cx/RXo0XNqHeEyWLv9h/z1uSn0bnnhm8nYU5MVuaME/fPPxfe8dyNJ7JNj28Ikc/Tp4AIMSNW5Zsx+1r6w7XOZ2EcGbgrKbZyK1JANhlgmTQA2+D6aMVLSsO4C6V5OGqARGtXiRMiAXZTfMkLI0hZoJNjKmp6KVn31jk5TaP2bc2/nqmr1InzEEBReNEW3MwJ46INMh1QuDMxX9b5stAZMI3WP15aiyEmhox8GnVyDa7AMyrOI4QDun0ltmwrW9Cu10KWDWqq1HKttw8dXleOWX54mgs7Y1tgUw8+v/xt4DbQL6+t97Z+N71yij1ePdzv6vd/Hh67twyfUj8cbPz2y0pTZGfYHueN+WM3Q/gk6u+8ECtFW2AcXpyUwnoVy8Ewnknj9K+nEEA7Dvwd6Vr7oVNS+vVTBtrly1kpD0r4LSwE+bOkiCIw1KiawjMKB5zT40fbhTZUeUddLKjd0JnBxr7KVvqEP23BHInT1cgi2vlXBy95561L6xSUkusTTK62RwE3mniHACHcOLYCnLhndPHQJUrWAWpwnosvzU7oeeYs8XjkbmuP6SJdK250RLlUe7JV4aQScMeuzMaUjLcMKI2ng2Hnf8L25IfZvWr9gfLcWlrp+hKZ4u5ctYL8qXzXEnvm57G/fan4UpAZjE+ieAaCwNXliQrm/D9ugQzG+/D6QhZOq8PQa6HPVxiYO3DS2bD6LuhdUqyJHczQxIr0fJ9dOQXl6suHKdNhLCXbtrUPUUvehY5rZIJmdIT0XZrbNgzUsXhCWzPgbR1k2VqOHxKUygLcC6XhRVU8b1w4CvzMbB59fAtXQXkJ8mvTqiaQlKoVt4uDNvr+sxBLBkFYHuyqeWKyUdcVegIHkcJTfPlPJ3A7U0+f6x/8xSa5UL+f3TseOF64/o/P3B5jqc8803pKw5ZHwhHv3BLMwsP75emjcQxfhv/Bt7l1bgG9+ahj/fPf0Mnck+flt9ge4L8Zh7dpNPLNiLr973AaLsFRSwqZ9U5CdaMcMmJcC0kfTZCkBv0EnwaF1fIT0SkeQSzpmW+OhkwqIYb+4FY8SsVJByBh3ivjBq3twMz+ZKBVJJ8te0/h/NJqUVqAWh7i6/s/hznhOFl02Ec1Aeov4gDBaz9FKalu4WrzoRnNZ0KrXVtCcEvdWEzOmDobca0br6AKJNblXikiwi6UvnVUavRZdPgCUvTUppcTpYa5Dw7q7zJP+9Kp6D71pfws8df4UvnokI9Piq+3tYEJ6AYn1zjwMRR7silouHnH/DV9MeB2L52BEehJWhgbgsZSXyDG0IxVORovPJ8Z8JzkOpgYCX3pZHOw0Ak+RsO1y761BFI1RmzXSCZ4k4EEbRjTOQOb7/J4IcA5d7T50IISfomM19XAHoUk2ilGIrylQqPFQ9oarK7lpUPbtSpOfkeXatDPAWWnywDs7H4G+dK870IurMBRsNcQMKfOKcPAiRNm+Spn+EB0mCOwW6gxFUPLFUBTmhOESkClJ03VTojUZUPb1cCR5opPBWP4xGA5Y9OR9Thx4dfPL4gr247SeLgBY/zPl2/PG7M3DX5cN7/Uat3d2EKXe9DrQG8PcHzsWdlxyfdmavT/w579AX6D7nB3CqnP6+v6/DL/62TmU3mRRXTvbjPAFYBuah8MKxSC2iKWhAenEEKdCqpmXRzsMlQAlMScdsVwApArUfLby6eDgi3nFUf6h7cxNCtW2qbCjZUkKsSZhdWVJNcgnBcBe1kWOlPFRnCUdhG1aI/PNGCgGcyDyWKgNNbjS8txW+HTVJonqyNyOk3JhMrNZBecicMhjBulYpcckE2hklyt5iIoHMGYORO2eE9PmUjJdmevbZP0WWMpsTtO45iJecP4Fd70cKIviZ7xb8xn89inrRRxNSeoJZmxcXm9fCogvj1dAMbIkMxF2pr+Mhx58UPV3vxyuB88Q1IU/fCpMudtw3zvKeZ289ql9eixirBQRqJNGOeZeMFX8+ATiRm8iNfa/0VPhq21H17CqlIMLeGSsGCR2Kb5qO9OEFCjCk14tLffv2KimHkst4xCDH47r8MBdmYODX5sGztwHVTyxLltANQgHIOHsECs4fDUckikg4hvZwDMauCxuCaWwWxCMRVL+0Xum3khbBfnabD/nXTIW1KB2VjyxW5V6+W3zJfQrd+divzsdXLhzc7Vi+uKQSt/98MTz7W6Sl8LVryvGT2yYglyLqPdz+57EN+OWvl8FYkoaN/7gco85Q8EnX4egLdD18Qc7Uj/kicXzz10vxxCPrgTwH4EyCTrgSpQv4+DIUXjwO5ClRqYJw6UCzG3VvboZve3UXtKLiH7EU6RhdisKLxyaNMmOiCdi6sRL1b29Ggqt2rpi1hCASh8GoR3aaFUEK5vLcR9o6lzS1fTlJIoGsOSOQO3OoEk6JJaBPNaNtSyXq39iMuCYfpVEV+CFeQziGjLOGIm1UCdpW74Nr08HD9iw8PydZqr2k25B/zkikj+0nfRJBVX5OWZw2LAxOkYQBjfEM3G97Et9z/gWAEfe4vo8/+K9CiaGxV68sOXfehAUtcYeUSNnnY7m0IZGJO61v4k/O3wD6FrztvwY3uO5Btt4DI5J0h96ciZlcpk3K3YeeokxXUAUFPnNvENkXjEbBuaMQafcdVhthtpRuQ7DRhUNPrVDcNWpe8tnHYyi4ciKyJg6U34s5a6ZNsr6q51ar4Mkg2pWHyXfA7YfeYcXQ71yAYLMHFX/5QC3aRDTaA1t5EUqunYpQNIGp6UbEEgmsagzCYmDXMrl1yuSqXlgN/y729ZIWVW0+5Fw6HuljSlH58IeIMDjzurVFZJULd3//LDz49ck9HsHVu5rwtd+twJbV1cJfHTGlGI//z2xMHta9dU9DWxBj73oN9etrcPlNY/Daz85c3lxfoOvxK3Xmf7C2LSD9uOV0HqBJqtWoJgT2SAjJP6cc+XOGC2Q+Ho7JBOXaU4taUgfoqi1w7iREW+SS/DCY9Mg8eyRyzxqmVtLSV9ej4f1taF3+kSLFaiUkIZxH4HBaUFzoQGtrAA2tAdUXPBY8XytVtvmgz2apcqzoHlLSiShJKsPXLdyBdnKlOKsIUV0z41TahQQ6FF09Wfzwal/fgFAl+yk21TfhLMaszh1ASv9sFF05SfnSufyIx2KihnEqbAqsYhMe3X9YXxctykcCF4H9Nv7ueDYhoCd5dQx4PljQEMvA/fanMNxwAP/nvx4HYgWw66gX2YstiVxhOTFQ34bKx5cg5mKQI7mbCFkfMs4ahuLLx4tzRIcLAANXEgBS8cQyVRLMcXb4BorW5IzBAlYRndIsOzz76nHoXysUWZ9l6iMFOUqDWU0YcveF0j/b++f3kaCAAHvFzR6YSjMx4Pa5YBk95A7CYtLLaxmIHS7Yao7nzDYrnluJABd+7Mlxa3KLT17xlZNw4JFFCOypT8qMJQUT9rfi3GvK8d5vL+zFIKqPRmIJfOvBFfj7YxsEIZw6NBsPf/8s3Hj2gGMe675HN+AXv10m4Jg1j83H5GGfLk+v1zf2Ke7Ql9F9ioN7Kh96c2U7rv3BAuzdUKOCHFeyBFswg7GYkX/JWGTQM80XEsowy4CtGw+gnsg14QQRFp3cWKJp98FakolhV0xAtF8uwv4wjClGBJn9vbMV/l21KluizYpWqozExLLHnm6Fvt2HlvYgYGZk7BRIugJTNIcDT0Bg5PkXjUVqYaYI9RqsRgQa3ah9YzOCBxqUMaolGbyFCByVVbxtdDEKLhqPQG0r6v69UQktE9Iuk3Ey26MG4fQhyJszXKFLxTD1yDJevFpWXsPxBFI6r/Y/gxdAC0ZUNSHvjd50FF3uDRDlWJfJ4wcTJgGkAAbR1EwXIEovXcmYyWWkwlfThipxCiBs366CXKsPaTMHo/jS8QJwIoFaFhNJYWfKfR16cQ2CFU2HA6M3hOxzRyJv7nAJjIlYDOZ0O7yHmsXpQEH6k9lT5xvkcb1BMdKl64C1KAMfPfiu6skys6Sqj92C0hunI5XKJ+0+uZZI0iexo2xJvUzKjsUSYCbn3VmtqhTcWr3C4yu9ahIqn10J37ZDCr2pOXTUuDF4ZB7WPzkfTqJFj3N76JWd+O5DqxGp9wiI59s3j8ZvvzkNJkbkLltDWwDlt72Klh2NuPDqEXj7l+cd51lPz936At3p+dxO6KrfWVuNW+99H40NXqV1x+DB4OUKwFycicLLJ8BOAVyq+6emIJGIo/797WhduVehxDQNSE4aDBKhMOzDilF06VhYMmwIJY1V3fvqpR8XocYlQQMasIOBMRqDtSRL7EnoBSYlTzboj7V1EkzOnDVEDEwJ7U9EE6KO0b6tCvULtiJGYIyoqiSlnfi9T8L/c88egYxJ/dG0ah9aP9ipzsn74aYJU6eakXveKGRPGoBYJKZ6SMcoVZJ+QJX5rBQ9WkIxSQY/68qmhsbsrQddT14kHlPI41IcVRqbvdokYCVLj8+sREQLKhzvlqTqyY3T1PpHQ7ByH7sFEV8YB59deVh4mYHR7RfidtFFY5XMGon9mTZ4K5pQ/eIaRJmtHcluRwtyRgP63ToLzsF52POHdxE8mBSN9ipLpdLrp4s9FAPskW5VRKHFYVuH6jc2wLNqn8rkWA1o9sA+pgRlXzoLde9tQ8t721Qpk+fmS9HiR3qODSsfuRLDS9M+MYzb9rZg0cY63HV1uSyautve31SHO3+9DJWbaEJsxJx5A/D7/5iKMQM/Tvy+//FN+OnvlsOYbcPKv16GSV+gbE6Wr4keE5S6G/K+v58OI/D4O3tw2/9bCHgjAFUWtDKdy4fU8mIUXTFReGdirUMbkzYval/fqBrsVHAQu5pkmsVVMyAr69xZw0TGi0hJU6oZzcs/Qj3JvwygIquVdAAgF89ogLO8SNCQ/n0NCl2paWceaRB5jcymaMZKwWSasTIIsVRpNAhgoZ6qKsv2JDU1k6oqGnGcqNFsB/rdOBWWvEwcem4FvFsOqoxCow5I+cwLc3EWiq+aBFv/HFUO64FWZTSRgMOoR6ndiApPFEH2CLufo06H1+XErzHZXwu7Aqh4dJEiYHPi5zvU7IWtvBilN01XWVPSPFUjXEcZ5CjsXNl4uO/V7IVz2iCUXDWpQzCb5VBvdQsO/Wsl4h6KajOT68Ly4/tHN4pIDP2+OgcZY/th38OL4KW/IUuhLLP7Qyi8fhqyiPZkH/AIqF9Z1CRl4kQvk3xMoo1Zkm/2CrBp0LfPQ9PiXah/aa26bo1G0OoX4vc7T16NCyYVfWJsecVz7nwdSx9ei688cAEe++FZPRr/2hY/bv7pIix6f79838ylafjFHZPwvWsV384dCGPYra+ibn01rrh5HF79ybweHfdM+lBfoDuTnmY393LPX9biV39apVwHspMuygw8vjDSpg9CwYVjxF+NElksA7k+qkHNK+sQI5mbZRl+YblJ9ueHPseBQjbbhxaKJiABJ0RX1rM/RrNSKpyQF6XRFHwhGLPtSB9VilC9S1B30vjQgs0Rg1zSxof9slLljkCzzRhLlTYLgk1u1L+1Cb6dtSqLY2lUQ0NyYvOH4ZjQH8XzJyHc7BFYeoTIPJYqtfvhGBB4M0FpVaakpwp1IHGUUuWRLlMpoyWoI/JpUepOvzeV1jnM8Nt8ErDCtM7h4oIvRIsX1qEF6HfjdEHxapQABheB6YciOPTcagR21yp3AT7TFpYEB0jfi++g8DizbHARvfn8GsQJEiLw5EhBjs+YXLbrpyJr2hBU/HMpXGv2qXKllOyDyD5/NArOLhePOs3+52ODzkyOSGG9HlWvrFNBjufjIq3ZC8uAXAy5+wK0bKhADWW/tFK9hrBs8eHBX5yLu49C+OY7NPc/38KS13YBaSn4769NwTfml6NfXrIkeow3IBKL4+6HVuMvT21R1RGrCefN7Y/HfjgLBLBc/fU3gDQL3v39hTh/0plrsHq0IeoLdKff9NHrKw5H4/iP363Aw/9YD2RZVUDgLM6SnNGAvHkjkD1jMGKE6ScgmoOE2VNwNsFSUgeYQwdEooA3DOuQPPS/YgKMBBe0+8VahSTdmtc3IPBR3eEJgN9e8pHc7KkVwjmqGJ7t1fCJ95b5k6K6ne9O845jsBrfT0jaRkuKAGOMzkMfOwAAIABJREFUdjNaNx5E4/vbFNScgUsTWuY55d70oilI4jglv2qposFJTZNdYjrL3ptBj5zZw5Bz1jBxXWZfUhni9W6oD7cTtf8i/YDgA41c2Pl4vTx47y6lR58mf07WIL290Z4cnUEu04Zgs1d6ckIn0dCILj8sZbkouW4KTKkpSmkk6flHWyeCidiTk74uzVZpaeEOwFZeiJL5U4QjR/qIZHIHGlD14lpVrmZ5vKtcizgRhKRUXnDVZOSfXS72P+IJx2PzOdM9fPoQFF06UUqnAqLq+ngkyFmkalH9+gZ4NlUe1nFt98FUlIVBX52NYIsXFf9YdFiBRetHH3Lh7run4cFvTzvm6L26uBJXffPfaoEYiiI3z46L55Thqtn9MXlELnKpN3uM7bkPD+Cev61F5e4mGYtRU4th1OmxaX0N5p4zEAt/fR70pwiYqiev0cn6TF+gO1kjeYoexxOO4fp738Pbr+4CCh2HwRlCsjWj8LIJIkbMFbXBbEBCr0PD+zvQSokiqoJQzFmT8uKEFIogY9Zw5J47Cg6zXkAn0dQUePc1ovYNCjlTdYTWJ8nsjyvpYBjpUwfDNiBXXAICVa2HjSePNW7kqhmMyDlbUQekyh7n5JxA07KPlP0PKQACjEkGFwYyqmQUpKPfDTPgHJaPg8+uQtuS3WqFzX+KjS4cJ0OOEwUXj0X6yOIOo9jep2SdEDMMagkjdPJTD12c2poMdgycKqwkyD/Tx9RP4aKdiBRM7188ojVDMKMxlg6TLopsvatXlj7dnjEJImFmdJDGqTXJIMfo0eqFqSAd/W+boyydGKDYZ2Uml/SUO/T8avi20VOOmQwzOT9so0okMEq/MBBBCsnmu+pQ/eJqxAORI/PktCAXiCB//mQUXjBajE8bXtuggiLf0TYf7GP7oeSqifKMooHQJ1C1HdeWSKDq1fXwrtuvenIsV7Z4Ych1YMh/XiCSY/v+8J7iz2ngJr6zVS6cd+kwLPhdzxCWM//jDaz4sBIosAGUEKv2AHk2lJbnYcLgbIwfkoXzpxRjaFk6bFaTcBw7bxUNXnz39yvx2rtEHSd5sZ4QvnLFCDx27+xuH9+Z+IG+QHcmPtXkPVU2+nDNfy3A+tUHgQIHQG+rKC1MvDDmpaP4msmwl2QJopAitLQdqXljI3z0AftYGVAK/Sr7u3AMsqcPRswfkd4Ym/Kt6/aj7o3NyS94cpXMCYpZlUGPAvLwbGZRa48x+zrSylub7LVeHkujDgsKr5yI9BHFIqKrtxilb1bLUuW2GiWjpKE4OYkyqPpDsI8rQ8k1k0WjsfLJZfCz/MXgK/1F4rOjQjGwDMpD8ZUTYS3MEPsdZnM9D3LJ4ETTUwazuAm6OK1WYkgYg0gY/YgbOYlH1M+EDvp4ChAzQxe1Qh+zANFUta8+hriBslfkD366mZ7w72AUC54Zxl0IwIRVkeFw6v2io3lCaE0ZEpYr7Qg2ulH59DJE65I9OQlYPqQUZ4qRKRVOOsAeGhctEEbVS2vh35kkXCfBHZZB+Si7eYYAjpj9kVPnpgQYeXLMvpihH7FcGZK/5185CcUXj0P1W5tR/+JqwGZR5fsmDyyD81B2y0zo9XpE/J8McoL8dFoRC8cEXenju8RyJYNkux+mHCcG/ce50vvb88cFiAnak7y95KOsbMeY6aVY9sgVcHQHtkp+b/fUuDDiimfknKVjClBgMWLNskqgyZ9c2KVAX5iG4mIH0kwG3Dl/BL5+Zbl0ATpvD7+5B9/+4woEuV+zH1MvGIxVD19xBs94R7+1vkB3hj72VTsbcf1/vYND+1oBorsYQAis8AaROihfkJUkf5P8bHJa4D3QLJY1YZaYpB+X/NZw8nf7ZYIquGQ8bGXZiLopkGySDIsoxzY29Mmn6yzl1e6DMSdNzkPof/2bG0XfUtRQNF6TVmaSU7HMp+8wMLUOyUfhRWNgyXVKqZJeYq5dNah7dyuiDa7DhpnJXaUEmWJC7lylZOHd34BDz65UiE9ytTQncCG0U5h6IArOH6UmT5KWufUoxjA7M0AXS4EuToWLGOJmD2LWBsStTfIzkdKOuDGAuMkDGBSfLaFLJAMiA2MKdJFU6EMZMPqKYPAWweArkb8nTD4k9Cwh9+hiev320oi1OZ6O/0x9GT92/BHBRBru83wTf/dfiHxDq2Aru1b/enSSZNxnT85X04rqF9ciUt+ehNwrfzhTrhNlX5qJlGyH8vVLLmqMDqvw5qpeWKOCHPmM/FurT1wyqHlJgBMXVxRzbt10EHWvbxBKgQStY/Tk8i4eK0Gufuku1Dy/Wr3X3KfNK4ooFI1m341iCEcsV9ot0gtkT06urQN44oGpKBMD75onzh17/rBAfXfY8+P1MOrUelBQ7MTap69BcXb3fbbO43zDTxfhuUfWo2BcAd783UVobwtg4foabN3fivV7m9FQ41E+cu0BaUeMHZmH+XMG4IYLBmMgKzfJbcv+Vtz/+Ebs2VqPH393Bq6do+x/vmhbX6A7A5/4m6ur8KV73kMb+TXkyAkxOypqIM4pg1B40VjRqqSDAJ0HqFhS99oGhTBktqWVKpMgDboAFF44RjhvRMaxxMSyFPlqvh3J7I/6faJArPpxtuGFyL94LDy769D47lblgEAblaO5EGiouGgU6ZMGIv/c0aJALxqFep2o2ze8v131+zTouMh40T8sAFNRhgBOyP1rWLxTSOAJUh80xGeSOsBgnH9OObKmDJJj09Wg+yxOzeI6ZmMxKxK6CBKWZkTtNYik70XMVo+EyaUyN0lqSKJn6VL9lDKmlC35KJg18p5YtoyQoQh91AKjpwzmpvEwtg2TABo3u5NQ05MX8JjN0cy1QN+GRRnfQYahFkjYEIxbcVnbL7AmNgyF+pYea2R2fHW0IJdlhz+JfowykGmZFt+ZXCdKb5guHm3UStXKtSKC7A/h0AtrENxL25qkN1t7AJbSLNnH5EgRsBMpCm0bD8qCLMGs/EhkcClX0vU+grzLJqLo4jFo23wQlY8tUaVvvg+tPhgybZLJWfPTxX38EzDZJFqU6GMawQb2NSRLqaqnZ8yyi5tBSrYT+/7+AYL/n72vgNOjvNZ/Ppd1940nG3cPForFCV5a2tuWUr0tVKjbpd5yq9RbuLRAIUAIklAsEOLuLutun+vM//ecd2Z3STbJbgiU9J/5tSTZnW++kXfe855zHqHljgQ50g2tQFMQjhQn1vztekw/g4bl6aafw3V+TPngMvh21uPGz8/CE9+4vGvXRd96Cc+uOiJj0pPtQbjWB5Aq5HEgf3whrpxcjBvmDsY100qRamSRJLp7+kBX+A+cDo138iK94D/q2f5l1WF87GsvqQBAHzm+3FytxpPIuXIUCueOlmY/51uSwBte34uWVbvVCtSUSmLQoQuApiF37ihxHeCKOxmOSclJ+EpPbkK8tkMh4sSIlNp9UckYs+aOEjRmwws70UoTzTRvd2/w5Lst87iSY2JptGjBRGRPGSwkbgotM+Osf3YbfNsoAO0yemyGxiS/j3JjEwdiAFVOslJQs3wrWmisScQnV+7C5lYcQSI+S26YirQhBZLFJeMGMfm0I0AFJwY3ZmC6I4RE+jHEs/cgnn4UursdOsuNzO6SbiPA9QxM5t/PkCNZdDmG7ghI+dPRPhzu6mtgD5RBd/ih22IGmOX8DFM6kYuCStovcIVrPXxaLtJtVfhb8BZ81PdFDLHXi/RXnzdeGgWUM71C1q7++1pD1ssQFGgNwFGQiQEfmiNBTrQo+VAYSLK84uFHgneEgSTXyESYyQ0pQPmtM0S5RgvH4MjwomXjUdTTyocoXYI1elM8IfAklkTBwklSEejcW43jf1kNPZpUBHLp+1ox4PbZSB9ehCjP5+S1BPuFXNQFI6h6ZJ0KwBzn3M+gqgz71Pvgzk3D4d+9guCOSiAvTS2YpKQZFjHoZb9bjBsuGdDnW3nyjt/82zbc961XZJH4+F+vx02XDcKfnz+Iu37wOrRwAjdfPxL33TkFL66pxIMvHMLWbXUq4LHkm+rEwNF5+Nt3r8Tl4wrP+Rz+Uz54MaP7T3mSAL7/8HZ84wdvAF6HIcxsBBCrBYXz2FtTQrn0xeJbW/vCNvg2HVNBwRQx5sTFFW9OqgSdrDFlCPvCSGoaUlk2Yva3apdSnmBgNCcJlv+sFtVTG18uSDg/gxP7FaZM2ClBznDp7gjBnp8u35cxskT6cQTGBGrapK8n9j8MWlydmtwmKtS7nMi7arSADFh6IojBR6CA9OOMDNNQQ/GMKUXposlwZaYgxqB6NuoAs66kG9Z4CjRXO2I5e5DI3o1EarWUFtmPY4bH4KTKrt3BjGY6Qiq2KBeGs2/GTbQkJJOzJrxwV10LV+Ms6LYIdCtLq+cns2MQq9bycYVjJx7NuA8eS5ye62jUsnBdx49Qo+Ui19LZNySmBDmIgLL/SKP0sGRcmOW7tqCUB8tumwlPXroAntTKAWK0Gifd4wnD3skkVbf54SrNEWUSBjeOBXuaC000yn1uhwKA9FauFEsoZYdTsHAiSuZPhG9/HY4/+LrqCzNQsbyd1FD6fgpAl4o34SkbxaMFQRxE5WOkRBilfN5+GsEWZmLghy5B6qBcHHtoDTopoiCuHQYhPBiTQPfnn8/DR+cNP/ujP8MebYEYJnxsOapXHcKsW8fhJ5+ejvlffRGdh1tx1eJReO4HV3V517H1/uybJ/DQioNYtbUW0b2Ngo7+/eO34q75I97WefwnfPhioPtPeIoA7v7NBvzigU1AigMgBJmaVNSepL3Ogonis6YxgHgcwmuqfWYbwgcNkAZ5QNyIFqNwc3m2WNFQAincFkR+mgtOlx17X92Pln/tUdmfqSbCjJHk8qwUDPjAHDhz0nDi4TUIExqea2R7vc32XP3y+zpD8NJ1YP4EuHPZj4vD5nKibcdxMWTVIyynElJtTPSJhGSb5NQVXjseWRPKxRGBIAaRiOpyRIABK9eQNX0w8q8cDbvHpcpmZ4wZRHY6YY17obl8iGftQ7RwPTRvg8qspDfH4MaDnHph/CktScmnk/jX3/ikW6E7/YLI9FRdB3fNXFXGtFBAub8HO3Vws3xJfUwGs8cz70OF7QR8ejrSbY34U+gm/Lfv0yi0tsNtiYrMl1K+7IWCIC7fFgMYUoeapzdDYyChqAA3BoW8NJTfcQncBJ5QrYTnbyG4w4tIW1ACY4yefxkGurIjCPfAPJTfNlNATlokCUeGGw10ree4c1jVgqwrkzNqpmbZG0DRwolClwlUUTR6reqbZXslw2JVo3DhJOROHyLn0xtXjiIJkYYO1CzbpNCiDNrSLwzAWZIlY5xuHCceW4/2Nw+ooMvgKypBCenL3fvVS/GjO6ecl5nlLy8cxMfuXglrjhe5haloagogO8uLjb9bhKGl6b1+B3t4q96sRKrbgY8sHol0Lnz/P98uBroLfADwVf/gd17FP/6+EyhMVWgyBhDpi2Sg7Lbp8BZRzisioBP/8Sbhk8XrOxR51yw7inp8FKkTygWJaHM5ZDJIpnowMs2O1ue2Y/3KfQo2zQxQFFWoHRmGp6IIgz50GRLBMI7/6XUl8cQyUe+xQE0KQjuII3PGUHEBp9u48KPiSTS+ug9tJJyToWCu3mUyi8m1pY8rQ9HCSUgpz0H7rkrUPLoBcdIazEmJ38sM06KjcOFk5M4YKty4RDh2Bu84BTJhgCNwJJ67G9GiNUik1CrwSYKlSVOirPc8jZlcKBnDbVlT4bU48Ie2N5Fhcwv6s1+bbhHUJtGb3kMfgKt5EjRXx3np2ZmWPAxij2T8EJc6N6Ndy0WqJSgly4/77sHfwtegyNYGjyUm7ub0K/cgIhqawrnTdTE1JbqSsmvVBHmQrmH2zAg8KWZQmAl3DoEn3ZkcjXpD9R2o/sdaxGScGOCNjqAsXgbcPgfODI/05OxeBxpfP4BmKuzQlNWsOnTdTAPAJOXKhFAIiq4ag3BtO479dbXKxpgpcmyHYshbMFFEygVhy95vz8qyBVKWD9W2i+SY0GS6zi2kKBEfvlTGXM2KbWh+dpvK5MR53lgk1vhw2x0T8Mi3z6/yyKzPPYf1LxwC8pS/3f988RJ84/3j+jWk/n/f+WKgu4BHQFNnBHd84xW8uGKfcgNnNseXmsFnVClKl0yCM1Uh2riKpmJD/TNboLOcx6a/+aZztW0Fcuk6MHuEchEJRuFMdyPmj6D26S0IUZmd6EW+2AJuYWAMC9GW/KbA8RbV8Oek05uYrlGyktvtV9qRee8bg4LLKqQfR5FdAl1qV2xVHCpOmgyoJnjFoDfkv28c8i6vgCPFheY3D6L+2a3QWLLipMNgyAmXfZSCdJQsmIj0ihKDHxc/TXpl9uEI9/cgmX4ckdJXkMg8rDR4kwTnUNdQceDOtPG3UT2BKe4Bcipbwifgspzjalq3QnN1whpLQ+qBD8MaKlB9vP4GzV5OOKHbJXj9Nu3XWOJeDZ+WKUdNswTQpqfhy/678ET0UgGlZFkCGGarQ5OWLk4GLj0m3EYKNLOMXbtss3pGwhtT6iV0aGfpkeo6lJBTmZwqcQZq21Hz2DrlfsG+luhd+uEaWoCyW2bAmUpfN6JsHaIV2fbyXgUg4QKut54cwURWG4oWTkDhFSMRru8UQnjkSIPiujGgdQSRPXcMiuaNQzIQMQjhRpSTrNsi/cIQrYMoOM2+nUlu7wiKLNygOy5FysAc1D63DY0rtquKhgA9ut0Irr1hNFb2kSvXn2ln2+FWzPzwk4gxY3TacPXsAbj/M9MxemBWfw6j9tU1aLE2WOxeWGw9hNn7f6QL6hMXA90F9bi6T7ayOYhFX1iFXWsrFX2AfTcGH39EecgtmAibi5Y1SSkFNm88jKaVO9VkTxK4uVGtPcWFwsWTkTmmDEl/RMAqVJ3wH29G/fItiBEmLn0Iw8KG2ZLNgvxrx6H4mnFofvMQap/YqObg3vonPe9xZxi2dA+KFk1CxshikRsjKIbWKvXPbke8iQLQxneZK+VAGM7ibBRcM1bseCjq0vTmQYXm5D8EhWkaxUbgHpyHkkWmC3hYBb/eaogGkdsaS5fsKVL0BmKFG6E5grDGKJHGzLVvXTbzElnsC2jko2nIsHrALO+cN92CpKcVrqZJ8B65CbqNtkextxXs+IiiOp3k7Phd+i8w37kBnXqaSr51wGONIqo78GZ8DNq0NAyz1WCc4wBeis7A532fgWazIT3LjtZtJ8SuSYA+vP/8k0GhLAflt8wU6gpl1GRQSB/PC//RJikJJrmw4jNm4OoMwTM4H2U3TRdFHv7M4rRJH7idjvDM4rjg6TXIKUoAbZTyL69AqLYNlQSPUHWH2b1hOZU5e7gIQBNMpVRPegQ5qwVEfvqONqKWCissbXNBJ6X/IFxUcLlhKtKHF6Bx9QFZ9MlmZpesOtT4MWFGGV7+9XzkkNvZY3tzdwM6/DEMK8/EiNOUGk8eH+zInqx/8sNHduJr33tNnZsvgvu/cwXuvmlsv4dWvPZfCG26G5bUEnjGfxeO/DMrtfT7C96jH7gY6N6jD+ZMp3WsMYBFd6/EXqKsSARnj4AIxEgM2ZeNFL1GShWxFKjbbGhYtfOtkwYPzsm/NQAXg8LSaUgpyUa01Q+L3Srk8Y49NbJ61ShEK2VIZku6TGbWTC9Kb5yGvDnDRWmiYfk2VQI9Be7do4ciMmAR4eOVXD9F+n+cdJjJtWwgdWCXKk1KZsYTNMubMaSOL0fRdROQUpqDaLsf9S/uVlqaXOULdw+qBxOJIWPqYBRdNxFWh1UyudMmQOS1sRyZ8CKReQSRkpeEKsB/8+f9DXDm85KKrk7ataUfYJTTPW0+v4jw61IOvR9232Bozk6FADnHjecX0p1wWRJ4MP0nmOXcg04tTYjiDsOZwGWJww3y3BhUHWK4Wh+rwBX+3yCWlo7Ixj3iStHVq+W4aA/BVZYtkH3y4lRPTofFapVAEqhsQdWj66ER9Siiyxx/QXhGlmDAbTOldE16C90DapZvgY/cTAZQEfs+abHAi+CztdtQvGQK8mYNVXqaD681fN8MzlprACmTBmLAzdPl2Ax0bwlyNquQwcWk9cnN0HluHOvybgThGpyPge+fBU95DlrWHULtPzcqeqP0p41zqu5ESUU+Nj24FMXZRn/S0D2982dr8dfH98jx0nO9+Oxt4/GN28fBbfbEe3mGq7bU4ts/egM3LhmJL31gQtcexE7NvesZvM4SZo4Xv/neXHx60ch+j4J4w+sIrv0IEAvAmjECnonfhqPoyn4f50L7wMVAd4E9sc0HWzD/U8+iubpTZXLcCALQLci/eoysbGkrQwPSRCSGmqdZCqxSk4bZTyC9wNAOLFkyTdwK6BtHcV16bDWvO4xGTmRSzzKyJQaqtiBcZTlicZI6KE9Qaa0ECTDAvQUk0OOmmkT1jiBSxqv+nyPFLc4FBANQALr9zf0KJUkgicwfNH/lNenIu2Ys8uaMgCPNjWhzADXPb0Ngy3FVzpLSpkFriCeRO5dBfgy0uC4k9dNaCFg0WGKpUpYMl6xGpGyVZHTWWOZpdCn7Nkh4KjE9jjHuEnFu2xmphtNif9vFRt3pg6thFjzHFykSej+zzJPPnhSDHKsP/5f+Y4yxV0pJUpMZXGU6Sd0KG5JwWDR4rT4gCXwqei+ecV6N5LotSkKLiwyT/N8WgIsKI++fLdqVCl1p9PGyU2XRVPP4RuhRw9jUDHIjilB+ywyxgtKSWpeOZIBiyQw4lKA7OchxQcUgZ7Wg5KbpUmoPN3aI1JhorJKiYCziUijtdcM0Ac2wFN9lmMseIxd0WWlo31WF2ic2KGCKSVloC8IzJB/lt8+GtzgLbTtPoPKhN5WijumMQEBWQwBZOR6s/8fNGFHyVmDIjx/dja988yXVIkixA/UBqbjcefcs/PGeOb0OqD3H2zHzE88gsK0emdNKseNvSzEgv5tovvtEOybc9Bi05jAGTS3G6gcWoTyv/+XHeMNqhHZ+F7r/GCyuPLjHfQ2uAUv7Nsgv0L0uBroL6ME9u74aH/ryi2hvDigiODdqVjrtKFo8ScjSnOAZrCJNnahethmxyhZVxjFBJ5L5xJE5axiKrh2r9P38YVnZ8mVvpN0NncC56jSzpSg95xJIHVeG8punC1CFAISODUe6Yf+9EcEFdBKVz7J8VDB3NGxOO2wOG0JNnah/bochz+VWk5rMssr81U4NymvHIX1kiZRgQ/XtqH1yC8LHmhStgVksv9Nc2S+ahOwJA5CgcWc0fgYXcB3WeLqQu8MDnkMsf6tSOUmYepnnPiCkeqonUeTIEHpBU8IPGxVZ3uZGtRR7oBQpB/5LtYTIrTvHjUaqtVouxtmP4dmMbyDdEkYQHsR0/kZldUlY4LbE4LVEsCs2CD/TPohVjkuQfG092l/ZpZ6V2TOTzCdPAhadwJnJSbi0WuHK8qJ9VzVqKUbAccBsnc+3XVlCld04HTY+R5tyzGBZM9hT/qtrTJmVAdXftaa6UbxwAnKnMZMLSDYW2F6pgiMDUJvyuOM52Ww2xPzhbhCSBDmbvCMkktet2KbAW1KNUCawnhHFKLt5GrwlOWjfWSkedyLtZfJM+R31AaRke/DiHxZj9si8tzyNupYQxn98OVoOtGDh9aPwxVvG4PcrDuDRv27DXZ+djt/fPbvXp7fgay/j+ef2w1KUBo/FinW/WYDxQ9/qK3f/sr34wlf/JfSYBTePwbM/vOqcRkKiaR3CO74HrZPvegrco+6Ga/hHz+lYF8KHLga6C+EpAXhiTSU+dO+LCHdGgRKjyc7+GukDSyYjfUiBlGbIPQoca1KE7kYT/WjAH5klOe0Ctc+bPQxaNCnKIOQNMcOqXbENvi3HunUheW9YEo0nkXVJhQjfsud34qE1COyqVKtb9gZPF+Q4wdhtyLtytLgjEBjAUmXwRItoasYJ/eYxTAFogmSCEXiHFwlMnKoVLJcGjjfJucUF7m307zhhUvcwPwNFCyYgfVihBGyeX++YfjVZWmIZItUVHvwU4lkHYI1kiQjz2YAmfR0mRFhGdGpWAm6L41wFtd7ydeTtWZNOeA9+ALZwoSAyz2UTN3LdjSotHz9L/QO+kPJ3+LVsxHXmbyy1KmNV3os0qw+/CyzGjxMfgs+TDX31m+h4aWc3ad9QwPEMLUTZTVNF2V+yaMY4BpIML9q3V6Ju+WaVLbF3FVd2OCkVxSi9cSpsTodkWwQhiTIKFzFi0GssYrou0kBX+kKwelwouWkaciYPEvRkFd2991Cayygbsuc3rBADbpkBq9Mm7uNdmT37fw47HJketGw4ggYGOZEEcynQSmcIKaNLpL/rLcmG/1gjqv6+Vtk6mfqs3L8jDJsGPPXr+Vg0+1RC+APPHMCnv/0y7JkebPjjEkwenoN4QsNr2+owfXQ+Mnr2yI1rZKVm5idWICm15TiGDc/Fjj8thrcXfczLPv8C3njhoLx71147DH/5+mUozul/Zpds2YzQ1nuh+Y7R/h2uik/APeKucxla7/nPXAx07/lHBPz1hUP4KFdxfMnoCM6XkooTRRlSXqEoMVfSjjSP6EHWLtukvLkIj+bGQNQRhMXrFiHnzLFlMkkwKBDuzd4cV61hErO7+iJKBYJBqHDRJAXbbuhA5YNvInyMckdGgDod1qItCGuWV4ACGTRZpdKJ047WzcdQv4IgBgOpZyDypFSp6ci+rAL5l1XA7nbIpET6QN2Tm6GRiGtSFjjJtgdBPczSG6aJDJOg+4yF/6mPVFnlWKO5SKQfRWjoY0h6m2CNZhrlurOxx//Ng8RwO/AeXQpH21hoDsqD9Z2yoPbU0axnoCOZii+lPIEfpf4FcdgQ1L2I6HawL8cgx6wuw+LDptgILIn9DFGbG/qLr6L9jYMqo2G5WO5/CN5RxTL+mJWpnhxkYcMyc8vWE2h4apMas1zMsOxHo9WJAwR4YrUezlZkAAAgAElEQVRZpS8XbvIpj0AuYsi77I2Swp9RICDFLRy7zHFlorBSSW3MXVWGOo8yPnUNzMXAD80RHl6s462ZHMcfKxdE6zY8v7O7r8xzawsiZVy5ZIEE0viPNaPq4TUqyJk0A15LZ0QC0eN/WISb5gzsdWB89Cdr8Nffb8LsRSPx5i/m9WnwTP/Mc9j05gl4itMRDsaQ5rTj6R9fjSsnFZ/y+UN1Pkz94JPwvXpM5oM3Xv0ILhmT36fvOXmnZMduhLZ8Dcn23bA40uAc/AF4xt17Tsd6L3/oYqB7Lz8dAD95bDfu/e6rqlTEVRsnmbaATPIlS6dKoDJBHU1vHETLy3vUC8weFjf21jppWpqDkqVTFKeOZFnDSoVINcn+TM4RsytDyNmelSbZYt6sYeg8WI/Kh99EvKZNwbYN/7C33D5OSAaSzknQyeKpSCnPFlcAnqMqi5Ifx/Mz0GkMTnSWpgblteORM32w7E9rlFYBqewBSBInEZlVQHEoiCF9ymARbyZS74ygE1Xrk/5bPGs/QkMeg+YMwBozSr/v8eevoocG3RqD98RCOJonGzSDvp849Vk69RSkWsP4hvcRfND9kkEEt8CnexHT7bIW0i0W4c6l6EF8Qb8Hf4gvhGflSrStOayCHLMLlvlaA/BOGIjypeRb2sWeRjI5p12AKE2v71eIWBK8icLlmO0IIXV8meJoup3SI/MfbEANjX2pi8lFTG+bcCLDsGemouyWacgaN0C4blXLNiBEGoqMRShg1YA8lN86XWgNgvg00ZWaDqvbIT3oxtf3o+XFXaosT5RnTHFOUycMRMmSSfDkpiFwogWVj61HvKpVBV+OUZYrA3HJ5n79w6vxmSWnB4LM+syzWL/qMD7xmRn43ednnfVB/fn5Q7jziyuBLDd++JkZWLWlTsxXc8fk44X7r8PUoTmnHGPlhho8+tguTL9kIO5aMhL2t6FjmfQfRWjzl5Bo2SiUA/fQD8M97itUBDjruV8oO1wMdO/hJ/X1P27BD+gIzhcyw6VeSn8YqaNKULJkinIQENFjKxpe2auQlRRPNj3XOCmxVDSyRJy5uVKlgK2sujM86Nhdg/oXtitItWmuagQ5KlQQHUlJrtZNx1C7fAsSFL81S0QnZ3IMXgJyiYpBJpVVaKLJGZRk9brnt6n+Cyc+E3VmcN4YhOkJl1KWK9Y//Ezj6v1ofXWfCvAUg5aSDg00NeRcNhIFV45WSDr+7EzyI8zkYhmI5exEaNijAuSwxNKVsPIFs1mgOTpFKcVVf6loYPZn8+teFNta8GDazzDGsVOEnIN6CuqTOSixNQviMqy7YbdoSNVD8DuzcEvga3jlKR/0nTu7nxnHmi+E1DFlkkkzKxNRbPINCWTyuBTtgwhalh85Dhnk/BGkTx2MkoUTxQ6HAZWVBxHe5sLFFOnu7aIoD1eYjtKl05Exskgc5dnzC+yqNuxyWEpUhG4iPp3pyh2+G12pC9iF46de3pEDajyZmWlHCOnTh6BkwSQ4Mz0IVLeg+onNiDHISUXEcCIIxoGmAL7+1ctw30cnn/H2X/755/H684fwsbum4U9f7L0fZx6gujmIaZ98Fg1bazH5mmHY8vtF2HqoFbM/8QyijQEUDMvB/Z+ajvdfPbQ/j7zf+yaDVQhvuRfJxvWwuLLgHHQjXBWfgcV5AS0Iz3DVFwNdv4fEu/OBLzywEff/fC1Ae49MF8DSXSiK9GnqpWQwYMlIoxnk45vg38memQnHNoJCWJmkUq2fK9IEe3oeJ+wpTrRsOoYGqjswA2Mj3pQwCkYEdMKSo7coU5y5CWpBF2Kul1qlKcEUSyBz5lAUXT1OACuc7IKVzcI9EikmghHMflwkJpSA1HGlKJ4/SSgNNIhJRhOib9lJzUqvoW/Jr+wMwuJyiIRTzpTB4kumESRzFo0tazQb8ezdCA5/VFwHrHG+uBdSkFPjTbf74a65Dq46BjqWLvu2UQmlVc/ACFsVns/4BjJsLdgYm4i/RK7Da7Hx+ID7Fdyb8hjselLKmBmuAPbEBmH2Q4vh20YUo02hddk/DUSQPmUQyq6fIhk3nwEzQVroWDwOyb5FIo7ZOjMmPh9fGOlTh6Jk0STYUxySrTetOYSmldSt5KKMSNte6AO8PBrj5qRjwO0zkVFRjFBtByopAM1eHgFW3DpCUq0oE+6eF3EKKps0OXEFd0kJnAu1zg2kLLjU9ZBP5+f7NFiEBVhuDTf7UPXIekQJ4DIzTC7geO2Vnbj7i7Nx/1kcwnlKd/54Df78py24bHEFVv/89GarCU3H5fesxNoXD4ts39o/X49Zo1UJcvn6atz01X8hcawd8Nhx2w2j8ZuvXYbs1B4c2L4NgT7vpUfbEN76dcSqV8DiyoQ9fxa8k74Pi/vcyqJ9/uJ3YceLge5duMn9/YqPfv91/PVPWxRHLs2p6AOhOLKvMDhySU36G9H2EGqf2oTwgVogO62bc0SEmM2KgqvHIe+SCiTDUYFXE2lG2kHDS7vR+speNRmZjXH29BIasi8ZgZIFE2DzuMVrjj5yIsrMCeJk0i4vzIR76wC9v3JnDpEs0+pyCOKOzgMaS1OmPBdXyAQIQEfO5aMEiUnLFckOoglU/3M9Qvtr1WqamZ9kmGHYs+k8MAVpQ4tkxa4zuzU983q9wTqskVwkMg4jWPEgNFsC1hh1C98Ggbu/D/K87a9Dd4ThPbb4nEqXPA2CUCpslRhsa8RrsQmo17PExaBdS8NHPKvwm7Rfw64n4PDacLTVg4k/vhb+aBqQRcsbRS1JnzkUpddPlWfCIMeAItmSzYK6lbvQ8fp+tWjizyhe0BlExqUjUXLdeMn4aAvV8PIetL22T2VUvQY5Q92GvLxBLEXOkEw/yEzrsQ2Gy0GqWjA1+0W1pPyO2XBnpb7VbodBLt0jfegaojJlIehV5VdR9Ykgc04FiheOh93lQKTRJ3SZ6PEWpYrCYWIGuYYAPvGp6fjd3WcvQ/Je/+bpffjsd19F9qBMbH5gMQbzPT5pSyQ1fOwnb+Khh3cA6S789Etz8MUbRr9lr8dfPY5P3Pcq2tvC8s6MmDUA//OxyVh6yUCs29uIYCSBa6eWnrdRplZUCYQ23o145XLoDicc+ZfCM/F7sKaUnd/veZePdjHQvcs3/Exfx+zslu+8imWP7AbIn6GkF4OWpqNg3gTRbFT2NU558Qm3F3NL01iUb2d7CLZMb5czt4BOEklZsdL4tH4ls6WejgXMlkLCYyu8dizy51Dp3IK6VTvRwtIha//s9/UW5HgxvjCsGV4Uz5+AzDGlylwVQPPaQ2h+da9arbNcyY1lSRGaTpVSpSijRBPSOwk3+lD35CZEWDIygS5GkKNlS8li9k9MBfyzqCVbSCFIRdLdIkEu6Wo3enIXYpAjjkY5j6eapHEpXfYdjMIeHeW86EUX1x1IswSlF0fwiV/3oE7LxU9zHsLd7r8ilkiHw6Hj6r/Oxct7BgKeTik9ZrMycNUYlclRM5RtK+HRQRC0vm3HFXqRmTwDSTiG7DnDUfC+sQoY0h5EzTPbENxTpfqtLLGfonZigF/bg3APzkfpjdORNihXgCE1yzYq0e7sVDWWmMmVZgmwxZmTqsxzu7QrdSmb0zCVYtNBAla40OJ3UpQgEkfOFaNQcPkoqXAQyFT1z40IH6pXwBZzAcfFVJ0ft98xAX//1hV9nikYhC797PNI+qN47KfX4JbLB5/y2ZrmIMoWPQyc6MCgKwbj2CM393r89//oDTxK0rnbDrSHgfxUTB2dh33VnQi2hLDpwRsw9Rz87s50MXoygvCenyN+/FF5fe054+EZ9TnYcqf1+R6813a8GOjeI08krum48av/wopn9gOFRnZGuLbDJqogVFxPBGNiRuo/2mg08UOGVU63xqOzJBtlN5EDlIVoW0h6XhTJjQciqKFm5YF6FbjMiYaSXBkeUZjInjxQMr/aFdvRsfaAmpBMa5ye98nUi+qgx1uaeLxlkN4QT8jkQhJ4x7pDqhciyulG/y4YFR3E4sUExWQqzl+KG4GqVtQ8tUnpH3I1zZU0df38YaRNHiRBlNqWsbM6D8iSVLzhuDHIxTMPwRohz+nCK1eat1zI7NEcpOy/Q2yD+O9z2U4BNLL9ZNXQ6i1GbuNBrM2/B+nU+U7R8L+rx+Kev08FbJ3IvnQ4ShZOkvGXCEWEo8hsiQGvdjmDF813WRJ0qEASiiL7itEomTdeKg8UEq9fsV2hdcWhuze1E2MME2g1skSI3p6iDNFQrVq2UYGgTDuc1qByEriDPTlDhUXcytVQo9xYtDUoruCR401qvLM6wH5uKIbca8cj/7IRsNqorxpC1eObVJAzy6HSb04C1Z1YevNYPPGjq/ulRdPuj2Hmp1fg4MYa3PuFOfjRx091MognNXz7wW3YfbgVn7tpDN43ueSUR7pxfzPm37MSrf4oSorTkOZ14MDuJiWmwHN027H+0VswY9RbeXznMjZ6+0xk328QOfBLEk9g8ebBM+HbcBRemCoqFwPd+RoVb+M4/mgSN927Ci8u2wsMzgZcNulPcOIovWWG6DtK6THNjY4dVUIFUGrxBndI7G7C8IwoVMTdNI8yuKQhZnYqInVEqW3sbrCTpMvMqz0I1yCunKnlV4RwXbuszv1UpjCD3Cn9k257HfeIQpQuUchPTn4MRLXPbEFwb81b+4Xs1RCQMH2I0uCkakswKoosHftqUU1lChLZTX87w0mBJPPiBRNkAiPXipJmZ98ssIVzEB74PMLlK2GNELFGWN47n831how/+/mebQ+LyH452iuQevAD0GzkhZHr9jY3Uay2wp2TgqYDrWj4+24su3UFbphdDSSt+OW/huDzD05B1vXDUHzNaCSDMSTDiohPQWcunKofY5mZfTyWEo1AEokj+0rlEchMvYOE8ac2I9HsV4sYCUgn9+QsCh3siyB1ZDFKb50pJq0ErLBnluRYZpbPjRSC8lyUvX8m3LksVxJ4YhqW0zbIIwo6lY+uRby2TTl0sCrBcjm96hZMQB6FyzVdeKdVcg213aIKPBjfraNtuGbpaKzqIz3g5Kdxy/dew+MPbsOwywZi1x8Ww22qEvXxsYWjCUz95Ars3UIXeB2P/Go+Fkwvw99WHcbLm2tx4FgbFl8xCD/9RM8s67T8mj5+66m7RQ/+HpEDD0DXYrA6MuEedy+c5def8/H+XR+8GOj+XXfe+N7GjggWfv4FbF5DceZ01Xtgec/rRskt08QNW4slZdJoWnMATXTPptqGSR8gqCMQRfrMYSi6bjzsTitinREJCizpCHl82UYkqKYik4WxWg1GkDZugCi6Sw+kpg3V5NJxZWuCRnqbkGK0PIkjbUI5ihdOFMknHjNQ04raJzcjzqyMfRpRLqE8meoX5l0xCrkzhyplj4QmztGt244rzUSWiMygbezP/iL3Z1/nLRqFZ3xeRFRmIJF1CKFhf1eucMkeuoTv4LMmUTzMycBiEccCAmvOy2bRhTfnqbkK7qprxAS2LxtpilJeNBKdt3zG8JJz5qaqQETeZb0Dt8+rwt9vXwPEopj3wCVYmX0DxiwsRSLULYZMtG6sLYiqJzYieqJFoXA5ZpnJxRIomD8eBXPHQE8mQbpLI+kuzI44XnsVFoAikvtCSJs6BKVEB+ekomNfDWqWbVZ2OWaQo/M4BaBvmQlnuuktaPj+0TYo04vOQ/Woe3ILEu1+w4aKYzAq3104f6IxBhUSuFpcOarfGuQoT1bnx9yrhuK5n18HDysf57A9uPIQ/uvLLwJOK35876X48s39E2Ce9+UXsfL14wKEWTRvBJb/4Kq3FKv9kQTSWM4UmiwL09JUNBYS8lOly6lkEs7hCro/Eq98CuFdP4KeIGLbA+fQj8E98pNv65jv9ocvBrp3+473+L7Gziiuu+d5bH+zEijOULNSRxCO3HSU3jRdhI85yds9TtS/ug+tL+/udgPncTi5JJPIZb/h0gpoSYWEU8RYNzr21Ir3nMZgyOBDyDc/E46JBFjxvPFwpLrgP9osqLRoNctDvSlTGI15fjYaF+HogitGimAvqQqdB+pQv3yrUqU3BaD54rEsmuZB4YIJyBpXrrIym0VAMU2v7UPTv3arTMDUGKRGp9eJwnkTkD1xIBKB8FvV5s/yrBjUdIuG4Mg/IpnSYNAIzlPAOct306Ugy+aVANeWCImg83nZjP6c9/D7Ye8cbFALTj9xmcmNL6bDYtGRYrfAZjHtU5V4AAFJ5B+27ziBumd3AEmaumahKMeP7R9/CgWuTsw58l3sLZ2DIq0FiZimFk4ZXoQaO1Hzz/WINZguE+SXKTeLwqvHo+DKURIYG1/eqzidLH2bmpgn3xDRQVW6q+lThwj9wJWThva91MbcoGgvHI+M2r6QkMHpjOBINVRYjOywiy6zqwZ1z2yBxhKlVAcsqsdts6L4+qnSQ2ZGmozFxdk8xMoDx6tZKWDPsKoDl107HCt+di3SSW05x80fiuPSu1/AjteOw1Wajl/fMxt3Lji70zcVVG6/bzWeWL5Pzn/85BKs+dV8KVuebtP1pIhkW0DqhhJHUKV6q6yJTy8C3vcMMF75NEI77qOaK1UB4B72MbhGfEIski6E7WKg+zc9pWZfFNd8YgW2b6wGBlKhg6RX2pywwT4DnqJMQYyR2M2sp2NdD9Iu9xXVEhuKbpyK3KmDEW8LKGCHSwkz0yusbvkWVaI0uW986S30nRstjXjSDDr31YluZbKVpSWjEd/bhES+VFJH/nXjkTd7uFopWm1o3ngIjc/vUN9jlh4NUrtzSAHKlk4VYdxoW0CIwnQVqHtxN9rfIJ+JkyDd0FUZ1ZqXLtJN3rJsoUIQin42+kDPU7XEMhEtXo3QoOWwScny7a1k+zo0GNwSuoapngHwaRHsizbAZbG97ZU0z19zdsDZORzeg7erSUwC3+k3JkcENX1pvPIqu39Xh2A+mJiwXMdFE/mXDa8fQAsh/uyryUKDGpFJzBxah2ELR2JN/lVwRAKysKFsG7Ml38F6oYqIX5sECFV94G0uNk1PG6ixuhF+ak8ywPVmsSODh31YRf7PvmIUiq8bLzqoDHJEV3b5GnY5CRQIzYALM6EQMDgJEZwkdTdaNx5FPSW9OHdzUceNOrAuB0puZJArgx5LQNM0KVcGKRsm2pg9ytonOjDjikFY9asFyDgPrtyb9jdj5sefgdYYAHI9+OytY/HV2yeg6DRyXURi3vztV/E0g5zNgiGjCvDKL+ZhQMFp3ktzGEigM2sIia5xJxUNC7M+Zr20J1IZH+cUtfTh+0GoUt9es1jtiwjv+gH0WAus1EUtXwT3uG/CYjvZVKivb867t9/FQPfu3euubzrWEMCC/34O+7fWAQMy1XgznAEoceTMShEQSTKSQM0zWxHcfkK9lKzzG8ojzJSKr5+i5JDaKOeVEKi3zetC46t70fzSXqVMYZLHmU05bKKOkj11sAz6tq3HULdiu2Gd0m0x8pZbwgnJHxa6AD3ksiYOEJV5La5Jaar1db6UBkmd10F+UiCKlDElKFk8BU72C9v8sKV6ZKKte3YrfBSDJn1ASLsJCXLOgXkoZVAsyUacDtC8zn7EKQJQqOwfrPiblPcsCU4O7042x/ulvkn9lxY9b+ubzQ9bNWhOP1IO3QJH8xTo4jJ+5i2U0OGyWfD3ufnwRXXcvb4F/oQGD6kAqS7RfyQVoE0WGobNEb/PH6RIJWzXXobUcQORr7XCloxBtzmk70WqSN3Tm6Gzf0qYPjeCpew26SPnzRyGwNFGEVgW01MueszxevIpc0yRlxnTkHv5SEH7MgC3bDyG2ic3QWdPVwSUlV2Od2SJVDgcKU4lNWZkcvQxtDqt4kIu/D0nx7sx6XJhlZOKsptnIHVIPvRIAslEAtVPbUFwR6UqV/YMcsfaMGnOALz6xyXIeBuZ3MmXunJLLW795ivwnWhXHo4jcrFoVrlQBMYPyUZephuJhIZNB1rwvYe349WXjsqicdC4Qqz66bUY3hcPO03pk6r7klAWSJLFc3WjzsiCOHQLhRfU6GSwM7M+yfi4aOnD0jDRtAbBLV+BHmmBxeaCvXAuPJPug9VxlmB8toH7Dv/+YqB7h2/wyYenl9x1n30Oh3Y3AhzEhtCtZ3gRSq+fDGeqCxabFZGWgIBOItWthgIEpbmUGaSzIBMlN09HSkkW4h0hKVlyEmNZpuGVPcp9gCt1U2HeH4YzPwOFdNweViCn1LazSsqNwkfjir430q4E1TDs+emidJI6KF/eCaph1D+/U0HKBdFmV0GJKhfxBLLnjEThlaPkZaKoLsEL/EzN8q1KHcVEwTHz6wwhddwA1e9Lc3cTfvsR5CS4xDIRKV6N8MDnYI2SFN7PA5yHccDyJb/17fZEzCU27XlsgTKk7P+wKj9ZyT8883WZq3MGuxBLjhYLrLoGW6pb5sGa57bDt/Gogbw13OIDEcmKipdOQ8bwfOnxUrKN0HuWOFs3HkHDCzvVHZKerLKGIjeu7NYZyJk+FM3rD0uZXOS8TLf33npyzMTYM9M05M+bgPxZw2F12UR9p/75HdA4hsx+XkdQBJrFysftlNI3MzkugpjZsQ9c98JO5U0o1AZzIRiGIzcVJTdOR0p5jpT34+G4LBpFNizDrYKcmdTU+zB5Whme/dl1KMrtvzjy2YbO9qNt+OZftuL5l48qxKTdCkthKgbmpyIvy4NIXMOhqg5EWkPSrx47oQhP//BqDCk+lX/X63dpDG4UM7eprI12v8a9t8jPmckx6BkgJv6769mwasTPWJTjh3yef55+nCVatiC07WtAuB6wOGHLmwrP+G/C6j0VOXq2e/Nu/f5ioHu37jSAfVUdWHzPShzZUQ8MzFK6gR0hpIwbIEGOZUcSp0Ms//xzA+J1RI0ZK09TLb6iCKVLpkjWF283NSsVMZZ9Nv/m492cIVFkD8JZnivZEj3kGNia1x1Cw3M7uo0ze0XBkdgdhrMkU+xU3IUZMoFHO4LyPSEGrJ5QcfZpHDYUXD0GudOHyURJZCXPkzD0qkfXKVNM83qYGUTiyKDSy/wJ8pLFmSGcRemkt8dlSTqlrBes+CsSqdWwxlkKvnDpBOoadejuNniO3gRnw0zoTmZzZw/eZo8umNDhINTeZoEzM0XRS57ahODuaiDD4JSJYWoQtrw0lN86EynluUK6ZjWB1QGr24mm1fvQ/K9dgN3e3Us1PkPJrYwRxaijsAA1SUXO6wxlLJ4cdTGddgGG5E0bLD1bqvTUPWEKQHsUeKUzBG9FMcpunCZALEVQV8ATCjPTa5GmvwFmZwy+DHLics5eXo6U/zn2LLougM4udKX0oHvcx6PtGHfpALz4qwUozHxnS3DLVh/Hn547iLX7mhCs6VREfJHwsyiktdeBpVcPw2+/OKd/58IAprGkzchthy7Bin9nv47lbpbRGdxOKntL8FOSexLz5b6o0qYKfMYCtpeXLuk7jPDmLyPhOwiLzQl76iC4J/8QtoyKd3FG7ftXXQx0fb9X57znH57Zh2fWVePNrXXws17PmruU7Ig0Gyw6lDa7TXongWMtqHxkPTSixkw4NsuBVKaYMUw0Lq12izK35ERGbb9wFDVPbUFIJjGjxMnSUEcIXgbRxRPhpPgtgKbXD6Lphe0KFdkbEbynUSo/u5RGqdQKtIh7AQOWICslYBmu4/QgS3NLQEyvKJbykjgj5KSKL17VYxsQI9CF1yPiuCrzy33fGBReOVoAN0JCPocgJ7w5Ii2z94krATSasV4YDfLTDijdKuVXp28ovPv/SxHGz9KbO/lYgklguTLDK/1bQUkeaVTPgDw2BoW2IBwlWVIWpHs7idMi9k3ZLLsNNSu2o3PdQRXg3Mz61WfsOWkY8skrpY9c+eh61W9lsKHKzumEBTiHGmIGJTdOQ9bYMlkMNa09hMZn6VZuVUHScKagSa8EOYcdMY4vGRu60GVi7SFU/XMDIjRazTEUdIxFnaeCHLypQrFh1kheJ8ngof11hhBBjyBX7cOoCUV46Q+LUZz1zga5ns9n9/F2vLChCkfr/ej0x2BN6hg2KBMzRhdg3rRzUDrRkrLQs2jSLTbEmI3MTEJY0qj2MnCZMFyzdMkfqXui0Jsqq5Ngxz7zGd5JLdSI4NYvINmyVYKi1VsMz5Qfwp496ZznynfqgxcD3Tt1ZwGs3FyL7/1hEzasrVIDjEonLJsI741Ct4NQulgJxLJc6TvSgNqntkDjqldQkjQuNZQcLhslQsZ8eeOGWzJJu0J4/ecGpc8n/nAWgf+z0Z85fRgKrxsPh8ch6iiUX2pdvV/1ZnoDCfQIcqmTBkq5kpMewQ2+/XWof347kq1GaYrnxuvwheEelIfihZOkv8ZJiedIE86wABPojGBkpl1yYYR6kwQ/VIxSqfZyZjmvMz0kC6yxdAGgxArXK6TlBb1ZoNuihKHAe/DDsHcO6XM213XZJkcu04tkdQsOPbpB+p7S95LnpjIfz9B8lN2qUIwsgYukV4obyVhClHH8dHI3S4ISSMJwD8nH4I9eJgHtxD/WKg6aKJ304gYuA9tILijOnJ+OUooLDC0UUEjjGwcVXYb9IWo4sozeSZGAgSheOFkWdElK03H6tVlEiJzOArXPbEW8vqO7pM+FYGcIadOGiLiA1WaXCpzw5J4wJfLIhFcZi2Q5VR0YO60Mz/92AcqyTtOfvlDGkRYXtC+DlPyXgUojUtZ4APy9BCz+joo0/CtXQvyL6u3pDGo6y5gWAZmxzMm/S//dFCKSfh8DYfeN0aLtCO+6D4m6lwWNaXFmwjPmHjhK57+n7t7FQPcOPY77HtqOb/56gxJjZgYnDt8WBdYIGfD+a8fJwCFAoH13FWpZvjElsziYDLX+/KvHoWDuKLGjSYSjUt60p3sRru9A7dObETWV1pktkQIQV5SD/LmjYLUSTp0QN4C2l/eqCYWKJafILxEgQPKdG2wAACAASURBVI5cDFmGdJPNQdSWFS3bjqOByEpmoZwsOeD5d38EqWMVn47qKwTFMGAzyCn+3mYkOoOKI2eUrWjKWXj9ZORMGNiV+Z17kKMJgYJdByoeQjK1Gpa4Ifb7Dj3Xd/ywFl0Cm7vyOrhrrhKyeL+cFkz6QLobvj21aFyxBTH2hQR5a3AoA4Zw9+IpsHvsiBPGD4u4W4Rb/AI6CR0xTFCZabGP3BFE6vhyDLxjDqL0gnt4HWJ1Zv/4DOa7BnjKVZYtkl4pRNSGYmh6fR9aXttvONnTlNUIVhMHovTGaZKdcD/J2A1HcN+herUQJNcyjahPGHJjcWTNGCKLOotMzhZVql22EWHzOsxyJcdujQ+Tppfg6fvnoZz+jidtr26rw5E6P1p9ERRkezC9Ih+jTWT0Oz4A+v8FepLi5qST2BR3lIAUI8uTrEyQlSxRGhmbGawY6yR2davKqN6dimyS3UkVUzMCoTGHGUHTPFNdSyC88weIVz4pZVI9GYZ37L1wDmVv+b2xXQx078Bz+Mwv1+O3P3tTBTjW/Y2at1KADyOLSLOrxspAIjy6bfMx1C3fqoJPOvenhqQyPSX/J4f0gY4QkoR622xw5aSIbFb1o+uRaPapchQHpSG0W7hgEnKmDpKVWTIeR92z29G58Ug3AKEryBndeBPqzXLiFaqcyBV0Mp5E02v70UIBaOLTKQLNgMVVdiyJbF4Hs0xa8fgjEoAJPCEvjyrzOjNTU1aJ9IHsFClvpg0vRLwtKKTi/vbkIgTeWAgoNQDSCTc0VweCFQ9Bswdh0d45dfd3YKicckjN0wJn83h4D30QsMWg9wGA0nUQTVfuFOkeNL6xH000F+UjZhWBf3KRRVuamUMlW+f4i/tDsNrtQh8IVrdKcIjRBNUU1RZx5hAyL6tA+U0z0L7tuIy7bteL04BbzepApzI0JQLXk5cmvbW6lTvRzjHFMjsBU5R7C0SQwdL8wokynqQnx/aS1wlnmhvNG44o+gDHLkvuXeMwgbyrx6LgfWOQJECG/njBqJi5ijYmr8PMbPgeHmvDyBllePUPi1HI+9Jje+KNE/j5IzuxcXcD0BgyFp0OuArSsGhaCb7/qekYVvLeqxgw0EigE4Y4qQZmGm2gLyVbYxAUwoqByjRAKwZ4qgu8ImhNlbJxX5YzFcLKDgt4DAZLPnNLd4Zs3MPwrh8idmKZID+pl+kZ9d9wVXz63XhtzvodFwPdWW9R/3b4rx+8jgd/t0nRBjxskPNtNUqQ4ThyyGGbOwpI6LB6HWhZexANK7arlS3LRAL1Dguijcaq5P/EfCFRR7HarXBkpMB3tAE1T2yCxmBoEmMZVBxWlCxV/Q+hACR11KzY2l2C6q28ZJYTyZGjPNL0oRLkEpEEGl4koo09GrcKcpwo+D12K/LfNxZ5lwyHFo7Lypvnxv4JScj0CxNJL2YRnJhYtspLk5V66sB8xDtIH+gfR046CjpQ4rWBwa4lqsEu4s1pSKRVIzD8IfWyGxle/57ae2Bv3Sr0AfYbU/fdCWskC7qTrulnB6DIvEO1fq9C7Da+vButrx9Q5UTDi00y/WgCOXNJ9h8FPa6pvqjdJtl458E61D6xERoRkUL6txpl8xjyrh0nCzPa8DQRmMIsj/zH3lCVZoYgQKsg0iaqEjiJ4BzHREl2kl7Cfh4rCyIPF0bmJRUovna8LH6oqSllVK8TVqdDsr/mV/aph2QqAkkgNMTOZw2XEqfNSxeCTtQs26TED8xFFoMue5KNAUyfWYbnfjkfudTm7LHd++et+MlvN4ifIrI8KB6cBY/TjqrGAOLVnUr1ZUIRln//KswY+c5oS57bKNShCxCF2RdRtpxCVCVGNnnPTP4chQE4ntjDNsFaDGsMaCbSkn8yC1THVWVM/ov7E9XJj7Lnx3KnAr2oPp76vujRhxE98BvoFCFIBOEYsBTeSfcZaM5zu8Lz8amLge583EXjGJ/9xTr85vebgRxPN7RfBIrj8kKTqF04d6xw3jhgWtYeQhPdjmVCYiBRHlz2PKWMklqeLaATwqklyKV70HmgXmgHOsm27MlxsvGFYMtOkxIiNSv5UjMbExTmthOGUHJPSLFxwkY5kX5dRQsnIWvCAJkoY+1+6YMEDzSoCaknf49OBUsmC9qOWRx7f3SLpmpG+84q+U7JHHhu4m4egmsAUZ/T4cpNUW7g57AxyCV1HeNzXOiMaTjui0uSaYmnI5G9F8Eh/4RF40LhPCmSnMM5ntNHjL6H7gzCknAh5eAdsPsHClG8LyhLCXLsiaZ5pJfKPmrnuiPdjuDcgRk4JbCuHS+2TUS3EqRBgXBy0dq2HBNLJuHIiTehVVUH4gkU3TgN2VMGofqfG+HbcuzM/Dh+F8c7e8TRGLIuGS5yYDRkjQdCqH1mmzJMZbAiSjIcFU/C7EsqJJDyvZCqBRXz09xIJpJCOZDvZWDlZ2QhqDK3wsWTkDWWijsRkQQLNvlQ89gGxJmRSpXDOB8GucpOzLxysAS57JPI4P946Sg+QIdvlw2XzRqAz1w/ClNG5CLVY8ehGh/+9sIh/HnlQaDejwHjirD2gUUo4Tv+ntjIiWOWloRFZ4nRlAEzSS4sQxrgEpY0BV2pJOq4P8eFtOyE/cngxSBm8O+khyeRTeKYTpCXSTbnMeV3SSPTUwISKtg9gsh+ikEDWqwFjrIl8I7/pvTv/l3bxUB3nu78nT9dgz8/sBkoTevm83ClQzBJNI6868Yj/5IRMmYYGOq56l6128iWHGrl1aJQcGXkyJXnINoWlKBFBXhHhhet24+j7hlqQzKQ0DqHhDg/HAUZKLttFjzFmbJ/PBQTzlpoV6Uq3ZxOLb4jBCvRkjdPR8aoEunlRVr8qF1G0q+J0CNxToFOSFMwlU5iHSSpa6JmYc9wo3XLCdQ/uVmBYYjSI3quIwzvyGKxUhH3gY5gv0uVPR8PX5yYVFJ0o3TJjC5duYcPWaZcCy64QGeF7ghIH8R7+DY4m6dAc7cYK+6zZHNG5Zni2FwQ1SzfgiDBIeyJ8plzIzjIZkXRksnigEHEItGOBJ3YqZDyGrOlPYZ+andFgZle+QfnwJWfjup/rFPOA6aSyOnY8Bzv0ldOIo+LuveNg8VpFa83gpLCRD4yAFHIgMGQVj5XjBK/ukQoimQoJhB3R2YKIm0B1K3YqmS60lMU/J7viGHGWnrjFKQNK5KSPpWAwg3tqHpkAxJU+GFJVAA5Rk+yshOXXjMUT/38OuScZFwaiiYw7a5nsHdjjcD7P/vRyfjVp6afMiv86ul9+NzP1gCtEXzxntn4aS+OBOdpKunnYXR1X1iyFCK4KknKyBESOOkCKmCpkqNaZMt+BsfOIBMYMgfM7jh2DPUUOsJLQDR6eRIgVTYnoBcVOrsyRAZRbpQMi+y5H1qSCkd+2PNnwzv1flj/TcHuYqDr57Dqbfe7frIGf3xgI8D6vUnSNvte0QTy5k9EPmWzkir7qX9hl1IUMf27DKi3d3ihqEywJyGZHN9Vyi9lpaBl4xHUP7NVDSoGEkHOBeEamCf6f+yNcTQSxVj1j/UIU53ClGnqjQxO4eicdJTRzHRYoVyW/4gpAO3v1qw0SlCpEwag5HpSDdyKa0WLFwY59k/WHVYyYHyvuFo3JMBSpw4WN2oCUATw0Cf3gTM/ELPdaYYAli6jeVsRHvw0LAmWSrmiPQ8P9d04BMuVTr/oc3qPLoWraTo0J93DOWmdLcjpojVK4E+ots3gXXYoGTe5z8z0I7C47VIdyBxVKgsN0j5EeSeeRN3z29HR5bptaCnSXzDNLaATSrBVPrIOWktQwfgNRZJebw1/R0K3w45iZloTBsDmtCHSHED1k0Q+GkGOZU+hl8QVYfzSCuFb0hlBqhbZKQjRtulJutK3AZmG9qrBkXMWZ6L05hkiK8cSOOkToepW6QlrNCgV09S3Brkr54/Ac7+cBzcpNSdtu463YfxHnlaAG9635gC++vnZ+MFdU0/Zd97XX8LKZXsxYEwBdv7fDcgwTYvfjbFypu9IElXJEiKvz5D00onEZIAyOHXM+MzfqZDYFaQIXjEIBtA0jiuHQmmyJEpQisVuyIZJpFRBTuJbNxFdeHom4dwom8brXkJo+zfF+cCSjMCeMxXeab+AxaXk6d7N7WKge5t3++M/XoM//WETUJyutBtZY+MLwz6D9BDGI2f6EPUiWXTUvbALHWsPqRIRSzEMWIEI0saUSiCxOR1KAYLoOZddFE+a1x1B4/PkvhlSW4YhaUpFEYqXTIVT+iUaYqGoIB3DhxsMceaTpOt7QL0d+WkovWUmUkqyZcB3HqhF/TPblDCzCUNnKSsYRSadEa4eK0E3FohIaYmSYCylNr62F02UX2KPkSUhkmCDEaRPHixO5SyFdpF93+a97u3j9GeLZ+1DcMiT0nC/cDh0FiXQrNvgOXIjXM2TBVQDS9+CHIW77WkeKRfXr9gKjVqkzGRM+HxHEM7ibOnzppRmC8KVgYvZEikgLHEGmPGzxMzStKjuKOFkUkXC1a0KaUskr6cX5RzzYZjBj33lVDeKF00WWynKzTEAsZccpQA0KxBS1ozBltREMzVr5jARYFYarXYxcu3YVYn653ZA4/tjUmy4cPJH4B1epBZbaW4lRiD6m3Wiv5k0KTlm5sHPNAex9PrR+Md358LNLLKXjcjKsR9bjvqqTlWmr27HDbeOx7Lvneq79uhrx/D+L70ot3j1n5bgsglF78CI7u8hCZ0kFYDrI9J0jDSfJHCRA1N0A5LFzd4dpcEsSMi/pe+msyfKTI3HITVDUREUEEVlgrr05RzyPksWZ/7H4jA+qwKg2plAFYJXgHjjaoR3/A/0eEDQmOTYeelYnlre3wt9W/tfDHRv4/Z97tfr8avfbgSyvWqSN4Oc4WJcuHgycpnJJZJIJjXlxExxZpYTGeTYiO8IIW36EJQunipq8+x7cYSIA0GKC01vHjII3nb14jP40NJk+lCUzJ8og5L0hCgdnEmiPd7S3Z/oeW1SXVCSXvTzKjWMLfmGtO+oFM8wmexM1CcnGqsuPZ38K0YJGCYZisr4poKLLcWJpjWH0MwATE4eJwkCUEJxZF0yDMXXTZASWd8tds7lQRhglJQaBEb9TaGiLxAwCgnh1kguvMeXwNE6WvXkxGfu7JmciGN7HGhezx7vbrVYMm2OpLzHgJWHshunwl2QKRk45yBHVgrCdR1ixyTIStNix8iWUkaVCC3Ft7cG7QSzEIDEZ3sm0Am/j8TzsmwJQqkDcmX/wPFm1DyxGYkWigsYWSZpDjYrBi+dJAuhYHtIsn8RmvZyPNGGapeaRHt6E4ZjSBs/ULwJWW6NB5SsnO9II2qYcbI9YParOUkT3VzTiZvvmIR/fnfuWQfWHT98Aw8/vAOg/Jc/itFjC/HSL+ehqAe/LpbUccf3V+OfK/YLAnnbQzdi4jAKh595++yv1iMnzYWv3D4e7rNa/pglQsN9QCS7TOI3QSJdfACjksiFrFJFkX6ZxsW1EfRkJCWhs5Sok3LA7EyhJ2Uzjy0oS0UOZ2AzO29SuBTSuMraRErMzOIE/MQMkZw7Zn/8PUuiCshCTIHCp6gqQbJ9F0LbvwXNd5QTG2ypA+Cd+B1Ys0ivene2i4HuHO/zXfevwx9/sRYoz+gmX0tPTjXYC6+fgpzpw4z6OVD11Cb4WSZiaYUraIJJOsPImE335okyOBKBqAwQZkvsO9S/uButr+0FXA4FVmFgDESRMUP5dpk9MvYzqh5Z260+0qV+YFycGeTo3jyiSIRu3fmZ0KIxNK45iGYh7bIkasDQOQF5iPqcInY5onQSS8h8RyQcJZnqX9qD1pd2K5AAz42Ah0gM2VeOQfFVYwTswJ7L+ShXnukRsS+n2wPwj/6TZEiWBEEIp2sinePDPm8fU70Mzd2mNCyP3AKbvxyamx5zfQhy1HhM98hzqF+5A+1ExIpDgEH7MBR0vGPKUEZ9SI8DMdI6OJ5SXJK1i4i3qUfJbI1BgbzOGUOQOXkQml7ag9C+GkP55jT8OJnwDIsdStiNLkHJ9VPhzk2TxXzb9krJsqQ/zfI5N9GptIqTQPakQXJeLKPSToo/r6NDBysdDK6ip6krTcxwDDnXKB6pHk0IYIVZKTM/oiu7grxZruRiq8aHD3xsCh7+5uW9PrnHXz+OvHQ3rpioMrLDtX7Mv3cVDm+tVd/fGcEViyvw6v3zjN/78KmfvYmXXz8BeGy45/bx+PmnZnQdm32+EFHK7WHE4xr47+MNAby0rQ7/x2qPw4Ztz30QE4eagdHIulTE6UJM6iLRZToOJIAkeYQ26Oy1yW4KeKJoBOYYZ3BRYBQZGBRuTkag65xLXKpPx88JgZxhzA6LcOxU186iEajEgOhWYJJkDJpuF8k3Bi9mcpL1yXH4P0M2TBI3u/B05VyM05GsTgArBtncQGOKZNiWLyPJYCdzXAY8k34Me/6s8/Z2nXGe0E0Cxbvydf8ZX/KFBzbi/l+sV+hKU/ZIenJxyd4KTCsbqpiE45ItBfbUqIyMAshCzI4i5/JRKLpunAQE/l+4rm6HZEyNr+1DiwQS6vg51KRBesLcUSi8eqzsz0wu1h6W/oQoRZgGlT3neZ6XKLFQU7McJTS2zEqRchGVUkTFntklX3CD3GvPTkXRYiIri6SMSqNUjmTR4nQ7UPfSbrSvNmx2OCkJry6B/Pl0bx6GZDCu0HPnoSd31hGjW2GNpyI47DHE8rbBGmX9/z0Y6NiPs0eg24NwtI6D98QiUXGR8qU52Z3uYnk5zMjSveLRV7tiOwI7K1UWZzpXc+EUTSJr5lAUXjVGaANcoBBVyey7ec1BVWJmOcqE6DMwxpPInjEE7pIstKw+gFgjy4wGwf9MoBMRPoggfeIgkbBzeJzS32kzzXQ5Zszv8YVgcTqk/5xeUaT6tQzaaW7RTq1ftRNBii2baExO2AxyNitowMsxxVIl+4os1xKU1fDsNtUOEAEDo11APl5jAHfeORl//PKlp9zN9mAMn//levzfP3bCWZyO9Q8sxCQjKzvRFMDOQ6341+Y6PPDnzUBUw5fumYmxw3Px5d9vQsOxNthzU5Ce4sSHrhqKaFzD8XofgsEYOoIxdIYTaOuICPI1pumI0/k8rO7v2EsHYs0vFyAjxWGUAA0kpPBZWRJky4PvmJLvkmAm5G/+XsH/FcSff09C01iONEqNhjQan6v8nB6RRvCifQ6nd8V9Y18tCU0yM2rDqoDFn0nmJ4HUYVQeGdH4dwZIljUZfI1ypkrrYGVAs9p7yJgrcIvKDpUCi5yvFCgUMEqLNCG841tINJMznADsbnjGfQXOssVnfc3f7g4XM7p+3sGv/XkzfvjTtarM0RN4QrQZIdzzJoiau8SXUBRVyzYrDUrRebSq3h1RaVePRf7lI1WPgqtQi0XKN/Rrq1+1G20sHZHrw4lMkJtEso2SzxAdyf5d1ECzxepYhupFdV1OQhOeEh3BS9nfSPUg2h5A/Qt0HzihgC0mfYB2OaXZkvF5CjIUSlLeNRKRHeInV0uy75oD6nMM2jIhWeS6ieojfYCu4P3J5MxGuFHg7yKs9u3R6LBGsxEtXIfQoKeFV3fW8l/fDnye9lIrXoJOCJRxNc6Eq/oqKbGqIHf2UiXvJfmT4fp2cQiIUO5NiNDGZw3XiIJ5E5A3Z4SUmMltpGQWj1//4i60rzuknhcXNHyoBH847ciaRtd3DW2bjkIXUWYjcJzu6vmdhvtAzmUjBUnM/horEs1rDimeXRddhoCYMOxZKSheMkWoLyyj8pIJiAlWtaL26a2I1bR2A6d4bjTsTfcI5YU2VJQvE+BNulu5lothr0VlsmaQ43vVFsYX/3smfvrpU1GT1U1B3PSNl7BxfbUq0XtsePlP1+PKScVvuVIO9yXfeBkrnjmg0KFOGyypDnhcdoSIFOUOHRH1fyKMJdsyDP9M9wQXP+NErtOGkUNz8Zt7ZmPsoEyFeFT1Q7nnKstiEDCQjSahm4HHdBEwfybvIXtu7K2x/MgAZa7p1HGVs5VJ91a/ZDFSgVTo+sDzT8Bid6rvlhY+gSYJCYOa9PMUvUO3UGDeLsGT44w/U0ckylMFMIpXaAyCXQhO0/2AsdGggkhc7O6P6nEfIju+ixglw9jHS0bgHkMVlTvO0/vW+2EuBrp+3N7vPrgd3/n+atWTSzMyIAGeKKWQgsWTDMK1VdQZqmnwSHh0TqoR5KKSzRUsmoy8OcOlVMkSHzf2KZgt1Ty/DZ1vHFKBhCAAP7UjdRQunIi8GcMQ80eEMxWqb0c1M7lGf3cm1/NaRG6MZNwIMmbSTXwinOlu6eVVP70FQZNfRxCJqRY/qlS0N53ZKVJaMhvOKgDbUPfiHrSzlMrJkC813QZ0C4pvmIqcaUMQbw9IOao/aicspsRhQ4eWiojugscSRY6103ip+gKf1GFJeAWtGBzxEDRPKyzxd9eL7vRDiJNEHJqjA7ZIATyV8+FoGQfdHpbs7qxkcEPOiwGrfXc16kwdVGbu5kqefS+nTbwCsycNFFskGowSqMGFFvvC/s0n1BgRhX9dOG72jBRkThyAaLMf/j3VSuSb1k6n68fJhGUgKy0WFC7kwmaYBBx+X92qXSrLp56raabbFoC9IAPlt82CtzQbsdaAVCGIFO3YWy1qQEmWydlfY+AyeoX2wkwRZk4ZkCuLLXFE96geXjPtgrp89IxMjoG3IYCvfv1y/ODOKac8joSmYeJdK7DnlaOiVrRw7hBcOr4An1s6Cg6ThtHjUy9tqcPVH35SvbMZLrhTHPA4bGBBNSXdBZvNgtLcFBTnpYgoQ2aaS3h1TocNqW4GRRsKst0YWJSOCsNPTlzADZEEgeVLNqXKljqDlgQSBjDV6zLRxapHx2Cli9qIniQFg0APmkKp7MocCuIUTzCKxSZaohJSLXZoekR6aQCfLxGWumR2PA/+XxOgCfe1QeMxJOEkhYCRkOdERCr/tMMiYCkFOFEMPCUKLZw8OQh7dhSPZsZJoutbtTHlo8kwQtu/h0TtSlWa1aNwV3wC7orP9GM27t+uFwNdH+/XfX/fgW9+/WWgKE1lWnwpzdVtMonCpVORM3mQUkwPxXHikXXKgJLqDJxEWK6x2VBy0zRkjy+XF5glQQ5Wh9cpq6Pq5Vvg23RUvfhEcNJJ2WUTFFzOlEHCGaKxarjRJz25RIvBGTr5GsyGvC8s0k3F14yXMhGDI1FwYXLk2DvhipXlHl8Y6TOGoHjBJNhIGPeHVamCmZyoU9iFl9fJHooAaWxybhaPE8XXE2VXKshKKXH2JTaddL4h3Y3BtjpMtB/BvuRA7EkMRJol1GVf2nON2uvj0insnIFI6csIDXpWuYsbXKA+Pt53ZDcGX652nU1T4Kq5ErZotpjDKieCs2dyCnXrQTMV/ukGzjEnHDGVZYsre3aqOExkjCwxLHZ0uLLTEKxqQc3Tm1XflhB907EgEoezMBOpg3IRqmpT2SF7rL1xLc27YiLpOoOwZqQIkjNjRKE8by2RQO2z2+HbdEyV5hmEDPspqQ7cNB3uggzJygigYVWgZf1hNL6wQ6UjooNq8N1ENLpA+osuaqeSM0czYZcdtat2ov3VfT14p+S3WIDWsPQZv/uVS/CtD07s9Tle/51XsPzxPUC6Cz+5Zza+dPPYMz7vQ7U+LPnqv7B/Z4PBR9Qwf/4IPPLVy5FMaPLaZ5zExzvbAFIISLMU2b23wnsQSMK5QPXT1MhgpmhkcFZKlVmgJ4NGQFH2OQyeUkKEVQIUS5Aq6imQSle5UcqPCjhiVEFVOZGwfxUrQRkxi9UtmRyglGl0oeowvUsoxKVkacwoeY5WBULRkiprtJmAFasCwBji0j2zuZ73iNcd2f1jxI4/Sp4S9Fg7nINug3fCt7oBM2e7qf34/cVA14eb9ftnD+CT33pF6T0yyEmNwBBBjieFQpA3e4S8t9FWn4L4HzdFcW0SSMifK15qNOJb/dCTisnCTI6Dgvp/nesPdStaMJA47SimpcmYUkWMTSMxtgNV/1iLhAAKDM5Qz2swzysUR/bckSh632hY7HaE6tpR8+QmxCpb1eqewZeZaFJHzpwKFFw5UiauLrscoTc45LzpSC2yTZwQOZEx4Ka4UHLzDDFy5bn11xHcPOUmLQsLXBvwvykPINfegP2JCixovw91WjaKbW3wa164LVGkWCLyQvW+6bAmPdBtMQSHPYp4+mFYY/+OXp1RhLWFodsisAVK4W64FM6WCbL6VaVKY2Y5w7jrkvOyWlQfde1h9bxEPUeVjoh09AwtRNHiSfAUqUBC6DdBTEQj1q/YrhZCJlWEQTKZhKswU7hqDHAJLqREdu4MPU1Z8BhIzvJc6ceJmammI9zkQ91z2xA+2qiyOL4fhgOBl76JN04TWTL2eVl2JHiq4cXd6Nh0RJVReT3cWNUIx5AxdTAKrxknZXL28Qh84jWxh9e+/ogae+xXC4nTKuhSxHX8+jtXiJpJb9v9T+3FF/juasDnPzsD//vJaX1444FWXxRbDjTjzu+/juo9jUgtTsPPvnQJ7lp0bn5rIqdluAWogGZIbsm9N4SYJa37f+x9BZid1bX2e86ZY3NGM55kMnFX4goECK5Bm1KgP4X21i4t0FIqVKBoL6VuFHd3SHASIG4QkhCZjLsd1/9519rfmUmITBJ6L9B+zxNIZs75dH977bXWKxzjFtrSkLotVwKCVaQPZtwGpIzIsiUDHMvHJrhJ/43CztonT6U4bvh3BaNIgEsrqKhaimSA/L3dJeepHUFDHTB3TOgJJo+Tnp+Y4JpyrClVSj9Qrs1ljrE/paIUQhtvQmz7Q4DDJz0896Cz4R3/Y9po9Oo59fZD/wl0B7hTf39uM7529Usa4HKYyfXQrgxHUXTyESieM1weLvlJNEwN0SerMFszPqqPuF3od/505I7qK8oUsnoTA0nVC6x6cpVKFTMBFgAAIABJREFUdXF1yyyLgdHtQv9zpiGP32GfI8uDQHWbiO7GGzv23ZMj0CUcE8FlQvwzXA50bq1D1aPLEWvoNL0QIwCdggBniueOlIxMqADGwZkoPQIaap5ZhQ6hRJBv5ZAJ1p6bKX08BrloSyDNt+ntoOv5ubpkHyzyLsGfsm8GUizJxbA4Oh3Xdl2CdfHBmJKxFa3IRiDpgc8W2k+wS4rLeCKzAf4xf5XMyR7uoyvSfzk4xfThWJK0RyVzczZNgLt+rpRRRfmEWdyBVFtk/URlkExE2sl1W6ugE5axOcFzY2k4EIZPTEmnC5oy0upXMWefuoHX0d+Nly1gkJT2adlGKs6Rz4VrWtRZ3goa+3pwFpCJTt8j+6L/mVPF4YCIugCrA9bCyeo/E6DSFUb2xIHoe9okWcQxyFFkmtlZ7QtrEfygRoMr+3i8bUTmUgZs/miUHTdWuH4c764cL5JxarWugH81+X4mK7WCXF2XvCv33HoiLjxm8F6vYNkHDZj/3ecRaQhg1pGD8NYdJ8NxkACpNR+34PhvP4emVfSz8+K6H87Dzy45eL817Y9ZEH3L5403gCVNrWLvDuHn7ywRZWOfI6ARtdcRVKOdJUqSsWOSFVkehAJgYVAl7YCAERFktt4DlhmJpmRAciJFXpwEPjO+mP2JpqX27OwCLCHwhCVG3QdVVRjkeAwWL+0stwrgRI8iZU4JmIaecICJIfThbxHbeheSDrcAaZzFs+E54nrYXbmHMqXs9Tv/CXT7uZX3vbodF37rWV1JEmHZM5Pzh1F40gSUHDla+leR5i5U3vM2IpbOnuln2L0uVHx5DnxDisUAky+ylivd0sze9chy+Nfs0OyMq9x2Pxz5Pgw4dyayBxcj3NolDtHBmjZU3rsUCdreMOh8wmYHymMLxVB08kSUHEmQgBMdm+pQ9cT7SDT7DdSbfZagZAj9zp6O/AkDEO8MC31AghyNNzPdSDkcqHl2FToJYrDMXGmcmePFgEWz4BtYpNfTEyl9CMOSr2x9Ih/X+e7B97PuRTSVB5e9DbWJQVgSmYjT3W/j1egU/Ffnt+GxReG27eGSnD6mnogtnI9E/hYEhj4sfTt7lOAUy3H5EE5wr1+xLlqh3czeGODs8Uw4m44QwIkjVCzOA+zHHRBVyWMQku1wwEVnip1NqH18RbcwMbMXyXyiSgWYOwJ9T6QAclIWKJSH47xWv2Q92tjftUx1OdKiSbg9DhQUZ6HZH0+DQYTgvz9wqoUiFhf4wSg7YTwyCP7IsKPzozrUPL4cCfZouTiTUrkRZ543Ev1OnCQ0AI4pCn13bK4TO6mEZJjsxxlisaEclNCbcOZQIX0TyES+n9rsrFAJMKsCIZOoDWgIwOnJwOP/cyJOnV2x1yfkD8Uw5fKnsXl5NZzluVjz9zMxhkLrh7Ct2NKM+d94Bv6tLQJA++pFR+AfP/okqnO/u2ZwEWqAZm166wnqUBfwFGkBEvQisNn5d36mB+pSACtKAlcQSkJ4atLfYyYnPTu+vwxqUdiEW0dagNmvgEbYWlBx5kQiBTvHrvDsVDVFyODs0fFYIuZsyq0S8LgvHpjBTN8n1cvk+ccUZSkcPWaB2tMTNGkvt+i2+0H3A5vTh1Sc2r3jkTntN7B7Snq5h/1/7D+Bbh/358mllVj4X88hxT4Ag5yVyYlAcxxFx41DyZEjZVUa6Qhj10PvIrKtXoEn/CFLjQVZKD9vupBoRbdSRndK1E6oHl/95Ep0ra00nCW7BLmMolxV+R9QIDJgBCIESfJ9YBnizAYty5We582Xn0EuSsuS8XJedrcDbeurUPvI+wL1T/vIdYXhyHKrMPPo/qqYwZ4KJzbavBjgCbPMzhWmX8gsUxwIcjDgvOnwluXL9w6Eiu/NCOWatT6Zh2J7O57O/SlGZFSiLZWPfDvLfOwVRFATH4gT229AfbIPCmydlpLfXnavAcgeLkAs/yOEBj+BuK9GMj1bwnCzenNS+/0MS3kKMhG6gC0BRywXGS3j4Go8AhnBUpH0SjlCZlLpRdPSlImZbbWu3on6l9YhxbKy5UzB8zFq/RQGL54zQoIcM3Dy6qhtKiLc63cZpRP2X6iCnUS214mSQh86O8NoJFKQ41kx3/ve+HspaydReMxolBw12kzGNlFiqX9mlWaEFg3BfJYozNL5o4W6wsyUi7zWFdtQv3gDUgSMWJ/nuXWG4MjPEhJ47th+IsxM+gAXdeGWLuHIhXc26SKL41veHRtQ24Giinw8dtsJmDd235Pg5qpOjLzgYaAtBHsfL9beczbGDdq39FRNcxCvrKjGc8t2ob41jC8fNwSXnz5SMhpuK7e14tyrX8YOZnZ24LgzRuEPV83FMPbse7FpRtd969NrDOGcUYxZjWsF6t8DpajZmwjkKgczzoWTZlQMWEoBML1xcTHgbTIAEvm92vZQIkx1LomyNMAiAZEIVDPdelBxL5OZmWGiAdoOOLhf5pLM5My+Le1LQb8y2FngGZ5j7wMdTzuy82GEN96q558IwVFwBLwTfwGH7xBc1/d4Jv8JdHsZpEvW1uGM7zyPACeGYl93Jsesxx9GwXFjRW2dZEnLRTvCl5IlHL4YrQGBVPe/YAayK4oE6ZhGMLJsQ/ucp1eha9UOzbIIBGjzI6MwC+VfmoPM0jxEOwICwWYmJ0Guxa8r2z1X4TweqQ2UVTppIkrmjZQXpnX9LoGip1gaskRuqWDRNx/9Fk5FVrkGUiWZ8n/aL2RPrua5tehgT4SlVWaZbX44i3LEjTqzX74iMj/Fja9VdbIIl3ufx01Zf0FnMgsZNjb9U/AhgsZUIc5p/wE+jA9Aob3rAIVI0/OIZyLl6kCk7C1EC9cilcGSsUsDngBV9pzs95be9PwM71NC3L/FATzhhiNUBGfbGDhbx8Ie5KSb0uP0RsbLun9cXEiZ2I7Gtz5C8+KNmvFYHDR+jnw4n1u4jXnjypWHxszbGNzWvbAWkaqWbjFnWWWn4MpwIDfThUAoimAgBngOkMVZ59QZhN3nQcnJE8QdwDIz5fk1LaEAtNFb5efFjaLbLof0EmpWMjuof/UDtL5JJREiMU0vUJzK6WhRICRzb1meLppsNrELkvH+yHtaZic9Il1qtAFVHeg3pA8eu/1EzBixf6ucRDKF3zy8AVff9o7w7e68+XhccvywvY7ae175GDfctRqbNzSoDmdLELYxxeh8/f8hi6Aws22u7sQF17yCNW/Sed2FPv1zsfDogfjTNUfCsd/Fg7G8SRugWsPPAEf4T+MsYFnfdNMQLB1KlepShKRxEVfWm8xPlqpJitJezKZIAUgHSB4gKYsjUSuRrI7jXcWbVfRZN3FKYTZnVFhIH5BsTtjizOBMUJSMT+XHGNsY+HQpwoBH8rml6HJwE0W09mWE1v7coEudcGRWwDvxp3Dk770H29u9/yfQ7XGn1m1rxcyLH0eIvlQMcszkBKqv6MT8Y8ag7NixYnHCsmLlPcsQrWwCCrJNkPPDUZCNQRfPhac4R3tyJtEnLYADq/KB9xAgpJuBiwOCAahfHioWzYK7IEdg+hLkatux68Flaq5K9ObegpxxRyg57QhZeXOCaXznI9Q9tVoHIpFwRjRaUHDnz4S31HDkjAtHGvyQYUf106vR+c4WFfFleaupCxll+ahYNFPkpHhuB8wIejv6zOccSKIxmYdyezOey7tWsruQgLmBLFsUHcjFGW3XYGO8AkX2zl7w7ExmF8uGLe5BLH8TooXrEM/bCkpvKSyajRHtS0i/I+HaQz4shRQluZi52VjWjcvvbZFcZATKJbg5OwaJfxyzupSTzgy9UDdJzyg6d5AGwAyIUPsOlrBZ0rb6cZa8VlkeypnlDylFpLlTQSfZHrRS5/LZ1UixhEg0rEHKylzjsMFJBG00oRMcs/IDlSp5vI4QXGW5shjyVRRJ5YFWTPWL16Ptna1KUbBAJFwoOR2idpI/oUI4lHRF4CJNM8wqXSy5jXKLET3ImlCB/qdO0v4i6QPsSxZko+vjeulxJ8nftLzkdBUGbGvFsMn98MIfTsXQMlZNerfNueIFLH30A4w4ZjDevP0klPSQ9eIerrlzFW6k6wiFq4t8mDevAnl2G2ZOKMMPFk34xFBv7Ixg0bWLseS5zen2wc03LcBV5+9Hzko4c4ZbKhmaLizFyFR6yHqNGpj4nEwGZidpm5UWcnRZlmRZkaLLzMo0WKlyiaqliNEyjyMoSSPLZUmIidQX1U74eWZ+VFzhc0nBbhRZkiw/JliGZE+OxHNWekhBYImUZ20hRxlouT/lAILvhwm40p9zeEx5tUcK27vHJZ+KNy5D4P3vyHXZCZ5xZcM3+WbYCycfxF52/+h/Al2P+7GltgtzL3kCjZVtQP/c7kyOpb2uMPLmDke/EycK3J5Zzc773kFklyG7cpKhxmBpLvovmoXM4lwBCciWTMlLTeWIaqqkEGDAF5llpGa/+LUxAHkKshBt1Uwu3NiBnfctQ7zVIOf2lclRiYW8vFnD5KWgk0A99SclSnS7HAgK7pwZ0n+LsUdnrUClXKkZRfVza9D57lYtMTHItQXhLMoWuxZPcbaqPfSiEncoozGQ8sCFKJ7Kuw5jMyrRkcqSySDPHkIYXpzU9nO8Fx+BofZaxIRv1IuNK1cGJ7oacBpxtyOZVYO4pwFJb5NmX3Tx5iPyNCLp6oItRR6QggboD0eOniNUCEeoBPZgX2R0VqTpC5LdsQcnEkwH4YPHSS3DoSja2nbUPL0SkZ3N3YALHtxwyrzDS9DvjKnwFGUh2uwXUBKfTRPtdQi3t4S+90BOykRk9XEP9MwE3h+XTCtz3AAR43ZRnzIFAZPUPrcKfpZF2UfuYf/jyPGI0W/uSPUmJFoyUN0icl6C7rXGEW8wKwvRGPqwvHncOHkn6G7OPjKpL80rd6D+xfVIUULPymZ5XrwP1Z04+rgheOjGBSjewxW85yh47M0d8LkzcOKM8vSPX11Vi2O/+ayQyU9YOBov/npB+nc/+Nsq3Pybt+VdmDxvEK6/ZDLmTy6Dcy8uBz2Pw9Fx0z1r8NO/rkTi/SpMWjQRq+86a98DkoFOgpTpTUpPjX05ZkWqGZlepMjAYz9sjzFOhwJKgtmNewDL57Jf7lYBKsK/I8iEwdRyIEhQO5cBzZQpU3Ek5fcEqbDEHVeAjpDEdaAw0CWSSqMQjzr5nUO7hmm+HGOzRRC3zFcVmmKzG2WdXryi+/pIonmFOB8kQ43KG3RmwzPmSjj7n3hIe/1PoDO3bUeDHyd+6zls/qBBnQgs4AmDnD+M/FnDpSFPiS72EIhiDG+lZ5shJ7cxK+uDAefPgKcoR3hyFheNkxOJpVWPva99FE4iHFPtQbgHFKD8nGnStI8Thp2biVBdu5Zvmnp4a/V8vKZcSSfw0hMnonDWcFm1N1LmifwkcSt3KdSbzggTKtDv1CPk3MUZwaq9MwCzJ+fOQPUzq5VCwKyTAbg9CO+AQgy/YAYSOZmIdJBbd0hj7IBf4m5bU9kY5diFB3NvQK7NL8ATTgbRlBtuWwT/DJ2Iq/yXIscegBtGxPaAe7Y+YMqZ9KtLclVrQ4qZmiOS7qMlfDWI5m9CytUOeywXjnAh7MEC2GK5sEdyYUuYjNqUL5nhKeH74G6KlIbcGdJba19Xibqn1yiowypLS79V3cDzZgxD6YKxUiKn67YrzyvPoWHxBlW1IThkf6LLvbk/fKg8XjSBvGmDUXIsjVKdYq0UqGoRwnmEXDsLRMKsj71jVgfOnAJv33wRPbB7MkQcvOH5dUiyJ8xgJQOGcl5h0NyXYzX/iArRrCSNReTuiBRdsR31z6zpLola4ugcv9UdOPPccbjrumOQw9LrPraXVtTgRJK8+2Ri3T1nYfygPulPXnvXGtxw89syrn/2/Tm47uJJePj17Tj/+y8JQnnOMUPx+C/mo3iPbM/aQZxl/b0M/ifeqcSD963FJV+ZhJNm7UeNX0AkimYU4rcgHi0XAIOg5M9NP83m8Ao5PLL5b0gGauEeeSkc2XRA8RvICcMPv6+OKEJGpwUYg2PaYZwBiuAWIzcmEBKrTaE9OAGjiGyYljAlcBrfOsngpDwpS0SD3GQQZYBjxsc9sP/HV0CNXGWpJ+fA8mhvBt/+P5Po2oLg+1cg0bUTdk++ZJvukf8Fz9CLDnrn/wl0jDehGKZf8gS2rKgBBvZAZrGf0OJH9oyhYjjqzPQgSIPHh5YhsqMJKMzRG95KY8E8VHx5FjzFucIrM/UJ7b/Y7dj1+Pvwr6RChcnkmLlVFGLgojlwZtOUNChE31BjOyrveUfLlQyie3Kc+MJxYrTZ0G/hFBTNGo5ELImGJRtVfkmCHF0OtNSaO2so+p9yhGRHRLJZ+pP8NycaZqe1z69D+1ubDLndAbR0wV1egAFfmgVfcQ6C7A8eJrpyfyOTLxVLl9f6HsBVWX9GNFGE5fGRiMKNo51rYANXpVFc6/8Ofh88A6X21oMe6PoFKy02ig/yEpuSnriTU2yU/Tdj4MqgJuVL6pByUlFzy0N+izlhZnrEI65RDE8/ULUMS3nfIHW5/8Jjxxgh45jIeVGfNEjJt0ffQ5QOFZYQgRkfItAreKL91Sf3uG0Mqgb5WExJurkjkIxSGsyJrq0NqCZaVwBQBhBiDHi9Q0qENO7pk5XOGhve+BDNVM3hwO/ppNAZhqMwC/2onTqyr1BwBFnp8whPs/7VDdqX7Kl2Ip51EbHZWbRoIu47gANBa2cEU77xLHYsr8a4IwfilVuOR+keQeuo77+AN5/fCpRm44/fm4W7XtmK5a9ux8Q5FXj9f05C3l4I4B9WtuOaPy9HQ3MQf71mHsYP7g6eBzUAJRBFlGBtgCJpVRGzWNKnFoXNofyx0KqrEdn+IJKhJngn/Fj+iNVOgv1Z7kdHopREZR/8t8Wj0+oCkZeinZnm2GkBUqjpch7d74OqoBg3BPFsJSGcnDsFqsm5S2BjSGMPj++NcTaXMqbJBu0OA0I5iArHfm5m0r8d/ve+i5R/B/lYSEW74Bn9TXhGfP2gHsG/faALRhM47hvPYNnblUA5eRvm4XMl1B4A+wkS5IwZ6g6WK7cTeGIyuVY/3INKUPGlWXBmuTXIGS4a/81t12PL4V+3q5vD1uyHZ3iJGKbKfluD0quJdIaEoiACzZbqe8/H2UNnsOysqSiaOVR6iDUvr0cL9f/YO2GPhyt0wtDnjEDfE8YLqnI3uxwJcpQcYya3Bh0Udra4UC1+uAcXS2bKrCPaETIK5Qc1rg7qw7zjrckcnO5ehj/m3IRXo7NwcedVUr68xfcXfCfzMcDegjuDF+F7XZej2N6RVk05qAPt88PmmXMCSXFi4MttNegPI7D1PB6dH7KJtk0In6yDThaZHpXMsjgaVA8hInbhNFGbsUrMLHFK9vfCOiQ5viTwfAr0QCKBc7zqUjG2P5K0b3fYVLmEjhZ8B7IICCEkjvZQIfgmDUL5WVNgpxIGM81wDLVPEz28S0vlDFgyZyeAVj88LJmfMRXukmzE2lRYgO8FQRdyH5Zu1jHLscvjCRE8JFqS3/3OTNz+nW6XgH09viffrsRZlz0FZLlwwemj8MCPP+laQOHl+d97EWuW8j1kaS0Fr9eJN353CqaNKNxt153BGG57eCNuvX8NgpubhaLxwEPn4oKj987XO9AYFEsbQUQaaL6Nkl8MN5rhSZAS5S7yHiEwe2ZzhNrbcwfBM+aHcFLln8HSkMB5r5LspwkJnL019gC5GOMYZgBSBROCT+yE/BPNKcLR7D2TgqCR0iZISmsBpyci6ijCnDF6mCJZZnI9o8giPUDKh5meo0qCGQgNAS+SJX46WzLcgODyqxBvWQW7pwCpSDNcA8+GZ8JPe01h+LcOdLFEEgt/tBjPPrQB4GrNSrf5xPhSj+knIACSV0N1HbLCDTGT4wpcenIBQY9VnD9L9SFFsNbA9H0eGVg1z6xG12ry5IyeX4sf3mGlQgZ3ZTOQBOHKyZSAQheCaC2DHIV19xgkBvJNIAJltwqmDkE8GEb9kg/R+sYmwGsEe4mui0RBGHrJMWPFq4uTUdpJgFB2mnb63Kh9eb2KRxMRJ8jPADwDC1H+pdlwMWgT3fcplCAONNy1zW1HLJWBwY56NCTz0JrKUT2IVArz3WtQYm/Hq5FxqIr6kO9MSinpIHKXA53Cv+73huDsphN2XTtqnluN8MeNChKy+l3sQ3WF4C7vg76nT4avvECCAkuc7J02L/sYja99IOUpCTwHk7XteWVmfKIzAE//Pphw3nREivLEZibDlkL9ax+ilaLdDlYGDCWD1JVIHPlzhqPk6NFSCeC48Fe2iAKLiDITIWldj1BwYsiZWIHSE8ZrX9igM+k+QCcCAatsqtESJ6sQUq5UYBYXb7f+cB6+f0Hv/Mp2NQYw4/KnUbezTd6d+RNK8bcfzsXg0t2h/+s/bsW8bz2LDpLNPU7kFvuw46Fzkd/DKXzl1hZ89ddvYsOyXYJXKhxZiK+fORo/WjQeXssp4iBHi/S1yDWT8qAp8pkMSmW7VESZwSNW9RwCK6+W1y6jZDa8k34Ju7cUqRirRNwP+2GqWJKMW1JdLFvyG4p0FJRkkhQAtf2R/px5keVcmHWlLCcDE/SkBEqgCz9pBSkLMGP4okIUp98cQSIsZ2ppWv9ryp8M3g6z2DnI+7S/jycj7SIGHat7BXZ3MRLhRjjLT4Rv0i8BB3vw+9/+rQPdhb94DffdvVY95SwVct4vyivRt+2cafAW5SDc4kflg+8i/FEtUGxenmY/XIOKUHHBLMnK2PuSwcZsyeeRfnLVYyvQJeVKBkbCxEPIHF4qqiLSL2OQy81EPBBG5SPvm57fXqRvrJ5chgNlp0xE8bxRIthb++xqtL612TgQOA33KYHiEyeiePZwtf+JqM6dtWwU/UQfve7Wo4WlM6ssxdX3UGaZM0Q02oJ8H2gAfVq/57qUwY7izl5bVCS/ODGE4UJbMhtdcQeGeAM4qxx4pyGKSn8cXvYSP8sbgT7Ud/S50bmpDrXPrlKaiCXLxUFhLJQyR9PTbYosqojUZYZPs1tKbHWwH0epOE60hxvkjKdh5oRy8TScOiAX2zpjqG8LouX5NehaV9UdfHhvhbqSQjFl7gh4YiZBmc31lWh4eYNmmKw+yKMwijvJlCm9jpEyJa2FmAGSDhFq6BCvuvA2I5FH4Icg3W1AY1Dem7tvPh4XHjs0/WQJfCb8f/m6Opxz0gicNKMchVQp6rEt+6AR5133Gqo/ahIlmFFT++GJ64/FyPLdSeKvra3D6Ve8CH99FxxFPvzuqjn4xqkq6/XS8mqcc+1i+Cu52PTIsa758oQePnKHNtgkuIgpqhFHNi4DDBRK4mbPy4V480oEV3wPqVCDwOkzp98Be2a5oC6Vy2b4b3Ia3KcIyxketyImieIUTUupa1q2P4aSIA4Fiji2M1RJvzABu6WBydKngGBMWDSBTM7TZJ3dtAeeA7M/RVZKcBUuHXt0n142t9sdT4YRWnc9ojufhM1bCEQ7kFEyB56Jv4TdvX8xgH/bQPf9Py7Hb25+S9GV5MpY4JOmTrgHFqLiK3PEqibWEUYlXQhIB2C5Unhyfngq+Jm5AuZIZz4W4drtRCV7cu9vU+AJX+JWPzJH9ZPAyKxMglwfHxLhOCrvfUf1Atl36dbx0WfM4MnMKsMmfl4FkwdLhsbJop0ISa6IucImoTgJlJ0xWexyuH8h7lo8JFHCJ9LPi4Y3N6GJfl7MDvhdXs+QYgw4l+XKTMSovvKvQp4caOVlCiA9umnyjVA8hWKPA2cPzsZL1QF83BlDJm1SPqMbV70MWsyMmiznbD4LQzGRCYNE60hMhLfL5o+RxVYqHBNAkr+a2dJqhDkuRID7cIOcQT7Sf27eSJQeM0aUWBwZdgRqWgX5Gd7W1M3r5HMgACnbLWLfVNDh0ExEE6h/1fgYMhMTk1QzC7YHYct0SVaaP7FCFmMUOOe4I5LYX9mM6offRazR0GV6VlCqO+Aty8b9NyzAmbN3B3Z8UNmBsWc/oCXNHA/KB+Th0RsXYPrI3UuOJH1fcsMbWLx4m7zPxYPy8dgNx2Hu+NLdRsmSNXU49fsvItxC5wQ3bvvOTAwtz8XZP1mC2EfNyBpbgjv+exYuOb472B7WMDMGpoq01N6YwvwNWMfhQTLcBP/bFyHZuRk2TwF8036HjKLpql9puYNbklpissqMjNOFKVdKoIkKElLAIiLLxUMYpCezNUPqlhKq9OMYCDlH0OKL7ghK9LfKoToFqO5m+n2kfKFxOrAq7hJ/rX+wLHqQRPGDvbfhjbcgvOVvsGf2QyrSAnvOKGROux0Onxrp7m37twx0tz3+Aa6kEwEb1uyRWEGOunwFWcJny+xfIPJKBJEE1pLzRv8vZnsMCqViPeL0udI9OVEVsQjXz65BB4MQ+17cWgPIHNsP/c+aKjJKov9HJGYsIejK4OZ6LVeajDBdL5RMTssT/c6YgsIZQ1QFg5wrSnPxnKg/KS4HTvQ9/Qj0mVhhzFJ72OXwhXA6RGWFhq5NL69XbhMDfAuvp0SAJxlup6y+/6+C3IEGPB8TvTaZBDDGfSZLl6ZRwUydLhB1L65D1xoiJJ1qu2R1Mggocjq6jUX9EUHOsozdvqkatU+vRoKlcFn8GC7ZgW7QXt9w80NWHDxOlJ40Sex8iIzkeG3fUo+6p1chYXE1RUlf+9MZhdniI0cDXp52qKEd9S9vhH/DLkX1cgzxF0y5/GG4SnPR7/Qp8A0slDFIGTDSB6gE1LquSgJ3ijJmPekD/H51J4aMKMQDt5zwiX4Zz77dH8WXbngDL760VY8LYPnfz8DUvZDGI7EErv7zCtxx92pRC8piUPzVcThh8u6+c29uaMCXf/E6qtfW6nuaSOK8M0bhgvmDMaQsG2M/oaJi9XH3uMlWJrufZ6O9MRK/0/mXyZkYpFiGtCPcQak7AAAgAElEQVSw6seIVT4Eu7sQnnE/gGvAmQrlF1cCVT5RzIklzaXizuyjCQhFRJW1NKqBjFmclji1XGmoGgKmpB8d+ZW0/FGhZ3FBIApTyqxKMdB5wPxJL3y7e9YWQlOCpByPOkekRvTQ8rQy1kMZu/v5TnjTHxHZ8lfYXDlAPAB79ih4J/8SjuxB/wl0vAP3LN6Gi/77eX1hWP7oEeQceZkYcMFM5AwrQ4QyRE+vgp9lI0FK2oU8LSCSc2doX43EVgM8EQSjOwN1r9BOZJMSeKWxHhAB3v7nTofDlaFBLtuDZDyJqkffR5DOyoWGbtBz5jbAE2ZkZQunSimS3mE1L6xFJzNFS+i3g70cJwhOyR9L1YyAOCN09xupoUiCsRdN736MxhfWdHOvCKSpKFIgDcuvRqHiUx6Tn+rueGmf2Yql6FXqvWZQqHlipULzWR6WEh0nIl34ZJTkoO+ZU5AztFTtaEzfi55rLSTs80I5Rq0xcSiYGM5R7P91BuEs64OykyYie1ipwPttTjtaVu4Q0EmKHDoidTnmxJswJGVsCjNnluXLWOr4qBb1z69FrL6j2ySV+ye61x9S9/pTjtDSa6eCTnhNrHg0iS3POh0HDHKSWZhjVXdiylGD8OCvj8PQ4n0TwZs6wlj4kyV4+9XtyO6fg19/fRq+uQ/HAh7mF3evwc/+slxcvj19vLj3uvk4e+7A3cbiR1UduPSWd7D0hS3CI/zT707B108btY/xqj0sNU/lZsxIhRZAUjV/pgY2CvSwwExWNsTSo8mOxIrHBBC7E/GWlQi88zUgFYFr6MXwjr3aGLPyWHQhYCDTgKg9Pi5GVF9S5h8LlMIeLk9EREwMN89aEFrfo7UPOXbmOmwWUMVyHSAYyziZa39PVVIUjMIrVJEwBa2YHl2P6o9mk5pJCpXCcPa6J6RPrwoT3fEoQhtuhC2DC0g77K58eMZdg4ySWZ94hv9WGd2ra+tw7GVPS2OdKgjpIEfYvduJ8vNnSMklwUzusRVKnrZMU1u6JPMZeOEcWaVKUDAiyJTOIriD0lmtRDDS6YA9v7YAssaXY8A50+XBE0UnrgDODFQ/vRKd5K1JQNwjPTE9OfZvSk+fjNJjxkofb9fD76NzxXZt/Is0VwD2HK+QzbMHF6mkl9oM62aIydQPbF7+MeoeXa6u6Oz3NHYKUX3Al2dLP0gpEZ/eIDzc6NazqnW4+/rf+D4ndlrSkBfWtnIn6l5aiySh+z37cQwonSF4Bhaj/7nT4KVyDjVEszwC0Kh9eR26uIghGtOy5DnUk+ez5PHaQ/CN7Yey0ybDw1I5AxkgmX0rF2QuuwY53nC+F10RZI/vj34Lp8FTmCUgkoalm5UCwKBp+cdxJ8z+EynkzyVIZQwcLidiXPzZID56nJcJeGpj4OZ4ZeC2OHIEuNR24qRTR+ORW4+Hj5WJA2wtXRFM//oz2PZelfTQrv76VNz0tan7/Nbvn/4I377hDVU96Z+HJbefhGMm7V7eYjha+IOX8frSStxz0wk4bY+yaffOzSIlDbHvkeH1HKwm0Fgmq+ZFNOonplRpPq/izUBw9Q8R/fgBOPLHwDf7Ttgzy4AEFZWMRJfVmhMBAJV61jKk4dKRCyeJuFEyETQn+3Fq7munz5xQDUwAElqCpXpCcInK2wnVRjI5anqxrGlKn8a0R8/elEBNH04VWnh8BkjZsV4yS5ikQyicVK/fyIppEDzw8z7QeODvo1UvILTqh4AzCzZ66tls8Ey5Cc7S3ZG3/zaBbv22Vsz96hPoZJ2faCxy5Cy4fiqF/l+ahT7jB0gPovqJ5eh43wQhrsSpeEJ05YVz4Mp0q9ajKTMyaDEbqlu8AS2vbNSJgJMH0ZWj+qPifM3kCDBgCYew/qrHlqODgsnsvfQEwcgAYUNftSutTC7aSSX391UAmhMnJwXLSeCCmcgaUqx2ObsFOR2vzvwsEXeueew9zQ44qVFijLJeX54jJOTPUianfssOBFNuaqwLMEW9sT47QXi3F1BeZBucWR65vQ2vfoCWdz7SOhORlVapkiCQQAQ5R9DCZrJm94GwiBj7K5sEvSh6lZTMIuLxoEAne6R71kKJ/bg5I4QErk4rDjkmkcD+DVW64LHkxlhSpF3OkaNQcuwY0Z0M13egfskH+i6QnC7SX0bWif07J8FRk9Bn+hDE/REkQlTeV088kshriTjmmOV9sIA0HN9dEaA5hK9/fSr+dNWc3sxn6c8QYXnGtYux5o2dkiUfe+Iw3P7dmft0Jvjni1vx1V+8BnRGkDcgF0vuOAWThxXsdkxOzdXNAQwo3I8HmlQFNZtTYIYGiu5Apn8TJRHJvOIqTCCcM3UtUK6a5dfGnzsQa1iK0MorkQzVwzPim/CMu9KUg6khqlmf7k+lw+T+y7Ed6hIuJUNKgtHCJwG7w22Em0knYNlTCeFCRhd7MIJVGMiM3qXQC9SxXCOVlXVaqidW+dIQ22VcqgKK9UrqK6AB0pImE3K8nKfldqA9ScuJXDmFh6aHueeAidW9htC6XwoylX1n3h/PqO/BNfi89Ef/LQLdrqYAjr7saWz/sFERlmn9Snq3xVFCJOPckRIoap5bgzYSX5lpES7d0iXEbqIROSnFDVmbExGb7FRob3hjE1q44mU5Ub7jRyapCWdNlcAW6wqJSzKltupeWq90AIFj76E/yBeB0OxUCiUnTBDT1Gh7SAKvOAkIsEWdBJwl2ei/cJpC0Wl8upfSFr3D2j+oQfUj7yuHhnBxIvr690HF+Xo9PZVSDmrG+Rd+2J/yoMDuRzjlREsqB3m2gMiD7dt49V94MvvZNccL1WkIHom1BgQF66etjCxGLIAThY8JJspA8TFjUDBtSLqEaXNnoG31TjS8vB5JAlPE8saCtx1GYO+KCCm9+NgxKJg+VBZ1LKkS4FJPAWiWU3ksiw7AYwMoolPBvJGwe1zo3Fwnnw1Xt+q45gQi86CKMrv656PspCOQPaxEFH0S0bjwLQk6CdS3o+6plQiR2C6AHFO25f8JAAHwy+/Owo8vmih/r2oMoL4thPwsFwb1zT6AQDLQ0BbGf/3PUjzxxIfyvpSMK8FPLpqEy04dBede6tp/f2kLvvarN4GWAIZP7Y/lfzoNuT0oBQcePZrNWVqTxq+mG1qvOlyGE2fKl1b2Qr5cj+xFKQbkK3okMAWXX4FY9XNwZA2Eb+ZfYM8ZJnw5zX4sh28tGYqmpaoqG686ZlfMvJTnpoFXQSZyRoYobghzJkga8IpEZUt6zApyRh2FGZcExx5u5+kgq9/TzE7LpNav0j098cEjwZwITKVEWAs+nadMyVMCbo/zOIzFbLz5PQRWXA1Eu2B35yMVpKLMt+Ae/S1dgKTUTe8Lu4VjScy87CmsXVoJDMjb3YkgFEHhcePR98Tx4p1V98oGDViyAnUCzVQI6YMBi0x5z+phcUxl2OWlpuxWw7OrdMXL1bGAO4ox8MK5sLvsMgnYXE4hydItupnEbvLwxA/MqCpbg45Q7ngSFGhmkKPrAT25hIdnuRwY+5+KL80W5XfJLvecE2mymZ8pKDeqrKTEpidTgjbdCyoumNktOH0Y8+mnPWh4Kk3JPCxwrcCvs/+K1mQ2rvFfjjeiE0ToOcsW/MwEOy1VsmTtQdsHVdKDEqK/1c/lzRE7miAcuZlii5Q3plz6Vyx9c+XbsJjq/h8Z53rKkx1GQ46TB3s0rBxQb/XMqfANKuoGnazfhZqnVyPFcqMlAM1zpKhytgelpxyB4lnDRIWl+b2taFi8ESly3yxyOgcZx1EoKj1n9u+o5MPSK0E0Dpciev3bGlD91ErEG9jLyzLuA4YjV9UBV5YTf7l+AS4+figaO8P44e/eE2ucpkAc+bkujB2QhzPmDcQ3zhgFL9+R/Ww3PrAe1925EpGqTgH7zJw9AJedPlKoCY49At6vH9qAH93xriA3F31lIu675siDGL6GaG31WLV2mBYt0HBgypLpgKO7VwCK/s3ahCbgcCLe8CaCK65GMtYK77D/B/fYH6qDOPtvGqqMfiVLcgwaXDCQG2eBWtSB3CopSklQiOiGgE7hgyQVTrgrZliGNmAAR6KiI9mmoT1YZ8kypJw0j2tlXaY0KRmfuRbTt9PLs/JNNXaV4MusTUqmlpamUWyRTNcKzMamiBngYaI1E61rJdilom2wZXiRDNTAO/JyuMde/cUPdGdesxhPPbgeGJzX3YMyav55R41C/zOnIMPtQs0Lq9H0/NpuyH2LH66+eRj01SPhzPIqGdyIn3IVT21KKkjUPbNK+w9UdWe5ckRfURXJ8DhVVYQBsU8WmpZuQf2Tq7qJ3T2NUzkQjHFl0SlHoO9JE0TbkKLRARGAztLsr7lLNAYJHuEkoyXHPd5X2rNwVV3Visr7liJJ2gEnKwa5khxUXDgX7sJs00v5DEU54hpSLjCbeznvGkzxvgwkytCZKMBz0Rn4WeArUs7MkWD3f3zeBMT4XKIH2UBrnSVGyotZunVu7IW1UQGnDP3Pnq79LmqZUsi5sVOQs+GPG7rVRPY00t3bNLwvQIpUAqLyxzd2gJiyUp4rEY+LeDT7cc2vb9JAyv4xz1HeAT+c5X1Ezotl+3BTJ2pfWId2OsozyHDBZ0qzYseTSCJ/7giULRgrK3FKynG+Es3KLLdkp7VPrNCKCUuw1gTPfexsR9HQPrj318fh+Mn90NAewqz/ehbb361SZwWeV0A1N5kNTzlyIH7//dmYPnx3CsGet2XllmZc+aflePPFLQI8Ye998uS++NppI3H+0YORm9lNXr7ij+/h9t+/D2Q68eKfTsMJUw/C50wElE3/W5CJGugk00r75WnmIv2q9O+tIGfcCXjvTW8u8N43EK99DbbMvsia8w/YswYDybACPqxjdYdHU1rUlgupAHIMCUSiupzO0MQVQUqaxkTVoDFF6FukvGQVhqQEVEvr0mTdEoDUYTy9SdAzwdxoa2rCyfM0Qc6IQmtZt9s/T4A0si8td8rSXtwV2F/UY6j2bI9AZ425g1iKWB9N+KsQXnkV4m0bYcssQ8q/E67yU7/Yge67t7+LO/7wHtA3WwOFPN+UoN6ypgwWUVpOPE3LNqPuqVVSXpI+BAWai3JQ8eXZcBepdFHPuZWlqvYNVah5+D3dL0uCFkz//Jlw+qgqwj6eA64+mSJ2W/P4SgWdMOvrmUTzWfPlpmnqceNkEmG/o+rx5QpLt8R0qcLSLx/9z52hNjuWCkvPwWA8yigptvP+dxCrbVMwTWdY+HHlpE30NX5y/8exYm9jmMooQbjwXe+TWOh5CwW2AAocLYCtE1d1/hC3Bs7HwIwaeBFFQmmy/7ubCTS8l5E2P+pfXAc/+ZWWtY71gpp+V86UgSg9nsogHsmsiMpt31SL+pfXI0HBbqus11uXgb1dbc9+3LyRKJ4/Rtq+nK+YndUv2YDOFTu0H2fJc4kbRwiZQ0oFDZzZvw86P6pF7fNr1OyUNAgu3KQdoyLO9txMlJw4QQIiaQMiKcfEhGPfboegRVmSlz6wQYsKpF3pA5On9sX9t56IEXwXAZzzi9fw2P0b4Buaj8tOHYn5E8uws86PB17bhndZfYkmkNs/B3/+wZE4/+i9Q8at20FKwZ0vbMafn/oI6+kpxx5gvgfDhhbgyEllWDC5H46eVAZqYh531cvYtaIal31zOv7yvdkHHj8m4KgTRLdUliIrFRiiQIt0Tmcqc93AEfU/NMszya5cYkUj5PCoH86KM5B5xK90fxJ8uFnlPsYwtdfRmGL0KKWaKkQ640dnBT2jhCKfU2sgCjdLz1D6fQSOZCg6VPZpfU+Dn16I0bGUUK6AGO239ehJyuUbVCbpDSbWWgFRskTKjjGoE/iSRqtqr1L2lFaJoaM5j2GBViwll+4+4IEfVPcnkqEGBFddg0TzSti8ZUj6t31xA93ND2/AD65dDJRkKdLQAmpQlX9ICSounC2r3uZ3P0b1Q+9q+YhAjZYuZNCa5kuz4KX/Wk8ZLPqH5foEak3iqwx+A+7wDCpCOW1wCNPvCsmgcvbxofPjBlTd+45OGIRW75nJERnnD6PP/DHS00sEotj18LuKriS/h5MFwTB0OTh/pvYJ95HJWSCAnfcv1T4Mv99OW3ofBpw7UyY0yQI/oxtfqzgc8Ke88CKGO3J+h1M9ryGRzEZ9MhfX+S/Go5F5yLd1IdMWkTImpw++tFRPCaXcyLSFUWDvkJ99qgAW4zqQketF1+Z64ceJ9FW612WioD8kWVTR0aOl7yvu7jK52dD4JqkDW/XFFyNS8yD2lant7zkpzE76ZUTelp08EbljypGKx8VAN1BNEvhqiCGwRW/g/higYnHkzxymjhZel5bfl2xEkmVwAcOYcpUJiJQKo+mrb0ARYp0BJGOqgUgFnUQ8KZqVMl75nlkLOY5bytE1BXD6wtH4+0+OQqGl/doYwOALHkZiVweuvHIObrm8GzkZT6Rw+6Mb8aO/r0BsVydQlIlX7jgFx+3Bg9vbrekMxXD3i1vxu0c3YuumRiAY02vJ92LgwDwU5XnFZb1yTS1mzR+CpX84pRdvggF/CDfNMixVaoHy2rqzqXQJUQKDIhBTku0Rkm+CkljmAMHl30e8dglSzhxkTr8dzsIpZONrJmYGhmZf1uBgSGImaQAtgvg2NAZL91TGk5YE1V5HgS9UQxGenPUzfszw7lRcWlGbSgxn4DNx1grmRl7MFBy11GkCfLpNt7dAZ5wU1E5IS5526VmaHp2UYI10mPQLVZUlHSwtVwVrMdGLp2V9JBntQHjNTxFvfAs2V8EXM9C9sLwaJ1/6lAavPBNceCOZqbEcefE8ZA0oQMvqnVLek4yKhG3ymXIzUXHRXGRK1tQjk0ul4C7Ihn9nE3be/RZS5A+xb9bUKeWfQV9hidMt2pUcXFQ98e9qwa77lyrM3HL5tp4Ez4dmru1B5B0zGgPOmip9wsoH3kXXqu2m16PO467+BUJiF/CIwLd3T8ekXyQraxt2UmVlUy1QmC39IfYHKy6ag+whJYhQfuozvvFVo99cZbwYRzi34qm8n4rOpd3G3kQYV3RdhduDC+FGBC4kkLDZEUllYL5rLY51rsbq+HAsi48SK59uPYfDvGje3yw3bK4MNL+/DQ20QmJpks/UmoiI4m3zw1GSi35nTBaSNcvPjkyXcDJrn12DwAc1mu2wn3s4rXFr7HSF4RlcjL6nHgHfgD5CUaDkWMeHtYJ4TNAkV3psZiZkpoMUio+fgL4nT5SsrPrJlWh7d0sPbUszzxCgEooiZ/pQKaUzeHLRl6IdjIP96SyEmjpR8+QKhD6qV5k7glt4XaxctIXFw/HbX5+GO67YPXO6b/HHuJAecR4nFt95Jo6d0u8TD+iJtyuxkAvVpgD6TyjDur+djj5Sdj3w5g/GcNdLW/H88iq8saoW4caAlkU5K1MgwgHcdPWRuPqCcQfemaJQdNHUMwgZeH+apG2yHe3JWZO1LsM0VBkAh92NWMtqhJjNBeqQ0f94+KbfoeeRCJjz0cxJ/eos9RP+JC6La10fqQ6lhAz22axAJkLMzNwIhuI7w35ZhpLHJVBqwJRAbISXRX3FQk0K7YCxUku+gtwU6gCDZ1xLnwZboBmmQWBKb9AskASAYkqkSX5H1VT4M4mZ0rfjeWhmKcA+nluG26i6MEPUe5heTMj1WYCf3ldzQmt+AvLtvnBglDUft2LOVx9HsDMqq8E0wrIzBEe2BwMunC2gAJYe6d6dsIJQqx+OXK/0sLz98hETkEd305XlynBjJ3Y+sBQJ/o4r+VZTTqQHXWGOBqEURIGEQJKd9y7Vpry4g++B+eG/2wLImToEA788W1ycd96/DH66TFuTU3MXPCPKhIdn6Wl+gutmnAg4gogYFXQmwQYhVT1guVJIyTy3z9m2Nd4Pv8y6G9f67kZXKgfZtgBakjm4PvAlCWgl9jbk2v0odzTiK54lqMhYj6rYOMxr/x/EUg7RyzyszSymZYERCIl7QOfKHVoCZLnSKlVGY0IJ8Y3uh7KTCdLwaanS60bn5lrUvbAW8Zp2zbBZ6u5NP25fJ86Zgmo5oShyZw6V0qgjI0PGDwEhjUu3omnxeo2/ll0Oz5MLsGwv+p89DUXTh6L9w2rUPrMKYTpxsNIggsWGK8Z+nNOB4mNGo3DmMMFMkcfJX0vPOd+Hzm2NIkMXr2szqkHmXWFQbWA/G7jlR0fiynM/GUweeX0HzvvaU4DHgR/99yxcf+mUvV7tb5/4EP9945tAMI4bfjhPdCcPdtu4ow0rNjdhw7ZWdAXi8GU5MX1UIS44eshB7UrscLoBgxq+duujWcFNf65Th/q1ibM3J3KB8jsQ2nAzYjsekKDlnXwDXOUnixamct04mVulQyubsxa2Bv1p+cCRR8exZAApEjwY1MyVSXYou+guATLgEoQitASKL4tXnsW9tXqDdB833RrJxCy/uh7B0TIPN/OaRSfX7FBpBopBoSanUXExepg2evOxIGFzGaFrTrWC8DMBlUFTr1UXCFbrm/eGV2dlgQaws78nSUWfDTd/sQIdyxLTLnkClVuagLIe5qmc9Onfdu400YoMVrdix91vI97YofqVXSHx4Cq/YCayh5cIJy290UMsxytk78r7lqm7ACes1gCchVnCrXMXmSAnPQuPZGY7H1jWDePmULera6+sUASNF0L2hAEgepKoNTqPdywnGdzwqFoDgt4sP3e6qLBIELV0K62T40Ag2s3nkf5KG3skvB4KOSdT6LtwOvpMGogoXco/ZxuHd2MyH+MztuPenBsFdRmAFz6EkIEkosiAgwruMqmkJIODLYj7Qqfhqq7LpYSZYZzCD+XSxa+PAtiZbvh3NkuQU1g+g4JR2+dLR0AGUiiYq/0xkWQi7cCZgaa3PkLTm5uUs8myXbokdAhnZH2XKN5MlwShgmmkDtAvzyE+chTq7mAg5vmxz8bJg8fuCME1sAgV505H1pAS1L/6gVIaWMYWiTEzkwh1IARnWQ7KTrGoA2GxeZJEzcP74UHLarqBr0WKpG8xWLVmVhtQ046iAfn4/Y+PxLlH7r231tgRxvDzH0HHrnbYctx4+Kbjcc683VVLJEwkU5jznefx3qvbMOOYwXjtthPhZe/wf3MzixkhWBt4v2QuxpBUso70+Vg3QjM5ayEkdjwMYhlepAK7EHjvCiQ6PoSjcJJQCuiejTidT7odAEyD1OzZ6pupCLOKx1ugD9PrEsAJeXQMFiSBx1RomX8X3UtrAGnmJZqWVhaW5vJaYs7MmJjZGXFodVvdbeFPbp/aAVmE8O5KfHcJt8e4ELcDS17M0jMzpWDh1ElqajJGBmzrzhq6htxkIjmNuIb4Q/aeeP6FyuiO/MYzeIt6eEPyu/kZ7JEEoyhbOA2lx45BuLYd2+9+C5FKY5xq7EPKF81G7uh+iPY0GWWQE3fwpFjohD6sBYpypCRjz3Zj4JfniMOy8tgsny0bdj1IEejq9CTiymCQS8kf2Zop8NwXgy87WtCZ2+9+G50k5VrQdPGrKxN0JSfbtDNCzxdcxpeWSBve+EidxVkW4/sYjaH0tMmyGmdmynLTZ0n1pLfzFPt19Kn7ffZvsci7GHWJYvgQgdcegRNxxOFEIOVGLoNgIgs3B8/DP8InSMmS2dwhozPpHcdSpd2msmlLNmqZmeARq4Eh/TGKHnvQ95SJyJ84UBY4tECKNHcJ4KSLHoQEgfDP4ZYqjcuBq28+yk6dJFJeiUBE5N8izZ2ofnKVOgJYggK8yTzntiCyJ1WIADmvh96IHVRfIaqSwdeSwCOAxh9F1oRylJ44Hp6iXB07QixWpRNOZUQPNy3eoL0vq89o6ShWdmDo+BI8eMsJmLIHKXvPZ37Br97AQw+sl/34Cr1Y+9C5GFqyu60Ov/Ojv6/Cr29fivzB+Vj9lzMxsGzfMmG9HVeH8jkr0KUXBT3FGawgslswsDAqnKi5GFNV/8jWfyC86Q9SvvOM/T7cQy9WAriUGblxjmBw4ug1QclA+rXNlZRKTZIZZoKBzWUCrTXxc6gZoIzIhNkkc5OfSVZqkKHCkyNQhf07E0glKTW0JwGfkIjOH1qlzZ4KToJU6ubu9SjX8jsa7LSnqHkXr4VlVCsj0/6iZmsEPvG6FIxi9SW1xGqyWglwpr+XXlkQwSqdv7RF0b4A2V+YQHfZb5bib79dBgzq0y2GyNVsZwh9jhqFAQunI+YPSQ8rQFUIBiySs6Nx9D2bmd4gQdJZwCNOTCR4c1Cpe0G1ZnIEmridMnFQdouTmqw1XBlCHqfqRAfduo37uMtF2CwQiagwKyHd7sFFGHTxkfAUZGHH/cvQQTg3oemcPJjJDS0VMIwz00iN7dGTk7HBPmB+JppXbFdpL0463H9nGMWnTULJkaOlXMnV+OcxyJkcA7uSxfi691n8Juv3aE3mw84X3YxmB5KinrIxXoGfBi7B4ugRKLG3ItcWPDRUpmhVqtJ+mMHqxbXoWl+lAAtLkovPQpy2w3AP6CPWOpn9+ogSiN3lQMfmetQ/vwZxakKyb3XQKid7TMMMIgSQhGNSASg9YQLcOV5xpsjwuUQQgN5uSWb8Ypdj+hfMNBNJFC0Yj76nTkLX5jpUPbECMaqvWKVKa2JmPy6RRJ95I9TVwGbrAcKywZnnRSIUM96KOz+pdMLMriGABScNx8M3LkBeD0j/voLKe5uaMOvSp5BqYrk/hfGzy/HWH05HLntoZnvm3Spcdus7aNjUiFGT+2HtnWfBRSrC/+rG0psppclxrXYG32crg2N2ZFCWaaCFlh+FZC7BxotUvAuBZZch0bIW9uxhyJr9F0EF0oZHS4gKxe9eEzFAMhipbJv05SRgMmix1GkseYR/ZpVJLYkumqLSfZyfYW9TsycGhRQtg/h30bxktm6CjCyeVZZMMke5XF4DCeTW9fB7BpEraa0JqgKAMYHaBCLtMfIceDyWKQ3fzEcAACAASURBVBn3eJ4Wf9iUOeV7xrXcBGK93j0I7VblQQ6rPVPt4emRZV4QasQnx8gXItDd+vAGXPWL14ECowFpeCOymp02GAPPnS4pr2hFEuiR61MdwHAUpWdMQdGModJTE26ReXASuDxOKQm2L/tY+2ZhWt3bRAdQyL/Sk0sJyo6QcyGE0yBTpJJs8Pmc8gj87KlwwqOiSWEWBl82H57SXKEQtL5KAWgT5NqC8I7qKw7OLJmlVVj28mLT/btzaz2qiBhlQOcx24PIP3IUyo4fJ4ardEf4vAY5HbgpIZBPc27GAzk3INseRHvKh0jKCa8tJjQDr70LP+m6DL/yX4hshx/ZtqD8MdNC76dELmy8LlmwdAgFYB3itJOx6B0CPjDWOtE4cmcMFRNSgjT40iXiCbHjaXl7i2Zvlnhx789g90/2KFWyJ1h81CgUzhomgt3yK7sNze9skWMKMEYQjeZLXIw5MtQ5fMZQNL21Wa5HSo0svVoTtGSlSqWhEk/uqL4SsNlflGnDTtUXHwK1rQJuiexk6dao/1igk84I0BHBNy6djNuvmAWXIDZ7t/3jxa24+W8rsGV7myimnHnRJFx/+VQ0tobwwJKP8c/ntyBGyT6fC/ddNx+Ljt1/Xy0cTeDh17ajX7EPxx6xu1tB785ob58ifF9h+BYARJGKWjK0yNA6KWuWY+UwliSfBAmbE7HaNxBafTWSiRDcFWfDO/FnGoASYcO7U9CQhZa0YP4aiLTvpa48isa0HMMp4SWgE6uMKB8yvTk5bTN2rWAsIUHVVdThQIOPBk725zRw6+VpdqnSZcp9S4NRxKfOEL/lOCyj8zz18LoktQAw/Imqu+h91MxOy6oajIXuYEA1afkwI2StMVUuSt0aTGjr7i9amR8DrtHrTCNWvwDKKM+9X41TL3tKeT9pNwJmTkFVKPnKHCFIVz+5QlVPCNQwQJCCkyai7LhxiLcHlVzbI8ixZFn/6odofmWdBrmIct36LZqF/HH9VZFEBoZdDCVbVu1A3RMrtT9isyM72wVfZgaaW0Ni0IFAGPYsL4ZcepQoVlQ9sRItr25UUAOBAKacWX7edLHLIUVhr0HKEMKDNW1STqUAtfRjWvzImzVcJrdEMIIks9W9ZIKH/sL/73+TQ5pO46PslXgg7wYU2zvQltTSFakFbltMSpSkFjwdmYmN8UF4LTYBH8XK0c/RYigI1qp7H+dvJisuHOgo0fA61Uo265vKMqD11vI9IpTf50bR0WNQMGOIlnwcDgTrWtHwykYEKP/1KZcqqXJCgEvuiL5C0GZgjTO7enEt/MuNiwVRnHJTSAInsjgfAy+ai4wcD6oeeh/+9bu63S6syZlZYigqHollx49XABZRlcxW2cVxZYh+Z/uHNah9igjOLuPHaKpfDPr1fqme3HLtUbjy3LGHNEBaQzH8921LcS9FHTJdyC3xoSscR5IBlDJmuW7c+t1ZuHAvQY6PhPJhmyrbsfbjFjz9bhXeXUx7rEzUPXshSvsc2Hm6VydtBQiZwLUXppkENyPNZTh13eVGw+HmN+yazYRX/xyRykfIUULm+B/BWX4KkAyZsrZO4lQ+kZ4ey3iikqLpkWZR/DeBHAxsPK4l/6XqJmmvO9IURMaLJfMeXDlKg9ndsGcQLcyksFPmKqEeyO8MAdwETA0i3e+PXBtRKgyEUknUTFONXo00mdXvkyabBn6CcTSLM2hKi3Yg2auWP+0W3UE0PRmotC+s4BZzb3jvBeTZjWVV4I9yG3j+eg91ISLfM33Pz3VGV9kUwJiFDyJAGgDBJ1ZGRiucfB8G/T8NKszKGp9erRwh3oz2APKPGi3SXzSGJNfJMijlzSH/remdzWigkokI8yr/qPTUSSiaOwrRNn+6JEjlf3Lldt3ztg4KZwZ8bgfKSrKwq64LUd5zSns57Bh06VEChiHPrZl9Du6bqirNXfCOKBWRZepncsJJG6b2fBOTKUF00tByx51vIdrQrtlpqx8+AlvOnSmTHX30PgFc6dUb/dn6kBXoxmVsx8M5v4LLFhd1lAKbHxk0jJQXnZB5lruUp1OT6Ivbg2fj8cgcGfxOoSXsYyM3jhN6rhf+ylbUv7AGIfa5WHpjwLL6V5z82wJwDSgQ1KJvQKFA8ykD17ZmF+pfWa8cNIuv1htUpQWo2/PUrKwxHEPO5EHSL6MyDxcvzhwPAjubUUNgDA1ZGYg5frixH9cZRNakQYLiDda2YtcD7yJO8JQYt1pAB4oq6yKqz5zhKD12nFxnPMAJV3dFSgSz26Z3tghoRTJGVh3SinU2oKod3iIf7v31AizcC5DEuqwPKtuw+uM2nD6jHDk9ypI9L7stEEWfk+4RoWf4VGUoK9eDWDyB8uIsnDytP/J9TmRmuhAOJeBy27GrwY9Nu9qxtbYL1ZQAI7AmTHhoApMXDMObd5wMH/0WD3eT2ZYTvLUjS5zYog1w2FmOAprHpB25mdNw8ZHhQ9JfieCyyxEP7EJGn4nwzfwDbK58pOJ+yaoUZRhTWL1RTtFypGaSaY4bs0sJtBoAVIFFJ3kpn5rz1exKpeb050nAlSNZU2zXM7DnjIC9YAIQpwOFKWUSyCJu4yY7lEDXjWxM984EKKLVA1VnYVbIf1NjU50TtDrJwMR9MxtUeoP0/ARMo4FQaQT8pwlS4prQLRCt/UMzNJlYcBDyuuQMTElXIKIWb9Yq8xr0qiS0cg8Op0t+uKPo0L/fEYzhqG8+i7XLdgHlud2TUiAiqup0CKfBZMObH6Hmkfc0wJHQ2uJH9pQhqDhvuvCOJPPpgWZ0F2ShlbqAjyzXRRNLMYEICheMQ+n80Yh1KgqNG8njofo27Lj3HSTJUfK44HE5MGZwPjbvaoefkkT8bDyOfufORPGcEah5YQ0an1urpUZmcm0BeIeVCrpSFVX2YZdjSmtc4VU99B4Cm2tV9cRoa7Kn53BmyDXtNUge+q3+P/smCyU1yQIscK3CvTk3IZRyIsvGDDkDWxL9sC42BC57DKe63kOWowOhZC68Nq5SI7ix61LcEjwP+fYusJf3ic3qwTrsaF27E42LNyBJcQAGKz5zK8gFw5LN500fIqhKGqqyZES+ZPNbm9FGOgdfRqtH2g3B2/992zPQyRyZElUPm9eJ4qNHGWh/CsloQvq/7et2ihpLku4WaWAMUwUCriIoOHYsiuePRuvybWignB2Pwc/pVKILQWphluWh9ITxyBvdzyz0OBnphJOR7RbX+8ZXP9BrY4C0eH+8Tu5jVwcmzuiPf/7qWEwc3Gev1+kPx/CnJz7EDfevR/vHLbjiOzPwm2/O2Oc9+ebty/DHu1YrHajYB5c7Q5TBAk1BFYLmO8pzkf4UryXRTR3KccOV78XI/rk4blp/XPuViSIQffibli01jzOlSwOIkJ+YZy2+a6LWzyMagIUhl4sdjcON8M6HEV73awFlOAcvgnfcD1S3kv058slkZ5zkuR+iCy3xZtOnYsAUNIp5loYDp151lPxSGL9y45ihmWdqd6nBaoZH+oThTb9FeONtcGQPQebU2+AoOAKIdQh6WcvVxqFCSpV6gZp07e5OoOhPuokr109rlcrB0wUTS5im/yfoSIMSlRKvVfZVtKUCXqxipxY2d8NwmiAm0mESFJVYrk4IGYaAzmNyYWC4dkaSLN2/+7wGuktueAt3/X0FMDDPNC2hK89wXDIv9qk6NtZg5z1vIUlyN3sYzV3IHN1fnAi4aKAKSTrIGf5bsLYNlQxcnDz4grcx+xsl+oHMpFJcOXNo+jySCZLgLbJJWW5kOuwYM6IQlXVdaGzmy0lwSAglZ09H/5MnimlqPbUAuV9ysehxR+DJuTO0J0fB3T0pBDLSNPOgpmDV06vQyZ5hkZH2KsrGIJapsj2IE0H6OS9X7j452VCT7INrfA/hWt99UjZZHhuBW4Pn4KNEBeqT+ehMZmKBezV+k/UnDHPSHodCwvV4P3wUzu64TiYWj03lqvSt1X6FOA50hVH/ygZ0UmqN/La0A7hpJfhZbnajZP4Y9JkyOO0b6N/ZiPpXNiKyo1F7ccyqDme9aAFc6NJNg9STJyBrUJGMNxGAZkn1tQ/QutT4ull2OZxQSDfwucW9njSXhpcIoKneo1TJigSBVzERZGaQyyzORbSTBHCTMYjzQBZCdB54dg2Cm+tM79iQwMU+KiqiyOcsHIM/XjMPhfsgcL+7qRHf/c0yrHinEmDAiSZw/dVz8aNF++fBvbyyGt/7n2X4cBUFD3wYMTgfZ84bhB21ndhU1YHWDiJpiQ1ywGkD+hZlYUxFLiYNL8CYQX0wuiIPOb0AwvQuAFqICkVNdmdWppSY/pnUyHRuN/qWOslzEiYnI1Mm59CaHyNS+QzsGVnInHw9MsqOFkpB+nvCIdPsUfMlQzBPR1MGHHUAV1dwjUACLhGqgNWjMn2sVBx2/sjhpqqllCtju55FcMONSMW6gFA9MqfcCtewrwAJP5IJuqZoGdLynFMHA3OctFmrAmKUV2g3XDyS8eVgxqSVt4SgF+31qgqLKXNKeqbAG/m5idsC2BEdTQtoYnknWJQE7lvvsRoeaM9P1EaFtG6yvB7GuKrAYp7L5zHQ/eLetfjZz18HyrK1Jyar1ZSolOSfMAEDz5mGYE0rtv/tDcRaurS819QJ75AiVHxlnkwe0Y6ArlLkPqRkpR5u8WPn3W8jQR1JroQbu5A9cwjKz5omDXpt0pNP5BJYN/UkA3QI76M9vIphxXAn49iytUX6C+yXEBwy+KtHov7VjaqNyWMy6FI0ekCB6Gm6spSnt6+enCIBM1H/+odoenF9WgCX0k/sxWTSxYC0iL0Fyd691Z/JT7FM6bVFcE/OzZjhWokPY6NwTsdP8GFikKAryZVLpuyoSRZioKMBN2X9FfOcG1CTzMXd4ZPxcOQoZCJipGQ5LxBJ61Ju3LYGIXKnLWssvzS+HOKyHYR7UBH6nX4EMgcUSmaeTKbQsvxjNLy8UT9jATt6E+T2Vark8UjGjieRM2WQ9IxlERWKqAB0Qydqn1+LIPt/PJ7lH8eMpjME14BC9D9jsuha1jyxAolmv5YqBRRiJmsugBx2FB45SkAtUqoUWo3OMtTgJJiqfWM16p5ZjTjfGfFKNBMF/8+FWySBq781Azf917R9jpe/Pr8F377tbUSru/T97ApjyvQBeO8Pp8DRi/FZ2RzA1C8/hqYPGpA3pAA/unwqrrpgvByvtiWIZCIFrydDMpAick7/VZs1GcstMLUzQUXqbU3zvCRzMw4BIv1lQe4V3WjLyEKiaweC738bya5tcBRNQ+a038PuyhYUppYAWfozCE0TCDS7Uj6c6mpyntKypfaeLLdxS9vSEL+lYsg5UfuILJ3aPH2QCtQq4jNQCbu7EO6Kc+AcdA7gyoZNMkEGVkMHEB87RVd2Z60M3jwXC+ihmVi6fcaMU0qORrmlR5amJrQWid6AUKRsae6t0BQsPqIFeNHemwZdc15CQ+CdYR9TOXeS/zHTY+Yqvzf3y/LLM6Xfz13p8sWVNThp0aMq7cUVpcVnaQsic3Q/DL5orkxoO/75FoKbaoAiSmFRFSUTg//fkWBpUtCSPZBnVExhKaTy/mUIbqlPa0R6h5YIV44DS5QhOIicDjg8btS9sh5tJAOz1BVLwN0/X1Yx4V0tgFsRljlTB2PoZfPRsmI7Ku9+q7vE1eKHe0ix2OU4fR51997PJOApyBawS82j72nviCjLVEpUT/JG9UOEk9sBMBf/qvngX7VfDvvaRAFOcb+Lu3JuhcveiWu6vo1bgudiqKNW+wNm3ctXozGZK0Ty/o4WdKYy5U+OLWD4O3pzGDg4LbUs3SqlOUSjugjqee9YFowlkTtzCEqOGiULIAaJcGOHAE666CZBCyfhkPW2TrmXuyQluKT2y7xulC4Yi4KpQwQpm4olhMfXsbkOdU+vQrzV9P+sMUIllkBUxlfhnOHoWLcLLUT7MlhbeqpWltgRhHNAAcoWjEP20FIkI3FBVlqrY1YJ7B5Km+1Aw3Nr9JwY5KzSLa+xuhOOfC/+/LOjcelJw/f5yK+/fx1+/Jtlyt0bU4J/XjUXxXluDCjJQgU1Z3u5rdnWilOveAE1FGh22HHRhRPwlx8fDfdevOZ6uctD+1ha21IXSd1NSlMKN6hDRSJavTSrp8UypEv6SeFNf0J4y5/llruHfQ2e0d8StKEtYRy4LQCH8N7M4tvkdVoiZMDTHphoV/JnDgo9m+Ak6xWrX6UZZhoNyvJiRiZCG25FdPtdgv70jv8xXAMXSi8uFac4hgZLAZnwLI2kpiZQhkNnvSSC9bCUVKzsk5QHBlpDZ+hhqGq5OCgHzmR95niK/DRSZyagCXDFWqClFw7GJSItRG06hJKomKDOEGy5nEvp1kLQ6/34XAW67fV+zL7kcdTXdokdR/plbA/AXV6AIV+bLxPT9nvfQScRaeS9sfyU6caARbPgs0SNe6S0UhLMdKPq8fdV5Z2k7U7CfwsxcNFsKRdahG0OMiI42fdreHqlZn3JFFyF2bIKD+5q1pU0J5d++Rj+nQUI13Vgx99eEyFcmYTaA2JaWXHeTCF7x9oJDNj7eyiZZrYXgV3NEoRZwpISWySGsrOmooCqJ5QwO5wJ99CmgH/5t/gKVyWKcbHnZfwh9+fUs8L8tt9ifWwQCuydnzg+S5SkkVPYmT05OpOTY6fztSJjKeFGwElgc72WjtNi31bQCcORk4nCo0eicNoQnVQSSdGObFyyAbGGTgMgMsooh3oXGLCor+oPi3N92UkT4asolCxLSpWJpLoBsETNHq+lqsKB4g/LYqtw7gh4+vVBy5sfIUhgiohLG6sVjm8Rb05IqbLsxAlwF9BkN2ycpbVPIiLg0ZiUb0VRhVqVFrmd58ista4Lo8aU4B/XH4eZo4v2esWE9V9681u4/+mPZFIZO64Ed141B1NHfvLzW6s78PLKWpksLzlpOLL2ARj5sLoDZ135Mjaz/OlzYtTEMtx25WyceDDWOof6fHT6Tc+3KkhsfiZRQDMRnUY4wVskZ6MjKaVLWiRliTtB4N2vIUHbGG8pMqfdjoz8MUglumBLKVgEAqxSfpyUBI0os+5bHb+thXmaVpBWUVH+nC5c0rpd5hwTAnhJhmoQXPZ1JDo2I6PvsfDN+KNeXqwdtgxdsNH2R8uHVuDgtVncOHU9MGmlQSKrULVSIRxShpRzl9KhFazNdREoY+5nz6lKAp3ocnY7qBNNbVEftFun1Hm93+yZ0p7IUjVzGBALf22VQQ3Plhmypb0pAfNzAkbhs5x26VNY+fp2YBCVTwz0lS++O0P6VHkTBwmNoPHFtfrikyuXSKL8glnIG1+OCK1RrE2k1eyyyq9bvBEtVL/gSpaqJzmZGHTRHHhLcgV0YA0yEolpsyJuB7JwU4SmpzRPSmGy0gnFxN15xJUnSaN/2+9e1pIn990SgLM4V5wT3Pm+fVMIpCyeUhHnjiB2/ON1cbCWCa8zhMITJgowhrSI5OdU9eRAcxAHeCjlEfrAxd4X0J7Mxr3hBfDYWIrcdyZlrRmsYU0bGZaZ21ZXKjpSStk9BIg5oUdUXNszshT9TpmMzP75Us6OdobR9OZHaFu2RScSS+7qMBI5GUtcnCQSyJs1QsAjLoKQSB3I8ki1gXJj/g27tJfLwGNNul1huIpz0GfmMCTjMTS9tgkpkr3J9bOyPc4C7QHYPC4UHTtWuHd8B+IES0kcTImPHukU9MWj3mVoa726cFjlWwPAQm0XTjtrDB695QS49pFNBcJxXHjjW3jykY1SyRg3qQyLbzsJJfm7lxXXb2/Fn57bjAeXfIyOLa2iVnTGool48Bfz4dmHwWpVUxDn/Xgx3l2yTXrv9gE5WPr3szBjTPGBhs+n9Ptu5211LjD9KgOP12Jbt5J/97A0kcfhRqzmFQRX/0gyLme/BcicfJNmX/FgWs7KQjMqB80SaLYCKPltBlgiklyGI5eG0ZtzFCK5hRwxCzcGTFcOojseQnjtz5HK8Ah3z1V+BlLRLqMvadCKggqxkimDumQ2KPVP7YVZotA2J+kJDqTi5KsaqTDTPxMJPAlg6lAuiihS4jQu6Cbh3M1ZRLQ6DT3AUBrkPRbJRB5bA6UGQA3+kkXbnIrwFFSnJTzdU5aM52wAKp+XQHfRTW/jnr+vBPrnmgWDMSuNxNDvgllSZqJDeB0RlkLWNUCQhZNRPHsEIqQg7CbbQxduH1pX7UAtv8MXPa7K7AMunIOsgUVaUjQP0JnnQ7ihHdvvfBMpln4yMqS8lFlRiMD2RrVj4UMKRjH42wvgG1iEj256DjFSAIiOFI+7XHEr9xTnGNHofbyPBhHI/VHoObSFwACf7CN39jDx0ePqn5JTXyzwye73g6XIANxCGucgL7O1iX7lAaW9ROHELn2neCiM+iUfoP09oiMtoWOzWpegowuZ/OlDUTJ/tGR+/Ld/Sz1qX1ynNjfkOjIDPJzMmcdmH9kfgj3LIwon+ZMHCeiJ/m4iALC5TojZ8aYeRHXeEmZ1wSgyh5Ygd2I5/Fub1KuQ2ZBw6Myij2OQ1YgBRSITljW4WGTCEpT3kmwhJZJzjiwP2jZUof6ZVUhwISeO49a9twGtIVmw/eCK2bjx8ikIxhN45u1KfLC9DW3tIUwdV4qLFgyVL7yxth5HL7gL6Jsl/fLygfl4/8+noYx9awA7G/247s5VeOjFrYiwb+ewwTEwD4ntrSgbV4ItD563z6zOyqF+8c/VuO637wIfNOLinx6Nf/7kqE8pkO1nN4rCMB9gb8xEATMRW/BChYxYMHnDHTMgkP/P3neA2VVWa7+nl+l9MpNMS5n03ju9iwgqIk3EggXQexEE9Yrtt6OgWAAL4kUUBJUeCISQQEjvPZM+vc/p7X/etb59ZjImZDABopfz+DwCc8o+++z9rW+96y18cWjNVxDZ+ygcviJ4x98BV/m5SMXIDLaMkq3qogUlzTeUzkg7GaX7a/EQAgcX/wRHKaarlEQDE6Bq6dck9SZLGJeB1z+LeP0iOErmSlKC3VOAVKRNYFWruilkSgajSTaQ7aSlR+OxanICHD6h9QvRhHo8wq3SZfW6q2gPZsgj6cJnwZyWzIUZdFqQtR/m8/nZmpDA4mjn5/D7s9OUes5/J5SqzFLN6eMfmLvHhAb1INXPt4wLjI3av0Ohu++p7fjkzU8DpVmAh9Rv8/t0BpC/cDQqPzxTgiPrHnhZqNgCSXWEUHT2WJScOVagxyOtsFKS+s2F5cDDrxn3brt0gOUfnon8iZVpay/1sPQKbX/vQ8sQre+Q9+euOLN2EEKH2pXwQpJAWw+KL5qM4vkjsetXi5WNyYWzPQBnQbbAp75B6iF4zAJFUqDHITomOqd0rd6rHUhLDzInVUqSAaEta/F6++/4d/cTeqEL3d8cr5kii9BpdGB0jml6bj3CB9q0w2fnYC1UpMl3h+DMz0DJWeORN6lSXG/YxTEpu/nlrUhRWsBuSTnQ//qJ4Ou5KQmERaBNbZyPXpLUe5JB6bCjZSkNoLchxWLFY7UKD7tNuw3ZtWUCkXdvPoAI7cVYfNl5Wd9H0gVSyJ1cjeIzx8o1KwJwk0nGE8coJ+6AqRFtErNpQ6gx6ISc3OYAPFlu3PPlhfjEhSPw6Kt7ccsPXsVejgu6o0rrdzlxw6em4d6bZkmY6R2/eAOPvrxHzBE8eT6s+sXFGFudi2WbGvHROxZh344WIWFV1hbiA6fV4MNnDcWWvR0YVZmLmaOODof2P9k33vMafvXr1bj7W2fiUxeP/Nd/iwG90upeDHvSEhCmY3qUdKGrqhJR1AGkT0fl8Il2rmf59UiGG+HKGQf/9Ltg8/XpRhP0yGVBo0DczJWkMLALMYQTOV4Vkus/GohOqPzmNdIJpmCnBya7JyGX0Fg8F7GGlxFY+V+wJSLwjPoCvLUfRyoZgS0eMQis7MAUbjSibYVkVaMnx0H6JgsSC1s8iND6byAROAjfpG/AkT0ciKuxuVQjYYZamXhq+CxwZCpiijtdXViwlC1ql+cqSCluLKYPVMeVNCZrOku+vcnrEw2haumk4Elqg2XJkm5Njfzg38AZZe2edsy64hFEwok+sTt0PgmIMfLwG86UXKy6+15CzEptJhFk+jAM+cAUJIJRhQ77kE8oECYkScKKDPoJDwXDKDpvEkrn18rfxF6Hi4NARzbsfeQ1BDcfEPICf5CsUWWS8h1m/AoLa1sA2TOHiqcmC2LP6jqgJFs8ETnsr7hyjlDGo0wrP9ZD4FSlvte/sAmtz23UIhcIg+GXlZwZUoZA6GsADLYB3dP/KU8yCz4F/PSBbF66HS2v0B4rrj6iFjRjeUcGo8gcV4HSc8bBW5Ijfw42dIlAuoeEE6IC1gzvuOfIuiH7PVE+k36rGntTOL8WhbNHwO5yigCcRskCVT67Hj00gGbRkxmZ0dRFYnBm+ZAxtEjuebIiZW4m8gKDAfE67QpLBFXR2eNEO0oyC9/f6jr45dgxxgJhgUW71+ztzcXjLt2Cb/d3onpqGX5z5xlYOLYEjyzejctvfQ4IxOEszcTkkYUIJVLYuLEBiKfw9N0X4ryZg+VQHllSh8u/+AwcyRR+8c2zcMGswRhz7WPo2NoMV0UubvrQONx42RgMKdRO760+aIi+vz2E6oJ/7fVv9fOEtSgbai16lmuSjuc0ndv8COmFWpZrbgQYx2N3I7LzNwht/iFsrgx4Kj4I77gvIRVpR6JtDeApgjN/nJBBZD4nBiuakKBzO3Yt1s7OKrwak6NdjOr1RFpA+yyxBGNnRW1eAjZXjvhWBtZ8BbE9D8GZOw6+6XfBkT0UqUiHofYbJEBYkRaT0ziuyKyQZBpzENSnuTKQaF2Fnlc/hmS0G5mzfg7X4AvEwkwdWEy966M7lC5NnFFS0sGJusewSIVfkxZSqEenyBv4miSZlewwLfhTn6knWz9LCqpoxmwpuQAAIABJREFU+Wi1aHSE6YBZ4xNqUhBO6RldIJLAhGsew+519cAQOp+Ym5Ki18JMjLjxHDgyPdhx93OIMFeLEGFTF3yjBqHq6nmyYIiAug/5hLtapiKLs8gh7vSZKh5A3llj1CmlOyJQkpxWpx2ePD8O/J0ROFu06EQTyBpbLuy1ACFFQp5dQTjzszD8xrPQsGgT2hdv0eBTcURxSJRP1nDG/3BG+Cb0SCaY52agdVUd6smwJLMvEocj14+h158m80SST9Lf563fvf+Zr+Bu1uOSGRd9GRueXIfQtsP626YdTiwUICjOG4ULR6Nk/ig4fU4pjG3rD6Dx2fVIMNKIXZwVInq8M3aMGicLB6+j7jCcRdmScJA9ZrDS+gkhZvvQsfkg6p9ciwQ9Ndn58zN50bLbjCfhKc6BtywPkfp2hA+2KWrQtyslJBmIiD/qoPMnSVgwtYEpfq7pQklc4TXVs6cJB59YjRhT0fn9rPfh7I3ZjU09uOj9I/HAnWegKNuL7mAMNR/5M1q2NmP8wmr84uZZ0n01toUw+mN/Rcfzu3Dz98/BXTfOSp+hi7/2Iv7+8AZUTitHrt+N9WsOoXxoAX572/wBJYQf71S/o38nhGZ1TXLXKvTW+3MbnZc4gxj6PynzAullSrEJLL8B8ealsGeUwzf1ByIOp2g8HjgEuycHGbN/LcJtxLqQZLfYp2CpObHR76XttHgG1MuR0KF0fgJfagadvIcUySRsnkIkO3ci8PoNSAT2C8vSO/nbsLEo0QlFOsPemBwtqpbbSq9vpmU+IexPVzZih55DcN3XAbsX/knfgKt0HlLxLuONqV2h1BqeuxSz7zS4VcyoxTlFA2OtuJ2+o0Ft4Kz10VA/9ZuZWRuhTe2gFdLUJHWrA5XNiYTR8gkqvteul+flFCajXPmtl/HH364BKikKNyeBN3cKkgKeN74Cex5Ygq5Vu80cLChp3NVXzpYCeISAmnZPhBxdThx4fBW6yco0ziJZU6ox5IMzJNMrSWGt6ZY4w2tZvQcN9LCkl2YsAX9tGZw+F7qYgMDhfSIJWzwpxxOq70Dj46t05sGdN1Iov3SaZMIxZbrXQukot6zxsGT2GVPPuSsXR0eXE0OumC05YkJI+Q+TEZzw4mUgOYH/Xt+J5pe2IEVhM+3e+kJ73GnTVLs8D4POY9Epl1MZbuwSc+T2N3bp7l2cRAYIVR6ryImNV1TYsVlTayQeimxgmnQTIaAej/Bhy6vbFdK0oEqZnSuS4CvLlWzD0IFW9TPl9deXcCJdohP5s4ai+LTR4opDKDS9Eps5L6+f1lW70fjCFqQoZbBs8GQ3bAda6NmaxFdvmo07Pz4lfXn9bdk+vP/Gp+DL9eHpH52LhRMHpX+qb/5uLf7x9A786CsLMG98afq/76nvxsTrn0B3Q1d6pjl7chleeAs5csxs/NOiXZgyqgQjK3JO+PJ4q2+gdlHsjIzxsNWVm1l9X/A87ZzP1HXTEYnuzZWFePMqBFffIrMwe/5kZM35FYKrvoTI3idgz66Bwz9I2I82d44UurQbiAkn7SWdWB0VuyGj40vnxFlJAPS1pOaN1w4lCjQx8CO88QeI7PqdfIZ/sorUU/S3FDeTuMoTLMjUsu6iO4s0FJwHstYaCJOdozMDkV0PIrTlp7D7y5E55buw541GisnogoAR3vTo/NCIz62mVIqzWJdZ5B27dnbpkFmre2bnR8TC6iwVhtR9m3axmuBgYGIp7NQh8n9WoTMbBLlfFNY9ZQvdr57ajk/f8hyQ5wN8jIU3O92OIIovmYLyCybJDKvl2Y0qCQhGpJBVXXeasCVjjNxJLwzKsCQDr+G5jWhjQCm9+7pC8A8vRcVHZqtTClMGzBbDledDoK4F+x58VRlH8SS8VYXIrC5G24pdSPKH5ULaFUbhWePgLcrEQdqGcUGiDCAWR+klU8XbMm5BoendSr/bjzv8TLVeqnvoVZ0DcscdT6JMCmUloiTTHHdC9VZv63/f53MwTl9QEVVTNkBTZeomSbGXSB3z3XgN8HeNxJE9uUpmtt7iLOl6OrfVo+nFLYiws2fnx99uID6VxzptaW0cmbs+FC8cjbzJlXJPaqyOB6HGTjQu2ojA1sPGBs4QAkyRo9yF82NmCEZbutW5xGIlWtq47jBcpTmSLp5dO0jeO2kIJ9bMjlBlPBRF00tb0b5suxae/lZeDT3IG5yDu2+diyvPUnKJ9bj/6e34xB0vIG9IDjb+5gMo7wc5BpMp+I8Cnz/0wm5cdcci2HjPOh1ItYdw351n4PoLa497sR1sDeJzP12Ovz2wGpPPGYFXfvk+ZIghxDv4EPiPRUAGlyqkJkxpZCo6l2MwqFLfdZalonHpJBhzY3MgtPbriB16CohH4B5+LbxjvohY/WIE135NSBP27BHwT/wa7BkVQCyAFIODpXMzRsQyH2NXYgpA2tfScOvTZAvpAIyOTrVqNmc+UtEOBJZ9DMmObXCUzBFvTXn/GM0D2F2pE4qVP2cZIEsXa+ZmYkfGhZGRQGQ4ujIQ2XovQtt/BkfRTGRO+wlsFL4LuUY7RHZrXBtZdHTuSFKLpcVT2YXemmYjkTaellIof2H4FoumPT0HTSJlooG0mBE6ZkI54UrCnfQwthIZLMapJYBXRuYpWehW72rFtI/8RQNDicmLTRGE1EHz4trPnY3mFbtw4LdLzM2rVFSSPbJHlSPaX0Bt9G/Ny3eoBRchwVBM4E/KEjx5mZpGIBd1Sjwn4+EY6n63FDEWHbdDokxoA9W6fDvi3E1zMe0OI3NMObJqB6GeptEiuqSOLoCi909FyYKRGsrKwnesTow7bzqtuJ1i9hzYQgcMn3zXYr7HwlEyC5QF771uzhSwlMyueCO1b9gnm5d/kg3wtzCEE4ajFs8fjaI5w5VW39yJple2o23pdi1slG2I0ewJLKiWdi0ag6+6GCVnj0dmjTJ3WZCZHdfyRp0UOTWAZjSTIcdIcdWYIM5gueFKkFzCa8mi9fMp7BLjCWRNqtLZYl6GzpOtzEFJNndIoaT2sv7JNSodSEOVxruVhb8xgOGTB+GvPzwPY4/SOS1afQhnkwCWSOGFuy/AGVPLB3xyPv+z1/GzX62UjcPUaeV4+cfnI4OF700eT7y6H//189exZ+1hcWC5+KMT8Oevnw6GFr9zj77RNwJ3pWnywnzkfEyKiuks5MCUyCGXjnRz2UgyRXz5DUiFG2XOlTH7XjjyJ8qzI7t+j8iO+5CMh+HMqhE7MHs25SIB2MSf0hJMs0gYJrcxOdbZLVmJzLdzANS+sSgIJ8mwJUVSkINo3f8ivPH7Utw8Y26GZ9g1klYg3Srrm3R1BpKwulbL9USqiHZoatNFNnqmFLPg2q8guv9xOEsXIGPqj4W5aUtyE67zM8muszL0pHuzOlGeOWNXZhFdjDZOCShKUtHoHpJXosYZxSx75rcQP1DpODnLsxicLKTs6hxIJZRkoyxSJdrwn0+5QheNJzHxmkex9Y1D6mMpC7xqj1yDclB703my8O/8+SJlqLGrooD60mkonDpUCtYRaCwhwdwMBPa1YO+DS/Vv8QTsXg+qru1NCLdmGnZTdBiBE9h8SAqa3an2Sd3bDiNU16zwVigq/pIFs4ajdWUd4iTC0GePQa+njUbZORMEqpJ537E6ObngbDKvoZdhC1PCczNFFMy8s8EXT1YyzX+4jGDAC5klG8j1i/i5YRGFznt6bdX6dnGUgAQi8A4rRtn5E5FZUyIfw2DU5iWbEdx0WAkZJ5z+bY6esCFsyF8wEsXzatVgm4STLJ/oJZtf2Yr21/doV24lYkgXl4LLaRc4PGazS4Ejq1YtvMy9ykJIvajfg5KzxiJ/crXOnwlpWs+xNkw+F9rX7UP9M+uQskyqLecNvmdzDxCM4aprJuMXt8w9ZsfU0RPFqOv+iob1Dbjuuil44NZ5A/6ZgpE45nzmH1i3ZC8qpg7C4988C5OPkTgeiydxy89W4Kd/3iiMT3pjfu76qfjeJ6bC/053c6bTkAVeujR2d1y41YpLN5qWmTAXZO1+rCBghfs80vWwoJEY4ipdCP+0HyrTkV0PnVJ23ofItl+TQCDQn3/CnXDkjdFPjzP8WRmWuo4lYXMwa5CEjqgpdIaladluWVIEIbPRdDyGwGufRrxlJZx54+CfeQ/svkFIRTuNAJ1QIOdXND6w2JzsRC2CDb8HOyMmnxtZgCcHya6dCK7+EhLd++EedhV8o27qDVZl0SV8Kh0v39MkGsi5PJKaoAGpWhhlrmh1xiJYZ1HSuZzCx8outc6y/A58T54TOX5NXhBxuBR77f6kizPvL7/aqTajI3Tx85+vUL2cHKFxeUilUPPJ08TGaNtdTyOy31DG23pQcOYYDDpngsoIJKrH3JMpQoIU4Yaw74/LEGvtUgPeRAKDPzwTuaMHI0qtnHnwo6iXo+5KYnRYuBIQp4xIc49ql6yMsngSWSPLhGASMZIDzoByZw9H+fvI9owIYeV4OjfV8u3F4SdW6syvJ4KMUWXiypKMJ8TD8D8ljWDAK+XRnmh8KunL2LntMJoWbUKUETQsViRpWBpJ/ojUhjkdyJs5DEXzR8KXn4lIdxjtq/egefFmdf8XJqah5x/vwNLaqX5PtNxDusLwDsnDvA9MQvvgYnTS4YRwdJYX3Xtb0PDseiVL8drh4m3Bo8mkdCwZfjfIKuwifV82ouYCZjcnyQRR0I6OUKWvLA9Jdnwxk5+oK6K6nCSSaH5pK9o4+2NRI3JhtalcbJp6kJHjwXdunoMbP3j8/LhP37UMv3pgNVDox00fGIPbr56EYlrvDeCxbmcr5n3uSfTUtaF6chlevudCVNDNqM9j8/5OfO4ny/Hyczul4A+fVo7/uXoiPtoPRh3Ax52kp2jWnC7uivRJIZMOjsWhV5tlNAWq2eIcK50iHkBg+SeQ6NwtHYlvwv/ANeQCpCKtCm+6s2WBDm/7hXR2fH97ZiU8lR+Aq+J9sLlztagmAibvTbtKKbbi3m+lGRhinoyqeC1woOYQtmXs8GKEVt+KFANea2+Ad9RnpahSeK5UfBOAKkCC9d1MJ2lZZ8k1aLnDOEGReLTuYYQ2/wR2Vw58U78LJ5MP5H11U6AsFCV/aGYdOyyzORDfyj5SBrNB67UI64Pcync1Bn+WPMZc51rUpEMwvxVZrm4NbRULMsLNPBd0amFR5HG5Tq1C9+jSvfjgDX/XgTmLjMzlNAW55JKpYni758Gl6Hp9l4ZAtnYje8ZwDLlsmgzsxWYrTdohFOSS4rHv4dcQpNMEIcFAFMUXTkTJfCMit/RRHIXk+tC1jandy3WhCEWRN7dWFqxmhrZy98/FLZGCuyhTLrrI4Xad7bR2I2NSNSoupeFtSvLK3rTIMVsuLwORpi7U/fZlnQ8mkiIqp3MKyQvsBP7PMyzT4m8yTsOSkdb+GhfGBJBthM7WTIEEHun8c1FsOh/qHXt2N6FhsQlGdToVdk4rc//FNZKvJ5QYjSN7UpWkZVQNzsGh+i7E3C44XXY0L9up2rhQROUKFjxqOk+3ywaXw45oLIkY9Z8WTGcYk3Q4gceNgtnDUTR3hBhSq42X0R6ZOSUlFQzipUl1kFClzBuNwF2KcRI43IXqMcX43bfOxPyx2t0e79HYHsJZtz6HjS/vlQV53Lwq3HfLXMwYoPbtvmd24JO3LxIoctKcIVh81wXINfE5T712ANd/5xU07G4F3HZ86KKRuPuLc1DCmfy79kjouCTN9DMUdcutw+pMWByMNZcWGO2+GIMTrV+M8Jo7OECCzVeArLkPAN5ipGKdupKzgzHFLrT914jufhDJUD1s7ny4imbBXXMFXEXT0vICIXbELL6BRd6wmiQr+84wCx2Ew30IbfgOort+A7tvMPwz7oEjfxySkUbYUk7AQTcRZSOmmFjAh0CyhG3ZPfVmxekgTAIK5XXh1XcgeuDvOvOb+mPtHuO041Oxd7owCqGGxdfqtNgFq5emFjDjbykSBjMLlbmnbvL6un0KvGp1rGZOSemGWoqpBEEbbQvOsST8JkTWGFafMh3dgZYAxl7+CLqaQ6qXsyy+2rqFuTbiM2fh0JNr0fDnFcqW7A6LZyRp93TBOEJbZmyOnLl+icZpf2kLkEnySRD5Z4xF+QUTEWsPIhk3HReLTq4fkfaAJB4kjYFzRm0ZcscNlllHMp5SJwrC1nR3yDCLDk9yRxC+YcWovGoe7A67ULzftAszMBN/1LoHX0F4X4sSDhIpVF1/OjKrCv4j0wje8vplZANc4AN7m+X3j1H8zaLRlzhidf3hKLInVmLQRZPhHZSLeHsQrWv3oumlLTrDI2TIQnei4m/uYDtDsGd5UXLOBORPqUQqlkSA7iUMxm0LoPGFjeiiXo0Fx+qszL3Ie5JwJW/8KItz347RkiUYqH7QBVOQM7pMYMojNk+GVelwO9G+6YBE6yTF5YR2YEZaz/fqCANtQVx8+Tj86tZ5KGEn+xYe9W0h3PjjZXj08S0qixicg0+eOxzXXVSLKSMKj/tO/33fSvzoF28AnREsuLAWf/3WWXjujQO44vbnNWi1PBt33TQLN1+q0N27+RAnECl0FtPPJM3qUEs7CKurSzulmLmTzFvtCK6+HbFDTwtxw13xfnjHfkk7C0KXYsLM4hGDzUPEyo7o4cWI7XoQsdYVEnrqyBgMR+4oOLLHwFE4Bc78CbqQs3NK0MZNuxVJBI/HNSbHEEZsngIkgwcQWP4pJDt3wFlxIfyTv6euOCyWhAWluKjOjyJyMVpm0dPqo7ZaoiE0biOEtJxZSEY7EaTDSvsGeIZdDd9YdowRhT4lzdyI64XIY1mG8XyZiB7z/mZAKDNCsS8ks9ykqWvUDs+1iQyyrMekq2aRVHKO2n0ZUo6VbGAMuO10e1FfalP71LvzlCl0Z3z+SSx+didQSR9LVhOFoJz5mRj53xdKTtbuX7xg5ospsIgx4sZTkCURN0d0PpzLMUB1zV4c/ssK3eH2RCTdoOLymbAl+3RcspiyNXdg/yMrEKBswOOCKz8TJeeMFdaasCAl4SAFh4O7cBvCzLjjYkUGXFE2qq6dD3cW3SiOEbdj3cHC3LXDkeXBoX+sQ8fSbcoADcdRctFkFM4YqtZjJ7IYv5urxcn4bEN9Z6I2LbJIxW9dsRspSj+kMzJrkUU46QrBnutH8ZljkD+lGu4ML3r2taDp5a2aNcdNhAj/T/DRh3CSMWqwWIb5h+RLlyWz1kyviLrpxhKle4kV4trnt2RisoIC3EEfObuQPxBWjSeQO30oik4fAw+TtjtCCg9ZoiNC7GRV8ty8uBltRDj4WrG+MzNt/r8Eltrxtc/PwJ3XTTmhL/+jP2/C1+5fjWBdm6Ad/uo8nDujHHPHlmLi0HzUlGehsvjoCQWf/PFS3Pe79WLOPKwmH3v2tiPZE8Ww8aX4xRdm4czJAye6nNCXeLMXm4VS3UD0iZa7vurZjIdi2jGf16DOtIRV6MhAKrAPPcs+iWS0XUgp/mnfhzN/sua/WRCCBZezs5MOzI1ULIjonj8ivO8hpELtKvh2eGD3l8GePxGemsvhzCXUnEQq2oYUeC2rQDoNp7JTc2YivP3XCG+7W97bO+7LAommoq2G7MFFPyadG+UIcuwmV071byxKvCjNjJJFj//N4UX88CIE1n0VsPvgG32TFHEkuE71EnMUVOwjzbGkAyygkqFnSQsMPC8dJLtJZWPK/FN6NQ1slTQCkQ0o2cea14lgPBFDMkUYlpc4pRXGL1OYzyZ2iGu7FPFThIxy16Ob8cXbngPKsrV4sPqTgBFLouq6+cisLsG2Hz+NOHPiOOMIxjD4o3OQO34woq39tGUyr/BJrArJJxKgGksIkaXqqvlwep1H7IxZIJ10Inl+A9pe2qpuGIkUBl0wEcEDrehcvUcXLHPxOxwUa/InI6SqC2zlR2fDPyjvn+J2+s1g07cZoaa2tftw+NEVOpcLxZA3dwTKLpwkBJYUu8f/owxLyYzzuURvFtjbisbFmxSOs8JqraIhWrWIXCf+2kEoPWMsMkeUSmfV+sZutCzZiiiF2JzhvVkw6rF+pL6Lotw8TP8OweZ1oXDeSEn/ZnFhfJOHGrlwDI2Lt/Tq8WgkYEGQVj1LU8T7ETwt2UBPGI6CTJScNhq5EyoN4YTpFuZiIFTpdopMIVjfIYSTEGOl+npxcq4XSQhUOXh0Me758gK8f9aQk1IfXt/SjLsf3Yi/LNmLeH2PJjD4ncKMLivMwOTKXFz3vpG4ZH7VEZ/HU3zZV17AX3+/RlnUREYSKfz1rvNxydzKk3JsJ/wmYl3FhdfYXpkSlqbBS16cMVxOdxdcpPnflQQS3fcYwpu+r+4fGdXImHs/7K5MLXTyG1qzMWPxxYXf4YDNkSWfFmt5A/FDLyAZPIhE924kQw2yDjj8Q+CqvBSeYVcJoSVpzfusQFOeYE82EAuhZ/knkWxbA0fuGPjoa+kbpDo9KxRWZACMB+JFye7NShswdmKysqkuT+dubticPoS2/QyRbT+DM3cy/JO/AXv2MJUVCORJir+ZERoYV08KC6tu0ASQlDmabg20M7b+n7ZllsBbIdT0uTb2oSrpYMEkqhY3sKthuUvd1PR5TVCwSDVq1Sbl890mo2ysa8e0K/+CCG9ODrq5oMhutAfFF0/B4PdPxc57F6GbMSIFGeJiUnieuvdHacjbV/dk4BwSUvb+YZl6TXq5U7Gh6toFyKwsRLiVrt29Cwc7v64djdj/4CsKC0Ri4lfJ92h+co2Kv7l4WBCwbPWozaLFElBxxWzkMBOORbjfotmLGuttqAGvPgTrO7Hv90tFoM4i560uRvW18+R9xbrpTViaJ3xDn+JvQHs23jhNy3ag5QVmxtHCy7jzW7M4nlgzvyqcP1IE2exwyKxtWrINHSto4GzYjccjnByv0FmWYd1heIaWoPT8CciqKRZtJH8n2rVxBlj/zHqE6ZTDMFDvP2fV6RzBiG/7/wb8zaMJZNAH84KJ8JVkG1mKmZnoxQOH3wu724G2dXvR8PQGFYATirRYlTxWQpXNAVxw6Wjce/tCVPyLlltvdpks29wkou4X1zVg65422fAhGFckJtODKy4bi9/cNk+SwK1He08U7/vsP/DqkjrNkewK448PXIorzqw5Na5IKXR9CT489zy0XuKGMPvSQmWLGEIImpsaiKdkovE1EUx7hl4B79hbxFQZSXb8OvYQqFB0eYZPkPar9MLmUKJPKhVBom0jooeeQvTAs0C4HTZfIZwlc+Ef+yXYPPmaI2fy36QYu/MQq1+K8LovIxntgLviQ/BN+ppCllJQDImDRUk+xXRewu7lvE7XMxUUm46PRcJOT1U3Quu/KebUrpJZ8E/6JuDlprJTHVEIX4oNlynmsmEw66RV7MR02qfFjoG0Ivq2uj9jYE0CiZl/qkSTyQ3KxJR/Fus1PXaJ9jFdnqAdzOyjWN7AzFLYySJNskOk+fO76IwSS6Yw+arHsGnNIcHqpWjxGzKYtKYYI28+F01Lt6OecznCe50hZE6uQtVHZit1vx/tnrsKztoO/n01OigKF8uuGAZdMg0FU2tElmA9xMmddmDhqHhexpjQzZTnSZXIn1qN/X96XViPMguyKpaZmxJmZEEs+9AMMYAW5mafBZP/yFvc77KjJ252PEYnRYh0z+9eQXh3k+zmnNlecVVhIGycC8b/RQ9LXpQuJ9zZPgRp4fX8RgS2HNZz31/8TSZrZxBeFp3zJiB3dJmkTnPxb3phM6IHWnuTuE9I/G3gURY0lxN5s4ejeG6t2rB1BCWnkLNhJo5TdJ5isXorTE7+ztRXEnbP8IoRc/60Glk4aFvXe6Gqg4l4VfZE0LhoAzrX7tNFIu15aVpGzrzsNnzrxpm4/drJbzsoEIrEsXlvJ3Yf7sTyTU34x+v7Ucew1GQK888chofuWIAhfZiWvN+//78b8Pji3aguy8SPb5yDIcVHMjHf+apnbm6rS0vfyMa5Xxo8VijKDKQMGcGy5UpCa55MxNu3ILSGTigKPfpn3g1n4QwzGzOLg8DPOjPqXVQkZkD9Ipnb5iTBiiYC+og1LEVo811I9uyS+RlNlH3jboGjYIoUVHaLTCmwOb0IrrkDsYNPC80/Y+oP4CxdqGxPq9uR2kGIz5rJ6fFIN0SaPmdl/P6cnRkYk5o8JqGH3vhvRJteg7vyIvgnfM2QWSip0a5N9qCiu+N78f91UyDwbJ/vo4WcWji9xtPpD1LkRF9hvEU5rzNygTTjlV0h5QTs3oyFmXSJCtdLFJAkOfA2YJGjZpAEwndZMH7b/avwve8tVSmBtQMIR2G32zD85vOlmO355QtIcdAbi8NdQvhxLpw0NiZhpF/nwyLH2J36J9boXKY7jLwFtSi7YKIsHiLc1mtVRLx0Ujnw2Cp0E56kI0VJDsovnoL6p9aqtyBZmn0HKRZRoDuCovPGo+T0MYh1kF7bt93TS1hCLwhtCcypX49MyvoXt6B18SZ1qognMfjDM5A75kiZwzt/s79LnygYj02c9hORBDrW1qHp1R1IslsT4oih4lsMSTIO3U7kT6tG8Wmj4C3KQaixA82vbEMbLd0I+VohpUf+JEd+weN1cfyduYkKRuEpz0XxmeOQM7JMrjlufqjLDDV0ovGFTejZdOCfYdXjnU7LIoyw68hBKDljDPzl+QKp9zcgp4cniU/MO+QGILKvVb+jBcdaEof6HlSMLcav71iAc6a8OzOvtu4Ibv7p6/jDczuA9jDmnDEUS+46D45+m7cYTRlOGdTCKnRcgFm8DOvSQGuyeKcd9XstqNJ2WywI1M7t/C0iux8URxJHdg0y5jwg6QEKW1odlNL5lVZI8oou7ErksBZ544wikB/nbn4kg/UIbfoBEk1LkUzExE3FW/UBuKoukwWfnWCyfYNYjMW76+AsnoHM2ffJ66WjS5OdjMm4NS/5orBrAAAgAElEQVRj0dOq0BvaakTiFGPb2Hm5cxHv2IHQmtuQ6N4B74jPwDvqM2olJp2iyasTyJD1j444PhOlo983GTiAeNsaJFrWwpZVCU/FxRwyA3FllWt3ZoT4Rt6gejo9NnZsErpqeX7q4K73NbLCGg/QBAX1fD4/WwNrxaXl3erolm9uwpwr/6IzN0M5FieLrjDKPjJTHEE2f+cfiJJlx+fYbaj+2AJkDCnQzqzPzaMhpX6xgqq7/yX1iYwl4KspQeUVM+VkJjir63NzMd27ZflONDyxWjsHm01gyO5djWrgnEcngD4rFv+ZBa2TWrlaFXMz66tvMkK/Bc5qUHmhpUNbH1oGuAiRxpF/GvV/Y6WT618sj7dW/tv/PS1wdiN4qE3mW5IO4e7HUpTNRUIjdYpzUHr2eBTOHiZuICQbkXCimXHuXourAZ2co1Q7axbH7iyWhH96DYacPVbS48nq5cbI4XahY9N+cWOJNxrCSX8D6GPp7qxriJC7x4XCuSNRvGCkbLoUFTALh2574ZJoIbtcp03Pb0CKSAJRCushUGUI6I7grHNG4L6vLURl4bvXIQXDcXzv4Q34/iMbEd7bjrGzK7H+gfeDBJxT/aGFiwuiwsVpGbgRbet/07wz1dWxM+JuNkNeR6Zjomu7ED/ctZ+Db+RnNJjUStyWc9Br1aVsRNaBmMz5bHY3kuKEYuW2GZd+2oURqkzGEd1+LyJ7HxFTaHZlWfMfhLN4rhSc4PpvILbvbxKZI+GqNR9W8bm8Hx+GtC+wodGaCb+GcK3O60xcg2bD8Qw46MCShejBZxHe8B0kEUHG2NvhqrhYoFPO0iRYVSBdavh6rz3OGeMt6xBvXYNEx3okA4e06MY6kTHn13CVn6fdqMgz2M1xbqibir7W2VbHqPrB3qvIIg2Rvan1j2zWqByN2papXycLpHBe3o1C1xOJY/rVj2HrmnrjfmLw6lZmrlVj2KdOw75HlqN9yQ7F8zuDKL1sJopmDUOEEGPfhyyYLmmV6x5ahvCuBukEHFk+DP3U6XBlehDtDPXS/SklyPGL52AdQ1Q5JwvHUPS+KXD73ThkQlhphis01b7sx+Zu+CdWoOojs6Q7pJfgcXVuJFewYwmEUff7VzRKKJFCxtghqLpilhTgI3bxp/qKcKLHZxZzQnEsVi0rdmv2G3WH7FQsWyzdkikLMZlC9rRqcZvxleYIA7fxpW1oX7FTM9WEiflm4m9rN/gmB8/P46aFn1eWi9EXjEf52MHY2xmV68Od4xXxPuHR9td3arfJ45WiNICTYr0/xd81RSL+Zjiv2H1ZPpWmwBESZdfIeTK1cT0bDyppiTIF0wXLJx7qkk3aV2+ahW98bPIADuLtecq2A5148LmdeOCZHWiq65CNSWFVLv72/87G7AFq9t6eIxvgu1phnWbmJbOgfr+rGjj3dn+qE3MIIzF28BmENn7HuOwD/jm/gzN7uMKYQqBwm0VcPTPlnWRTpd2cFDxZ4NnZGQ9KIYQoYYN8AbsvXwqlfNbO++DIqIJv1GdhzxqKeMcmBFfdglTXHjjyxsM/5z5hfabI/lRnZutDTQfGmqaMR8ufUudffeQUZD5y7ubKQnTnAwhvuQfwFcM/6VtwFU0XI2fxmLTihHikwQOItW1EvHkFEu0sboeRjLYKfGn3FiMZaYc9swL+qT+CM7sGKbI2zebBgixFbicbApZ/JZVwo6SbjF6IUjLujARdfxmyUAlVGsKK7hW1cHIu+W4Uupt+tgJ3/2Q5YHns8Ucn4yzHJ9E73bsbcfCBJUoECUSQO6MG5RdPFS1Rf99IEk1IYDi8aDPa6Gbi08Vg8GXTkDehUkki1oNF3u2Aw+NC3R+XI0jyALPlJlSi5LRR2Pvgq4i3B6Q7zMv2oLk9pFwXXm8dQXgqC1H5kVlSWNMG0Me5l7hoUXC+/y9voHtNnVCzyfKsuno+PAUZ6jj/f2QuRwjC6XWrY8ieJpFuBLfXa8d+tFlcTxjOkhwULRwpKfHseslWbX5xEyKElllo2AGeiBTD6rIYn+NyImdSJXLn1aKqLAe5kSi2dMdENtJFA+jFmxHhDLCvIPt4a6ksaAx5VX9U5tEVTB8Gp9+l17M4+ZitqgQ4u4RZyQTwphc29XaNhOIl4ZluKXEpcqOnluOuW+bh7GnvDlRZV9+NHz6yEQ8vqUP7rjZhQ5M5fclp1fjOJ6dipOVudLxz9G7/PS0Al4vB3PAqM9D9luCKOouSzoLkBtoP6loTfONGxFtWqUNN8Rz4pv1QCyVnaBbxJO28b3kwppQSb8yKpcDJ7EkX8L6CdHU+IUPTJxKCZKRNE7zpCOL0Ibz9bkR2Pijm0J4x/wXPiOsVMpU4nl67LfHrpAyBCxpdUiwzamFYqoRCPCctM2WnX0gjwfXfRnTfo3DkjETGtLskdkj3ZHGkAocQ79yKRNs6JNq3ING1w8C1dlDX58ishqt4Kux5E5CMdMKZPQL2nOHCBNXPNGSf9IyNx8Aul3ZifGhyuUYTqe5OCDMmgFa7P/6Nc8KIagHT2kLzfEmAf4fJKK9saMDp1z+OBHfupCbzOHmzdwRRcf1CZNYUY9sPn1Y3ds5DyvMx9OMLpHOSIX1fGISQYGEWOjcfxIE/vabvFY2j8OxxKJX5GRN8+2y3qT/K8cscqPnJtTLHs2d6MeyGMyRHrmvlHtkhT5lYhrauKOr20tXepXq+gixUXzsfnvwMRNq4mxkAHJNKic6vdU0dDj/6hkonkpC5XM7owTLf+3dhWFpLgAFgBtTE9N1gEAYhFEcaPudpzct2IMUiT1usdJyOWU/4OyeTyBwzGOUXToK/olDy1Bpf3ISuTYc0540zvGN2cccbwpkjk1kcu7ioyE+KzxqH3NHMGowhForJ8bLjpxl46/Kd2vEdt3vss2pb7NxYHN6aYhQvGIWsoaVIRNjFMU7FKnBKOCE5igSrxle2o325MZy2LOfkKxmoMhzHVZeOwU9unYd8yife4ceyzY341V+34NUdrahbdUhmzY6qXFw0bTCuu7AWF82ueIeP6AQ/7ohCZ71X7zxfF34+9PeS7oFSA4cfiZaVCKy4SQTYJIf4J3wdriHnGliOTECFRHsLqL6DshvJVjTEEGFDGqKLYSOqb6SB8ki0ED0a13VG4URh9+RKinlg5c1IdtfB7sqFb9YvRXAOIaFwvTHEEJEBGKq/XHeWNs3E4cj1pShWiobKLIbuPHFlCa6+DfHGl+EecqnAosnQYcRa1yDeRpMCOv80IxlpluuZDi+OrBoRutvzpsCZM/zIVHXZAPSYY2FHabLjlKRhSK1xjQ/SampILuqjKVq6lOlEDRwsMz7pSDie4uxTtXgmZ0ga2ne80I340CPYubEeGEzDZrObbetB1rQaDLt+IXb/+iV0kRzi80i0TuXV85A5JF+TufsWF+6eMrySmlz3wBKle0fiyBhTjsor5oiZ8hGQIGcepILXNWPfg0u1KMYTGHzFbKH5Hyaz0+mApzwfpdUFOLhqHxIsTFx0XXZUXTUPWUNLFDodQI2T3V2mVzq2PQ+8hASJFLEE8k8fI4t3pKVrYJDXCd7DJ/ryqM2OHrsTeulrAfGkkshOxsVnvI8E9JgfRUE+f6ueuiY0PLcBYWq/qDOTLs4sIrxoCUPS7T8/A4POnyBkH86umpfuQPOybUhSF8e5Fd1GFO85ymMARc4it5CeDyB35nCULBgljN1YJzcxdoGbe/a3ovmFTQhuOaTdoxVzY33qsT7K6uI4dzO6uyLO4hwO1Ula4m/ZsKphAT8vsL8VDU+tU1kMtXHC+DVtBe+Vhh64cr348a3z8LlLRp/oT/svv/7sW57FovtXAaVZQJYbHzl3OD5/+XjMGl38L7/nu/7CtGDcEDTSxc0cWVpeZyA+dg1wSLcTq/uTJAbYMyrhn3M/7E7C8t3alYjpsKHHy17FEEJY1kS4zUJHdqExEJAiyP/pnEwXdy1STNLWxV/dTWyePIS23oPort9LkoF7yLnwTfqWGEhzPiiO/tIdsls06QFCNtFCJ6XbwJfa3bGQ8ri0u7N7CpAIHkZo9X8h2X0AjqIZsHuLBJZMdO9Ro2penw6fFDdH/iQ4CqfBWTAJdrfJEBU+Cu0NqQcl/KhBqYoqksnKb0hpim4k1NOTuXVGhiHdGE8IvwvrBfV0TtgEerVeo1l30h1Sl2gxMeU7KsP1HS10X//9Otx552Kdy+lZBgJhcSEZcfN56Ni4H4f+uFxnEV1hlH5oOopmDkOkf+yOCDS1Q9j/2Ep0vcFOTOdy7Lok5LIvK5MbZo9TUgjq/vCqRpckgbzTRiF/chX23LdYBv32LB+KZo9A8/oDSLZ06omMJ1B22QzkTRgiDhUDfdicDnFA2f/oCk1BcNrhHpyPmmvmSsk4Yi4z0Dd9h56n3ZsNrQ4XspJxTI50oDQeQX4yhiaHG+s9OdjpyhBwIZcssKOMqSQvjrPSDLd0L6JvW1OHFP0h2Y317eJ4ounEn0giZ1oNys4ZL+na7Rv3o/GFzQjXNSrLkJCh2e0e/VQMpMiZWVwgAveQfBQtGCXdNT+bUCI3J/xCra/vFkeWJLtO/rf+Wspj/RbcidLbMhCFb0Qpis8Yg6zqYjkHCf73PjAlv7Z8HiAi96aXt6k2Ts6PWQ34/wySbQ1i+vwq3PuleQOy3no7L5U7f78WX7/7NUwdX4qvfmIq3vfv1sH1Pzmm65KrRzZe2mVpWreBLWVfZWBA0UK7kQo3o+e1TyMVOChbPm/tDfAMvw6pZMgkbPPGMIVOOg1jISYdnpmJWLZgkq3Gwke+AWFqJpwbQoV0nGQSmk4lpQSVZOgAAq9/FsmeemFn+qf9AM6iGUiGW0zR0I5IuxvqiTWEVPerXPx1pqXCcS0s8jnsGBGXYpXo3I7Qmq8gycLpIOLQrmxJuwv2jCFw5IyCs3AqHLnjYMuoMDPHGFLxsNHL8WT1MRc3xs8KzxoijGyZlZgjxU9qsDVzV0jXsoRW2QP/ruxYzu7sAmOq3IP/LmeWBdFygGFxfaegy1XbWjD7msdAajF3gfKg2Wwwgopr5wk8tf2HT+vMIhhB5oQKmYclAlEkybrr20Wl2FX70bZxPw4z7JQ7FLsdQ66YiZwRZcrKPILpZZPnN768Rc2Zk4CrJBtV18zH4afWIkDDZxdZcMPhiCfR+NouNZXuDKPw/PEoXTgaMWFGDqR/0a/mLsgSeK7xb6tl0bL53aj86BxhjR7XJuztXKWO8968xsLs4mxOnBlqxsXd9aiJ98BrsbdsNjQ73FjpycWTGYOwyZ2NrFQMmcmEbspMh0a9GX+Drq31aFq6DZH9rSb8s89MTaBDpfE7i7OEoFEwfShCh9rRtHgLOtYw1sboxd6UbDKAE2bN4kg28bqQN7ESRfOpi/MJo5IbE84Og4c70PTyFvRsOKASFYsAcryP4HfhtdujoasF04Yif9ZwOH1M/qYRc99ZHBlt+nlECBg31CPWc6aYW0kMvGOZAO514qaPTsR3PzsD3nc0n+3oXzoUSeCN7c0YW52PAutePt75ORX/bhZ86Xgsb11ZRHuTr6UAiGExF9Bev0su9NF9jyO88bsiliacyHBTzrFSkU5jeWXuB+rjrIVcwlx1EZcuTZ5inDw4nzOMT8vdQ7qypGrOhGghf2e3VYjogScRXv9N6ayYHu6b+kPpdETIrZ1EerYozEa+P+d2UkeoU+M7UpRNYbjO6dRKy8T0uHMQP/wiQpt+aIohnxKGM38KHMVzpMg5GBzr9PZq4/hdxJOTMGifRASeI3E/4WEZrZ2Zg/DzBKYllMtuTfR8BiY2ujodQWk8kf7FJEyIMJzZdCxm/B3ZDZoE8gTJPuwQ30Hocs5n/4Hl9LKsyevNmGvuQvbsEcI+3PmLFxAiMcHrEhin5vrTNACVQ/z+kGW2D9HmbtT9fikS3AFHE8hdMBJDLp7yzyGlhCwZttnSjT2/fknnLKkUht54LkL1HTj80Kvymf7acuRU5qNxyVYkuWiFosidwUy4KSZXro9LxZvdtIQsKe5tD2LPb5cgQUg1lkDJxVNQPH8kIi30vTs1H7yAOAZucnhwZfcBfK6zTsbvnXaXnBMjNYUvmUBBIoZGpwf/m1WOv2WWy+ty4xEwz49dCklATUu2ooNzT16TTKSw7jsLvuk2vo6zhqH8fZNhc7nQ+PxGtL6+E0mK51ksyTY8EbKJ3O8kcESly3JXFqL0rLHIGlEq9nDstGgabXfZ0b7ugMxqk4SVSePvLxs42s9mfSeyRsMx+GtLUXLmOGFUskM8Ej7X5YrhqiSdMDeOcUMxyhQ4i7O0cZaN1/4OFI8sws/vWIjL5p0iVlmn5qX7Lx6VYt9qG2Xqm3mnNCqevvZYZAyc5vBJ5xN8/UbE21bJbM5VMh8Z036k1Px4T1pHpmbJhlVuCWqNVkwKjAyQNETVWqzFgsu6rmTRJ7RnjpXFyZUphTW47htI7P87Ug43/BO+CteQC0XHx8IobiBilmwFqKrZMU2YBaYU0gsxGd7VXNvcptHjHc8CbBMySfzgUwis/x/YXEXyveDKQeacB2D3l8j3luJFaFJy4JRBKgXJdJ/WVFOTxnkIVsIMvxeLEDMV6VnJ4mQE9ZKRZ4T0hgikxS+FpBBzrKghtVLT9HF+D6sRSWk2qybSWYnxJ7qKHP8au//p7fjELc8DhT4TRaI+hXa/B6NuOR/tGw7g8B+XKUSUTGHw5TOQM4pkDdos9Xl/I/R2ZHiw73+Xo2f9Pp2rVRSi6so5AhX2hwS5c3Z4ndj3yOsIbD4oi27+aaNEv7TzZ88j0R6AIz8TueMr0LnpgKaHJ1PwVuSh+qp5soOQgMsjOsRjf2c+35ntwf4/rUD3OjpYAP5R5aj66GxZWJP0BxzIjO/4p/WkPkPvKxsOOjz4cM8h3NKxE102FwJ2h0Hze+uUtQhkJOPISiXwircAP8odip68HOQlYmhnYsALm5BoM8LvvsWKmxZqGrtCcFcXofz9U5BRWYR2auKWbEWMrEbKRTjDk1XoqIO4gX13mZWl1C4sw4t8xt3MGgaXz40of1OmCGT5EO0MoOH5Dehexy7OrvMxa6F5s0+yxNpMq8j2oXjhSORProHNxQDVyJGp8CZuiEGsDGSV3DgRuTNuiO4RliUTnYFCInO46H2j8PPbFmAI75v3Hm/PGVDMzMB7lnpOK5Jeeka/ZZFCZB33INbwCkJrbtew0XCL2GK5Ki9R7ZyQVcwsTWBIy2hbZiFaSERH1ycLjsGlMq/qk3tnZAdWbqImd8dh9xYi0bMfAUoKWjfAkTUUvpk/gz2rCqloi5GgEOZXuFRmVvJVdMig2msbbCyuwmpkkbEcTjSaiAhEyuER5CG68/eI7HoIqUQP3NUfgW/crerkEgsY1xjLs1ITDERnyPcTIbrKJnrXT3aN5jxbw7o08UQ3ghrcyvck+mOxRi1hu3m9FGrtDuWcHSH05/flX8li1Xnj2w5dNreHMeqKR9Da0KOGrpaXZWcI5VfOQfawUmy/6xllWYZiyD99tJA1CD/+k4ia3VleJtpW1aH+76TzEiN0ovqaefCX5ylV/4iCRAJKhuychfXIbqskB8M+fQYOP7lWWZaZXmSNHCSxOJFDbbrIdQZRIGLucZJYPtCHeFnmZggL9CD1eHTP9nlRdc08+IqzEHsLBXOgn3mynsfLosXuxoRoJ77Xskku9k6bs8/8zQJDeguPNRHLTcawMqsQX4+WoP213Qht3qcXuRgbG/TEWshZdLwuFM0fjQLOX9u60bhoE4LUP/I5Vm7bidh3WSdFhN8J+IaXysaGob3xABmPEbh4bC4HOjbsR/PS7YhJeK57YB2kdY0RTaC944QhYg/mL8uTjVZ/cwK5Duhw4nWiZ08LGhdt1Gimvg4nFrTa0IOsogzc+ZkZ+MLl407Wz/ve+xzjDGjDYLEitQNI70RlvqXkCVlseE06OXaxCRMxVr9EzIgdOcPgn/ULyZkTkTYXWIGqjVYt3cFxwaW9luovxQfTJGhLFySJ5oZ5KJ2Pgf4s4pWDJIwUbJ5cxJpeQXjtnUgG9sNV8QH4J92pPpFCQmFRMIJ0KbpGv2dE4VLIhBhiGSA7kRKbLAtCtXbiDvlO0b1/MRCtWzVwJSTwtcIOQpaUMLD4qCxCuk8hvFgdolWoTByV5RdqjYFMrI5KHyiXsBIwzOrCOhVp0e8jHaAVZm2HPV0gzXmT5ySRFCcV45GZLoRvs7zgmu8swYMPrAKq83tToDuCYmA7/IYzsef3r6BrdZ10eoy7qfnYAlCsLebGR2FZRmkLdt9LmhKdSqL4gokonjNCWZl9HxSSE/oMRlH3m1cQb2bwIVB5/UKZx+z91WLpBrMq8sXxonN3sy5y/I27gsibU4tB54yX4xiQawnJR16nzBj3PPgqotR5ASg+f4LM+MIUip+CnZzZsyJocyAzFcc3W7dhZLQLDU4vHKabIpBhRvRH/Qq8PQZ5gXtWdeOXS9uBfDIj+yRp80PYxUXjyBg5CMWnj5bfuOXVnZoOIXPbPjKDE1mWeRNzpkvEINsrc7j86UOFGEOEQGdjConTR7V9xS7dMA1U/C0mz0z9jsBZmoOiebXIm1Ql50VmcbITNT+0JY6nUXUihcaXNqtMgTo4QrnW9c3/74mJGfOE6eX4+VcXYs6of2MG44n8fu/wa5X+b5k5G7KGtmPmSAxLUmZAvMk9KtB+7bOKBEY64R33JTFxVgNl7dY0CcFoKE23IY5Uohuz5nIaLSNWXQK9sRNhF8YOhWngvbo6rXUp2Jxko2cjvO1eRHb8WqBIz/jb4K3+iNpypWfpPAYaT5v3lHmYcXbppXaYwm4idOTS5UEan0pXLhKhwwit+m/Em9fCNeh0+Kd8V0TyiHUoFCldYq/mTbLfLMKIIYdogKuSRySGh0QYslbZNUrUkEom6KySDB4Sg2k7/UNb3oAjbyzsmdUiLk/FIsrS5G8h+xFjsi3wZAp2O7tYwpscpChzlQVcz+fbWOheWleP0698FMgxVGn+wpyRwYaR/30+om3d2POzRdpFxZKouHousoaVINrZP1+OHapNZm0HnliNzuU7hLXnqy3D0I/NVw9Cph/0LSQ2G7wFmTj41FqN30kkkC3WXVMEsowdbEP2kFxUlmRh665WxLnDsGYynSFJIS+aM0JIKAN72EBbMQl6fXGzEFB8tYNQdeVcpKLxUxaytApdo8ONi3sa8IWOXemZXP/vbd3+ehHpQ8CYFOARq50kPvVyD7Y1RAG/0cHQXzQQgSs3AwULRsJXUYiuzfvRtnwXUkxV79vVHPVEW33jcX4FqyMySe1Zk6pEt+YtyUYyFJUNj9Ov88P2DfvR9NzG3pzBgcwB+f4E/tnF2e3InVqFYubF5WeK806K2r6+aAJZpyKO94hsoIlG1dsOqUSBBBfLH46L56FOEb5/7vopuOfGWQO73N571kk5A5btlOKUmoYmRBGri9OqpJCfg92cHcH1/w+xvX8WI2W6+GfOux92d4EUGiU/6MIrVH0SLNiFiYjZmteZFItEVOdo7NzIsmQBELhRplF6j4mmWr0obckQbJ5CKYqhN76IWMMSYV/6pn4XzqKZSEXajIu/8hF1Nkj4jxAl5z7WvNvAl8bIWQsTn09DZU3/pusJZ4H07wxv/gng9CNj0p1wDjpDOyyriMssjjMzJbXIwyouQhy2MuYsFqtRC0qaAztB9aWkp2as4UWEN/1Uzr1DCt1KkTRkTL8LNm+RkmViTG3gTNAUTjmvRq8oM0/jBMPfUDpZ3aK/bYUuHEtgxvVPYMMbTCbI6o3Tae1G4bkTUHr2WOy461lEm7qlsudMH4ohl0w9OrvRsCw7txzCgYeXa8p3pgeVV84VuIjBq0cKyRmK60XwQAv2/XE5UsEY7Lk+jPj82WhdsQfNT62FLdePivIsBHqiaGkLawfCcxKNS8dXddUc+EpzBzafMxq94OF27P3Dq0jRcozHR5ZlRaGBVE/Kffm2vAlvqXaHC5/s3IsPdx9EB6nTfT7JyDTloo3y5mUDJDu03mIXTqRQkuHAX3eF8M1Xu5UeH6UprAtZo8uQPWIQwg0d6Fi3D3EScsRdpE8yxHG/2TEKnlRdM/ejVVd5HormjkD2qHI1GWDnL0GlfsRDETS/sl1nY9xwsYscSJdtvX8kJoW66LTRyBpWLF0a520WkaHvVyDrlHuntpXMxtuCBKUpTP+mrMIqcuwMmwIYProY3/nibFy2oPq4Z+G9J5zMM6DJIjof5SJv5kl9Ox6l7OmC6fAg0bFVkrapDSPb0TPsWnhH8t8pjyE70nSAcgNZpseyCzPNlpmJCXSnrv/amZhgV0OaV52bSToggcQUYZuvFLHDixDa8G2kQi1wFU2Df/oPJUGBFlu0G9Pez9RVEjfkuCwnF1MUBKLlu3KWRr9IMjJ5Dgg9kvBSgCSiCL72ecRbVsA1aB7808i+dIq1mEoStPvTU2TYnOkbiixPU3CNlMhimeprdIVhYadsgec2tO5/ENn9J9izq8SzkzdQMh6AI2+MhM+6y85UsTzPNX0y+TqSaNi5iq5O5RdyS0sYq8LASVLl3q6O7qd/3Yybb3seGJSlNzcvpu6QwJO1N52LxiVb0Pz3teI84irKwtDrFsLmccoQvz/xw+F2IplMYe9DyxDZ1yzXT9G540Xky+6v/4N6Odoo0eYrtP2w7MDLrpiNzMH52HH3c+LkkF+ahVg0ge6uiFpQ6VkHOgPwjyzHkEunSxc4ENiSwnay6PYxoXzTQdn5F549VtMNjnJ8J/NWPRnvRYCj2+HCZzt246KeRnQ7OODV4Ro95WK23smFFD1GHCWT6rVtpKfhZAo+px2d0SQ+/VQLDrXE4BlegMyhpXDwv2/Yj8ihdoWHSTZ5K48+KNIRL+NOl/KEQBi2LD/yJlVKICot3KJdIYGRmXTB66F7d2Dlq78AACAASURBVLNAh5E9zRrGymNIzwGPVUQNDNoTgj0/EwUzhkmCuTPTg0S3Jhn0d+oRmUKmV4J/G5/fhJ4txqeSqIUl/paBaFCuw6s+OAbf/vwsDCHc+97jnT8DhM+sRT+dF9h7wYlYmYs/52o2G8Lrv41I3cOAOxcOXwn8M38Ku2+wwoYC0XFeJFCZiaoxpBMLypTuwqR4S/engacCVcoaxA7FIlewWBAyJbMxAQjb0o0gocSmZVLKPLWfgGfEp4Fwm/pPOvym+LDroexKxdW01dI0b3M8kihu9Hrir0nZAzf76uFJxmV07+MIbfiWdK7eUZ+Hu/py7RrFiYTvyedaciHS+q1/5n+3IFpT7EzStzos87h0zdVSJDtRxBteRmTrz5C0zJ5Z4BMhJKKdksHnLpgKT+UlcJTMk3spKTIK1dAJmMLfUkaCRq7A7yiSkOjbU+iaO8MYcfkj6GgKAHk+XVAkmSCI6k+fBU9xFrb96GmdpSSTmus2qeqf08LNZe8tysbhFzah5dkNyogcVozqq+eJ76Vm0vXeHyxMzHYjyeDgw68Jq80/ulw8NHf9+iX0rKmDqzgHmT4HOrqsi6vP/dURQOklU0XPNRDYkhe1Nz8TrWv24vBjb6htWWURhl63QBbaJPPTBtI1vPO3ePoTI4bB9OW2bZgQ6UZIvOVUFRC1OZCUG89iKutgmz+p226TRphPJkLJS9+TSuH2lWEsj/uQPygL4UNtCHL+yQ6PkJ1FSjmR76s12Bg+J5FBYfbpo6V7ToTj0mVxJkfYUMTqL29DG42YyXiV2dibGUAbdpfRxHGTljmyTKQh/iF0ijAmzBYbTzbuunOnrIRfr3XlHjS+uBkpsk7ZxRESt3b3hNgPdSG7Kg933zYP15w97ETOxHuvPdEzIN2SxXQ0DhvWNs/EwUi34shAsms3AsuuV4/HeA88w66Bd/TNshirr6XFaExqYjZNj4UMQlhSPS5lKeBiT/G2zJJcgCMFxCMKGQoj0lwvUhT4d0bmRGDzDUK8eRkCK26Wy8nuK4N/1r1wZJQhGWo08z6zaZOQV16WWkikY7PgTGtTL5eucXoR/NCkK7goAetB4PWbkGhdAwcDX6d8RwTkTDcXQbnMNmljp44lcgs46ASjJBrRtLFAk5RiipvOIwnbWrNJ7WJlTuctluLIqKHYgafFgcUz5kaBNCPb70OibY2aTDuz4K76ILy1n1DiSrRDnWDMRsTOTo6QaIIRQCzm6g7ztnR0H/vuUvzu/pVAVV6fMNUAMscNQc0nFmLP/S+jh51PKomsqTWouHT6UQ2beRJI/w63dKPut0uQpKbO40LVtfPVFsykPPe91tnJUWBOCFFCOD1uDP3MGRKns/eXLwqrz+NzIRZLykzpCMJLKApHth81H5svprtcNN/0IWiGnsjdv12CqBFFV3x0DrLJ5KSjy0A8MU/0Zj3B19Pia0gshNvadyBfoi70hozb7IhoDL3i6Qkrj0vrjIeG2mYUJ4h5KoWEzYYbN6awtTkOW3O7zCdPWoHj9+T55OahKyRkkMIFI5E3vgJ2pxPxnhCS8SScGW7Y3S50bTuEpsVb1QDaazrJvphs//NmFVCjiSMMygRzSk/EOYXzv77Cb1PkSKyRLo7aQfpxUlZCL1fOH/vKI9pDQDiB884ahntvn4+qEothdoI/4Hsv/xfPgJIkLE9JlRJYWzy52ExenG7QQqsZbPoUgyUFVsyYcx8c2UORitJFybAY04nk7HDc6j4iTEG1v9KhGzsQ45TCz7Q2XjL3IvnNFDgDMkkBdefKa4JvfA7Rxjdgd3jhZor56JtkZiZaQHP8FnVMOy9u5rngW59tiDCW5RcLlbAXlbTCe5iJBeG6PyKy5W4hnnhH3gTPUHZzrWl3F9H6pSk7/Gx+htuI29WxRGQNEuxqZpLiXmJmayIgN5sMPpeSicalCKy+A8loG7w1V8E7/lb5XVORRsR2/xHRwy8iHjgsaQiOwgnwDr8ezoIpsslIsuvjDNUQbtSFRgXm0qWebOhyw542TLz8ERUPZhiIKhyXNOYRN5+LcGMH9t2/RHb4jmwfaj6+UHwQj7BHMpeteA5SA/foGwgwVdnjRN68USg7Z6xCgkdZtEjvFweUZzZIIc2ZWytC8p33LkLkQJvM5pihxBDdI2An/mqdIeTNHI6yiyYNEHK0SSo2nT+anlknF3LW1GpUfmi6MPDE5eXf4NFjd6A4HsXX2rchL8EbQ532CFlGWeCYkq44Q/rhtPHnMDZVbNgBFHpteLkhjlsWdyDGokB3GWsmdaLnweoESQ6is8nUKuRNq5HwVZJN2GnR5k10ce09aHltp8hQhO0pOrU+RLqjHYulieuhvtONPMKU06rFTo7vLTBl34eZwVAXxxu5ff0+8cWMsYtj12jFDVnv2xhEdkkGbv/UNNx6xfgTPRvvvf5knIF0VpuSItLQsrnYhWAh+kfO5jajZ9kn5Z9p/eWuuRy+8XeI1ZWSIywtmQVfKoTG2VvaTNlMz4TGr5TFXi9MatZMEUzFI9rFCQTHbSehxCJE9zyM0Kbvk6kBe/ZQZEz+Lmy+Ejkezqq0W6LZNOdnrCnsuHQGJ51Tegtrvq/M2ViklL3I9crmLUAqeBCBlV9Csmu7+FeSackOKxVu1Bmd0iQVnrT0ayY0R8Tn7PB4PML6NDNAy8JMNHJOYY9KoaMA3JUtxxt87QYl2OSNQ+bMn8LmHyICeBZ5PuJNKxDd/SBizcsltQGuPLiHXg1vzYe1INL6jMcjBU+/sxa8t8EZ5fxbn8czj28GKmnarAalaOlB4QUTRR+39bv/ULZbLIHSD0wT4kCEZr39Oh/RpOVloHPrYRz83+VCyfbUFKL6WiYZ0COUmHOfq50SF78bsWAEe363FAl+RqZH2J0MUz30h2VAPmPqzYon0nmLnmoYdfEEhnxohnZjpKIfocnrd2exm8twy/P20qGltRu2bL+wLH1lueKm0n/WeDLuzbfjPWI2O0Jw4M72rZgU6UCnzQXSUWRcTSzcCEx5d9rNPxOJ5CORUHZZpovGHjZ86sVOrNwTBjINuedED1h2uSmh84smbliJauJqByFJmJIzXe5ZM71iAt61owFNizaq5ZgYQCu765gPqwASLUgkBHVgF5dZWajvL2STPpIBvhEZlW6HaDTDLV2SUde5dq9+hFVU+c+8ptvDQFsIs88eih99YQ5m1hae6Bl57/Un6wwY3Vgv8dzYtAnJ0nCM7W6h6IfXfQPRQ4vUj9LhRsZpj8DuL0cq0mE0XsaBRNh+SmCxoDopMrLQKwNQF1/NXBNXEX4ciRWiq+PCwtkZxzpaNOz+UiSj3Qi8/nlJEre5C+AZdws8dEIJHjb+lEJd1ARyB+UKfCumI7iUCUokgo4jwuxUworyZkzGmxRZmyQNROv+iPCmu8RKyzfmi3BXf0jSCejeotZeBgaVe5PzQ5opE4o1CJho2FSArj6VFtuUrzNRQNLRhdWr0pOPeP1iBFfcJHIAd+1n4Kv9JFKxrjRHgudcilssgNDOexHd94SiKykb3BXvg3fMzZK0ngoTWiVUq5o6xONIidHzSZQX/HXpPlz6iSfUAcWkdrNLcub5Uftf56Nt9V7UMyXARTeTfAy7/jQNHpU5W99Bm5ow84dgmGpkV6PMOQZfPgt5EysQoSbtKJAgu7n6RRvRuniLfMGCM8eh5Myx2H7Pc0gwdUC0UmoHRY2Vw+XWqBzib6EonPmZ4rDi9HnUuulNHiyCrnw/Dj25Du1LKF9IoeDMMSg7b6LE+By13TxZN+jJfp9kCi1ZWbgy1oiPHdqGhpgdbnbcvR62R3wd66cKstNL2aRxH5Rhx/9b0YPfrg4AmQbPPBnHSZgyEoU9NxNF80Yib3IlHC6HsCkZ3EryB8knkfaAkE062cXx5pUYH8sm/SgHYl1u7PiCjOnJReG8EcibUCVwR4wblf7Qthl/uDK9QvnmHJhJ48nWLiDbr0Qbi1FJH9fD3UCBD3feMB1fvWbSqT6qPRm/1r/Re1iwpaUFMwxIS2Igvo/sjtjBNaBnyeVIdu4EXLnwTv4GPJWXKvtPnEd0zqSQIzd+hKz571z4reJpIDuzcSPiJYVQ6gthPhIvaHfIwsS5FkOduYzYpWuTQrD6yxL/4xp8IXyTvqnBpXGuNRq1o/IHsg2Vsq/DdOrxWHho1MzDYZfFv6h7CIuemD0nwkLhJ9RKo+hYyyo4csbDP+NHsPuKgRBF2+wYVWwu7idGjqCUfp09qn2ZcSQRfaCyO62upLf4s0hFxVKMpyi08mbEDj8HR9Es+Gf8VIJapYOkdRi7XQmAIISbLe8VPfgUwtt+iVS4XrpMJ1838euSIkHoU1PGuVlgB+Q5uYVu0scfx7rXDgBlRk7ArqkziPKr5iC7dhC2/+QZJDvDWrQum4bcsYP/OX7H3CrMfWt6ZTsan1orB5s5sRIVl02Xwng0SJCzMv6NAvR4QwfseZmo/cJ56KTx819WADkZej3EePHaUThnODo2MBG3R4tyRwg5U6sw+JJpiEmq9ZvAjiYiiH6OdX9YimRLD+x5Gaj5+AKTnEC3gFP/npeEAW46cnxobArAs2Ynvl/QgWF5LhwOpeCxAy4ZIeiXSVOWUxBIM8bdlB0o8dtRH0zgwsdaEY+mVEN3RBN1DFbjsU6RDAhp7h2V2VrOhEpJlSDJSMggEUIy7KjVYaJz0yE0L9uO2OF21alRuvBmvx9fzM0VE+IzvbJ5Kpg1Ip16wQL6T924OBKRUelBuKUHzS9v0VkcUQHGDVmdIc8VA0ibA5g3vwrfvnk25o0rOfUvhv9rR6irfh8bLiVmCANSFm5DzKD5cTKG8LafI7bvcXiGXw/3sKvVAkuKEc2RlRVpLepCgBCoUJMCdOJNj0klhigjkf/Og6AGjTcX5QomZdxiSPJ9HGTjOhBa+3XEDj4pXY1v4lek2DEXTtig0r2xGzQFTUgiugm1zKHFeFrgPMKFjNfRrocwqpBI4IDdV4LowaeFWZpMxeEdeg28Iz+DZLjB5Jnwe6ltmV7vPFeEJsnkNBo8WSiUs63/XU2o+SVVpWi6OvGzpHPUIMTqlyK46mY5p54xt8A7/Fol95Dkw+fxfeR3SMKWiCHl9MHuyhA4mYbTDHxlEXYWToN/8rekeArkqTQUIaSctI7ugae24/ovPQcUG3iQn9IVgqeqCCNvPldSAmRuBiBj9GBUXjFbFixZVPo+6Gji9yARjWMPc+YIQfpdqP7YAvjK89SL8ihFxJ3j07SAJ9fJ34svnIzSM8dg+4+fQYQLIK2leGGJjm88smpKxBQ67YYSiKD0oskomDFUPTbf9EGrLz/qn9+E1pe3yv1ScOZolJ7BsFdClqf4qiEMKZvMRnmzUZ/Y/NJmRPe2Y9b4PNxzRq5YDTUEk7ohstvSDTS7PNYQ7t1I3mVNyXPb8f9W9eChtT2A30g1jvxRjxzw9YcCredacziJ7EkhY2QpCubUIrO6WDY7Er3E4uxzw+l1IdjQgZblO7Xg8GZnx25BnUf7DeRvmo7B52eOKkPhnFphaxJVEJ/U/g+LUZmhO+KOtXvRvGQb4twgGRsxua5Y4HiyGnkOXLj1usn4xqemCzP1vcepegYM68+CKS27LylS+pC5mSzYZFC3SachXVIiaCbZLBi6pAp7UIqbJTjnot7rt5ieGQlBgrM749YvNYPiccNgNPCodF/eUkQbX0Vo9e3iRmLPrUXm9LskFDUZ7VA3EPM+zLXTDZ6WFDVvJtnEfBt2mSQnGOq/3WFE24mIZNtx3Qqu/DJiTcvhyBoC/9TvwZEzGsmuOkEw7JQuCKtRGZVCPkl3cmYmKWeCrFM1jtZuNe1mbcTvqlukIJ0syuDaryO863dw5owQKzVn1lBhkUqRt6KSeH7kW6nwnoWcIa+paBsCK76IROcWuacZU+Sf9HXAU2C63aQyME8GdNkdimPEZQ+j4UAnUJKhsznCPqEoKj++EBlD8rHtrmeRlAKSwpCr5iJnFON0+pk2m90A/SwbFm9Gq0TqJJE9cxgq3j/1qJo52Ti4nbJI7fnDq0gcaINjUB5GfvFc2emLxCDbowtRVxju0lyM+PxZwsajO4bIH0g7t9tQ+eGZyKgsNHOfY9+cDp9bZjcsxImmTjgH54sOkA74Ce7mT/G1jcdPfVnPnkbpmgNbD+mX5cIdTWF2hQdfmJ6J0flOdEZSCMZSop0TBjL3l7zoAWR56DcH3L8hiJ+vpLM5/2i1Nm/hJMhT1eibRcg1pEB8MPMnVQp7kjAiCxHZjZyLsqC0rWHB2Sqm3EcUnGP9bDxgZuERpqwqRNHcWuSNHSx4flTmc31idKz3SKbg8LrEfCDU0CkJ591r9gJOJ5DDnbZZQHhiuAFrDmHMrAr86IuzcM7U8lN1dX/vuNJnQHWyR4aPWmGdpvuymIJc5PmwQk1pg2Xy2wQqMsVLi5ku8iIrkMBUI/wWwou+jXY2ZCXyXzQUVX0v+R8IJUbESou0+8jWuxDZ9oB0b+7aT8A78tPqTsJiKWbQyXRRkAJMOFLE00YNK1IH47giLi3q9i8FUQpXXApd/PBzCG38gZBY3IPPgXfC/wCER6PdIjGyG0syEZgnrLQAJdvIe6Z1dMbUmR0j/TuFFMOuUVghKr3gd/WVSzcWfOPzSPXUwV39UXgn3ylicTXH1t9AX6abAh0sWucYArcmg/UIrfky4m0kIMbgLFkIP91UuEGJtKsl2MkodHc/thk33fYcUJHbi291hJA5vgIjPnMmDjyxEs3P8SBsyBw3GBUfnCFkkqPluxGCjAUiqHtwKRJNXZLtRVNkaumEeNB//RTSSiaaX9+BxsdXyyJYdMFElHI29+NnEG0yESikjMP2/9l7D3C7rvJM+D293N51i7pkybKaLVvFNjYYMGAIJqYY0zGEMpRAAskfkvyQZBImk2QmySST+ZOZIb8TcGIIMcVAMBCM5d4tW5Zk9X57P73M877fWuccXd8rXdnYkMndD0bSvefssvbe61vf970FS999BZrX9eLA/7oLU5zgCVig+Sv96W66XP05E+Wdez4gX2rgX3dj6PtPCgHVeR3J67Tgmf75DXJcmEZDCnCZwQkM3b9fbg1lWuWw9EaaBF9ELlJSJTTUh/D2i5K4dnkMbbEgmiMW1ErlsqqK6WIZ+0aL+Mc9KfyA4BO+oLGz9MTmGk5fRiRqsiGOli3L0LZ1BaItDbrfxRwllCj8QGubKCb3n8bQXXswzb4tEZ21ZcPZjiFSeVFiBcGWpEjf1KZkP5cZosqgXhzWf99rVErdpCxR8KEf7UZhdMqeF/rUeUUNBsjBaWVxH3/nJnzhg5eird75LS6ElJ/jEbDsx8CPxnGr+sL5yZQ/dTxYBwwxrpsHsblyZSUjdD/XRMz52NnhyATUEbgVAB1hvMLfI2DDypkq+wm8wmyuA8hNYfqBj6E4ugvBZA+Sl/1XhFouRClFEXRrCZifm3nm0dNN/T/n/+bDnT3jRgjXZ9Vrs3+T70cgR+apP5THHo+TWP/rCPe8AqVpmrpybiBS1N5FODkzyZuxh8ggp/KkaXbyHFQOJR+XohvKwLy0BAMj+4RhBBIdSO/+r8jt+xtx9Ki8Euq4XIASM78VLcCyZQU5YcGNAE+QkOMIEpVZmjqK1MOfRWHykObgxNIbEN3wa0CB2XfmhQe68VQeG9/7NRx9dhhopzsBz8Xgsys/8HIkepuVzRUIIImFsex9L0NdX9vssliS+qrDwL17MUDVFNBSZx16r9skMnm1oODeH5U5o1pN0fstu/cUgj0tuODjr0bq6AiO/q8fG9SbVz6WQttrN6Dn2o3IjU3j8JfvNaUOZggTGdStWWRqKEIHzyinViZA0koiCtIHbvkJisdHEF7chuXvvRLhePS5SNCf9WvuVo8McBK4ns7KOXv8iSPIE+maiFhPy/USXK3GzjrDiQBoaQhiXVsE77gwqZ7doakijk+UcGC8gIdO5ZCd5sosZM/g2ThqM8eCDynHmQsQR8qmQHKyj87JeQWgYqEEquKQwpEdT2H4/n0YfeSIuXCzFH02vzhBc0uAuJdhuYjTpqduSavMfIs8rhaMM1Y0FIeNGi8udWIU/T962hzivX2PW5Xqe1wkDKaw6col+L2PbccvbOv7Wd/xhePPdwTOoBZ4wri3gCHs3wFLXC/P+m+WbVWAHq5MpwzDiRZbU84FSkNQ2H8lCidzZ2ZsqnKnoPbOrYB9NWKdlb0Y5J/csuzRryPz2OfVo5Ko8iX/SQ7fpQJ9Le3Z9SVPn+EZXsSspgzl6BGgQaND8LwYDBWwQ0AkqUCRfvx3UJjYh2jH5Uhs/oKVKemGIFCXB+u4owrJ6QjjKp8S9OLI8DopQ14a4pKAHWcN5BYVpAYE8uOYfuCjKAzvQrDrStRv/1P1LJEnL9GNoQfAsgRKacKKSS5LmFSU4VhF5OhQGttj1kVZSpSVEVv3KcSWvVXozRec0f3RrU/i1z53p9EJOCA8weEp1G9eglUffqWMLE9/42HdkIZLlmLZ2y9Hdnh2VKIAJbk8Dt2yE/lDgwj2tmDF+64SN6pIgMhMMB+TiJY69P9kLwa+94RW7m2vXo/eN12CZ//qh0jvOQU01wGjU4gtbceKm6+WZx1BJIdvvQ8Flk4TYfHnGjYu0feotsL/5toSXc0Y+MkzOPX1BzVBd7xmIzrpQH4edj7zfRef9+ccPFoTdpJEgTLGnjmJoX/djexxJ8OlTKj6MD3nWHpoKcJtAS8YZw+Ki+CyFp56oRn5yKU7n037ZdaYU6CjlyAdBqiFyVeIfEoj8gcRrY8JCDOy+xQGf/gUckeHDE3J4FxLxK49fqUPl1Ogiy9tR8fVF6LxgkVaSPs+32yVAR6TGpUEOzHjHbx7H8pE5XKx5E1R+Yzz+SCisimGz33gUnzu/ZegThIxC9u/jRFw2pU6WdfL8kFDUcx0KS1IuIldpb7aTM54c3r6nQizmZwyy/Mmrfw8/81XzTmjkJeqTM4FU/azHN2AElp2+AIQrkM5O4DUQ59FaWwvytEWJC75HUQXvRzldL8Lmg7I4hGULqhYD469QRM1VslQUmPe583z3wjyCIsgXhy4G6kn/gDlwjTiq96N2NqP6zjGfy/ovReoQ/0Le+dVNrVQ60qhTlBZpVGODbNHR5WoqLQ42kG8E4Vj30L6yd8VTiN6wfuRuPATIqUr42N/T9dgGauVdS3qGWWxSmfQ2RCZGWkQYCf91B+BXESaw9Zt/W8I1vW9sEA3MpnFhnfchpNHxw2EwrIXs7liSQ7hyaVt2Pfn30Pu2AiQiGHp23egfnWnSWvNXEmDAI96DO7ci/5vEWlZQttr1qP7VRvEVXvO5r3pHjmIUyxZUrswW0DbVWt1nzmpS5EjbyKfS99zlVbzlOSiosqhL+80qx+W7KYySK7twZIbLjP1j9mI3lJpoXP2NI585R7kT48j0NqA5e+8ArH2BiO8/xxssqsIBVWi5MQ9eagfwzufxfS+UxYcBLs/hwTWGYHDZWp5nx46fth5xrdK9sQAN51FuLdFZcTmjYvlJE+vPprS6kWKhhCvi6Enm8Fj39mF/kcINiF6hOc+R+boQShCU2YRWdQiZG3T+j55wZVI+p7pMFBzndQqZT9w6vCgEJUpLpL4THFB4PsCvhc3lsGOq5bhDz+1Ay/bsOjn4K4vnML5jYDr8Wje9KHMApx3xlZgUARzUH1LTSo9Ne+7Jq1FTcAObk8QBidhBUZK6blSJYnjPn8TDJ//cCLSQjJyIzk8KKmrYLQJ2X3/H7K7/0Lw+nDnDiS3/pG4dlYy9Lw4QzMK+OECKOdf7c+957ae5U9Y0rTFbcVnj78MJpHd9z+QPXQbAqE6xDd9DtHuVwrVKa1pgWR8GdeQkyqxKqCyD8nzYb8v7sqi7Etygc0yI/uHBHIRt8EqCjMzZptBpB75HAr99yBY14vklt9HqGUzSukBOxYXAtLmdGtaXYRHlnotXi4oTOtS2WW4DoFwEpldf4js0X9Wthpf/X5EV3/whQW6P751Fz77hR8CveQ2uDLQ6BSatq3Gyg9cjZPf34XT1H8koXj9YqMHCGn53IyJQAMCGZjNZfedQrCrCSve+zJEqEyh/tqZG0uI5FId+NKPDeRCHhODUWMS+cEJ69+Eg0J+tr78QvS8dpOyrmA8gszAJA5/5R6UyZVjoCMAoq1eLuChuriUNmby+jgRFnIFHKHX3GnaqoRkw8LvWKCbBbF3fm/fC/u0e1/Diahg8OzDDe7chwlKrfE652sq+sLOYvZv+z7ZVAaBJhNfbr10OeLt7MNV6QIkfDNAF7JFjD9yAJmHD2JscMoyODkdzFEblSxYUfeR/Ej6zzVvWgpSVMTTnEtvlC9rOCzJsEI6h+F7nsXwgwdQ5qJFQdUtCLh/9eJSiDbG8Ws3X4zPvmszGikrtrD9Gx0Bh1CUmoiZq1p50gJa7Z9qhTn0nwIEA4WwI04o2UtcMRNzfbnKviTK7IKkYPcO9Sh4v8H0TZjYCTdL7qtJZzD9wKdR6P+JVEmSW76oYFfKDjj+ndOXVJ+NwdUBXLwruTN4NRUWJw/mjEldFLSfh+Pi5qUe+U0Ux3Yj3LoBiYt/H4Fog9kOqczJ87OMUFmcSOPejZ0B1pVhCT5RldOXeT1Fwxu9OgnnaBOKY09i+qHPqh9HqgQDHQnkJRLwK4R0sxhSIJPSiqFkKyVR9gDVosg58Y8QAvTQI8Dloc+ITxdu2yzO4fMuXeZLZax5x1dxaO+gGW3yzqg3V8aaX3md+HGH//Ynlh0Vimi7Zh26r7lozuwsvqgZQw8eMCfwYgmtV6/FoldtMIWRWTbC+0//cDeGvvMY0OECLT/HIMqJiUEulUOoKYnl775CfZ7CVA7h+qhpZ96y03QYOYFmzZpHtjqLW41EPgOgQC+8U997EiP0mmtvAPJsvfPWdgAAIABJREFUFkew9G3bkOxuRoFKLT+LzRZqCEUjItlzwh66Zz9GH95f0QZVZuLBkC/lOVZktcidDKPhwm60X7kGdSs65VIhU9saqoNXNhneuQ+pZ0/ZYoUBZ65z9/uns3wkjIaNi9GuPlyb+qXk3NkCbMZF+0VBHU0swxh/5rgqABlqo3KsEjOcBoZTwGQO21+5An/w8W14xUIW96I8RZxwWX568TcLZB4MZ6AGK4npcXH1SMvKDGClXpAaTS57EwLRleEtEtpCTL09zoN0JmC2xD2yR0VwhSnsm0KK47m5rM7kuYICTwTqupE//WOkH/u83ALCbZcgeflfK3uRFY/j2fkSpTK8AA1PnXO5Ai6R5K4Uyp6gkIfkpLFCYYanChrxThQH70d61+/LDSDafS0SdCtXCZE8QV6H041U3DLdTg92kVuD84SzMWAF7UxzWY2fgqMhL4PRVuT2/0+k9/4PBMMNCNYtRXzDZxBqXi+R5hLBI8wCBeohIMW5rUtthfekgid1GR8rQWb1I75gGSqJ0s4oEGlFYv2vPP9A96Vv78PNn/0eJTEcBJRyR9NoftkF6H39Jdjzx99GkaLGlN0aS6HxshXoe+MlmuDOsL4h+bo+jvSpMRy77UEUJti/C6Dvxu1ovLAHhdmEmyO8cWUc+sq9VhZtcKRJvxjzIIORKTRuW4m+N11qAdPJhDHboYVPmVmY0IY01Myi/VXr0f3Kdcgy0NUkD8weWT49+D/vQjlHs9C4lPMjrfVY+s4dCNfFzFj1pdzcZE3CN3mHBJqMPnpIiwUS2IUM/Gm5BTyf69KS1HhviWUdaL1yDRpWdyEcoupIxuzuWdxJxEQZyPRPYPDefRh/6KAtmCil5XysnnN4DzSZYgk8iOTyDrTuWI2mdb16LijuXEFFzvyywCZGGaD03ODdezBGygAXPTP94ijqfXISiSVN+K0PbsFvvGvz2cC4z2eUFr7DESjlRfzNDz9sqh/L3mqWNC/WVqkMOLkulfw4DRBo4nhwgvxr9W5B0b1vRrTmP0yD0tRBHG3A6pEOpKEVnPuuleSNUlDTm/PZmCZvKy+KWxaMIPXQr4rPRleDxEWfRPSCDyn7UZmQe6lQBGzaV4nV6U3asPGYlomJX6fYymBogYCgDoojE7GYfuL3kD/xPdnsJDf8GiJ916GU6jeGhBzAjQvoeXmG5PT9SXNi0KaSrAvYcjWwkqIGLxS37JAal8UsUg/9Oorjz+gcaMtDQAx7dJElvwiQWpAfN8cHHtvNFTJYFfjG9cMln+bthVx5lmsLSooNPYzUo7+lgB1desPzC3SZXBGb3v017NvVb6aqvjcHYNVHX4nJvafRTwBKW70NMMuHL1uD7ms3qBdTWxmgaHMpX8LBL/0E+ZMjBh7J5NDzi5eqf1OY2c8rk/iewNhTx3Hinx6QM7MmRHtUqst3ZpKpLHrfsg3Nm5YYylM9S9IXMjj8d/dYEPXZzmQGoeY62f9w/8w2fPmS5VOKBPd/+1GggaRJojin0XTpCvRef4nKb3OW1X7aL6srgwTIKSMCNJvH+JPHMPLoISupMnqwTDlnH65mjJ4TBGbJfp7P+ZOekc4Lcdu0fRWa1rEPF9WYFlwZkTY67M0V80WMPnYEQ/fsNWQuUbBy/J7lwB4844EsPS1o2boCLZuWSuGFwX5WVRP/aNCl3i1K6DI+tHOvmcCyn+k1Mf0xCFTKl/C6a1fjDz6xDZtXtD6fkVj4znxGID+Bie9fi8LIEwg2XYRQyzrEFr8Rkd7XIRDhQvqnvbnMzGbnGhNQ68v5sqNKlBVVDwtiCmTi1pmOowKeE2m2oGfwY3O3NmEGnz0pQClbZPBhWPK8Oqc2UixInaRw+l+RYjZH09H6lajb8VcSW5YSigOaGFDGWf+o78bjmPGrEbkd4tP1xSTfpc9TDcWCYzDagCKRio99DuXMCEJ1i+XmjViHAkSAvpSuVGgEdwZKN0ZOYkvX4AM6jy4LIgo/W0nVUJG+h0hQW4d856Yf+7zEp4MkvudTKKYHEYzEEFv+HsTXfFBzbyk9KOdyU2Ox69L56J4xszTFFA1pYdrsfyJNKv0WBu9H6tH/V3xDIi+fV+ny9p1H8IvUtCQARaaqlIxIoemylVh8w6XY95d3Itc/BtQlDEKeyaOPYsnr+s4sRdJvryGBfnHSdtmKmhOcAt1laNmwWKv/M5bRxCo0JnH8249h7N59QJMjcta+CzwfAh7a6rH8PVchFAubniYfMWY6wSCO/N1OpIXic355RAB2NWHxm7YYytNpXbKkydXYkX+4D+mD/dYLZHk0k0PfTdvRtKZHTgUv+lLfoY0ItydVoJTJY+rQgNRgMocGDWqvAHcWJOVPe76YOebMgGh11NGAti3L0Ll5qaTXcukcYhzfUACjuRKitNEJhyS2TeBH+vCQlZqFBJ0FKONLl7wn+aKyseatK2WCSt3Js/bhXJDjoiAYD2P62AgG79qLaRny+kWB4/+R7E7Cf/80+la24rc/tg0feuPaF3PUFvbtRqDQT3rQX6M49DiKhSmBMcKdVyC68iZEOq+oTKY/lQFzPDaZnroVlS9f6nFx3K0K5dpNrg4jb6egYOGQgFxUO5V8Tb5ucjfAB8uZvtjGCdr1r6QY4kScPf+sXEQwRoL4XyCz729U7ouv/TCiaz4qN3FB64V6ZEAxgQPxyRy/zDQuXdYjVKf1/cw/jlmjZWdqFxAoE6lHeu9/R/bw15SfRZdcj/i6X0E5N+RQjqQ7GOnbpVJOuszoCwo2NDUVGpVlSSvxegNWL2JtTt9mPUQaQHrXf0L2wK0IRuJIbPotIFgng9dycVKSapGuqxFb+0kE64jEZpzLWpan7I2tMJNLI4fZFg9Of5O6mTzb/p3IPPPfUJw6jECoHnWbf+v5BbrXfOZ7+P4dew2E4k1VpzNY9qFr9O/Df/OvFkA4cTDgtDLgXHkmGVtebmEUiwUc/P93onCawrhxBUUGl+XvvQrxjnrzAKvZFLQKJRyi39xpBtOasqX/HJ/f4Wm0XLUW3a/ddEZwJeqIpb7jtz+CiUcPmcIFBXiLRSx++w40re1BdnjK+TcR5RtD6vgIDn/5HrvZtNWeyiLc2SRzVZXdieZ7sTaXwYkqwABXKGL66DAGf7IHqWepQecMTTnWc2A1XqxTs+DudCMn0gKaNF+yDG1blpuDg7PPkaYmTVoTUZQSUaRPjWL43mcxRukub6MzGyfOBzivS1kX1/5bL1uBRCcBQE62ay5JMYFNQmB/lZWE4Z17MXT/AQPnMKjWUgb4HJ+a1MLt3W+5CF/85A70Lrh+v2iPzqw7LueRO/pNTbwlGm0SDFG3GNHe16qkGe7Y+tM5nwrB2/XWKrylKlfM3iUPFiFwhVB5h5J0Wb+rVHpHYjs3oh9JmGZAcxOxpx34DFBoRAVZUwrRcQTgCBl37vA/IPXAJxCKtqHu5bci1HoJyunTCmp2Sk4omeekDIsgEEcC1zkQOc6g6IEkjFtW5lPZTyCUJJBPIfXYb6IwutsALxf/HkJtF0vEWlmn1QlNeUXlQ6NUqLcp924r4xph3Ru7moanGbKylOl6hwy40TYUC6NI3fcxlEafsmO+7BaE6vpQOPE9pHZ90YSt6cBQv0KuBOGuK+TgzuzSlFFm33iqxYn9KJ68E5mj3zDvvFIK8TUfRXztx88/0N2/exA73vNV6wEJes3+VgbRnhas+tA1OHHHYxi/dz/QykzLOHWtBKJcuxH5iRqaABVNmusw8thhnPznh428zIuZTCO5phtL37ZdWdgZUH+HqiR44PhXH7Ry00xVC44Ds8gSFFyTBJfUZFycdElKH3n0IE59/RErlXEfUxk071iFvtdfgvxUGmUGP2aP9Le76xkMUgVFwAjKPaUNXPOq9SZKfb5Q+3m8rpaiBwQwYTbCcUidGsXQ3XsxReg7HzZmcHKv/hlsHAcGeGbcdTE0XdSHNgagxW0o54tWRnSRl0E6UhcX6Xti1zEM3bcfxaEJG0+WKW15fObGMWWvjmXhRBSNG3rRtmWl9E4pPySgyVkCHO8TM3O+iONPHpcmZvbwoD2zfNZ8BZfHGc/KSmfj1j781ocuxVtfseJnMKALh/QjQBPNwvHvIHv4H1EcfEiZQLDpAkQ6LlP/iJne899qnzUPCqmCrG2SdkahAkE44+GKPJdv2NWCV5x2pXMTVxlR/TAnu6USHntrPvBYWdNEnn2/z/X0CMLITyJ74O8QjDTJXFUADBK9hc40nUgH17Rg5IWoVWr1ZVUGNc/7c2CbiodcSf52+YGdSD/xH6UXGe37BSQ2/TbKxSmU85zTLCBapZWamOQD+uMy6JhJq+sQVh0LtD5wKEsGYoJklOWWgXgHcof+Edmn/0xaodFlNyC+4detdxhKojj0kBwJCmNPyRmCDuLBZB+CiV4Ek90IxludHx4VzeIIxtvN2WH8CArD96M4+hQwfRKlchaBQAKxC96HOO1+irnzD3T/4U/uwV/99UNAL9NE99CMT6PnLdvEWdr7l3ca2o+TCQEahSKWvvtlqFvWjkJNGZKZVbg+gaNfewCT9PJi2ZKr6imKK1+M9m2rDKE5I4hQfuv0957AyE6WLR3ac+ZTP51FYmUXlt20Q27jZwhHU02lLm7qKLfsRJEgFce347n2vPEStF26HDmKM0tHM4QjX7kXKUpOsWxJtGUohKU37UCSItPyQ3uBW4UEGVBJj8ck3YIvHeXQMsdHMPLIIUwfHKhSIgS3f4HHfT5frzEo5UKj/oJFyrAaVnapnGBgI4Np80Uj0KhUKmLimVMYuf9ZK1MyuDFIz0YX8PvnuEZDqF/Tg9Yty9CwapGCvcZ7rgCnl6wsgEswFkLq5BiG79mLiSeP2Xd4/9xnVOJlIB2YRrwtgU+8YxN+/b0Xo40Ln4Xt52IESqkTyB65HbkjX0WJZShEEUy0I9S+FZEl1yPa/YrzPE+3ujnDOsa7X1uAq7xU3qtOdAJqN/J3vtRpSh/2/rF/5GkJzp+NpUglQnlHQTCJLEuQ+F4zkWMp0ZUE3SRHySwCc8hHox2NSpVUCRFC0np9gaDrKcoQlqVFChg4mbKKvJgLmiqP8tGnADNLi6avKdRkrAOZff8L2Wf/t4J5fO1HEVv+Trl56wSdA7h6ksremNVReosLcGeo7c1qNVH6Bbfj6Ql5ykzT2R2F63XNAtkMPSJ0bfzSLyLasQOl1EkR5FmuLqcHkD1yG/Inf4TS9AlzMOA5c0yYJapNynsVVlbKAFnKT9k4qUdXj2DdEkRX3IRo3xsU5CiGfV49uv7RDC686R8xSrg1y4wcEJaVIiFc+OnXYfrQAI7S4JQrdZbSJjKIr+zC8nde/pzsTDy4dA6H/vYnBjjhxJfOGh3gXVeq3DSTm8YgwBt75Cs7kTlCY02ewyzP+mQG7a9ch65rLkJ+toyLq/3mJI5/81GM3+P6fDxf8ryiYfS9eRuaN/Rp39NHhxQQVZ4kQnMyhbo1Pco4CaR4jvvC2V49n0W4P/liEVLPjIe9Q63tckXkRiaRPjkmCarU0WHkyAsUFSJS9fmbi1N2nq/+vD/OB4y9SYKJQkEklncKyk8DVF5HYYpCrA55GghIkYU8Q57/4F27MfnUCesfclExW5m1looQCiK5sgut21ZK/JsDw0WSd2qe65xpv0RSP6keww/tx9DOfSjz/hPBWQs24Q4INhlJ48rXrMbvfGwbrtm0QPye97PwEn+QvZbcoa+icPwOFKdPmnZhtA6xnlchsuKdCHdsP78zqpQuteqpCWBOdcMjDB30xBb0VUK2B0T4g1YyHc7C0s/06Eb2yAw0YcHQgVEEkuS/+TuXHcmBwCuMCDpo9j9FqoSwr8as0MjoRvh2+pE8VwW6qtoK3buFIFWpMeAUTHhO9LlzmSb7c7v+M/LH7lBmRJJ4pH2r5LIsa6xmm7XHJnm8IkAtGgN5debzqdJuTcnX9sEhLiCQWITC0ANIP/xrKOcmRSVI7vgLC6j5KS9ShkCMWVsQpakjQoKyHFnODsrNgPJlCrpevSafNheJUAyheCdCTRci2Lkdsc4rlT0yM9XvJXd2Hsarf/pPT+PTn/8h0FFjxUPqwJblWPH+qxQQxu7fD7Q4ysFkGp2v3SileHHTvBoKkZONcSnQn/oGy4fOJHNkCs07VhuSURPbmVGMpG2Rvf9+p8pjVvaasTkvMaqwyIlgNqdvqZwkkO6fwMEv/Vg8OguajGzWE2y78gJ0X7cJIw8fMm4fLWB4OhMZdLx2AzqvvvDsdj4+qLkaGYO0VAmo/O8AMXw46LrAsckOTan3xv5VdngSZSJC+S5QY5G9JE7UegBnRHY/RlI4MHLqczRBz28aOPPTfFaFYDU1hviSdgW4+tWLFKCpS1mi8LLbmIky686NT2Po7n2iPJSJeGXPVmjKGeevFamRvTlUiSVtaNnOANeHMBGydC5ggJ2rPOzGmZqnVISZ2HsSA3ftMYdxT7Hw4+a94k5PoXVVC37zg5fh029b/2JUnl/IiC98d44RKE0fQe7ot1A4cScK43vVg6GfWbj7lYguvxHh1k3zGLuZpUt12SuISvWV/DOqR9VlQJ5T51fWLnsyrpfL6PwEXCCBmSA2BjH2ugqyvRItwTsYqD3nXA5qAlkVjemClOM1GLWP2Zx7z5UhmhxXJePUvqlK4uYyjQaDkWVVRhUIGiE9P4n0Y7+NwuiTWigkL/4dC7rFastBnDsJMLMVZH05K2NWRakleSaiODNjD3w3gWcFWuecEIi1IbPnL5Dbf4vGN3bBzYhf8BEzSXV3zcAt7G0yuzNuNDOycn5UJqxEhjLQGZiGOrkDKKaOy5In0roFoaYLzLeO9ypLegJlyxjcz9O94NIP345H7jkKdDnagASc81hCaa+VXdj333+AwrCDa9NWJRzE0ndcYcCE2hIf+dzJGI7d/jAmHz9qQYaTXa6IxTftkEmryYSd+dyyDDax5wSO06Wcahkzvb74oE1lEO1twbJ3XIFgODAnv403JtwYx8Dde80nj5kGJ0Yek/2fXBHxVeaDliHohb8jsTwYxPIPXK0gmmcw8gQblhL8+Ug93E6eWYZelywDQlFqLuR55UampV5C8np+cNKy17xrIDMgsPfmtUPP6GFRCYBjZeWKQDKOkBNmLmSpH+lMESvLzVkoA5UgfJZ5QQGuLHSpNCMZgC5dgYYLeowqIMWRaoBTmbIxLsHk8d3HMfzAAeROjAHUgORCRhNCTZDz+3euEvGeJjRvWa7yNwOc9i+QzxwRzq0cgzFaDkUwfXwEw/fvx8RuKsEU7JhEcta6DAyRThLCja9bg//4H7ZiVfdLQU6ex9y78JHzGoHS5H7kjn0buRPfR3HyEIKBIELJPoS6r0Fk6RsRbrpw7v3VcOiq2Zz/uEdF2r8VQNxC1Z5CJ9jsMzyRo70DAkuLgkS4z5mHnWVfxnGzIOHI3AqAzIAcKV3/diV/KpB4HU2dge+HMah4pRUmXSwXklDtPfH4tjj4v/ztmP2Zs4G0IZXllZhlCHaffvTzKIw9JpJ49MJPIEh9zYposgv+Fd1OBmrOa2FzSBCtwOvlmjZlJdIpcLsAXM4hGGtBqTCtbI5WOoFIG5KXfRHhto0WvNQPVD3X7HzEvRNE3lzTaZHkkiSz62EIZTmVw83eJXE8UZQKWQQYqCuLCO6GYycXhPnVwB7aO4St73IgFEofuaASWdSECz72akwfHsLhv7/H5iVOMJMZJFctkkQWJZhqHQGUCWTzOHjLThSGaWAZFTozsqhZZU5mPyJgz5jjIvUJ9N+9x6gILEfNNgeOT6Np6yr0Xb9FQWU2KyD/zBJuHgyHceS2+zHNgEsATYX86ByuGXDIteMwpfMItSQkJxZtrXcPrwtmIvGzLGDBlWVZetaVUnmBcDLDkwr2+cksipMpm4wZ3JmtMYgyIIqqMUvWVos+pB5kXRTx7majQaSyyI6klBmeq7RXefvPFuh8BscAVCwj1N2sHlzrul6Eebx0ziS13MqW/Uo5SACY3Hcaww/sR2o/LUQCVfCOf8R0v1ygJtqSwKD2RnHhWCrm9XDctP+5zlHxsizELo/Lkuno40fFcyzJm44LFpc5+rGcyArduW59F/7gEztw/RVLzmtiXfjwz+cIFEafQu7wV1E4+QOUM4NS/Qg29CHS9XJEFl+PUPMsAc/SgRoAVO0k4rI5D4fX42q0cSvJmUKIlenYp6ukMC5r8n5yLkusOBr4IOmDn2WJ9lpwcq8S11XeVAbGAOhsfrysmJvwzKbGyODKbCqUBcsg5VbufmY9Qb40VDlhYLLPsEeW2f3nSD/9xwjVr0By258h1LoByA6dWUkLxqpcNmlPms+ezpxZm/qXJv5g3n7OtNItMBkQg/Eu5IceRvqx30R58gTC3Vea5Be1MUsMVK43qX4gM0HqebqxNTSMC3yWNFiRVNHNjufEtE193l0jHcp1VlZJm3eg++U/uxd//uf3A8tb3CqZfY5p2egQmHHyW4+j/3uP2+TGbTyF9msuwqLXbFD2UrsRgTex/zSO3XqvlbM4MY1No3nbSnS//uIqoq7mS7wgivOe+NajmCB4hYFu5mTIwU3n0HXdJrRvX20oz9l6eH6/7LmKMF7G0X+4HymCFqjkwvM5I4uqPXs2jEqCrdsET+dduwEM5nxIZTPD9F4cQisdKDtjb4rIUv3pzBrd3D/refoAx4k/nUWwuR6N67qRXNqhbDJ9eBjp06MoMvMRwmqu+t48JiqpjRDlSM5KSeanLVuWo2PjYpUiM1w0MDj5FS51KamrGQ5h6uiQoUHp78fx5rjU0gX8abEEKS5cAeEuijqvRPP6xYg0xEyyi787B9CEgZXalLzeiT0nMfCjp5E9MmQBjj1Mv6nnmpdXXKKnAb/6vovx+fdfgvALGaN5DOPCR176Ecj370R2//9GYfBhBNTHCSBUtwiR7tciuvTNQmxWtlnX9R5B6YOOQfgr9jaVp972Yo+om4hZktTEbyLH9jt7casLT/bu3MJdv/KTki97+oBpnm0KUjICcFmSBKE9fN8Eoe0YTm+T0ldMY8jL83w2nT8DgacuuCAsBGTRjFZHn5EiTTixCPH1v0qCMkCtSc1JTpVE2ZaVEHVOzqjV9Ci9DZG/Hidw7cA5EphnEIu3IXPgK8g9/YcKhvH1n0Bs1QdRzhJAktP9CpTZx2SZlAPIkikXHTSf5TFcOZKXzH5gkYGV1+p8/Bwa1IKeCW+TZ6hArARXHn/nzugm6Dn3nq/hyP4RoK1G17JQwpJ3XYHWzUtw+Nb7Mfbgfgt07Olk8+h7y1Y0b1wixf9KWY+n3ZgQ0XngO49XA9Z0Fj1v3ormzUtQcCom1YfTiN588I7d9gBSBwbse1o11LxYohWU0feWbbJl4Wr/nJsoCwnx9U5+90lMPnzQ6R1yMq2CsOzmu39zwvbAi0pJzq1keM85ybqemQKch/n658Hv52wnJ6FiI2CHW+vQtHEJEr1tyI1OYurZfnH7KgAVZtCzbrUHnOMjPsDRySEUQHxxO5rXL5EuZakxgZWkm+ULeHIki0SI0kMhsFfKkiyD7PADBzG5+4Q5QTAAzUZ3cM8Dnwtm7TQ+JciEWTGJ7zK69eM722m68jABLkRipk8YzWLymZPWL6CyiQe48E9WXU5NKPC96XUX4Pc/fCnW0UZqYfu/dwSKKWSPfRf5I7ejNPokSqW0ZXjJPkR6XoHI0rcg3LDSRSqFKzcWZ76UFfPVmsnHcjpupvvoQR5myVMzBalP5cjj6iv4cp71zlS6dH00C4jmzq0gKU4aF85usSdqgsuUfErp6A7mSG59MJ2DyqUWCI3EHrX+n/u7ciCnmmICzUUESgGUwwmVTq2P5QxK6TPn5c+CdBywkqL586lcZ3Y/QpXynPljs9OpZKi6OMssyZ1jQJIp6ok7UY4kkdzyR4h0vxwlqq+o58jFAq+XY0u+YthKpOpJOoqHJl/XlxSNwxYHAuq4BNotL9z9sbKlgpxAMvMIdN/4yWG86SPfANqY7bhJdTKNhouXo+8XLtb1H/r7e5E+OGC6k9kCgsmoHLtjHQ3q21QCEmkFiRhOfusRjD14wIArmQIC0ZDkt+Lt9bMKJLPcyfLc0VvvR5Y9Mw8OqX116RadiGLpjZcj2e0dyeeR5ZTKCNXH9LCNPnFEZOwCkY6cWNn/mgGKmXO28Id6ThY5n6aY74cHjESdLSDckhSqMbmkTYLU43tPIXN4wCZyz/+bc51yjmPyXD1PLRxEYkk7mjYuRuPaXkSbWRLNIZvKIanKbRDjCCFKyghFZ44NY/SRw5jaewpFZs3MpGbSBbh/WZHnFIyifW1oZoBb041YK+9xVkHuXFkoV4AsU7I/SyI/3QXGHjtsjhXs7bIi4PtwPKYEmLPYsGMJvvBLl+KGq5b93zu5L1zZc0agnBtF7ti/IH/8dpQm9sk4lJOuCMh9r1NJk/5k1c1Pmv7ldaRx75+q17I6sdpE5kjUkvqyidRvKpepZFl9/6xHVxWENo4aqzzOwsf1AhUwuMmzjgHIhUBWWhhsfBmvYv3DHjR79a635yTJzK7HwGvajzQoPeHa9wS5M6K+SbkpiTxuQZJlRLcQCHPuyyKgY/CcGcyselRxEFAA9ALXVGaxCpkJQoflkp47cAuye/8HSoUcwo2rEb/sP4ssjvxEtdcmwjt7kM4SSAGX7zbpW+ZIzsxPSi+O6qECJkE/WiuwnGvjWalM+4Rivj26D//JTvz1Xz9iupbcWCorl7H8/VejYUWXiMxUKimSe5aMqPwV62vD0hu3a+VfC8FnqYv/PnrbA8gccxJcExnElraqP4dSYFaHb2pU5ibTOPoP9yHPvh6D0MyAQgBMIoolb92GRFdTRcZrXvMB02yHGCRIhJPp6COHUCToo1Z7UXI/7iG1Z6UGiuuP5LK7msd/bthgzdlSZg6GAAAgAElEQVSxdJcrItRah2ZmPF1NyI5OK4PLHR+2F4MBZS6x43nGUwtwGemEUhCZljYU0GbGJFcBWinxEpkpxqOiXATSWUwdHsb4k0cwuX8AZR/gZhq4KsAVzX2bxrjLO9Fy8RI0XdiLSAMtl7Lzc2IXTyiEaJP17UaePCo1lQIXOQysUsRxkwdfgHQB6J9EpLMOv/3+LfjM+y9BYs5Md15PxMKH/g2PQLkwifzRbyB37Fsojj4DkI8ViiPctArhxdcj2nsdAonO6hvqkIS+/FXNHuylUt9Mk7FpWVp10gOsXDmRZUeLVK74wwyFPTJ+2NvlOAK2EhKvE0lPNwOpUORYAYogC5XinLh0peTpJLYYRJiFKSOjv5tx7SzrZJDheTBTy1qwCtaBPL1AmahKXZGdq/6PYBULZJaiMtg7sWR91oSryyVmWt601WVtIoV7lRT7vulbUgmFZtxRTN/7YXHngsEoosvfithFvwJQyFnZqEOf8jRULnVglApR36pjAr84uoJlv27e9T06XQNP0xm7VnqpvEfzQF2mc0VsfN/Xsf+ZAad2UpYjd3JVl2xtGMgyA+M4/Hc7DURAGPxkFvUX9qD3hku1qq+om1D2KxlBbpTmpfdZiZI9sskMmrauQO8bLpaT+GxJZihh9jpHbr3XymT83szNlRSX3GQo0FqC+rzeWZcdMXvgfye/8ziGfvCUA764cqRAKVmTDfMPiq8csmwXC6tvNZMaMevx/YqD48a+VUcDGld3Gzx/bFq8xDz92DiRSwXmBcp8OSktlvoaVnWiaeNSNKzqQihOQWSCQPjglQUGIiqWfyf6dWLfKUzsOo70iRFDYcaiThWnpt/gaQKOZ1e3pltlaxK9w/XsweUswFWQa3PcEaFXSTTn8YHJA/3iw6VpHMveqQxl/QvJFV4ZGJpWufzGG9bhCx/ZirV9FDNY2BZGAChnR0VJyB3/Jorjuw3lGG5AqGElIt3XINr3egR8hudLZSol1pB0/ATrA4BH9Vnzyvmx8Wm1Mlslgija+AzPI1rczzTX2HfV2xOMX6tLm1aURTmghRRNqmCPilms5Le4WYA1I1TrpxkoxEAeKi966xx9wWlPap3o+mwEmnhLHglBV4EeMkB1ZVkL3KzEmPSXoXSsbGkBsTpHBRIdKOXGkLr3P4gPF6C25cX/ERG6pGcHLZi6SdTjxpg9WqbmSqQM/CrFOl1Q164yxwaOi+PvaQcM/J7WYdZEvD9UVDln6fJ7Dx7H6z55hyEpCRXnNp5G56s3oOOqtSgVi+qZHKHtDa+WWpCTGdSv7UHfm7bYI1PpZ0F+cNNHR3D0qw+gzMyQk9dUFm1XrcGiV11kIs7PKf0ZaEQB8tZ7UeRnaoEH/o3mIExn0fVGKqusRN6pmzyfF57Cwf0/fBrDP9ptqi18QCYzaN62Co3UwxwcRzFFI8KSyq6ReBT5VBapk6Pi58nrbib9wZ4xhzykMDRr3QHEFjVLOYYZVHYsjdSxYRRHnNXObFzB87kgjqXLFAONCTRcsAjN6/vQsKLTKvqC8RvRm1kz/yOsP316HBPPnBAvrUDbH97binnrjADHLJf3JBpGw7oetGxYguTydu2rIrhcufa5Apz9nHqeHBMS5lmmnHjqqFEmaku1vhE/nhHv8eIdi/G7N2/BG65cej4js/DZf0cjQPWN3LHb1cMrTh0FSdXsA7GHF+p+JWLLbpRzgM27zLCq3DhLplwQM6y144c58IN6S7Utkmpz3yZkh4wUsMJRXjTJFZw1kMuSrFYJEHUoIInTw1Qt0RHWfUOqEiKcmavMYLn4Dwr+LxBKBbYvaIzTpHagFp1XTZBwZVhB+pWperUVZnIueDDAuWRAKi66atcgU4BzprIaw5K87goD9yH9yG+AGXawfiWSl/+VKaAQJavrc8atzOCYfapnF3EZHBVRrHLjdTbNyUBIHY2ArsAZ51ZI7nJPMOoBS6kkoZ8z0H32Lx/AH//F/YDnHDFoBYNY9q7LkewhApOr7tM4Ru1JuXqHhLisW9mJxTddrhtXK3rMAMIM4fg/PWQTvhTjc0Jodl29tmKnc8Y76DPBsRQOf/leFH0mOPNF5cWRwL51FZbcsEXZyLwyqxn74SqBiMrTd+7CyN17zTqI2/AkWq5cq0y2nKf4NLMsIH1qHONPH8fU/n5k+sesx+hhtn7fPnvj+PG/WASJnhbEWuqUlJQZJA8PGZ+O2VvFeuh5zEa1/bFCCaFFzWi6YBGaNi1BYlGTGsyiI7jyYDgeURZKovr0kWHx4Cg3pkDsypfPKZf6DK4S4HrRsnkZ6pa3S5+TmbkoJfMpp8quKiJfOvXhHngWo48cMaK5R1N65CqHg3SB4RQaLmjD59+9Gb980yaEa+eZ5zFkC1/59zECxamDyB34CvKn7pSpKXtOfLRINo4t+UXEltxg6EOfVVXKkHyQq/B2m9S9PQ55ZAwsXsDCgBJer9YyMEcOdyAKB2Ws2ProeH4dLHCJ97pz3Df9MuKg/G4y8ftyWaQBZay0qX4fA4cPJhW6gfUHvVKLgohbOLKvxmswThz3w4yJGZwH0zBIO8qDd2nwUmlyUXAIVJ5rKCqtzszTfyJ9S4pKRxa/AYnNX0C5MOVEpx2QRedjlRzLCK2kqeKPXxDonKpOCmXSHlw5WBmnUkpDfdqcz9ZHXDZPtDs6Z6C78oO34577jlqgcxlTbHGrgCOcsElWnjo8hCNf3lkNdNk8QnUJBUM6gVdQdVyxNyYxtusoTn79Iet9cUKfyKD58gvQe90mI2HPnLRomNoQw+S+fhz76gPuOHMgDTN5hBoScv6OdTRqQj/vjYEuHsXAj3dj+O49VQNTWtA0JbHi5pdLamry2VNIHejH+L5+FAbG7bx8D23mQeW+bhlLpCWJYCKCSDKG3NCUepxCWDJLfb59JZ/78zgsH0ZCiPW1onnDYvXfoi31kmGTXZHMR8OiazCwUo1l8tl+TO45hfzIpCGtmJnT62+m7U9tgAsG0HBRH5ovXoqGC7olZyYpMCeIfc5xl7tAWCo55BxShWb4/gMm+MzStOPn2dKNThh5k+6qi+AjN27Eb9x8CZZQpWdhWxiB8xyB4tjTyB79ZxRP/QilzBDKBfbwIgg3b5R/WXjxda5f5oAOMwAmXpHEZzGe92aq/b6cV6P479U8NCETQV6s6mBKk9JpZqq3VAMyUcLEuY5lQeH7KwAuEytmVShh72nRe2gSqm9ITtvM986dlf1I+zFjVSE23cLcvud7dz7wOJJ7JGYxQBmq7VsAEX5H/HL3bcWcmESZqb6S2f3fEKpbisSOP5MFTyk74gIxg6k7S5VGydPLWxk3QB1PJyztLsMXav2YU0vUFuuUPCMQhhdEFGZJyiqlQlrHyZ/47tkD3dGBaVz4jtuQmsoZyITbVAatl69Gz+s2IzeRFoBhYt9pHP/aA5bNeaDEdBZ9b92mSTBH8IhbdUSbkhh+7BBOffNRC3Sc2CcySKzukpoJieRnOBa4SY6T4Yk7nsCYtCnZsJ1j43GGp9B+7QZ0XbNu9gzxXC8FlVvq4nItGP7B09Xj8UnJFzSps2Q7/Wy/oQoZ3MTHqyF7+wyOpc1gUMjBAINbfRLBUEDZk0A1XCER2flCbHb48DH7YhCrj6FueSca1/WiYWWn/NoU4PJsdIfUf+MDyXsyuf80Jg8MInViWOVj3T9mkz7Y1paQRUNwWpfhIJLLOtCyZYWCKHmEDFRzmp7OGG9TiDddSt7rsd3HMfLwQWQODNrzQ+Su3kIHfWPwJpoyFMBrXrESn/vAJbhq44I25bke44Xfn3sEiqNPIHf4a8if+gFK5JCFElIICTWvRnTx9Yh0v0qCw9rYu2JAot6i67H5PovHFajf5pVQvAGrUJIOuELOmC8Tesi+siHumoty18MT+dmjMBlYfFnQ2+S4TK/IFglJ0twBS54m9i6kaIiKRAwcrDB5jUjH71OsM2NVK1P6Hp3J7YmeIDK4CUObsDIDtDebdWLNFR86O4YFUSv1kpReGnkKuUO3ItS+HZHFrxdQRnxdZWG+Z28BVVJpDkRixVanD+p1NzW2DlmpAMuxYJnWyroQ0jOkUiWlzdJP/ymC5SJK1As9G73ga3cdwlt/5bs28WjFQLJ0Ab10/16/WNkXS5HThwdx5Mv3Q/UjX3KbzqD+gh70vmmLqYUoo6E1TxIjTxzFyX9+qKoKkikg1BjHivdehUh97LkedFRSyRfNg46Z02wedFpelJUZcRLuuW6zAA3ecPXcj7z7hKsfxNobREg+csvdlml5g1kOOhGLvmdFVZOZ9ANVKizABSKc0BOiL0gZZXjKHAhIHPeSY7P0JM96vj6gUj2Gsl98vNsaBPxgb7R+WTtCkbAjYHsOItG8KZUmpw4PYvpgP4rsvfngJr+nWY7qj8VASJpAbyvatq9C8/pehONR5KhJyns7n9KhQ6vyHvO5nDw4gOGHDmJ67wl7tiQGXiPbxc+PZUQ/2bx5EX71A1vwrlc6LtS8b+jCBxdG4NwjUOi/G9mDX0Fh4H4hGGnYKQhHw0pEl71Zk7RB9hlzOLk6Tzhx1AgkceAPTUOeQO5Fnn1R0tvm0AnA/cxlRJWFnTOFtezNv1QGSrE+G7l7zBQtu6sEXWesagAP5xcnrUqqQ1kwNMd0l40JW+cDhKMcOKCY4UusnChlkZrhs54j3b4dp1AB1iEj1UuzSOdNaaW7SZcB/oz6k96oVefvkKfetVylVlvkVnty5EYTUGM9QSFE6fNX4jENsKKSrUqs5tIQiLYg89R/keVPqL5HhPOzBrqP/8k9+Mu/eQggik1ow7wm7GXvvEJkX8pPEQ1J4d3Df7sTBQYAZTYEQFDiqoSl73sZ6vratOLnxlU8S5cnvvFYtQTJfU9m0HXdxWjfvtKyAx88KADdlMD47hOWNTILnM2Dzq0kMJpC07aVohgQvFI+myCwnlr/fyRDB0RPCEVCKBaKGN91HCfveMxu83x830SuNEkwSVTRoSFfQpn9sELRZG2csPO5X70Zn6gFsXBsGeCiYfHfSO4mQT7R2aKXQNkbte24NpnOqjQ5vecUJg8PWnbNzI/3iWNZeZlmOZ7PFCnP1t2CtstXiYpARKZQlCoLz6RSzHJlLsBJSSUaRvrkiDzp6E0noMwZsl3uRpJ7OTSNthWt+LWbt+Azb99Qscc877Fb+MLCCMxzBPLHvoXsodtQHHnMsg4p8xcQat6A6Mp3I9LzKgt2fPK9zqKf7AnBd9UKA2142oFREixZc8onLihY/8uV5j2KU8hjLqBZ2nPnwMmekP2aMqTvp1FBxO/eSpTWEyQRXP04FwAUgBSUSR2o5fXxO442YZHcoUFtLrcAa4AZ7Vvi1E4ZhbQGl2kJ0eoFqivqKJxXrZSq6pXvtTMRULnUIUXVX/TnzpPg/k3D05dgrQfJrNXKw9aX85QO+5QKttEmFE78C1K7/lBlTVI25gx03MeOj30TD+w8CnQ4E9WJNOpWd8mJm0GMYANZ5xTLOHzrvcieHLW+Ci8oV0TnK9aZcwEBC7oDVCFJYvLQAI7der+lzURyunJjZEk7VrznSg1ArTZmpKUOp779GEbu2Qs0JX214LmPLvfDSbxYRO8Nl6F1ywpkSfyeDRDhymLkzlVsckolpPvHMfXsaYzvOYncwISREGdDT844Om9XUg4DBH6SQ2JNX0L2K/IJ89jPcy5KixjaIVFOjM3iAEId9WhYsQgNqztRv7xTVAiOJe8DLTty4xlRPojenD4wIISoeGbMIBngzgV04TiyFJrJIdRSh5ZLl4sqEG9vQDFb0ALHFm7nSOPcuLPfSYBKdnBSJUoRvik15oOtX6R4d4HhNNCewM1vXIvfu/lS9LQ7H7l5TlYLH1sYgfMeAe8kINBlWuhMURLGnjYSNJ/lcAShju2I0SmhY4c7RMm5d/MjBuLwhGahJ4UI5MRM0IsLYEVHSdBOmU2Rn+anSO8UYJmZdb08sdzJWwni74SUXWCqRF/PN2NWGSJ60bIghQCn1GIZnmllmmmrBRbbhyE+fRuGx7Y47E/QOz1UFVOMZmDzgaTKHJDFMi6XuClgGfBHGZsSw0rXzVCmPF/x/vI1dAjrWZokG3uJbj51+zEB50rLUC4RiNSLC5h+7HeR7/8RgtG2uQPdodNT2Pzer2GCiu/NzvdtIo3Wl61F97UbkCfgQY1A81OTBuXjR5wTAQNdAd1v3IL2rSuEpLNBLKv3RRI0S4Ky0KHKPDUiA0Dn1eskD0Xaga95MxCVyiUc+ft7kSWPi6v/s23cUSorv7m+G7ejrqdFfTpavXh0USASEvSdI0TuX3ZkSr5ppAakDg+jOO4shZjxKGDNcUAfQIm8j4UQjYaQz5eQcor8+lZtaWK+b19t9sbgxoclHkGyt9W0Lpd1INHVrODBsiFpDXQ6Tx8fEdctdXxUnnbKqjkeDCgMcgIjnaNO6sAsweY6ybG1bFqKeE+zSsDMDs8rwBHwkojKsoeWTBOPH0V+aNLGVI4LrhrBwEsbIAJNGmJ47VXL8Pmbt2D7hR3zHbGFzy2MwPMfAQ8E8TqVTqGEkPjc4a8je/QbKE8cUOBQlhdOINKxFZHFb0K483J3XGYsZgpsgcFRD1wZziS0/Cn6Xr6hA11TrBps9Flf2vORwsdVT3PwlTyvdEK5LvOrUwBRoijRx8r8pWywQmrnAt5XtDgVOuSjy8oMNW79wECAtALzzTNgC//OAJ81cWn126hqwoDk5xjndkCkKDMxlWR5btXiprI1BkP2EDXJsQdorgd+brBM0C0GOCYitlNtid8xGoGVWpn9USWFQvlxGbJmd/0nZPbfcnZ6wZ0PncC1v3S7EG4CKHAQ03l0/+IWtF68FPmJqo4ky5Gjjx/BSQJMOKkyC5rOIlQXw/KbX454VyNyw5Nq0YYoIVYGjn3tQaSePW0ZWianCXH1h1+pvlpuPF3RxiTMP31qDIe/cq9JSnHC5saSF8uJteLBlecoIIpDuK0ePW/cgqZ1veqLlYolaWbmp7LIDkxg+siQ+oup/jFxA3WXiDTkRDxXebTmdQpT9YX3W5Bbl3lVglv1GZ49pZzjveS+KATN6yM/b1EzGi/sRdNFvahf3F4hX2cGJpAeGEfm+KiI5fx3kdfA+8Tz5zh5q59z9QB9qZn2RHVxITVbLlmKZF+ruXozg/MyW+eaTuQsEEGoPo7CdFo0gZGHDiDfPw6QjiGenBsbBjhm4APTyjI3XdKN3/nIVlx/+YK7wLmGeeH3P8URcETxilAy86iKaDHj1yhyB7+M/LHbUUoNWMBjdhGMIbzoZYitfDtCzVUvPMqOKaiwdOgnfudqbqU/pY1GLRDIyxuwWtmwAurw6EYfIF05s/qZKpBEPTzKYxGBKEdyBgIGEgeCUXblrXaq4A+pprAUqHPyL6YLpjRwZfbHnqRe2WrfUFkmy6m186S3AfKlUSclVi2omXG2rQHMAYGu8cx8K4FLxqqma2yZX3WBIIUZH1RdaVQqLOIPWlwolzMIxDpRHNuN6fs+CmQGEW7dPHdG99e3P4MPf+5OK1v6CSkSwrK379AESAscd/UIJQh8KOLAl+5CkdkbNQg5MU5S2qsdNEElahLMrLhCaKwTdH/ou08ArUwzHRl7xyr0vn6TVDoEcGBPj+CVRw7j1O00aDW3ABmAdjSaQamC3yyGnvwyM5BISDYzzBQp3MzANsXAcJrlPMuW1KticPDct3MFBveOeeS9kiT/MM5WJj3XO8ngRkg+y5PRIKJdzWhc3iHyNX3vSAOgh136xBhShwcV+EnozpNULroAbDHCLFUedtVF5pyH9lkjTVNZWq6Po/GiXrReugJ1S+nOW1AfTn3Fc1Qo/cvMMjYFsvOpHMZ2HVGQkwEqN4pw+wETsKkEjJDwncXajV341Pu34OY3rEVkPsc613gu/H5hBM5rBFwwUDvDvfz6EZGL5G5ZWa80fQzZg/+AwonvoZxhwKMBNT8fRGTRVQKthNq3Vo/MHl5FiNlKfj7QWRmxiHKJwA5PBtdU7XApBKw44AjBF64SY+B1Zjk+A7Psp5pF+iDqCOMefBJOoFzMOpdyx41zupHmM8fAVdXoVEVNcl8Wjqx0SQQnj0eACoOmE6wnGlVjZLZBBhwxUWorm/qSIy+D1zvDiswHfS4MVLE1CUIhMN09MDcDl1CQhqD7QvWTacsCBbwxZGggXIf0k7+L7IFbEYy2IHbBB+cOdJ/98/vwx3/xANBn5Emp6LfXY9mNO1R+rCWB88RDhONTSeRfnzY3acLluY2mEFvWge43XIxFqzqQI2+L5rBHhyUbpo1ZICfsfAFdr78YHZevlnwX+XecOE/f+RRGyGcjrYB+bKEglt64DePPnMLoT/YALVVjvjOeb/Xs8spEA81Joy2QKsHBZMbjnb7PVc6b66V5PkGtdl9cDNDDKRwEUZ40qI13NenvoWRMEmkZllNPjiB7aly9TgJb9BQwO5p5DWe9Dl8icYGQZU0uBOpiqF+1CK2XLUf90nbFei4INFbn6sEJNEWN0BBovUTj1/HdJzH62GFkDg/aS8IMrmKA6vp6VDSZzGLJylZ8+O0b8aEb1qFdi5iFbWEEXuoRsCBnr44nT/t/O2Sl+kvO643z8PizyB3+R+RO/RjIjQhVKBWOcB3CnTsQWfKLCHdsswtRz+lMkWdbOHrZL3sfxcMT8MT6b4bKdP0ogUpcluZEj/0+BFhRoHBCyxX3BP7I+HlWGuV+ybsz1wOjHPAVZx/PLWaLbCE5exsdwPnzkZpAA1T23gjVd1N7BWOp83cZmLIqF9zUfzRrHR1b5UaWGElo9+4Ojh9IFKcWBs7qR5QHHsiBXsTQ8MAdZz8kkWnWCV2p0yEui6NPY/rBT0pmLFi/ConL/mjuQPfmz30fX799T1URZTKF5MouLH7bdi1iasEiHKdQPKzJ8eDf3o0cLWTo6+ZtdFiKbIij9ZJlUsdP9LWIZnD4tgcwRuURZoBcPbB0Fg6g69Xr0b5ttal350s4cut9mNpzwgLdZBaxxW0ye+W9OPSln2Bqz8nn9u58VubQtlIj4bh5c9OX+n2aeTwumBggmhKItdUjWh/XSic3bWVVIkal6Skn8UA1qImSMGNFNJ9r8RkcAyXHORmVHmjr1pVoWNmlfRI1O18unPqzPsBlchKeHn70kDlYMAtkgPOcSteoxmROfLim3kZ85Mb1+PBb1mN55wLhez63b+EzL9YIMIAYEtI85rwQhXMx8P02P4HLGNS24uhuZA+RkvBjoECgWBDl/LRQfuGeVyK69AaE2y+rnjhJ6Xp3CUaxXpeVS5nZMRtxZTsFIYP1mwWPk9cyRIyz/NFLZb5tRFKKc2fcNqExdR2eZG7O5ib2zMDuPqsDuHDlvfQI+tD3JWmlEq5KqSJxc6gI1a/qe0qdhMHSZYQCrwjub5mfzwzNQcHTqS2AcbPASyR9yZwmSAVgUJXmpW1WVXU+eo7bZ9kih5xBm4E6p8VIINaOzP6/Q+bp/6IAGFn5biTXf2b2QFcolXHVR7+J+6iI0kE+iRmpNl+2At2v32zivLNkD+SLUYT36N/eZRkH+VK+t8MyoTKIOOpWdQjkQNkpgljEdVPvjWg/m4gbNi9F16vWqyd18Et3IXdyzDLFVBbJFV1CARYmpjF9cgzTB+kuPA8U4Iv1rjyf/bpelnz2cnkUqPbP7JMPrKoADG41UmB6IRwk+FzHq800fVDk+PO+1cfQuKoLzVtXon5Zp5G9pzMuQ58fVSAQCYvvSGcHKqqMPHIQqX2n7ZmomK76ci7BQTRAndLi55euX4Nfv3kLVnpJuXNdy8LvF0bgxRwBD3xwgcy/Lpa1WEirisxXwSOcYP1WHH0SuUO3IT94L5Af1/dK+ZQscCK9r0Fk2VsRad3sPk4vS+IbLEBYjc730dzxfM+/Wux052JQe5UMnfCypmGiFIVYzJiNTdiBBx2y3K7BlREVsBhYmKERXFajFamA6kAsoOI/0Yxen5OBhEhOinUwmDFAehFrnpN3cmCAdggRLyWms3cUAyI1/Hm5bNMySud8rkzOlWr9PajIjTEjNKSoBVC3MFCmR0nGeo156sFPI3/yBwKhJLf9CcKtl84e6PrHMtj2S7fjyIERoJkXRscCcwwnZWAuQ1MlHk11GLx3H/q//ZgFL67saw1SxQGzFDbUnEQpGECZvalKw9VRBFI5BJuTkvFiL67Ez3h4Pi+S8HenGane1PMpP77Q0uMLfQF5ziwRcpNiiVcDcS/ZeV3TjIvheHLX5NvliwjWxSXo3LJlGRK9raKF0HOOwcrL/8x5OW5pFYyYq0AhU8DUwUGMPnTANDF5DURRekUVnzmTCzeSFmr3hquX49Pv2oQr1zvh3Bc6dgvfXxiBn8oIVBePpmhi757x4SzDsyDhNyuf2avKUhY1F20rDD0s4ejCwD0o5yYt0ylOicAcXfRyRJe9BaGWjfZhqqAQ6MHZVWtYj5N3ZqL6naMj+PIjMyTlOQwWtQhKD7m3/pjOp+hEKSrX40nmDhUppKlHh7oMTdY4vpfoemSGsrPsisAVHyRLaZtypTlpVjhnkNy9RqayTYJdjHqhMrHsgvgdM1K1fp8PWhwXl8UykHl6gzJby4Ip8aVeILM/3StefxbBRA8KI48j/dBnUMoMINyxHYlL/1iLgFl5dHuOTeCKj30TI/1TBgDhSU1l0PULRhcwPcpZUAPs10QjCDcl0P+DXRj84dN2U6l4UVtu49+5amGg8hN87UPrkhf53jEwUmLLoys17l5OZw69y3O+AC4o1ObGs31nZuBxYqG66zx3edM5R3HRFXzx2u/4nCdS/YC/Zr1nfnzcisk7ls9nd1rtmcM7UaqhpgQaLuxB86YlEuFmU5k8OCs9nyODcw158uDkRJDLC8wz+tAhTDHAMRPnvfFIWDWnYRkcJbuaE7j28qQ/A4YAACAASURBVCX41E0b8LrLas0u53MhC59ZGIGXYgR8lmYBoEL4dvHAgp1t1YBXowCi7IRzvMl4KeAN3I/MgVtEOteEzvJaflKSWMzw6MkWalzjduqUP1TCIwmagcZnP95A1amhiBzt9B/dce3sOF9Y8qCKkA8UvkfmOXCKjWZfI21NR6OomMLqApgtmdJJJalV0OU52WZjQsAIF+cMIs6ex67ePqRSoy9jOmEK9R4dh0/aljbpeR6cgmhF6cRlzOwLuhKlubN7yTNHQNe1E3TYoIwus+uLyB68VZld/MJPI7riRkm7zRro7ntmANd8/A5kCNyoj1jPJZ0z6a+NS4wAPkucc0+DSpJEWY7tPoHT33kChROj1ofjpFg7ob8Uz3HtMTRi54huPojKZYAQYRc4+HMvT8WfxaOIttQJSJIbmkSZwV8gF2pFsvzoEEm66TW6jbVZmld/4Z9e6d8buyajItcT1EOlE5Z353Ri8GOqAGeE+VBzHZo2LdX9SnY2Cu0qFKV6lXPdvMobrc+QwyhJtmwBE/tPY+zBg5g+cNrQoeQ/iiDvxpNjw+eFXLhoBJdv7cGvvu8S3LBgnfNSP+ULxzuvEZgZ6BTSqt5ulWyqWrZ0EapCYq700BgcHKVAa+ET30Vu/1dQmNxvslXMPjJDCMSaEe27HpFV70YoSYkqKz8yyzOCufHUqgAP1y8Utc4riTA78ohGp6JSCUVW1hPdwCblqiILyekkXVNvkr8NsY9GhGeNDZGA7SxVVj2lLe/y3D6HBmVw53mqp+jErM8YL16LswIyOKWr7rleaChq3naueWf6oUYhsASXn2c7h9fiRVS81JoFujLl2jhmkRbkB+9C5ok/QCk7jkCiFYlLvqiSsfqvs2ld/uDRk3j1p75jE308bH8WClj81m1oXNNz9kCnm+aACo1x+asN/fgZWb+URqcNAu/FnD2c392L83o+X8iH/TwvUJUbfE7eFcBKCKHGBGhfUw6HBLTh32mISnRhpDkhCbRwXUJaloXxlHQbsyfHkBmaELy+TMAHAw8fIAayCrS+RsvRoREDzJiStKmJiTZB4WvW4ck9pFJLkaao3h+r9rormS81L7laKiGyqElC2k0X9iHWSouKkhy6qw/yuQeO8mX0/2Nwndo/iOEHDiB1dNDKxczwfanYPaA69gD984K4+vJl+Ni7NuEtVy+bcy107jNY+MTCCLxEI1ApS9qCrVacubKIUx+rej5+8tY75bhqlp1o8rNsyAe8YkrGr4Xj30JpfC9oLyMASX4cwfrFiC5+MyJLfwHBRLf7ujkFqIxqtUHTnZSWJcEr3onABV7B9W3BSfqA92sTOKWmilblrfGU2ephJll01Dkf2H2Z0sAvFtxMxcReZgpCO0UWkbetZaQMsYZrZcAe57SgcfOeCASpkDTOkiSzPCdW7QKcxl7WQCbWLNSoAC1O+kzX6YxfdfnW8grG2lEcesCQluWg/k0yO41fg+Q59r5m9kD33QeP47pP32E9HroWkONVLmPx27ehYVmnxInnu2nSTERlpDn+1HFMH+pHhmLCBJ04QqHqt7485/twvsfEhQAD43yrgbXdZF/m5Mny7zTw5EqGgduvYPjzRBTRpjrE2uoQ725BvK0OkeY6Kb5o0eNI8MEgsxxHTCyWUKSmJNdYgvkHUc6VJJxMcAezXmZQpUweRRLAHfdFC5YweSBBhGTVY4EzTJ4hAsgOTRmR/eCAgpyCJLOlWvkw/l2yYAUjl4dDSCxrR/OGPjmGR5qSpmQyH0dvv8jgAxMNW4kym8fks6cx+sQRpA4NGd+QvVZvAuubyTw+RZfDIVy9sQu/9J5NeNs1qxa4cPN9ORY+97MdAV92PKNk6QWOz+zT+SBY6c3VTEhV/UlX8vMqI4wQFDXm258ZQOH4Hcge+xaKk0fkLGDfKyJQtwzRvtcg0vd6BBPOlcMBS5QFiibg2yKuz6UT8chDQyQqg/NCzbo2BkZzK68EcPHcHLxfGZEt9r1MWcUxXYT4Grdzj370QUenY1mq0RD4V8evoyanP199jsHNWQ+57NJEqXn9DKYuqAtBaWL4PojJjUEOBfwoA6STSOPPHc0vGGlEceQJTD/y/1iAowRYgQjySZToMN6wYvZA9y8PHMdrP3WHTa7M6BjoUMbit2wVFP18Ap3gq7SpSUbVv8uPTyMzPCV+GGWr2O8juIWgiDLdrjlgugEmsiy+nhRgavpxGluW+xyBsPZ18ZkPsyl+xp5Q+49yZYkYwgwsdVFE2hoQbydvrU6gl0hdTEGLJGkd1/WoPGlaf84GEKlk3EGTRAvbnxacavp2snIqSbrLy5Dx3+TJEZ5Pt4TUwQGUmSExqLA06MuM2hVJblSoyVn5sD6GhtVdaL54GeoWt8kyidzDWv+/s84klQpCxMxS0zlM7DklHlz62LArUUbdQqNmpcFjM8CVyrh0Sy8+9u5NeN+rV/1sJ62Foy+MwPmOwJxgr2p2Z6+f052cs4ypcGShT6VH/3e3iuQE7Sx3SulTyB35J+QO/xNK6SEEIglTAinmEG5YgvDiNyK69G0yDLUEMW19LfmzmRyWzSgWiM1ix9CSlkmyB8f5mp8zDcqybHFcP94aXo6j56/NyN8BQfp9X9AmtTJ7bpzDXUAyZRJ+3okqVwIWf8Y+pc3d1k9jGmC0CeME8n++hOlsiCru4I4K4ZwXVL505VMFQycvZkHRlTYVpGlU3YnSxAFM3/NBlKYOIdy+DdHV71OPtHDi+yjlx+coXT58Eq/95LctTiRd6bJYFkk7sbwT0xMZxEKB87NQU1M2gGCYhp9hE4Mmu5+9I8pz5YsoMwshCjAUVEbCEh7luY5/9SHLwLzaPoOYMhmv12acDW1sjzEzYckxFlG2xOAWbUwg1tkgyxyavwZjIX2GUHmW9/gwUA9TPSy/VVL283yDar/n4wOTVkpjxaO6ZkqoTR8dkoL/9PERlMacvqaH5/uypK+IMLiwHMp2dEs9mtb3oXF9H5KLmhCMRY0iIDSrC4jnOGWWGkzMOiyJL2bbo7uOInt0yBYWpIZwfGszaarVjFs2v3lLDz759g14/2tWn+fgLHx8YQR+nkbAoy7PLBlZ0cK/fFYmtPKhyWfVljWrV8MyX1VdRZCVmqzRw+H5+eL0Mfm05Y9/XzJViFKsngv7CYQb1wiwEln8CyKhW8DLOO8184QT6pBZk4KvzVnilCmaOJcAZYycI/05OwK8L/sJMOJ7gVqFu/4gg6iKshXHAgPVMLuMIMBERPqVpp5iVAMjqOt0JDhtLjMkmCNgNkbey07nKmK4+YfbWDo9TJU23fkKYGPgHJU0FSz5eyOMS9ia2WisDaXcCKbvuVlAoMTWP0V8xTu128LJf5H90uw9ukdO4tWfuMNOgBmdymR5LHrzVnSt60VXuYDjqSIyxRLC5wI2zPZMV5qOZmmjAFixr6kCJZhdMeDt/993IX9qzMpnDo7fccUFymYo2Kx6sEp8tNmxtFyWMHQmYHbFP51iPwMZNS/5ef3pV3XPN6jNen2up8pVUoSWPZS2CSi4pU/TzfsUpg8PIz8wYdw5QvOZvSlldy+cL8EyeLFESEuermY0XNSr6453NtqNTOXMlqe233mWecQHONrl5EemFeDGnjmB3PFhOz4Dbe158L7w+Axw5TK2bF+MT95wEd557SqEno8bw8/THLdwLv+OR6AmsFUyNT8cTnHDWcjYROzQiA6oYghM1yfzEPnaACg0hasmud0KuKEASqk+W5iXJg8he+SfUTz5XZQyw+RnGR+ukJZGY2TpmxDufjWCPsNjH067dehGfxnM9jQPem6bp0TYeVjG6V0QTPGkSjK3PlElrAtcEq1YBXl8gU1NFW6FlTyVrXnTVP4+4gAkNeVKZxrre34KqOrp8fPWS1TQEmne0OtV89ravqk7Q4le87h2jfJ3iDaiOLkfpanjCHVtV4tK3nThJErp07MHukf2DuHKj3wDGWZNCaIujQrQ8YZL0HvxEqwIlfDsRB5T+RIiP83JbmawobRYLILj334Mk48cMr1EZnyAxKIb13bLGYFBzBqZdh+8Q7kyRkcBMGSRu0kvxuvtVMt5LizREo3J4FNIMbiNI0XD02dPI8O+GwMHA69oE9592Fc5WZ6kRprpcAYbE6hf3iFR5+TSDoTrYtIBLaSzVpo91/j7uBm2niDPizqfY08ew8TuE8j3Txg9gAFuZhbJ+08eXCyMSy/rxafechFuunYVgs9ncfNijPnCPhdG4IWMQKV0WYkWbm8+gPmdm9hxBQWpbKL2M5zCjRNWnYT8i+ehiwbL97Y5Kv+Jg2eTd2mCsmK3IXfqTpSzowhEmlEuZBS7go3rEF36JkR6Xy1Vfk3uJJ2TJO0mehNCdghGX92q0At8udG7FLhKpwKQD2927spanXuCOTA4KInKlcrFjDfnem3WKHMuCS4OmpqLgWhMr9LxBrUY53k6OyN9z8qoVpLkrszeTGVYnZsDpmgyZCbHLJQIdHfqlfMiALJJWW0pN2VegXJWKIvHOGtG9+zJSVzzodtx/OQE0Jq0ADGRll5l89YVVrqUJfyLv1Eia/jBgzhNUWcGOh50Mo26Nd1Y+rYdlilNZtTPc+H9uRP2i3GaM7JSAlZYCmQZlBZG6ZOjmD42LPufDO2F6AdHB3YJSHs9t5oT4/7kAZdXAIwtakLjmm40rutFrK1BKyD23qQi48EgZ7su9xmWJtkf5TZ1eAgTTx5RH07i28zWRflwY+f7gDxXKpmEQ7jiZcvwiXdswFuuWobQQoB7MZ6khX3+zEZgNqWh2hJmTd/Bebp57teZpzyzV+FI0JrhndSVvm8lQV/2NPkr9jSqOq/5kSeQP/T3KJy6S327QLRBOpoMrKGm1Yguexsiva9DIGQgFxRSTifT896s3WBlU9PYNEFmr6fJl9zoCIoWzt3bmnmORO6yUR+WmR2Vgy5oKVAxKPkg6PzshLIMoVzIIRDkN4nIJBrTVQQrwYJBzFMfWNZkIPPC8UwOqtVeq/xaNm1X5zzpNI42dpY0u2xUMmbu87yuAN0XKGRN3mBV36Zy74Yns7jyI9/Ent2DQKuhATEyjbaXr0XXtRs1kRv09cXfCHOnm8Ghv9uJIvtYnJjZK0pn0XLVhei7brN6TPzPpGdexHNS89dQk0STElCiAJQtCGCTPT0mxCQ94ahVqaDFzK1imeMANZVyqVNG4eeCAYRb6lG/rB31F3TLIYKAGb4f7GHKpcEWVGff9G4FRIlgyZTUgskDpzH59AlM7u9HmRxI0gOYqdc+VVwoTOfNMqchhtddswIfvv5CXHfFkp9u1v4i3p6FXS+MwPxHwM1flcAzs5wxc0+1FAMrW1rGYd977nRYzRLtNTPOm33QV5ZcoNU/6ZTgghfp2Kd+LOHowuB99tpHLcOjHmS4ZT1iK25EuOc1lYBHhKGg+KI7uCxSBqjuOvzlKSbXaGe6DKpMJRX1+Ryq3JVrrU/n+3jmQiADVAf7t4oSe4bOVFXlzJgNi/QtXb9OpUZuLujK6Zxamlb6rExrzrHA3NT9xnPwpHRHedCvCHyxtpVaYDCxagY2v4BQj9BQnbPcojJw9S/fgbt/fAjw7s5TGTRsWIy+67ecnbw8/ydtfp8MBhCpj+PU93dhhE4FyuoCcjpgIGnZsRpdr7xIPDcGRGU8BkE6d1CY7Qxqe2S68wTQBBXc2DPkw83MishTliFJm0idGkX61CjK1KvkAx0KVXtutYHJBxYGav7HEmVDXFY8DHBEtEY7GlVnp+SZZW/zCG7+WSZlIUZR1KDMThnYxp8+gTQBJi5TrAB6fFbIB5XBj67enXW44apl+PCb1uHabQtKJvN7QBc+9W9zBGp7dDOCQc38an2kmn6X+90ZKinqMfnCSG3W5vhoSn6s/FnZfHmuEigZOF3rJWQqK1TzL5y400ArY08hEKpDMNyAcn5MPa1Q22ZEl70V0e5XOU82Ne0r85+VSWtI3hVenT8Pl3F6Cxylgq5ipD49KQa+pGkgGymqGKnKArylj86exzhwhpj0gcqJNvt2paM8aMCoaCK+H8nmfiFvCFQLuDVVOgYvpy/q+6NyMpcHnit/koahbJGBrYgypb+0W4JWZgl0/NV7f/uHuOUrTwDLW5wEWBaR7mYsu3E7QomoCygvzSPO7ISZycFbdqI4OGniztycl1piTQ/atq9E/fJOhJMxQ1AyUEhtxNfTz3zOas+c9AdbnBE8EjLgCn9AlBH3RRfvSQa2MWQHJ5A+MYpMP41OUwbBZ5+NfnZURNF3q7FWx+HzxMBGYAnT9FgYse4WiSvXreo0t/BwSJQGok6NYzGPzQVBBmBRFgIBZAYnrP+27zTydJHgdRDE4wxvtVfPwxtNA2NZoKceN796NT7w1otw+UWd8zjwwkcWRuD/thGofef8C1yZnd1EXC1lmlSYz9RcFlUpTXoieVUnUyTzCoDFT+AOQFIJgIbaVGnQE7IVZ7PIHfkmcgf/HsXpo4bEDMVRzo0pgwl3bkdsxbsR6bqyelOopUnoPVGXVt9z/UH+3WWk+qtx+ei7J0cFmqxq7nMSXFRrIT2i0pN0GZXPCt1+JfhcEYt2Kk7+Mz7z9WhQT7uqXL6dY5W9YQ7r6jtWbgXHxAFQfHZs9jaVYM6s1NCexitUWVQJtBCis9cg//QfduHTv/UDYHGTDRS5XTJe3Y7kkjYzXn0JN/bqxp8+juN0GqfMFidvXgTBJiSwBwOI9bSgYW2POGV0NdfkHzJQiFcnYT3YpN/sYROVoUCfJaM6FNJ5+cBlR6f1Z25kGtmhCeTGUihNpJwsmCO4y+jUPUi1mZvKxK4syeDGIEeKQ2sd6ld1om5VFxKLmkV1IFiGpPISuS72fpx7ExfUJLp4jQzEVGaZYHnywGmUx1I2RiS6syTps0JlwkVgOKMMb9G6DrznFStw0xvXYvPK1nMfd+ETCyPw72kEagBu9nL6F6nyQlVAKdVAZhlQbTvbqqOuZFlToakJp1VU5MysTwAMV04sTEllJX/smyhOHzR1kXAdytkhBbRw1w7Elr8d4c4r7C4xqyEoQ1mXR1l6L1gGAS68yZ0z41X1s6joIlseAlucS40CivW+RC9Q1kRvO5ZGOQ8zx3PWQxJndn1Cfd+cFRBMmNC0PsfxcSbRRcqeedCKyxCls2m0CPnf8Qo0z9pc5kXFPDDGMC3ke2dskaAg7QFEJgY9Z6Db+eRpXPX+r6McC9mEyYl7OouO12xA5xVr5Hj9ErXpLCA50vnAzr3mTJ6MWZ/JNzKpepKhyaEpndDjLdKSlIFptCkh/h4zQw0WqQVciZCkni0gn86qFEmpLRHYHXldQcEv4pgRMXhUHLxd11Qn5/6PwUolSbdiSsYQ62hAorcNDSs7FXxpWsvbSJNSuTZU6vXnmEEc+CUYpSQZ+TIQ4pRIzok9J5A+OW4Zowe7+N152gERlMzgEhFctLoNb37VCrz3DWuxosvZMP17msAWrnVhBOY1Ai4q+UzkjEWo/cPmQEfvqfTqTKrLJnCfyXHqoZyVHbgq5eV36k1FfYmzpqmm06gqlZRyoygc/y5yR7+O4tgeBGItQDCJcn4IwWACobYtiC65HuFFV5v9Dc+zkDpjga+fiVhuZPGgpLyyKKtsyvJh2p2nZXYmw+WjtAUPcwtnJkiyOftiFuTFdauUe5npufKkyqJsLbH6FbXsVTw73+fzaM2AlT7F0TO7ICOdu7HygiKSSrNSqVdTMdqFOSHoVIgAZSl0rowukytgzU234ejBUaDFoR3HUkiu68PSt++QhxoziZdsK5cRjEVkE3PqO49j+Md7rBxHZwSD51TBFTwvXwLkz4XIdJkXAxUDERGQVHxhRijNSfbWHLmSf9aULytZlg96vtYt9ZWSBTcGOWZYyRji3c2oW9yKZG8L4j0tCCfp3sAKhFMt8dqX8xk8l72RaE5qADPO9OkxTO02cEl+eNKCMZGVjiuo3fryJM1OmX0nI7h4w/9p70tj7Tqv6/Yd3/weh8fHmXwkRVmWRMcWTGtK7diSkiiSlUqeElkogrQFivZHgP4oChSogbY/+q9Fg6AoCrROGrW2FVs2bMeWodiN68R2rLp1LNuQTEkcxXl6fNOdi7WHc757SZqUy0eRPOsCxHu8975zz7e+c++6e++1194g/wgtAo/skgk1ZOaNCBCByyPgb/ik/GHO/VG3QjptcKTP4JTySHGGXN6UhCkB5q/vNbNMXh+BoFt9eXnFalrwgD4r7df+uzQPPi+dxSNSGlpn8vrWvJKvRnizaYQHURtaFrxR3MkopCCwCrP+vp702k5ciChDkILICQrMTIgTcQAsyhAZuhOKTjpwRalGd9GvbJMKNCar4NlOojr+J+b7mRm+1fgsCtYvB9nAW5hIA3ekNUM16+0d3ptn9mJOuuH2cjmiw+n8/r/5S/mvf/xDke2rMm9F1LBmn35AP8A7CwiLrybXdo3eTCA7jAEaH5LTP9wvx7/xt9I9dcHIDmnEuMUpBTFFzasvBLWu/uz8HZfsGEmKwfB2+y+QZEj8cf2N1dXgeWTDlIzOTsvI+tXqmQnFI9KRvVbbXF+00f0qBTJ+3hq9jdT1wmrPLWv0dvbHh2Tp0BmRxWWdEtDX4B1vBKwX0dtcQ2TdmDzxgR3y+799hzzxwLbruVvXaNN5GCLwdiGQE52dgdtuaQ2tvxCffs/OR/vE8/HcIKuQ+nsqMynoB4nmQpf4IEtqetHDFj1l+GhaOCzLrz8rrUNfkV5rTgeOan0KkxJKJaltfFjqu/+BVFbdYdEZohyQoZ60TywPv0qNNu3DT8s8SDuqlB8RnMn5vX/BDazdGcUNltPPT+c0648zGaalRn3cTg/TD7SOiJczmzD7G8yZ8xl72ZRy8+3MJjxoj5zZRSoZ6mginK8NcDWlqAVAELZcNqLD6z33rTfk43/wFZG1o3mv1dyirH7gdtn02HukfWHp8qNjVuraBPj1ilQnRmT56Hk58e2fyvyrx6Q3h7QcZqMhb+0y/uxivLwQxa/fPkFUNu9OpzY44Bpdl6WEVKjaiU3JyKbVMrxuQtOT8JnUULvTS9oB/BvH1X4X0OitrKlJ1N7g+oJ+vLmfH5OFV45J66xfnOGkEgSsASums7dtDly7K1vunJGnPrRTnvmN3bL3HdMrtRs8LhG4hRG4lLdtzKwbjOqMAKxnLUgsorcgN+85cxuxaDoPq7G+HjsXuhidhs+vHdeiIhetqJTfHm/P7ZPWwS+pUrPbOKEtCTp/cumolIfWSW3rYzK0/SkpT+wyuuouW4SmSkozS1Y3EXcmsc9GZLtisjc8JyG+jJKLmz6HUlNrb8iKASOzClPy0s8/n0iuxs2ou4E8UXryGqE2mVsDudYMw8MTKchuy6JFJUlXomuQgsgPCk0QmxOfp1dtGKv1CaKW+QuJbrnVkXd+8jnZ/+opkemxLKqDzdbsJ39Vhqcn1GOxr/J6PS57//qEaAey/6XDp+UcPCP3n5ImGqHRehA3kF0oIdMKMcAP02dVHnnUFs8pl6U8MSw1jOsZH5KhNeMWua2f1MkGIDa1KEO0Bluxlvll2sVxlczmF6waQcN3EsKSRkdH/aAf78JP35RltC2g9hZOKn02Yf5FEW0N55d1kvf992yU3/nADnni4V0yO8P62/W4HPkatygCmdJwcH1BdrjfskLmg4m3viv9lPQs7ZY5fOjv7vSvzzaD43ySuRNZeD1Gk3qUZvSVXIafqR2N8kxEYoTXOfczaR54XprHXpRS87w6g+gEg9Z5qYxtlsqGh2Ro+5NSHp91wmuo279FRPDixYl6BkoJQ1fm5AoGRqoRhATigdIRz8ffQenovpYYygpbL28/MDFJxQUpNnxVU4z60Wt/o43kMeZIF9IyEYo+akpQXavanLkTjapKzSBaTaw1krMJ5Aq+ClPUgPoXS0r+1X9+ST71b78tsnON1aMQOZxZkMm9O2Xrk3uls7isH/JvS07MIyA0VoPwGmfmpXHigva0Nc8taNM2BCboe+s1mnohYK6bhbc9KYPMRoa0VwTuIdXxYfXIVCHLqhEdfIoBsiUIWSDy0HYDM35G+0LHhxdeyYWr723i5IZvGjgm0pM4d6g6oZxEenL+9ZPSC5NnCIFiikFWyUa7QtfIbbEl45sm5ckPzMrHH7tdHr936y36qcNlEYHrjEC8VxP5v8YmOtam/1yC0PK2g1BeptZhMVXbxBxmRK/fuC8qAfVFeR4R2RQBIzarguSN6nY60Bl46xWOev5n0nztWWkd/Yb02g0pDa+z1F/zvJSH1kp98yNS3fm0VMa222LQkN7BAGkzUQ6fLRNcetuBi1tsiCrE6/ksu5imYG4oFiVmM+1U9FLJozy4waAmGEpPkBiiNbQI6Oub8tPmQNjntX1rALFVddKCTiPPztX7+TQadZsyneTgEx+uRHTHzizJnU9/Ts7CMQMuKXhdqAVbXdn8sb2y5l1bpYGp0lcZxKzIparM7VERiEPzy13to+s2rDcNEn5tIfBam6YIazD9tB60cs1G6yAM1lE9qsrsSBffEBD5geCiToeLHblvV+6Dc65Idh6F6mQFqEXR27nQkMXDZ2R+3zElufaJC5b2QPoVxBrikiA4YI/0JAiuXJI992ySD79/Vv7+Y7fLzo0TKwItD0oEiolA1OfS1UfRPxek2Aeiu554DS+v0cXfejTkIpT0w/LiepwRh31c2HHT5nSLrexD3wKtsBizqQXRJK5f5j3l2T75PWns/6x0jn/bjJiHZqTXXpJe85SU6mtlaPajUkOEN7bNIjyQXWvZUpiaajSSM0tLTznq67aS1gC0KuD1zVRDRS2q5MQaEGE50SkU0UCH03HSx/OR0gS5lRF8+Iy9jFgsDWoDW0GCqO21pae1Sms103YJHQkYXyB8HJGNFrpyk8C//vQP5V9+dqfeEgAAIABJREFU6psW1YVoY76hU7i3P/Og9oS1IgJ5u98VURWGZBZqS52MgNk9uTjWQlsrtsby0/E8GNdj19Dl2RvcN1G36btzzV6f4LEPApwCLMMgHIHQc6khjeMX5MK+Y7J44JQ2eKuBM5rNY4JBHCCUk+hhnEc/XltGN0/Jo/dukd/79dvkkQe2yVA6p+/txp6vTwRuGQRSIUp8DqSNriFGiQUHCdrw1axvTh/ur9Hl6czwcsTfot83ansu8PCw0dKi+fEjeoM4xHgg3Emy9mCfEI5gaCjrKWsdeUGa+/9MOqf+RqQ6KqXaahWv9BqndTjpEIyjtz0lpWGr6fdUsBIpQNiL9aQMFxV3P7EZcyA+PIagy1sq8FNNOKz9y8ym/fzRI+eemlaSq7uRtKc8tcaHyM+8OCFYsRRoCHJQL1RRgr2mnosZe2haFzoJpCuVYP2YVxKjxBaenW/I/f/wi/LK/z0mshkWVX7S5xdl+LYNMvvMg1KpVaSFRuUrhjZv0zshvoRdy5fXwmyiY/HNVKcVKCYRmVXKOlgWVmELB0/K/L4T0sAEA0xYB7khNYmf2Zc/fwM1uyKLDRH8HKnJ3XdMy8c+uFOe/LUdsgduNbwRASKwgggEsQTHJP/vizIsxupze/DG5n6FWzwvBCp26vlEhCBO+6AyMrQaXj4pIY0kjeB0akLYh2ijtUVMlr7DzW3+IVrR/zaleeRr0tj3p9Kde1VK9Um1FsMcvFJrTspTd8jQ7CekuvVxKVU9DdqB6NCVptq7Fo5T3t8X44zUscSJT/vq0FxujehK5NljHuVpb1wIB722BnIEwWmrA0jRfTlBeCqYwUxOtH+5qEW/IyBFabPpkHbVj2H9bLZoW7G4mogO+Hz1bw7L47/3BZHxusgkUpgu4DizIKPv2CBbP3G/2m+15hZ8bMMKXoM3yKEzQD36Q58fUpO4teaXZOnQWVk8dFrmD56SxjFv6MYOoAkfJBjXtkbJJRPHoOdtvqmbPLFhXD78oV3yzCO75NH30XvyBtl2nkYhEEgV0zo/Jo+q9NeU3NJv0YNpTSMku4UiM+bSpc3hUfsLcUtqHJ2aRvuQ0xhPo/nE/FxilKmShd4fRvKIbmBRaJMS0ECO/rvWgc9L58JBKVdHpVcdF2mfQ01FKlN3Sm3HJ6S2GcbRRniI/lT16H144S4V0wP09XSiQGLCrJ9rbrKshIhIzKeTa4oWDeEQDOK8XGiDOmJG1OFwgpon0qFet1OLMBf7QPiiZiyw+nKxT2nIlJuO/VUTHRb6B3/0ffkPf/g9EbhpoOEaN3w4n1+Q4ds3yqbfeo+MbpyS1nn7BnDV6sOb6Y0TEXilpKIW1PYQtcGAGevG7LmF/Sdl8cgZHWyqkRvy5dkEA8c+zXyg7oaet15PxrdMyvv3bJCnHtopv/bujbKLtbeb6ergud4yCARhJbW6yGAOBndZ9Sf95pqn6rIQI3MLGYzkjAztMGkKE/eZqMX0ARGh4WcMLo3m81B7ez0sS/XZOeUKUFWQZJMSuksnpHn4S9JG0/n8IZH6WovymmdEWotSXnWXVLc/KfVND+m8Nz3J5nnpoRQUU8ZBXqp6tDlzdvPHNWrzWp322sHFxHv3oEBFja5X1V63EK8oGoggtTUBj1VdFeo1Se3pM3LUNKjW+UzRahMTQHwgOkR/nha+2ogurt/H/tkL8uefe1lkF9JnvrE41tySVKfGZOMT9+iQULiAQGyROZbcrG8Ar/lpvc6FKhCtQH0JNefyiTkdZAqlJ4QlZvRsE8G1iT1N5cbv+HKAaQKLbXvumlG598518hv3bVFxyXt3s+/tZr1ceN63AgKDEVry5dQ4KT7L7af+f/DOMIgIt+J0ekGIUyIWuOQBneQSU/qQemrNLmpW1uCdD331TJs/nrUjqBrRe9l6TkI6C8+itc78a9I68GfS2P8l6aJmN7pJp3PL8hmNoiprfkXq256U6saHLKWJqAvpzsqIdWapYAWfi01vMvf1orajUFjUqWSGNCrIKfrjPBLUyNCFKjp5AOvUFgMoNBH5wcUKwhN4E2P8DwjNXVQyf01XxKpLik8qV7XqVYhR0kv3/EJLHvknX5YffPM1ERgBR18X1jG3rHZba+7bLdMP3i5Dq0elvQjbq+h+v8HfBEnWAcohVWSifub+llBwog0A43kwUHUJ0wzQt4d0I9YPlSQILgQi2fE8LbkIO66mtQZMDcmdd66XJx7YKn/3A7Oy9451WVvoDY4ST48IFAiBhIT0QzhZ+kDQlz12EfEpFeRpxOwQaWgYd+YKTrsnrdEFuUW2bFAQMyCC0ZpdyPJzlxb9K/WutGZxJTSfF9eZ+7k0Xvkv0j72gnQ7y1Ie2mC9da3z2mBeXf1uqe14WlsT4tZrzuWG0NqgbdPFlVo0YrM6mtYOEWVpbxs8EV3M4rU7s0VzEke0Bi2IR4iZWbP24vnsO0RwyqEoA+H4WE8+ty7ItQRSfKtEhwMfPbcsH/2nX5O//tbrIlsnTS2IKEXdOVpq/lxbv0rW3LdLJu/aLMOrxnQ4qfazqRXWRW0jb+8bB4zvTdvaZY+wvNuTzmJThSQ2nueCLJ2ck+aJOYtUEYlhvS44ycye0y+D2KhGx74AdHpSmhqWe3avkQ/et00e3rtZHtizQSZG6Dn59m4+X50IXA0CadQ1QFCDhJceLkt3+pPCKzMK/O7kkYtZLlXvs/pdFjVmhHsJosuEMfEh65MLssY/O3dzDom0rBGxTi338TztMz+S9hv/Q5onviO95oKlM3VSwmltHyhP3yv1Hb8jtZn7bbWYQtBesHPU3jarp1ne1aM5ba+ImqG1R5iribu8qN2XR3W6Rm2UtuNrbdDsEJUgkQKNLwIok/ksOq3hKVmiVQzm1Nbj/UsRHY5/drElT/+LF+XrX39VZHLIBCp6UP9W4WnL+sykTN29VcZ3b5ChtRPaQ9Zrt31eHJoO/dvO1bqJXM01mX3VyKYhmm8bVDzaKwc7GfTNmWuKWpFimOpiUxvNQWrNc/OqjmycQdO5ExvOEdEaojz8TK93NY4uWY8h2gUW0VciUp0Zk3tuXysPv3eTfOi9W+Xeu2dkHLPreCMCROAmQyAlIf307T//wQyk1tEuFbXlVZ+LD5DW+fCopUAt8WYkoEfMIkufpRk1Ph2ZY5972bDX6MnT0zdhjTqQRD9bRqJmxGzik3BZ+bE09z8nrTf/QnrLZ6U8tklbFuCjKbVRqa57UOpbPyzV6ff5ZJi2Cl2ykpWmEKMtI7FHU7Kyfjs1aFZ3KkRq1vqlNyW6qjWag0izfkXDxSI5BFnz3kSPupx7GCO68346pDx/aaKLDfrH//678h//6Hv2wQ/hRPR+qdqmax/6zbaUVo2pm//E7RtlZPNqGZoeVxcS7WVDIzc819BwqJ3sUXy9zEUy+Pbwa8MaFc04Gd8c4PaP3+GAAjNqczWx2poRW0MHqS6fntefaI9ozcNtBKlWf20co+Zz3eJ1NadsMl4larQAIGqDqKRSlqmZMXn3ezbKI/dslIf2bpF775zpy3jcZO9uni4RIAJXRGAwEgs2iqjJD9AnaElCwfDl7WcxJ9NIXxppqF5AR+H4VHLXSljUZzThcVveWKcBiNuNKdflaU0lF7Xa8tYHJcBwWbEv5Z2zP5bGa5+W9pFvSrfXkfLIJqsNtqHELEt13QNSn31KqlmE15BeD03nVRvFo3C420pEsdokjrqd+WcGkSlEGo0hinMHGO2LM0yt+Rw/3WuzBCJDKhRTyFFqgh2a46+jgH7BmJ4r7mvyhM//5Rvyz//dd2Xfy8fVb1H/hUoIACsZtG1eGk4Q3pGrx2Vk45QMb1wt9ekJqYzVpTZWl/KQjZFH5JU3XmKPfNyFkrmlGlWZA0WjWpP5lFrMkiuVpIsxQo2WtBYs/Yh0Y/PMvE4BaF1YltbcohKdkhrOT5vLUZz1aE2VuR6lxTe36I8BoSFFi5+ot03W5Z3bVsv9e2bk/fdvlQf3bJDb0G/IGxEgAgVHYDAKTODQZutkMHJ/ka9P5JLVrrJUZ/JZrgxlX7xNmBIm0N6ioJFlWXpa03LhvpKiiUTUtszTf2qqrCpGqD29ARwTzf3cWsf/lzT2/TeB20oZ0wdGYCvWky4ivHJZqjP3Sn3nM1Jbd68RJ/remvPmqoJaXwdk25ESGtnVOcU+f9GEXsZnr5p4tDIlpX2uw+QZhOitC2r+gftM0GKz6pD2hEBFP7i9Bhk9er+EGOVyV+2x88vyqf/0A/n08z+TJhz0147YCBlNz/q3mkhrKumh870nAsuu4ZqOo6mOjyjZwTAZA1Mx263sbv4amVUq0gWphdUNJgt0utKGk0mjLW2tA8Lbsimd+WXpLLWk02rnqce4kEL9GJL/WFSa8tbIECSNY3fsfJGOxFLGa7Jxzai8653r5IG71st971ovv/KOaVk/hdl4vBEBIkAErhaBi/Kd/SlRj9Ky1GWkJMNs2efH5elB98N0laOqLo1lXL4fxOu9fK4qzycp+LgcdenyMWYx0w1TwjXSaql/Zgu2YmdeVlVkeWSdRk5dTEqojEht0yNS3/6UVNbe46rMZSnjcY0qoycOBBfWZWUpu6Ckq5PIYyAriG7ISFfv93SnNq3ntUtNfyqJRxsG1hlEB1J8i6rLK23fX//spPzhn/5IPvfia9I9tySCqd4gAJDKpUgPJAjyAqEgOopJAhFRYcN0EKorFzU1Gs7aMIzsWBSmEwsAQkS4EJWA6NEk6b+rXUyygrRAG9+sQJoYpLrQNHLDMYaqMj0zIXfvXCN771ynxLZn97Ts3kR/yStdD3ycCBCBXwaBSHnmtmOWmvTPMDiHOGHo/REdanrQdQ8aUoUIxsI+lehnbQpBghbnWWkvJp27ZSLqefqFv+HZQOgURi1qas9J6+BXpXHgOemef0VKtVU67RzTyXtLJ6U8vEaqGz4odRhHT+42ENqL3g4I0tLUnSv3Efh4pIGWgiBqFZZAhBIWX0PevwelO8gNUSAmvCMSRH0PVosgcbQx1LQPD2rMa050saUvvXpK/vgrr8pnv/FzOXnovKkyQXoTPglbxRu60sQHLfkyo6lPZ+e0VJepljyajigxIrA0Osuy1QPqJK0f9ozQgtgQrWm0KFKeHJbZrZNyx7YpefddM3LPHTPyvjtnZOs6bDBvRIAIEIGVRsDJSj/7EuJKhCnhtGJVq6hh5f16JtfH37u5cQhalNFskrhFezGKB3U/kIJ7G6J+pg4kMFFGScib09XSqy6lGlKa0JAsaw9ec//npTN/QEr1cSlVJ/T+XuuslOuTUtv4kNR2/T2pjNukBLX46i4ms+4qUqpUzS5Mm74RnGCUD4Ifr99BlOLEFdMMrKEeKUwEOnUfpo1GcVd7uo3aihFdXAZvnl6UF186Il//q4Pynf/zphw6MZ8pEuHhKPVyPoYmE7JEg2ZCUIO6lJS7Lvc7TgKEFtFiEBuUkbiN1KQ0XpfN68dl1/SY3DE7JffcPq2R285tU7JhdT7yYqUvax6fCBABItCPgEdcYn1jJs3Pe82MyIx87GZOKv2+m167M0tmmwCQqSAThaenEK0E6CbN0QsX8+D0NTxa0r4796eEdRheZhkuK9+Q1uEvawN6qTKubio9qCLRhD68VqpbHpehbR+R8rhPSmie8wGpSE+iZucTETQ7h/l0pja1LB5EJ+Bmd49Rg2mQIV4c1mA4J9A+tCDet2fKxJWL6C51yR49uyQ/+MkJ+d5PTshfvXxcXjs8J0eOX7A0YcubMRHpYUOhdtR9dSUlDpiF3P7cCMtVqekRoKY//XdXXUqtLMOrRmV6tCYzq0dkx/oxuW12tbxz5xrZvnFcbts0KRunR3U6FG9EgAgQgRsCgZgG4Dw2OOsu/3/Uolyh6IrxIEKbd+f1Nm9XwDgck6djpRXPGiL1Z2pO+7iFqMO0FEqmkT3T8hfMlyEa8V45EI67rHSXjkvr8J9L69AXpXMBEd4qG/7aOiO95dNSGd+l087r256Q0sgGI8nWhby9IDwx0VyeWX0hAkS6FsNXkcbM3WDMWB9RHMbxxJRyLC2mm19nohu8eE7OLcuPXz8r+w6ekxMnF+Tnh+fkzbllOXFqSU7ONWQefW1LbWl2elLudHR52AOU3DrVstTaXSmN1pTDV43VZGysLsPVsuzcMiXrJodkaqIuOzZNyNaZcdm6flzWrxqRmdXDHG1zQ7yLeRJEgAhcGoFUUIHfbYp2dDwZ3+RkZBGc+T/aLLZUpBE9eD7pQD8t8RzPavmkAwsiTMhiFR+kM53coi0ApBfTzz1i0t63kPzrxAHM+PSU5vIJabz+rLQOflm6jTMa0Ul5VHrN09Jrz0tpbFbqOz4uQ9s/4pMS0K6woLPy1N8y1JN4LZwYWtBw/O6yRm9ag3OlpU4v0DWYQ4pFtyBuKPJhJ3aNxSjX4tJdbnXkwkJLzi02ZXGxLW34Sna60kAfHJqwyyWp1StSh5my9GRkqCpTUGpWSjI5VpNhCF94IwJEgAjcrAgMyP8jqopUpU05j9Slxl9e77Gh0f1Tyy39ZxPJIdH3zgXPkJXgYKIiFx8PpIfzmp9HSKbq9P47VdF7/U4jK1BdpFUxJQHkgnqZjQbqzu+Xxuufkdbxb2mjuYpWKsPSha1YC5MS7pChHR+R+ubfUqGLUnjjXP4aSr4hJOya/yUiSG00j8nnZuDRwwy6cH1BROrruiGJ7ma9NnneRIAIEIFrgkDiqKI+j37QbPacNovbvUZ+ecN3v8F0KmRJBrTaX6atypmjij3i/XYgNde3WAwJosRx4GyS9OuBJLuIFs1dxay6QEJ1kaq1XXXOvSKtQ89L8yhcVk5KeWidmkrjd2kvS2V6j9S3/rZUN/2mCl2UQhtn/bxsCoIv2I7vrRFG4t5np+OLENV5NKftGP8fFmDXZDN5ECJABIgAEbgYgfCz9F6xKI8ZtyXpSCWbgXE+ToIx1NVCOLP8stqWRXU2JDWiPBexZCJ4M8sooZ/NCc7aw2KsXqryND9JG62DV3Alp/7PJoErQeq0c3dZ2f8ZaR36qjaQ66SESk26jeNS6naksmqP1DDtfMvj2UgfreGpCbWduUWnNqkAI4LCIFojS21GR00PI9KGtfmcER3fZESACBCBGxKBGLljMVaengTRGetkJsmugLTn5CpMK71Z9GPN2a5CDHLUVgOQn6kUNWXpM/A8fPKXdpZDhJf2Ike4p8U9pA/BPEgt4mlm0mzWXyDMjrYdRLNz++R3pbnvT6R1+iU953J9rR672zilJtHVVXdLfdcnpbb5URfCtKTXWvThrhBi+lTxCtofcPrordPmadF0LKK5EkYCYcTPDVijuyGvOZ4UESACROB6IHCREXREL6lyMj8RE6FY3JQqM2Nit/FbXzOyW4GFctFiJC9yZb9b8zjIwgQe2Wy7MIOOVKJL+C0IzY30LYoMtbw5oFhaE6b6aOy247aOflOaB78gndM/0vMv11dZw/jyCRWbVKb3yvDO35XqzAMi5WFTX3aXlejQdoApBabIRG0QvXgawSl5WyqVqcvrcdnyNYgAESACbwGBUF2mf5I7pOTRXRBUPBa5RY/FMm6LOp2NZ/Xqm+chQY7WIG7BXxjWm9dldvPGc20az2y2ItJ0MgtHlr6+ZndqCecp/Ik2gHu3mLqsgAMb0jz+HWm98Zx0T//AgsuR9TZjbvmYCk9qM78qFaQ0Z/6OKS51NNCiBYydlqdG4dW5ZOpLTBlH+rLXYET3Fq4+PpUIEAEisMIIpCnKxCnK6GDgtfMUZZ7WdNeTUG0ipdnnNWwRTpp/NIJzQ2htZfA0pDZom2WYqjWd+KzG52N+IoKLnmY/R01ZqrOJ1wf7Tr8kPYxK05QqUoyoq4HwkPZsS/PNF6S571npnv+p+WgOTds08sYZnTCu085nn5HahgcVj26nIdKeNwuzSk3TnnpTIQoswK7BmJ4V3nUenggQASJQIASC6Ly2lnJZHwqDqchBIkS6M7nPFYoWbIXHpSlP1DDZa3vWfO2iFXUUif+rdDETlhhVGtlpfc8Jz9Kbua2jpQ+tr83Ix9sQ3KvTwzl7SAd4un9we1FaR74ijQNfls7Zn0ipNqqN5zrgtXFKCay28f1S3/lJqa59jxFe87xFb7ACU9Xnsgh6+jBlgTW6Ar2HuFQiQARuPgQSBWZ+8kF0fcoQfzhtKTCyCwWmqRVtOKkqJMNTGBFWlpJ0QvM0pgn0w17MX0JTmKH+xH0e8WUBqYlWrG/Ph6y6cEVraFBj4hyyOl6QpqVLTbQi0muelebhr0nzwBeke+F1bTsoQbTSXpTu8lEpVyektuVRqWFSwqq77G/a89LrNKx5XscOUYxy8130PGMiQAQKgkBKZoNpS4uBLp5gHkyT19dslp0/P/t5sTglQNWeNJfxm0tYHDOKbyFSsdYGI087fl6eUx+r3HdTzZiDMF0tasW1rB9O7cSU/Eo2LLWCHjxzWcG8u9bB56V54HPSXTgqpaG1FuG1L0h36ZSUR9ZLfdPDUtv+USlP7jLC6yyJtDAtge0FBXnDcJlEgAjcfAgkacy+k78MAWZqzWgkt8GrdutvTzC1hz2mDiMe2WUekolKM7vPFSRR08u50xKfRrzewaC1PWsvyD2nLVI0m7JoV4AZs9+HNGjf8FRzbCnBYQWkhwaFpaPSeuOzahwNT81SfVpKtUkRNY4+I1JbLbWtvyn12Y9JZXynrbw5x9TlzXfx84yJABEgApeI8BKVpZXk4g6bWqCiFM90WhtAEBHMm83tREnMp3Sn4peIzmxuXRLJ+UZEv566uOhkA6NHoz9vLcBv+kREfkZ0GrnpgFdEdzYNwRxbMEsO43ciDQvizH00uxf2SfON56R15AWN9koj0xbhtS5Ip3FGSvU1MrTpUanNfkQqkztIdHzDEAEiQARuPgQuU6NTcYgpHc0iLNKFuDNvUVCica/MPOILA+l+EtXnasO5/b1OCFCijFYFHwEUvXY65ifSqnnrQ2YPptGeJzq9/oi6nZ5z9MFpszf67MysGa4r+mp6ipXMOBpCleb+z0jz8Nc1cquMb5FedVxre73FE1IZ2yK12adIdDffBc4zJgJEgAhcBoHM/xHc5ONsUvWlikaitOfpS+VCi/Dyx6LGl6dPtQk7I89IVeYN4qbCBEEhQnOHFSXEILvwxoyaoffYoVdOoz4/lp6Ek6p1e2s0WiqjdmeEKCA7WH3BPFp9NF+Wxr4/kfbRF/Uw5eFp89FsnJZe8xyJjm8YIkAEiMAthwDSgGp2HPU661Gzglm4oEQqMwjI0p25MUs0oEe6EcfELaaYe0Eu6m1KatY+oBMEtB2h5gNTbdqBBYIeMSqhgbjQS1e1mXggtJiDp5Ep7uy4ghKRHdSU5qrSQzM4WiDKIzYfD888/ZI0DnxB2se/L9Ke0zl4qO+xveCWu8K5ICJABAqPgMr2rdnbiM0mk6ez7KJgZ3U5j+qctIxs8tRnjidIKplaEClKEI4SUx715QpMDyE9XLS0aczXc7JDu4IqMy1FaRFeRJXep+dz95TofChtNJnrIeGygsdEpH3qf0vjwBelfeJ/Sgmz79hHV/i3BAEgAkTglkHAU40u7LjUtINcqGLPzbOdeV+czbpT5koUm2YLht64bHCrZjDdzFmfa/6WEJio20o4pSi+3qun5OjDYlW4Es9DihI1OSMrnW6uvpjwr8TvPmao7GbRMb0AT0aNLyK/6lQmumme/L503niWRHfLXN9cCBEgAkRACcKiIVNdDkZz0WA+kJa85NRyS2PmpGdk1U9+QYYREdrzdTq4R2X53LzYHjsvM422yM6I0f4Pk2Z9hgpQkPKEuwoeAtmVRcpOeBE9+giiiF6tkb0tpcqIj+yhBRjfGESACBCBWwsBT/9lYY3W60AsIICQ78ckBCfGJHKz0T/moJJHhBo2ZURnqc1QZ4btl3fTqcYkyAxWXGEf5iTrKVXzumw7kXmUqKpRvC5cTUBuJlxBWtMa39H8bYIXS7mWbXKBtjWE2tOdWHB8uKLUxhnR3VpXOFdDBIhAcRFIpx5EW4GZNGcCkIGhrUZI0TgewpXB/0eUlo8B0pSnWnkhyLJoLIvkPC3Z9/+oFaoYxVKSMV5ISTghZ6sloi7nfXVKapFm9dE/UF16dJnV8zQCjMnnbk4NcQuOxxpdcd8WXDkRIAK3EgJJ/5sSGCZy4wMfbQOYYpBHZLFqIxSbd2d+lYkvpisw8368qOEhOkS0ZarNiBT1eYi2dEacjfuxyQneNhADXfVcPDiM3jiQsZ6+NZWHvybmzdkUAjOYVlJV78r8700cEyQNNxVXiWr/XVtrfCS6W+k651qIABEoOALej9ZXS8sNwAycUE5Gvc1dSjRVmd6X0WFm5RUpyfyIaa3P/x7kpG4nFvXlyk83bEb9LiI4G4rqZGjtB5ZmdWFL1wnTT1vrd/DE1BQm6oB+A5mDXLWWhzE9IEukMi3qJNEV/G3B5RMBInArIXBx+jKr1TnJWe3Nicgl/PZ/1MAiOoqQKdoAjMTyFKURYt5zF0zkc+Y8VZkrOnEcH/mq9T0QFWqHbifmLis6MRyPl7suRjFhinWBG6mWECWCSJUf29Yv2KtYMztSmmhAV4J1EQuEKUxd3koXOddCBIhAsREIgvIoydOBOSZ5TS4nwLzjLVdVhlGJNWxHOjA1h87FKCZ0MdVJjPNJjxmv7vGX236ZpZdXD31KQqby1Fe0VoZsyCtaEUptqw26I4oKUVw8o9PII1pVYgTpWd2ORFfsdwVXTwSIwC2NgEd40VUQmcsshTm4+KTOpw+lqcw0ogtVZtTGPEPphzOhSR4NWjuBqz6Vi72XLhrVEe0hYsuIGQQIUYo3m1sPgtuBQcxS83qiRaFIaSrRBfHBADqmoGv9L6flW3q7uTgiQASIQCERyCKoYKHgr5TUkt+DXPRnMGPwX6MaAAAJYklEQVSkKiN6i8jQ6n1Wcwti9N+imyDLbyZRnvf5RVO6uaXY3ylJIq2pxTXzw7RpC9HCZ4/Zf/GXJqQRTDrHxIMg0i7EOB0RilEKedlz0USACBQSgUyqmLmMXBKGiP76grsgtjQ0jL/2pu9IIWbel2k/Xig2Xd3pvXRh5qzRHtoIvDXBCM+IziIz75kziYs5qyjHmsIyl3Gi7pfXKaPFgRFdIS94LpoIEAEiEEwWXpQJIhHJZVFdRHZphBekl4//udg5JXmNaGOIY4egRM2ncSeEJz4XD4KUILVsKgLSkz7INfoTvKVBWylUlIJQDylOm29nKVKqLnmtEwEiQASIwGURSMK6TOeSj+bJ9f04QKQQL50S7fPOTMYJZUlIVWHiZqbRxlEWSRql+ly86JoLpaYLV0ICGo3oMUkBPpiM6HiJEwEiQASIwGUQuJw4xZ+ePZw+LyumJWKWpHcuZcesBpjoPdEwrvdb3U9bEDJ3l0Qco3ZhbXNI8RFAdla4H9EdOBOTDtBgTjEKL3EiQASIABF4ywgMkGCWpYwa2WA9z6IzE66k7Qdp7dCIyvlKU5rZo8ZcWQuD9bZ7S4P3zGW1O/0riFbQkqC9ff0tf295rfwDIkAEiAARKCAC/fW3HICEuNzcOYu03Cg66mmRmrTHgxhjBDpqbJ7GzAQpaBWI+l1QYm4+nQtTrGE8M6cm0RXw+uSSiQARIALXHIGIxNTXK1F2RjN5bgptLilRg0sILo/fpKSN6p66zNKdTnTWG2cRm4pZkigxE6okqk8S3TXfbR6QCBABIkAElKUi6nPiU1R8KoFSXUwrD3Po/HmRtjQgYTgds/YQwfmsPB3CCl6F6jKmLGgvglmCqc8l59HxYiQCRIAIEIGVRCAUlkp65nlpt/DPTFOgdn9qNZbbj4UpdF8ZL+u1s9YEm6yQ3WL+HiO6ldxhHpsIEAEiUHAEspl3+QggjbQ0QgtHlSC7PMJL2CpnNuVBH+Ojf29p0nBJMf/MRCTjmheKUQp+DXL5RIAIEIEVRSAmiUc3nHpepinNqOEhGksnlysdmql0eH5ZMjI7XTV+jiAwSoNhF5b4dJLoVnSHeXAiQASIQMERUKKDChI45L6YQWoW2RnZGXGZiKQ/ouuP9GKGnT3Lp4n7FDpzSYn6n/lkkugKfg1y+USACBCBlUXAfSmzET6RrrToLBOWuG2XikjU6st8LC+O/tzIWYkTj6dnD2LzqQn+9xSjrOzu8uhEgAgQgYIjYCxkZTpr7k6bxWOiuQ2DBWm5UlJ/pA3iLkRx4+h8eGw0oAfMXpTLu8y1ZseIruCXIZdPBIgAEVgxBLICWiguIUKJ1GTqjuKtA3oippzUETs+8TxrLfATNWWli1t0wkFMO89Vl3mkR6Jbsf3lgYkAESACRCDCOfetxMTwcqQyQXiD7QbhZjKYuswHt0b7gE0ah0tKTF+w2XXmkWnHiVofIzpeiUSACBABIrByCCTtBZq2jMGuWT95XmTLSEz74XJlprXihSCl7SnOID9zUAkfzDTlaffT63LlNpdHJgJEgAgUHYE+pUhEWKmqMrcH659lZ+pMq+H51HH9NY8A81aEGA+UHsspDn6XXTqjFP0y5PqJABEgAiuMgE8ziPa3i3ro4uVzoYqRXFrLC5/MVIUZUV+qzjSD52hXiJ47pi5XeIt5eCJABIgAEQjD55TULK1oEVtMIHCjZ01dhlGz2z87QUbbwSCm5rKC4yAatOgvlJwkOl6BRIAIEAEicP0QGLToMqYbeP3UsDIIL31KtC1EujKiwfi7aEewxnES3fXbXr4SESACRIAI9LmeJHBkXOe/ZMqUaDOw5xon2nPsKREV5kpNaz3A40aAJDpedkSACBABInADIJB1eXtzeVbUG5hIHv13wYyR2owxPUl/HtKZnDB+A+wtT4EIEAEiQAQGEEhTmeF2khAhIjV9ipOc98yVfL5dKDajx44RHS8wIkAEiAARuAERSCO2pI7Xb6iSDzOIfj3lQBOliCs3SXQ34PbylIgAESACROByCCR+meqNiWKcP1cLc2GpGa0ItADjtUQEiAARIAI3FQKpMfRAHS+ILniv66IVThi/qXaYJ0sEiAARIAIXIZDU7/SxpG9PB7Lmw34IHhEgAkSACBCBmxuBjPNy8iPR3dxbyrMnAkSACBCByyLAPjpeHESACBABIlAABBjRFWCTuUQiQASIQJERINEVefe5diJABIhAARAg0RVgk7lEIkAEiECRESDRFXn3uXYiQASIQAEQINEVYJO5RCJABIhAkREg0RV597l2IkAEiEABECDRFWCTuUQiQASIQJERINEVefe5diJABIhAARAg0RVgk7lEIkAEiECRESDRFXn3uXYiQASIQAEQINEVYJO5RCJABIhAkREg0RV597l2IkAEiEABECDRFWCTuUQiQASIQJERINEVefe5diJABIhAARAg0RVgk7lEIkAEiECRESDRFXn3uXYiQASIQAEQINEVYJO5RCJABIhAkREg0RV597l2IkAEiEABECDRFWCTuUQiQASIQJERINEVefe5diJABIhAARAg0RVgk7lEIkAEiECRESDRFXn3uXYiQASIQAEQINEVYJO5RCJABIhAkREg0RV597l2IkAEiEABECDRFWCTuUQiQASIQJERINEVefe5diJABIhAARAg0RVgk7lEIkAEiECRESDRFXn3uXYiQASIQAEQINEVYJO5RCJABIhAkREg0RV597l2IkAEiEABECDRFWCTuUQiQASIQJERINEVefe5diJABIhAARAg0RVgk7lEIkAEiECRESDRFXn3uXYiQASIQAEQINEVYJO5RCJABIhAkREg0RV597l2IkAEiEABECDRFWCTuUQiQASIQJERINEVefe5diJABIhAARAg0RVgk7lEIkAEiECRESDRFXn3uXYiQASIQAEQINEVYJO5RCJABIhAkREg0RV597l2IkAEiEABECDRFWCTuUQiQASIQJERINEVefe5diJABIhAARAg0RVgk7lEIkAEiECRESDRFXn3uXYiQASIQAEQINEVYJO5RCJABIhAkREg0RV597l2IkAEiEABECDRFWCTuUQiQASIQJERINEVefe5diJABIhAARAg0RVgk7lEIkAEiECRESDRFXn3uXYiQASIQAEQINEVYJO5RCJABIhAkREg0RV597l2IkAEiEABEPh/9bwukG5+ZFkAAAAASUVORK5CYII=, url=하하하, roadmapCreatedByEmail=false, roadmapCreatedByWeb=true, roadmapEnrollmentResultByEmail=false, roadmapEnrollmentResultByWeb=true, roadmapUpdatedByEmail=false, roadmapUpdatedByWeb=true, tags=[], fromSocial=false, location=null)], totalPage=1, page=1, size=10, start=1, end=1, prev=false, next=false, pageList=[1])
           errors = []
        Attribute = pageRequestDTO
            value = PageRequestDTO(page=1, size=10, type=null, keyword=null)
           errors = []

FlashMap:
       Attributes = null

MockHttpServletResponse:
           Status = 200
    Error message = null
          Headers = [Access-Control-Allow-Origin:"*", Access-Control-Allow-Credentials:"true", Access-Control-Allow-Methods:"*", Access-Control-Max-Age:"3600", Access-Control-Allow-Headers:"Origin, X-Requested-With, Content-Type, Accept, Key, Authorization", Content-Language:"en", Content-Type:"text/html;charset=UTF-8", X-Content-Type-Options:"nosniff", X-XSS-Protection:"1; mode=block", Cache-Control:"no-cache, no-store, max-age=0, must-revalidate", Pragma:"no-cache", Expires:"0", X-Frame-Options:"DENY"]
     Content type = text/html;charset=UTF-8
             Body = <!DOCTYPE html>
<html lang="en">

    <head>
        <link rel="stylesheet" href="/node_modules/@yaireo/tagify/dist/tagify.css">
        <script src="/node_modules/jdenticon/dist/jdenticon.min.js"></script>

        <meta charset="utf-8">
        <meta http-equiv="X-UA-Compatible" content="IE=edge">
        <meta name="viewport" content="width=device-width, initial-scale=1, shrink-to-fit=no">
        <meta name="description" content="">
        <meta name="author" content="">

        <title>ROADMAP ADMIN</title>

        <!-- Custom fonts for this template-->
        <link href="/node_modules/startbootstrap-sb-admin-2/vendor/fontawesome-free/css/all.min.css" rel="stylesheet" type="text/css">
        <link
                href="https://fonts.googleapis.com/css?family=Nunito:200,200i,300,300i,400,400i,600,600i,700,700i,800,800i,900,900i"
                rel="stylesheet">

        <!-- Custom styles for this template-->
        <link href="/node_modules/startbootstrap-sb-admin-2/css/sb-admin-2.min.css" rel="stylesheet">


        <!-- Custom styles for this page -->
        <link href="/node_modules/startbootstrap-sb-admin-2/vendor/datatables/dataTables.bootstrap4.min.css" rel="stylesheet">
        <!-- Bootstrap core JavaScript-->
        <script src="/node_modules/startbootstrap-sb-admin-2/vendor/jquery/jquery.min.js"></script>
        <script src="/node_modules/startbootstrap-sb-admin-2/vendor/bootstrap/js/bootstrap.bundle.min.js"></script>

        <!-- Core plugin JavaScript-->
        <script src="/node_modules/startbootstrap-sb-admin-2/vendor/jquery-easing/jquery.easing.min.js"></script>
    </head>

    <body>
    <!-- Page Wrapper -->
    <div id="wrapper">
        <!-- Sidebar -->
        <ul class="navbar-nav bg-gradient-primary sidebar sidebar-dark accordion" id="accordionSidebar">

            <!-- Sidebar - Brand -->
            <a class="sidebar-brand d-flex align-items-center justify-content-center" href="/admin">
                <div class="sidebar-brand-icon rotate-n-15">
                    <i class="fas fa-laugh-wink"></i>
                </div>
                <div class="sidebar-brand-text mx-3">ROADMAP</div>
            </a>

            <!-- Divider -->
            <hr class="sidebar-divider my-0">

            <!-- Nav Item - Dashboard -->
            <li class="nav-item active">
                <a class="nav-link" href="/">
                    <i class="fas fa-fw fa-tachometer-alt"></i>
                    <span>Home</span></a>
            </li>

            <!-- Divider -->
            <hr class="sidebar-divider">

            <!-- Heading -->
            <div class="sidebar-heading">
                계정 관리
            </div>

            <!-- Nav Item - Pages Collapse Menu -->
            <li class="nav-item">
                <a class="nav-link collapsed" href="/admin/member" data-toggle="collapse" data-target="#collapseTwo"
                   aria-expanded="true" aria-controls="collapseTwo">
                    <i class="fas fa-fw fa-cog"></i>
                    <span>회원 관리</span>
                </a>
                <div id="collapseTwo" class="collapse" aria-labelledby="headingTwo" data-parent="#accordionSidebar">
                    <div class="bg-white py-2 collapse-inner rounded">
                        <h6 class="collapse-header">회원 관리</h6>
                        <a class="collapse-item" href="/admin/member">일반 회원</a>
                        <a class="collapse-item" href="/admin/member_admin">관리자 회원</a>
                    </div>
                </div>
            </li>

            <!-- Nav Item - Utilities Collapse Menu -->
            <li class="nav-item">
                <a class="nav-link collapsed" href="/admin/roadmap" data-toggle="collapse" data-target="#collapseUtilities"
                   aria-expanded="true" aria-controls="collapseUtilities">
                    <i class="fas fa-fw fa-wrench"></i>
                    <span>로드맵 관리</span>
                </a>
                <div id="collapseUtilities" class="collapse" aria-labelledby="headingUtilities"
                     data-parent="#accordionSidebar">
                    <div class="bg-white py-2 collapse-inner rounded">
                        <h6 class="collapse-header">Custom Utilities:</h6>
                        <a class="collapse-item" href="utilities-color.html">Colors</a>
                        <a class="collapse-item" href="utilities-border.html">Borders</a>
                        <a class="collapse-item" href="utilities-animation.html">Animations</a>
                        <a class="collapse-item" href="utilities-other.html">Other</a>
                    </div>
                </div>
            </li>

            <!-- Divider -->
            <hr class="sidebar-divider">

            <!-- Heading -->
            <div class="sidebar-heading">
                Addons
            </div>

            <!-- Nav Item - Pages Collapse Menu -->
            <li class="nav-item">
                <a class="nav-link collapsed" href="#" data-toggle="collapse" data-target="#collapsePages"
                   aria-expanded="true" aria-controls="collapsePages">
                    <i class="fas fa-fw fa-folder"></i>
                    <span>Pages</span>
                </a>
                <div id="collapsePages" class="collapse" aria-labelledby="headingPages" data-parent="#accordionSidebar">
                    <div class="bg-white py-2 collapse-inner rounded">
                        <h6 class="collapse-header">Login Screens:</h6>
                        <a class="collapse-item" href="login.html">Login</a>
                        <a class="collapse-item" href="register.html">Register</a>
                        <a class="collapse-item" href="forgot-password.html">Forgot Password</a>
                        <div class="collapse-divider"></div>
                        <h6 class="collapse-header">Other Pages:</h6>
                        <a class="collapse-item" href="404.html">404 Page</a>
                        <a class="collapse-item" href="blank.html">Blank Page</a>
                    </div>
                </div>
            </li>

            <!-- Nav Item - Charts -->
            <li class="nav-item">
                <a class="nav-link" href="charts.html">
                    <i class="fas fa-fw fa-chart-area"></i>
                    <span>Charts</span></a>
            </li>

            <!-- Nav Item - Tables -->
            <li class="nav-item">
                <a class="nav-link" href="tables.html">
                    <i class="fas fa-fw fa-table"></i>
                    <span>Tables</span></a>
            </li>

            <!-- Divider -->
            <hr class="sidebar-divider d-none d-md-block">

            <!-- Sidebar Toggler (Sidebar) -->
            <div class="text-center d-none d-md-inline">
                <button class="rounded-circle border-0" id="sidebarToggle"></button>
            </div>

            <!-- Sidebar Message -->
            <div class="sidebar-card">
                <img class="sidebar-card-illustration mb-2" src="img/undraw_rocket.svg" alt="">
                <p class="text-center mb-2"><strong>SB Admin Pro</strong> is packed with premium features, components, and more!</p>
                <a class="btn btn-success btn-sm" href="https://startbootstrap.com/theme/sb-admin-pro">Upgrade to Pro!</a>
            </div>

        </ul>
        <!-- End of Sidebar -->

        <!-- Content Wrapper -->
        <div id="content-wrapper" class="d-flex flex-column">

            <!-- Main Content -->
            <div id="content">
                <!-- Begin Page Content -->
                <div class="container-fluid">
                    <!-- Page Content -->
                    
        <!-- Page Heading -->
        <h1 class="h3 mb-2 text-gray-800">회원 관리</h1>
        <p class="mb-4">로드맵의 회원들의 데이터를 관리합니다.</p>

        <!-- DataTales Example -->
        <div class="card shadow mb-4">
            <div class="card-header py-3">
                <h6 class="m-0 font-weight-bold text-primary">일반 회원</h6>
            </div>
            <div class="card-body">
                <div class="table-responsive">
                    <div id="dataTable_wrapper" class="dataTables_wrapper dt-bootstrap4">
                            <form  class="row" method="get" action="/admin/member">
                                <div class="col-sm-12 col-md-6">
                                    <div class="dataTables_length" id="dataTable_length">
                                        <label>Show <select name="size" aria-controls="dataTable" class="custom-select custom-select-sm form-control form-control-sm">
                                            <option value="10" selected="selected">10</option>
                                            <option value="25">25</option>
                                            <option value="50">50</option>
                                            <option value="100">100</option>
                                        </select> entries</label>
                                    </div>
                                </div>
                                <div class="col-sm-12 col-md-6">
                                    <div id="dataTable_filter" class="dataTables_filter">
                                        <input value="" type="search" name="keyword" class="form-control form-control-sm" placeholder="검색어를 입력하세요." aria-controls="dataTable"> <button type="submit" class="btn btn-light">검색</button>
                                    </div>
                                </div>
                            </form>
                        <div class="row">
                            <div class="col-sm-12">
                                <table class="table table-bordered dataTable" id="dataTable" width="100%" cellspacing="0" role="grid">
                                    <thead>
                                    <tr>
                                        <th>회원번호</th>
                                        <th>닉네임</th>
                                        <th>이메일</th>
                                        <th>직업</th>
                                        <th>가입날짜</th>
                                    </tr>
                                    </thead>
                                    <tfoot>
                                    <tr>
                                        <th>회원번호</th>
                                        <th>닉네임</th>
                                        <th>이메일</th>
                                        <th>직업</th>
                                        <th>가입날짜</th>
                                    </tr>
                                    </tfoot>
                                    <tbody>
                                    <tr>
                                        <td><a href="/admin/member/28?page=1&amp;size=10&amp;keyword=">28</a></td>
                                        <td>epepep</td>
                                        <td>epepep@email.com</td>
                                        <td></td>
                                        <td class="date-weekday-time">2021-03-12T14:34:17.106584</td>
                                    </tr>
                                    <tr>
                                        <td><a href="/admin/member/17?page=1&amp;size=10&amp;keyword=">17</a></td>
                                        <td>aaaa</td>
                                        <td>aaa@aaa.com</td>
                                        <td></td>
                                        <td class="date-weekday-time">2021-03-11T16:02:56.257578</td>
                                    </tr>
                                    <tr>
                                        <td><a href="/admin/member/16?page=1&amp;size=10&amp;keyword=">16</a></td>
                                        <td>aaa</td>
                                        <td>aaa@aaa</td>
                                        <td></td>
                                        <td class="date-weekday-time">2021-03-08T18:44:50.562791</td>
                                    </tr>
                                    <tr>
                                        <td><a href="/admin/member/12?page=1&amp;size=10&amp;keyword=">12</a></td>
                                        <td>임종뚱</td>
                                        <td>whddn528@naver.com</td>
                                        <td></td>
                                        <td class="date-weekday-time">2021-02-25T14:14:33.384718</td>
                                    </tr>
                                    <tr>
                                        <td><a href="/admin/member/4?page=1&amp;size=10&amp;keyword=">4</a></td>
                                        <td>kjuioqqq</td>
                                        <td>kjuioqqq@naver.com</td>
                                        <td>백엔드 개발자</td>
                                        <td class="date-weekday-time">2021-02-25T07:42:04.875190</td>
                                    </tr>
                                    <tr>
                                        <td><a href="/admin/member/3?page=1&amp;size=10&amp;keyword=">3</a></td>
                                        <td>kjuioq@nate.com</td>
                                        <td>kjuioq@nate.com</td>
                                        <td></td>
                                        <td class="date-weekday-time">2021-02-25T00:34:58.112823</td>
                                    </tr>
                                    <tr>
                                        <td><a href="/admin/member/2?page=1&amp;size=10&amp;keyword=">2</a></td>
                                        <td>eastperson2</td>
                                        <td>kjuioq@naver.com</td>
                                        <td></td>
                                        <td class="date-weekday-time">2021-02-25T00:22:08.169539</td>
                                    </tr>
                                    <tr>
                                        <td><a href="/admin/member/1?page=1&amp;size=10&amp;keyword=">1</a></td>
                                        <td>eastperson</td>
                                        <td>kjuioqq8@gmail.com</td>
                                        <td>백엔드 개발자</td>
                                        <td class="date-weekday-time">2021-02-25T00:20:18.050949</td>
                                    </tr>
                                    </tbody>
                                </table>
                            </div>
                        </div>
                        <div class="row">
                            <div class="col-sm-12 col-md-5">
                                <div class="dataTables_info" id="dataTable_info" role="status" aria-live="polite">전체 1개의 페이지 중 1번째 페이지</div>
                            </div>
                            <div class="col-sm-12 col-md-7">
                                <div class="dataTables_paginate paging_simple_numbers" id="dataTable_paginate">
                                    <ul class="pagination">
                                        
                                        <li class="paginate_button page-item active">
                                            <a href="/admin/member?page=1&amp;size=10&amp;keyword=" aria-controls="dataTable" data-dt-idx="1" tabindex="0" class="page-link">1</a>
                                        </li>
                                        
                                    </ul>
                                </div>
                            </div>
                        </div>
                    </div>
                </div>
            </div>
        </div>

        </div>
        <div>
    <script src="/node_modules/moment/min/moment-with-locales.min.js"></script>
    <script type="application/javascript">
        $(function () {
            moment.locale('ko');
            $(".date-time").text(function(index, dateTime) {
                return moment(dateTime, "YYYY-MM-DD`T`hh:mm").format('LLL');
            });
            $(".date").text(function(index, dateTime) {
                return moment(dateTime, "YYYY-MM-DD`T`hh:mm").format('LL');
            });
            $(".weekday").text(function(index, dateTime) {
                return moment(dateTime, "YYYY-MM-DD`T`hh:mm").format('dddd');
            });
            $(".time").text(function(index, dateTime) {
                return moment(dateTime, "YYYY-MM-DD`T`hh:mm").format('LT');
            });
            $(".calendar").text(function(index, dateTime) {
                return moment(dateTime, "YYYY-MM-DD`T`hh:mm").calendar();
            });
            $(".fromNow").text(function(index, dateTime) {
                return moment(dateTime, "YYYY-MM-DD`T`hh:mm").fromNow();
            });
            $(".date-weekday-time").text(function(index, dateTime) {
                return moment(dateTime, "YYYY-MM-DD`T`hh:mm").format('LLLL');
            });
        })
    </script>
</div>
        <!-- /.container-fluid -->
        <!-- Custom scripts for all pages-->
        <script src="/node_modules/startbootstrap-sb-admin-2/js/sb-admin-2.min.js"></script>

        <!-- Page level plugins -->

        <!--<script src="/node_modules/startbootstrap-sb-admin-2/vendor/datatables/jquery.dataTables.min.js"></script>-->
        <script src="/node_modules/startbootstrap-sb-admin-2/vendor/datatables/dataTables.bootstrap4.min.js"></script>

        <!-- Page level custom scripts -->
        <script src="/node_modules/startbootstrap-sb-admin-2/js/demo/datatables-demo.js"></script>
    
                </div>
            </div>
        </div>
    </div>

    <!-- Footer -->
    <footer class="sticky-footer bg-white">
        <div class="container my-auto">
            <div class="copyright text-center my-auto">
                <span>Copyright &copy; Road Map 2021</span>
            </div>
        </div>
    </footer>
    <!-- End of Footer -->

        <!-- Scroll to Top Button-->
        <a class="scroll-to-top rounded" href="#page-top">
            <i class="fas fa-angle-up"></i>
        </a>

        <!-- Logout Modal-->
        <div class="modal fade" id="logoutModal" tabindex="-1" role="dialog" aria-labelledby="exampleModalLabel"
             aria-hidden="true">
            <div class="modal-dialog" role="document">
                <div class="modal-content">
                    <div class="modal-header">
                        <h5 class="modal-title" id="exampleModalLabel">Ready to Leave?</h5>
                        <button class="close" type="button" data-dismiss="modal" aria-label="Close">
                            <span aria-hidden="true">×</span>
                        </button>
                    </div>
                    <div class="modal-body">Select "Logout" below if you are ready to end your current session.</div>
                    <div class="modal-footer">
                        <button class="btn btn-secondary" type="button" data-dismiss="modal">Cancel</button>
                        <a class="btn btn-primary" href="login.html">Logout</a>
                    </div>
                </div>
            </div>
        </div>
    </body>

    Forwarded URL = null
   Redirected URL = null
          Cookies = []
2021-03-12 14:34:22.509  INFO 43004 --- [    Test worker] o.s.t.c.transaction.TransactionContext   : Rolled back transaction for test: [DefaultTestContext@65fe0a0f testClass = AdminControllerTest, testInstance = com.roadmap.admin.AdminControllerTest@42994eb7, testMethod = admin_memberListView@AdminControllerTest, testException = [null], mergedContextConfiguration = [WebMergedContextConfiguration@5e046e6c testClass = AdminControllerTest, locations = '{}', classes = '{class com.roadmap.CoreApplication}', contextInitializerClasses = '[]', activeProfiles = '{}', propertySourceLocations = '{}', propertySourceProperties = '{org.springframework.boot.test.context.SpringBootTestContextBootstrapper=true}', contextCustomizers = set[org.springframework.boot.test.autoconfigure.properties.PropertyMappingContextCustomizer@4b3fa0b3, org.springframework.boot.test.autoconfigure.web.servlet.WebDriverContextCustomizerFactory$Customizer@36f3985, [ImportsContextCustomizer@5688c2e key = [org.springframework.boot.test.autoconfigure.web.servlet.MockMvcAutoConfiguration, org.springframework.boot.test.autoconfigure.web.servlet.MockMvcWebClientAutoConfiguration, org.springframework.boot.test.autoconfigure.web.servlet.MockMvcWebDriverAutoConfiguration, org.springframework.boot.autoconfigure.security.oauth2.client.servlet.OAuth2ClientAutoConfiguration, org.springframework.boot.autoconfigure.security.oauth2.resource.servlet.OAuth2ResourceServerAutoConfiguration, org.springframework.boot.autoconfigure.security.servlet.SecurityAutoConfiguration, org.springframework.boot.autoconfigure.security.servlet.SecurityFilterAutoConfiguration, org.springframework.boot.autoconfigure.security.servlet.UserDetailsServiceAutoConfiguration, org.springframework.boot.test.autoconfigure.web.servlet.MockMvcSecurityConfiguration]], org.springframework.boot.test.context.filter.ExcludeFilterContextCustomizer@465bc06d, org.springframework.boot.test.json.DuplicateJsonObjectContextCustomizerFactory$DuplicateJsonObjectContextCustomizer@7bb6418b, org.springframework.boot.test.mock.mockito.MockitoContextCustomizer@0, org.springframework.boot.test.web.client.TestRestTemplateContextCustomizer@23d4aa12, org.springframework.boot.test.context.SpringBootTestArgs@1, org.springframework.boot.test.context.SpringBootTestWebEnvironment@3db94553], resourceBasePath = 'src/main/webapp', contextLoader = 'org.springframework.boot.test.context.SpringBootContextLoader', parent = [null]], attributes = map['org.springframework.test.context.web.ServletTestExecutionListener.activateListener' -> true, 'org.springframework.test.context.web.ServletTestExecutionListener.populatedRequestContextHolder' -> true, 'org.springframework.test.context.web.ServletTestExecutionListener.resetRequestContextHolder' -> true]]
2021-03-12 14:34:22.512  INFO 43004 --- [    Test worker] o.s.t.c.transaction.TransactionContext   : Began transaction (1) for test context [DefaultTestContext@65fe0a0f testClass = AdminControllerTest, testInstance = com.roadmap.admin.AdminControllerTest@3dbd65f9, testMethod = admin_memberModify_submit_correct@AdminControllerTest, testException = [null], mergedContextConfiguration = [WebMergedContextConfiguration@5e046e6c testClass = AdminControllerTest, locations = '{}', classes = '{class com.roadmap.CoreApplication}', contextInitializerClasses = '[]', activeProfiles = '{}', propertySourceLocations = '{}', propertySourceProperties = '{org.springframework.boot.test.context.SpringBootTestContextBootstrapper=true}', contextCustomizers = set[org.springframework.boot.test.autoconfigure.properties.PropertyMappingContextCustomizer@4b3fa0b3, org.springframework.boot.test.autoconfigure.web.servlet.WebDriverContextCustomizerFactory$Customizer@36f3985, [ImportsContextCustomizer@5688c2e key = [org.springframework.boot.test.autoconfigure.web.servlet.MockMvcAutoConfiguration, org.springframework.boot.test.autoconfigure.web.servlet.MockMvcWebClientAutoConfiguration, org.springframework.boot.test.autoconfigure.web.servlet.MockMvcWebDriverAutoConfiguration, org.springframework.boot.autoconfigure.security.oauth2.client.servlet.OAuth2ClientAutoConfiguration, org.springframework.boot.autoconfigure.security.oauth2.resource.servlet.OAuth2ResourceServerAutoConfiguration, org.springframework.boot.autoconfigure.security.servlet.SecurityAutoConfiguration, org.springframework.boot.autoconfigure.security.servlet.SecurityFilterAutoConfiguration, org.springframework.boot.autoconfigure.security.servlet.UserDetailsServiceAutoConfiguration, org.springframework.boot.test.autoconfigure.web.servlet.MockMvcSecurityConfiguration]], org.springframework.boot.test.context.filter.ExcludeFilterContextCustomizer@465bc06d, org.springframework.boot.test.json.DuplicateJsonObjectContextCustomizerFactory$DuplicateJsonObjectContextCustomizer@7bb6418b, org.springframework.boot.test.mock.mockito.MockitoContextCustomizer@0, org.springframework.boot.test.web.client.TestRestTemplateContextCustomizer@23d4aa12, org.springframework.boot.test.context.SpringBootTestArgs@1, org.springframework.boot.test.context.SpringBootTestWebEnvironment@3db94553], resourceBasePath = 'src/main/webapp', contextLoader = 'org.springframework.boot.test.context.SpringBootContextLoader', parent = [null]], attributes = map['org.springframework.test.context.web.ServletTestExecutionListener.activateListener' -> true, 'org.springframework.test.context.web.ServletTestExecutionListener.populatedRequestContextHolder' -> true, 'org.springframework.test.context.web.ServletTestExecutionListener.resetRequestContextHolder' -> true]]; transaction manager [org.springframework.orm.jpa.JpaTransactionManager@3a25d063]; rollback [true]
2021-03-12 14:34:22.588  INFO 43004 --- [    Test worker] com.roadmap.service.MemberService        : email send signup confirm Email link : /check-email-token?token=05ada214-93b1-4992-8e9b-1ddcd7f76501&email=epepep@email.com
2021-03-12 14:34:22.589 DEBUG 43004 --- [    Test worker] org.hibernate.SQL                        : 
    select
        nextval ('hibernate_sequence')
2021-03-12 14:34:22.641 DEBUG 43004 --- [    Test worker] org.hibernate.SQL                        : 
    insert 
    into
        member
        (moddate, regdate, bio, email, email_check_token, email_check_token_generated_at, email_verified, from_social, joined_at, loc_id, nickname, occupation, password, profile_image, roadmap_created_by_email, roadmap_created_by_web, roadmap_enrollment_result_by_email, roadmap_enrollment_result_by_web, roadmap_updated_by_email, roadmap_updated_by_web, url, id) 
    values
        (?, ?, ?, ?, ?, ?, ?, ?, ?, ?, ?, ?, ?, ?, ?, ?, ?, ?, ?, ?, ?, ?)
2021-03-12 14:34:22.641 TRACE 43004 --- [    Test worker] o.h.type.descriptor.sql.BasicBinder      : binding parameter [1] as [TIMESTAMP] - [2021-03-12T14:34:22.589754100]
2021-03-12 14:34:22.641 TRACE 43004 --- [    Test worker] o.h.type.descriptor.sql.BasicBinder      : binding parameter [2] as [TIMESTAMP] - [2021-03-12T14:34:22.589754100]
2021-03-12 14:34:22.641 TRACE 43004 --- [    Test worker] o.h.type.descriptor.sql.BasicBinder      : binding parameter [3] as [VARCHAR] - [null]
2021-03-12 14:34:22.641 TRACE 43004 --- [    Test worker] o.h.type.descriptor.sql.BasicBinder      : binding parameter [4] as [VARCHAR] - [epepep@email.com]
2021-03-12 14:34:22.641 TRACE 43004 --- [    Test worker] o.h.type.descriptor.sql.BasicBinder      : binding parameter [5] as [VARCHAR] - [05ada214-93b1-4992-8e9b-1ddcd7f76501]
2021-03-12 14:34:22.641 TRACE 43004 --- [    Test worker] o.h.type.descriptor.sql.BasicBinder      : binding parameter [6] as [TIMESTAMP] - [2021-03-12T14:34:22.588750900]
2021-03-12 14:34:22.641 TRACE 43004 --- [    Test worker] o.h.type.descriptor.sql.BasicBinder      : binding parameter [7] as [BOOLEAN] - [false]
2021-03-12 14:34:22.641 TRACE 43004 --- [    Test worker] o.h.type.descriptor.sql.BasicBinder      : binding parameter [8] as [BOOLEAN] - [false]
2021-03-12 14:34:22.641 TRACE 43004 --- [    Test worker] o.h.type.descriptor.sql.BasicBinder      : binding parameter [9] as [TIMESTAMP] - [2021-03-12T14:34:22.588750900]
2021-03-12 14:34:22.641 TRACE 43004 --- [    Test worker] o.h.type.descriptor.sql.BasicBinder      : binding parameter [10] as [BIGINT] - [null]
2021-03-12 14:34:22.641 TRACE 43004 --- [    Test worker] o.h.type.descriptor.sql.BasicBinder      : binding parameter [11] as [VARCHAR] - [epepep]
2021-03-12 14:34:22.641 TRACE 43004 --- [    Test worker] o.h.type.descriptor.sql.BasicBinder      : binding parameter [12] as [VARCHAR] - [null]
2021-03-12 14:34:22.641 TRACE 43004 --- [    Test worker] o.h.type.descriptor.sql.BasicBinder      : binding parameter [13] as [VARCHAR] - [{bcrypt}$2a$10$KsM/RQB9nnHS5F2Cd3p2PubZ3WbnwNof0k0WQtd6kZmNbLH5ZD1e6]
2021-03-12 14:34:22.641 TRACE 43004 --- [    Test worker] o.h.type.descriptor.sql.BasicBinder      : binding parameter [14] as [CLOB] - [null]
2021-03-12 14:34:22.641 TRACE 43004 --- [    Test worker] o.h.type.descriptor.sql.BasicBinder      : binding parameter [15] as [BOOLEAN] - [false]
2021-03-12 14:34:22.641 TRACE 43004 --- [    Test worker] o.h.type.descriptor.sql.BasicBinder      : binding parameter [16] as [BOOLEAN] - [true]
2021-03-12 14:34:22.641 TRACE 43004 --- [    Test worker] o.h.type.descriptor.sql.BasicBinder      : binding parameter [17] as [BOOLEAN] - [false]
2021-03-12 14:34:22.641 TRACE 43004 --- [    Test worker] o.h.type.descriptor.sql.BasicBinder      : binding parameter [18] as [BOOLEAN] - [true]
2021-03-12 14:34:22.642 TRACE 43004 --- [    Test worker] o.h.type.descriptor.sql.BasicBinder      : binding parameter [19] as [BOOLEAN] - [false]
2021-03-12 14:34:22.642 TRACE 43004 --- [    Test worker] o.h.type.descriptor.sql.BasicBinder      : binding parameter [20] as [BOOLEAN] - [true]
2021-03-12 14:34:22.642 TRACE 43004 --- [    Test worker] o.h.type.descriptor.sql.BasicBinder      : binding parameter [21] as [VARCHAR] - [null]
2021-03-12 14:34:22.642 TRACE 43004 --- [    Test worker] o.h.type.descriptor.sql.BasicBinder      : binding parameter [22] as [BIGINT] - [29]
2021-03-12 14:34:22.703 DEBUG 43004 --- [    Test worker] org.hibernate.SQL                        : 
    insert 
    into
        member_role_set
        (member_id, role_set) 
    values
        (?, ?)
2021-03-12 14:34:22.703 TRACE 43004 --- [    Test worker] o.h.type.descriptor.sql.BasicBinder      : binding parameter [1] as [BIGINT] - [29]
2021-03-12 14:34:22.703 TRACE 43004 --- [    Test worker] o.h.type.descriptor.sql.BasicBinder      : binding parameter [2] as [VARCHAR] - [USER]
2021-03-12 14:34:22.744 DEBUG 43004 --- [    Test worker] org.hibernate.SQL                        : 
    select
        member0_.id as id1_3_,
        member0_.moddate as moddate2_3_,
        member0_.regdate as regdate3_3_,
        member0_.bio as bio4_3_,
        member0_.email as email5_3_,
        member0_.email_check_token as email_ch6_3_,
        member0_.email_check_token_generated_at as email_ch7_3_,
        member0_.email_verified as email_ve8_3_,
        member0_.from_social as from_soc9_3_,
        member0_.joined_at as joined_10_3_,
        member0_.loc_id as loc_id22_3_,
        member0_.nickname as nicknam11_3_,
        member0_.occupation as occupat12_3_,
        member0_.password as passwor13_3_,
        member0_.profile_image as profile14_3_,
        member0_.roadmap_created_by_email as roadmap15_3_,
        member0_.roadmap_created_by_web as roadmap16_3_,
        member0_.roadmap_enrollment_result_by_email as roadmap17_3_,
        member0_.roadmap_enrollment_result_by_web as roadmap18_3_,
        member0_.roadmap_updated_by_email as roadmap19_3_,
        member0_.roadmap_updated_by_web as roadmap20_3_,
        member0_.url as url21_3_ 
    from
        member member0_ 
    where
        member0_.email=?
2021-03-12 14:34:22.744 TRACE 43004 --- [    Test worker] o.h.type.descriptor.sql.BasicBinder      : binding parameter [1] as [VARCHAR] - [epepep]
2021-03-12 14:34:22.790 DEBUG 43004 --- [    Test worker] org.hibernate.SQL                        : 
    select
        member0_.id as id1_3_,
        member0_.moddate as moddate2_3_,
        member0_.regdate as regdate3_3_,
        member0_.bio as bio4_3_,
        member0_.email as email5_3_,
        member0_.email_check_token as email_ch6_3_,
        member0_.email_check_token_generated_at as email_ch7_3_,
        member0_.email_verified as email_ve8_3_,
        member0_.from_social as from_soc9_3_,
        member0_.joined_at as joined_10_3_,
        member0_.loc_id as loc_id22_3_,
        member0_.nickname as nicknam11_3_,
        member0_.occupation as occupat12_3_,
        member0_.password as passwor13_3_,
        member0_.profile_image as profile14_3_,
        member0_.roadmap_created_by_email as roadmap15_3_,
        member0_.roadmap_created_by_web as roadmap16_3_,
        member0_.roadmap_enrollment_result_by_email as roadmap17_3_,
        member0_.roadmap_enrollment_result_by_web as roadmap18_3_,
        member0_.roadmap_updated_by_email as roadmap19_3_,
        member0_.roadmap_updated_by_web as roadmap20_3_,
        member0_.url as url21_3_ 
    from
        member member0_ 
    where
        member0_.nickname=?
2021-03-12 14:34:22.790 TRACE 43004 --- [    Test worker] o.h.type.descriptor.sql.BasicBinder      : binding parameter [1] as [VARCHAR] - [epepep]
2021-03-12 14:34:22.836 DEBUG 43004 --- [    Test worker] org.hibernate.SQL                        : 
    select
        member0_.id as id1_3_,
        member0_.moddate as moddate2_3_,
        member0_.regdate as regdate3_3_,
        member0_.bio as bio4_3_,
        member0_.email as email5_3_,
        member0_.email_check_token as email_ch6_3_,
        member0_.email_check_token_generated_at as email_ch7_3_,
        member0_.email_verified as email_ve8_3_,
        member0_.from_social as from_soc9_3_,
        member0_.joined_at as joined_10_3_,
        member0_.loc_id as loc_id22_3_,
        member0_.nickname as nicknam11_3_,
        member0_.occupation as occupat12_3_,
        member0_.password as passwor13_3_,
        member0_.profile_image as profile14_3_,
        member0_.roadmap_created_by_email as roadmap15_3_,
        member0_.roadmap_created_by_web as roadmap16_3_,
        member0_.roadmap_enrollment_result_by_email as roadmap17_3_,
        member0_.roadmap_enrollment_result_by_web as roadmap18_3_,
        member0_.roadmap_updated_by_email as roadmap19_3_,
        member0_.roadmap_updated_by_web as roadmap20_3_,
        member0_.url as url21_3_ 
    from
        member member0_ 
    where
        member0_.nickname=?
2021-03-12 14:34:22.836 TRACE 43004 --- [    Test worker] o.h.type.descriptor.sql.BasicBinder      : binding parameter [1] as [VARCHAR] - [epepep]
2021-03-12 14:34:22.880  INFO 43004 --- [    Test worker] com.roadmap.filter.ApiCheckFilter        : REQUESTURI : /admin/member/29/modify
2021-03-12 14:34:22.880  INFO 43004 --- [    Test worker] com.roadmap.filter.ApiCheckFilter        : false
2021-03-12 14:34:22.884  INFO 43004 --- [    Test worker] com.roadmap.service.MemberService        : member update : Member(id=29, bio=자기소개, email=epepep@email.com, nickname=epepep, password={bcrypt}$2a$10$KsM/RQB9nnHS5F2Cd3p2PubZ3WbnwNof0k0WQtd6kZmNbLH5ZD1e6, emailCheckToken=05ada214-93b1-4992-8e9b-1ddcd7f76501, emailCheckTokenGeneratedAt=2021-03-12T14:34:22.588750900, emailVerified=false, joinedAt=2021-03-12T14:34:22.588750900, occupation=직업, url=홈페이지, roadmapCreatedByEmail=false, roadmapCreatedByWeb=true, roadmapEnrollmentResultByEmail=false, roadmapEnrollmentResultByWeb=true, roadmapUpdatedByEmail=false, roadmapUpdatedByWeb=true, fromSocial=false, posts=[])
2021-03-12 14:34:22.890 DEBUG 43004 --- [    Test worker] org.hibernate.SQL                        : 
    update
        member 
    set
        moddate=?,
        bio=?,
        email=?,
        email_check_token=?,
        email_check_token_generated_at=?,
        email_verified=?,
        from_social=?,
        joined_at=?,
        loc_id=?,
        nickname=?,
        occupation=?,
        password=?,
        profile_image=?,
        roadmap_created_by_email=?,
        roadmap_created_by_web=?,
        roadmap_enrollment_result_by_email=?,
        roadmap_enrollment_result_by_web=?,
        roadmap_updated_by_email=?,
        roadmap_updated_by_web=?,
        url=? 
    where
        id=?
2021-03-12 14:34:22.890 TRACE 43004 --- [    Test worker] o.h.type.descriptor.sql.BasicBinder      : binding parameter [1] as [TIMESTAMP] - [2021-03-12T14:34:22.889789300]
2021-03-12 14:34:22.890 TRACE 43004 --- [    Test worker] o.h.type.descriptor.sql.BasicBinder      : binding parameter [2] as [VARCHAR] - [자기소개]
2021-03-12 14:34:22.890 TRACE 43004 --- [    Test worker] o.h.type.descriptor.sql.BasicBinder      : binding parameter [3] as [VARCHAR] - [epepep@email.com]
2021-03-12 14:34:22.890 TRACE 43004 --- [    Test worker] o.h.type.descriptor.sql.BasicBinder      : binding parameter [4] as [VARCHAR] - [05ada214-93b1-4992-8e9b-1ddcd7f76501]
2021-03-12 14:34:22.890 TRACE 43004 --- [    Test worker] o.h.type.descriptor.sql.BasicBinder      : binding parameter [5] as [TIMESTAMP] - [2021-03-12T14:34:22.588750900]
2021-03-12 14:34:22.890 TRACE 43004 --- [    Test worker] o.h.type.descriptor.sql.BasicBinder      : binding parameter [6] as [BOOLEAN] - [false]
2021-03-12 14:34:22.890 TRACE 43004 --- [    Test worker] o.h.type.descriptor.sql.BasicBinder      : binding parameter [7] as [BOOLEAN] - [false]
2021-03-12 14:34:22.890 TRACE 43004 --- [    Test worker] o.h.type.descriptor.sql.BasicBinder      : binding parameter [8] as [TIMESTAMP] - [2021-03-12T14:34:22.588750900]
2021-03-12 14:34:22.891 TRACE 43004 --- [    Test worker] o.h.type.descriptor.sql.BasicBinder      : binding parameter [9] as [BIGINT] - [null]
2021-03-12 14:34:22.891 TRACE 43004 --- [    Test worker] o.h.type.descriptor.sql.BasicBinder      : binding parameter [10] as [VARCHAR] - [epepep]
2021-03-12 14:34:22.891 TRACE 43004 --- [    Test worker] o.h.type.descriptor.sql.BasicBinder      : binding parameter [11] as [VARCHAR] - [직업]
2021-03-12 14:34:22.891 TRACE 43004 --- [    Test worker] o.h.type.descriptor.sql.BasicBinder      : binding parameter [12] as [VARCHAR] - [{bcrypt}$2a$10$KsM/RQB9nnHS5F2Cd3p2PubZ3WbnwNof0k0WQtd6kZmNbLH5ZD1e6]
2021-03-12 14:34:22.891 TRACE 43004 --- [    Test worker] o.h.type.descriptor.sql.BasicBinder      : binding parameter [13] as [CLOB] - [null]
2021-03-12 14:34:22.891 TRACE 43004 --- [    Test worker] o.h.type.descriptor.sql.BasicBinder      : binding parameter [14] as [BOOLEAN] - [false]
2021-03-12 14:34:22.891 TRACE 43004 --- [    Test worker] o.h.type.descriptor.sql.BasicBinder      : binding parameter [15] as [BOOLEAN] - [true]
2021-03-12 14:34:22.891 TRACE 43004 --- [    Test worker] o.h.type.descriptor.sql.BasicBinder      : binding parameter [16] as [BOOLEAN] - [false]
2021-03-12 14:34:22.891 TRACE 43004 --- [    Test worker] o.h.type.descriptor.sql.BasicBinder      : binding parameter [17] as [BOOLEAN] - [true]
2021-03-12 14:34:22.891 TRACE 43004 --- [    Test worker] o.h.type.descriptor.sql.BasicBinder      : binding parameter [18] as [BOOLEAN] - [false]
2021-03-12 14:34:22.891 TRACE 43004 --- [    Test worker] o.h.type.descriptor.sql.BasicBinder      : binding parameter [19] as [BOOLEAN] - [true]
2021-03-12 14:34:22.891 TRACE 43004 --- [    Test worker] o.h.type.descriptor.sql.BasicBinder      : binding parameter [20] as [VARCHAR] - [홈페이지]
2021-03-12 14:34:22.891 TRACE 43004 --- [    Test worker] o.h.type.descriptor.sql.BasicBinder      : binding parameter [21] as [BIGINT] - [29]
2021-03-12 14:34:22.954 DEBUG 43004 --- [    Test worker] org.hibernate.SQL                        : 
    select
        member0_.id as id1_3_,
        member0_.moddate as moddate2_3_,
        member0_.regdate as regdate3_3_,
        member0_.bio as bio4_3_,
        member0_.email as email5_3_,
        member0_.email_check_token as email_ch6_3_,
        member0_.email_check_token_generated_at as email_ch7_3_,
        member0_.email_verified as email_ve8_3_,
        member0_.from_social as from_soc9_3_,
        member0_.joined_at as joined_10_3_,
        member0_.loc_id as loc_id22_3_,
        member0_.nickname as nicknam11_3_,
        member0_.occupation as occupat12_3_,
        member0_.password as passwor13_3_,
        member0_.profile_image as profile14_3_,
        member0_.roadmap_created_by_email as roadmap15_3_,
        member0_.roadmap_created_by_web as roadmap16_3_,
        member0_.roadmap_enrollment_result_by_email as roadmap17_3_,
        member0_.roadmap_enrollment_result_by_web as roadmap18_3_,
        member0_.roadmap_updated_by_email as roadmap19_3_,
        member0_.roadmap_updated_by_web as roadmap20_3_,
        member0_.url as url21_3_ 
    from
        member member0_ 
    where
        member0_.nickname=?
2021-03-12 14:34:22.954 TRACE 43004 --- [    Test worker] o.h.type.descriptor.sql.BasicBinder      : binding parameter [1] as [VARCHAR] - [epepep]
2021-03-12 14:34:23.044  INFO 43004 --- [    Test worker] o.s.t.c.transaction.TransactionContext   : Rolled back transaction for test: [DefaultTestContext@65fe0a0f testClass = AdminControllerTest, testInstance = com.roadmap.admin.AdminControllerTest@3dbd65f9, testMethod = admin_memberModify_submit_correct@AdminControllerTest, testException = [null], mergedContextConfiguration = [WebMergedContextConfiguration@5e046e6c testClass = AdminControllerTest, locations = '{}', classes = '{class com.roadmap.CoreApplication}', contextInitializerClasses = '[]', activeProfiles = '{}', propertySourceLocations = '{}', propertySourceProperties = '{org.springframework.boot.test.context.SpringBootTestContextBootstrapper=true}', contextCustomizers = set[org.springframework.boot.test.autoconfigure.properties.PropertyMappingContextCustomizer@4b3fa0b3, org.springframework.boot.test.autoconfigure.web.servlet.WebDriverContextCustomizerFactory$Customizer@36f3985, [ImportsContextCustomizer@5688c2e key = [org.springframework.boot.test.autoconfigure.web.servlet.MockMvcAutoConfiguration, org.springframework.boot.test.autoconfigure.web.servlet.MockMvcWebClientAutoConfiguration, org.springframework.boot.test.autoconfigure.web.servlet.MockMvcWebDriverAutoConfiguration, org.springframework.boot.autoconfigure.security.oauth2.client.servlet.OAuth2ClientAutoConfiguration, org.springframework.boot.autoconfigure.security.oauth2.resource.servlet.OAuth2ResourceServerAutoConfiguration, org.springframework.boot.autoconfigure.security.servlet.SecurityAutoConfiguration, org.springframework.boot.autoconfigure.security.servlet.SecurityFilterAutoConfiguration, org.springframework.boot.autoconfigure.security.servlet.UserDetailsServiceAutoConfiguration, org.springframework.boot.test.autoconfigure.web.servlet.MockMvcSecurityConfiguration]], org.springframework.boot.test.context.filter.ExcludeFilterContextCustomizer@465bc06d, org.springframework.boot.test.json.DuplicateJsonObjectContextCustomizerFactory$DuplicateJsonObjectContextCustomizer@7bb6418b, org.springframework.boot.test.mock.mockito.MockitoContextCustomizer@0, org.springframework.boot.test.web.client.TestRestTemplateContextCustomizer@23d4aa12, org.springframework.boot.test.context.SpringBootTestArgs@1, org.springframework.boot.test.context.SpringBootTestWebEnvironment@3db94553], resourceBasePath = 'src/main/webapp', contextLoader = 'org.springframework.boot.test.context.SpringBootContextLoader', parent = [null]], attributes = map['org.springframework.test.context.web.ServletTestExecutionListener.activateListener' -> true, 'org.springframework.test.context.web.ServletTestExecutionListener.populatedRequestContextHolder' -> true, 'org.springframework.test.context.web.ServletTestExecutionListener.resetRequestContextHolder' -> true]]
]]></system-out>
  <system-err><![CDATA[]]></system-err>
</testsuite>
