<?xml version="1.0" encoding="UTF-8"?>
<testsuite name="com.roadmap.member.MemberRepositoryTest" tests="1" skipped="0" failures="0" errors="0" timestamp="2021-03-12T05:34:48" hostname="DESKTOP-MRB3AOK" time="0.202">
  <properties/>
  <testcase name="memberWithRoadmapsByNickname()" classname="com.roadmap.member.MemberRepositoryTest" time="0.202"/>
  <system-out><![CDATA[2021-03-12 14:34:48.894  INFO 43004 --- [    Test worker] .b.t.c.SpringBootTestContextBootstrapper : Neither @ContextConfiguration nor @ContextHierarchy found for test class [com.roadmap.member.MemberRepositoryTest], using SpringBootContextLoader
2021-03-12 14:34:48.896  INFO 43004 --- [    Test worker] o.s.t.c.support.AbstractContextLoader    : Could not detect default resource locations for test class [com.roadmap.member.MemberRepositoryTest]: no resource found for suffixes {-context.xml, Context.groovy}.
2021-03-12 14:34:48.896  INFO 43004 --- [    Test worker] t.c.s.AnnotationConfigContextLoaderUtils : Could not detect default configuration classes for test class [com.roadmap.member.MemberRepositoryTest]: MemberRepositoryTest does not declare any static, non-private, non-final, nested classes annotated with @Configuration.
2021-03-12 14:34:48.897  INFO 43004 --- [    Test worker] .b.t.c.SpringBootTestContextBootstrapper : Found @SpringBootConfiguration com.roadmap.CoreApplication for test class com.roadmap.member.MemberRepositoryTest
2021-03-12 14:34:48.899  INFO 43004 --- [    Test worker] .b.t.c.SpringBootTestContextBootstrapper : Loaded default TestExecutionListener class names from location [META-INF/spring.factories]: [org.springframework.security.test.context.support.WithSecurityContextTestExecutionListener, org.springframework.security.test.context.support.ReactorContextTestExecutionListener, org.springframework.boot.test.autoconfigure.restdocs.RestDocsTestExecutionListener, org.springframework.boot.test.autoconfigure.web.client.MockRestServiceServerResetTestExecutionListener, org.springframework.boot.test.autoconfigure.web.servlet.MockMvcPrintOnlyOnFailureTestExecutionListener, org.springframework.boot.test.autoconfigure.web.servlet.WebDriverTestExecutionListener, org.springframework.boot.test.autoconfigure.webservices.client.MockWebServiceServerTestExecutionListener, org.springframework.boot.test.mock.mockito.MockitoTestExecutionListener, org.springframework.boot.test.mock.mockito.ResetMocksTestExecutionListener, org.springframework.test.context.web.ServletTestExecutionListener, org.springframework.test.context.support.DirtiesContextBeforeModesTestExecutionListener, org.springframework.test.context.support.DependencyInjectionTestExecutionListener, org.springframework.test.context.support.DirtiesContextTestExecutionListener, org.springframework.test.context.transaction.TransactionalTestExecutionListener, org.springframework.test.context.jdbc.SqlScriptsTestExecutionListener, org.springframework.test.context.event.EventPublishingTestExecutionListener]
2021-03-12 14:34:48.900  INFO 43004 --- [    Test worker] .b.t.c.SpringBootTestContextBootstrapper : Using TestExecutionListeners: [org.springframework.test.context.web.ServletTestExecutionListener@282d2391, org.springframework.test.context.support.DirtiesContextBeforeModesTestExecutionListener@33db793e, org.springframework.boot.test.mock.mockito.MockitoTestExecutionListener@28b3d24, org.springframework.boot.test.autoconfigure.SpringBootDependencyInjectionTestExecutionListener@f295448, org.springframework.test.context.support.DirtiesContextTestExecutionListener@4e59cf97, org.springframework.test.context.transaction.TransactionalTestExecutionListener@26a35deb, org.springframework.test.context.jdbc.SqlScriptsTestExecutionListener@7d9a3606, org.springframework.security.test.context.support.WithSecurityContextTestExecutionListener@3854b6e9, org.springframework.test.context.event.EventPublishingTestExecutionListener@38f1f303, org.springframework.security.test.context.support.ReactorContextTestExecutionListener@401bdf3, org.springframework.boot.test.autoconfigure.restdocs.RestDocsTestExecutionListener@28078173, org.springframework.boot.test.autoconfigure.web.client.MockRestServiceServerResetTestExecutionListener@35f98964, org.springframework.boot.test.autoconfigure.web.servlet.MockMvcPrintOnlyOnFailureTestExecutionListener@2271d33, org.springframework.boot.test.autoconfigure.web.servlet.WebDriverTestExecutionListener@b40d6a1, org.springframework.boot.test.autoconfigure.webservices.client.MockWebServiceServerTestExecutionListener@1fd8d2a3, org.springframework.boot.test.mock.mockito.ResetMocksTestExecutionListener@6613ca95]
2021-03-12 14:34:48.947  INFO 43004 --- [    Test worker] o.s.t.c.transaction.TransactionContext   : Began transaction (1) for test context [DefaultTestContext@519fad02 testClass = MemberRepositoryTest, testInstance = com.roadmap.member.MemberRepositoryTest@80b3058, testMethod = memberWithRoadmapsByNickname@MemberRepositoryTest, testException = [null], mergedContextConfiguration = [WebMergedContextConfiguration@70b414ae testClass = MemberRepositoryTest, locations = '{}', classes = '{class com.roadmap.CoreApplication}', contextInitializerClasses = '[]', activeProfiles = '{}', propertySourceLocations = '{}', propertySourceProperties = '{org.springframework.boot.test.context.SpringBootTestContextBootstrapper=true}', contextCustomizers = set[org.springframework.boot.test.autoconfigure.properties.PropertyMappingContextCustomizer@0, org.springframework.boot.test.autoconfigure.web.servlet.WebDriverContextCustomizerFactory$Customizer@36f3985, org.springframework.boot.test.context.filter.ExcludeFilterContextCustomizer@465bc06d, org.springframework.boot.test.json.DuplicateJsonObjectContextCustomizerFactory$DuplicateJsonObjectContextCustomizer@7bb6418b, org.springframework.boot.test.mock.mockito.MockitoContextCustomizer@0, org.springframework.boot.test.web.client.TestRestTemplateContextCustomizer@23d4aa12, org.springframework.boot.test.context.SpringBootTestArgs@1, org.springframework.boot.test.context.SpringBootTestWebEnvironment@3db94553], resourceBasePath = 'src/main/webapp', contextLoader = 'org.springframework.boot.test.context.SpringBootContextLoader', parent = [null]], attributes = map['org.springframework.test.context.web.ServletTestExecutionListener.activateListener' -> true, 'org.springframework.test.context.web.ServletTestExecutionListener.populatedRequestContextHolder' -> true, 'org.springframework.test.context.web.ServletTestExecutionListener.resetRequestContextHolder' -> true]]; transaction manager [org.springframework.orm.jpa.JpaTransactionManager@43335dd7]; rollback [true]
2021-03-12 14:34:48.950 DEBUG 43004 --- [    Test worker] org.hibernate.SQL                        : 
    select
        member0_.id as id1_3_0_,
        roadmap2_.id as id1_14_1_,
        member0_.moddate as moddate2_3_0_,
        member0_.regdate as regdate3_3_0_,
        member0_.bio as bio4_3_0_,
        member0_.email as email5_3_0_,
        member0_.email_check_token as email_ch6_3_0_,
        member0_.email_check_token_generated_at as email_ch7_3_0_,
        member0_.email_verified as email_ve8_3_0_,
        member0_.from_social as from_soc9_3_0_,
        member0_.joined_at as joined_10_3_0_,
        member0_.loc_id as loc_id22_3_0_,
        member0_.nickname as nicknam11_3_0_,
        member0_.occupation as occupat12_3_0_,
        member0_.password as passwor13_3_0_,
        member0_.profile_image as profile14_3_0_,
        member0_.roadmap_created_by_email as roadmap15_3_0_,
        member0_.roadmap_created_by_web as roadmap16_3_0_,
        member0_.roadmap_enrollment_result_by_email as roadmap17_3_0_,
        member0_.roadmap_enrollment_result_by_web as roadmap18_3_0_,
        member0_.roadmap_updated_by_email as roadmap19_3_0_,
        member0_.roadmap_updated_by_web as roadmap20_3_0_,
        member0_.url as url21_3_0_,
        roadmap2_.moddate as moddate2_14_1_,
        roadmap2_.regdate as regdate3_14_1_,
        roadmap2_.closed as closed4_14_1_,
        roadmap2_.closed_date_time as closed_d5_14_1_,
        roadmap2_.complete as complete6_14_1_,
        roadmap2_.full_description as full_des7_14_1_,
        roadmap2_.image as image8_14_1_,
        roadmap2_.milestone as mileston9_14_1_,
        roadmap2_.owner_id as owner_i19_14_1_,
        roadmap2_.path as path10_14_1_,
        roadmap2_.progress as progres11_14_1_,
        roadmap2_.published as publish12_14_1_,
        roadmap2_.published_date_time as publish13_14_1_,
        roadmap2_.recruiting as recruit14_14_1_,
        roadmap2_.recruiting_updated_date_time as recruit15_14_1_,
        roadmap2_.short_description as short_d16_14_1_,
        roadmap2_.title as title17_14_1_,
        roadmap2_.use_banner as use_ban18_14_1_,
        roadmaps1_.members_id as members_2_15_0__,
        roadmaps1_.roadmaps_id as roadmaps1_15_0__ 
    from
        member member0_ 
    left outer join
        roadmap_members roadmaps1_ 
            on member0_.id=roadmaps1_.members_id 
    left outer join
        roadmap roadmap2_ 
            on roadmaps1_.roadmaps_id=roadmap2_.id 
    where
        member0_.nickname=?
2021-03-12 14:34:48.950 TRACE 43004 --- [    Test worker] o.h.type.descriptor.sql.BasicBinder      : binding parameter [1] as [VARCHAR] - [kjuioq@nate.com]
2021-03-12 14:34:49.005 DEBUG 43004 --- [    Test worker] org.hibernate.SQL                        : 
    select
        posts0_.member_id as member_i1_5_0_,
        posts0_.posts_id as posts_id2_5_0_,
        post1_.id as id1_11_1_,
        post1_.content as content2_11_1_,
        post1_.description as descript3_11_1_,
        post1_.node_id as node_id5_11_1_,
        post1_.title as title4_11_1_,
        post1_.writer_id as writer_i6_11_1_,
        member2_.id as id1_3_2_,
        member2_.moddate as moddate2_3_2_,
        member2_.regdate as regdate3_3_2_,
        member2_.bio as bio4_3_2_,
        member2_.email as email5_3_2_,
        member2_.email_check_token as email_ch6_3_2_,
        member2_.email_check_token_generated_at as email_ch7_3_2_,
        member2_.email_verified as email_ve8_3_2_,
        member2_.from_social as from_soc9_3_2_,
        member2_.joined_at as joined_10_3_2_,
        member2_.loc_id as loc_id22_3_2_,
        member2_.nickname as nicknam11_3_2_,
        member2_.occupation as occupat12_3_2_,
        member2_.password as passwor13_3_2_,
        member2_.profile_image as profile14_3_2_,
        member2_.roadmap_created_by_email as roadmap15_3_2_,
        member2_.roadmap_created_by_web as roadmap16_3_2_,
        member2_.roadmap_enrollment_result_by_email as roadmap17_3_2_,
        member2_.roadmap_enrollment_result_by_web as roadmap18_3_2_,
        member2_.roadmap_updated_by_email as roadmap19_3_2_,
        member2_.roadmap_updated_by_web as roadmap20_3_2_,
        member2_.url as url21_3_2_,
        location3_.loc_id as loc_id1_2_3_,
        location3_.moddate as moddate2_2_3_,
        location3_.regdate as regdate3_2_3_,
        location3_.addr as addr4_2_3_,
        location3_.addr_detail as addr_det5_2_3_,
        location3_.emd_nm as emd_nm6_2_3_,
        location3_.lat as lat7_2_3_,
        location3_.lng as lng8_2_3_,
        location3_.sgg_nm as sgg_nm9_2_3_,
        location3_.si_nm as si_nm10_2_3_ 
    from
        member_posts posts0_ 
    inner join
        post post1_ 
            on posts0_.posts_id=post1_.id 
    left outer join
        member member2_ 
            on post1_.writer_id=member2_.id 
    left outer join
        location location3_ 
            on member2_.loc_id=location3_.loc_id 
    where
        posts0_.member_id=?
2021-03-12 14:34:49.006 TRACE 43004 --- [    Test worker] o.h.type.descriptor.sql.BasicBinder      : binding parameter [1] as [BIGINT] - [3]
2021-03-12 14:34:49.054  INFO 43004 --- [    Test worker] com.roadmap.member.MemberRepositoryTest  : Member(id=3, bio=null, email=kjuioq@nate.com, nickname=kjuioq@nate.com, password=1111, emailCheckToken=6d1037ea-7a9c-4ed3-a101-947d3a46fb59, emailCheckTokenGeneratedAt=2021-02-25T00:34:58.117814, emailVerified=false, joinedAt=2021-02-25T00:34:58.112823, occupation=null, url=null, roadmapCreatedByEmail=false, roadmapCreatedByWeb=true, roadmapEnrollmentResultByEmail=false, roadmapEnrollmentResultByWeb=true, roadmapUpdatedByEmail=false, roadmapUpdatedByWeb=true, fromSocial=true, posts=[])
2021-03-12 14:34:49.054  INFO 43004 --- [    Test worker] com.roadmap.member.MemberRepositoryTest  : []
2021-03-12 14:34:49.104  INFO 43004 --- [    Test worker] o.s.t.c.transaction.TransactionContext   : Rolled back transaction for test: [DefaultTestContext@519fad02 testClass = MemberRepositoryTest, testInstance = com.roadmap.member.MemberRepositoryTest@80b3058, testMethod = memberWithRoadmapsByNickname@MemberRepositoryTest, testException = [null], mergedContextConfiguration = [WebMergedContextConfiguration@70b414ae testClass = MemberRepositoryTest, locations = '{}', classes = '{class com.roadmap.CoreApplication}', contextInitializerClasses = '[]', activeProfiles = '{}', propertySourceLocations = '{}', propertySourceProperties = '{org.springframework.boot.test.context.SpringBootTestContextBootstrapper=true}', contextCustomizers = set[org.springframework.boot.test.autoconfigure.properties.PropertyMappingContextCustomizer@0, org.springframework.boot.test.autoconfigure.web.servlet.WebDriverContextCustomizerFactory$Customizer@36f3985, org.springframework.boot.test.context.filter.ExcludeFilterContextCustomizer@465bc06d, org.springframework.boot.test.json.DuplicateJsonObjectContextCustomizerFactory$DuplicateJsonObjectContextCustomizer@7bb6418b, org.springframework.boot.test.mock.mockito.MockitoContextCustomizer@0, org.springframework.boot.test.web.client.TestRestTemplateContextCustomizer@23d4aa12, org.springframework.boot.test.context.SpringBootTestArgs@1, org.springframework.boot.test.context.SpringBootTestWebEnvironment@3db94553], resourceBasePath = 'src/main/webapp', contextLoader = 'org.springframework.boot.test.context.SpringBootContextLoader', parent = [null]], attributes = map['org.springframework.test.context.web.ServletTestExecutionListener.activateListener' -> true, 'org.springframework.test.context.web.ServletTestExecutionListener.populatedRequestContextHolder' -> true, 'org.springframework.test.context.web.ServletTestExecutionListener.resetRequestContextHolder' -> true]]
]]></system-out>
  <system-err><![CDATA[]]></system-err>
</testsuite>
