<?xml version="1.0" encoding="UTF-8"?>
<testsuite name="com.roadmap.post.PostControllerTest" tests="5" skipped="0" failures="1" errors="0" timestamp="2021-03-12T05:33:59" hostname="DESKTOP-MRB3AOK" time="9.859">
  <properties/>
  <testcase name="포스트 생성" classname="com.roadmap.post.PostControllerTest" time="2.827"/>
  <testcase name="포스트 생성 제출 - 입력값 정상" classname="com.roadmap.post.PostControllerTest" time="2.049"/>
  <testcase name="포스트 태그 추가_입력값 정상" classname="com.roadmap.post.PostControllerTest" time="2.033">
    <failure message="java.lang.AssertionError: Status expected:&lt;200&gt; but was:&lt;400&gt;" type="java.lang.AssertionError">java.lang.AssertionError: Status expected:&lt;200&gt; but was:&lt;400&gt;
	at org.springframework.test.util.AssertionErrors.fail(AssertionErrors.java:59)
	at org.springframework.test.util.AssertionErrors.assertEquals(AssertionErrors.java:122)
	at org.springframework.test.web.servlet.result.StatusResultMatchers.lambda$matcher$9(StatusResultMatchers.java:627)
	at org.springframework.test.web.servlet.MockMvc$1.andExpect(MockMvc.java:196)
	at com.roadmap.post.PostControllerTest.newPostAddTag_correct(PostControllerTest.java:221)
	at java.base/jdk.internal.reflect.NativeMethodAccessorImpl.invoke0(Native Method)
	at java.base/jdk.internal.reflect.NativeMethodAccessorImpl.invoke(NativeMethodAccessorImpl.java:62)
	at java.base/jdk.internal.reflect.DelegatingMethodAccessorImpl.invoke(DelegatingMethodAccessorImpl.java:43)
	at java.base/java.lang.reflect.Method.invoke(Method.java:566)
	at org.junit.platform.commons.util.ReflectionUtils.invokeMethod(ReflectionUtils.java:686)
	at org.junit.jupiter.engine.execution.MethodInvocation.proceed(MethodInvocation.java:60)
	at org.junit.jupiter.engine.execution.InvocationInterceptorChain$ValidatingInvocation.proceed(InvocationInterceptorChain.java:131)
	at org.junit.jupiter.engine.extension.TimeoutExtension.intercept(TimeoutExtension.java:149)
	at org.junit.jupiter.engine.extension.TimeoutExtension.interceptTestableMethod(TimeoutExtension.java:140)
	at org.junit.jupiter.engine.extension.TimeoutExtension.interceptTestMethod(TimeoutExtension.java:84)
	at org.junit.jupiter.engine.execution.ExecutableInvoker$ReflectiveInterceptorCall.lambda$ofVoidMethod$0(ExecutableInvoker.java:115)
	at org.junit.jupiter.engine.execution.ExecutableInvoker.lambda$invoke$0(ExecutableInvoker.java:105)
	at org.junit.jupiter.engine.execution.InvocationInterceptorChain$InterceptedInvocation.proceed(InvocationInterceptorChain.java:106)
	at org.junit.jupiter.engine.execution.InvocationInterceptorChain.proceed(InvocationInterceptorChain.java:64)
	at org.junit.jupiter.engine.execution.InvocationInterceptorChain.chainAndInvoke(InvocationInterceptorChain.java:45)
	at org.junit.jupiter.engine.execution.InvocationInterceptorChain.invoke(InvocationInterceptorChain.java:37)
	at org.junit.jupiter.engine.execution.ExecutableInvoker.invoke(ExecutableInvoker.java:104)
	at org.junit.jupiter.engine.execution.ExecutableInvoker.invoke(ExecutableInvoker.java:98)
	at org.junit.jupiter.engine.descriptor.TestMethodTestDescriptor.lambda$invokeTestMethod$6(TestMethodTestDescriptor.java:212)
	at org.junit.platform.engine.support.hierarchical.ThrowableCollector.execute(ThrowableCollector.java:73)
	at org.junit.jupiter.engine.descriptor.TestMethodTestDescriptor.invokeTestMethod(TestMethodTestDescriptor.java:208)
	at org.junit.jupiter.engine.descriptor.TestMethodTestDescriptor.execute(TestMethodTestDescriptor.java:137)
	at org.junit.jupiter.engine.descriptor.TestMethodTestDescriptor.execute(TestMethodTestDescriptor.java:71)
	at org.junit.platform.engine.support.hierarchical.NodeTestTask.lambda$executeRecursively$5(NodeTestTask.java:135)
	at org.junit.platform.engine.support.hierarchical.ThrowableCollector.execute(ThrowableCollector.java:73)
	at org.junit.platform.engine.support.hierarchical.NodeTestTask.lambda$executeRecursively$7(NodeTestTask.java:125)
	at org.junit.platform.engine.support.hierarchical.Node.around(Node.java:135)
	at org.junit.platform.engine.support.hierarchical.NodeTestTask.lambda$executeRecursively$8(NodeTestTask.java:123)
	at org.junit.platform.engine.support.hierarchical.ThrowableCollector.execute(ThrowableCollector.java:73)
	at org.junit.platform.engine.support.hierarchical.NodeTestTask.executeRecursively(NodeTestTask.java:122)
	at org.junit.platform.engine.support.hierarchical.NodeTestTask.execute(NodeTestTask.java:80)
	at java.base/java.util.ArrayList.forEach(ArrayList.java:1541)
	at org.junit.platform.engine.support.hierarchical.SameThreadHierarchicalTestExecutorService.invokeAll(SameThreadHierarchicalTestExecutorService.java:38)
	at org.junit.platform.engine.support.hierarchical.NodeTestTask.lambda$executeRecursively$5(NodeTestTask.java:139)
	at org.junit.platform.engine.support.hierarchical.ThrowableCollector.execute(ThrowableCollector.java:73)
	at org.junit.platform.engine.support.hierarchical.NodeTestTask.lambda$executeRecursively$7(NodeTestTask.java:125)
	at org.junit.platform.engine.support.hierarchical.Node.around(Node.java:135)
	at org.junit.platform.engine.support.hierarchical.NodeTestTask.lambda$executeRecursively$8(NodeTestTask.java:123)
	at org.junit.platform.engine.support.hierarchical.ThrowableCollector.execute(ThrowableCollector.java:73)
	at org.junit.platform.engine.support.hierarchical.NodeTestTask.executeRecursively(NodeTestTask.java:122)
	at org.junit.platform.engine.support.hierarchical.NodeTestTask.execute(NodeTestTask.java:80)
	at java.base/java.util.ArrayList.forEach(ArrayList.java:1541)
	at org.junit.platform.engine.support.hierarchical.SameThreadHierarchicalTestExecutorService.invokeAll(SameThreadHierarchicalTestExecutorService.java:38)
	at org.junit.platform.engine.support.hierarchical.NodeTestTask.lambda$executeRecursively$5(NodeTestTask.java:139)
	at org.junit.platform.engine.support.hierarchical.ThrowableCollector.execute(ThrowableCollector.java:73)
	at org.junit.platform.engine.support.hierarchical.NodeTestTask.lambda$executeRecursively$7(NodeTestTask.java:125)
	at org.junit.platform.engine.support.hierarchical.Node.around(Node.java:135)
	at org.junit.platform.engine.support.hierarchical.NodeTestTask.lambda$executeRecursively$8(NodeTestTask.java:123)
	at org.junit.platform.engine.support.hierarchical.ThrowableCollector.execute(ThrowableCollector.java:73)
	at org.junit.platform.engine.support.hierarchical.NodeTestTask.executeRecursively(NodeTestTask.java:122)
	at org.junit.platform.engine.support.hierarchical.NodeTestTask.execute(NodeTestTask.java:80)
	at org.junit.platform.engine.support.hierarchical.SameThreadHierarchicalTestExecutorService.submit(SameThreadHierarchicalTestExecutorService.java:32)
	at org.junit.platform.engine.support.hierarchical.HierarchicalTestExecutor.execute(HierarchicalTestExecutor.java:57)
	at org.junit.platform.engine.support.hierarchical.HierarchicalTestEngine.execute(HierarchicalTestEngine.java:51)
	at org.junit.platform.launcher.core.DefaultLauncher.execute(DefaultLauncher.java:248)
	at org.junit.platform.launcher.core.DefaultLauncher.lambda$execute$5(DefaultLauncher.java:211)
	at org.junit.platform.launcher.core.DefaultLauncher.withInterceptedStreams(DefaultLauncher.java:226)
	at org.junit.platform.launcher.core.DefaultLauncher.execute(DefaultLauncher.java:199)
	at org.junit.platform.launcher.core.DefaultLauncher.execute(DefaultLauncher.java:132)
	at org.gradle.api.internal.tasks.testing.junitplatform.JUnitPlatformTestClassProcessor$CollectAllTestClassesExecutor.processAllTestClasses(JUnitPlatformTestClassProcessor.java:99)
	at org.gradle.api.internal.tasks.testing.junitplatform.JUnitPlatformTestClassProcessor$CollectAllTestClassesExecutor.access$000(JUnitPlatformTestClassProcessor.java:79)
	at org.gradle.api.internal.tasks.testing.junitplatform.JUnitPlatformTestClassProcessor.stop(JUnitPlatformTestClassProcessor.java:75)
	at org.gradle.api.internal.tasks.testing.SuiteTestClassProcessor.stop(SuiteTestClassProcessor.java:61)
	at java.base/jdk.internal.reflect.NativeMethodAccessorImpl.invoke0(Native Method)
	at java.base/jdk.internal.reflect.NativeMethodAccessorImpl.invoke(NativeMethodAccessorImpl.java:62)
	at java.base/jdk.internal.reflect.DelegatingMethodAccessorImpl.invoke(DelegatingMethodAccessorImpl.java:43)
	at java.base/java.lang.reflect.Method.invoke(Method.java:566)
	at org.gradle.internal.dispatch.ReflectionDispatch.dispatch(ReflectionDispatch.java:36)
	at org.gradle.internal.dispatch.ReflectionDispatch.dispatch(ReflectionDispatch.java:24)
	at org.gradle.internal.dispatch.ContextClassLoaderDispatch.dispatch(ContextClassLoaderDispatch.java:33)
	at org.gradle.internal.dispatch.ProxyDispatchAdapter$DispatchingInvocationHandler.invoke(ProxyDispatchAdapter.java:94)
	at com.sun.proxy.$Proxy2.stop(Unknown Source)
	at org.gradle.api.internal.tasks.testing.worker.TestWorker.stop(TestWorker.java:133)
	at java.base/jdk.internal.reflect.NativeMethodAccessorImpl.invoke0(Native Method)
	at java.base/jdk.internal.reflect.NativeMethodAccessorImpl.invoke(NativeMethodAccessorImpl.java:62)
	at java.base/jdk.internal.reflect.DelegatingMethodAccessorImpl.invoke(DelegatingMethodAccessorImpl.java:43)
	at java.base/java.lang.reflect.Method.invoke(Method.java:566)
	at org.gradle.internal.dispatch.ReflectionDispatch.dispatch(ReflectionDispatch.java:36)
	at org.gradle.internal.dispatch.ReflectionDispatch.dispatch(ReflectionDispatch.java:24)
	at org.gradle.internal.remote.internal.hub.MessageHubBackedObjectConnection$DispatchWrapper.dispatch(MessageHubBackedObjectConnection.java:182)
	at org.gradle.internal.remote.internal.hub.MessageHubBackedObjectConnection$DispatchWrapper.dispatch(MessageHubBackedObjectConnection.java:164)
	at org.gradle.internal.remote.internal.hub.MessageHub$Handler.run(MessageHub.java:414)
	at org.gradle.internal.concurrent.ExecutorPolicy$CatchAndRecordFailures.onExecute(ExecutorPolicy.java:64)
	at org.gradle.internal.concurrent.ManagedExecutorImpl$1.run(ManagedExecutorImpl.java:48)
	at java.base/java.util.concurrent.ThreadPoolExecutor.runWorker(ThreadPoolExecutor.java:1128)
	at java.base/java.util.concurrent.ThreadPoolExecutor$Worker.run(ThreadPoolExecutor.java:628)
	at org.gradle.internal.concurrent.ThreadFactoryImpl$ManagedThreadRunnable.run(ThreadFactoryImpl.java:56)
	at java.base/java.lang.Thread.run(Thread.java:829)
</failure>
  </testcase>
  <testcase name="포스트 생성 제출 - 입력값 에러" classname="com.roadmap.post.PostControllerTest" time="1.138"/>
  <testcase name="포스트 확인" classname="com.roadmap.post.PostControllerTest" time="1.807"/>
  <system-out><![CDATA[14:33:42.371 [Test worker] DEBUG org.springframework.test.context.BootstrapUtils - Instantiating CacheAwareContextLoaderDelegate from class [org.springframework.test.context.cache.DefaultCacheAwareContextLoaderDelegate]
14:33:42.398 [Test worker] DEBUG org.springframework.test.context.BootstrapUtils - Instantiating BootstrapContext using constructor [public org.springframework.test.context.support.DefaultBootstrapContext(java.lang.Class,org.springframework.test.context.CacheAwareContextLoaderDelegate)]
14:33:42.451 [Test worker] DEBUG org.springframework.test.context.BootstrapUtils - Instantiating TestContextBootstrapper for test class [com.roadmap.post.PostControllerTest] from class [org.springframework.boot.test.context.SpringBootTestContextBootstrapper]
14:33:42.480 [Test worker] INFO org.springframework.boot.test.context.SpringBootTestContextBootstrapper - Neither @ContextConfiguration nor @ContextHierarchy found for test class [com.roadmap.post.PostControllerTest], using SpringBootContextLoader
14:33:42.488 [Test worker] DEBUG org.springframework.test.context.support.AbstractContextLoader - Did not detect default resource location for test class [com.roadmap.post.PostControllerTest]: class path resource [com/roadmap/post/PostControllerTest-context.xml] does not exist
14:33:42.490 [Test worker] DEBUG org.springframework.test.context.support.AbstractContextLoader - Did not detect default resource location for test class [com.roadmap.post.PostControllerTest]: class path resource [com/roadmap/post/PostControllerTestContext.groovy] does not exist
14:33:42.490 [Test worker] INFO org.springframework.test.context.support.AbstractContextLoader - Could not detect default resource locations for test class [com.roadmap.post.PostControllerTest]: no resource found for suffixes {-context.xml, Context.groovy}.
14:33:42.492 [Test worker] INFO org.springframework.test.context.support.AnnotationConfigContextLoaderUtils - Could not detect default configuration classes for test class [com.roadmap.post.PostControllerTest]: PostControllerTest does not declare any static, non-private, non-final, nested classes annotated with @Configuration.
14:33:42.576 [Test worker] DEBUG org.springframework.test.context.support.ActiveProfilesUtils - Could not find an 'annotation declaring class' for annotation type [org.springframework.test.context.ActiveProfiles] and class [com.roadmap.post.PostControllerTest]
14:33:42.684 [Test worker] DEBUG org.springframework.context.annotation.ClassPathScanningCandidateComponentProvider - Identified candidate component class: file [C:\Users\kjuio\IdeaProjects\roadmap_aws\build\classes\java\main\com\roadmap\CoreApplication.class]
14:33:42.686 [Test worker] INFO org.springframework.boot.test.context.SpringBootTestContextBootstrapper - Found @SpringBootConfiguration com.roadmap.CoreApplication for test class com.roadmap.post.PostControllerTest
14:33:42.870 [Test worker] DEBUG org.springframework.boot.test.context.SpringBootTestContextBootstrapper - @TestExecutionListeners is not present for class [com.roadmap.post.PostControllerTest]: using defaults.
14:33:42.871 [Test worker] INFO org.springframework.boot.test.context.SpringBootTestContextBootstrapper - Loaded default TestExecutionListener class names from location [META-INF/spring.factories]: [org.springframework.security.test.context.support.WithSecurityContextTestExecutionListener, org.springframework.security.test.context.support.ReactorContextTestExecutionListener, org.springframework.boot.test.autoconfigure.restdocs.RestDocsTestExecutionListener, org.springframework.boot.test.autoconfigure.web.client.MockRestServiceServerResetTestExecutionListener, org.springframework.boot.test.autoconfigure.web.servlet.MockMvcPrintOnlyOnFailureTestExecutionListener, org.springframework.boot.test.autoconfigure.web.servlet.WebDriverTestExecutionListener, org.springframework.boot.test.autoconfigure.webservices.client.MockWebServiceServerTestExecutionListener, org.springframework.boot.test.mock.mockito.MockitoTestExecutionListener, org.springframework.boot.test.mock.mockito.ResetMocksTestExecutionListener, org.springframework.test.context.web.ServletTestExecutionListener, org.springframework.test.context.support.DirtiesContextBeforeModesTestExecutionListener, org.springframework.test.context.support.DependencyInjectionTestExecutionListener, org.springframework.test.context.support.DirtiesContextTestExecutionListener, org.springframework.test.context.transaction.TransactionalTestExecutionListener, org.springframework.test.context.jdbc.SqlScriptsTestExecutionListener, org.springframework.test.context.event.EventPublishingTestExecutionListener]
14:33:42.901 [Test worker] INFO org.springframework.boot.test.context.SpringBootTestContextBootstrapper - Using TestExecutionListeners: [org.springframework.test.context.web.ServletTestExecutionListener@2ad7ebad, org.springframework.test.context.support.DirtiesContextBeforeModesTestExecutionListener@3185ccf1, org.springframework.boot.test.mock.mockito.MockitoTestExecutionListener@4a3af685, org.springframework.boot.test.autoconfigure.SpringBootDependencyInjectionTestExecutionListener@2b570d8e, org.springframework.test.context.support.DirtiesContextTestExecutionListener@3e4811ca, org.springframework.test.context.transaction.TransactionalTestExecutionListener@2135b0b6, org.springframework.test.context.jdbc.SqlScriptsTestExecutionListener@3ca6f4cb, org.springframework.security.test.context.support.WithSecurityContextTestExecutionListener@2f8ea5ac, org.springframework.test.context.event.EventPublishingTestExecutionListener@513637d6, org.springframework.security.test.context.support.ReactorContextTestExecutionListener@5d8a9d46, org.springframework.boot.test.autoconfigure.restdocs.RestDocsTestExecutionListener@56012a90, org.springframework.boot.test.autoconfigure.web.client.MockRestServiceServerResetTestExecutionListener@c784639, org.springframework.boot.test.autoconfigure.web.servlet.MockMvcPrintOnlyOnFailureTestExecutionListener@6c9058e7, org.springframework.boot.test.autoconfigure.web.servlet.WebDriverTestExecutionListener@6579889e, org.springframework.boot.test.autoconfigure.webservices.client.MockWebServiceServerTestExecutionListener@3a737b0b, org.springframework.boot.test.mock.mockito.ResetMocksTestExecutionListener@7474bbf2]
14:33:42.906 [Test worker] DEBUG org.springframework.test.context.support.AbstractDirtiesContextTestExecutionListener - Before test class: context [DefaultTestContext@6f5b8abc testClass = PostControllerTest, testInstance = [null], testMethod = [null], testException = [null], mergedContextConfiguration = [WebMergedContextConfiguration@34a0ce9d testClass = PostControllerTest, locations = '{}', classes = '{class com.roadmap.CoreApplication}', contextInitializerClasses = '[]', activeProfiles = '{}', propertySourceLocations = '{}', propertySourceProperties = '{org.springframework.boot.test.context.SpringBootTestContextBootstrapper=true}', contextCustomizers = set[org.springframework.boot.test.autoconfigure.properties.PropertyMappingContextCustomizer@4b3fa0b3, org.springframework.boot.test.autoconfigure.web.servlet.WebDriverContextCustomizerFactory$Customizer@36f3985, [ImportsContextCustomizer@611f150d key = [org.springframework.boot.test.autoconfigure.web.servlet.MockMvcAutoConfiguration, org.springframework.boot.test.autoconfigure.web.servlet.MockMvcWebClientAutoConfiguration, org.springframework.boot.test.autoconfigure.web.servlet.MockMvcWebDriverAutoConfiguration, org.springframework.boot.autoconfigure.security.oauth2.client.servlet.OAuth2ClientAutoConfiguration, org.springframework.boot.autoconfigure.security.oauth2.resource.servlet.OAuth2ResourceServerAutoConfiguration, org.springframework.boot.autoconfigure.security.servlet.SecurityAutoConfiguration, org.springframework.boot.autoconfigure.security.servlet.SecurityFilterAutoConfiguration, org.springframework.boot.autoconfigure.security.servlet.UserDetailsServiceAutoConfiguration, org.springframework.boot.test.autoconfigure.web.servlet.MockMvcSecurityConfiguration]], org.springframework.boot.test.context.filter.ExcludeFilterContextCustomizer@465bc06d, org.springframework.boot.test.json.DuplicateJsonObjectContextCustomizerFactory$DuplicateJsonObjectContextCustomizer@7bb6418b, org.springframework.boot.test.mock.mockito.MockitoContextCustomizer@0, org.springframework.boot.test.web.client.TestRestTemplateContextCustomizer@23d4aa12, org.springframework.boot.test.context.SpringBootTestArgs@1, org.springframework.boot.test.context.SpringBootTestWebEnvironment@3db94553], resourceBasePath = 'src/main/webapp', contextLoader = 'org.springframework.boot.test.context.SpringBootContextLoader', parent = [null]], attributes = map['org.springframework.test.context.web.ServletTestExecutionListener.activateListener' -> true]], class annotated with @DirtiesContext [false] with mode [null].
14:33:43.005 [Test worker] DEBUG org.springframework.test.context.support.TestPropertySourceUtils - Adding inlined properties to environment: {spring.jmx.enabled=false, org.springframework.boot.test.context.SpringBootTestContextBootstrapper=true}

  .   ____          _            __ _ _
 /\\ / ___'_ __ _ _(_)_ __  __ _ \ \ \ \
( ( )\___ | '_ | '_| | '_ \/ _` | \ \ \ \
 \\/  ___)| |_)| | | | | || (_| |  ) ) ) )
  '  |____| .__|_| |_|_| |_\__, | / / / /
 =========|_|==============|___/=/_/_/_/
 :: Spring Boot ::        (v2.3.8.RELEASE)

2021-03-12 14:33:43.542  INFO 43004 --- [    Test worker] com.roadmap.post.PostControllerTest      : Starting PostControllerTest on DESKTOP-MRB3AOK with PID 43004 (started by kjuio in C:\Users\kjuio\IdeaProjects\roadmap_aws)
2021-03-12 14:33:43.544  INFO 43004 --- [    Test worker] com.roadmap.post.PostControllerTest      : The following profiles are active: oauth
2021-03-12 14:33:44.795  INFO 43004 --- [    Test worker] .s.d.r.c.RepositoryConfigurationDelegate : Bootstrapping Spring Data JPA repositories in DEFAULT mode.
2021-03-12 14:33:44.994  INFO 43004 --- [    Test worker] .s.d.r.c.RepositoryConfigurationDelegate : Finished Spring Data repository scanning in 186ms. Found 9 JPA repository interfaces.
2021-03-12 14:33:45.883  INFO 43004 --- [    Test worker] o.hibernate.jpa.internal.util.LogHelper  : HHH000204: Processing PersistenceUnitInfo [name: default]
2021-03-12 14:33:45.984  INFO 43004 --- [    Test worker] org.hibernate.Version                    : HHH000412: Hibernate ORM core version 5.4.27.Final
2021-03-12 14:33:46.287  INFO 43004 --- [    Test worker] o.hibernate.annotations.common.Version   : HCANN000001: Hibernate Commons Annotations {5.1.2.Final}
2021-03-12 14:33:46.495  INFO 43004 --- [    Test worker] com.zaxxer.hikari.HikariDataSource       : HikariPool-1 - Starting...
2021-03-12 14:33:47.596  INFO 43004 --- [    Test worker] com.zaxxer.hikari.HikariDataSource       : HikariPool-1 - Start completed.
2021-03-12 14:33:47.665  INFO 43004 --- [    Test worker] org.hibernate.dialect.Dialect            : HHH000400: Using dialect: org.hibernate.dialect.PostgreSQL10Dialect
2021-03-12 14:33:55.756  INFO 43004 --- [    Test worker] o.h.e.t.j.p.i.JtaPlatformInitiator       : HHH000490: Using JtaPlatform implementation: [org.hibernate.engine.transaction.jta.platform.internal.NoJtaPlatform]
2021-03-12 14:33:55.767  INFO 43004 --- [    Test worker] j.LocalContainerEntityManagerFactoryBean : Initialized JPA EntityManagerFactory for persistence unit 'default'
2021-03-12 14:33:56.893  WARN 43004 --- [    Test worker] JpaBaseConfiguration$JpaWebConfiguration : spring.jpa.open-in-view is enabled by default. Therefore, database queries may be performed during view rendering. Explicitly configure spring.jpa.open-in-view to disable this warning
2021-03-12 14:33:57.884  INFO 43004 --- [    Test worker] o.s.b.a.w.s.WelcomePageHandlerMapping    : Adding welcome page template: index
2021-03-12 14:33:58.090  INFO 43004 --- [    Test worker] com.roadmap.config.WebSecurityConfig     : passwordEncoder : org.springframework.security.crypto.password.DelegatingPasswordEncoder@7ca714e3
2021-03-12 14:33:58.129  INFO 43004 --- [    Test worker] o.s.s.web.DefaultSecurityFilterChain     : Creating filter chain: Ant [pattern='/node_modules/**'], []
2021-03-12 14:33:58.130  INFO 43004 --- [    Test worker] o.s.s.web.DefaultSecurityFilterChain     : Creating filter chain: Ant [pattern='/**/*.js'], []
2021-03-12 14:33:58.130  INFO 43004 --- [    Test worker] o.s.s.web.DefaultSecurityFilterChain     : Creating filter chain: Ant [pattern='/**/*.css'], []
2021-03-12 14:33:58.130  INFO 43004 --- [    Test worker] o.s.s.web.DefaultSecurityFilterChain     : Creating filter chain: Ant [pattern='/images/**'], []
2021-03-12 14:33:58.130  INFO 43004 --- [    Test worker] o.s.s.web.DefaultSecurityFilterChain     : Creating filter chain: Ant [pattern='/static/js/**'], []
2021-03-12 14:33:58.130  INFO 43004 --- [    Test worker] o.s.s.web.DefaultSecurityFilterChain     : Creating filter chain: org.springframework.boot.autoconfigure.security.servlet.StaticResourceRequest$StaticResourceRequestMatcher@3544ba0c, []
2021-03-12 14:33:58.394  INFO 43004 --- [    Test worker] o.s.s.web.DefaultSecurityFilterChain     : Creating filter chain: any request, [org.springframework.security.web.context.request.async.WebAsyncManagerIntegrationFilter@39ff48fc, org.springframework.security.web.context.SecurityContextPersistenceFilter@203a04a4, org.springframework.security.web.header.HeaderWriterFilter@f5c4611, org.springframework.security.web.csrf.CsrfFilter@5c17e2d1, org.springframework.security.web.authentication.logout.LogoutFilter@1744ad84, org.springframework.security.oauth2.client.web.OAuth2AuthorizationRequestRedirectFilter@7d5365cf, org.springframework.security.oauth2.client.web.OAuth2LoginAuthenticationFilter@d398b71, com.roadmap.filter.ApiCheckFilter@2ac011ea, com.roadmap.filter.ApiLoginFilter@3644477a, org.springframework.security.web.authentication.UsernamePasswordAuthenticationFilter@5dea05a4, org.springframework.security.web.savedrequest.RequestCacheAwareFilter@35ebadda, org.springframework.security.web.servletapi.SecurityContextHolderAwareRequestFilter@b3ced72, org.springframework.security.web.authentication.rememberme.RememberMeAuthenticationFilter@5ffbd8e5, org.springframework.security.web.authentication.AnonymousAuthenticationFilter@3a0b50a8, org.springframework.security.web.session.SessionManagementFilter@7309f2c6, org.springframework.security.web.access.ExceptionTranslationFilter@267ed5ab, org.springframework.security.web.access.intercept.FilterSecurityInterceptor@5e8e306a]
2021-03-12 14:33:58.788  INFO 43004 --- [    Test worker] o.s.s.concurrent.ThreadPoolTaskExecutor  : Initializing ExecutorService 'applicationTaskExecutor'
2021-03-12 14:33:59.283  INFO 43004 --- [    Test worker] o.s.b.t.m.w.SpringBootMockServletContext : Initializing Spring TestDispatcherServlet ''
2021-03-12 14:33:59.283  INFO 43004 --- [    Test worker] o.s.t.web.servlet.TestDispatcherServlet  : Initializing Servlet ''
2021-03-12 14:33:59.301  INFO 43004 --- [    Test worker] o.s.t.web.servlet.TestDispatcherServlet  : Completed initialization in 18 ms
2021-03-12 14:33:59.323  INFO 43004 --- [    Test worker] com.roadmap.post.PostControllerTest      : Started PostControllerTest in 16.304 seconds (JVM running for 19.53)
2021-03-12 14:33:59.406  INFO 43004 --- [    Test worker] o.s.t.c.transaction.TransactionContext   : Began transaction (1) for test context [DefaultTestContext@6f5b8abc testClass = PostControllerTest, testInstance = com.roadmap.post.PostControllerTest@14f922cf, testMethod = newPostFormView@PostControllerTest, testException = [null], mergedContextConfiguration = [WebMergedContextConfiguration@34a0ce9d testClass = PostControllerTest, locations = '{}', classes = '{class com.roadmap.CoreApplication}', contextInitializerClasses = '[]', activeProfiles = '{}', propertySourceLocations = '{}', propertySourceProperties = '{org.springframework.boot.test.context.SpringBootTestContextBootstrapper=true}', contextCustomizers = set[org.springframework.boot.test.autoconfigure.properties.PropertyMappingContextCustomizer@4b3fa0b3, org.springframework.boot.test.autoconfigure.web.servlet.WebDriverContextCustomizerFactory$Customizer@36f3985, [ImportsContextCustomizer@611f150d key = [org.springframework.boot.test.autoconfigure.web.servlet.MockMvcAutoConfiguration, org.springframework.boot.test.autoconfigure.web.servlet.MockMvcWebClientAutoConfiguration, org.springframework.boot.test.autoconfigure.web.servlet.MockMvcWebDriverAutoConfiguration, org.springframework.boot.autoconfigure.security.oauth2.client.servlet.OAuth2ClientAutoConfiguration, org.springframework.boot.autoconfigure.security.oauth2.resource.servlet.OAuth2ResourceServerAutoConfiguration, org.springframework.boot.autoconfigure.security.servlet.SecurityAutoConfiguration, org.springframework.boot.autoconfigure.security.servlet.SecurityFilterAutoConfiguration, org.springframework.boot.autoconfigure.security.servlet.UserDetailsServiceAutoConfiguration, org.springframework.boot.test.autoconfigure.web.servlet.MockMvcSecurityConfiguration]], org.springframework.boot.test.context.filter.ExcludeFilterContextCustomizer@465bc06d, org.springframework.boot.test.json.DuplicateJsonObjectContextCustomizerFactory$DuplicateJsonObjectContextCustomizer@7bb6418b, org.springframework.boot.test.mock.mockito.MockitoContextCustomizer@0, org.springframework.boot.test.web.client.TestRestTemplateContextCustomizer@23d4aa12, org.springframework.boot.test.context.SpringBootTestArgs@1, org.springframework.boot.test.context.SpringBootTestWebEnvironment@3db94553], resourceBasePath = 'src/main/webapp', contextLoader = 'org.springframework.boot.test.context.SpringBootContextLoader', parent = [null]], attributes = map['org.springframework.test.context.web.ServletTestExecutionListener.activateListener' -> true, 'org.springframework.test.context.web.ServletTestExecutionListener.populatedRequestContextHolder' -> true, 'org.springframework.test.context.web.ServletTestExecutionListener.resetRequestContextHolder' -> true]]; transaction manager [org.springframework.orm.jpa.JpaTransactionManager@3a25d063]; rollback [true]
2021-03-12 14:33:59.915  INFO 43004 --- [    Test worker] com.roadmap.service.MemberService        : email send signup confirm Email link : /check-email-token?token=cfa9c366-2773-45dd-8a50-44e38c9ee8d0&email=epepep@email.com
2021-03-12 14:33:59.980 DEBUG 43004 --- [    Test worker] org.hibernate.SQL                        : 
    select
        nextval ('hibernate_sequence')
2021-03-12 14:34:00.240 DEBUG 43004 --- [    Test worker] org.hibernate.SQL                        : 
    insert 
    into
        member
        (moddate, regdate, bio, email, email_check_token, email_check_token_generated_at, email_verified, from_social, joined_at, loc_id, nickname, occupation, password, profile_image, roadmap_created_by_email, roadmap_created_by_web, roadmap_enrollment_result_by_email, roadmap_enrollment_result_by_web, roadmap_updated_by_email, roadmap_updated_by_web, url, id) 
    values
        (?, ?, ?, ?, ?, ?, ?, ?, ?, ?, ?, ?, ?, ?, ?, ?, ?, ?, ?, ?, ?, ?)
2021-03-12 14:34:00.243 TRACE 43004 --- [    Test worker] o.h.type.descriptor.sql.BasicBinder      : binding parameter [1] as [TIMESTAMP] - [2021-03-12T14:33:59.954136800]
2021-03-12 14:34:00.245 TRACE 43004 --- [    Test worker] o.h.type.descriptor.sql.BasicBinder      : binding parameter [2] as [TIMESTAMP] - [2021-03-12T14:33:59.954136800]
2021-03-12 14:34:00.245 TRACE 43004 --- [    Test worker] o.h.type.descriptor.sql.BasicBinder      : binding parameter [3] as [VARCHAR] - [null]
2021-03-12 14:34:00.245 TRACE 43004 --- [    Test worker] o.h.type.descriptor.sql.BasicBinder      : binding parameter [4] as [VARCHAR] - [epepep@email.com]
2021-03-12 14:34:00.246 TRACE 43004 --- [    Test worker] o.h.type.descriptor.sql.BasicBinder      : binding parameter [5] as [VARCHAR] - [cfa9c366-2773-45dd-8a50-44e38c9ee8d0]
2021-03-12 14:34:00.246 TRACE 43004 --- [    Test worker] o.h.type.descriptor.sql.BasicBinder      : binding parameter [6] as [TIMESTAMP] - [2021-03-12T14:33:59.558138900]
2021-03-12 14:34:00.247 TRACE 43004 --- [    Test worker] o.h.type.descriptor.sql.BasicBinder      : binding parameter [7] as [BOOLEAN] - [false]
2021-03-12 14:34:00.247 TRACE 43004 --- [    Test worker] o.h.type.descriptor.sql.BasicBinder      : binding parameter [8] as [BOOLEAN] - [false]
2021-03-12 14:34:00.248 TRACE 43004 --- [    Test worker] o.h.type.descriptor.sql.BasicBinder      : binding parameter [9] as [TIMESTAMP] - [2021-03-12T14:33:59.557150400]
2021-03-12 14:34:00.249 TRACE 43004 --- [    Test worker] o.h.type.descriptor.sql.BasicBinder      : binding parameter [10] as [BIGINT] - [null]
2021-03-12 14:34:00.249 TRACE 43004 --- [    Test worker] o.h.type.descriptor.sql.BasicBinder      : binding parameter [11] as [VARCHAR] - [epepep]
2021-03-12 14:34:00.249 TRACE 43004 --- [    Test worker] o.h.type.descriptor.sql.BasicBinder      : binding parameter [12] as [VARCHAR] - [null]
2021-03-12 14:34:00.249 TRACE 43004 --- [    Test worker] o.h.type.descriptor.sql.BasicBinder      : binding parameter [13] as [VARCHAR] - [{bcrypt}$2a$10$S.Mf9lCCHeP/ozEv6Ao5TuXgE61JyGXJSa6B7zw3fBogLuV8c01OS]
2021-03-12 14:34:00.250 TRACE 43004 --- [    Test worker] o.h.type.descriptor.sql.BasicBinder      : binding parameter [14] as [CLOB] - [null]
2021-03-12 14:34:00.250 TRACE 43004 --- [    Test worker] o.h.type.descriptor.sql.BasicBinder      : binding parameter [15] as [BOOLEAN] - [false]
2021-03-12 14:34:00.250 TRACE 43004 --- [    Test worker] o.h.type.descriptor.sql.BasicBinder      : binding parameter [16] as [BOOLEAN] - [true]
2021-03-12 14:34:00.250 TRACE 43004 --- [    Test worker] o.h.type.descriptor.sql.BasicBinder      : binding parameter [17] as [BOOLEAN] - [false]
2021-03-12 14:34:00.251 TRACE 43004 --- [    Test worker] o.h.type.descriptor.sql.BasicBinder      : binding parameter [18] as [BOOLEAN] - [true]
2021-03-12 14:34:00.251 TRACE 43004 --- [    Test worker] o.h.type.descriptor.sql.BasicBinder      : binding parameter [19] as [BOOLEAN] - [false]
2021-03-12 14:34:00.251 TRACE 43004 --- [    Test worker] o.h.type.descriptor.sql.BasicBinder      : binding parameter [20] as [BOOLEAN] - [true]
2021-03-12 14:34:00.251 TRACE 43004 --- [    Test worker] o.h.type.descriptor.sql.BasicBinder      : binding parameter [21] as [VARCHAR] - [null]
2021-03-12 14:34:00.251 TRACE 43004 --- [    Test worker] o.h.type.descriptor.sql.BasicBinder      : binding parameter [22] as [BIGINT] - [18]
2021-03-12 14:34:00.307 DEBUG 43004 --- [    Test worker] org.hibernate.SQL                        : 
    insert 
    into
        member_role_set
        (member_id, role_set) 
    values
        (?, ?)
2021-03-12 14:34:00.308 TRACE 43004 --- [    Test worker] o.h.type.descriptor.sql.BasicBinder      : binding parameter [1] as [BIGINT] - [18]
2021-03-12 14:34:00.308 TRACE 43004 --- [    Test worker] o.h.type.descriptor.sql.BasicBinder      : binding parameter [2] as [VARCHAR] - [USER]
2021-03-12 14:34:00.357 DEBUG 43004 --- [    Test worker] org.hibernate.SQL                        : 
    select
        member0_.id as id1_3_,
        member0_.moddate as moddate2_3_,
        member0_.regdate as regdate3_3_,
        member0_.bio as bio4_3_,
        member0_.email as email5_3_,
        member0_.email_check_token as email_ch6_3_,
        member0_.email_check_token_generated_at as email_ch7_3_,
        member0_.email_verified as email_ve8_3_,
        member0_.from_social as from_soc9_3_,
        member0_.joined_at as joined_10_3_,
        member0_.loc_id as loc_id22_3_,
        member0_.nickname as nicknam11_3_,
        member0_.occupation as occupat12_3_,
        member0_.password as passwor13_3_,
        member0_.profile_image as profile14_3_,
        member0_.roadmap_created_by_email as roadmap15_3_,
        member0_.roadmap_created_by_web as roadmap16_3_,
        member0_.roadmap_enrollment_result_by_email as roadmap17_3_,
        member0_.roadmap_enrollment_result_by_web as roadmap18_3_,
        member0_.roadmap_updated_by_email as roadmap19_3_,
        member0_.roadmap_updated_by_web as roadmap20_3_,
        member0_.url as url21_3_ 
    from
        member member0_ 
    where
        member0_.email=?
2021-03-12 14:34:00.374 TRACE 43004 --- [    Test worker] o.h.type.descriptor.sql.BasicBinder      : binding parameter [1] as [VARCHAR] - [epepep]
2021-03-12 14:34:00.433 DEBUG 43004 --- [    Test worker] org.hibernate.SQL                        : 
    select
        member0_.id as id1_3_,
        member0_.moddate as moddate2_3_,
        member0_.regdate as regdate3_3_,
        member0_.bio as bio4_3_,
        member0_.email as email5_3_,
        member0_.email_check_token as email_ch6_3_,
        member0_.email_check_token_generated_at as email_ch7_3_,
        member0_.email_verified as email_ve8_3_,
        member0_.from_social as from_soc9_3_,
        member0_.joined_at as joined_10_3_,
        member0_.loc_id as loc_id22_3_,
        member0_.nickname as nicknam11_3_,
        member0_.occupation as occupat12_3_,
        member0_.password as passwor13_3_,
        member0_.profile_image as profile14_3_,
        member0_.roadmap_created_by_email as roadmap15_3_,
        member0_.roadmap_created_by_web as roadmap16_3_,
        member0_.roadmap_enrollment_result_by_email as roadmap17_3_,
        member0_.roadmap_enrollment_result_by_web as roadmap18_3_,
        member0_.roadmap_updated_by_email as roadmap19_3_,
        member0_.roadmap_updated_by_web as roadmap20_3_,
        member0_.url as url21_3_ 
    from
        member member0_ 
    where
        member0_.nickname=?
2021-03-12 14:34:00.434 TRACE 43004 --- [    Test worker] o.h.type.descriptor.sql.BasicBinder      : binding parameter [1] as [VARCHAR] - [epepep]
2021-03-12 14:34:00.650 DEBUG 43004 --- [    Test worker] org.hibernate.SQL                        : 
    select
        member0_.id as id1_3_,
        member0_.moddate as moddate2_3_,
        member0_.regdate as regdate3_3_,
        member0_.bio as bio4_3_,
        member0_.email as email5_3_,
        member0_.email_check_token as email_ch6_3_,
        member0_.email_check_token_generated_at as email_ch7_3_,
        member0_.email_verified as email_ve8_3_,
        member0_.from_social as from_soc9_3_,
        member0_.joined_at as joined_10_3_,
        member0_.loc_id as loc_id22_3_,
        member0_.nickname as nicknam11_3_,
        member0_.occupation as occupat12_3_,
        member0_.password as passwor13_3_,
        member0_.profile_image as profile14_3_,
        member0_.roadmap_created_by_email as roadmap15_3_,
        member0_.roadmap_created_by_web as roadmap16_3_,
        member0_.roadmap_enrollment_result_by_email as roadmap17_3_,
        member0_.roadmap_enrollment_result_by_web as roadmap18_3_,
        member0_.roadmap_updated_by_email as roadmap19_3_,
        member0_.roadmap_updated_by_web as roadmap20_3_,
        member0_.url as url21_3_ 
    from
        member member0_ 
    where
        member0_.nickname=?
2021-03-12 14:34:00.651 TRACE 43004 --- [    Test worker] o.h.type.descriptor.sql.BasicBinder      : binding parameter [1] as [VARCHAR] - [epepep]
2021-03-12 14:34:00.735 DEBUG 43004 --- [    Test worker] org.hibernate.SQL                        : 
    select
        member0_.id as id1_3_0_,
        roadmap2_.id as id1_14_1_,
        member0_.moddate as moddate2_3_0_,
        member0_.regdate as regdate3_3_0_,
        member0_.bio as bio4_3_0_,
        member0_.email as email5_3_0_,
        member0_.email_check_token as email_ch6_3_0_,
        member0_.email_check_token_generated_at as email_ch7_3_0_,
        member0_.email_verified as email_ve8_3_0_,
        member0_.from_social as from_soc9_3_0_,
        member0_.joined_at as joined_10_3_0_,
        member0_.loc_id as loc_id22_3_0_,
        member0_.nickname as nicknam11_3_0_,
        member0_.occupation as occupat12_3_0_,
        member0_.password as passwor13_3_0_,
        member0_.profile_image as profile14_3_0_,
        member0_.roadmap_created_by_email as roadmap15_3_0_,
        member0_.roadmap_created_by_web as roadmap16_3_0_,
        member0_.roadmap_enrollment_result_by_email as roadmap17_3_0_,
        member0_.roadmap_enrollment_result_by_web as roadmap18_3_0_,
        member0_.roadmap_updated_by_email as roadmap19_3_0_,
        member0_.roadmap_updated_by_web as roadmap20_3_0_,
        member0_.url as url21_3_0_,
        roadmap2_.moddate as moddate2_14_1_,
        roadmap2_.regdate as regdate3_14_1_,
        roadmap2_.closed as closed4_14_1_,
        roadmap2_.closed_date_time as closed_d5_14_1_,
        roadmap2_.complete as complete6_14_1_,
        roadmap2_.full_description as full_des7_14_1_,
        roadmap2_.image as image8_14_1_,
        roadmap2_.milestone as mileston9_14_1_,
        roadmap2_.owner_id as owner_i19_14_1_,
        roadmap2_.path as path10_14_1_,
        roadmap2_.progress as progres11_14_1_,
        roadmap2_.published as publish12_14_1_,
        roadmap2_.published_date_time as publish13_14_1_,
        roadmap2_.recruiting as recruit14_14_1_,
        roadmap2_.recruiting_updated_date_time as recruit15_14_1_,
        roadmap2_.short_description as short_d16_14_1_,
        roadmap2_.title as title17_14_1_,
        roadmap2_.use_banner as use_ban18_14_1_,
        roadmaps1_.members_id as members_2_15_0__,
        roadmaps1_.roadmaps_id as roadmaps1_15_0__ 
    from
        member member0_ 
    left outer join
        roadmap_members roadmaps1_ 
            on member0_.id=roadmaps1_.members_id 
    left outer join
        roadmap roadmap2_ 
            on roadmaps1_.roadmaps_id=roadmap2_.id 
    where
        member0_.nickname=?
2021-03-12 14:34:00.738 TRACE 43004 --- [    Test worker] o.h.type.descriptor.sql.BasicBinder      : binding parameter [1] as [VARCHAR] - [epepep]
2021-03-12 14:34:00.833 DEBUG 43004 --- [    Test worker] org.hibernate.SQL                        : 
    insert 
    into
        roadmap
        (moddate, regdate, closed, closed_date_time, complete, full_description, image, milestone, owner_id, path, progress, published, published_date_time, recruiting, recruiting_updated_date_time, short_description, title, use_banner) 
    values
        (?, ?, ?, ?, ?, ?, ?, ?, ?, ?, ?, ?, ?, ?, ?, ?, ?, ?)
2021-03-12 14:34:00.834 TRACE 43004 --- [    Test worker] o.h.type.descriptor.sql.BasicBinder      : binding parameter [1] as [TIMESTAMP] - [2021-03-12T14:34:00.823402700]
2021-03-12 14:34:00.835 TRACE 43004 --- [    Test worker] o.h.type.descriptor.sql.BasicBinder      : binding parameter [2] as [TIMESTAMP] - [2021-03-12T14:34:00.823402700]
2021-03-12 14:34:00.836 TRACE 43004 --- [    Test worker] o.h.type.descriptor.sql.BasicBinder      : binding parameter [3] as [BOOLEAN] - [false]
2021-03-12 14:34:00.836 TRACE 43004 --- [    Test worker] o.h.type.descriptor.sql.BasicBinder      : binding parameter [4] as [TIMESTAMP] - [null]
2021-03-12 14:34:00.836 TRACE 43004 --- [    Test worker] o.h.type.descriptor.sql.BasicBinder      : binding parameter [5] as [BOOLEAN] - [false]
2021-03-12 14:34:00.836 TRACE 43004 --- [    Test worker] o.h.type.descriptor.sql.BasicBinder      : binding parameter [6] as [CLOB] - [full description]
2021-03-12 14:34:01.082 TRACE 43004 --- [    Test worker] o.h.type.descriptor.sql.BasicBinder      : binding parameter [7] as [CLOB] - [null]
2021-03-12 14:34:01.082 TRACE 43004 --- [    Test worker] o.h.type.descriptor.sql.BasicBinder      : binding parameter [8] as [TIMESTAMP] - [null]
2021-03-12 14:34:01.082 TRACE 43004 --- [    Test worker] o.h.type.descriptor.sql.BasicBinder      : binding parameter [9] as [BIGINT] - [18]
2021-03-12 14:34:01.082 TRACE 43004 --- [    Test worker] o.h.type.descriptor.sql.BasicBinder      : binding parameter [10] as [VARCHAR] - [/path]
2021-03-12 14:34:01.083 TRACE 43004 --- [    Test worker] o.h.type.descriptor.sql.BasicBinder      : binding parameter [11] as [DOUBLE] - [null]
2021-03-12 14:34:01.084 TRACE 43004 --- [    Test worker] o.h.type.descriptor.sql.BasicBinder      : binding parameter [12] as [BOOLEAN] - [false]
2021-03-12 14:34:01.084 TRACE 43004 --- [    Test worker] o.h.type.descriptor.sql.BasicBinder      : binding parameter [13] as [TIMESTAMP] - [null]
2021-03-12 14:34:01.084 TRACE 43004 --- [    Test worker] o.h.type.descriptor.sql.BasicBinder      : binding parameter [14] as [BOOLEAN] - [false]
2021-03-12 14:34:01.084 TRACE 43004 --- [    Test worker] o.h.type.descriptor.sql.BasicBinder      : binding parameter [15] as [TIMESTAMP] - [null]
2021-03-12 14:34:01.084 TRACE 43004 --- [    Test worker] o.h.type.descriptor.sql.BasicBinder      : binding parameter [16] as [VARCHAR] - [short description]
2021-03-12 14:34:01.085 TRACE 43004 --- [    Test worker] o.h.type.descriptor.sql.BasicBinder      : binding parameter [17] as [VARCHAR] - [title]
2021-03-12 14:34:01.085 TRACE 43004 --- [    Test worker] o.h.type.descriptor.sql.BasicBinder      : binding parameter [18] as [BOOLEAN] - [false]
2021-03-12 14:34:01.143 DEBUG 43004 --- [    Test worker] org.hibernate.SQL                        : 
    insert 
    into
        stage
        (moddate, regdate, complete, head, ord, roadmap_id, tail, title) 
    values
        (?, ?, ?, ?, ?, ?, ?, ?)
2021-03-12 14:34:01.143 TRACE 43004 --- [    Test worker] o.h.type.descriptor.sql.BasicBinder      : binding parameter [1] as [TIMESTAMP] - [2021-03-12T14:34:01.138400600]
2021-03-12 14:34:01.143 TRACE 43004 --- [    Test worker] o.h.type.descriptor.sql.BasicBinder      : binding parameter [2] as [TIMESTAMP] - [2021-03-12T14:34:01.138400600]
2021-03-12 14:34:01.143 TRACE 43004 --- [    Test worker] o.h.type.descriptor.sql.BasicBinder      : binding parameter [3] as [BOOLEAN] - [false]
2021-03-12 14:34:01.143 TRACE 43004 --- [    Test worker] o.h.type.descriptor.sql.BasicBinder      : binding parameter [4] as [BOOLEAN] - [true]
2021-03-12 14:34:01.144 TRACE 43004 --- [    Test worker] o.h.type.descriptor.sql.BasicBinder      : binding parameter [5] as [INTEGER] - [1]
2021-03-12 14:34:01.144 TRACE 43004 --- [    Test worker] o.h.type.descriptor.sql.BasicBinder      : binding parameter [6] as [BIGINT] - [6]
2021-03-12 14:34:01.144 TRACE 43004 --- [    Test worker] o.h.type.descriptor.sql.BasicBinder      : binding parameter [7] as [BOOLEAN] - [true]
2021-03-12 14:34:01.144 TRACE 43004 --- [    Test worker] o.h.type.descriptor.sql.BasicBinder      : binding parameter [8] as [VARCHAR] - [1단계]
2021-03-12 14:34:01.206 DEBUG 43004 --- [    Test worker] org.hibernate.SQL                        : 
    insert 
    into
        node
        (moddate, regdate, complete, node_type, parent_id, read, short_description, stage_id, text, title, url) 
    values
        (?, ?, ?, ?, ?, ?, ?, ?, ?, ?, ?)
2021-03-12 14:34:01.207 TRACE 43004 --- [    Test worker] o.h.type.descriptor.sql.BasicBinder      : binding parameter [1] as [TIMESTAMP] - [2021-03-12T14:34:01.201399600]
2021-03-12 14:34:01.207 TRACE 43004 --- [    Test worker] o.h.type.descriptor.sql.BasicBinder      : binding parameter [2] as [TIMESTAMP] - [2021-03-12T14:34:01.201399600]
2021-03-12 14:34:01.207 TRACE 43004 --- [    Test worker] o.h.type.descriptor.sql.BasicBinder      : binding parameter [3] as [BOOLEAN] - [false]
2021-03-12 14:34:01.207 TRACE 43004 --- [    Test worker] o.h.type.descriptor.sql.BasicBinder      : binding parameter [4] as [VARCHAR] - [post]
2021-03-12 14:34:01.208 TRACE 43004 --- [    Test worker] o.h.type.descriptor.sql.BasicBinder      : binding parameter [5] as [BIGINT] - [null]
2021-03-12 14:34:01.208 TRACE 43004 --- [    Test worker] o.h.type.descriptor.sql.BasicBinder      : binding parameter [6] as [BOOLEAN] - [false]
2021-03-12 14:34:01.208 TRACE 43004 --- [    Test worker] o.h.type.descriptor.sql.BasicBinder      : binding parameter [7] as [VARCHAR] - [null]
2021-03-12 14:34:01.208 TRACE 43004 --- [    Test worker] o.h.type.descriptor.sql.BasicBinder      : binding parameter [8] as [BIGINT] - [25]
2021-03-12 14:34:01.208 TRACE 43004 --- [    Test worker] o.h.type.descriptor.sql.BasicBinder      : binding parameter [9] as [VARCHAR] - [null]
2021-03-12 14:34:01.208 TRACE 43004 --- [    Test worker] o.h.type.descriptor.sql.BasicBinder      : binding parameter [10] as [VARCHAR] - [노드 제목]
2021-03-12 14:34:01.208 TRACE 43004 --- [    Test worker] o.h.type.descriptor.sql.BasicBinder      : binding parameter [11] as [VARCHAR] - [null]
2021-03-12 14:34:01.443  INFO 43004 --- [    Test worker] com.roadmap.filter.ApiCheckFilter        : REQUESTURI : /new-post/10
2021-03-12 14:34:01.443  INFO 43004 --- [    Test worker] com.roadmap.filter.ApiCheckFilter        : false
2021-03-12 14:34:01.496 DEBUG 43004 --- [    Test worker] org.hibernate.SQL                        : 
    select
        post0_.id as id1_11_,
        post0_.content as content2_11_,
        post0_.description as descript3_11_,
        post0_.node_id as node_id5_11_,
        post0_.title as title4_11_,
        post0_.writer_id as writer_i6_11_ 
    from
        post post0_ 
    left outer join
        node node1_ 
            on post0_.node_id=node1_.id 
    where
        node1_.id=?
2021-03-12 14:34:01.497 TRACE 43004 --- [    Test worker] o.h.type.descriptor.sql.BasicBinder      : binding parameter [1] as [BIGINT] - [10]
2021-03-12 14:34:01.560 DEBUG 43004 --- [    Test worker] org.hibernate.SQL                        : 
    insert 
    into
        post
        (content, description, node_id, title, writer_id) 
    values
        (?, ?, ?, ?, ?)
2021-03-12 14:34:01.560 TRACE 43004 --- [    Test worker] o.h.type.descriptor.sql.BasicBinder      : binding parameter [1] as [CLOB] - [null]
2021-03-12 14:34:01.561 TRACE 43004 --- [    Test worker] o.h.type.descriptor.sql.BasicBinder      : binding parameter [2] as [VARCHAR] - [null]
2021-03-12 14:34:01.561 TRACE 43004 --- [    Test worker] o.h.type.descriptor.sql.BasicBinder      : binding parameter [3] as [BIGINT] - [10]
2021-03-12 14:34:01.561 TRACE 43004 --- [    Test worker] o.h.type.descriptor.sql.BasicBinder      : binding parameter [4] as [VARCHAR] - [null]
2021-03-12 14:34:01.561 TRACE 43004 --- [    Test worker] o.h.type.descriptor.sql.BasicBinder      : binding parameter [5] as [BIGINT] - [null]
2021-03-12 14:34:01.609 DEBUG 43004 --- [    Test worker] org.hibernate.SQL                        : 
    select
        tag0_.id as id1_21_,
        tag0_.moddate as moddate2_21_,
        tag0_.regdate as regdate3_21_,
        tag0_.title as title4_21_ 
    from
        tag tag0_
2021-03-12 14:34:02.063 DEBUG 43004 --- [    Test worker] org.hibernate.SQL                        : 
    select
        post0_.id as id1_11_,
        post0_.content as content2_11_,
        post0_.description as descript3_11_,
        post0_.node_id as node_id5_11_,
        post0_.title as title4_11_,
        post0_.writer_id as writer_i6_11_ 
    from
        post post0_ 
    left outer join
        node node1_ 
            on post0_.node_id=node1_.id 
    where
        node1_.id=?
2021-03-12 14:34:02.063 TRACE 43004 --- [    Test worker] o.h.type.descriptor.sql.BasicBinder      : binding parameter [1] as [BIGINT] - [10]
2021-03-12 14:34:02.174  INFO 43004 --- [    Test worker] o.s.t.c.transaction.TransactionContext   : Rolled back transaction for test: [DefaultTestContext@6f5b8abc testClass = PostControllerTest, testInstance = com.roadmap.post.PostControllerTest@14f922cf, testMethod = newPostFormView@PostControllerTest, testException = [null], mergedContextConfiguration = [WebMergedContextConfiguration@34a0ce9d testClass = PostControllerTest, locations = '{}', classes = '{class com.roadmap.CoreApplication}', contextInitializerClasses = '[]', activeProfiles = '{}', propertySourceLocations = '{}', propertySourceProperties = '{org.springframework.boot.test.context.SpringBootTestContextBootstrapper=true}', contextCustomizers = set[org.springframework.boot.test.autoconfigure.properties.PropertyMappingContextCustomizer@4b3fa0b3, org.springframework.boot.test.autoconfigure.web.servlet.WebDriverContextCustomizerFactory$Customizer@36f3985, [ImportsContextCustomizer@611f150d key = [org.springframework.boot.test.autoconfigure.web.servlet.MockMvcAutoConfiguration, org.springframework.boot.test.autoconfigure.web.servlet.MockMvcWebClientAutoConfiguration, org.springframework.boot.test.autoconfigure.web.servlet.MockMvcWebDriverAutoConfiguration, org.springframework.boot.autoconfigure.security.oauth2.client.servlet.OAuth2ClientAutoConfiguration, org.springframework.boot.autoconfigure.security.oauth2.resource.servlet.OAuth2ResourceServerAutoConfiguration, org.springframework.boot.autoconfigure.security.servlet.SecurityAutoConfiguration, org.springframework.boot.autoconfigure.security.servlet.SecurityFilterAutoConfiguration, org.springframework.boot.autoconfigure.security.servlet.UserDetailsServiceAutoConfiguration, org.springframework.boot.test.autoconfigure.web.servlet.MockMvcSecurityConfiguration]], org.springframework.boot.test.context.filter.ExcludeFilterContextCustomizer@465bc06d, org.springframework.boot.test.json.DuplicateJsonObjectContextCustomizerFactory$DuplicateJsonObjectContextCustomizer@7bb6418b, org.springframework.boot.test.mock.mockito.MockitoContextCustomizer@0, org.springframework.boot.test.web.client.TestRestTemplateContextCustomizer@23d4aa12, org.springframework.boot.test.context.SpringBootTestArgs@1, org.springframework.boot.test.context.SpringBootTestWebEnvironment@3db94553], resourceBasePath = 'src/main/webapp', contextLoader = 'org.springframework.boot.test.context.SpringBootContextLoader', parent = [null]], attributes = map['org.springframework.test.context.web.ServletTestExecutionListener.activateListener' -> true, 'org.springframework.test.context.web.ServletTestExecutionListener.populatedRequestContextHolder' -> true, 'org.springframework.test.context.web.ServletTestExecutionListener.resetRequestContextHolder' -> true]]
2021-03-12 14:34:02.182  INFO 43004 --- [    Test worker] o.s.t.c.transaction.TransactionContext   : Began transaction (1) for test context [DefaultTestContext@6f5b8abc testClass = PostControllerTest, testInstance = com.roadmap.post.PostControllerTest@413300d2, testMethod = newPostFormSubmit_correct@PostControllerTest, testException = [null], mergedContextConfiguration = [WebMergedContextConfiguration@34a0ce9d testClass = PostControllerTest, locations = '{}', classes = '{class com.roadmap.CoreApplication}', contextInitializerClasses = '[]', activeProfiles = '{}', propertySourceLocations = '{}', propertySourceProperties = '{org.springframework.boot.test.context.SpringBootTestContextBootstrapper=true}', contextCustomizers = set[org.springframework.boot.test.autoconfigure.properties.PropertyMappingContextCustomizer@4b3fa0b3, org.springframework.boot.test.autoconfigure.web.servlet.WebDriverContextCustomizerFactory$Customizer@36f3985, [ImportsContextCustomizer@611f150d key = [org.springframework.boot.test.autoconfigure.web.servlet.MockMvcAutoConfiguration, org.springframework.boot.test.autoconfigure.web.servlet.MockMvcWebClientAutoConfiguration, org.springframework.boot.test.autoconfigure.web.servlet.MockMvcWebDriverAutoConfiguration, org.springframework.boot.autoconfigure.security.oauth2.client.servlet.OAuth2ClientAutoConfiguration, org.springframework.boot.autoconfigure.security.oauth2.resource.servlet.OAuth2ResourceServerAutoConfiguration, org.springframework.boot.autoconfigure.security.servlet.SecurityAutoConfiguration, org.springframework.boot.autoconfigure.security.servlet.SecurityFilterAutoConfiguration, org.springframework.boot.autoconfigure.security.servlet.UserDetailsServiceAutoConfiguration, org.springframework.boot.test.autoconfigure.web.servlet.MockMvcSecurityConfiguration]], org.springframework.boot.test.context.filter.ExcludeFilterContextCustomizer@465bc06d, org.springframework.boot.test.json.DuplicateJsonObjectContextCustomizerFactory$DuplicateJsonObjectContextCustomizer@7bb6418b, org.springframework.boot.test.mock.mockito.MockitoContextCustomizer@0, org.springframework.boot.test.web.client.TestRestTemplateContextCustomizer@23d4aa12, org.springframework.boot.test.context.SpringBootTestArgs@1, org.springframework.boot.test.context.SpringBootTestWebEnvironment@3db94553], resourceBasePath = 'src/main/webapp', contextLoader = 'org.springframework.boot.test.context.SpringBootContextLoader', parent = [null]], attributes = map['org.springframework.test.context.web.ServletTestExecutionListener.activateListener' -> true, 'org.springframework.test.context.web.ServletTestExecutionListener.populatedRequestContextHolder' -> true, 'org.springframework.test.context.web.ServletTestExecutionListener.resetRequestContextHolder' -> true]]; transaction manager [org.springframework.orm.jpa.JpaTransactionManager@3a25d063]; rollback [true]
2021-03-12 14:34:02.273  INFO 43004 --- [    Test worker] com.roadmap.service.MemberService        : email send signup confirm Email link : /check-email-token?token=d5def185-39a9-4f1e-ab0a-f8012578bf51&email=epepep@email.com
2021-03-12 14:34:02.274 DEBUG 43004 --- [    Test worker] org.hibernate.SQL                        : 
    select
        nextval ('hibernate_sequence')
2021-03-12 14:34:02.325 DEBUG 43004 --- [    Test worker] org.hibernate.SQL                        : 
    insert 
    into
        member
        (moddate, regdate, bio, email, email_check_token, email_check_token_generated_at, email_verified, from_social, joined_at, loc_id, nickname, occupation, password, profile_image, roadmap_created_by_email, roadmap_created_by_web, roadmap_enrollment_result_by_email, roadmap_enrollment_result_by_web, roadmap_updated_by_email, roadmap_updated_by_web, url, id) 
    values
        (?, ?, ?, ?, ?, ?, ?, ?, ?, ?, ?, ?, ?, ?, ?, ?, ?, ?, ?, ?, ?, ?)
2021-03-12 14:34:02.325 TRACE 43004 --- [    Test worker] o.h.type.descriptor.sql.BasicBinder      : binding parameter [1] as [TIMESTAMP] - [2021-03-12T14:34:02.274399700]
2021-03-12 14:34:02.326 TRACE 43004 --- [    Test worker] o.h.type.descriptor.sql.BasicBinder      : binding parameter [2] as [TIMESTAMP] - [2021-03-12T14:34:02.274399700]
2021-03-12 14:34:02.326 TRACE 43004 --- [    Test worker] o.h.type.descriptor.sql.BasicBinder      : binding parameter [3] as [VARCHAR] - [null]
2021-03-12 14:34:02.326 TRACE 43004 --- [    Test worker] o.h.type.descriptor.sql.BasicBinder      : binding parameter [4] as [VARCHAR] - [epepep@email.com]
2021-03-12 14:34:02.326 TRACE 43004 --- [    Test worker] o.h.type.descriptor.sql.BasicBinder      : binding parameter [5] as [VARCHAR] - [d5def185-39a9-4f1e-ab0a-f8012578bf51]
2021-03-12 14:34:02.326 TRACE 43004 --- [    Test worker] o.h.type.descriptor.sql.BasicBinder      : binding parameter [6] as [TIMESTAMP] - [2021-03-12T14:34:02.272399300]
2021-03-12 14:34:02.326 TRACE 43004 --- [    Test worker] o.h.type.descriptor.sql.BasicBinder      : binding parameter [7] as [BOOLEAN] - [false]
2021-03-12 14:34:02.327 TRACE 43004 --- [    Test worker] o.h.type.descriptor.sql.BasicBinder      : binding parameter [8] as [BOOLEAN] - [false]
2021-03-12 14:34:02.327 TRACE 43004 --- [    Test worker] o.h.type.descriptor.sql.BasicBinder      : binding parameter [9] as [TIMESTAMP] - [2021-03-12T14:34:02.272399300]
2021-03-12 14:34:02.327 TRACE 43004 --- [    Test worker] o.h.type.descriptor.sql.BasicBinder      : binding parameter [10] as [BIGINT] - [null]
2021-03-12 14:34:02.327 TRACE 43004 --- [    Test worker] o.h.type.descriptor.sql.BasicBinder      : binding parameter [11] as [VARCHAR] - [epepep]
2021-03-12 14:34:02.327 TRACE 43004 --- [    Test worker] o.h.type.descriptor.sql.BasicBinder      : binding parameter [12] as [VARCHAR] - [null]
2021-03-12 14:34:02.327 TRACE 43004 --- [    Test worker] o.h.type.descriptor.sql.BasicBinder      : binding parameter [13] as [VARCHAR] - [{bcrypt}$2a$10$oIFP0z4jzOSKl3O00/DZIuTAHUxgjthCbeZT4FLRENxrn9IVrXUNS]
2021-03-12 14:34:02.328 TRACE 43004 --- [    Test worker] o.h.type.descriptor.sql.BasicBinder      : binding parameter [14] as [CLOB] - [null]
2021-03-12 14:34:02.328 TRACE 43004 --- [    Test worker] o.h.type.descriptor.sql.BasicBinder      : binding parameter [15] as [BOOLEAN] - [false]
2021-03-12 14:34:02.328 TRACE 43004 --- [    Test worker] o.h.type.descriptor.sql.BasicBinder      : binding parameter [16] as [BOOLEAN] - [true]
2021-03-12 14:34:02.328 TRACE 43004 --- [    Test worker] o.h.type.descriptor.sql.BasicBinder      : binding parameter [17] as [BOOLEAN] - [false]
2021-03-12 14:34:02.329 TRACE 43004 --- [    Test worker] o.h.type.descriptor.sql.BasicBinder      : binding parameter [18] as [BOOLEAN] - [true]
2021-03-12 14:34:02.329 TRACE 43004 --- [    Test worker] o.h.type.descriptor.sql.BasicBinder      : binding parameter [19] as [BOOLEAN] - [false]
2021-03-12 14:34:02.329 TRACE 43004 --- [    Test worker] o.h.type.descriptor.sql.BasicBinder      : binding parameter [20] as [BOOLEAN] - [true]
2021-03-12 14:34:02.329 TRACE 43004 --- [    Test worker] o.h.type.descriptor.sql.BasicBinder      : binding parameter [21] as [VARCHAR] - [null]
2021-03-12 14:34:02.329 TRACE 43004 --- [    Test worker] o.h.type.descriptor.sql.BasicBinder      : binding parameter [22] as [BIGINT] - [19]
2021-03-12 14:34:02.388 DEBUG 43004 --- [    Test worker] org.hibernate.SQL                        : 
    insert 
    into
        member_role_set
        (member_id, role_set) 
    values
        (?, ?)
2021-03-12 14:34:02.389 TRACE 43004 --- [    Test worker] o.h.type.descriptor.sql.BasicBinder      : binding parameter [1] as [BIGINT] - [19]
2021-03-12 14:34:02.389 TRACE 43004 --- [    Test worker] o.h.type.descriptor.sql.BasicBinder      : binding parameter [2] as [VARCHAR] - [USER]
2021-03-12 14:34:02.443 DEBUG 43004 --- [    Test worker] org.hibernate.SQL                        : 
    select
        member0_.id as id1_3_,
        member0_.moddate as moddate2_3_,
        member0_.regdate as regdate3_3_,
        member0_.bio as bio4_3_,
        member0_.email as email5_3_,
        member0_.email_check_token as email_ch6_3_,
        member0_.email_check_token_generated_at as email_ch7_3_,
        member0_.email_verified as email_ve8_3_,
        member0_.from_social as from_soc9_3_,
        member0_.joined_at as joined_10_3_,
        member0_.loc_id as loc_id22_3_,
        member0_.nickname as nicknam11_3_,
        member0_.occupation as occupat12_3_,
        member0_.password as passwor13_3_,
        member0_.profile_image as profile14_3_,
        member0_.roadmap_created_by_email as roadmap15_3_,
        member0_.roadmap_created_by_web as roadmap16_3_,
        member0_.roadmap_enrollment_result_by_email as roadmap17_3_,
        member0_.roadmap_enrollment_result_by_web as roadmap18_3_,
        member0_.roadmap_updated_by_email as roadmap19_3_,
        member0_.roadmap_updated_by_web as roadmap20_3_,
        member0_.url as url21_3_ 
    from
        member member0_ 
    where
        member0_.email=?
2021-03-12 14:34:02.444 TRACE 43004 --- [    Test worker] o.h.type.descriptor.sql.BasicBinder      : binding parameter [1] as [VARCHAR] - [epepep]
2021-03-12 14:34:02.628 DEBUG 43004 --- [    Test worker] org.hibernate.SQL                        : 
    select
        member0_.id as id1_3_,
        member0_.moddate as moddate2_3_,
        member0_.regdate as regdate3_3_,
        member0_.bio as bio4_3_,
        member0_.email as email5_3_,
        member0_.email_check_token as email_ch6_3_,
        member0_.email_check_token_generated_at as email_ch7_3_,
        member0_.email_verified as email_ve8_3_,
        member0_.from_social as from_soc9_3_,
        member0_.joined_at as joined_10_3_,
        member0_.loc_id as loc_id22_3_,
        member0_.nickname as nicknam11_3_,
        member0_.occupation as occupat12_3_,
        member0_.password as passwor13_3_,
        member0_.profile_image as profile14_3_,
        member0_.roadmap_created_by_email as roadmap15_3_,
        member0_.roadmap_created_by_web as roadmap16_3_,
        member0_.roadmap_enrollment_result_by_email as roadmap17_3_,
        member0_.roadmap_enrollment_result_by_web as roadmap18_3_,
        member0_.roadmap_updated_by_email as roadmap19_3_,
        member0_.roadmap_updated_by_web as roadmap20_3_,
        member0_.url as url21_3_ 
    from
        member member0_ 
    where
        member0_.nickname=?
2021-03-12 14:34:02.629 TRACE 43004 --- [    Test worker] o.h.type.descriptor.sql.BasicBinder      : binding parameter [1] as [VARCHAR] - [epepep]
2021-03-12 14:34:02.683 DEBUG 43004 --- [    Test worker] org.hibernate.SQL                        : 
    select
        member0_.id as id1_3_,
        member0_.moddate as moddate2_3_,
        member0_.regdate as regdate3_3_,
        member0_.bio as bio4_3_,
        member0_.email as email5_3_,
        member0_.email_check_token as email_ch6_3_,
        member0_.email_check_token_generated_at as email_ch7_3_,
        member0_.email_verified as email_ve8_3_,
        member0_.from_social as from_soc9_3_,
        member0_.joined_at as joined_10_3_,
        member0_.loc_id as loc_id22_3_,
        member0_.nickname as nicknam11_3_,
        member0_.occupation as occupat12_3_,
        member0_.password as passwor13_3_,
        member0_.profile_image as profile14_3_,
        member0_.roadmap_created_by_email as roadmap15_3_,
        member0_.roadmap_created_by_web as roadmap16_3_,
        member0_.roadmap_enrollment_result_by_email as roadmap17_3_,
        member0_.roadmap_enrollment_result_by_web as roadmap18_3_,
        member0_.roadmap_updated_by_email as roadmap19_3_,
        member0_.roadmap_updated_by_web as roadmap20_3_,
        member0_.url as url21_3_ 
    from
        member member0_ 
    where
        member0_.nickname=?
2021-03-12 14:34:02.683 TRACE 43004 --- [    Test worker] o.h.type.descriptor.sql.BasicBinder      : binding parameter [1] as [VARCHAR] - [epepep]
2021-03-12 14:34:02.732 DEBUG 43004 --- [    Test worker] org.hibernate.SQL                        : 
    select
        member0_.id as id1_3_0_,
        roadmap2_.id as id1_14_1_,
        member0_.moddate as moddate2_3_0_,
        member0_.regdate as regdate3_3_0_,
        member0_.bio as bio4_3_0_,
        member0_.email as email5_3_0_,
        member0_.email_check_token as email_ch6_3_0_,
        member0_.email_check_token_generated_at as email_ch7_3_0_,
        member0_.email_verified as email_ve8_3_0_,
        member0_.from_social as from_soc9_3_0_,
        member0_.joined_at as joined_10_3_0_,
        member0_.loc_id as loc_id22_3_0_,
        member0_.nickname as nicknam11_3_0_,
        member0_.occupation as occupat12_3_0_,
        member0_.password as passwor13_3_0_,
        member0_.profile_image as profile14_3_0_,
        member0_.roadmap_created_by_email as roadmap15_3_0_,
        member0_.roadmap_created_by_web as roadmap16_3_0_,
        member0_.roadmap_enrollment_result_by_email as roadmap17_3_0_,
        member0_.roadmap_enrollment_result_by_web as roadmap18_3_0_,
        member0_.roadmap_updated_by_email as roadmap19_3_0_,
        member0_.roadmap_updated_by_web as roadmap20_3_0_,
        member0_.url as url21_3_0_,
        roadmap2_.moddate as moddate2_14_1_,
        roadmap2_.regdate as regdate3_14_1_,
        roadmap2_.closed as closed4_14_1_,
        roadmap2_.closed_date_time as closed_d5_14_1_,
        roadmap2_.complete as complete6_14_1_,
        roadmap2_.full_description as full_des7_14_1_,
        roadmap2_.image as image8_14_1_,
        roadmap2_.milestone as mileston9_14_1_,
        roadmap2_.owner_id as owner_i19_14_1_,
        roadmap2_.path as path10_14_1_,
        roadmap2_.progress as progres11_14_1_,
        roadmap2_.published as publish12_14_1_,
        roadmap2_.published_date_time as publish13_14_1_,
        roadmap2_.recruiting as recruit14_14_1_,
        roadmap2_.recruiting_updated_date_time as recruit15_14_1_,
        roadmap2_.short_description as short_d16_14_1_,
        roadmap2_.title as title17_14_1_,
        roadmap2_.use_banner as use_ban18_14_1_,
        roadmaps1_.members_id as members_2_15_0__,
        roadmaps1_.roadmaps_id as roadmaps1_15_0__ 
    from
        member member0_ 
    left outer join
        roadmap_members roadmaps1_ 
            on member0_.id=roadmaps1_.members_id 
    left outer join
        roadmap roadmap2_ 
            on roadmaps1_.roadmaps_id=roadmap2_.id 
    where
        member0_.nickname=?
2021-03-12 14:34:02.733 TRACE 43004 --- [    Test worker] o.h.type.descriptor.sql.BasicBinder      : binding parameter [1] as [VARCHAR] - [epepep]
2021-03-12 14:34:02.788 DEBUG 43004 --- [    Test worker] org.hibernate.SQL                        : 
    insert 
    into
        roadmap
        (moddate, regdate, closed, closed_date_time, complete, full_description, image, milestone, owner_id, path, progress, published, published_date_time, recruiting, recruiting_updated_date_time, short_description, title, use_banner) 
    values
        (?, ?, ?, ?, ?, ?, ?, ?, ?, ?, ?, ?, ?, ?, ?, ?, ?, ?)
2021-03-12 14:34:02.789 TRACE 43004 --- [    Test worker] o.h.type.descriptor.sql.BasicBinder      : binding parameter [1] as [TIMESTAMP] - [2021-03-12T14:34:02.788406900]
2021-03-12 14:34:02.789 TRACE 43004 --- [    Test worker] o.h.type.descriptor.sql.BasicBinder      : binding parameter [2] as [TIMESTAMP] - [2021-03-12T14:34:02.788406900]
2021-03-12 14:34:02.789 TRACE 43004 --- [    Test worker] o.h.type.descriptor.sql.BasicBinder      : binding parameter [3] as [BOOLEAN] - [false]
2021-03-12 14:34:02.789 TRACE 43004 --- [    Test worker] o.h.type.descriptor.sql.BasicBinder      : binding parameter [4] as [TIMESTAMP] - [null]
2021-03-12 14:34:02.789 TRACE 43004 --- [    Test worker] o.h.type.descriptor.sql.BasicBinder      : binding parameter [5] as [BOOLEAN] - [false]
2021-03-12 14:34:02.789 TRACE 43004 --- [    Test worker] o.h.type.descriptor.sql.BasicBinder      : binding parameter [6] as [CLOB] - [full description]
2021-03-12 14:34:02.975 TRACE 43004 --- [    Test worker] o.h.type.descriptor.sql.BasicBinder      : binding parameter [7] as [CLOB] - [null]
2021-03-12 14:34:02.975 TRACE 43004 --- [    Test worker] o.h.type.descriptor.sql.BasicBinder      : binding parameter [8] as [TIMESTAMP] - [null]
2021-03-12 14:34:02.975 TRACE 43004 --- [    Test worker] o.h.type.descriptor.sql.BasicBinder      : binding parameter [9] as [BIGINT] - [19]
2021-03-12 14:34:02.976 TRACE 43004 --- [    Test worker] o.h.type.descriptor.sql.BasicBinder      : binding parameter [10] as [VARCHAR] - [/path]
2021-03-12 14:34:02.976 TRACE 43004 --- [    Test worker] o.h.type.descriptor.sql.BasicBinder      : binding parameter [11] as [DOUBLE] - [null]
2021-03-12 14:34:02.976 TRACE 43004 --- [    Test worker] o.h.type.descriptor.sql.BasicBinder      : binding parameter [12] as [BOOLEAN] - [false]
2021-03-12 14:34:02.976 TRACE 43004 --- [    Test worker] o.h.type.descriptor.sql.BasicBinder      : binding parameter [13] as [TIMESTAMP] - [null]
2021-03-12 14:34:02.976 TRACE 43004 --- [    Test worker] o.h.type.descriptor.sql.BasicBinder      : binding parameter [14] as [BOOLEAN] - [false]
2021-03-12 14:34:02.976 TRACE 43004 --- [    Test worker] o.h.type.descriptor.sql.BasicBinder      : binding parameter [15] as [TIMESTAMP] - [null]
2021-03-12 14:34:02.977 TRACE 43004 --- [    Test worker] o.h.type.descriptor.sql.BasicBinder      : binding parameter [16] as [VARCHAR] - [short description]
2021-03-12 14:34:02.977 TRACE 43004 --- [    Test worker] o.h.type.descriptor.sql.BasicBinder      : binding parameter [17] as [VARCHAR] - [title]
2021-03-12 14:34:02.977 TRACE 43004 --- [    Test worker] o.h.type.descriptor.sql.BasicBinder      : binding parameter [18] as [BOOLEAN] - [false]
2021-03-12 14:34:03.021 DEBUG 43004 --- [    Test worker] org.hibernate.SQL                        : 
    insert 
    into
        stage
        (moddate, regdate, complete, head, ord, roadmap_id, tail, title) 
    values
        (?, ?, ?, ?, ?, ?, ?, ?)
2021-03-12 14:34:03.021 TRACE 43004 --- [    Test worker] o.h.type.descriptor.sql.BasicBinder      : binding parameter [1] as [TIMESTAMP] - [2021-03-12T14:34:03.021400400]
2021-03-12 14:34:03.022 TRACE 43004 --- [    Test worker] o.h.type.descriptor.sql.BasicBinder      : binding parameter [2] as [TIMESTAMP] - [2021-03-12T14:34:03.021400400]
2021-03-12 14:34:03.022 TRACE 43004 --- [    Test worker] o.h.type.descriptor.sql.BasicBinder      : binding parameter [3] as [BOOLEAN] - [false]
2021-03-12 14:34:03.022 TRACE 43004 --- [    Test worker] o.h.type.descriptor.sql.BasicBinder      : binding parameter [4] as [BOOLEAN] - [true]
2021-03-12 14:34:03.022 TRACE 43004 --- [    Test worker] o.h.type.descriptor.sql.BasicBinder      : binding parameter [5] as [INTEGER] - [1]
2021-03-12 14:34:03.022 TRACE 43004 --- [    Test worker] o.h.type.descriptor.sql.BasicBinder      : binding parameter [6] as [BIGINT] - [7]
2021-03-12 14:34:03.022 TRACE 43004 --- [    Test worker] o.h.type.descriptor.sql.BasicBinder      : binding parameter [7] as [BOOLEAN] - [true]
2021-03-12 14:34:03.022 TRACE 43004 --- [    Test worker] o.h.type.descriptor.sql.BasicBinder      : binding parameter [8] as [VARCHAR] - [1단계]
2021-03-12 14:34:03.066 DEBUG 43004 --- [    Test worker] org.hibernate.SQL                        : 
    insert 
    into
        node
        (moddate, regdate, complete, node_type, parent_id, read, short_description, stage_id, text, title, url) 
    values
        (?, ?, ?, ?, ?, ?, ?, ?, ?, ?, ?)
2021-03-12 14:34:03.066 TRACE 43004 --- [    Test worker] o.h.type.descriptor.sql.BasicBinder      : binding parameter [1] as [TIMESTAMP] - [2021-03-12T14:34:03.065398600]
2021-03-12 14:34:03.066 TRACE 43004 --- [    Test worker] o.h.type.descriptor.sql.BasicBinder      : binding parameter [2] as [TIMESTAMP] - [2021-03-12T14:34:03.065398600]
2021-03-12 14:34:03.066 TRACE 43004 --- [    Test worker] o.h.type.descriptor.sql.BasicBinder      : binding parameter [3] as [BOOLEAN] - [false]
2021-03-12 14:34:03.066 TRACE 43004 --- [    Test worker] o.h.type.descriptor.sql.BasicBinder      : binding parameter [4] as [VARCHAR] - [post]
2021-03-12 14:34:03.066 TRACE 43004 --- [    Test worker] o.h.type.descriptor.sql.BasicBinder      : binding parameter [5] as [BIGINT] - [null]
2021-03-12 14:34:03.066 TRACE 43004 --- [    Test worker] o.h.type.descriptor.sql.BasicBinder      : binding parameter [6] as [BOOLEAN] - [false]
2021-03-12 14:34:03.066 TRACE 43004 --- [    Test worker] o.h.type.descriptor.sql.BasicBinder      : binding parameter [7] as [VARCHAR] - [null]
2021-03-12 14:34:03.067 TRACE 43004 --- [    Test worker] o.h.type.descriptor.sql.BasicBinder      : binding parameter [8] as [BIGINT] - [26]
2021-03-12 14:34:03.067 TRACE 43004 --- [    Test worker] o.h.type.descriptor.sql.BasicBinder      : binding parameter [9] as [VARCHAR] - [null]
2021-03-12 14:34:03.067 TRACE 43004 --- [    Test worker] o.h.type.descriptor.sql.BasicBinder      : binding parameter [10] as [VARCHAR] - [노드 제목]
2021-03-12 14:34:03.067 TRACE 43004 --- [    Test worker] o.h.type.descriptor.sql.BasicBinder      : binding parameter [11] as [VARCHAR] - [null]
2021-03-12 14:34:03.121  INFO 43004 --- [    Test worker] com.roadmap.filter.ApiCheckFilter        : REQUESTURI : /new-post/11
2021-03-12 14:34:03.121  INFO 43004 --- [    Test worker] com.roadmap.filter.ApiCheckFilter        : false
2021-03-12 14:34:03.125 DEBUG 43004 --- [    Test worker] org.hibernate.SQL                        : 
    select
        post0_.id as id1_11_,
        post0_.content as content2_11_,
        post0_.description as descript3_11_,
        post0_.node_id as node_id5_11_,
        post0_.title as title4_11_,
        post0_.writer_id as writer_i6_11_ 
    from
        post post0_ 
    left outer join
        node node1_ 
            on post0_.node_id=node1_.id 
    where
        node1_.id=?
2021-03-12 14:34:03.125 TRACE 43004 --- [    Test worker] o.h.type.descriptor.sql.BasicBinder      : binding parameter [1] as [BIGINT] - [11]
2021-03-12 14:34:03.170 DEBUG 43004 --- [    Test worker] org.hibernate.SQL                        : 
    insert 
    into
        post
        (content, description, node_id, title, writer_id) 
    values
        (?, ?, ?, ?, ?)
2021-03-12 14:34:03.170 TRACE 43004 --- [    Test worker] o.h.type.descriptor.sql.BasicBinder      : binding parameter [1] as [CLOB] - [null]
2021-03-12 14:34:03.170 TRACE 43004 --- [    Test worker] o.h.type.descriptor.sql.BasicBinder      : binding parameter [2] as [VARCHAR] - [null]
2021-03-12 14:34:03.170 TRACE 43004 --- [    Test worker] o.h.type.descriptor.sql.BasicBinder      : binding parameter [3] as [BIGINT] - [11]
2021-03-12 14:34:03.171 TRACE 43004 --- [    Test worker] o.h.type.descriptor.sql.BasicBinder      : binding parameter [4] as [VARCHAR] - [null]
2021-03-12 14:34:03.171 TRACE 43004 --- [    Test worker] o.h.type.descriptor.sql.BasicBinder      : binding parameter [5] as [BIGINT] - [null]
2021-03-12 14:34:03.221 DEBUG 43004 --- [    Test worker] org.hibernate.SQL                        : 
    select
        tag0_.id as id1_21_,
        tag0_.moddate as moddate2_21_,
        tag0_.regdate as regdate3_21_,
        tag0_.title as title4_21_ 
    from
        tag tag0_
2021-03-12 14:34:03.291  INFO 43004 --- [    Test worker] com.roadmap.filter.ApiCheckFilter        : REQUESTURI : /new-post/11
2021-03-12 14:34:03.292  INFO 43004 --- [    Test worker] com.roadmap.filter.ApiCheckFilter        : false
2021-03-12 14:34:03.361 DEBUG 43004 --- [    Test worker] org.hibernate.SQL                        : 
    select
        post0_.id as id1_11_,
        post0_.content as content2_11_,
        post0_.description as descript3_11_,
        post0_.node_id as node_id5_11_,
        post0_.title as title4_11_,
        post0_.writer_id as writer_i6_11_ 
    from
        post post0_ 
    left outer join
        node node1_ 
            on post0_.node_id=node1_.id 
    where
        node1_.id=?
2021-03-12 14:34:03.361 TRACE 43004 --- [    Test worker] o.h.type.descriptor.sql.BasicBinder      : binding parameter [1] as [BIGINT] - [11]
2021-03-12 14:34:03.698 DEBUG 43004 --- [    Test worker] org.hibernate.SQL                        : 
    select
        member0_.id as id1_3_,
        member0_.moddate as moddate2_3_,
        member0_.regdate as regdate3_3_,
        member0_.bio as bio4_3_,
        member0_.email as email5_3_,
        member0_.email_check_token as email_ch6_3_,
        member0_.email_check_token_generated_at as email_ch7_3_,
        member0_.email_verified as email_ve8_3_,
        member0_.from_social as from_soc9_3_,
        member0_.joined_at as joined_10_3_,
        member0_.loc_id as loc_id22_3_,
        member0_.nickname as nicknam11_3_,
        member0_.occupation as occupat12_3_,
        member0_.password as passwor13_3_,
        member0_.profile_image as profile14_3_,
        member0_.roadmap_created_by_email as roadmap15_3_,
        member0_.roadmap_created_by_web as roadmap16_3_,
        member0_.roadmap_enrollment_result_by_email as roadmap17_3_,
        member0_.roadmap_enrollment_result_by_web as roadmap18_3_,
        member0_.roadmap_updated_by_email as roadmap19_3_,
        member0_.roadmap_updated_by_web as roadmap20_3_,
        member0_.url as url21_3_ 
    from
        member member0_ 
    where
        member0_.nickname=?
2021-03-12 14:34:03.699 TRACE 43004 --- [    Test worker] o.h.type.descriptor.sql.BasicBinder      : binding parameter [1] as [VARCHAR] - [epepep]
2021-03-12 14:34:03.762 DEBUG 43004 --- [    Test worker] org.hibernate.SQL                        : 
    update
        post 
    set
        content=?,
        description=?,
        node_id=?,
        title=?,
        writer_id=? 
    where
        id=?
2021-03-12 14:34:03.762 TRACE 43004 --- [    Test worker] o.h.type.descriptor.sql.BasicBinder      : binding parameter [1] as [CLOB] - [내용]
2021-03-12 14:34:03.935 TRACE 43004 --- [    Test worker] o.h.type.descriptor.sql.BasicBinder      : binding parameter [2] as [VARCHAR] - [설명]
2021-03-12 14:34:03.935 TRACE 43004 --- [    Test worker] o.h.type.descriptor.sql.BasicBinder      : binding parameter [3] as [BIGINT] - [11]
2021-03-12 14:34:03.936 TRACE 43004 --- [    Test worker] o.h.type.descriptor.sql.BasicBinder      : binding parameter [4] as [VARCHAR] - [제목]
2021-03-12 14:34:03.936 TRACE 43004 --- [    Test worker] o.h.type.descriptor.sql.BasicBinder      : binding parameter [5] as [BIGINT] - [19]
2021-03-12 14:34:03.936 TRACE 43004 --- [    Test worker] o.h.type.descriptor.sql.BasicBinder      : binding parameter [6] as [BIGINT] - [5]
2021-03-12 14:34:03.988 DEBUG 43004 --- [    Test worker] org.hibernate.SQL                        : 
    insert 
    into
        member_posts
        (member_id, posts_id) 
    values
        (?, ?)
2021-03-12 14:34:03.989 TRACE 43004 --- [    Test worker] o.h.type.descriptor.sql.BasicBinder      : binding parameter [1] as [BIGINT] - [19]
2021-03-12 14:34:03.990 TRACE 43004 --- [    Test worker] o.h.type.descriptor.sql.BasicBinder      : binding parameter [2] as [BIGINT] - [5]
2021-03-12 14:34:04.035 DEBUG 43004 --- [    Test worker] org.hibernate.SQL                        : 
    insert 
    into
        roadmap_members
        (roadmaps_id, members_id) 
    values
        (?, ?)
2021-03-12 14:34:04.035 TRACE 43004 --- [    Test worker] o.h.type.descriptor.sql.BasicBinder      : binding parameter [1] as [BIGINT] - [7]
2021-03-12 14:34:04.035 TRACE 43004 --- [    Test worker] o.h.type.descriptor.sql.BasicBinder      : binding parameter [2] as [BIGINT] - [19]
2021-03-12 14:34:04.083 DEBUG 43004 --- [    Test worker] org.hibernate.SQL                        : 
    insert 
    into
        roadmap_stage_list
        (roadmap_id, stage_list_id) 
    values
        (?, ?)
2021-03-12 14:34:04.084 TRACE 43004 --- [    Test worker] o.h.type.descriptor.sql.BasicBinder      : binding parameter [1] as [BIGINT] - [7]
2021-03-12 14:34:04.084 TRACE 43004 --- [    Test worker] o.h.type.descriptor.sql.BasicBinder      : binding parameter [2] as [BIGINT] - [26]
2021-03-12 14:34:04.130 DEBUG 43004 --- [    Test worker] org.hibernate.SQL                        : 
    select
        post0_.id as id1_11_,
        post0_.content as content2_11_,
        post0_.description as descript3_11_,
        post0_.node_id as node_id5_11_,
        post0_.title as title4_11_,
        post0_.writer_id as writer_i6_11_ 
    from
        post post0_ 
    left outer join
        node node1_ 
            on post0_.node_id=node1_.id 
    where
        node1_.id=?
2021-03-12 14:34:04.130 TRACE 43004 --- [    Test worker] o.h.type.descriptor.sql.BasicBinder      : binding parameter [1] as [BIGINT] - [11]
2021-03-12 14:34:04.228  INFO 43004 --- [    Test worker] o.s.t.c.transaction.TransactionContext   : Rolled back transaction for test: [DefaultTestContext@6f5b8abc testClass = PostControllerTest, testInstance = com.roadmap.post.PostControllerTest@413300d2, testMethod = newPostFormSubmit_correct@PostControllerTest, testException = [null], mergedContextConfiguration = [WebMergedContextConfiguration@34a0ce9d testClass = PostControllerTest, locations = '{}', classes = '{class com.roadmap.CoreApplication}', contextInitializerClasses = '[]', activeProfiles = '{}', propertySourceLocations = '{}', propertySourceProperties = '{org.springframework.boot.test.context.SpringBootTestContextBootstrapper=true}', contextCustomizers = set[org.springframework.boot.test.autoconfigure.properties.PropertyMappingContextCustomizer@4b3fa0b3, org.springframework.boot.test.autoconfigure.web.servlet.WebDriverContextCustomizerFactory$Customizer@36f3985, [ImportsContextCustomizer@611f150d key = [org.springframework.boot.test.autoconfigure.web.servlet.MockMvcAutoConfiguration, org.springframework.boot.test.autoconfigure.web.servlet.MockMvcWebClientAutoConfiguration, org.springframework.boot.test.autoconfigure.web.servlet.MockMvcWebDriverAutoConfiguration, org.springframework.boot.autoconfigure.security.oauth2.client.servlet.OAuth2ClientAutoConfiguration, org.springframework.boot.autoconfigure.security.oauth2.resource.servlet.OAuth2ResourceServerAutoConfiguration, org.springframework.boot.autoconfigure.security.servlet.SecurityAutoConfiguration, org.springframework.boot.autoconfigure.security.servlet.SecurityFilterAutoConfiguration, org.springframework.boot.autoconfigure.security.servlet.UserDetailsServiceAutoConfiguration, org.springframework.boot.test.autoconfigure.web.servlet.MockMvcSecurityConfiguration]], org.springframework.boot.test.context.filter.ExcludeFilterContextCustomizer@465bc06d, org.springframework.boot.test.json.DuplicateJsonObjectContextCustomizerFactory$DuplicateJsonObjectContextCustomizer@7bb6418b, org.springframework.boot.test.mock.mockito.MockitoContextCustomizer@0, org.springframework.boot.test.web.client.TestRestTemplateContextCustomizer@23d4aa12, org.springframework.boot.test.context.SpringBootTestArgs@1, org.springframework.boot.test.context.SpringBootTestWebEnvironment@3db94553], resourceBasePath = 'src/main/webapp', contextLoader = 'org.springframework.boot.test.context.SpringBootContextLoader', parent = [null]], attributes = map['org.springframework.test.context.web.ServletTestExecutionListener.activateListener' -> true, 'org.springframework.test.context.web.ServletTestExecutionListener.populatedRequestContextHolder' -> true, 'org.springframework.test.context.web.ServletTestExecutionListener.resetRequestContextHolder' -> true]]
2021-03-12 14:34:04.232  INFO 43004 --- [    Test worker] o.s.t.c.transaction.TransactionContext   : Began transaction (1) for test context [DefaultTestContext@6f5b8abc testClass = PostControllerTest, testInstance = com.roadmap.post.PostControllerTest@31e6c781, testMethod = newPostAddTag_correct@PostControllerTest, testException = [null], mergedContextConfiguration = [WebMergedContextConfiguration@34a0ce9d testClass = PostControllerTest, locations = '{}', classes = '{class com.roadmap.CoreApplication}', contextInitializerClasses = '[]', activeProfiles = '{}', propertySourceLocations = '{}', propertySourceProperties = '{org.springframework.boot.test.context.SpringBootTestContextBootstrapper=true}', contextCustomizers = set[org.springframework.boot.test.autoconfigure.properties.PropertyMappingContextCustomizer@4b3fa0b3, org.springframework.boot.test.autoconfigure.web.servlet.WebDriverContextCustomizerFactory$Customizer@36f3985, [ImportsContextCustomizer@611f150d key = [org.springframework.boot.test.autoconfigure.web.servlet.MockMvcAutoConfiguration, org.springframework.boot.test.autoconfigure.web.servlet.MockMvcWebClientAutoConfiguration, org.springframework.boot.test.autoconfigure.web.servlet.MockMvcWebDriverAutoConfiguration, org.springframework.boot.autoconfigure.security.oauth2.client.servlet.OAuth2ClientAutoConfiguration, org.springframework.boot.autoconfigure.security.oauth2.resource.servlet.OAuth2ResourceServerAutoConfiguration, org.springframework.boot.autoconfigure.security.servlet.SecurityAutoConfiguration, org.springframework.boot.autoconfigure.security.servlet.SecurityFilterAutoConfiguration, org.springframework.boot.autoconfigure.security.servlet.UserDetailsServiceAutoConfiguration, org.springframework.boot.test.autoconfigure.web.servlet.MockMvcSecurityConfiguration]], org.springframework.boot.test.context.filter.ExcludeFilterContextCustomizer@465bc06d, org.springframework.boot.test.json.DuplicateJsonObjectContextCustomizerFactory$DuplicateJsonObjectContextCustomizer@7bb6418b, org.springframework.boot.test.mock.mockito.MockitoContextCustomizer@0, org.springframework.boot.test.web.client.TestRestTemplateContextCustomizer@23d4aa12, org.springframework.boot.test.context.SpringBootTestArgs@1, org.springframework.boot.test.context.SpringBootTestWebEnvironment@3db94553], resourceBasePath = 'src/main/webapp', contextLoader = 'org.springframework.boot.test.context.SpringBootContextLoader', parent = [null]], attributes = map['org.springframework.test.context.web.ServletTestExecutionListener.activateListener' -> true, 'org.springframework.test.context.web.ServletTestExecutionListener.populatedRequestContextHolder' -> true, 'org.springframework.test.context.web.ServletTestExecutionListener.resetRequestContextHolder' -> true]]; transaction manager [org.springframework.orm.jpa.JpaTransactionManager@3a25d063]; rollback [true]
2021-03-12 14:34:04.355  INFO 43004 --- [    Test worker] com.roadmap.service.MemberService        : email send signup confirm Email link : /check-email-token?token=d0df9275-feb5-48fe-a55c-2f1bd2844b61&email=epepep@email.com
2021-03-12 14:34:04.358 DEBUG 43004 --- [    Test worker] org.hibernate.SQL                        : 
    select
        nextval ('hibernate_sequence')
2021-03-12 14:34:04.408 DEBUG 43004 --- [    Test worker] org.hibernate.SQL                        : 
    insert 
    into
        member
        (moddate, regdate, bio, email, email_check_token, email_check_token_generated_at, email_verified, from_social, joined_at, loc_id, nickname, occupation, password, profile_image, roadmap_created_by_email, roadmap_created_by_web, roadmap_enrollment_result_by_email, roadmap_enrollment_result_by_web, roadmap_updated_by_email, roadmap_updated_by_web, url, id) 
    values
        (?, ?, ?, ?, ?, ?, ?, ?, ?, ?, ?, ?, ?, ?, ?, ?, ?, ?, ?, ?, ?, ?)
2021-03-12 14:34:04.409 TRACE 43004 --- [    Test worker] o.h.type.descriptor.sql.BasicBinder      : binding parameter [1] as [TIMESTAMP] - [2021-03-12T14:34:04.357398600]
2021-03-12 14:34:04.409 TRACE 43004 --- [    Test worker] o.h.type.descriptor.sql.BasicBinder      : binding parameter [2] as [TIMESTAMP] - [2021-03-12T14:34:04.357398600]
2021-03-12 14:34:04.410 TRACE 43004 --- [    Test worker] o.h.type.descriptor.sql.BasicBinder      : binding parameter [3] as [VARCHAR] - [null]
2021-03-12 14:34:04.410 TRACE 43004 --- [    Test worker] o.h.type.descriptor.sql.BasicBinder      : binding parameter [4] as [VARCHAR] - [epepep@email.com]
2021-03-12 14:34:04.410 TRACE 43004 --- [    Test worker] o.h.type.descriptor.sql.BasicBinder      : binding parameter [5] as [VARCHAR] - [d0df9275-feb5-48fe-a55c-2f1bd2844b61]
2021-03-12 14:34:04.410 TRACE 43004 --- [    Test worker] o.h.type.descriptor.sql.BasicBinder      : binding parameter [6] as [TIMESTAMP] - [2021-03-12T14:34:04.353397200]
2021-03-12 14:34:04.410 TRACE 43004 --- [    Test worker] o.h.type.descriptor.sql.BasicBinder      : binding parameter [7] as [BOOLEAN] - [false]
2021-03-12 14:34:04.410 TRACE 43004 --- [    Test worker] o.h.type.descriptor.sql.BasicBinder      : binding parameter [8] as [BOOLEAN] - [false]
2021-03-12 14:34:04.410 TRACE 43004 --- [    Test worker] o.h.type.descriptor.sql.BasicBinder      : binding parameter [9] as [TIMESTAMP] - [2021-03-12T14:34:04.353397200]
2021-03-12 14:34:04.411 TRACE 43004 --- [    Test worker] o.h.type.descriptor.sql.BasicBinder      : binding parameter [10] as [BIGINT] - [null]
2021-03-12 14:34:04.411 TRACE 43004 --- [    Test worker] o.h.type.descriptor.sql.BasicBinder      : binding parameter [11] as [VARCHAR] - [epepep]
2021-03-12 14:34:04.411 TRACE 43004 --- [    Test worker] o.h.type.descriptor.sql.BasicBinder      : binding parameter [12] as [VARCHAR] - [null]
2021-03-12 14:34:04.411 TRACE 43004 --- [    Test worker] o.h.type.descriptor.sql.BasicBinder      : binding parameter [13] as [VARCHAR] - [{bcrypt}$2a$10$GDkE6cyJWhkb60rS.1d1qufGOBoTU0mtCz208blH6Ig.4CvL7biXe]
2021-03-12 14:34:04.411 TRACE 43004 --- [    Test worker] o.h.type.descriptor.sql.BasicBinder      : binding parameter [14] as [CLOB] - [null]
2021-03-12 14:34:04.411 TRACE 43004 --- [    Test worker] o.h.type.descriptor.sql.BasicBinder      : binding parameter [15] as [BOOLEAN] - [false]
2021-03-12 14:34:04.411 TRACE 43004 --- [    Test worker] o.h.type.descriptor.sql.BasicBinder      : binding parameter [16] as [BOOLEAN] - [true]
2021-03-12 14:34:04.411 TRACE 43004 --- [    Test worker] o.h.type.descriptor.sql.BasicBinder      : binding parameter [17] as [BOOLEAN] - [false]
2021-03-12 14:34:04.411 TRACE 43004 --- [    Test worker] o.h.type.descriptor.sql.BasicBinder      : binding parameter [18] as [BOOLEAN] - [true]
2021-03-12 14:34:04.411 TRACE 43004 --- [    Test worker] o.h.type.descriptor.sql.BasicBinder      : binding parameter [19] as [BOOLEAN] - [false]
2021-03-12 14:34:04.411 TRACE 43004 --- [    Test worker] o.h.type.descriptor.sql.BasicBinder      : binding parameter [20] as [BOOLEAN] - [true]
2021-03-12 14:34:04.412 TRACE 43004 --- [    Test worker] o.h.type.descriptor.sql.BasicBinder      : binding parameter [21] as [VARCHAR] - [null]
2021-03-12 14:34:04.412 TRACE 43004 --- [    Test worker] o.h.type.descriptor.sql.BasicBinder      : binding parameter [22] as [BIGINT] - [20]
2021-03-12 14:34:04.458 DEBUG 43004 --- [    Test worker] org.hibernate.SQL                        : 
    insert 
    into
        member_role_set
        (member_id, role_set) 
    values
        (?, ?)
2021-03-12 14:34:04.459 TRACE 43004 --- [    Test worker] o.h.type.descriptor.sql.BasicBinder      : binding parameter [1] as [BIGINT] - [20]
2021-03-12 14:34:04.459 TRACE 43004 --- [    Test worker] o.h.type.descriptor.sql.BasicBinder      : binding parameter [2] as [VARCHAR] - [USER]
2021-03-12 14:34:04.505 DEBUG 43004 --- [    Test worker] org.hibernate.SQL                        : 
    select
        member0_.id as id1_3_,
        member0_.moddate as moddate2_3_,
        member0_.regdate as regdate3_3_,
        member0_.bio as bio4_3_,
        member0_.email as email5_3_,
        member0_.email_check_token as email_ch6_3_,
        member0_.email_check_token_generated_at as email_ch7_3_,
        member0_.email_verified as email_ve8_3_,
        member0_.from_social as from_soc9_3_,
        member0_.joined_at as joined_10_3_,
        member0_.loc_id as loc_id22_3_,
        member0_.nickname as nicknam11_3_,
        member0_.occupation as occupat12_3_,
        member0_.password as passwor13_3_,
        member0_.profile_image as profile14_3_,
        member0_.roadmap_created_by_email as roadmap15_3_,
        member0_.roadmap_created_by_web as roadmap16_3_,
        member0_.roadmap_enrollment_result_by_email as roadmap17_3_,
        member0_.roadmap_enrollment_result_by_web as roadmap18_3_,
        member0_.roadmap_updated_by_email as roadmap19_3_,
        member0_.roadmap_updated_by_web as roadmap20_3_,
        member0_.url as url21_3_ 
    from
        member member0_ 
    where
        member0_.email=?
2021-03-12 14:34:04.505 TRACE 43004 --- [    Test worker] o.h.type.descriptor.sql.BasicBinder      : binding parameter [1] as [VARCHAR] - [epepep]
2021-03-12 14:34:04.564 DEBUG 43004 --- [    Test worker] org.hibernate.SQL                        : 
    select
        member0_.id as id1_3_,
        member0_.moddate as moddate2_3_,
        member0_.regdate as regdate3_3_,
        member0_.bio as bio4_3_,
        member0_.email as email5_3_,
        member0_.email_check_token as email_ch6_3_,
        member0_.email_check_token_generated_at as email_ch7_3_,
        member0_.email_verified as email_ve8_3_,
        member0_.from_social as from_soc9_3_,
        member0_.joined_at as joined_10_3_,
        member0_.loc_id as loc_id22_3_,
        member0_.nickname as nicknam11_3_,
        member0_.occupation as occupat12_3_,
        member0_.password as passwor13_3_,
        member0_.profile_image as profile14_3_,
        member0_.roadmap_created_by_email as roadmap15_3_,
        member0_.roadmap_created_by_web as roadmap16_3_,
        member0_.roadmap_enrollment_result_by_email as roadmap17_3_,
        member0_.roadmap_enrollment_result_by_web as roadmap18_3_,
        member0_.roadmap_updated_by_email as roadmap19_3_,
        member0_.roadmap_updated_by_web as roadmap20_3_,
        member0_.url as url21_3_ 
    from
        member member0_ 
    where
        member0_.nickname=?
2021-03-12 14:34:04.564 TRACE 43004 --- [    Test worker] o.h.type.descriptor.sql.BasicBinder      : binding parameter [1] as [VARCHAR] - [epepep]
2021-03-12 14:34:04.612 DEBUG 43004 --- [    Test worker] org.hibernate.SQL                        : 
    select
        member0_.id as id1_3_,
        member0_.moddate as moddate2_3_,
        member0_.regdate as regdate3_3_,
        member0_.bio as bio4_3_,
        member0_.email as email5_3_,
        member0_.email_check_token as email_ch6_3_,
        member0_.email_check_token_generated_at as email_ch7_3_,
        member0_.email_verified as email_ve8_3_,
        member0_.from_social as from_soc9_3_,
        member0_.joined_at as joined_10_3_,
        member0_.loc_id as loc_id22_3_,
        member0_.nickname as nicknam11_3_,
        member0_.occupation as occupat12_3_,
        member0_.password as passwor13_3_,
        member0_.profile_image as profile14_3_,
        member0_.roadmap_created_by_email as roadmap15_3_,
        member0_.roadmap_created_by_web as roadmap16_3_,
        member0_.roadmap_enrollment_result_by_email as roadmap17_3_,
        member0_.roadmap_enrollment_result_by_web as roadmap18_3_,
        member0_.roadmap_updated_by_email as roadmap19_3_,
        member0_.roadmap_updated_by_web as roadmap20_3_,
        member0_.url as url21_3_ 
    from
        member member0_ 
    where
        member0_.nickname=?
2021-03-12 14:34:04.613 TRACE 43004 --- [    Test worker] o.h.type.descriptor.sql.BasicBinder      : binding parameter [1] as [VARCHAR] - [epepep]
2021-03-12 14:34:04.665 DEBUG 43004 --- [    Test worker] org.hibernate.SQL                        : 
    select
        member0_.id as id1_3_0_,
        roadmap2_.id as id1_14_1_,
        member0_.moddate as moddate2_3_0_,
        member0_.regdate as regdate3_3_0_,
        member0_.bio as bio4_3_0_,
        member0_.email as email5_3_0_,
        member0_.email_check_token as email_ch6_3_0_,
        member0_.email_check_token_generated_at as email_ch7_3_0_,
        member0_.email_verified as email_ve8_3_0_,
        member0_.from_social as from_soc9_3_0_,
        member0_.joined_at as joined_10_3_0_,
        member0_.loc_id as loc_id22_3_0_,
        member0_.nickname as nicknam11_3_0_,
        member0_.occupation as occupat12_3_0_,
        member0_.password as passwor13_3_0_,
        member0_.profile_image as profile14_3_0_,
        member0_.roadmap_created_by_email as roadmap15_3_0_,
        member0_.roadmap_created_by_web as roadmap16_3_0_,
        member0_.roadmap_enrollment_result_by_email as roadmap17_3_0_,
        member0_.roadmap_enrollment_result_by_web as roadmap18_3_0_,
        member0_.roadmap_updated_by_email as roadmap19_3_0_,
        member0_.roadmap_updated_by_web as roadmap20_3_0_,
        member0_.url as url21_3_0_,
        roadmap2_.moddate as moddate2_14_1_,
        roadmap2_.regdate as regdate3_14_1_,
        roadmap2_.closed as closed4_14_1_,
        roadmap2_.closed_date_time as closed_d5_14_1_,
        roadmap2_.complete as complete6_14_1_,
        roadmap2_.full_description as full_des7_14_1_,
        roadmap2_.image as image8_14_1_,
        roadmap2_.milestone as mileston9_14_1_,
        roadmap2_.owner_id as owner_i19_14_1_,
        roadmap2_.path as path10_14_1_,
        roadmap2_.progress as progres11_14_1_,
        roadmap2_.published as publish12_14_1_,
        roadmap2_.published_date_time as publish13_14_1_,
        roadmap2_.recruiting as recruit14_14_1_,
        roadmap2_.recruiting_updated_date_time as recruit15_14_1_,
        roadmap2_.short_description as short_d16_14_1_,
        roadmap2_.title as title17_14_1_,
        roadmap2_.use_banner as use_ban18_14_1_,
        roadmaps1_.members_id as members_2_15_0__,
        roadmaps1_.roadmaps_id as roadmaps1_15_0__ 
    from
        member member0_ 
    left outer join
        roadmap_members roadmaps1_ 
            on member0_.id=roadmaps1_.members_id 
    left outer join
        roadmap roadmap2_ 
            on roadmaps1_.roadmaps_id=roadmap2_.id 
    where
        member0_.nickname=?
2021-03-12 14:34:04.665 TRACE 43004 --- [    Test worker] o.h.type.descriptor.sql.BasicBinder      : binding parameter [1] as [VARCHAR] - [epepep]
2021-03-12 14:34:04.801 DEBUG 43004 --- [    Test worker] org.hibernate.SQL                        : 
    insert 
    into
        roadmap
        (moddate, regdate, closed, closed_date_time, complete, full_description, image, milestone, owner_id, path, progress, published, published_date_time, recruiting, recruiting_updated_date_time, short_description, title, use_banner) 
    values
        (?, ?, ?, ?, ?, ?, ?, ?, ?, ?, ?, ?, ?, ?, ?, ?, ?, ?)
2021-03-12 14:34:04.801 TRACE 43004 --- [    Test worker] o.h.type.descriptor.sql.BasicBinder      : binding parameter [1] as [TIMESTAMP] - [2021-03-12T14:34:04.800402400]
2021-03-12 14:34:04.801 TRACE 43004 --- [    Test worker] o.h.type.descriptor.sql.BasicBinder      : binding parameter [2] as [TIMESTAMP] - [2021-03-12T14:34:04.800402400]
2021-03-12 14:34:04.802 TRACE 43004 --- [    Test worker] o.h.type.descriptor.sql.BasicBinder      : binding parameter [3] as [BOOLEAN] - [false]
2021-03-12 14:34:04.802 TRACE 43004 --- [    Test worker] o.h.type.descriptor.sql.BasicBinder      : binding parameter [4] as [TIMESTAMP] - [null]
2021-03-12 14:34:04.802 TRACE 43004 --- [    Test worker] o.h.type.descriptor.sql.BasicBinder      : binding parameter [5] as [BOOLEAN] - [false]
2021-03-12 14:34:04.802 TRACE 43004 --- [    Test worker] o.h.type.descriptor.sql.BasicBinder      : binding parameter [6] as [CLOB] - [full description]
2021-03-12 14:34:04.975 TRACE 43004 --- [    Test worker] o.h.type.descriptor.sql.BasicBinder      : binding parameter [7] as [CLOB] - [null]
2021-03-12 14:34:04.975 TRACE 43004 --- [    Test worker] o.h.type.descriptor.sql.BasicBinder      : binding parameter [8] as [TIMESTAMP] - [null]
2021-03-12 14:34:04.975 TRACE 43004 --- [    Test worker] o.h.type.descriptor.sql.BasicBinder      : binding parameter [9] as [BIGINT] - [20]
2021-03-12 14:34:04.975 TRACE 43004 --- [    Test worker] o.h.type.descriptor.sql.BasicBinder      : binding parameter [10] as [VARCHAR] - [/path]
2021-03-12 14:34:04.975 TRACE 43004 --- [    Test worker] o.h.type.descriptor.sql.BasicBinder      : binding parameter [11] as [DOUBLE] - [null]
2021-03-12 14:34:04.975 TRACE 43004 --- [    Test worker] o.h.type.descriptor.sql.BasicBinder      : binding parameter [12] as [BOOLEAN] - [false]
2021-03-12 14:34:04.975 TRACE 43004 --- [    Test worker] o.h.type.descriptor.sql.BasicBinder      : binding parameter [13] as [TIMESTAMP] - [null]
2021-03-12 14:34:04.975 TRACE 43004 --- [    Test worker] o.h.type.descriptor.sql.BasicBinder      : binding parameter [14] as [BOOLEAN] - [false]
2021-03-12 14:34:04.975 TRACE 43004 --- [    Test worker] o.h.type.descriptor.sql.BasicBinder      : binding parameter [15] as [TIMESTAMP] - [null]
2021-03-12 14:34:04.975 TRACE 43004 --- [    Test worker] o.h.type.descriptor.sql.BasicBinder      : binding parameter [16] as [VARCHAR] - [short description]
2021-03-12 14:34:04.976 TRACE 43004 --- [    Test worker] o.h.type.descriptor.sql.BasicBinder      : binding parameter [17] as [VARCHAR] - [title]
2021-03-12 14:34:04.976 TRACE 43004 --- [    Test worker] o.h.type.descriptor.sql.BasicBinder      : binding parameter [18] as [BOOLEAN] - [false]
2021-03-12 14:34:05.034 DEBUG 43004 --- [    Test worker] org.hibernate.SQL                        : 
    insert 
    into
        stage
        (moddate, regdate, complete, head, ord, roadmap_id, tail, title) 
    values
        (?, ?, ?, ?, ?, ?, ?, ?)
2021-03-12 14:34:05.035 TRACE 43004 --- [    Test worker] o.h.type.descriptor.sql.BasicBinder      : binding parameter [1] as [TIMESTAMP] - [2021-03-12T14:34:05.034399100]
2021-03-12 14:34:05.035 TRACE 43004 --- [    Test worker] o.h.type.descriptor.sql.BasicBinder      : binding parameter [2] as [TIMESTAMP] - [2021-03-12T14:34:05.034399100]
2021-03-12 14:34:05.035 TRACE 43004 --- [    Test worker] o.h.type.descriptor.sql.BasicBinder      : binding parameter [3] as [BOOLEAN] - [false]
2021-03-12 14:34:05.035 TRACE 43004 --- [    Test worker] o.h.type.descriptor.sql.BasicBinder      : binding parameter [4] as [BOOLEAN] - [true]
2021-03-12 14:34:05.035 TRACE 43004 --- [    Test worker] o.h.type.descriptor.sql.BasicBinder      : binding parameter [5] as [INTEGER] - [1]
2021-03-12 14:34:05.035 TRACE 43004 --- [    Test worker] o.h.type.descriptor.sql.BasicBinder      : binding parameter [6] as [BIGINT] - [8]
2021-03-12 14:34:05.035 TRACE 43004 --- [    Test worker] o.h.type.descriptor.sql.BasicBinder      : binding parameter [7] as [BOOLEAN] - [true]
2021-03-12 14:34:05.035 TRACE 43004 --- [    Test worker] o.h.type.descriptor.sql.BasicBinder      : binding parameter [8] as [VARCHAR] - [1단계]
2021-03-12 14:34:05.081 DEBUG 43004 --- [    Test worker] org.hibernate.SQL                        : 
    insert 
    into
        node
        (moddate, regdate, complete, node_type, parent_id, read, short_description, stage_id, text, title, url) 
    values
        (?, ?, ?, ?, ?, ?, ?, ?, ?, ?, ?)
2021-03-12 14:34:05.081 TRACE 43004 --- [    Test worker] o.h.type.descriptor.sql.BasicBinder      : binding parameter [1] as [TIMESTAMP] - [2021-03-12T14:34:05.080400]
2021-03-12 14:34:05.081 TRACE 43004 --- [    Test worker] o.h.type.descriptor.sql.BasicBinder      : binding parameter [2] as [TIMESTAMP] - [2021-03-12T14:34:05.080400]
2021-03-12 14:34:05.082 TRACE 43004 --- [    Test worker] o.h.type.descriptor.sql.BasicBinder      : binding parameter [3] as [BOOLEAN] - [false]
2021-03-12 14:34:05.082 TRACE 43004 --- [    Test worker] o.h.type.descriptor.sql.BasicBinder      : binding parameter [4] as [VARCHAR] - [post]
2021-03-12 14:34:05.082 TRACE 43004 --- [    Test worker] o.h.type.descriptor.sql.BasicBinder      : binding parameter [5] as [BIGINT] - [null]
2021-03-12 14:34:05.082 TRACE 43004 --- [    Test worker] o.h.type.descriptor.sql.BasicBinder      : binding parameter [6] as [BOOLEAN] - [false]
2021-03-12 14:34:05.082 TRACE 43004 --- [    Test worker] o.h.type.descriptor.sql.BasicBinder      : binding parameter [7] as [VARCHAR] - [null]
2021-03-12 14:34:05.082 TRACE 43004 --- [    Test worker] o.h.type.descriptor.sql.BasicBinder      : binding parameter [8] as [BIGINT] - [27]
2021-03-12 14:34:05.082 TRACE 43004 --- [    Test worker] o.h.type.descriptor.sql.BasicBinder      : binding parameter [9] as [VARCHAR] - [null]
2021-03-12 14:34:05.082 TRACE 43004 --- [    Test worker] o.h.type.descriptor.sql.BasicBinder      : binding parameter [10] as [VARCHAR] - [노드 제목]
2021-03-12 14:34:05.082 TRACE 43004 --- [    Test worker] o.h.type.descriptor.sql.BasicBinder      : binding parameter [11] as [VARCHAR] - [null]
2021-03-12 14:34:05.127 DEBUG 43004 --- [    Test worker] org.hibernate.SQL                        : 
    select
        member0_.id as id1_3_,
        member0_.moddate as moddate2_3_,
        member0_.regdate as regdate3_3_,
        member0_.bio as bio4_3_,
        member0_.email as email5_3_,
        member0_.email_check_token as email_ch6_3_,
        member0_.email_check_token_generated_at as email_ch7_3_,
        member0_.email_verified as email_ve8_3_,
        member0_.from_social as from_soc9_3_,
        member0_.joined_at as joined_10_3_,
        member0_.loc_id as loc_id22_3_,
        member0_.nickname as nicknam11_3_,
        member0_.occupation as occupat12_3_,
        member0_.password as passwor13_3_,
        member0_.profile_image as profile14_3_,
        member0_.roadmap_created_by_email as roadmap15_3_,
        member0_.roadmap_created_by_web as roadmap16_3_,
        member0_.roadmap_enrollment_result_by_email as roadmap17_3_,
        member0_.roadmap_enrollment_result_by_web as roadmap18_3_,
        member0_.roadmap_updated_by_email as roadmap19_3_,
        member0_.roadmap_updated_by_web as roadmap20_3_,
        member0_.url as url21_3_ 
    from
        member member0_ 
    where
        member0_.nickname=?
2021-03-12 14:34:05.127 TRACE 43004 --- [    Test worker] o.h.type.descriptor.sql.BasicBinder      : binding parameter [1] as [VARCHAR] - [epepep]
2021-03-12 14:34:05.190 DEBUG 43004 --- [    Test worker] org.hibernate.SQL                        : 
    insert 
    into
        post
        (content, description, node_id, title, writer_id) 
    values
        (?, ?, ?, ?, ?)
2021-03-12 14:34:05.190 TRACE 43004 --- [    Test worker] o.h.type.descriptor.sql.BasicBinder      : binding parameter [1] as [CLOB] - [null]
2021-03-12 14:34:05.190 TRACE 43004 --- [    Test worker] o.h.type.descriptor.sql.BasicBinder      : binding parameter [2] as [VARCHAR] - [null]
2021-03-12 14:34:05.191 TRACE 43004 --- [    Test worker] o.h.type.descriptor.sql.BasicBinder      : binding parameter [3] as [BIGINT] - [12]
2021-03-12 14:34:05.191 TRACE 43004 --- [    Test worker] o.h.type.descriptor.sql.BasicBinder      : binding parameter [4] as [VARCHAR] - [null]
2021-03-12 14:34:05.191 TRACE 43004 --- [    Test worker] o.h.type.descriptor.sql.BasicBinder      : binding parameter [5] as [BIGINT] - [null]
2021-03-12 14:34:05.238 DEBUG 43004 --- [    Test worker] org.hibernate.SQL                        : 
    select
        member0_.id as id1_3_,
        member0_.moddate as moddate2_3_,
        member0_.regdate as regdate3_3_,
        member0_.bio as bio4_3_,
        member0_.email as email5_3_,
        member0_.email_check_token as email_ch6_3_,
        member0_.email_check_token_generated_at as email_ch7_3_,
        member0_.email_verified as email_ve8_3_,
        member0_.from_social as from_soc9_3_,
        member0_.joined_at as joined_10_3_,
        member0_.loc_id as loc_id22_3_,
        member0_.nickname as nicknam11_3_,
        member0_.occupation as occupat12_3_,
        member0_.password as passwor13_3_,
        member0_.profile_image as profile14_3_,
        member0_.roadmap_created_by_email as roadmap15_3_,
        member0_.roadmap_created_by_web as roadmap16_3_,
        member0_.roadmap_enrollment_result_by_email as roadmap17_3_,
        member0_.roadmap_enrollment_result_by_web as roadmap18_3_,
        member0_.roadmap_updated_by_email as roadmap19_3_,
        member0_.roadmap_updated_by_web as roadmap20_3_,
        member0_.url as url21_3_ 
    from
        member member0_ 
    where
        member0_.nickname=?
2021-03-12 14:34:05.239 TRACE 43004 --- [    Test worker] o.h.type.descriptor.sql.BasicBinder      : binding parameter [1] as [VARCHAR] - [epepep]
2021-03-12 14:34:05.296  INFO 43004 --- [    Test worker] com.roadmap.filter.ApiCheckFilter        : REQUESTURI : /new-post/12
2021-03-12 14:34:05.296  INFO 43004 --- [    Test worker] com.roadmap.filter.ApiCheckFilter        : false
2021-03-12 14:34:05.301 DEBUG 43004 --- [    Test worker] org.hibernate.SQL                        : 
    update
        post 
    set
        content=?,
        description=?,
        node_id=?,
        title=?,
        writer_id=? 
    where
        id=?
2021-03-12 14:34:05.302 TRACE 43004 --- [    Test worker] o.h.type.descriptor.sql.BasicBinder      : binding parameter [1] as [CLOB] - [포스트 내용]
2021-03-12 14:34:05.479 TRACE 43004 --- [    Test worker] o.h.type.descriptor.sql.BasicBinder      : binding parameter [2] as [VARCHAR] - [포스트 설명]
2021-03-12 14:34:05.479 TRACE 43004 --- [    Test worker] o.h.type.descriptor.sql.BasicBinder      : binding parameter [3] as [BIGINT] - [12]
2021-03-12 14:34:05.479 TRACE 43004 --- [    Test worker] o.h.type.descriptor.sql.BasicBinder      : binding parameter [4] as [VARCHAR] - [포스트 제목]
2021-03-12 14:34:05.479 TRACE 43004 --- [    Test worker] o.h.type.descriptor.sql.BasicBinder      : binding parameter [5] as [BIGINT] - [20]
2021-03-12 14:34:05.479 TRACE 43004 --- [    Test worker] o.h.type.descriptor.sql.BasicBinder      : binding parameter [6] as [BIGINT] - [6]
2021-03-12 14:34:05.593 DEBUG 43004 --- [    Test worker] org.hibernate.SQL                        : 
    insert 
    into
        member_posts
        (member_id, posts_id) 
    values
        (?, ?)
2021-03-12 14:34:05.593 TRACE 43004 --- [    Test worker] o.h.type.descriptor.sql.BasicBinder      : binding parameter [1] as [BIGINT] - [20]
2021-03-12 14:34:05.593 TRACE 43004 --- [    Test worker] o.h.type.descriptor.sql.BasicBinder      : binding parameter [2] as [BIGINT] - [6]
2021-03-12 14:34:05.643 DEBUG 43004 --- [    Test worker] org.hibernate.SQL                        : 
    insert 
    into
        roadmap_members
        (roadmaps_id, members_id) 
    values
        (?, ?)
2021-03-12 14:34:05.643 TRACE 43004 --- [    Test worker] o.h.type.descriptor.sql.BasicBinder      : binding parameter [1] as [BIGINT] - [8]
2021-03-12 14:34:05.643 TRACE 43004 --- [    Test worker] o.h.type.descriptor.sql.BasicBinder      : binding parameter [2] as [BIGINT] - [20]
2021-03-12 14:34:05.678 DEBUG 43004 --- [    Test worker] org.hibernate.SQL                        : 
    insert 
    into
        roadmap_stage_list
        (roadmap_id, stage_list_id) 
    values
        (?, ?)
2021-03-12 14:34:05.678 TRACE 43004 --- [    Test worker] o.h.type.descriptor.sql.BasicBinder      : binding parameter [1] as [BIGINT] - [8]
2021-03-12 14:34:05.678 TRACE 43004 --- [    Test worker] o.h.type.descriptor.sql.BasicBinder      : binding parameter [2] as [BIGINT] - [27]
2021-03-12 14:34:05.721 DEBUG 43004 --- [    Test worker] org.hibernate.SQL                        : 
    select
        post0_.id as id1_11_,
        post0_.content as content2_11_,
        post0_.description as descript3_11_,
        post0_.node_id as node_id5_11_,
        post0_.title as title4_11_,
        post0_.writer_id as writer_i6_11_ 
    from
        post post0_ 
    left outer join
        node node1_ 
            on post0_.node_id=node1_.id 
    where
        node1_.id=?
2021-03-12 14:34:05.721 TRACE 43004 --- [    Test worker] o.h.type.descriptor.sql.BasicBinder      : binding parameter [1] as [BIGINT] - [12]
2021-03-12 14:34:05.773 DEBUG 43004 --- [    Test worker] org.hibernate.SQL                        : 
    select
        tag0_.id as id1_21_,
        tag0_.moddate as moddate2_21_,
        tag0_.regdate as regdate3_21_,
        tag0_.title as title4_21_ 
    from
        tag tag0_
2021-03-12 14:34:05.857  INFO 43004 --- [    Test worker] com.roadmap.filter.ApiCheckFilter        : REQUESTURI : /new-post/12/tags/add
2021-03-12 14:34:05.857  INFO 43004 --- [    Test worker] com.roadmap.filter.ApiCheckFilter        : false
2021-03-12 14:34:05.881  WARN 43004 --- [    Test worker] .w.s.m.s.DefaultHandlerExceptionResolver : Resolved [org.springframework.http.converter.HttpMessageNotReadableException: Required request body is missing: public org.springframework.http.ResponseEntity com.roadmap.controller.PostController.newPostAddTag(com.roadmap.model.Member,java.lang.Long,com.roadmap.dto.member.form.TagForm,org.springframework.ui.Model)]

MockHttpServletRequest:
      HTTP Method = GET
      Request URI = /new-post/12
       Parameters = {}
          Headers = []
             Body = null
    Session Attrs = {org.springframework.security.web.csrf.HttpSessionCsrfTokenRepository.CSRF_TOKEN=org.springframework.security.web.csrf.DefaultCsrfToken@52d709c7, SPRING_SECURITY_CONTEXT=org.springframework.security.core.context.SecurityContextImpl@5eebc842: Authentication: org.springframework.security.authentication.UsernamePasswordAuthenticationToken@5eebc842: Principal: com.roadmap.model.UserMember@b2b359c1: Username: epepep; Password: [PROTECTED]; Enabled: true; AccountNonExpired: true; credentialsNonExpired: true; AccountNonLocked: true; Granted Authorities: USER; Credentials: [PROTECTED]; Authenticated: true; Details: null; Granted Authorities: USER}

Handler:
             Type = com.roadmap.controller.PostController
           Method = com.roadmap.controller.PostController#newPostForm(Member, Model, Long)

Async:
    Async started = false
     Async result = null

Resolved Exception:
             Type = null

ModelAndView:
        View name = roadmap/post/form
             View = null
        Attribute = nodeId
            value = 12
        Attribute = member
            value = Member(id=20, bio=null, email=epepep@email.com, nickname=epepep, password={bcrypt}$2a$10$GDkE6cyJWhkb60rS.1d1qufGOBoTU0mtCz208blH6Ig.4CvL7biXe, emailCheckToken=d0df9275-feb5-48fe-a55c-2f1bd2844b61, emailCheckTokenGeneratedAt=2021-03-12T14:34:04.353397200, emailVerified=false, joinedAt=2021-03-12T14:34:04.353397200, occupation=null, url=null, roadmapCreatedByEmail=false, roadmapCreatedByWeb=true, roadmapEnrollmentResultByEmail=false, roadmapEnrollmentResultByWeb=true, roadmapUpdatedByEmail=false, roadmapUpdatedByWeb=true, fromSocial=false, posts=[com.roadmap.model.Post@41])
           errors = []
        Attribute = postForm
            value = PostForm(title=null, description=null, content=null)
           errors = []
        Attribute = whitelist
            value = ["JPA","Spring Boout","Spring Boot","AWS","rds","ec2","로드맵","메이플","EC2","aws"]

FlashMap:
       Attributes = null

MockHttpServletResponse:
           Status = 200
    Error message = null
          Headers = [Access-Control-Allow-Origin:"*", Access-Control-Allow-Credentials:"true", Access-Control-Allow-Methods:"*", Access-Control-Max-Age:"3600", Access-Control-Allow-Headers:"Origin, X-Requested-With, Content-Type, Accept, Key, Authorization", Content-Language:"en", Content-Type:"text/html;charset=UTF-8", X-Content-Type-Options:"nosniff", X-XSS-Protection:"1; mode=block", Cache-Control:"no-cache, no-store, max-age=0, must-revalidate", Pragma:"no-cache", Expires:"0", X-Frame-Options:"DENY"]
     Content type = text/html;charset=UTF-8
             Body = <!DOCTYPE html>
<html lang="en">
<head>
    <meta charset="UTF-8">
    <title>Roadmap</title>
    <link rel="preconnect" href="https://fonts.gstatic.com">
    <link href="https://fonts.googleapis.com/css2?family=Noto+Sans+KR:wght@300;400;500&display=swap" rel="stylesheet">
    <link rel="stylesheet" href="/node_modules/bootstrap/dist/css/bootstrap.min.css" />
    <link rel="stylesheet" href="/node_modules/font-awesome/css/font-awesome.min.css" />
    <link rel="stylesheet" href="/node_modules/@yaireo/tagify/dist/tagify.css">
    <link rel="stylesheet" href="/node_modules/summernote/dist/summernote-bs4.min.css">
    <!--<link rel="stylesheet" href="../static/css/addrlinkSample.css">-->
    <script src="/node_modules/jquery/dist/jquery.min.js"></script>
    <script src="/node_modules/bootstrap/dist/js/bootstrap.bundle.min.js"></script>
    <script src="/node_modules/jdenticon/dist/jdenticon.min.js"></script>
    <style>
        .container {
            max-width: 100%;
        }

        .tagify-outside{
            border: 0;
            padding: 0;
            margin: 0;
        }

        #roadmap-logo {
            height: 200px;
            width: 100%;
            overflow: hidden;
            padding: 0;
            margin: 0;
        }

        #roadmap-logo img {
            height: auto;
            width: 100%;
            overflow: hidden;
        }
        body {
            font-family: -apple-system, BlinkMacSystemFont, "Noto Sans KR", "Segoe UI", Roboto, "Helvetica Neue", Arial, "Noto Sans", sans-serif, "Apple Color Emoji", "Segoe UI Emoji", "Segoe UI Symbol", "Noto Color Emoji";
        }

        body,
        input,
        button,
        select,
        optgroup,
        textarea,
        .tooltip,
        .popover {
            font-family: -apple-system, BlinkMacSystemFont, "Noto Sans KR", "Segoe UI", Roboto, "Helvetica Neue", Arial, "Noto Sans", sans-serif, "Apple Color Emoji", "Segoe UI Emoji", "Segoe UI Symbol", "Noto Color Emoji";
        }
    </style>
</head>
<body class="bg-light">
<nav class="navbar navbar-expand-sm navbar-dark bg-dark">
    <a class="navbar-brand" href="/">
        <img src="/images/logo.png" width="30" height="30">
    </a>
    <button class="navbar-toggler" type="button" data-toggle="collapse" data-target="#navbarSupportedContent" aria-controls="navbarSupportedContent" aria-expanded="false" aria-label="Toggle navigation">
        <span class="navbar-toggler-icon"></span>
    </button>

    <div class="collapse navbar-collapse" id="navbarSupportedContent">
        <ul class="navbar-nav mr-auto">
            <li class="nav-item">
                <form action="/search/roadmap" class="form-inline" method="get">
                    <input class="form-control mr-sm-2" name="keyword" type="search" placeholder="로드맵 찾기" aria-label="Search" />
                </form>
            </li>
        </ul>

        <ul class="navbar-nav justify-content-end">
            
            
            <li class="nav-item">
                <a class="nav-link" href="/notifications">
                    <i class="fa fa-bell-o" aria-hidden="true"></i>
                </a>
            </li>
            <li class="nav-item">
                <a class="nav-link btn btn-outline-primary" href="/new-roadmap">
                    <i class="fa fa-plus" aria-hidden="true"></i> 로드맵 개설
                </a>
            </li>
            <li class="nav-item dropdown">
                <a class="nav-link dropdown-toggle" href="#" id="userDropdown" role="button" data-toggle="dropdown"
                   aria-haspopup="true" aria-expanded="false">
                    <svg data-jdenticon-value="epepep"
                         width="24" height="24" class="rounded border bg-light"></svg>
                    
                </a>
                <div class="dropdown-menu dropdown-menu-sm-right" aria-labelledby="userDropdown">
                    <h6 class="dropdown-header">
                        <span>epepep</span>
                    </h6>
                    <a class="dropdown-item" href="/profile/epepep">프로필</a>
                    <a class="dropdown-item" >로드맵</a>
                    <div class="dropdown-divider"></div>
                    <a class="dropdown-item" href="/settings/profile">설정</a>
                    <form class="form-inline my-2 my-lg-0" action="/logout" method="post"><input type="hidden" name="_csrf" value="74d6e007-fd92-46df-9982-a6dd6aea8da0"/>
                        <button class="dropdown-item" type="submit">로그아웃</button>
                    </form>
                </div>
            </li>
        </ul>
    </div>
</nav>

<div class="container">
    <div class="py-5 text-center">
        <h2>포스트 작성</h2>
    </div>
    <div class="row justify-content-center">
        <form class="needs-validation col-sm-10" action="/new-post/12" method="post" novalidate><input type="hidden" name="_csrf" value="74d6e007-fd92-46df-9982-a6dd6aea8da0"/>
            <div class="form-group">
                <label for="title">포스트 제목</label>
                <input id="title" type="text" class="form-control" placeholder="포스트 제목" aria-describedby="titleHelp" required max="50" name="title" value="">
                <small id="titleHelp" class="form-text text-muted">
                    포스트 제목을 50자 이내로 입력하세요.
                </small>
                <small class="invalid-feedback">포스트 제목을 입력하세요.</small>
                
            </div>
            <div class="form-group">
                <label for="title">소개</label>
                <textarea id="description" type="textarea" class="form-control" placeholder="포스트를 소개해주세요." aria-describedby="descriptionHelp" required maxlength="100" name="description"></textarea>
                <small id="shortDescriptionHelp" class="form-text text-muted">
                    100자 이내로 포스트를 소개해주세요.
                </small>
                <small class="invalid-feedback">소개를 입력하세요.</small>
                
            </div>
            <div class="form-group">
                <label for="title">포스트 내용</label>
                <textarea id="fullDescription" type="textarea" class="editor form-control" placeholder="포스트 내용을 입력하세요." aria-describedby="contentHelp" required name="content"></textarea>
                <small id="fullDescriptionHelp" class="form-text text-muted">
                    포스트 내용을 입력하세요.
                </small>
                <small class="invalid-feedback">포스트 내용을 입력하세요.</small>
                
            </div>
            <div class="col-8">
                
                <div class="row">
                    <h2 class="col-12">로드맵 주제</h2>
                </div>
                <div class="row">
                    <div class="col-12">
                        <div class="alert alert-info" role="alert">
                            로드맵에서 주로 다루는 주제를 태그로 등록하세요. 태그를 입력하고 콤마(,) 또는 엔터를 입력하세요.
                        </div>
                        <div id="whitelist" hidden>[&quot;JPA&quot;,&quot;Spring Boout&quot;,&quot;Spring Boot&quot;,&quot;AWS&quot;,&quot;rds&quot;,&quot;ec2&quot;,&quot;로드맵&quot;,&quot;메이플&quot;,&quot;EC2&quot;,&quot;aws&quot;]</div>
                        <input id="tags" type="text" name="tags" value=""
                               class="tagify-outside" aria-describedby="tagHelp"/>
                    </div>
                </div>
            </div>
            <div class="form-group">
                <button class="btn btn-primary btn-block" type="submit" aria-describedby="submitHelp">포스트 만들기</button>
            </div>
        </form>
    </div>

    <div class="fragments.html :: footer"></div>
</div>
<script type="application/javascript">
    (function () {
        'use strict';
        window.addEventListener('load', function () {
            // Fetch all the forms we want to apply custom Bootstrap validation styles to
            let forms = document.getElementsByClassName('needs-validation');

            // Loop over them and prevent submission
            Array.prototype.filter.call(forms, function (form) {
                form.addEventListener('submit', function (event) {
                    if (form.checkValidity() === false) {
                        event.preventDefault();
                        event.stopPropagation();
                    }
                    form.classList.add('was-validated')
                }, false)
            })
        }, false)
    }())
</script>
<div>
    <script src="/node_modules/summernote/dist/summernote-bs4.js"></script>
    <script type="application/javascript">
        $(function() {
            $('.editor').summernote({
                fontNames:['Arial','Arial Black', 'Comic Sans MS', 'Courier New', 'Noto Sans KR', 'Merriweather'],
                placeholder: '로드맵의 목표, 일정, 진행 방식, 사용할 교제 또는 인터넷 강좌 그리고 모집중인 팀원 등 로드맵에 대해 자세히 적어주세요.',
                tabSize : 2,
                height:300
            });
        });
    </script>
</div>
<div >
    <script src="/node_modules/@yaireo/tagify/dist/tagify.min.js"></script>
    <script type="application/javascript">
        $(function () {
            function tagRequest(url, tagTitle) {
                $.ajax({
                    dataType: "json",
                    autocomplete: {
                        enabled: true,
                        rightKey: true,
                    },
                    contentType: "application/json; charset=utf-8",
                    method: "POST",
                    url: "/new-post/12/tags" + url,
                    data: JSON.stringify({'tagTitle': tagTitle})
                }).done(function (data, status) {
                    console.log("${data} and status is ${status}");
                });
            }

            function onAdd(e) {
                tagRequest("/add", e.detail.data.value);
            }

            function onRemove(e) {
                tagRequest("/remove", e.detail.data.value);
            }

            var tagInput = document.querySelector("#tags");

            var tagify = new Tagify(tagInput, {
                pattern: /^.{0,20}$/,
                whitelist : JSON.parse(document.querySelector("#whitelist").textContent),
                dropdown : {
                    enabled: 1, // suggest tags after a single character input
                } // map tags
            });

            tagify.on("add", onAdd);
            tagify.on("remove", onRemove);

            // add a class to Tagify's input element
            tagify.DOM.input.classList.add('form-control');
            // re-place Tagify's input element outside of the  element (tagify.DOM.scope), just before it
            tagify.DOM.scope.parentNode.insertBefore(tagify.DOM.input, tagify.DOM.scope);
        });
    </script>
</div>
<script type="application/javascript">
    $(function() {
        var csrfToken = "74d6e007-fd92-46df-9982-a6dd6aea8da0";
        var csrfHeader = "X-CSRF-TOKEN";
        $(document).ajaxSend(function (e, xhr, options) {
            xhr.setRequestHeader(csrfHeader, csrfToken);
        });
    });
</script><script type="application/javascript">
    $(function() {
        var csrfToken = "74d6e007-fd92-46df-9982-a6dd6aea8da0";
        var csrfHeader = "X-CSRF-TOKEN";
        $(document).ajaxSend(function (e, xhr, options) {
            xhr.setRequestHeader(csrfHeader, csrfToken);
        });
    });
</script>
</body>
</html>
    Forwarded URL = null
   Redirected URL = null
          Cookies = []

MockHttpServletRequest:
      HTTP Method = POST
      Request URI = /new-post/12/tags/add
       Parameters = {tagTitle=[태그 타이틀], _csrf=[5181ed5f-22e1-417f-948e-256eb021050f]}
          Headers = []
             Body = null
    Session Attrs = {SPRING_SECURITY_CONTEXT=org.springframework.security.core.context.SecurityContextImpl@5eebc842: Authentication: org.springframework.security.authentication.UsernamePasswordAuthenticationToken@5eebc842: Principal: com.roadmap.model.UserMember@b2b359c1: Username: epepep; Password: [PROTECTED]; Enabled: true; AccountNonExpired: true; credentialsNonExpired: true; AccountNonLocked: true; Granted Authorities: USER; Credentials: [PROTECTED]; Authenticated: true; Details: null; Granted Authorities: USER}

Handler:
             Type = com.roadmap.controller.PostController
           Method = com.roadmap.controller.PostController#newPostAddTag(Member, Long, TagForm, Model)

Async:
    Async started = false
     Async result = null

Resolved Exception:
             Type = org.springframework.http.converter.HttpMessageNotReadableException

ModelAndView:
        View name = null
             View = null
            Model = null

FlashMap:
       Attributes = null

MockHttpServletResponse:
           Status = 400
    Error message = null
          Headers = [Access-Control-Allow-Origin:"*", Access-Control-Allow-Credentials:"true", Access-Control-Allow-Methods:"*", Access-Control-Max-Age:"3600", Access-Control-Allow-Headers:"Origin, X-Requested-With, Content-Type, Accept, Key, Authorization", X-Content-Type-Options:"nosniff", X-XSS-Protection:"1; mode=block", Cache-Control:"no-cache, no-store, max-age=0, must-revalidate", Pragma:"no-cache", Expires:"0", X-Frame-Options:"DENY"]
     Content type = null
             Body = 
    Forwarded URL = null
   Redirected URL = null
          Cookies = []
2021-03-12 14:34:06.262  INFO 43004 --- [    Test worker] o.s.t.c.transaction.TransactionContext   : Rolled back transaction for test: [DefaultTestContext@6f5b8abc testClass = PostControllerTest, testInstance = com.roadmap.post.PostControllerTest@31e6c781, testMethod = newPostAddTag_correct@PostControllerTest, testException = java.lang.AssertionError: Status expected:<200> but was:<400>, mergedContextConfiguration = [WebMergedContextConfiguration@34a0ce9d testClass = PostControllerTest, locations = '{}', classes = '{class com.roadmap.CoreApplication}', contextInitializerClasses = '[]', activeProfiles = '{}', propertySourceLocations = '{}', propertySourceProperties = '{org.springframework.boot.test.context.SpringBootTestContextBootstrapper=true}', contextCustomizers = set[org.springframework.boot.test.autoconfigure.properties.PropertyMappingContextCustomizer@4b3fa0b3, org.springframework.boot.test.autoconfigure.web.servlet.WebDriverContextCustomizerFactory$Customizer@36f3985, [ImportsContextCustomizer@611f150d key = [org.springframework.boot.test.autoconfigure.web.servlet.MockMvcAutoConfiguration, org.springframework.boot.test.autoconfigure.web.servlet.MockMvcWebClientAutoConfiguration, org.springframework.boot.test.autoconfigure.web.servlet.MockMvcWebDriverAutoConfiguration, org.springframework.boot.autoconfigure.security.oauth2.client.servlet.OAuth2ClientAutoConfiguration, org.springframework.boot.autoconfigure.security.oauth2.resource.servlet.OAuth2ResourceServerAutoConfiguration, org.springframework.boot.autoconfigure.security.servlet.SecurityAutoConfiguration, org.springframework.boot.autoconfigure.security.servlet.SecurityFilterAutoConfiguration, org.springframework.boot.autoconfigure.security.servlet.UserDetailsServiceAutoConfiguration, org.springframework.boot.test.autoconfigure.web.servlet.MockMvcSecurityConfiguration]], org.springframework.boot.test.context.filter.ExcludeFilterContextCustomizer@465bc06d, org.springframework.boot.test.json.DuplicateJsonObjectContextCustomizerFactory$DuplicateJsonObjectContextCustomizer@7bb6418b, org.springframework.boot.test.mock.mockito.MockitoContextCustomizer@0, org.springframework.boot.test.web.client.TestRestTemplateContextCustomizer@23d4aa12, org.springframework.boot.test.context.SpringBootTestArgs@1, org.springframework.boot.test.context.SpringBootTestWebEnvironment@3db94553], resourceBasePath = 'src/main/webapp', contextLoader = 'org.springframework.boot.test.context.SpringBootContextLoader', parent = [null]], attributes = map['org.springframework.test.context.web.ServletTestExecutionListener.activateListener' -> true, 'org.springframework.test.context.web.ServletTestExecutionListener.populatedRequestContextHolder' -> true, 'org.springframework.test.context.web.ServletTestExecutionListener.resetRequestContextHolder' -> true]]
2021-03-12 14:34:06.266  INFO 43004 --- [    Test worker] o.s.t.c.transaction.TransactionContext   : Began transaction (1) for test context [DefaultTestContext@6f5b8abc testClass = PostControllerTest, testInstance = com.roadmap.post.PostControllerTest@69932306, testMethod = newPostFormSubmit_error@PostControllerTest, testException = [null], mergedContextConfiguration = [WebMergedContextConfiguration@34a0ce9d testClass = PostControllerTest, locations = '{}', classes = '{class com.roadmap.CoreApplication}', contextInitializerClasses = '[]', activeProfiles = '{}', propertySourceLocations = '{}', propertySourceProperties = '{org.springframework.boot.test.context.SpringBootTestContextBootstrapper=true}', contextCustomizers = set[org.springframework.boot.test.autoconfigure.properties.PropertyMappingContextCustomizer@4b3fa0b3, org.springframework.boot.test.autoconfigure.web.servlet.WebDriverContextCustomizerFactory$Customizer@36f3985, [ImportsContextCustomizer@611f150d key = [org.springframework.boot.test.autoconfigure.web.servlet.MockMvcAutoConfiguration, org.springframework.boot.test.autoconfigure.web.servlet.MockMvcWebClientAutoConfiguration, org.springframework.boot.test.autoconfigure.web.servlet.MockMvcWebDriverAutoConfiguration, org.springframework.boot.autoconfigure.security.oauth2.client.servlet.OAuth2ClientAutoConfiguration, org.springframework.boot.autoconfigure.security.oauth2.resource.servlet.OAuth2ResourceServerAutoConfiguration, org.springframework.boot.autoconfigure.security.servlet.SecurityAutoConfiguration, org.springframework.boot.autoconfigure.security.servlet.SecurityFilterAutoConfiguration, org.springframework.boot.autoconfigure.security.servlet.UserDetailsServiceAutoConfiguration, org.springframework.boot.test.autoconfigure.web.servlet.MockMvcSecurityConfiguration]], org.springframework.boot.test.context.filter.ExcludeFilterContextCustomizer@465bc06d, org.springframework.boot.test.json.DuplicateJsonObjectContextCustomizerFactory$DuplicateJsonObjectContextCustomizer@7bb6418b, org.springframework.boot.test.mock.mockito.MockitoContextCustomizer@0, org.springframework.boot.test.web.client.TestRestTemplateContextCustomizer@23d4aa12, org.springframework.boot.test.context.SpringBootTestArgs@1, org.springframework.boot.test.context.SpringBootTestWebEnvironment@3db94553], resourceBasePath = 'src/main/webapp', contextLoader = 'org.springframework.boot.test.context.SpringBootContextLoader', parent = [null]], attributes = map['org.springframework.test.context.web.ServletTestExecutionListener.activateListener' -> true, 'org.springframework.test.context.web.ServletTestExecutionListener.populatedRequestContextHolder' -> true, 'org.springframework.test.context.web.ServletTestExecutionListener.resetRequestContextHolder' -> true]]; transaction manager [org.springframework.orm.jpa.JpaTransactionManager@3a25d063]; rollback [true]
2021-03-12 14:34:06.353  INFO 43004 --- [    Test worker] com.roadmap.service.MemberService        : email send signup confirm Email link : /check-email-token?token=7d65ae79-9911-407e-a010-2e06c852fda4&email=epepep@email.com
2021-03-12 14:34:06.354 DEBUG 43004 --- [    Test worker] org.hibernate.SQL                        : 
    select
        nextval ('hibernate_sequence')
2021-03-12 14:34:06.400 DEBUG 43004 --- [    Test worker] org.hibernate.SQL                        : 
    insert 
    into
        member
        (moddate, regdate, bio, email, email_check_token, email_check_token_generated_at, email_verified, from_social, joined_at, loc_id, nickname, occupation, password, profile_image, roadmap_created_by_email, roadmap_created_by_web, roadmap_enrollment_result_by_email, roadmap_enrollment_result_by_web, roadmap_updated_by_email, roadmap_updated_by_web, url, id) 
    values
        (?, ?, ?, ?, ?, ?, ?, ?, ?, ?, ?, ?, ?, ?, ?, ?, ?, ?, ?, ?, ?, ?)
2021-03-12 14:34:06.400 TRACE 43004 --- [    Test worker] o.h.type.descriptor.sql.BasicBinder      : binding parameter [1] as [TIMESTAMP] - [2021-03-12T14:34:06.354953700]
2021-03-12 14:34:06.400 TRACE 43004 --- [    Test worker] o.h.type.descriptor.sql.BasicBinder      : binding parameter [2] as [TIMESTAMP] - [2021-03-12T14:34:06.354953700]
2021-03-12 14:34:06.400 TRACE 43004 --- [    Test worker] o.h.type.descriptor.sql.BasicBinder      : binding parameter [3] as [VARCHAR] - [null]
2021-03-12 14:34:06.400 TRACE 43004 --- [    Test worker] o.h.type.descriptor.sql.BasicBinder      : binding parameter [4] as [VARCHAR] - [epepep@email.com]
2021-03-12 14:34:06.400 TRACE 43004 --- [    Test worker] o.h.type.descriptor.sql.BasicBinder      : binding parameter [5] as [VARCHAR] - [7d65ae79-9911-407e-a010-2e06c852fda4]
2021-03-12 14:34:06.400 TRACE 43004 --- [    Test worker] o.h.type.descriptor.sql.BasicBinder      : binding parameter [6] as [TIMESTAMP] - [2021-03-12T14:34:06.352953400]
2021-03-12 14:34:06.401 TRACE 43004 --- [    Test worker] o.h.type.descriptor.sql.BasicBinder      : binding parameter [7] as [BOOLEAN] - [false]
2021-03-12 14:34:06.401 TRACE 43004 --- [    Test worker] o.h.type.descriptor.sql.BasicBinder      : binding parameter [8] as [BOOLEAN] - [false]
2021-03-12 14:34:06.401 TRACE 43004 --- [    Test worker] o.h.type.descriptor.sql.BasicBinder      : binding parameter [9] as [TIMESTAMP] - [2021-03-12T14:34:06.352953400]
2021-03-12 14:34:06.401 TRACE 43004 --- [    Test worker] o.h.type.descriptor.sql.BasicBinder      : binding parameter [10] as [BIGINT] - [null]
2021-03-12 14:34:06.401 TRACE 43004 --- [    Test worker] o.h.type.descriptor.sql.BasicBinder      : binding parameter [11] as [VARCHAR] - [epepep]
2021-03-12 14:34:06.401 TRACE 43004 --- [    Test worker] o.h.type.descriptor.sql.BasicBinder      : binding parameter [12] as [VARCHAR] - [null]
2021-03-12 14:34:06.401 TRACE 43004 --- [    Test worker] o.h.type.descriptor.sql.BasicBinder      : binding parameter [13] as [VARCHAR] - [{bcrypt}$2a$10$Nyutkn5HaCkMRP16eeDwg..gjwq2W5wsdHufLygjN0rlfxSQlBJdi]
2021-03-12 14:34:06.401 TRACE 43004 --- [    Test worker] o.h.type.descriptor.sql.BasicBinder      : binding parameter [14] as [CLOB] - [null]
2021-03-12 14:34:06.401 TRACE 43004 --- [    Test worker] o.h.type.descriptor.sql.BasicBinder      : binding parameter [15] as [BOOLEAN] - [false]
2021-03-12 14:34:06.401 TRACE 43004 --- [    Test worker] o.h.type.descriptor.sql.BasicBinder      : binding parameter [16] as [BOOLEAN] - [true]
2021-03-12 14:34:06.402 TRACE 43004 --- [    Test worker] o.h.type.descriptor.sql.BasicBinder      : binding parameter [17] as [BOOLEAN] - [false]
2021-03-12 14:34:06.402 TRACE 43004 --- [    Test worker] o.h.type.descriptor.sql.BasicBinder      : binding parameter [18] as [BOOLEAN] - [true]
2021-03-12 14:34:06.402 TRACE 43004 --- [    Test worker] o.h.type.descriptor.sql.BasicBinder      : binding parameter [19] as [BOOLEAN] - [false]
2021-03-12 14:34:06.402 TRACE 43004 --- [    Test worker] o.h.type.descriptor.sql.BasicBinder      : binding parameter [20] as [BOOLEAN] - [true]
2021-03-12 14:34:06.402 TRACE 43004 --- [    Test worker] o.h.type.descriptor.sql.BasicBinder      : binding parameter [21] as [VARCHAR] - [null]
2021-03-12 14:34:06.402 TRACE 43004 --- [    Test worker] o.h.type.descriptor.sql.BasicBinder      : binding parameter [22] as [BIGINT] - [21]
2021-03-12 14:34:06.492 DEBUG 43004 --- [    Test worker] org.hibernate.SQL                        : 
    insert 
    into
        member_role_set
        (member_id, role_set) 
    values
        (?, ?)
2021-03-12 14:34:06.492 TRACE 43004 --- [    Test worker] o.h.type.descriptor.sql.BasicBinder      : binding parameter [1] as [BIGINT] - [21]
2021-03-12 14:34:06.492 TRACE 43004 --- [    Test worker] o.h.type.descriptor.sql.BasicBinder      : binding parameter [2] as [VARCHAR] - [USER]
2021-03-12 14:34:06.534 DEBUG 43004 --- [    Test worker] org.hibernate.SQL                        : 
    select
        member0_.id as id1_3_,
        member0_.moddate as moddate2_3_,
        member0_.regdate as regdate3_3_,
        member0_.bio as bio4_3_,
        member0_.email as email5_3_,
        member0_.email_check_token as email_ch6_3_,
        member0_.email_check_token_generated_at as email_ch7_3_,
        member0_.email_verified as email_ve8_3_,
        member0_.from_social as from_soc9_3_,
        member0_.joined_at as joined_10_3_,
        member0_.loc_id as loc_id22_3_,
        member0_.nickname as nicknam11_3_,
        member0_.occupation as occupat12_3_,
        member0_.password as passwor13_3_,
        member0_.profile_image as profile14_3_,
        member0_.roadmap_created_by_email as roadmap15_3_,
        member0_.roadmap_created_by_web as roadmap16_3_,
        member0_.roadmap_enrollment_result_by_email as roadmap17_3_,
        member0_.roadmap_enrollment_result_by_web as roadmap18_3_,
        member0_.roadmap_updated_by_email as roadmap19_3_,
        member0_.roadmap_updated_by_web as roadmap20_3_,
        member0_.url as url21_3_ 
    from
        member member0_ 
    where
        member0_.email=?
2021-03-12 14:34:06.535 TRACE 43004 --- [    Test worker] o.h.type.descriptor.sql.BasicBinder      : binding parameter [1] as [VARCHAR] - [epepep]
2021-03-12 14:34:06.580 DEBUG 43004 --- [    Test worker] org.hibernate.SQL                        : 
    select
        member0_.id as id1_3_,
        member0_.moddate as moddate2_3_,
        member0_.regdate as regdate3_3_,
        member0_.bio as bio4_3_,
        member0_.email as email5_3_,
        member0_.email_check_token as email_ch6_3_,
        member0_.email_check_token_generated_at as email_ch7_3_,
        member0_.email_verified as email_ve8_3_,
        member0_.from_social as from_soc9_3_,
        member0_.joined_at as joined_10_3_,
        member0_.loc_id as loc_id22_3_,
        member0_.nickname as nicknam11_3_,
        member0_.occupation as occupat12_3_,
        member0_.password as passwor13_3_,
        member0_.profile_image as profile14_3_,
        member0_.roadmap_created_by_email as roadmap15_3_,
        member0_.roadmap_created_by_web as roadmap16_3_,
        member0_.roadmap_enrollment_result_by_email as roadmap17_3_,
        member0_.roadmap_enrollment_result_by_web as roadmap18_3_,
        member0_.roadmap_updated_by_email as roadmap19_3_,
        member0_.roadmap_updated_by_web as roadmap20_3_,
        member0_.url as url21_3_ 
    from
        member member0_ 
    where
        member0_.nickname=?
2021-03-12 14:34:06.580 TRACE 43004 --- [    Test worker] o.h.type.descriptor.sql.BasicBinder      : binding parameter [1] as [VARCHAR] - [epepep]
2021-03-12 14:34:06.631 DEBUG 43004 --- [    Test worker] org.hibernate.SQL                        : 
    select
        member0_.id as id1_3_,
        member0_.moddate as moddate2_3_,
        member0_.regdate as regdate3_3_,
        member0_.bio as bio4_3_,
        member0_.email as email5_3_,
        member0_.email_check_token as email_ch6_3_,
        member0_.email_check_token_generated_at as email_ch7_3_,
        member0_.email_verified as email_ve8_3_,
        member0_.from_social as from_soc9_3_,
        member0_.joined_at as joined_10_3_,
        member0_.loc_id as loc_id22_3_,
        member0_.nickname as nicknam11_3_,
        member0_.occupation as occupat12_3_,
        member0_.password as passwor13_3_,
        member0_.profile_image as profile14_3_,
        member0_.roadmap_created_by_email as roadmap15_3_,
        member0_.roadmap_created_by_web as roadmap16_3_,
        member0_.roadmap_enrollment_result_by_email as roadmap17_3_,
        member0_.roadmap_enrollment_result_by_web as roadmap18_3_,
        member0_.roadmap_updated_by_email as roadmap19_3_,
        member0_.roadmap_updated_by_web as roadmap20_3_,
        member0_.url as url21_3_ 
    from
        member member0_ 
    where
        member0_.nickname=?
2021-03-12 14:34:06.631 TRACE 43004 --- [    Test worker] o.h.type.descriptor.sql.BasicBinder      : binding parameter [1] as [VARCHAR] - [epepep]
2021-03-12 14:34:06.688 DEBUG 43004 --- [    Test worker] org.hibernate.SQL                        : 
    select
        member0_.id as id1_3_0_,
        roadmap2_.id as id1_14_1_,
        member0_.moddate as moddate2_3_0_,
        member0_.regdate as regdate3_3_0_,
        member0_.bio as bio4_3_0_,
        member0_.email as email5_3_0_,
        member0_.email_check_token as email_ch6_3_0_,
        member0_.email_check_token_generated_at as email_ch7_3_0_,
        member0_.email_verified as email_ve8_3_0_,
        member0_.from_social as from_soc9_3_0_,
        member0_.joined_at as joined_10_3_0_,
        member0_.loc_id as loc_id22_3_0_,
        member0_.nickname as nicknam11_3_0_,
        member0_.occupation as occupat12_3_0_,
        member0_.password as passwor13_3_0_,
        member0_.profile_image as profile14_3_0_,
        member0_.roadmap_created_by_email as roadmap15_3_0_,
        member0_.roadmap_created_by_web as roadmap16_3_0_,
        member0_.roadmap_enrollment_result_by_email as roadmap17_3_0_,
        member0_.roadmap_enrollment_result_by_web as roadmap18_3_0_,
        member0_.roadmap_updated_by_email as roadmap19_3_0_,
        member0_.roadmap_updated_by_web as roadmap20_3_0_,
        member0_.url as url21_3_0_,
        roadmap2_.moddate as moddate2_14_1_,
        roadmap2_.regdate as regdate3_14_1_,
        roadmap2_.closed as closed4_14_1_,
        roadmap2_.closed_date_time as closed_d5_14_1_,
        roadmap2_.complete as complete6_14_1_,
        roadmap2_.full_description as full_des7_14_1_,
        roadmap2_.image as image8_14_1_,
        roadmap2_.milestone as mileston9_14_1_,
        roadmap2_.owner_id as owner_i19_14_1_,
        roadmap2_.path as path10_14_1_,
        roadmap2_.progress as progres11_14_1_,
        roadmap2_.published as publish12_14_1_,
        roadmap2_.published_date_time as publish13_14_1_,
        roadmap2_.recruiting as recruit14_14_1_,
        roadmap2_.recruiting_updated_date_time as recruit15_14_1_,
        roadmap2_.short_description as short_d16_14_1_,
        roadmap2_.title as title17_14_1_,
        roadmap2_.use_banner as use_ban18_14_1_,
        roadmaps1_.members_id as members_2_15_0__,
        roadmaps1_.roadmaps_id as roadmaps1_15_0__ 
    from
        member member0_ 
    left outer join
        roadmap_members roadmaps1_ 
            on member0_.id=roadmaps1_.members_id 
    left outer join
        roadmap roadmap2_ 
            on roadmaps1_.roadmaps_id=roadmap2_.id 
    where
        member0_.nickname=?
2021-03-12 14:34:06.688 TRACE 43004 --- [    Test worker] o.h.type.descriptor.sql.BasicBinder      : binding parameter [1] as [VARCHAR] - [epepep]
2021-03-12 14:34:06.748 DEBUG 43004 --- [    Test worker] org.hibernate.SQL                        : 
    insert 
    into
        roadmap
        (moddate, regdate, closed, closed_date_time, complete, full_description, image, milestone, owner_id, path, progress, published, published_date_time, recruiting, recruiting_updated_date_time, short_description, title, use_banner) 
    values
        (?, ?, ?, ?, ?, ?, ?, ?, ?, ?, ?, ?, ?, ?, ?, ?, ?, ?)
2021-03-12 14:34:06.748 TRACE 43004 --- [    Test worker] o.h.type.descriptor.sql.BasicBinder      : binding parameter [1] as [TIMESTAMP] - [2021-03-12T14:34:06.748948800]
2021-03-12 14:34:06.749 TRACE 43004 --- [    Test worker] o.h.type.descriptor.sql.BasicBinder      : binding parameter [2] as [TIMESTAMP] - [2021-03-12T14:34:06.748948800]
2021-03-12 14:34:06.749 TRACE 43004 --- [    Test worker] o.h.type.descriptor.sql.BasicBinder      : binding parameter [3] as [BOOLEAN] - [false]
2021-03-12 14:34:06.749 TRACE 43004 --- [    Test worker] o.h.type.descriptor.sql.BasicBinder      : binding parameter [4] as [TIMESTAMP] - [null]
2021-03-12 14:34:06.749 TRACE 43004 --- [    Test worker] o.h.type.descriptor.sql.BasicBinder      : binding parameter [5] as [BOOLEAN] - [false]
2021-03-12 14:34:06.749 TRACE 43004 --- [    Test worker] o.h.type.descriptor.sql.BasicBinder      : binding parameter [6] as [CLOB] - [full description]
2021-03-12 14:34:06.933 TRACE 43004 --- [    Test worker] o.h.type.descriptor.sql.BasicBinder      : binding parameter [7] as [CLOB] - [null]
2021-03-12 14:34:06.933 TRACE 43004 --- [    Test worker] o.h.type.descriptor.sql.BasicBinder      : binding parameter [8] as [TIMESTAMP] - [null]
2021-03-12 14:34:06.933 TRACE 43004 --- [    Test worker] o.h.type.descriptor.sql.BasicBinder      : binding parameter [9] as [BIGINT] - [21]
2021-03-12 14:34:06.933 TRACE 43004 --- [    Test worker] o.h.type.descriptor.sql.BasicBinder      : binding parameter [10] as [VARCHAR] - [/path]
2021-03-12 14:34:06.933 TRACE 43004 --- [    Test worker] o.h.type.descriptor.sql.BasicBinder      : binding parameter [11] as [DOUBLE] - [null]
2021-03-12 14:34:06.933 TRACE 43004 --- [    Test worker] o.h.type.descriptor.sql.BasicBinder      : binding parameter [12] as [BOOLEAN] - [false]
2021-03-12 14:34:06.934 TRACE 43004 --- [    Test worker] o.h.type.descriptor.sql.BasicBinder      : binding parameter [13] as [TIMESTAMP] - [null]
2021-03-12 14:34:06.934 TRACE 43004 --- [    Test worker] o.h.type.descriptor.sql.BasicBinder      : binding parameter [14] as [BOOLEAN] - [false]
2021-03-12 14:34:06.934 TRACE 43004 --- [    Test worker] o.h.type.descriptor.sql.BasicBinder      : binding parameter [15] as [TIMESTAMP] - [null]
2021-03-12 14:34:06.934 TRACE 43004 --- [    Test worker] o.h.type.descriptor.sql.BasicBinder      : binding parameter [16] as [VARCHAR] - [short description]
2021-03-12 14:34:06.934 TRACE 43004 --- [    Test worker] o.h.type.descriptor.sql.BasicBinder      : binding parameter [17] as [VARCHAR] - [title]
2021-03-12 14:34:06.934 TRACE 43004 --- [    Test worker] o.h.type.descriptor.sql.BasicBinder      : binding parameter [18] as [BOOLEAN] - [false]
2021-03-12 14:34:06.984 DEBUG 43004 --- [    Test worker] org.hibernate.SQL                        : 
    insert 
    into
        stage
        (moddate, regdate, complete, head, ord, roadmap_id, tail, title) 
    values
        (?, ?, ?, ?, ?, ?, ?, ?)
2021-03-12 14:34:06.984 TRACE 43004 --- [    Test worker] o.h.type.descriptor.sql.BasicBinder      : binding parameter [1] as [TIMESTAMP] - [2021-03-12T14:34:06.984949900]
2021-03-12 14:34:06.984 TRACE 43004 --- [    Test worker] o.h.type.descriptor.sql.BasicBinder      : binding parameter [2] as [TIMESTAMP] - [2021-03-12T14:34:06.984949900]
2021-03-12 14:34:06.985 TRACE 43004 --- [    Test worker] o.h.type.descriptor.sql.BasicBinder      : binding parameter [3] as [BOOLEAN] - [false]
2021-03-12 14:34:06.985 TRACE 43004 --- [    Test worker] o.h.type.descriptor.sql.BasicBinder      : binding parameter [4] as [BOOLEAN] - [true]
2021-03-12 14:34:06.985 TRACE 43004 --- [    Test worker] o.h.type.descriptor.sql.BasicBinder      : binding parameter [5] as [INTEGER] - [1]
2021-03-12 14:34:06.985 TRACE 43004 --- [    Test worker] o.h.type.descriptor.sql.BasicBinder      : binding parameter [6] as [BIGINT] - [9]
2021-03-12 14:34:06.985 TRACE 43004 --- [    Test worker] o.h.type.descriptor.sql.BasicBinder      : binding parameter [7] as [BOOLEAN] - [true]
2021-03-12 14:34:06.985 TRACE 43004 --- [    Test worker] o.h.type.descriptor.sql.BasicBinder      : binding parameter [8] as [VARCHAR] - [1단계]
2021-03-12 14:34:07.044 DEBUG 43004 --- [    Test worker] org.hibernate.SQL                        : 
    insert 
    into
        node
        (moddate, regdate, complete, node_type, parent_id, read, short_description, stage_id, text, title, url) 
    values
        (?, ?, ?, ?, ?, ?, ?, ?, ?, ?, ?)
2021-03-12 14:34:07.044 TRACE 43004 --- [    Test worker] o.h.type.descriptor.sql.BasicBinder      : binding parameter [1] as [TIMESTAMP] - [2021-03-12T14:34:07.044954100]
2021-03-12 14:34:07.044 TRACE 43004 --- [    Test worker] o.h.type.descriptor.sql.BasicBinder      : binding parameter [2] as [TIMESTAMP] - [2021-03-12T14:34:07.044954100]
2021-03-12 14:34:07.045 TRACE 43004 --- [    Test worker] o.h.type.descriptor.sql.BasicBinder      : binding parameter [3] as [BOOLEAN] - [false]
2021-03-12 14:34:07.045 TRACE 43004 --- [    Test worker] o.h.type.descriptor.sql.BasicBinder      : binding parameter [4] as [VARCHAR] - [post]
2021-03-12 14:34:07.045 TRACE 43004 --- [    Test worker] o.h.type.descriptor.sql.BasicBinder      : binding parameter [5] as [BIGINT] - [null]
2021-03-12 14:34:07.045 TRACE 43004 --- [    Test worker] o.h.type.descriptor.sql.BasicBinder      : binding parameter [6] as [BOOLEAN] - [false]
2021-03-12 14:34:07.045 TRACE 43004 --- [    Test worker] o.h.type.descriptor.sql.BasicBinder      : binding parameter [7] as [VARCHAR] - [null]
2021-03-12 14:34:07.045 TRACE 43004 --- [    Test worker] o.h.type.descriptor.sql.BasicBinder      : binding parameter [8] as [BIGINT] - [28]
2021-03-12 14:34:07.045 TRACE 43004 --- [    Test worker] o.h.type.descriptor.sql.BasicBinder      : binding parameter [9] as [VARCHAR] - [null]
2021-03-12 14:34:07.045 TRACE 43004 --- [    Test worker] o.h.type.descriptor.sql.BasicBinder      : binding parameter [10] as [VARCHAR] - [노드 제목]
2021-03-12 14:34:07.045 TRACE 43004 --- [    Test worker] o.h.type.descriptor.sql.BasicBinder      : binding parameter [11] as [VARCHAR] - [null]
2021-03-12 14:34:07.100  INFO 43004 --- [    Test worker] com.roadmap.filter.ApiCheckFilter        : REQUESTURI : /new-post/13
2021-03-12 14:34:07.100  INFO 43004 --- [    Test worker] com.roadmap.filter.ApiCheckFilter        : false
2021-03-12 14:34:07.102 DEBUG 43004 --- [    Test worker] org.hibernate.SQL                        : 
    select
        post0_.id as id1_11_,
        post0_.content as content2_11_,
        post0_.description as descript3_11_,
        post0_.node_id as node_id5_11_,
        post0_.title as title4_11_,
        post0_.writer_id as writer_i6_11_ 
    from
        post post0_ 
    left outer join
        node node1_ 
            on post0_.node_id=node1_.id 
    where
        node1_.id=?
2021-03-12 14:34:07.102 TRACE 43004 --- [    Test worker] o.h.type.descriptor.sql.BasicBinder      : binding parameter [1] as [BIGINT] - [13]
2021-03-12 14:34:07.157 DEBUG 43004 --- [    Test worker] org.hibernate.SQL                        : 
    insert 
    into
        post
        (content, description, node_id, title, writer_id) 
    values
        (?, ?, ?, ?, ?)
2021-03-12 14:34:07.158 TRACE 43004 --- [    Test worker] o.h.type.descriptor.sql.BasicBinder      : binding parameter [1] as [CLOB] - [null]
2021-03-12 14:34:07.158 TRACE 43004 --- [    Test worker] o.h.type.descriptor.sql.BasicBinder      : binding parameter [2] as [VARCHAR] - [null]
2021-03-12 14:34:07.158 TRACE 43004 --- [    Test worker] o.h.type.descriptor.sql.BasicBinder      : binding parameter [3] as [BIGINT] - [13]
2021-03-12 14:34:07.158 TRACE 43004 --- [    Test worker] o.h.type.descriptor.sql.BasicBinder      : binding parameter [4] as [VARCHAR] - [null]
2021-03-12 14:34:07.158 TRACE 43004 --- [    Test worker] o.h.type.descriptor.sql.BasicBinder      : binding parameter [5] as [BIGINT] - [null]
2021-03-12 14:34:07.210 DEBUG 43004 --- [    Test worker] org.hibernate.SQL                        : 
    select
        tag0_.id as id1_21_,
        tag0_.moddate as moddate2_21_,
        tag0_.regdate as regdate3_21_,
        tag0_.title as title4_21_ 
    from
        tag tag0_
2021-03-12 14:34:07.275  INFO 43004 --- [    Test worker] com.roadmap.filter.ApiCheckFilter        : REQUESTURI : /new-post/13
2021-03-12 14:34:07.275  INFO 43004 --- [    Test worker] com.roadmap.filter.ApiCheckFilter        : false
2021-03-12 14:34:07.311 DEBUG 43004 --- [    Test worker] org.hibernate.SQL                        : 
    select
        post0_.id as id1_11_,
        post0_.content as content2_11_,
        post0_.description as descript3_11_,
        post0_.node_id as node_id5_11_,
        post0_.title as title4_11_,
        post0_.writer_id as writer_i6_11_ 
    from
        post post0_ 
    left outer join
        node node1_ 
            on post0_.node_id=node1_.id 
    where
        node1_.id=?
2021-03-12 14:34:07.311 TRACE 43004 --- [    Test worker] o.h.type.descriptor.sql.BasicBinder      : binding parameter [1] as [BIGINT] - [13]
2021-03-12 14:34:07.403  INFO 43004 --- [    Test worker] o.s.t.c.transaction.TransactionContext   : Rolled back transaction for test: [DefaultTestContext@6f5b8abc testClass = PostControllerTest, testInstance = com.roadmap.post.PostControllerTest@69932306, testMethod = newPostFormSubmit_error@PostControllerTest, testException = [null], mergedContextConfiguration = [WebMergedContextConfiguration@34a0ce9d testClass = PostControllerTest, locations = '{}', classes = '{class com.roadmap.CoreApplication}', contextInitializerClasses = '[]', activeProfiles = '{}', propertySourceLocations = '{}', propertySourceProperties = '{org.springframework.boot.test.context.SpringBootTestContextBootstrapper=true}', contextCustomizers = set[org.springframework.boot.test.autoconfigure.properties.PropertyMappingContextCustomizer@4b3fa0b3, org.springframework.boot.test.autoconfigure.web.servlet.WebDriverContextCustomizerFactory$Customizer@36f3985, [ImportsContextCustomizer@611f150d key = [org.springframework.boot.test.autoconfigure.web.servlet.MockMvcAutoConfiguration, org.springframework.boot.test.autoconfigure.web.servlet.MockMvcWebClientAutoConfiguration, org.springframework.boot.test.autoconfigure.web.servlet.MockMvcWebDriverAutoConfiguration, org.springframework.boot.autoconfigure.security.oauth2.client.servlet.OAuth2ClientAutoConfiguration, org.springframework.boot.autoconfigure.security.oauth2.resource.servlet.OAuth2ResourceServerAutoConfiguration, org.springframework.boot.autoconfigure.security.servlet.SecurityAutoConfiguration, org.springframework.boot.autoconfigure.security.servlet.SecurityFilterAutoConfiguration, org.springframework.boot.autoconfigure.security.servlet.UserDetailsServiceAutoConfiguration, org.springframework.boot.test.autoconfigure.web.servlet.MockMvcSecurityConfiguration]], org.springframework.boot.test.context.filter.ExcludeFilterContextCustomizer@465bc06d, org.springframework.boot.test.json.DuplicateJsonObjectContextCustomizerFactory$DuplicateJsonObjectContextCustomizer@7bb6418b, org.springframework.boot.test.mock.mockito.MockitoContextCustomizer@0, org.springframework.boot.test.web.client.TestRestTemplateContextCustomizer@23d4aa12, org.springframework.boot.test.context.SpringBootTestArgs@1, org.springframework.boot.test.context.SpringBootTestWebEnvironment@3db94553], resourceBasePath = 'src/main/webapp', contextLoader = 'org.springframework.boot.test.context.SpringBootContextLoader', parent = [null]], attributes = map['org.springframework.test.context.web.ServletTestExecutionListener.activateListener' -> true, 'org.springframework.test.context.web.ServletTestExecutionListener.populatedRequestContextHolder' -> true, 'org.springframework.test.context.web.ServletTestExecutionListener.resetRequestContextHolder' -> true]]
2021-03-12 14:34:07.405  INFO 43004 --- [    Test worker] o.s.t.c.transaction.TransactionContext   : Began transaction (1) for test context [DefaultTestContext@6f5b8abc testClass = PostControllerTest, testInstance = com.roadmap.post.PostControllerTest@11e184c6, testMethod = newPostView@PostControllerTest, testException = [null], mergedContextConfiguration = [WebMergedContextConfiguration@34a0ce9d testClass = PostControllerTest, locations = '{}', classes = '{class com.roadmap.CoreApplication}', contextInitializerClasses = '[]', activeProfiles = '{}', propertySourceLocations = '{}', propertySourceProperties = '{org.springframework.boot.test.context.SpringBootTestContextBootstrapper=true}', contextCustomizers = set[org.springframework.boot.test.autoconfigure.properties.PropertyMappingContextCustomizer@4b3fa0b3, org.springframework.boot.test.autoconfigure.web.servlet.WebDriverContextCustomizerFactory$Customizer@36f3985, [ImportsContextCustomizer@611f150d key = [org.springframework.boot.test.autoconfigure.web.servlet.MockMvcAutoConfiguration, org.springframework.boot.test.autoconfigure.web.servlet.MockMvcWebClientAutoConfiguration, org.springframework.boot.test.autoconfigure.web.servlet.MockMvcWebDriverAutoConfiguration, org.springframework.boot.autoconfigure.security.oauth2.client.servlet.OAuth2ClientAutoConfiguration, org.springframework.boot.autoconfigure.security.oauth2.resource.servlet.OAuth2ResourceServerAutoConfiguration, org.springframework.boot.autoconfigure.security.servlet.SecurityAutoConfiguration, org.springframework.boot.autoconfigure.security.servlet.SecurityFilterAutoConfiguration, org.springframework.boot.autoconfigure.security.servlet.UserDetailsServiceAutoConfiguration, org.springframework.boot.test.autoconfigure.web.servlet.MockMvcSecurityConfiguration]], org.springframework.boot.test.context.filter.ExcludeFilterContextCustomizer@465bc06d, org.springframework.boot.test.json.DuplicateJsonObjectContextCustomizerFactory$DuplicateJsonObjectContextCustomizer@7bb6418b, org.springframework.boot.test.mock.mockito.MockitoContextCustomizer@0, org.springframework.boot.test.web.client.TestRestTemplateContextCustomizer@23d4aa12, org.springframework.boot.test.context.SpringBootTestArgs@1, org.springframework.boot.test.context.SpringBootTestWebEnvironment@3db94553], resourceBasePath = 'src/main/webapp', contextLoader = 'org.springframework.boot.test.context.SpringBootContextLoader', parent = [null]], attributes = map['org.springframework.test.context.web.ServletTestExecutionListener.activateListener' -> true, 'org.springframework.test.context.web.ServletTestExecutionListener.populatedRequestContextHolder' -> true, 'org.springframework.test.context.web.ServletTestExecutionListener.resetRequestContextHolder' -> true]]; transaction manager [org.springframework.orm.jpa.JpaTransactionManager@3a25d063]; rollback [true]
2021-03-12 14:34:07.469  INFO 43004 --- [    Test worker] com.roadmap.service.MemberService        : email send signup confirm Email link : /check-email-token?token=90fdbe17-53e9-4644-b2f4-87626d2c158f&email=epepep@email.com
2021-03-12 14:34:07.469 DEBUG 43004 --- [    Test worker] org.hibernate.SQL                        : 
    select
        nextval ('hibernate_sequence')
2021-03-12 14:34:07.525 DEBUG 43004 --- [    Test worker] org.hibernate.SQL                        : 
    insert 
    into
        member
        (moddate, regdate, bio, email, email_check_token, email_check_token_generated_at, email_verified, from_social, joined_at, loc_id, nickname, occupation, password, profile_image, roadmap_created_by_email, roadmap_created_by_web, roadmap_enrollment_result_by_email, roadmap_enrollment_result_by_web, roadmap_updated_by_email, roadmap_updated_by_web, url, id) 
    values
        (?, ?, ?, ?, ?, ?, ?, ?, ?, ?, ?, ?, ?, ?, ?, ?, ?, ?, ?, ?, ?, ?)
2021-03-12 14:34:07.525 TRACE 43004 --- [    Test worker] o.h.type.descriptor.sql.BasicBinder      : binding parameter [1] as [TIMESTAMP] - [2021-03-12T14:34:07.469952500]
2021-03-12 14:34:07.525 TRACE 43004 --- [    Test worker] o.h.type.descriptor.sql.BasicBinder      : binding parameter [2] as [TIMESTAMP] - [2021-03-12T14:34:07.469952500]
2021-03-12 14:34:07.525 TRACE 43004 --- [    Test worker] o.h.type.descriptor.sql.BasicBinder      : binding parameter [3] as [VARCHAR] - [null]
2021-03-12 14:34:07.526 TRACE 43004 --- [    Test worker] o.h.type.descriptor.sql.BasicBinder      : binding parameter [4] as [VARCHAR] - [epepep@email.com]
2021-03-12 14:34:07.526 TRACE 43004 --- [    Test worker] o.h.type.descriptor.sql.BasicBinder      : binding parameter [5] as [VARCHAR] - [90fdbe17-53e9-4644-b2f4-87626d2c158f]
2021-03-12 14:34:07.526 TRACE 43004 --- [    Test worker] o.h.type.descriptor.sql.BasicBinder      : binding parameter [6] as [TIMESTAMP] - [2021-03-12T14:34:07.469000700]
2021-03-12 14:34:07.526 TRACE 43004 --- [    Test worker] o.h.type.descriptor.sql.BasicBinder      : binding parameter [7] as [BOOLEAN] - [false]
2021-03-12 14:34:07.526 TRACE 43004 --- [    Test worker] o.h.type.descriptor.sql.BasicBinder      : binding parameter [8] as [BOOLEAN] - [false]
2021-03-12 14:34:07.526 TRACE 43004 --- [    Test worker] o.h.type.descriptor.sql.BasicBinder      : binding parameter [9] as [TIMESTAMP] - [2021-03-12T14:34:07.469000700]
2021-03-12 14:34:07.526 TRACE 43004 --- [    Test worker] o.h.type.descriptor.sql.BasicBinder      : binding parameter [10] as [BIGINT] - [null]
2021-03-12 14:34:07.526 TRACE 43004 --- [    Test worker] o.h.type.descriptor.sql.BasicBinder      : binding parameter [11] as [VARCHAR] - [epepep]
2021-03-12 14:34:07.526 TRACE 43004 --- [    Test worker] o.h.type.descriptor.sql.BasicBinder      : binding parameter [12] as [VARCHAR] - [null]
2021-03-12 14:34:07.526 TRACE 43004 --- [    Test worker] o.h.type.descriptor.sql.BasicBinder      : binding parameter [13] as [VARCHAR] - [{bcrypt}$2a$10$ytwY42N8ZaNoWSsEBcgD5elgJ4ILv7DgJM5zJ1nmhFU.uel9oWs7q]
2021-03-12 14:34:07.526 TRACE 43004 --- [    Test worker] o.h.type.descriptor.sql.BasicBinder      : binding parameter [14] as [CLOB] - [null]
2021-03-12 14:34:07.526 TRACE 43004 --- [    Test worker] o.h.type.descriptor.sql.BasicBinder      : binding parameter [15] as [BOOLEAN] - [false]
2021-03-12 14:34:07.526 TRACE 43004 --- [    Test worker] o.h.type.descriptor.sql.BasicBinder      : binding parameter [16] as [BOOLEAN] - [true]
2021-03-12 14:34:07.526 TRACE 43004 --- [    Test worker] o.h.type.descriptor.sql.BasicBinder      : binding parameter [17] as [BOOLEAN] - [false]
2021-03-12 14:34:07.527 TRACE 43004 --- [    Test worker] o.h.type.descriptor.sql.BasicBinder      : binding parameter [18] as [BOOLEAN] - [true]
2021-03-12 14:34:07.527 TRACE 43004 --- [    Test worker] o.h.type.descriptor.sql.BasicBinder      : binding parameter [19] as [BOOLEAN] - [false]
2021-03-12 14:34:07.527 TRACE 43004 --- [    Test worker] o.h.type.descriptor.sql.BasicBinder      : binding parameter [20] as [BOOLEAN] - [true]
2021-03-12 14:34:07.527 TRACE 43004 --- [    Test worker] o.h.type.descriptor.sql.BasicBinder      : binding parameter [21] as [VARCHAR] - [null]
2021-03-12 14:34:07.527 TRACE 43004 --- [    Test worker] o.h.type.descriptor.sql.BasicBinder      : binding parameter [22] as [BIGINT] - [22]
2021-03-12 14:34:07.578 DEBUG 43004 --- [    Test worker] org.hibernate.SQL                        : 
    insert 
    into
        member_role_set
        (member_id, role_set) 
    values
        (?, ?)
2021-03-12 14:34:07.578 TRACE 43004 --- [    Test worker] o.h.type.descriptor.sql.BasicBinder      : binding parameter [1] as [BIGINT] - [22]
2021-03-12 14:34:07.578 TRACE 43004 --- [    Test worker] o.h.type.descriptor.sql.BasicBinder      : binding parameter [2] as [VARCHAR] - [USER]
2021-03-12 14:34:07.632 DEBUG 43004 --- [    Test worker] org.hibernate.SQL                        : 
    select
        member0_.id as id1_3_,
        member0_.moddate as moddate2_3_,
        member0_.regdate as regdate3_3_,
        member0_.bio as bio4_3_,
        member0_.email as email5_3_,
        member0_.email_check_token as email_ch6_3_,
        member0_.email_check_token_generated_at as email_ch7_3_,
        member0_.email_verified as email_ve8_3_,
        member0_.from_social as from_soc9_3_,
        member0_.joined_at as joined_10_3_,
        member0_.loc_id as loc_id22_3_,
        member0_.nickname as nicknam11_3_,
        member0_.occupation as occupat12_3_,
        member0_.password as passwor13_3_,
        member0_.profile_image as profile14_3_,
        member0_.roadmap_created_by_email as roadmap15_3_,
        member0_.roadmap_created_by_web as roadmap16_3_,
        member0_.roadmap_enrollment_result_by_email as roadmap17_3_,
        member0_.roadmap_enrollment_result_by_web as roadmap18_3_,
        member0_.roadmap_updated_by_email as roadmap19_3_,
        member0_.roadmap_updated_by_web as roadmap20_3_,
        member0_.url as url21_3_ 
    from
        member member0_ 
    where
        member0_.email=?
2021-03-12 14:34:07.632 TRACE 43004 --- [    Test worker] o.h.type.descriptor.sql.BasicBinder      : binding parameter [1] as [VARCHAR] - [epepep]
2021-03-12 14:34:07.696 DEBUG 43004 --- [    Test worker] org.hibernate.SQL                        : 
    select
        member0_.id as id1_3_,
        member0_.moddate as moddate2_3_,
        member0_.regdate as regdate3_3_,
        member0_.bio as bio4_3_,
        member0_.email as email5_3_,
        member0_.email_check_token as email_ch6_3_,
        member0_.email_check_token_generated_at as email_ch7_3_,
        member0_.email_verified as email_ve8_3_,
        member0_.from_social as from_soc9_3_,
        member0_.joined_at as joined_10_3_,
        member0_.loc_id as loc_id22_3_,
        member0_.nickname as nicknam11_3_,
        member0_.occupation as occupat12_3_,
        member0_.password as passwor13_3_,
        member0_.profile_image as profile14_3_,
        member0_.roadmap_created_by_email as roadmap15_3_,
        member0_.roadmap_created_by_web as roadmap16_3_,
        member0_.roadmap_enrollment_result_by_email as roadmap17_3_,
        member0_.roadmap_enrollment_result_by_web as roadmap18_3_,
        member0_.roadmap_updated_by_email as roadmap19_3_,
        member0_.roadmap_updated_by_web as roadmap20_3_,
        member0_.url as url21_3_ 
    from
        member member0_ 
    where
        member0_.nickname=?
2021-03-12 14:34:07.696 TRACE 43004 --- [    Test worker] o.h.type.descriptor.sql.BasicBinder      : binding parameter [1] as [VARCHAR] - [epepep]
2021-03-12 14:34:07.740 DEBUG 43004 --- [    Test worker] org.hibernate.SQL                        : 
    select
        member0_.id as id1_3_,
        member0_.moddate as moddate2_3_,
        member0_.regdate as regdate3_3_,
        member0_.bio as bio4_3_,
        member0_.email as email5_3_,
        member0_.email_check_token as email_ch6_3_,
        member0_.email_check_token_generated_at as email_ch7_3_,
        member0_.email_verified as email_ve8_3_,
        member0_.from_social as from_soc9_3_,
        member0_.joined_at as joined_10_3_,
        member0_.loc_id as loc_id22_3_,
        member0_.nickname as nicknam11_3_,
        member0_.occupation as occupat12_3_,
        member0_.password as passwor13_3_,
        member0_.profile_image as profile14_3_,
        member0_.roadmap_created_by_email as roadmap15_3_,
        member0_.roadmap_created_by_web as roadmap16_3_,
        member0_.roadmap_enrollment_result_by_email as roadmap17_3_,
        member0_.roadmap_enrollment_result_by_web as roadmap18_3_,
        member0_.roadmap_updated_by_email as roadmap19_3_,
        member0_.roadmap_updated_by_web as roadmap20_3_,
        member0_.url as url21_3_ 
    from
        member member0_ 
    where
        member0_.nickname=?
2021-03-12 14:34:07.741 TRACE 43004 --- [    Test worker] o.h.type.descriptor.sql.BasicBinder      : binding parameter [1] as [VARCHAR] - [epepep]
2021-03-12 14:34:07.786 DEBUG 43004 --- [    Test worker] org.hibernate.SQL                        : 
    select
        member0_.id as id1_3_0_,
        roadmap2_.id as id1_14_1_,
        member0_.moddate as moddate2_3_0_,
        member0_.regdate as regdate3_3_0_,
        member0_.bio as bio4_3_0_,
        member0_.email as email5_3_0_,
        member0_.email_check_token as email_ch6_3_0_,
        member0_.email_check_token_generated_at as email_ch7_3_0_,
        member0_.email_verified as email_ve8_3_0_,
        member0_.from_social as from_soc9_3_0_,
        member0_.joined_at as joined_10_3_0_,
        member0_.loc_id as loc_id22_3_0_,
        member0_.nickname as nicknam11_3_0_,
        member0_.occupation as occupat12_3_0_,
        member0_.password as passwor13_3_0_,
        member0_.profile_image as profile14_3_0_,
        member0_.roadmap_created_by_email as roadmap15_3_0_,
        member0_.roadmap_created_by_web as roadmap16_3_0_,
        member0_.roadmap_enrollment_result_by_email as roadmap17_3_0_,
        member0_.roadmap_enrollment_result_by_web as roadmap18_3_0_,
        member0_.roadmap_updated_by_email as roadmap19_3_0_,
        member0_.roadmap_updated_by_web as roadmap20_3_0_,
        member0_.url as url21_3_0_,
        roadmap2_.moddate as moddate2_14_1_,
        roadmap2_.regdate as regdate3_14_1_,
        roadmap2_.closed as closed4_14_1_,
        roadmap2_.closed_date_time as closed_d5_14_1_,
        roadmap2_.complete as complete6_14_1_,
        roadmap2_.full_description as full_des7_14_1_,
        roadmap2_.image as image8_14_1_,
        roadmap2_.milestone as mileston9_14_1_,
        roadmap2_.owner_id as owner_i19_14_1_,
        roadmap2_.path as path10_14_1_,
        roadmap2_.progress as progres11_14_1_,
        roadmap2_.published as publish12_14_1_,
        roadmap2_.published_date_time as publish13_14_1_,
        roadmap2_.recruiting as recruit14_14_1_,
        roadmap2_.recruiting_updated_date_time as recruit15_14_1_,
        roadmap2_.short_description as short_d16_14_1_,
        roadmap2_.title as title17_14_1_,
        roadmap2_.use_banner as use_ban18_14_1_,
        roadmaps1_.members_id as members_2_15_0__,
        roadmaps1_.roadmaps_id as roadmaps1_15_0__ 
    from
        member member0_ 
    left outer join
        roadmap_members roadmaps1_ 
            on member0_.id=roadmaps1_.members_id 
    left outer join
        roadmap roadmap2_ 
            on roadmaps1_.roadmaps_id=roadmap2_.id 
    where
        member0_.nickname=?
2021-03-12 14:34:07.786 TRACE 43004 --- [    Test worker] o.h.type.descriptor.sql.BasicBinder      : binding parameter [1] as [VARCHAR] - [epepep]
2021-03-12 14:34:08.005 DEBUG 43004 --- [    Test worker] org.hibernate.SQL                        : 
    insert 
    into
        roadmap
        (moddate, regdate, closed, closed_date_time, complete, full_description, image, milestone, owner_id, path, progress, published, published_date_time, recruiting, recruiting_updated_date_time, short_description, title, use_banner) 
    values
        (?, ?, ?, ?, ?, ?, ?, ?, ?, ?, ?, ?, ?, ?, ?, ?, ?, ?)
2021-03-12 14:34:08.006 TRACE 43004 --- [    Test worker] o.h.type.descriptor.sql.BasicBinder      : binding parameter [1] as [TIMESTAMP] - [2021-03-12T14:34:08.005953600]
2021-03-12 14:34:08.006 TRACE 43004 --- [    Test worker] o.h.type.descriptor.sql.BasicBinder      : binding parameter [2] as [TIMESTAMP] - [2021-03-12T14:34:08.005953600]
2021-03-12 14:34:08.006 TRACE 43004 --- [    Test worker] o.h.type.descriptor.sql.BasicBinder      : binding parameter [3] as [BOOLEAN] - [false]
2021-03-12 14:34:08.006 TRACE 43004 --- [    Test worker] o.h.type.descriptor.sql.BasicBinder      : binding parameter [4] as [TIMESTAMP] - [null]
2021-03-12 14:34:08.006 TRACE 43004 --- [    Test worker] o.h.type.descriptor.sql.BasicBinder      : binding parameter [5] as [BOOLEAN] - [false]
2021-03-12 14:34:08.006 TRACE 43004 --- [    Test worker] o.h.type.descriptor.sql.BasicBinder      : binding parameter [6] as [CLOB] - [full description]
2021-03-12 14:34:08.304 TRACE 43004 --- [    Test worker] o.h.type.descriptor.sql.BasicBinder      : binding parameter [7] as [CLOB] - [null]
2021-03-12 14:34:08.304 TRACE 43004 --- [    Test worker] o.h.type.descriptor.sql.BasicBinder      : binding parameter [8] as [TIMESTAMP] - [null]
2021-03-12 14:34:08.304 TRACE 43004 --- [    Test worker] o.h.type.descriptor.sql.BasicBinder      : binding parameter [9] as [BIGINT] - [22]
2021-03-12 14:34:08.304 TRACE 43004 --- [    Test worker] o.h.type.descriptor.sql.BasicBinder      : binding parameter [10] as [VARCHAR] - [/path]
2021-03-12 14:34:08.304 TRACE 43004 --- [    Test worker] o.h.type.descriptor.sql.BasicBinder      : binding parameter [11] as [DOUBLE] - [null]
2021-03-12 14:34:08.304 TRACE 43004 --- [    Test worker] o.h.type.descriptor.sql.BasicBinder      : binding parameter [12] as [BOOLEAN] - [false]
2021-03-12 14:34:08.304 TRACE 43004 --- [    Test worker] o.h.type.descriptor.sql.BasicBinder      : binding parameter [13] as [TIMESTAMP] - [null]
2021-03-12 14:34:08.304 TRACE 43004 --- [    Test worker] o.h.type.descriptor.sql.BasicBinder      : binding parameter [14] as [BOOLEAN] - [false]
2021-03-12 14:34:08.304 TRACE 43004 --- [    Test worker] o.h.type.descriptor.sql.BasicBinder      : binding parameter [15] as [TIMESTAMP] - [null]
2021-03-12 14:34:08.305 TRACE 43004 --- [    Test worker] o.h.type.descriptor.sql.BasicBinder      : binding parameter [16] as [VARCHAR] - [short description]
2021-03-12 14:34:08.305 TRACE 43004 --- [    Test worker] o.h.type.descriptor.sql.BasicBinder      : binding parameter [17] as [VARCHAR] - [title]
2021-03-12 14:34:08.305 TRACE 43004 --- [    Test worker] o.h.type.descriptor.sql.BasicBinder      : binding parameter [18] as [BOOLEAN] - [false]
2021-03-12 14:34:08.357 DEBUG 43004 --- [    Test worker] org.hibernate.SQL                        : 
    insert 
    into
        stage
        (moddate, regdate, complete, head, ord, roadmap_id, tail, title) 
    values
        (?, ?, ?, ?, ?, ?, ?, ?)
2021-03-12 14:34:08.357 TRACE 43004 --- [    Test worker] o.h.type.descriptor.sql.BasicBinder      : binding parameter [1] as [TIMESTAMP] - [2021-03-12T14:34:08.356971500]
2021-03-12 14:34:08.358 TRACE 43004 --- [    Test worker] o.h.type.descriptor.sql.BasicBinder      : binding parameter [2] as [TIMESTAMP] - [2021-03-12T14:34:08.356971500]
2021-03-12 14:34:08.358 TRACE 43004 --- [    Test worker] o.h.type.descriptor.sql.BasicBinder      : binding parameter [3] as [BOOLEAN] - [false]
2021-03-12 14:34:08.359 TRACE 43004 --- [    Test worker] o.h.type.descriptor.sql.BasicBinder      : binding parameter [4] as [BOOLEAN] - [true]
2021-03-12 14:34:08.359 TRACE 43004 --- [    Test worker] o.h.type.descriptor.sql.BasicBinder      : binding parameter [5] as [INTEGER] - [1]
2021-03-12 14:34:08.359 TRACE 43004 --- [    Test worker] o.h.type.descriptor.sql.BasicBinder      : binding parameter [6] as [BIGINT] - [10]
2021-03-12 14:34:08.360 TRACE 43004 --- [    Test worker] o.h.type.descriptor.sql.BasicBinder      : binding parameter [7] as [BOOLEAN] - [true]
2021-03-12 14:34:08.360 TRACE 43004 --- [    Test worker] o.h.type.descriptor.sql.BasicBinder      : binding parameter [8] as [VARCHAR] - [1단계]
2021-03-12 14:34:08.404 DEBUG 43004 --- [    Test worker] org.hibernate.SQL                        : 
    insert 
    into
        node
        (moddate, regdate, complete, node_type, parent_id, read, short_description, stage_id, text, title, url) 
    values
        (?, ?, ?, ?, ?, ?, ?, ?, ?, ?, ?)
2021-03-12 14:34:08.405 TRACE 43004 --- [    Test worker] o.h.type.descriptor.sql.BasicBinder      : binding parameter [1] as [TIMESTAMP] - [2021-03-12T14:34:08.404949500]
2021-03-12 14:34:08.405 TRACE 43004 --- [    Test worker] o.h.type.descriptor.sql.BasicBinder      : binding parameter [2] as [TIMESTAMP] - [2021-03-12T14:34:08.404949500]
2021-03-12 14:34:08.405 TRACE 43004 --- [    Test worker] o.h.type.descriptor.sql.BasicBinder      : binding parameter [3] as [BOOLEAN] - [false]
2021-03-12 14:34:08.405 TRACE 43004 --- [    Test worker] o.h.type.descriptor.sql.BasicBinder      : binding parameter [4] as [VARCHAR] - [post]
2021-03-12 14:34:08.405 TRACE 43004 --- [    Test worker] o.h.type.descriptor.sql.BasicBinder      : binding parameter [5] as [BIGINT] - [null]
2021-03-12 14:34:08.405 TRACE 43004 --- [    Test worker] o.h.type.descriptor.sql.BasicBinder      : binding parameter [6] as [BOOLEAN] - [false]
2021-03-12 14:34:08.405 TRACE 43004 --- [    Test worker] o.h.type.descriptor.sql.BasicBinder      : binding parameter [7] as [VARCHAR] - [null]
2021-03-12 14:34:08.405 TRACE 43004 --- [    Test worker] o.h.type.descriptor.sql.BasicBinder      : binding parameter [8] as [BIGINT] - [29]
2021-03-12 14:34:08.405 TRACE 43004 --- [    Test worker] o.h.type.descriptor.sql.BasicBinder      : binding parameter [9] as [VARCHAR] - [null]
2021-03-12 14:34:08.405 TRACE 43004 --- [    Test worker] o.h.type.descriptor.sql.BasicBinder      : binding parameter [10] as [VARCHAR] - [노드 제목]
2021-03-12 14:34:08.405 TRACE 43004 --- [    Test worker] o.h.type.descriptor.sql.BasicBinder      : binding parameter [11] as [VARCHAR] - [null]
2021-03-12 14:34:08.465 DEBUG 43004 --- [    Test worker] org.hibernate.SQL                        : 
    select
        member0_.id as id1_3_,
        member0_.moddate as moddate2_3_,
        member0_.regdate as regdate3_3_,
        member0_.bio as bio4_3_,
        member0_.email as email5_3_,
        member0_.email_check_token as email_ch6_3_,
        member0_.email_check_token_generated_at as email_ch7_3_,
        member0_.email_verified as email_ve8_3_,
        member0_.from_social as from_soc9_3_,
        member0_.joined_at as joined_10_3_,
        member0_.loc_id as loc_id22_3_,
        member0_.nickname as nicknam11_3_,
        member0_.occupation as occupat12_3_,
        member0_.password as passwor13_3_,
        member0_.profile_image as profile14_3_,
        member0_.roadmap_created_by_email as roadmap15_3_,
        member0_.roadmap_created_by_web as roadmap16_3_,
        member0_.roadmap_enrollment_result_by_email as roadmap17_3_,
        member0_.roadmap_enrollment_result_by_web as roadmap18_3_,
        member0_.roadmap_updated_by_email as roadmap19_3_,
        member0_.roadmap_updated_by_web as roadmap20_3_,
        member0_.url as url21_3_ 
    from
        member member0_ 
    where
        member0_.nickname=?
2021-03-12 14:34:08.465 TRACE 43004 --- [    Test worker] o.h.type.descriptor.sql.BasicBinder      : binding parameter [1] as [VARCHAR] - [epepep]
2021-03-12 14:34:08.509 DEBUG 43004 --- [    Test worker] org.hibernate.SQL                        : 
    insert 
    into
        post
        (content, description, node_id, title, writer_id) 
    values
        (?, ?, ?, ?, ?)
2021-03-12 14:34:08.509 TRACE 43004 --- [    Test worker] o.h.type.descriptor.sql.BasicBinder      : binding parameter [1] as [CLOB] - [null]
2021-03-12 14:34:08.509 TRACE 43004 --- [    Test worker] o.h.type.descriptor.sql.BasicBinder      : binding parameter [2] as [VARCHAR] - [null]
2021-03-12 14:34:08.509 TRACE 43004 --- [    Test worker] o.h.type.descriptor.sql.BasicBinder      : binding parameter [3] as [BIGINT] - [14]
2021-03-12 14:34:08.509 TRACE 43004 --- [    Test worker] o.h.type.descriptor.sql.BasicBinder      : binding parameter [4] as [VARCHAR] - [null]
2021-03-12 14:34:08.510 TRACE 43004 --- [    Test worker] o.h.type.descriptor.sql.BasicBinder      : binding parameter [5] as [BIGINT] - [null]
2021-03-12 14:34:08.560 DEBUG 43004 --- [    Test worker] org.hibernate.SQL                        : 
    select
        member0_.id as id1_3_,
        member0_.moddate as moddate2_3_,
        member0_.regdate as regdate3_3_,
        member0_.bio as bio4_3_,
        member0_.email as email5_3_,
        member0_.email_check_token as email_ch6_3_,
        member0_.email_check_token_generated_at as email_ch7_3_,
        member0_.email_verified as email_ve8_3_,
        member0_.from_social as from_soc9_3_,
        member0_.joined_at as joined_10_3_,
        member0_.loc_id as loc_id22_3_,
        member0_.nickname as nicknam11_3_,
        member0_.occupation as occupat12_3_,
        member0_.password as passwor13_3_,
        member0_.profile_image as profile14_3_,
        member0_.roadmap_created_by_email as roadmap15_3_,
        member0_.roadmap_created_by_web as roadmap16_3_,
        member0_.roadmap_enrollment_result_by_email as roadmap17_3_,
        member0_.roadmap_enrollment_result_by_web as roadmap18_3_,
        member0_.roadmap_updated_by_email as roadmap19_3_,
        member0_.roadmap_updated_by_web as roadmap20_3_,
        member0_.url as url21_3_ 
    from
        member member0_ 
    where
        member0_.nickname=?
2021-03-12 14:34:08.560 TRACE 43004 --- [    Test worker] o.h.type.descriptor.sql.BasicBinder      : binding parameter [1] as [VARCHAR] - [epepep]
2021-03-12 14:34:08.610  INFO 43004 --- [    Test worker] com.roadmap.post.PostControllerTest      : node : Node(id=14, childs=[], nodeType=post, title=노드 제목, shortDescription=null, url=null, complete=false, read=false, text=null)
2021-03-12 14:34:08.611 DEBUG 43004 --- [    Test worker] org.hibernate.SQL                        : 
    update
        post 
    set
        content=?,
        description=?,
        node_id=?,
        title=?,
        writer_id=? 
    where
        id=?
2021-03-12 14:34:08.611 TRACE 43004 --- [    Test worker] o.h.type.descriptor.sql.BasicBinder      : binding parameter [1] as [CLOB] - [포스트 내용]
2021-03-12 14:34:08.795 TRACE 43004 --- [    Test worker] o.h.type.descriptor.sql.BasicBinder      : binding parameter [2] as [VARCHAR] - [포스트 설명]
2021-03-12 14:34:08.795 TRACE 43004 --- [    Test worker] o.h.type.descriptor.sql.BasicBinder      : binding parameter [3] as [BIGINT] - [14]
2021-03-12 14:34:08.795 TRACE 43004 --- [    Test worker] o.h.type.descriptor.sql.BasicBinder      : binding parameter [4] as [VARCHAR] - [포스트 제목]
2021-03-12 14:34:08.795 TRACE 43004 --- [    Test worker] o.h.type.descriptor.sql.BasicBinder      : binding parameter [5] as [BIGINT] - [22]
2021-03-12 14:34:08.795 TRACE 43004 --- [    Test worker] o.h.type.descriptor.sql.BasicBinder      : binding parameter [6] as [BIGINT] - [8]
2021-03-12 14:34:08.844 DEBUG 43004 --- [    Test worker] org.hibernate.SQL                        : 
    insert 
    into
        member_posts
        (member_id, posts_id) 
    values
        (?, ?)
2021-03-12 14:34:08.844 TRACE 43004 --- [    Test worker] o.h.type.descriptor.sql.BasicBinder      : binding parameter [1] as [BIGINT] - [22]
2021-03-12 14:34:08.844 TRACE 43004 --- [    Test worker] o.h.type.descriptor.sql.BasicBinder      : binding parameter [2] as [BIGINT] - [8]
2021-03-12 14:34:08.913 DEBUG 43004 --- [    Test worker] org.hibernate.SQL                        : 
    insert 
    into
        roadmap_members
        (roadmaps_id, members_id) 
    values
        (?, ?)
2021-03-12 14:34:08.913 TRACE 43004 --- [    Test worker] o.h.type.descriptor.sql.BasicBinder      : binding parameter [1] as [BIGINT] - [10]
2021-03-12 14:34:08.913 TRACE 43004 --- [    Test worker] o.h.type.descriptor.sql.BasicBinder      : binding parameter [2] as [BIGINT] - [22]
2021-03-12 14:34:08.978 DEBUG 43004 --- [    Test worker] org.hibernate.SQL                        : 
    insert 
    into
        roadmap_stage_list
        (roadmap_id, stage_list_id) 
    values
        (?, ?)
2021-03-12 14:34:08.978 TRACE 43004 --- [    Test worker] o.h.type.descriptor.sql.BasicBinder      : binding parameter [1] as [BIGINT] - [10]
2021-03-12 14:34:08.978 TRACE 43004 --- [    Test worker] o.h.type.descriptor.sql.BasicBinder      : binding parameter [2] as [BIGINT] - [29]
2021-03-12 14:34:09.029 DEBUG 43004 --- [    Test worker] org.hibernate.SQL                        : 
    select
        post0_.id as id1_11_,
        post0_.content as content2_11_,
        post0_.description as descript3_11_,
        post0_.node_id as node_id5_11_,
        post0_.title as title4_11_,
        post0_.writer_id as writer_i6_11_ 
    from
        post post0_ 
    left outer join
        node node1_ 
            on post0_.node_id=node1_.id 
    where
        node1_.id=?
2021-03-12 14:34:09.029 TRACE 43004 --- [    Test worker] o.h.type.descriptor.sql.BasicBinder      : binding parameter [1] as [BIGINT] - [14]
2021-03-12 14:34:09.075  INFO 43004 --- [    Test worker] com.roadmap.post.PostControllerTest      : post : 8
2021-03-12 14:34:09.075  INFO 43004 --- [    Test worker] com.roadmap.filter.ApiCheckFilter        : REQUESTURI : /post/8
2021-03-12 14:34:09.075  INFO 43004 --- [    Test worker] com.roadmap.filter.ApiCheckFilter        : false
2021-03-12 14:34:09.114  INFO 43004 --- [    Test worker] com.roadmap.post.PostControllerTest      : model : {member=Member(id=22, bio=null, email=epepep@email.com, nickname=epepep, password={bcrypt}$2a$10$ytwY42N8ZaNoWSsEBcgD5elgJ4ILv7DgJM5zJ1nmhFU.uel9oWs7q, emailCheckToken=90fdbe17-53e9-4644-b2f4-87626d2c158f, emailCheckTokenGeneratedAt=2021-03-12T14:34:07.469000700, emailVerified=false, joinedAt=2021-03-12T14:34:07.469000700, occupation=null, url=null, roadmapCreatedByEmail=false, roadmapCreatedByWeb=true, roadmapEnrollmentResultByEmail=false, roadmapEnrollmentResultByWeb=true, roadmapUpdatedByEmail=false, roadmapUpdatedByWeb=true, fromSocial=false, posts=[com.roadmap.model.Post@43]), post=com.roadmap.model.Post@43, org.springframework.validation.BindingResult.member=org.springframework.validation.BeanPropertyBindingResult: 0 errors, org.springframework.validation.BindingResult.post=org.springframework.validation.BeanPropertyBindingResult: 0 errors}
2021-03-12 14:34:09.211  INFO 43004 --- [    Test worker] o.s.t.c.transaction.TransactionContext   : Rolled back transaction for test: [DefaultTestContext@6f5b8abc testClass = PostControllerTest, testInstance = com.roadmap.post.PostControllerTest@11e184c6, testMethod = newPostView@PostControllerTest, testException = [null], mergedContextConfiguration = [WebMergedContextConfiguration@34a0ce9d testClass = PostControllerTest, locations = '{}', classes = '{class com.roadmap.CoreApplication}', contextInitializerClasses = '[]', activeProfiles = '{}', propertySourceLocations = '{}', propertySourceProperties = '{org.springframework.boot.test.context.SpringBootTestContextBootstrapper=true}', contextCustomizers = set[org.springframework.boot.test.autoconfigure.properties.PropertyMappingContextCustomizer@4b3fa0b3, org.springframework.boot.test.autoconfigure.web.servlet.WebDriverContextCustomizerFactory$Customizer@36f3985, [ImportsContextCustomizer@611f150d key = [org.springframework.boot.test.autoconfigure.web.servlet.MockMvcAutoConfiguration, org.springframework.boot.test.autoconfigure.web.servlet.MockMvcWebClientAutoConfiguration, org.springframework.boot.test.autoconfigure.web.servlet.MockMvcWebDriverAutoConfiguration, org.springframework.boot.autoconfigure.security.oauth2.client.servlet.OAuth2ClientAutoConfiguration, org.springframework.boot.autoconfigure.security.oauth2.resource.servlet.OAuth2ResourceServerAutoConfiguration, org.springframework.boot.autoconfigure.security.servlet.SecurityAutoConfiguration, org.springframework.boot.autoconfigure.security.servlet.SecurityFilterAutoConfiguration, org.springframework.boot.autoconfigure.security.servlet.UserDetailsServiceAutoConfiguration, org.springframework.boot.test.autoconfigure.web.servlet.MockMvcSecurityConfiguration]], org.springframework.boot.test.context.filter.ExcludeFilterContextCustomizer@465bc06d, org.springframework.boot.test.json.DuplicateJsonObjectContextCustomizerFactory$DuplicateJsonObjectContextCustomizer@7bb6418b, org.springframework.boot.test.mock.mockito.MockitoContextCustomizer@0, org.springframework.boot.test.web.client.TestRestTemplateContextCustomizer@23d4aa12, org.springframework.boot.test.context.SpringBootTestArgs@1, org.springframework.boot.test.context.SpringBootTestWebEnvironment@3db94553], resourceBasePath = 'src/main/webapp', contextLoader = 'org.springframework.boot.test.context.SpringBootContextLoader', parent = [null]], attributes = map['org.springframework.test.context.web.ServletTestExecutionListener.activateListener' -> true, 'org.springframework.test.context.web.ServletTestExecutionListener.populatedRequestContextHolder' -> true, 'org.springframework.test.context.web.ServletTestExecutionListener.resetRequestContextHolder' -> true]]
]]></system-out>
  <system-err><![CDATA[]]></system-err>
</testsuite>
